  **** HLS Build v2024.2 5238294
INFO: [HLS 200-2005] Using work_dir C:/HLS-multirate-DSP/HLS_FIR/Folded_FIR_HLS/Folded_FIR_HLS 
INFO: [HLS 200-1505] Using default flow_target 'vivado'
Resolution: For help on HLS 200-1505 see docs.xilinx.com/access/sources/dita/topic?Doc_Version=2024.2%20English&url=ug1448-hls-guidance&resourceid=200-1505.html
INFO: [HLS 200-1465] Applying ini 'syn.file=FIR_HLS.cpp' from C:/HLS-multirate-DSP/HLS_FIR/Folded_FIR_HLS/hls_config.cfg(7)
INFO: [HLS 200-10] Adding design file 'C:/HLS-multirate-DSP/HLS_FIR/Folded_FIR_HLS/FIR_HLS.cpp' to the project
INFO: [HLS 200-1465] Applying ini 'syn.file=FIR_HLS.h' from C:/HLS-multirate-DSP/HLS_FIR/Folded_FIR_HLS/hls_config.cfg(8)
INFO: [HLS 200-10] Adding design file 'C:/HLS-multirate-DSP/HLS_FIR/Folded_FIR_HLS/FIR_HLS.h' to the project
INFO: [HLS 200-1465] Applying ini 'syn.file=../../Matlab/FIR_normal_HLS.h' from C:/HLS-multirate-DSP/HLS_FIR/Folded_FIR_HLS/hls_config.cfg(9)
INFO: [HLS 200-10] Adding design file 'C:/HLS-multirate-DSP/Matlab/FIR_normal_HLS.h' to the project
INFO: [HLS 200-1465] Applying ini 'tb.file=FIR_HLS_TB.cpp' from C:/HLS-multirate-DSP/HLS_FIR/Folded_FIR_HLS/hls_config.cfg(10)
INFO: [HLS 200-10] Adding test bench file 'C:/HLS-multirate-DSP/HLS_FIR/Folded_FIR_HLS/FIR_HLS_TB.cpp' to the project
INFO: [HLS 200-1465] Applying ini 'tb.file=../../Matlab/TS_HLS_normal.dat' from C:/HLS-multirate-DSP/HLS_FIR/Folded_FIR_HLS/hls_config.cfg(11)
INFO: [HLS 200-10] Adding test bench file 'C:/HLS-multirate-DSP/Matlab/TS_HLS_normal.dat' to the project
INFO: [HLS 200-1465] Applying ini 'tb.file=../../Matlab/TS_HLS_normal.res' from C:/HLS-multirate-DSP/HLS_FIR/Folded_FIR_HLS/hls_config.cfg(12)
INFO: [HLS 200-10] Adding test bench file 'C:/HLS-multirate-DSP/Matlab/TS_HLS_normal.res' to the project
INFO: [HLS 200-1465] Applying ini 'syn.top=FIR_HLS' from C:/HLS-multirate-DSP/HLS_FIR/Folded_FIR_HLS/hls_config.cfg(13)
INFO: [HLS 200-1465] Applying ini 'flow_target=vivado' from C:/HLS-multirate-DSP/HLS_FIR/Folded_FIR_HLS/hls_config.cfg(4)
INFO: [HLS 200-1505] Using flow_target 'vivado'
Resolution: For help on HLS 200-1505 see docs.xilinx.com/access/sources/dita/topic?Doc_Version=2024.2%20English&url=ug1448-hls-guidance&resourceid=200-1505.html
INFO: [HLS 200-1465] Applying ini 'part=xck26-sfvc784-2LV-c' from C:/HLS-multirate-DSP/HLS_FIR/Folded_FIR_HLS/hls_config.cfg(1)
INFO: [HLS 200-1611] Setting target device to 'xck26-sfvc784-2LV-c'
INFO: [HLS 200-1465] Applying ini 'package.output.format=ip_catalog' from C:/HLS-multirate-DSP/HLS_FIR/Folded_FIR_HLS/hls_config.cfg(5)
INFO: [SIM 211-2] *************** CSIM start ***************
INFO: [SIM 211-4] CSIM will launch CLANG as the compiler.
INFO: [HLS 200-2036] Building debug C Simulation binaries
make: 'csim.exe' is up to date.
INFO: Reading ../../../../../../Matlab/TS_HLS_normal.dat
INFO: Read 460 samples from ../../../../../../Matlab/TS_HLS_normal.dat
INFO: Reading ../../../../../../Matlab/TS_HLS_normal.res
INFO: Read 460 samples from ../../../../../../Matlab/TS_HLS_normal.res
INFO: Input and reference data lengths match.
Mismatch at sample  200: ref=0.494934, dut=-0.219727
Mismatch at sample  201: ref=0.598419, dut=-0.4328
Mismatch at sample  202: ref=0.698212, dut=-0.424438
Mismatch at sample  203: ref=0.789948, dut=-0.380188
Mismatch at sample  204: ref=0.869781, dut=-0.30899
Mismatch at sample  205: ref=0.934509, dut=-0.244293
Mismatch at sample  206: ref=0.981781, dut=-0.197052
Mismatch at sample  207: ref=-0.989838, dut=-0.168671
Mismatch at sample  208: ref=-0.980865, dut=-0.159698
Mismatch at sample  209: ref=-0.990906, dut=-0.169769
Mismatch at sample  210: ref=0.980988, dut=-0.197906
Mismatch at sample  211: ref=0.93631, dut=-0.242584
Mismatch at sample  212: ref=0.876892, dut=-0.302032
Mismatch at sample  213: ref=0.804565, dut=-0.365753
Mismatch at sample  214: ref=0.721191, dut=-0.401642
Mismatch at sample  215: ref=0.628448, dut=-0.402954
Mismatch at sample  216: ref=0.527832, dut=-0.187042
Mismatch at sample  225: ref=-0.525391, dut=0.260284
Mismatch at sample  226: ref=-0.630432, dut=0.455872
Mismatch at sample  227: ref=-0.725769, dut=0.423889
Mismatch at sample  228: ref=-0.809418, dut=0.351959
Mismatch at sample  229: ref=-0.879639, dut=0.253571
Mismatch at sample  230: ref=-0.934998, dut=0.198242
Mismatch at sample  231: ref=-0.974518, dut=0.158722
Mismatch at sample  232: ref=-0.99762, dut=0.135651
Mismatch at sample  233: ref=0.99585, dut=0.12912
Mismatch at sample  234: ref=-0.994354, dut=0.138947
Mismatch at sample  235: ref=-0.968781, dut=0.164551
Mismatch at sample  236: ref=-0.928192, dut=0.205139
Mismatch at sample  237: ref=-0.873566, dut=0.259766
Mismatch at sample  238: ref=-0.806, dut=0.35553
Mismatch at sample  239: ref=-0.726624, dut=0.423218
Mismatch at sample  240: ref=-0.636597, dut=0.44989
Mismatch at sample  241: ref=-0.53714, dut=0.248749
Mismatch at sample  250: ref=0.531525, dut=-0.308502
Mismatch at sample  251: ref=0.635223, dut=-0.502319
Mismatch at sample  252: ref=0.728638, dut=-0.457428
Mismatch at sample  253: ref=0.810028, dut=-0.366577
Mismatch at sample  254: ref=0.878021, dut=-0.246399
Mismatch at sample  255: ref=0.93158, dut=-0.192871
Mismatch at sample  256: ref=0.96994, dut=-0.154541
Mismatch at sample  257: ref=0.992645, dut=-0.131866
Mismatch at sample  258: ref=0.999573, dut=-0.124939
Mismatch at sample  259: ref=0.990845, dut=-0.133667
Mismatch at sample  260: ref=0.966827, dut=-0.157715
Mismatch at sample  261: ref=0.928009, dut=-0.196564
Mismatch at sample  262: ref=0.875092, dut=-0.249481
Mismatch at sample  263: ref=0.808868, dut=-0.367889
Mismatch at sample  264: ref=0.730316, dut=-0.455933
Mismatch at sample  265: ref=0.640503, dut=-0.497284
Mismatch at sample  266: ref=0.540619, dut=-0.299622
Mismatch at sample  275: ref=-0.533478, dut=0.335419
Mismatch at sample  276: ref=-0.636078, dut=0.530304
Mismatch at sample  277: ref=-0.728271, dut=0.479675
Mismatch at sample  278: ref=-0.808594, dut=0.379608
Mismatch at sample  279: ref=-0.875793, dut=0.248108
Mismatch at sample  280: ref=-0.928925, dut=0.194977
Mismatch at sample  281: ref=-0.967316, dut=0.156616
Mismatch at sample  282: ref=-0.990448, dut=0.133484
Mismatch at sample  283: ref=-0.998169, dut=0.125793
Mismatch at sample  284: ref=-0.990417, dut=0.133545
Mismatch at sample  285: ref=-0.967407, dut=0.156586
Mismatch at sample  286: ref=-0.929474, dut=0.194519
Mismatch at sample  287: ref=-0.877167, dut=0.246826
Mismatch at sample  288: ref=-0.811218, dut=0.377106
Mismatch at sample  289: ref=-0.732574, dut=0.475525
Mismatch at sample  290: ref=-0.642303, dut=0.524231
Mismatch at sample  291: ref=-0.541718, dut=0.327332
Mismatch at sample  300: ref=0.533447, dut=-0.342773
Mismatch at sample  301: ref=0.635315, dut=-0.539063
Mismatch at sample  302: ref=0.726929, dut=-0.487793
Mismatch at sample  303: ref=0.806885, dut=-0.385956
Mismatch at sample  304: ref=0.874023, dut=-0.251648
Mismatch at sample  305: ref=0.927368, dut=-0.198303
Mismatch at sample  306: ref=0.966156, dut=-0.159515
Mismatch at sample  307: ref=0.989929, dut=-0.135773
Mismatch at sample  308: ref=0.998291, dut=-0.127411
Mismatch at sample  309: ref=0.99115, dut=-0.134583
Mismatch at sample  310: ref=0.968597, dut=-0.157135
Mismatch at sample  311: ref=0.930908, dut=-0.194824
Mismatch at sample  312: ref=0.878632, dut=-0.247101
Mismatch at sample  313: ref=0.812469, dut=-0.380493
Mismatch at sample  314: ref=0.733398, dut=-0.481476
Mismatch at sample  315: ref=0.642578, dut=-0.531952
Mismatch at sample  316: ref=0.541412, dut=-0.334961
Mismatch at sample  325: ref=-0.532684, dut=0.338165
Mismatch at sample  326: ref=-0.634277, dut=0.535767
Mismatch at sample  327: ref=-0.7258, dut=0.486572
Mismatch at sample  328: ref=-0.805817, dut=0.387085
Mismatch at sample  329: ref=-0.87323, dut=0.255066
Mismatch at sample  330: ref=-0.926941, dut=0.201385
Mismatch at sample  331: ref=-0.966187, dut=0.16214
Mismatch at sample  332: ref=-0.990387, dut=0.13797
Mismatch at sample  333: ref=-0.999084, dut=0.129272
Mismatch at sample  334: ref=-0.992157, dut=0.1362
Mismatch at sample  335: ref=-0.969666, dut=0.158722
Mismatch at sample  336: ref=-0.931854, dut=0.196533
Mismatch at sample  337: ref=-0.879333, dut=0.249084
Mismatch at sample  338: ref=-0.812805, dut=0.380249
Mismatch at sample  339: ref=-0.733307, dut=0.479218
Mismatch at sample  340: ref=-0.64212, dut=0.528107
Mismatch at sample  341: ref=-0.54068, dut=0.330353
Mismatch at sample  350: ref=0.53183, dut=-0.330597
Mismatch at sample  351: ref=0.633484, dut=-0.528717
Mismatch at sample  352: ref=0.725128, dut=-0.481689
Mismatch at sample  353: ref=0.80542, dut=-0.385193
Mismatch at sample  354: ref=0.873108, dut=-0.2565
Mismatch at sample  355: ref=0.927155, dut=-0.202484
Mismatch at sample  356: ref=0.966644, dut=-0.162994
Mismatch at sample  357: ref=0.990997, dut=-0.138672
Mismatch at sample  358: ref=0.999786, dut=-0.129913
Mismatch at sample  359: ref=0.992798, dut=-0.136932
Mismatch at sample  360: ref=0.970123, dut=-0.159607
Mismatch at sample  361: ref=0.932098, dut=-0.197632
Mismatch at sample  362: ref=0.879272, dut=-0.250458
Mismatch at sample  363: ref=0.8125, dut=-0.378296
Mismatch at sample  364: ref=0.732819, dut=-0.474213
Mismatch at sample  365: ref=0.64151, dut=-0.520905
Mismatch at sample  366: ref=0.54007, dut=-0.322601
Mismatch at sample  375: ref=-0.531281, dut=0.324829
Mismatch at sample  376: ref=-0.633057, dut=0.522736
Mismatch at sample  377: ref=-0.724884, dut=0.476959
Mismatch at sample  378: ref=-0.805328, dut=0.382294
Mismatch at sample  379: ref=-0.873108, dut=0.255737
Mismatch at sample  380: ref=-0.927185, dut=0.201691
Mismatch at sample  381: ref=-0.966644, dut=0.162262
Mismatch at sample  382: ref=-0.990845, dut=0.138062
Mismatch at sample  383: ref=-0.99939, dut=0.129547
Mismatch at sample  384: ref=-0.992065, dut=0.136871
Mismatch at sample  385: ref=-0.969025, dut=0.159943
Mismatch at sample  386: ref=-0.930542, dut=0.198425
Mismatch at sample  387: ref=-0.877258, dut=0.251709
Mismatch at sample  388: ref=-0.809967, dut=0.377777
Mismatch at sample  389: ref=-0.729767, dut=0.472198
Mismatch at sample  390: ref=-0.637878, dut=0.518036
Mismatch at sample  391: ref=-0.535767, dut=0.320526
Mismatch at sample  400: ref=0.535736, dut=-0.320587
Mismatch at sample  401: ref=0.637329, dut=-0.510162
Mismatch at sample  402: ref=0.728851, dut=-0.467468
Mismatch at sample  403: ref=0.808899, dut=-0.375763
Mismatch at sample  404: ref=0.87619, dut=-0.252167
Mismatch at sample  405: ref=0.929657, dut=-0.1987
Mismatch at sample  406: ref=0.968445, dut=-0.159912
Mismatch at sample  407: ref=0.991974, dut=-0.136383
Mismatch at sample  408: ref=0.999878, dut=-0.12851
Mismatch at sample  409: ref=0.991974, dut=-0.136383
Mismatch at sample  410: ref=0.968445, dut=-0.159912
Mismatch at sample  411: ref=0.929657, dut=-0.1987
Mismatch at sample  412: ref=0.87619, dut=-0.252167
Mismatch at sample  413: ref=0.808899, dut=-0.375763
Mismatch at sample  414: ref=0.728851, dut=-0.467468
Mismatch at sample  415: ref=0.637329, dut=-0.510162
Mismatch at sample  416: ref=0.535736, dut=-0.320587
Mismatch at sample  425: ref=-0.535767, dut=0.320526
Mismatch at sample  426: ref=-0.63736, dut=0.510101
Mismatch at sample  427: ref=-0.728882, dut=0.467407
Mismatch at sample  428: ref=-0.808929, dut=0.375702
Mismatch at sample  429: ref=-0.876221, dut=0.252106
Mismatch at sample  430: ref=-0.929688, dut=0.198639
Mismatch at sample  431: ref=-0.968475, dut=0.159851
Mismatch at sample  432: ref=-0.992004, dut=0.136322
Mismatch at sample  433: ref=-0.999908, dut=0.128448
Mismatch at sample  434: ref=-0.992004, dut=0.136322
Mismatch at sample  435: ref=-0.968475, dut=0.159851
Mismatch at sample  436: ref=-0.929688, dut=0.198639
Mismatch at sample  437: ref=-0.876221, dut=0.252106
Mismatch at sample  438: ref=-0.808929, dut=0.375702
Mismatch at sample  439: ref=-0.728882, dut=0.467407
Mismatch at sample  440: ref=-0.63736, dut=0.510101
Mismatch at sample  441: ref=-0.535767, dut=0.320526
Mismatch at sample  450: ref=0.535736, dut=-0.320587
Mismatch at sample  451: ref=0.637329, dut=-0.510162
Mismatch at sample  452: ref=0.728851, dut=-0.467468
Mismatch at sample  453: ref=0.808899, dut=-0.375763
Mismatch at sample  454: ref=0.87619, dut=-0.252167
Mismatch at sample  455: ref=0.929657, dut=-0.1987
Mismatch at sample  456: ref=0.968445, dut=-0.159912
Mismatch at sample  457: ref=0.991974, dut=-0.136383
Mismatch at sample  458: ref=0.999878, dut=-0.12851
Mismatch at sample  459: ref=0.991974, dut=-0.136383
---------------------------------------
Testbench Results
Samples processed : 460
Mismatches        : 180
Status: FAIL [!!] (180 samples out of tolerance)
---------------------------------------
INFO [HLS SIM]: The maximum depth reached by any hls::stream() instance in the design is 460
INFO: [SIM 211-1] CSim done with 0 errors.
INFO: [SIM 211-3] *************** CSIM finish ***************
INFO: [HLS 200-112] Total CPU user time: 4 seconds. Total CPU system time: 2 seconds. Total elapsed time: 14.01 seconds; peak allocated memory: 273.773 MB.
INFO: [vitis-run 60-791] Total elapsed time: 0h 0m 20s
