Copyright 1986-2022 Xilinx, Inc. All Rights Reserved. Copyright 2022-2024 Advanced Micro Devices, Inc. All Rights Reserved.
---------------------------------------------------------------------------------------------------------------------------------------------
| Tool Version : Vivado v.2024.2 (win64) Build 5239630 Fri Nov 08 22:35:27 MST 2024
| Date         : Wed Nov 12 18:18:47 2025
| Host         : DESKTOP-92OKADH running 64-bit major release  (build 9200)
| Command      : report_design_analysis -file ./report/FIR_HLS_design_analysis_routed.rpt
| Design       : bd_0_wrapper
| Device       : xck26
| Design State : Routed
---------------------------------------------------------------------------------------------------------------------------------------------

Report Design Analysis

Table of Contents
-----------------
1. Setup Path Characteristics 1-1
2. Logic Level Distribution
3. Placer Final Level Congestion Reporting
4. Router Initial Congestion
5. SLR Net Crossing Reporting

1. Setup Path Characteristics 1-1
---------------------------------

+---------------------------+------------------------------------------------------------------------------------------------------------------------------+
|      Characteristics      |                                                            Path #1                                                           |
+---------------------------+------------------------------------------------------------------------------------------------------------------------------+
| Requirement               | 10.000                                                                                                                       |
| Path Delay                | 5.007                                                                                                                        |
| Logic Delay               | 3.841(77%)                                                                                                                   |
| Net Delay                 | 1.166(23%)                                                                                                                   |
| Clock Skew                | -0.076                                                                                                                       |
| Slack                     | 4.925                                                                                                                        |
| Clock Uncertainty         | 0.035                                                                                                                        |
| Clock Relationship        | Timed                                                                                                                        |
| Clock Delay Group         | Same Clock                                                                                                                   |
| Logic Levels              | 8                                                                                                                            |
| Routes                    | 2                                                                                                                            |
| Logical Path              | RAMB18E2/CLKARDCLK-(15)-DSP_A_B_DATA-(1)-DSP_PREADD_DATA-DSP_MULTIPLIER-DSP_M_DATA-DSP_ALU-DSP_OUTPUT-LUT2-(1)-CARRY8-FDRE/D |
| Start Point Clock         | ap_clk                                                                                                                       |
| End Point Clock           | ap_clk                                                                                                                       |
| DSP Block                 | Comb                                                                                                                         |
| RAM Registers             | DO_REG(0)-None                                                                                                               |
| IO Crossings              | 0                                                                                                                            |
| SLR Crossings             | 0                                                                                                                            |
| PBlocks                   | 0                                                                                                                            |
| High Fanout               | 15                                                                                                                           |
| Dont Touch                | 0                                                                                                                            |
| Mark Debug                | 0                                                                                                                            |
| Start Point Pin Primitive | RAMB18E2/CLKARDCLK                                                                                                           |
| End Point Pin Primitive   | FDRE/D                                                                                                                       |
| Start Point Pin           | ram_reg_bram_0/CLKARDCLK                                                                                                     |
| End Point Pin             | FIR_accu32_fu_40_reg[31]/D                                                                                                   |
+---------------------------+------------------------------------------------------------------------------------------------------------------------------+
* Bounding box calculated as % of dimensions for the target device (2818, 498)


2. Logic Level Distribution
---------------------------

+-----------------+-------------+----+-----+----+----+----+----+----+
| End Point Clock | Requirement |  0 |  1  |  2 |  3 |  4 |  8 |  9 |
+-----------------+-------------+----+-----+----+----+----+----+----+
| ap_clk          | 10.000ns    | 55 | 183 | 18 | 24 | 26 | 12 | 19 |
+-----------------+-------------+----+-----+----+----+----+----+----+
* Columns represent the logic levels per end point clock
** Distribution is for top worst 337 paths


3. Placer Final Level Congestion Reporting
------------------------------------------

+-----------+------+-------+--------+---------------+---------------+-----+--------+------+------+------+------+-----+-------+-----+------------+
| Direction | Type | Level | Window | Combined LUTs | Avg LUT Input | LUT | LUTRAM | Flop | MUXF | RAMB | URAM | DSP | CARRY | SRL | Cell Names |
+-----------+------+-------+--------+---------------+---------------+-----+--------+------+------+------+------+-----+-------+-----+------------+
* No congestion windows are found above level 5


4. Router Initial Congestion
----------------------------

+-----------+------+-------+--------+---------------+---------------+-----+--------+------+------+------+------+-----+-------+-----+------------+-------------+
| Direction | Type | Level | Window | Combined LUTs | Avg LUT Input | LUT | LUTRAM | Flop | MUXF | RAMB | URAM | DSP | CARRY | SRL | Cell Names | Sub Windows |
+-----------+------+-------+--------+---------------+---------------+-----+--------+------+------+------+------+-----+-------+-----+------------+-------------+
* No effective congestion windows are found above level 5


5. SLR Net Crossing Reporting
-----------------------------

+------------+-----------------------------+
| Cell Names | Number of Nets crossing SLR |
+------------+-----------------------------+
* The current part is not an SSI device


