Copyright 1986-2022 Xilinx, Inc. All Rights Reserved. Copyright 2022-2024 Advanced Micro Devices, Inc. All Rights Reserved.
---------------------------------------------------------------------------------------------------------------------------------------------
| Tool Version : Vivado v.2024.2 (win64) Build 5239630 Fri Nov 08 22:35:27 MST 2024
| Date         : Tue Nov 11 00:49:37 2025
| Host         : DESKTOP-92OKADH running 64-bit major release  (build 9200)
| Command      : report_control_sets -verbose -file bd_0_wrapper_control_sets_placed.rpt
| Design       : bd_0_wrapper
| Device       : xck26
---------------------------------------------------------------------------------------------------------------------------------------------

Control Set Information

Table of Contents
-----------------
1. Summary
2. Histogram
3. Flip-Flop Distribution
4. Detailed Control Set Information

1. Summary
----------

+----------------------------------------------------------+-------+
|                          Status                          | Count |
+----------------------------------------------------------+-------+
| Total control sets                                       |   241 |
|    Minimum number of control sets                        |   241 |
|    Addition due to synthesis replication                 |     0 |
|    Addition due to physical synthesis replication        |     0 |
| Unused register locations in slices containing registers |    53 |
+----------------------------------------------------------+-------+
* Control sets can be merged at opt_design using control_set_merge or merge_equivalent_drivers
** Run report_qor_suggestions for automated merging and remapping suggestions


2. Histogram
------------

+--------------------+-------+
|       Fanout       | Count |
+--------------------+-------+
| Total control sets |   241 |
| >= 0 to < 4        |     0 |
| >= 4 to < 6        |     0 |
| >= 6 to < 8        |     0 |
| >= 8 to < 10       |     0 |
| >= 10 to < 12      |     0 |
| >= 12 to < 14      |     0 |
| >= 14 to < 16      |     0 |
| >= 16              |   241 |
+--------------------+-------+
* Control sets can be remapped at either synth_design or opt_design


3. Flip-Flop Distribution
-------------------------

+--------------+-----------------------+------------------------+-----------------+--------------+
| Clock Enable | Synchronous Set/Reset | Asynchronous Set/Reset | Total Registers | Total Slices |
+--------------+-----------------------+------------------------+-----------------+--------------+
| No           | No                    | No                     |               0 |            0 |
| No           | No                    | Yes                    |               0 |            0 |
| No           | Yes                   | No                     |             339 |          142 |
| Yes          | No                    | No                     |            5324 |         1109 |
| Yes          | No                    | Yes                    |               0 |            0 |
| Yes          | Yes                   | No                     |               0 |            0 |
+--------------+-----------------------+------------------------+-----------------+--------------+


4. Detailed Control Set Information
-----------------------------------

+--------------+------------------------------------------------------------------------------------------------------------------------------------------------------------------+------------------+------------------+----------------+--------------+
| Clock Signal |                                                                           Enable Signal                                                                          | Set/Reset Signal | Slice Load Count | Bel Load Count | Bels / Slice |
+--------------+------------------------------------------------------------------------------------------------------------------------------------------------------------------+------------------+------------------+----------------+--------------+
|  ap_clk      | bd_0_i/hls_inst/inst/grp_FIR_filter_fu_47/am_addmul_16s_16s_11s_28_4_1_U23/FIR_HLS_am_addmul_16s_16s_11s_28_4_1_DSP48_0_U/E[0]                                   |                  |               11 |             16 |         1.45 |
|  ap_clk      | bd_0_i/hls_inst/inst/grp_FIR_filter_fu_47/ama_addmuladd_16s_16s_9ns_26s_27_4_1_U54/FIR_HLS_ama_addmuladd_16s_16s_9ns_26s_27_4_1_DSP48_0_U/E[0]                   |                  |                6 |             16 |         2.67 |
|  ap_clk      | bd_0_i/hls_inst/inst/grp_FIR_filter_fu_47/ama_addmuladd_16s_16s_9ns_27s_27_4_1_U31/FIR_HLS_ama_addmuladd_16s_16s_9ns_27s_27_4_1_DSP48_0_U/E[0]                   |                  |                6 |             16 |         2.67 |
|  ap_clk      | bd_0_i/hls_inst/inst/grp_FIR_filter_fu_47/ama_addmuladd_16s_16s_9ns_27s_27_4_1_U55/FIR_HLS_ama_addmuladd_16s_16s_9ns_27s_27_4_1_DSP48_0_U/E[0]                   |                  |                4 |             16 |         4.00 |
|  ap_clk      | bd_0_i/hls_inst/inst/grp_FIR_filter_fu_47/reg_1901[15]_i_1_n_0                                                                                                   |                  |               13 |             16 |         1.23 |
|  ap_clk      | bd_0_i/hls_inst/inst/grp_FIR_filter_fu_47/ama_addmuladd_16s_16s_9ns_27s_27_4_1_U81/FIR_HLS_ama_addmuladd_16s_16s_9ns_27s_27_4_1_DSP48_0_U/ap_CS_fsm_reg[75]      |                  |                5 |             16 |         3.20 |
|  ap_clk      | bd_0_i/hls_inst/inst/grp_FIR_filter_fu_47/ama_addmuladd_16s_16s_9ns_27s_27_4_1_U81/FIR_HLS_ama_addmuladd_16s_16s_9ns_27s_27_4_1_DSP48_0_U/E[0]                   |                  |                9 |             16 |         1.78 |
|  ap_clk      | bd_0_i/hls_inst/inst/grp_FIR_filter_fu_47/ama_addmuladd_16s_16s_9ns_28s_28_4_1_U80/FIR_HLS_ama_addmuladd_16s_16s_9ns_28s_28_4_1_DSP48_0_U/E[0]                   |                  |                5 |             16 |         3.20 |
|  ap_clk      | bd_0_i/hls_inst/inst/grp_FIR_filter_fu_47/ama_addmuladd_16s_16s_9s_26s_26_4_1_U64/FIR_HLS_ama_addmuladd_16s_16s_9s_26s_26_4_1_DSP48_0_U/E[0]                     |                  |                9 |             16 |         1.78 |
|  ap_clk      | bd_0_i/hls_inst/inst/grp_FIR_filter_fu_47/ama_addmuladd_16s_16s_9s_26s_26_4_1_U33/FIR_HLS_ama_addmuladd_16s_16s_9s_26s_26_4_1_DSP48_0_U/E[0]                     |                  |                9 |             16 |         1.78 |
|  ap_clk      | bd_0_i/hls_inst/inst/grp_FIR_filter_fu_47/am_addmul_16s_16s_8ns_26_4_1_U3/FIR_HLS_am_addmul_16s_16s_8ns_26_4_1_DSP48_0_U/E[0]                                    |                  |                4 |             16 |         4.00 |
|  ap_clk      | bd_0_i/hls_inst/inst/grp_FIR_filter_fu_47/am_addmul_16s_16s_8ns_26_4_1_U3/FIR_HLS_am_addmul_16s_16s_8ns_26_4_1_DSP48_0_U/ap_CS_fsm_reg[84][0]                    |                  |               10 |             16 |         1.60 |
|  ap_clk      | bd_0_i/hls_inst/inst/grp_FIR_filter_fu_47/am_addmul_16s_16s_9ns_27_4_1_U21/FIR_HLS_am_addmul_16s_16s_9ns_27_4_1_DSP48_0_U/E[0]                                   |                  |               13 |             16 |         1.23 |
|  ap_clk      | bd_0_i/hls_inst/inst/grp_FIR_filter_fu_47/am_addmul_16s_16s_9ns_27_4_1_U30/FIR_HLS_am_addmul_16s_16s_9ns_27_4_1_DSP48_0_U/E[0]                                   |                  |               15 |             16 |         1.07 |
|  ap_clk      | bd_0_i/hls_inst/inst/grp_FIR_filter_fu_47/am_addmul_16s_16s_9ns_27_4_1_U30/FIR_HLS_am_addmul_16s_16s_9ns_27_4_1_DSP48_0_U/ap_CS_fsm_reg[80][0]                   |                  |               11 |             16 |         1.45 |
|  ap_clk      | bd_0_i/hls_inst/inst/grp_FIR_filter_fu_47/am_addmul_16s_16s_9s_26_4_1_U32/FIR_HLS_am_addmul_16s_16s_9s_26_4_1_DSP48_0_U/E[0]                                     |                  |                8 |             16 |         2.00 |
|  ap_clk      | bd_0_i/hls_inst/inst/grp_FIR_filter_fu_47/am_addmul_16s_16s_9s_26_4_1_U32/FIR_HLS_am_addmul_16s_16s_9s_26_4_1_DSP48_0_U/ap_CS_fsm_reg[82][0]                     |                  |                8 |             16 |         2.00 |
|  ap_clk      | bd_0_i/hls_inst/inst/grp_FIR_filter_fu_47/am_addmul_16s_16s_9s_26_4_1_U34/FIR_HLS_am_addmul_16s_16s_9s_26_4_1_DSP48_0_U/ap_CS_fsm_reg[184][0]                    |                  |                5 |             16 |         3.20 |
|  ap_clk      | bd_0_i/hls_inst/inst/grp_FIR_filter_fu_47/reg_19280                                                                                                              |                  |                4 |             16 |         4.00 |
|  ap_clk      | bd_0_i/hls_inst/inst/grp_FIR_filter_fu_47/ama_addmuladd_16s_16s_10ns_27s_28_4_1_U52/FIR_HLS_ama_addmuladd_16s_16s_10ns_27s_28_4_1_DSP48_0_U/E[0]                 |                  |               13 |             16 |         1.23 |
|  ap_clk      | bd_0_i/hls_inst/inst/grp_FIR_filter_fu_47/ama_addmuladd_16s_16s_10ns_28s_28_4_1_U48/FIR_HLS_ama_addmuladd_16s_16s_10ns_28s_28_4_1_DSP48_0_U/E[0]                 |                  |                7 |             16 |         2.29 |
|  ap_clk      | bd_0_i/hls_inst/inst/grp_FIR_filter_fu_47/ama_addmuladd_16s_16s_11s_27s_27_4_1_U16/FIR_HLS_ama_addmuladd_16s_16s_11s_27s_27_4_1_DSP48_0_U/E[0]                   |                  |               14 |             16 |         1.14 |
|  ap_clk      | bd_0_i/hls_inst/inst/grp_FIR_filter_fu_47/ama_addmuladd_16s_16s_11s_28s_28_4_1_U20/FIR_HLS_ama_addmuladd_16s_16s_11s_28s_28_4_1_DSP48_0_U/E[0]                   |                  |                6 |             16 |         2.67 |
|  ap_clk      | bd_0_i/hls_inst/inst/grp_FIR_filter_fu_47/ama_addmuladd_18s_16s_8ns_26s_27_4_1_U63/FIR_HLS_ama_addmuladd_18s_16s_8ns_26s_27_4_1_DSP48_0_U/E[0]                   |                  |               12 |             16 |         1.33 |
|  ap_clk      | bd_0_i/hls_inst/inst/grp_FIR_filter_fu_47/ama_addmuladd_19s_16s_7ns_26s_27_4_1_U67/FIR_HLS_ama_addmuladd_19s_16s_7ns_26s_27_4_1_DSP48_0_U/E[0]                   |                  |                5 |             16 |         3.20 |
|  ap_clk      | bd_0_i/hls_inst/inst/grp_FIR_filter_fu_47/reg_1951[15]_i_1_n_0                                                                                                   |                  |               10 |             16 |         1.60 |
|  ap_clk      | bd_0_i/hls_inst/inst/grp_FIR_filter_fu_47/ama_addmuladd_16s_16s_9s_27s_28_4_1_U44/FIR_HLS_ama_addmuladd_16s_16s_9s_27s_28_4_1_DSP48_0_U/E[0]                     |                  |                7 |             16 |         2.29 |
|  ap_clk      | bd_0_i/hls_inst/inst/grp_FIR_filter_fu_47/ama_addmuladd_16s_16s_9s_27s_28_4_1_U44/FIR_HLS_ama_addmuladd_16s_16s_9s_27s_28_4_1_DSP48_0_U/ap_CS_fsm_reg[145][0]    |                  |                9 |             16 |         1.78 |
|  ap_clk      | bd_0_i/hls_inst/inst/grp_FIR_filter_fu_47/H_filter_FIR_U/E[0]                                                                                                    |                  |                9 |             16 |         1.78 |
|  ap_clk      | bd_0_i/hls_inst/inst/grp_FIR_filter_fu_47/H_filter_FIR_U/ap_CS_fsm_reg[155][0]                                                                                   |                  |                9 |             16 |         1.78 |
|  ap_clk      | bd_0_i/hls_inst/inst/grp_FIR_filter_fu_47/ap_CS_fsm_state107                                                                                                     |                  |               12 |             16 |         1.33 |
|  ap_clk      | bd_0_i/hls_inst/inst/grp_FIR_filter_fu_47/am_addmul_16s_16s_11s_28_4_1_U23/FIR_HLS_am_addmul_16s_16s_11s_28_4_1_DSP48_0_U/ap_CS_fsm_reg[78][0]                   |                  |                9 |             16 |         1.78 |
|  ap_clk      | bd_0_i/hls_inst/inst/grp_FIR_filter_fu_47/reg_19580                                                                                                              |                  |                8 |             16 |         2.00 |
|  ap_clk      | bd_0_i/hls_inst/inst/grp_FIR_filter_fu_47/reg_19690                                                                                                              |                  |                6 |             16 |         2.67 |
|  ap_clk      | bd_0_i/hls_inst/inst/grp_FIR_filter_fu_47/am_addmul_16s_16s_13ns_31_4_1_U8/FIR_HLS_am_addmul_16s_16s_13ns_31_4_1_DSP48_0_U/CEA2                                  |                  |                7 |             16 |         2.29 |
|  ap_clk      | bd_0_i/hls_inst/inst/grp_FIR_filter_fu_47/ama_addmuladd_16s_16s_10s_26s_27_4_1_U51/FIR_HLS_ama_addmuladd_16s_16s_10s_26s_27_4_1_DSP48_0_U/E[0]                   |                  |                9 |             16 |         1.78 |
|  ap_clk      | bd_0_i/hls_inst/inst/grp_FIR_filter_fu_47/ama_addmuladd_16s_16s_10s_27s_27_4_1_U49/FIR_HLS_ama_addmuladd_16s_16s_10s_27s_27_4_1_DSP48_0_U/ap_CS_fsm_reg[17]      |                  |                9 |             16 |         1.78 |
|  ap_clk      | bd_0_i/hls_inst/inst/grp_FIR_filter_fu_47/ama_addmuladd_16s_16s_11ns_28s_29_4_1_U47/FIR_HLS_ama_addmuladd_16s_16s_11ns_28s_29_4_1_DSP48_0_U/E[0]                 |                  |                8 |             16 |         2.00 |
|  ap_clk      | bd_0_i/hls_inst/inst/grp_FIR_filter_fu_47/ama_addmuladd_16s_16s_11ns_28s_29_4_1_U47/FIR_HLS_ama_addmuladd_16s_16s_11ns_28s_29_4_1_DSP48_0_U/ap_CS_fsm_reg[72][0] |                  |               13 |             16 |         1.23 |
|  ap_clk      | bd_0_i/hls_inst/inst/grp_FIR_filter_fu_47/ama_addmuladd_16s_16s_8ns_26s_26_4_1_U62/FIR_HLS_ama_addmuladd_16s_16s_8ns_26s_26_4_1_DSP48_0_U/E[0]                   |                  |                6 |             16 |         2.67 |
|  ap_clk      | bd_0_i/hls_inst/inst/grp_FIR_filter_fu_47/ama_addmuladd_16s_16s_8ns_27s_27_4_1_U57/FIR_HLS_ama_addmuladd_16s_16s_8ns_27s_27_4_1_DSP48_0_U/E[0]                   |                  |               11 |             16 |         1.45 |
|  ap_clk      | bd_0_i/hls_inst/inst/grp_FIR_filter_fu_47/ama_addmuladd_16s_16s_8s_22s_24_4_1_U66/FIR_HLS_ama_addmuladd_16s_16s_8s_22s_24_4_1_DSP48_0_U/E[0]                     |                  |                9 |             16 |         1.78 |
|  ap_clk      | bd_0_i/hls_inst/inst/grp_FIR_filter_fu_47/ama_addmuladd_16s_16s_8s_26s_26_4_1_U40/FIR_HLS_ama_addmuladd_16s_16s_8s_26s_26_4_1_DSP48_0_U/E[0]                     |                  |               12 |             16 |         1.33 |
|  ap_clk      | bd_0_i/hls_inst/inst/grp_FIR_filter_fu_47/ama_addmuladd_16s_16s_9ns_26s_27_4_1_U53/FIR_HLS_ama_addmuladd_16s_16s_9ns_26s_27_4_1_DSP48_0_U/E[0]                   |                  |                8 |             16 |         2.00 |
|  ap_clk      | bd_0_i/hls_inst/inst/grp_FIR_filter_fu_47/am_addmul_16s_16s_10ns_28_4_1_U18/FIR_HLS_am_addmul_16s_16s_10ns_28_4_1_DSP48_0_U/E[0]                                 |                  |               11 |             16 |         1.45 |
|  ap_clk      | bd_0_i/hls_inst/inst/grp_FIR_filter_fu_47/am_addmul_16s_16s_10ns_28_4_1_U18/FIR_HLS_am_addmul_16s_16s_10ns_28_4_1_DSP48_0_U/ap_CS_fsm_reg[19][0]                 |                  |                8 |             16 |         2.00 |
|  ap_clk      | bd_0_i/hls_inst/inst/grp_FIR_filter_fu_47/am_addmul_16s_16s_10ns_28_4_1_U46/FIR_HLS_am_addmul_16s_16s_10ns_28_4_1_DSP48_0_U/E[0]                                 |                  |               11 |             16 |         1.45 |
|  ap_clk      | bd_0_i/hls_inst/inst/grp_FIR_filter_fu_47/am_addmul_16s_16s_10ns_28_4_1_U46/FIR_HLS_am_addmul_16s_16s_10ns_28_4_1_DSP48_0_U/ap_CS_fsm_reg[141][0]                |                  |               10 |             16 |         1.60 |
|  ap_clk      | bd_0_i/hls_inst/inst/grp_FIR_filter_fu_47/am_addmul_16s_16s_10s_26_4_1_U37/FIR_HLS_am_addmul_16s_16s_10s_26_4_1_DSP48_0_U/E[0]                                   |                  |                5 |             16 |         3.20 |
|  ap_clk      | bd_0_i/hls_inst/inst/grp_FIR_filter_fu_47/am_addmul_16s_16s_10s_26_4_1_U37/FIR_HLS_am_addmul_16s_16s_10s_26_4_1_DSP48_0_U/ap_CS_fsm_reg[111][0]                  |                  |                5 |             16 |         3.20 |
|  ap_clk      | bd_0_i/hls_inst/inst/grp_FIR_filter_fu_47/am_addmul_16s_16s_10s_27_4_1_U26/FIR_HLS_am_addmul_16s_16s_10s_27_4_1_DSP48_0_U/ap_CS_fsm_reg[79][0]                   |                  |               14 |             16 |         1.14 |
|  ap_clk      | bd_0_i/hls_inst/inst/grp_FIR_filter_fu_47/am_addmul_16s_16s_10s_27_4_1_U26/FIR_HLS_am_addmul_16s_16s_10s_27_4_1_DSP48_0_U/E[0]                                   |                  |               13 |             16 |         1.23 |
|  ap_clk      | bd_0_i/hls_inst/inst/grp_FIR_filter_fu_47/am_addmul_16s_16s_10s_27_4_1_U27/FIR_HLS_am_addmul_16s_16s_10s_27_4_1_DSP48_0_U/E[0]                                   |                  |               15 |             16 |         1.07 |
|  ap_clk      | bd_0_i/hls_inst/inst/grp_FIR_filter_fu_47/am_addmul_16s_16s_10s_27_4_1_U27/FIR_HLS_am_addmul_16s_16s_10s_27_4_1_DSP48_0_U/ap_CS_fsm_reg[22][0]                   |                  |                5 |             16 |         3.20 |
|  ap_clk      | bd_0_i/hls_inst/inst/grp_FIR_filter_fu_47/am_addmul_16s_16s_11s_28_4_1_U22/FIR_HLS_am_addmul_16s_16s_11s_28_4_1_DSP48_0_U/ap_CS_fsm_reg[20][0]                   |                  |               14 |             16 |         1.14 |
|  ap_clk      | bd_0_i/hls_inst/inst/regslice_both_input_r_U/load_p1                                                                                                             |                  |                4 |             16 |         4.00 |
|  ap_clk      | bd_0_i/hls_inst/inst/regslice_both_input_r_U/load_p2                                                                                                             |                  |                4 |             16 |         4.00 |
|  ap_clk      | bd_0_i/hls_inst/inst/regslice_both_output_r_U/load_p1                                                                                                            |                  |                3 |             16 |         5.33 |
|  ap_clk      | bd_0_i/hls_inst/inst/ap_CS_fsm_state1                                                                                                                            |                  |                4 |             16 |         4.00 |
|  ap_clk      | bd_0_i/hls_inst/inst/grp_FIR_filter_fu_47/ama_addmuladd_19s_16s_6ns_22s_25_4_1_U71/FIR_HLS_ama_addmuladd_19s_16s_6ns_22s_25_4_1_DSP48_0_U/E[0]                   |                  |                9 |             16 |         1.78 |
|  ap_clk      | bd_0_i/hls_inst/inst/grp_FIR_filter_fu_47/reg_1974[15]_i_1_n_0                                                                                                   |                  |                8 |             16 |         2.00 |
|  ap_clk      | bd_0_i/hls_inst/inst/grp_FIR_filter_fu_47/reg_19860                                                                                                              |                  |               12 |             16 |         1.33 |
|  ap_clk      | bd_0_i/hls_inst/inst/grp_FIR_filter_fu_47/reg_2004[15]_i_1_n_0                                                                                                   |                  |               12 |             16 |         1.33 |
|  ap_clk      | bd_0_i/hls_inst/inst/grp_FIR_filter_fu_47/reg_2011[15]_i_1_n_0                                                                                                   |                  |               13 |             16 |         1.23 |
|  ap_clk      | bd_0_i/hls_inst/inst/grp_FIR_filter_fu_47/reg_19980                                                                                                              |                  |                7 |             16 |         2.29 |
|  ap_clk      | bd_0_i/hls_inst/inst/grp_FIR_filter_fu_47/reg_19800                                                                                                              |                  |                9 |             16 |         1.78 |
|  ap_clk      | bd_0_i/hls_inst/inst/grp_FIR_filter_fu_47/reg_1963[15]_i_1_n_0                                                                                                   |                  |               10 |             16 |         1.60 |
|  ap_clk      | bd_0_i/hls_inst/inst/grp_FIR_filter_fu_47/reg_19920                                                                                                              |                  |                4 |             16 |         4.00 |
|  ap_clk      | bd_0_i/hls_inst/inst/grp_FIR_filter_fu_47/reg_2065[15]_i_1_n_0                                                                                                   |                  |               10 |             16 |         1.60 |
|  ap_clk      | bd_0_i/hls_inst/inst/grp_FIR_filter_fu_47/reg_2042[15]_i_1_n_0                                                                                                   |                  |                9 |             16 |         1.78 |
|  ap_clk      | bd_0_i/hls_inst/inst/grp_FIR_filter_fu_47/reg_2036[15]_i_1_n_0                                                                                                   |                  |               11 |             16 |         1.45 |
|  ap_clk      | bd_0_i/hls_inst/inst/grp_FIR_filter_fu_47/reg_20180                                                                                                              |                  |                6 |             16 |         2.67 |
|  ap_clk      | bd_0_i/hls_inst/inst/grp_FIR_filter_fu_47/ap_CS_fsm_state119                                                                                                     |                  |               12 |             16 |         1.33 |
|  ap_clk      | bd_0_i/hls_inst/inst/grp_FIR_filter_fu_47/ap_CS_fsm_state108                                                                                                     |                  |                9 |             16 |         1.78 |
|  ap_clk      | bd_0_i/hls_inst/inst/grp_FIR_filter_fu_47/ap_CS_fsm_state113                                                                                                     |                  |               16 |             16 |         1.00 |
|  ap_clk      | bd_0_i/hls_inst/inst/grp_FIR_filter_fu_47/reg_20480                                                                                                              |                  |                6 |             16 |         2.67 |
|  ap_clk      | bd_0_i/hls_inst/inst/grp_FIR_filter_fu_47/reg_2024[15]_i_1_n_0                                                                                                   |                  |                7 |             16 |         2.29 |
|  ap_clk      | bd_0_i/hls_inst/inst/grp_FIR_filter_fu_47/reg_2165[15]_i_1_n_0                                                                                                   |                  |                5 |             16 |         3.20 |
|  ap_clk      | bd_0_i/hls_inst/inst/grp_FIR_filter_fu_47/ap_CS_fsm_state117                                                                                                     |                  |               11 |             16 |         1.45 |
|  ap_clk      | bd_0_i/hls_inst/inst/grp_FIR_filter_fu_47/ap_CS_fsm_state133                                                                                                     |                  |                8 |             16 |         2.00 |
|  ap_clk      | bd_0_i/hls_inst/inst/grp_FIR_filter_fu_47/reg_2113[15]_i_1_n_0                                                                                                   |                  |                5 |             16 |         3.20 |
|  ap_clk      | bd_0_i/hls_inst/inst/grp_FIR_filter_fu_47/ap_CS_fsm_state142                                                                                                     |                  |                9 |             16 |         1.78 |
|  ap_clk      | bd_0_i/hls_inst/inst/grp_FIR_filter_fu_47/reg_2177[15]_i_1_n_0                                                                                                   |                  |                6 |             16 |         2.67 |
|  ap_clk      | bd_0_i/hls_inst/inst/grp_FIR_filter_fu_47/reg_20950                                                                                                              |                  |                9 |             16 |         1.78 |
|  ap_clk      | bd_0_i/hls_inst/inst/grp_FIR_filter_fu_47/ap_CS_fsm_state145                                                                                                     |                  |                7 |             16 |         2.29 |
|  ap_clk      | bd_0_i/hls_inst/inst/grp_FIR_filter_fu_47/reg_2215[15]_i_1_n_0                                                                                                   |                  |               12 |             16 |         1.33 |
|  ap_clk      | bd_0_i/hls_inst/inst/grp_FIR_filter_fu_47/reg_23240                                                                                                              |                  |                8 |             16 |         2.00 |
|  ap_clk      | bd_0_i/hls_inst/inst/grp_FIR_filter_fu_47/ap_CS_fsm_state116                                                                                                     |                  |                9 |             16 |         1.78 |
|  ap_clk      | bd_0_i/hls_inst/inst/grp_FIR_filter_fu_47/reg_2288[15]_i_1_n_0                                                                                                   |                  |                8 |             16 |         2.00 |
|  ap_clk      | bd_0_i/hls_inst/inst/grp_FIR_filter_fu_47/reg_22390                                                                                                              |                  |               10 |             16 |         1.60 |
|  ap_clk      | bd_0_i/hls_inst/inst/grp_FIR_filter_fu_47/ap_CS_fsm_state191                                                                                                     |                  |                6 |             16 |         2.67 |
|  ap_clk      | bd_0_i/hls_inst/inst/grp_FIR_filter_fu_47/reg_2275[15]_i_1_n_0                                                                                                   |                  |                9 |             16 |         1.78 |
|  ap_clk      | bd_0_i/hls_inst/inst/grp_FIR_filter_fu_47/reg_22270                                                                                                              |                  |               10 |             16 |         1.60 |
|  ap_clk      | bd_0_i/hls_inst/inst/grp_FIR_filter_fu_47/ap_CS_fsm_state103                                                                                                     |                  |                3 |             16 |         5.33 |
|  ap_clk      | bd_0_i/hls_inst/inst/grp_FIR_filter_fu_47/reg_2183[15]_i_1_n_0                                                                                                   |                  |               12 |             16 |         1.33 |
|  ap_clk      | bd_0_i/hls_inst/inst/grp_FIR_filter_fu_47/reg_2282[15]_i_1_n_0                                                                                                   |                  |                9 |             16 |         1.78 |
|  ap_clk      | bd_0_i/hls_inst/inst/grp_FIR_filter_fu_47/reg_22940                                                                                                              |                  |               12 |             16 |         1.33 |
|  ap_clk      | bd_0_i/hls_inst/inst/grp_FIR_filter_fu_47/ap_CS_fsm_state105                                                                                                     |                  |                6 |             16 |         2.67 |
|  ap_clk      | bd_0_i/hls_inst/inst/grp_FIR_filter_fu_47/ap_CS_fsm_state102                                                                                                     |                  |                7 |             16 |         2.29 |
|  ap_clk      | bd_0_i/hls_inst/inst/grp_FIR_filter_fu_47/ap_CS_fsm_state100                                                                                                     |                  |               13 |             16 |         1.23 |
|  ap_clk      | bd_0_i/hls_inst/inst/grp_FIR_filter_fu_47/reg_22330                                                                                                              |                  |               11 |             16 |         1.45 |
|  ap_clk      | bd_0_i/hls_inst/inst/grp_FIR_filter_fu_47/reg_2202[15]_i_1_n_0                                                                                                   |                  |                7 |             16 |         2.29 |
|  ap_clk      | bd_0_i/hls_inst/inst/grp_FIR_filter_fu_47/reg_21970                                                                                                              |                  |                9 |             16 |         1.78 |
|  ap_clk      | bd_0_i/hls_inst/inst/grp_FIR_filter_fu_47/reg_22990                                                                                                              |                  |                3 |             16 |         5.33 |
|  ap_clk      | bd_0_i/hls_inst/inst/grp_FIR_filter_fu_47/reg_2329[15]_i_1_n_0                                                                                                   |                  |                9 |             16 |         1.78 |
|  ap_clk      | bd_0_i/hls_inst/inst/grp_FIR_filter_fu_47/E[0]                                                                                                                   |                  |                3 |             16 |         5.33 |
|  ap_clk      | bd_0_i/hls_inst/inst/grp_FIR_filter_fu_47/ama_addmuladd_16s_16s_13ns_31s_31_4_1_U12/FIR_HLS_ama_addmuladd_16s_16s_13ns_31s_31_4_1_DSP48_0_U/E[0]                 |                  |               10 |             16 |         1.60 |
|  ap_clk      | bd_0_i/hls_inst/inst/grp_FIR_filter_fu_47/ama_addmuladd_16s_16s_13ns_31s_31_4_1_U6/FIR_HLS_ama_addmuladd_16s_16s_13ns_31s_31_4_1_DSP48_0_U/E[0]                  |                  |                7 |             16 |         2.29 |
|  ap_clk      | bd_0_i/hls_inst/inst/grp_FIR_filter_fu_47/ama_addmuladd_16s_16s_6ns_24s_25_4_1_U75/FIR_HLS_ama_addmuladd_16s_16s_6ns_24s_25_4_1_DSP48_0_U/E[0]                   |                  |               10 |             16 |         1.60 |
|  ap_clk      | bd_0_i/hls_inst/inst/grp_FIR_filter_fu_47/ap_CS_fsm_state166                                                                                                     |                  |               10 |             16 |         1.60 |
|  ap_clk      | bd_0_i/hls_inst/inst/grp_FIR_filter_fu_47/ama_addmuladd_16s_16s_7ns_25s_25_4_1_U36/FIR_HLS_ama_addmuladd_16s_16s_7ns_25s_25_4_1_DSP48_0_U/E[0]                   |                  |                9 |             16 |         1.78 |
|  ap_clk      | bd_0_i/hls_inst/inst/grp_FIR_filter_fu_47/ama_addmuladd_16s_16s_7ns_26s_26_4_1_U38/FIR_HLS_ama_addmuladd_16s_16s_7ns_26s_26_4_1_DSP48_0_U/E[0]                   |                  |                5 |             16 |         3.20 |
|  ap_clk      | bd_0_i/hls_inst/inst/grp_FIR_filter_fu_47/ama_addmuladd_16s_16s_7ns_26s_26_4_1_U38/FIR_HLS_ama_addmuladd_16s_16s_7ns_26s_26_4_1_DSP48_0_U/ap_CS_fsm_reg[111][0]  |                  |                5 |             16 |         3.20 |
|  ap_clk      | bd_0_i/hls_inst/inst/grp_FIR_filter_fu_47/ama_addmuladd_16s_16s_7ns_28s_28_4_1_U45/FIR_HLS_ama_addmuladd_16s_16s_7ns_28s_28_4_1_DSP48_0_U/E[0]                   |                  |                9 |             16 |         1.78 |
|  ap_clk      | bd_0_i/hls_inst/inst/grp_FIR_filter_fu_47/ama_addmuladd_16s_16s_8ns_24s_25_4_1_U60/FIR_HLS_ama_addmuladd_16s_16s_8ns_24s_25_4_1_DSP48_0_U/E[0]                   |                  |               10 |             16 |         1.60 |
|  ap_clk      | bd_0_i/hls_inst/inst/grp_FIR_filter_fu_47/ap_CS_fsm_state192                                                                                                     |                  |               12 |             16 |         1.33 |
|  ap_clk      | bd_0_i/hls_inst/inst/grp_FIR_filter_fu_47/ap_CS_fsm_state17                                                                                                      |                  |               11 |             16 |         1.45 |
|  ap_clk      | bd_0_i/hls_inst/inst/grp_FIR_filter_fu_47/ama_addmuladd_16s_16s_8ns_24s_25_4_1_U60/FIR_HLS_ama_addmuladd_16s_16s_8ns_24s_25_4_1_DSP48_0_U/ap_CS_fsm_reg[86][0]   |                  |               10 |             16 |         1.60 |
|  ap_clk      | bd_0_i/hls_inst/inst/grp_FIR_filter_fu_47/ama_addmuladd_16s_16s_8ns_26s_26_4_1_U39/FIR_HLS_ama_addmuladd_16s_16s_8ns_26s_26_4_1_DSP48_0_U/E[0]                   |                  |                5 |             16 |         3.20 |
|  ap_clk      | bd_0_i/hls_inst/inst/grp_FIR_filter_fu_47/ama_addmuladd_16s_16s_8ns_26s_26_4_1_U4/FIR_HLS_ama_addmuladd_16s_16s_8ns_26s_26_4_1_DSP48_0_U/E[0]                    |                  |                8 |             16 |         2.00 |
|  ap_clk      | bd_0_i/hls_inst/inst/grp_FIR_filter_fu_47/ap_CS_fsm_state57                                                                                                      |                  |               13 |             16 |         1.23 |
|  ap_clk      | bd_0_i/hls_inst/inst/grp_FIR_filter_fu_47/ap_CS_fsm_state198                                                                                                     |                  |                2 |             16 |         8.00 |
|  ap_clk      | bd_0_i/hls_inst/inst/grp_FIR_filter_fu_47/ap_CS_fsm_state165                                                                                                     |                  |                5 |             16 |         3.20 |
|  ap_clk      | bd_0_i/hls_inst/inst/grp_FIR_filter_fu_47/ap_CS_fsm_state167                                                                                                     |                  |                9 |             16 |         1.78 |
|  ap_clk      | bd_0_i/hls_inst/inst/grp_FIR_filter_fu_47/ap_CS_fsm_state178                                                                                                     |                  |               12 |             16 |         1.33 |
|  ap_clk      | bd_0_i/hls_inst/inst/grp_FIR_filter_fu_47/ap_CS_fsm_state16                                                                                                      |                  |               13 |             16 |         1.23 |
|  ap_clk      | bd_0_i/hls_inst/inst/grp_FIR_filter_fu_47/ap_CS_fsm_state187                                                                                                     |                  |               10 |             16 |         1.60 |
|  ap_clk      | bd_0_i/hls_inst/inst/grp_FIR_filter_fu_47/ap_CS_fsm_state26                                                                                                      |                  |               15 |             16 |         1.07 |
|  ap_clk      | bd_0_i/hls_inst/inst/grp_FIR_filter_fu_47/ap_CS_fsm_state32                                                                                                      |                  |               13 |             16 |         1.23 |
|  ap_clk      | bd_0_i/hls_inst/inst/grp_FIR_filter_fu_47/ap_CS_fsm_state33                                                                                                      |                  |                9 |             16 |         1.78 |
|  ap_clk      | bd_0_i/hls_inst/inst/grp_FIR_filter_fu_47/ap_CS_fsm_state34                                                                                                      |                  |               12 |             16 |         1.33 |
|  ap_clk      | bd_0_i/hls_inst/inst/grp_FIR_filter_fu_47/ap_CS_fsm_state30                                                                                                      |                  |               13 |             16 |         1.23 |
|  ap_clk      | bd_0_i/hls_inst/inst/grp_FIR_filter_fu_47/ap_CS_fsm_state3                                                                                                       |                  |               13 |             16 |         1.23 |
|  ap_clk      | bd_0_i/hls_inst/inst/grp_FIR_filter_fu_47/ap_CS_fsm_state45                                                                                                      |                  |               12 |             16 |         1.33 |
|  ap_clk      | bd_0_i/hls_inst/inst/grp_FIR_filter_fu_47/ap_CS_fsm_state58                                                                                                      |                  |               13 |             16 |         1.23 |
|  ap_clk      | bd_0_i/hls_inst/inst/grp_FIR_filter_fu_47/ap_CS_fsm_state48                                                                                                      |                  |               13 |             16 |         1.23 |
|  ap_clk      | bd_0_i/hls_inst/inst/grp_FIR_filter_fu_47/ap_CS_fsm_state37                                                                                                      |                  |               12 |             16 |         1.33 |
|  ap_clk      | bd_0_i/hls_inst/inst/grp_FIR_filter_fu_47/ap_CS_fsm_state49                                                                                                      |                  |               11 |             16 |         1.45 |
|  ap_clk      | bd_0_i/hls_inst/inst/grp_FIR_filter_fu_47/ap_CS_fsm_state40                                                                                                      |                  |                7 |             16 |         2.29 |
|  ap_clk      | bd_0_i/hls_inst/inst/grp_FIR_filter_fu_47/ap_CS_fsm_state54                                                                                                      |                  |               11 |             16 |         1.45 |
|  ap_clk      | bd_0_i/hls_inst/inst/grp_FIR_filter_fu_47/ap_CS_fsm_state53                                                                                                      |                  |               15 |             16 |         1.07 |
|  ap_clk      | bd_0_i/hls_inst/inst/grp_FIR_filter_fu_47/ap_CS_fsm_state60                                                                                                      |                  |                7 |             16 |         2.29 |
|  ap_clk      | bd_0_i/hls_inst/inst/grp_FIR_filter_fu_47/ap_CS_fsm_state50                                                                                                      |                  |               13 |             16 |         1.23 |
|  ap_clk      | bd_0_i/hls_inst/inst/grp_FIR_filter_fu_47/ap_CS_fsm_state44                                                                                                      |                  |                4 |             16 |         4.00 |
|  ap_clk      | bd_0_i/hls_inst/inst/grp_FIR_filter_fu_47/ap_CS_fsm_state65                                                                                                      |                  |                8 |             16 |         2.00 |
|  ap_clk      | bd_0_i/hls_inst/inst/grp_FIR_filter_fu_47/ap_CS_fsm_state64                                                                                                      |                  |                8 |             16 |         2.00 |
|  ap_clk      | bd_0_i/hls_inst/inst/grp_FIR_filter_fu_47/ap_CS_fsm_state47                                                                                                      |                  |                8 |             16 |         2.00 |
|  ap_clk      | bd_0_i/hls_inst/inst/grp_FIR_filter_fu_47/ap_CS_fsm_state39                                                                                                      |                  |               11 |             16 |         1.45 |
|  ap_clk      | bd_0_i/hls_inst/inst/grp_FIR_filter_fu_47/ap_CS_fsm_state38                                                                                                      |                  |                9 |             16 |         1.78 |
|  ap_clk      | bd_0_i/hls_inst/inst/grp_FIR_filter_fu_47/ap_CS_fsm_state81                                                                                                      |                  |                9 |             16 |         1.78 |
|  ap_clk      | bd_0_i/hls_inst/inst/grp_FIR_filter_fu_47/ap_CS_fsm_state52                                                                                                      |                  |                8 |             16 |         2.00 |
|  ap_clk      | bd_0_i/hls_inst/inst/grp_FIR_filter_fu_47/ap_CS_fsm_state86                                                                                                      |                  |               14 |             16 |         1.14 |
|  ap_clk      | bd_0_i/hls_inst/inst/grp_FIR_filter_fu_47/ap_CS_fsm_state43                                                                                                      |                  |                8 |             16 |         2.00 |
|  ap_clk      | bd_0_i/hls_inst/inst/grp_FIR_filter_fu_47/ap_CS_fsm_state85                                                                                                      |                  |               10 |             16 |         1.60 |
|  ap_clk      | bd_0_i/hls_inst/inst/grp_FIR_filter_fu_47/ap_CS_fsm_state90                                                                                                      |                  |               14 |             16 |         1.14 |
|  ap_clk      | bd_0_i/hls_inst/inst/grp_FIR_filter_fu_47/ap_CS_fsm_state93                                                                                                      |                  |                7 |             16 |         2.29 |
|  ap_clk      | bd_0_i/hls_inst/inst/grp_FIR_filter_fu_47/ap_CS_fsm_state67                                                                                                      |                  |               13 |             16 |         1.23 |
|  ap_clk      | bd_0_i/hls_inst/inst/grp_FIR_filter_fu_47/ap_CS_fsm_state41                                                                                                      |                  |                9 |             16 |         1.78 |
|  ap_clk      | bd_0_i/hls_inst/inst/grp_FIR_filter_fu_47/ap_CS_fsm_state94                                                                                                      |                  |                5 |             16 |         3.20 |
|  ap_clk      | bd_0_i/hls_inst/inst/grp_FIR_filter_fu_47/ap_CS_fsm_state95                                                                                                      |                  |               11 |             16 |         1.45 |
|  ap_clk      | bd_0_i/hls_inst/inst/grp_FIR_filter_fu_47/reg_16460                                                                                                              |                  |                6 |             16 |         2.67 |
|  ap_clk      | bd_0_i/hls_inst/inst/grp_FIR_filter_fu_47/reg_16400                                                                                                              |                  |                5 |             16 |         3.20 |
|  ap_clk      | bd_0_i/hls_inst/inst/grp_FIR_filter_fu_47/reg_1713[15]_i_1_n_0                                                                                                   |                  |               11 |             16 |         1.45 |
|  ap_clk      | bd_0_i/hls_inst/inst/grp_FIR_filter_fu_47/reg_1921[15]_i_1_n_0                                                                                                   |                  |               13 |             16 |         1.23 |
|  ap_clk      | bd_0_i/hls_inst/inst/grp_FIR_filter_fu_47/ap_CS_fsm_state162                                                                                                     |                  |                3 |             17 |         5.67 |
|  ap_clk      | bd_0_i/hls_inst/inst/grp_FIR_filter_fu_47/ap_CS_fsm_state125                                                                                                     |                  |                3 |             18 |         6.00 |
|  ap_clk      | bd_0_i/hls_inst/inst/grp_FIR_filter_fu_47/ap_CS_fsm_state127                                                                                                     |                  |                3 |             18 |         6.00 |
|  ap_clk      | bd_0_i/hls_inst/inst/grp_FIR_filter_fu_47/ap_CS_fsm_state110                                                                                                     |                  |                9 |             25 |         2.78 |
|  ap_clk      | bd_0_i/hls_inst/inst/grp_FIR_filter_fu_47/ap_CS_fsm_state171                                                                                                     |                  |                4 |             26 |         6.50 |
|  ap_clk      | bd_0_i/hls_inst/inst/grp_FIR_filter_fu_47/ap_CS_fsm_state87                                                                                                      |                  |                6 |             26 |         4.33 |
|  ap_clk      | bd_0_i/hls_inst/inst/grp_FIR_filter_fu_47/ap_CS_fsm_state156                                                                                                     |                  |                6 |             27 |         4.50 |
|  ap_clk      | bd_0_i/hls_inst/inst/grp_FIR_filter_fu_47/ap_CS_fsm_state168                                                                                                     |                  |                4 |             27 |         6.75 |
|  ap_clk      | bd_0_i/hls_inst/inst/grp_FIR_filter_fu_47/ap_CS_fsm_state83                                                                                                      |                  |                5 |             27 |         5.40 |
|  ap_clk      | bd_0_i/hls_inst/inst/grp_FIR_filter_fu_47/ap_CS_fsm_state155                                                                                                     |                  |                4 |             27 |         6.75 |
|  ap_clk      | bd_0_i/hls_inst/inst/grp_FIR_filter_fu_47/ap_CS_fsm_state78                                                                                                      |                  |                5 |             28 |         5.60 |
|  ap_clk      | bd_0_i/hls_inst/inst/grp_FIR_filter_fu_47/ap_CS_fsm_state193                                                                                                     |                  |                4 |             28 |         7.00 |
|  ap_clk      | bd_0_i/hls_inst/inst/grp_FIR_filter_fu_47/ap_CS_fsm_state146                                                                                                     |                  |                4 |             28 |         7.00 |
|  ap_clk      | bd_0_i/hls_inst/inst/grp_FIR_filter_fu_47/ap_CS_fsm_state82                                                                                                      |                  |                4 |             28 |         7.00 |
|  ap_clk      | bd_0_i/hls_inst/inst/grp_FIR_filter_fu_47/ap_CS_fsm_state154                                                                                                     |                  |                4 |             28 |         7.00 |
|  ap_clk      | bd_0_i/hls_inst/inst/grp_FIR_filter_fu_47/ap_CS_fsm_state150                                                                                                     |                  |                4 |             29 |         7.25 |
|  ap_clk      | bd_0_i/hls_inst/inst/grp_FIR_filter_fu_47/ap_CS_fsm_state147                                                                                                     |                  |                4 |             29 |         7.25 |
|  ap_clk      | bd_0_i/hls_inst/inst/grp_FIR_filter_fu_47/ap_CS_fsm_state74                                                                                                      |                  |                4 |             30 |         7.50 |
|  ap_clk      | bd_0_i/hls_inst/inst/grp_FIR_filter_fu_47/ap_CS_fsm_state152                                                                                                     |                  |                4 |             30 |         7.50 |
|  ap_clk      | bd_0_i/hls_inst/inst/grp_FIR_filter_fu_47/ap_CS_fsm_state164                                                                                                     |                  |                4 |             30 |         7.50 |
|  ap_clk      | bd_0_i/hls_inst/inst/grp_FIR_filter_fu_47/ap_CS_fsm_state197                                                                                                     |                  |                4 |             31 |         7.75 |
|  ap_clk      | bd_0_i/hls_inst/inst/grp_FIR_filter_fu_47/ap_CS_fsm_state75                                                                                                      |                  |                4 |             31 |         7.75 |
|  ap_clk      | bd_0_i/hls_inst/inst/grp_FIR_filter_fu_47/am_addmul_16s_16s_12s_29_4_1_U14/FIR_HLS_am_addmul_16s_16s_12s_29_4_1_DSP48_0_U/ap_CS_fsm_reg[18][0]                   |                  |               16 |             32 |         2.00 |
|  ap_clk      | bd_0_i/hls_inst/inst/grp_FIR_filter_fu_47/ap_CS_fsm_state129                                                                                                     |                  |               16 |             32 |         2.00 |
|  ap_clk      | bd_0_i/hls_inst/inst/grp_FIR_filter_fu_47/ama_addmuladd_16s_16s_9ns_27s_27_4_1_U55/FIR_HLS_ama_addmuladd_16s_16s_9ns_27s_27_4_1_DSP48_0_U/ap_CS_fsm_reg[147][0]  |                  |               14 |             32 |         2.29 |
|  ap_clk      | bd_0_i/hls_inst/inst/grp_FIR_filter_fu_47/ap_CS_fsm_state120                                                                                                     |                  |               19 |             32 |         1.68 |
|  ap_clk      | bd_0_i/hls_inst/inst/grp_FIR_filter_fu_47/ap_CS_fsm_state104                                                                                                     |                  |               24 |             32 |         1.33 |
|  ap_clk      | bd_0_i/hls_inst/inst/grp_FIR_filter_fu_47/ap_CS_fsm_state134                                                                                                     |                  |               18 |             32 |         1.78 |
|  ap_clk      | bd_0_i/hls_inst/inst/grp_FIR_filter_fu_47/ap_CS_fsm_state118                                                                                                     |                  |               21 |             32 |         1.52 |
|  ap_clk      | bd_0_i/hls_inst/inst/grp_FIR_filter_fu_47/ap_CS_fsm_state124                                                                                                     |                  |               12 |             32 |         2.67 |
|  ap_clk      | bd_0_i/hls_inst/inst/grp_FIR_filter_fu_47/ap_CS_fsm_state114                                                                                                     |                  |               18 |             32 |         1.78 |
|  ap_clk      | bd_0_i/hls_inst/inst/grp_FIR_filter_fu_47/ap_CS_fsm_state122                                                                                                     |                  |               14 |             32 |         2.29 |
|  ap_clk      | bd_0_i/hls_inst/inst/grp_FIR_filter_fu_47/ap_CS_fsm_state138                                                                                                     |                  |               19 |             32 |         1.68 |
|  ap_clk      | bd_0_i/hls_inst/inst/grp_FIR_filter_fu_47/ap_CS_fsm_state126                                                                                                     |                  |               19 |             32 |         1.68 |
|  ap_clk      | bd_0_i/hls_inst/inst/grp_FIR_filter_fu_47/ap_CS_fsm_state128                                                                                                     |                  |               10 |             32 |         3.20 |
|  ap_clk      | bd_0_i/hls_inst/inst/grp_FIR_filter_fu_47/ap_CS_fsm_state121                                                                                                     |                  |               13 |             32 |         2.46 |
|  ap_clk      | bd_0_i/hls_inst/inst/grp_FIR_filter_fu_47/ap_CS_fsm_state109                                                                                                     |                  |               14 |             32 |         2.29 |
|  ap_clk      | bd_0_i/hls_inst/inst/grp_FIR_filter_fu_47/ap_CS_fsm_state123                                                                                                     |                  |               15 |             32 |         2.13 |
|  ap_clk      | bd_0_i/hls_inst/inst/grp_FIR_filter_fu_47/ap_CS_fsm_state195                                                                                                     |                  |               21 |             32 |         1.52 |
|  ap_clk      | bd_0_i/hls_inst/inst/grp_FIR_filter_fu_47/ap_CS_fsm_state189                                                                                                     |                  |               19 |             32 |         1.68 |
|  ap_clk      | bd_0_i/hls_inst/inst/grp_FIR_filter_fu_47/ap_CS_fsm_state194                                                                                                     |                  |               16 |             32 |         2.00 |
|  ap_clk      | bd_0_i/hls_inst/inst/grp_FIR_filter_fu_47/ap_CS_fsm_state51                                                                                                      |                  |               25 |             32 |         1.28 |
|  ap_clk      | bd_0_i/hls_inst/inst/grp_FIR_filter_fu_47/ap_CS_fsm_state73                                                                                                      |                  |                4 |             32 |         8.00 |
|  ap_clk      | bd_0_i/hls_inst/inst/grp_FIR_filter_fu_47/ap_CS_fsm_state35                                                                                                      |                  |               22 |             32 |         1.45 |
|  ap_clk      | bd_0_i/hls_inst/inst/grp_FIR_filter_fu_47/reg_2318                                                                                                               |                  |               17 |             32 |         1.88 |
|  ap_clk      | bd_0_i/hls_inst/inst/grp_FIR_filter_fu_47/ap_CS_fsm_state130                                                                                                     |                  |               15 |             32 |         2.13 |
|  ap_clk      | bd_0_i/hls_inst/inst/grp_FIR_filter_fu_47/ap_CS_fsm_state84                                                                                                      |                  |               29 |             32 |         1.10 |
|  ap_clk      | bd_0_i/hls_inst/inst/grp_FIR_filter_fu_47/ap_CS_fsm_state59                                                                                                      |                  |               21 |             32 |         1.52 |
|  ap_clk      | bd_0_i/hls_inst/inst/grp_FIR_filter_fu_47/am_addmul_17s_16s_10s_26_4_1_U42/FIR_HLS_am_addmul_17s_16s_10s_26_4_1_DSP48_0_U/E[0]                                   |                  |               14 |             32 |         2.29 |
|  ap_clk      | bd_0_i/hls_inst/inst/grp_FIR_filter_fu_47/ap_CS_fsm_state88                                                                                                      |                  |               19 |             32 |         1.68 |
|  ap_clk      | bd_0_i/hls_inst/inst/grp_FIR_filter_fu_47/ap_CS_fsm_state42                                                                                                      |                  |               18 |             32 |         1.78 |
|  ap_clk      | bd_0_i/hls_inst/inst/grp_FIR_filter_fu_47/ap_CS_fsm_state89                                                                                                      |                  |               20 |             32 |         1.60 |
|  ap_clk      | bd_0_i/hls_inst/inst/grp_FIR_filter_fu_47/ap_CS_fsm_state180                                                                                                     |                  |               13 |             32 |         2.46 |
|  ap_clk      | bd_0_i/hls_inst/inst/grp_FIR_filter_fu_47/ama_submuladd_18s_16s_5ns_24s_24_4_1_U77/FIR_HLS_ama_submuladd_18s_16s_5ns_24s_24_4_1_DSP48_0_U/E[0]                   |                  |               17 |             32 |         1.88 |
|  ap_clk      | bd_0_i/hls_inst/inst/grp_FIR_filter_fu_47/ama_addmuladd_16s_16s_13ns_31s_32_4_1_U11/FIR_HLS_ama_addmuladd_16s_16s_13ns_31s_32_4_1_DSP48_0_U/CED                  |                  |               17 |             32 |         1.88 |
|  ap_clk      | bd_0_i/hls_inst/inst/grp_FIR_filter_fu_47/ap_CS_fsm_state62                                                                                                      |                  |               20 |             32 |         1.60 |
|  ap_clk      | bd_0_i/hls_inst/inst/grp_FIR_filter_fu_47/am_addmul_16s_16s_12s_29_4_1_U14/FIR_HLS_am_addmul_16s_16s_12s_29_4_1_DSP48_0_U/E[0]                                   |                  |               16 |             32 |         2.00 |
|  ap_clk      | bd_0_i/hls_inst/inst/grp_FIR_filter_fu_47/ap_CS_fsm_state66                                                                                                      |                  |               24 |             32 |         1.33 |
|  ap_clk      | bd_0_i/hls_inst/inst/grp_FIR_filter_fu_47/ap_CS_fsm_state96                                                                                                      |                  |               25 |             32 |         1.28 |
|  ap_clk      | bd_0_i/hls_inst/inst/grp_FIR_filter_fu_47/ap_CS_fsm_state98                                                                                                      |                  |               18 |             32 |         1.78 |
|  ap_clk      | bd_0_i/hls_inst/inst/grp_FIR_filter_fu_47/ap_CS_fsm_state63                                                                                                      |                  |               14 |             32 |         2.29 |
|  ap_clk      | bd_0_i/hls_inst/inst/grp_FIR_filter_fu_47/ap_CS_fsm_state175                                                                                                     |                  |               24 |             32 |         1.33 |
|  ap_clk      | bd_0_i/hls_inst/inst/grp_FIR_filter_fu_47/ap_CS_fsm_state173                                                                                                     |                  |               17 |             41 |         2.41 |
|  ap_clk      | bd_0_i/hls_inst/inst/grp_FIR_filter_fu_47/ap_CS_fsm_state163                                                                                                     |                  |               13 |             41 |         3.15 |
|  ap_clk      | bd_0_i/hls_inst/inst/grp_FIR_filter_fu_47/ap_CS_fsm_state177                                                                                                     |                  |               14 |             41 |         2.93 |
|  ap_clk      | bd_0_i/hls_inst/inst/grp_FIR_filter_fu_47/ap_CS_fsm_state135                                                                                                     |                  |               15 |             43 |         2.87 |
|  ap_clk      | bd_0_i/hls_inst/inst/grp_FIR_filter_fu_47/ap_CS_fsm_state140                                                                                                     |                  |               14 |             44 |         3.14 |
|  ap_clk      | bd_0_i/hls_inst/inst/grp_FIR_filter_fu_47/ap_CS_fsm_state139                                                                                                     |                  |               23 |             59 |         2.57 |
|  ap_clk      | bd_0_i/hls_inst/inst/grp_FIR_filter_fu_47/ap_CS_fsm_state161                                                                                                     |                  |               17 |             59 |         3.47 |
|  ap_clk      | bd_0_i/hls_inst/inst/grp_FIR_filter_fu_47/ap_CS_fsm_state159                                                                                                     |                  |               22 |             60 |         2.73 |
|  ap_clk      | bd_0_i/hls_inst/inst/grp_FIR_filter_fu_47/ap_CS_fsm_state157                                                                                                     |                  |               22 |             61 |         2.77 |
|  ap_clk      | bd_0_i/hls_inst/inst/grp_FIR_filter_fu_47/ap_CS_fsm_state185                                                                                                     |                  |                8 |             63 |         7.88 |
|  ap_clk      | bd_0_i/hls_inst/inst/grp_FIR_filter_fu_47/ap_CS_fsm_state172                                                                                                     |                  |               20 |             68 |         3.40 |
|  ap_clk      | bd_0_i/hls_inst/inst/grp_FIR_filter_fu_47/ap_CS_fsm_state196                                                                                                     |                  |               22 |             78 |         3.55 |
|  ap_clk      | bd_0_i/hls_inst/inst/grp_FIR_filter_fu_47/ap_CS_fsm_state115                                                                                                     |                  |               30 |             84 |         2.80 |
|  ap_clk      | bd_0_i/hls_inst/inst/grp_FIR_filter_fu_47/ap_CS_fsm_state144                                                                                                     |                  |               23 |             90 |         3.91 |
|  ap_clk      |                                                                                                                                                                  | ap_rst_n         |              142 |            339 |         2.39 |
+--------------+------------------------------------------------------------------------------------------------------------------------------------------------------------------+------------------+------------------+----------------+--------------+


