

================================================================
== Vitis HLS Report for 'FIR_HLS_Pipeline_VITIS_LOOP_83_11'
================================================================
* Date:           Tue Nov  4 00:15:14 2025

* Version:        2024.2 (Build 5238294 on Nov  8 2024)
* Project:        FIR_v5
* Solution:       hls (Vivado IP Flow Target)
* Product family: zynquplus
* Target device:  xck26-sfvc784-2LV-c


================================================================
== Performance Estimates
================================================================
+ Timing: 
    * Summary: 
    +--------+----------+----------+------------+
    |  Clock |  Target  | Estimated| Uncertainty|
    +--------+----------+----------+------------+
    |ap_clk  |  10.00 ns|  5.870 ns|     2.70 ns|
    +--------+----------+----------+------------+

+ Latency: 
    * Summary: 
    +---------+---------+----------+----------+-----+-----+------------------------------------------------+
    |  Latency (cycles) |  Latency (absolute) |  Interval |                    Pipeline                    |
    |   min   |   max   |    min   |    max   | min | max |                      Type                      |
    +---------+---------+----------+----------+-----+-----+------------------------------------------------+
    |      118|      118|  1.180 us|  1.180 us|  117|  117|  loop auto-rewind stp (delay=0 clock cycles(s))|
    +---------+---------+----------+----------+-----+-----+------------------------------------------------+

    + Detail: 
        * Instance: 
        N/A

        * Loop: 
        +-------------------+---------+---------+----------+-----------+-----------+------+----------+
        |                   |  Latency (cycles) | Iteration|  Initiation Interval  | Trip |          |
        |     Loop Name     |   min   |   max   |  Latency |  achieved |   target  | Count| Pipelined|
        +-------------------+---------+---------+----------+-----------+-----------+------+----------+
        |- VITIS_LOOP_83_1  |      116|      116|         2|          1|          1|   116|       yes|
        +-------------------+---------+---------+----------+-----------+-----------+------+----------+

============================================================
+ Verbose Summary: Synthesis Manager
============================================================
InlineROM: 1
ExposeGlobal: 0
============================================================
+ Verbose Summary: CDFG Model
============================================================
IsTopModel: 0
ResetActiveHigh: 1
IsCombinational: 0
IsDatapathOnly: 0
HasWiredReturn: 1
HasMFsm: 2
HasVarLatency: 1
IsPipeline: 0
IsRtlPipelined: 0
IsInstanceOverlapped: 0
IsDontTouch: 0
HasImplIP: 0
IsGatedGlobalClock: 0

+ Individual pipeline summary: 
  * Pipeline-0: initiation interval (II) = 1, depth = 2


============================================================
+ Verbose Summary: Schedule
============================================================
* Number of FSM states : 2
* Pipeline : 1
  Pipeline-0 : II = 1, D = 2, States = { 1 2 }
* Dataflow Pipeline: 0

* FSM state transitions: 
1 --> 2 
2 --> 

* FSM state operations: 

State 1 <SV = 0> <Delay = 1.66>
ST_1 : Operation 5 [1/1] (0.00ns)   --->   "%i_2 = alloca i32 1" [FIR_HLS.cpp:83->FIR_HLS.cpp:25]   --->   Operation 5 'alloca' 'i_2' <Predicate = true> <Delay = 0.00>
ST_1 : Operation 6 [1/1] (0.00ns)   --->   "%sext_ln84_read = read i16 @_ssdm_op_Read.ap_auto.i16, i16 %sext_ln84"   --->   Operation 6 'read' 'sext_ln84_read' <Predicate = true> <Delay = 0.00>
ST_1 : Operation 7 [1/1] (0.00ns)   --->   "%sext_ln84_cast = sext i16 %sext_ln84_read"   --->   Operation 7 'sext' 'sext_ln84_cast' <Predicate = true> <Delay = 0.00>
ST_1 : Operation 8 [1/1] (0.42ns)   --->   "%store_ln83 = store i7 1, i7 %i_2" [FIR_HLS.cpp:83->FIR_HLS.cpp:25]   --->   Operation 8 'store' 'store_ln83' <Predicate = true> <Delay = 0.42>
ST_1 : Operation 9 [1/1] (0.00ns)   --->   "%br_ln0 = br void %for.body.i18"   --->   Operation 9 'br' 'br_ln0' <Predicate = true> <Delay = 0.00>
ST_1 : Operation 10 [1/1] (0.00ns)   --->   "%i = load i7 %i_2" [FIR_HLS.cpp:84->FIR_HLS.cpp:25]   --->   Operation 10 'load' 'i' <Predicate = true> <Delay = 0.00>
ST_1 : Operation 11 [1/1] (0.77ns)   --->   "%icmp_ln83 = icmp_eq  i7 %i, i7 117" [FIR_HLS.cpp:83->FIR_HLS.cpp:25]   --->   Operation 11 'icmp' 'icmp_ln83' <Predicate = true> <Delay = 0.77> <CoreInst = "Cmp">   --->   Core 9 'Cmp' <Latency = 0> <II = 1> <Delay = 0.77> <FuncUnit> <Opcode : 'seteq' 'setne' 'setle' 'setge' 'setlt' 'setgt'> <InPorts = 2> <OutPorts = 1>
ST_1 : Operation 12 [1/1] (0.00ns)   --->   "%speclooptripcount_ln0 = speclooptripcount void @_ssdm_op_SpecLoopTripCount, i64 116, i64 116, i64 116"   --->   Operation 12 'speclooptripcount' 'speclooptripcount_ln0' <Predicate = true> <Delay = 0.00>
ST_1 : Operation 13 [1/1] (0.00ns)   --->   "%br_ln83 = br i1 %icmp_ln83, void %for.body.split.i, void %FIR_filtertest.1.exit.exitStub" [FIR_HLS.cpp:83->FIR_HLS.cpp:25]   --->   Operation 13 'br' 'br_ln83' <Predicate = true> <Delay = 0.00>
ST_1 : Operation 14 [1/1] (0.00ns)   --->   "%zext_ln83 = zext i7 %i" [FIR_HLS.cpp:83->FIR_HLS.cpp:25]   --->   Operation 14 'zext' 'zext_ln83' <Predicate = (!icmp_ln83)> <Delay = 0.00>
ST_1 : Operation 15 [1/1] (0.00ns)   --->   "%b_FIR_kernel_addr = getelementptr i16 %b_FIR_kernel, i64 0, i64 %zext_ln83" [FIR_HLS.cpp:84->FIR_HLS.cpp:25]   --->   Operation 15 'getelementptr' 'b_FIR_kernel_addr' <Predicate = (!icmp_ln83)> <Delay = 0.00>
ST_1 : Operation 16 [2/2] (1.23ns)   --->   "%b_FIR_kernel_load = load i7 %b_FIR_kernel_addr" [FIR_HLS.cpp:84->FIR_HLS.cpp:25]   --->   Operation 16 'load' 'b_FIR_kernel_load' <Predicate = (!icmp_ln83)> <Delay = 1.23> <CoreInst = "ROM">   --->   Core 100 'ROM' <Latency = 1> <II = 1> <Delay = 1.23> <Storage> <Opcode : 'load'> <Ports = 0> <Width = 16> <Depth = 117> <ROM>
ST_1 : Operation 17 [1/1] (0.00ns)   --->   "%H_filter_FIR_kernel_addr = getelementptr i32 %H_filter_FIR_kernel, i64 0, i64 %zext_ln83" [FIR_HLS.cpp:84->FIR_HLS.cpp:25]   --->   Operation 17 'getelementptr' 'H_filter_FIR_kernel_addr' <Predicate = (!icmp_ln83)> <Delay = 0.00>
ST_1 : Operation 18 [2/2] (1.23ns)   --->   "%H_filter_FIR_kernel_load = load i7 %H_filter_FIR_kernel_addr" [FIR_HLS.cpp:84->FIR_HLS.cpp:25]   --->   Operation 18 'load' 'H_filter_FIR_kernel_load' <Predicate = (!icmp_ln83)> <Delay = 1.23> <CoreInst = "RAM">   --->   Core 82 'RAM' <Latency = 1> <II = 1> <Delay = 1.23> <Storage> <Opcode : 'load' 'store'> <Ports = 2> <Width = 32> <Depth = 117> <RAM>
ST_1 : Operation 19 [1/1] (0.77ns)   --->   "%add_ln83 = add i7 %i, i7 1" [FIR_HLS.cpp:83->FIR_HLS.cpp:25]   --->   Operation 19 'add' 'add_ln83' <Predicate = (!icmp_ln83)> <Delay = 0.77> <CoreInst = "Adder">   --->   Core 1 'Adder' <Latency = 0> <II = 1> <Delay = 0.77> <FuncUnit> <Opcode : 'add' 'sub'> <InPorts = 2> <OutPorts = 1>
ST_1 : Operation 20 [1/1] (0.42ns)   --->   "%store_ln83 = store i7 %add_ln83, i7 %i_2" [FIR_HLS.cpp:83->FIR_HLS.cpp:25]   --->   Operation 20 'store' 'store_ln83' <Predicate = (!icmp_ln83)> <Delay = 0.42>
ST_1 : Operation 34 [1/1] (0.42ns)   --->   "%ret_ln0 = ret"   --->   Operation 34 'ret' 'ret_ln0' <Predicate = (icmp_ln83)> <Delay = 0.42>

State 2 <SV = 1> <Delay = 5.87>
ST_2 : Operation 21 [1/1] (0.00ns)   --->   "%specpipeline_ln83 = specpipeline void @_ssdm_op_SpecPipeline, i32 4294967295, i32 0, i32 0, i32 0, void @empty_1" [FIR_HLS.cpp:83->FIR_HLS.cpp:25]   --->   Operation 21 'specpipeline' 'specpipeline_ln83' <Predicate = true> <Delay = 0.00>
ST_2 : Operation 22 [1/1] (0.00ns)   --->   "%specloopname_ln83 = specloopname void @_ssdm_op_SpecLoopName, void @empty_6" [FIR_HLS.cpp:83->FIR_HLS.cpp:25]   --->   Operation 22 'specloopname' 'specloopname_ln83' <Predicate = true> <Delay = 0.00>
ST_2 : Operation 23 [1/2] ( I:1.23ns O:1.23ns )   --->   "%b_FIR_kernel_load = load i7 %b_FIR_kernel_addr" [FIR_HLS.cpp:84->FIR_HLS.cpp:25]   --->   Operation 23 'load' 'b_FIR_kernel_load' <Predicate = true> <Delay = 1.23> <CoreInst = "ROM">   --->   Core 100 'ROM' <Latency = 1> <II = 1> <Delay = 1.23> <Storage> <Opcode : 'load'> <Ports = 0> <Width = 16> <Depth = 117> <ROM>
ST_2 : Operation 24 [1/2] ( I:1.23ns O:1.23ns )   --->   "%H_filter_FIR_kernel_load = load i7 %H_filter_FIR_kernel_addr" [FIR_HLS.cpp:84->FIR_HLS.cpp:25]   --->   Operation 24 'load' 'H_filter_FIR_kernel_load' <Predicate = true> <Delay = 1.23> <CoreInst = "RAM">   --->   Core 82 'RAM' <Latency = 1> <II = 1> <Delay = 1.23> <Storage> <Opcode : 'load' 'store'> <Ports = 2> <Width = 32> <Depth = 117> <RAM>
ST_2 : Operation 25 [1/1] (0.00ns)   --->   "%sext_ln84_2 = sext i16 %b_FIR_kernel_load" [FIR_HLS.cpp:84->FIR_HLS.cpp:25]   --->   Operation 25 'sext' 'sext_ln84_2' <Predicate = true> <Delay = 0.00>
ST_2 : Operation 26 [1/1] (2.38ns)   --->   "%mul_ln84 = mul i31 %sext_ln84_cast, i31 %sext_ln84_2" [FIR_HLS.cpp:84->FIR_HLS.cpp:25]   --->   Operation 26 'mul' 'mul_ln84' <Predicate = true> <Delay = 2.38> <CoreInst = "Multiplier">   --->   Core 3 'Multiplier' <Latency = 0> <II = 1> <Delay = 2.38> <FuncUnit> <Opcode : 'mul'> <InPorts = 2> <OutPorts = 1>
ST_2 : Operation 27 [1/1] (0.00ns)   --->   "%shl_ln3 = bitconcatenate i32 @_ssdm_op_BitConcatenate.i32.i31.i1, i31 %mul_ln84, i1 0" [FIR_HLS.cpp:84->FIR_HLS.cpp:25]   --->   Operation 27 'bitconcatenate' 'shl_ln3' <Predicate = true> <Delay = 0.00>
ST_2 : Operation 28 [1/1] (1.01ns)   --->   "%add_ln84 = add i32 %H_filter_FIR_kernel_load, i32 %shl_ln3" [FIR_HLS.cpp:84->FIR_HLS.cpp:25]   --->   Operation 28 'add' 'add_ln84' <Predicate = true> <Delay = 1.01> <CoreInst = "Adder">   --->   Core 1 'Adder' <Latency = 0> <II = 1> <Delay = 1.01> <FuncUnit> <Opcode : 'add' 'sub'> <InPorts = 2> <OutPorts = 1>
ST_2 : Operation 29 [1/1] (0.77ns)   --->   "%add_ln84_3 = add i7 %i, i7 127" [FIR_HLS.cpp:84->FIR_HLS.cpp:25]   --->   Operation 29 'add' 'add_ln84_3' <Predicate = true> <Delay = 0.77> <CoreInst = "Adder">   --->   Core 1 'Adder' <Latency = 0> <II = 1> <Delay = 0.77> <FuncUnit> <Opcode : 'add' 'sub'> <InPorts = 2> <OutPorts = 1>
ST_2 : Operation 30 [1/1] (0.00ns)   --->   "%zext_ln84 = zext i7 %add_ln84_3" [FIR_HLS.cpp:84->FIR_HLS.cpp:25]   --->   Operation 30 'zext' 'zext_ln84' <Predicate = true> <Delay = 0.00>
ST_2 : Operation 31 [1/1] (0.00ns)   --->   "%H_filter_FIR_kernel_addr_1 = getelementptr i32 %H_filter_FIR_kernel, i64 0, i64 %zext_ln84" [FIR_HLS.cpp:84->FIR_HLS.cpp:25]   --->   Operation 31 'getelementptr' 'H_filter_FIR_kernel_addr_1' <Predicate = true> <Delay = 0.00>
ST_2 : Operation 32 [1/1] ( I:1.23ns O:1.23ns )   --->   "%store_ln84 = store i32 %add_ln84, i7 %H_filter_FIR_kernel_addr_1" [FIR_HLS.cpp:84->FIR_HLS.cpp:25]   --->   Operation 32 'store' 'store_ln84' <Predicate = true> <Delay = 1.23> <CoreInst = "RAM">   --->   Core 82 'RAM' <Latency = 1> <II = 1> <Delay = 1.23> <Storage> <Opcode : 'load' 'store'> <Ports = 2> <Width = 32> <Depth = 117> <RAM>
ST_2 : Operation 33 [1/1] (0.00ns)   --->   "%br_ln83 = br void %for.body.i18" [FIR_HLS.cpp:83->FIR_HLS.cpp:25]   --->   Operation 33 'br' 'br_ln83' <Predicate = true> <Delay = 0.00>


============================================================
+ Verbose Summary: Timing violations
============================================================
Target clock period: 10.000ns, clock uncertainty: 2.700ns.

 <State 1>: 1.664ns
The critical path consists of the following:
	'store' operation 0 bit ('store_ln83', FIR_HLS.cpp:83->FIR_HLS.cpp:25) of constant 1 on local variable 'i', FIR_HLS.cpp:83->FIR_HLS.cpp:25 [7]  (0.427 ns)
	'load' operation 7 bit ('i', FIR_HLS.cpp:84->FIR_HLS.cpp:25) on local variable 'i', FIR_HLS.cpp:83->FIR_HLS.cpp:25 [10]  (0.000 ns)
	'getelementptr' operation 7 bit ('b_FIR_kernel_addr', FIR_HLS.cpp:84->FIR_HLS.cpp:25) [18]  (0.000 ns)
	'load' operation 16 bit ('b_FIR_kernel_load', FIR_HLS.cpp:84->FIR_HLS.cpp:25) on array 'b_FIR_kernel' [19]  (1.237 ns)

 <State 2>: 5.870ns
The critical path consists of the following:
	'load' operation 16 bit ('b_FIR_kernel_load', FIR_HLS.cpp:84->FIR_HLS.cpp:25) on array 'b_FIR_kernel' [19]  (1.237 ns)
	'mul' operation 31 bit ('mul_ln84', FIR_HLS.cpp:84->FIR_HLS.cpp:25) [23]  (2.380 ns)
	'add' operation 32 bit ('add_ln84', FIR_HLS.cpp:84->FIR_HLS.cpp:25) [25]  (1.016 ns)
	'store' operation 0 bit ('store_ln84', FIR_HLS.cpp:84->FIR_HLS.cpp:25) of variable 'add_ln84', FIR_HLS.cpp:84->FIR_HLS.cpp:25 on array 'H_filter_FIR_kernel' [29]  (1.237 ns)


============================================================
+ Verbose Summary: Binding
============================================================
N/A
* FSMD analyzer results:
  - Output states:
 - Input state : 
  - Chain level:
	State 1
	State 2


============================================================
+ Verbose Summary: Datapath Resource usage 
============================================================
N/A
