  **** HLS Build v2024.2 5238294
INFO: [HLS 200-2005] Using work_dir C:/HLS-multirate-DSP/HLS_Multirate/Multirate_v1/Multirate_v1 
INFO: [HLS 200-1611] Setting target device to 'xck26-sfvc784-2LV-c'
INFO: [HLS 200-1505] Using default flow_target 'vivado'
Resolution: For help on HLS 200-1505 see docs.xilinx.com/access/sources/dita/topic?Doc_Version=2024.2%20English&url=ug1448-hls-guidance&resourceid=200-1505.html
INFO: [HLS 200-1465] Applying ini 'syn.file=FIR_HLS.cpp' from C:/HLS-multirate-DSP/HLS_Multirate/Multirate_v1/hls_config.cfg(7)
INFO: [HLS 200-10] Adding design file 'C:/HLS-multirate-DSP/HLS_Multirate/Multirate_v1/FIR_HLS.cpp' to the project
INFO: [HLS 200-1465] Applying ini 'syn.file=FIR_HLS.h' from C:/HLS-multirate-DSP/HLS_Multirate/Multirate_v1/hls_config.cfg(8)
INFO: [HLS 200-10] Adding design file 'C:/HLS-multirate-DSP/HLS_Multirate/Multirate_v1/FIR_HLS.h' to the project
INFO: [HLS 200-1465] Applying ini 'syn.file=../../Matlab/FIR_multirate_HLS.h' from C:/HLS-multirate-DSP/HLS_Multirate/Multirate_v1/hls_config.cfg(9)
INFO: [HLS 200-10] Adding design file 'C:/HLS-multirate-DSP/Matlab/FIR_multirate_HLS.h' to the project
INFO: [HLS 200-1465] Applying ini 'tb.file=FIR_HLS_TB.cpp' from C:/HLS-multirate-DSP/HLS_Multirate/Multirate_v1/hls_config.cfg(10)
INFO: [HLS 200-10] Adding test bench file 'C:/HLS-multirate-DSP/HLS_Multirate/Multirate_v1/FIR_HLS_TB.cpp' to the project
INFO: [HLS 200-1465] Applying ini 'tb.file=../../Matlab/TS_HLS_multirate.res' from C:/HLS-multirate-DSP/HLS_Multirate/Multirate_v1/hls_config.cfg(11)
INFO: [HLS 200-10] Adding test bench file 'C:/HLS-multirate-DSP/Matlab/TS_HLS_multirate.res' to the project
INFO: [HLS 200-1465] Applying ini 'tb.file=../../Matlab/TS_HLS_multirate.dat' from C:/HLS-multirate-DSP/HLS_Multirate/Multirate_v1/hls_config.cfg(12)
INFO: [HLS 200-10] Adding test bench file 'C:/HLS-multirate-DSP/Matlab/TS_HLS_multirate.dat' to the project
INFO: [HLS 200-1465] Applying ini 'syn.top=FIR_HLS' from C:/HLS-multirate-DSP/HLS_Multirate/Multirate_v1/hls_config.cfg(13)
INFO: [HLS 200-1465] Applying ini 'flow_target=vivado' from C:/HLS-multirate-DSP/HLS_Multirate/Multirate_v1/hls_config.cfg(4)
INFO: [HLS 200-1505] Using flow_target 'vivado'
Resolution: For help on HLS 200-1505 see docs.xilinx.com/access/sources/dita/topic?Doc_Version=2024.2%20English&url=ug1448-hls-guidance&resourceid=200-1505.html
INFO: [HLS 200-1465] Applying ini 'part=xck26-sfvc784-2LV-c' from C:/HLS-multirate-DSP/HLS_Multirate/Multirate_v1/hls_config.cfg(1)
INFO: [HLS 200-1465] Applying ini 'package.output.format=ip_catalog' from C:/HLS-multirate-DSP/HLS_Multirate/Multirate_v1/hls_config.cfg(5)
INFO: [COSIM 212-47] Using XSIM for RTL simulation.
INFO: [COSIM 212-14] Instrumenting C test bench ...
   Build using "C:/AMD/Vitis/2024.2/vcxx/libexec/clang++"
   Compiling FIR_HLS_TB.cpp_pre.cpp.tb.cpp
   Compiling apatb_FIR_HLS.cpp
   Compiling apatb_FIR_HLS_util.cpp
   Compiling FIR_HLS.cpp_pre.cpp.tb.cpp
   Compiling apatb_FIR_HLS_ir.ll
   Generating cosim.tv.exe
INFO: [COSIM 212-302] Starting C TB testing ... 
INFO: Reading ../../../../../../Matlab/TS_HLS_multirate.dat
INFO: Read 460 samples from ../../../../../../Matlab/TS_HLS_multirate.dat
INFO: Reading ../../../../../../Matlab/TS_HLS_multirate.res
INFO: Read 460 samples from ../../../../../../Matlab/TS_HLS_multirate.res
INFO: Input and reference data lengths match.
Mismatch at sample  280: ref=-0.358093, dut=-0.304932
Mismatch at sample  281: ref=-0.481445, dut=-0.420898
Mismatch at sample  282: ref=-0.582062, dut=-0.569702
Mismatch at sample  283: ref=-0.672455, dut=-0.785156
Mismatch at sample  284: ref=-0.771301, dut=0.978027
Mismatch at sample  285: ref=-0.851379, dut=0.883667
Mismatch at sample  286: ref=-0.910278, dut=-0.931274
Mismatch at sample  287: ref=-0.951416, dut=-0.438354
Mismatch at sample  288: ref=-0.987885, dut=0.21582
Mismatch at sample  289: ref=0.999847, dut=0.791748
Mismatch at sample  290: ref=-0.999756, dut=-0.976807
Mismatch at sample  291: ref=-0.980927, dut=0.810913
Mismatch at sample  292: ref=-0.947968, dut=0.255737
Mismatch at sample  293: ref=-0.892883, dut=-0.379883
Mismatch at sample  294: ref=-0.838196, dut=-0.859253
Mismatch at sample  295: ref=-0.769135, dut=0.96582
Mismatch at sample  296: ref=-0.679352, dut=-0.930054
Mismatch at sample  297: ref=-0.573975, dut=-0.686768
Mismatch at sample  298: ref=-0.480408, dut=-0.46814
Mismatch at sample  299: ref=-0.378174, dut=-0.317749
Mismatch at sample  300: ref=-0.251801, dut=-0.19873
---------------------------------------
Testbench Results
Samples processed : 460
Mismatches        : 21
Status: FAIL [!!] (21 samples out of tolerance)
---------------------------------------
INFO [HLS SIM]: The maximum depth reached by any hls::stream() instance in the design is 460
INFO: [COSIM 212-333] Generating C post check test bench ...
INFO: [COSIM 212-12] Generating RTL test bench ...
INFO: [COSIM 212-1] *** C/RTL co-simulation file generation completed. ***
INFO: [COSIM 212-323] Starting verilog simulation. 
INFO: [COSIM 212-15] Starting XSIM ...

C:\HLS-multirate-DSP\HLS_Multirate\Multirate_v1\Multirate_v1\hls\sim\verilog>set PATH= 

C:\HLS-multirate-DSP\HLS_Multirate\Multirate_v1\Multirate_v1\hls\sim\verilog>call C:/AMD/Vivado/2024.2/bin/xelab xil_defaultlib.apatb_FIR_HLS_top glbl -Oenable_linking_all_libraries  -prj FIR_HLS.prj -L smartconnect_v1_0 -L axi_protocol_checker_v1_1_12 -L axi_protocol_checker_v1_1_13 -L axis_protocol_checker_v1_1_11 -L axis_protocol_checker_v1_1_12 -L xil_defaultlib -L unisims_ver -L xpm  -L floating_point_v7_0_24 -L floating_point_v7_1_19 --lib "ieee_proposed=./ieee_proposed" -s FIR_HLS  
Vivado Simulator v2024.2.0
Copyright 1986-2022 Xilinx, Inc. All Rights Reserved.
Copyright 2022-2024 Advanced Micro Devices, Inc. All Rights Reserved.
Running: C:/AMD/Vivado/2024.2/bin/unwrapped/win64.o/xelab.exe xil_defaultlib.apatb_FIR_HLS_top glbl -Oenable_linking_all_libraries -prj FIR_HLS.prj -L smartconnect_v1_0 -L axi_protocol_checker_v1_1_12 -L axi_protocol_checker_v1_1_13 -L axis_protocol_checker_v1_1_11 -L axis_protocol_checker_v1_1_12 -L xil_defaultlib -L unisims_ver -L xpm -L floating_point_v7_0_24 -L floating_point_v7_1_19 --lib ieee_proposed=./ieee_proposed -s FIR_HLS 
Multi-threading is on. Using 10 slave threads.
INFO: [VRFC 10-2263] Analyzing SystemVerilog file "C:/HLS-multirate-DSP/HLS_Multirate/Multirate_v1/Multirate_v1/hls/sim/verilog/glbl.v" into library work
INFO: [VRFC 10-311] analyzing module glbl
INFO: [VRFC 10-2263] Analyzing SystemVerilog file "C:/HLS-multirate-DSP/HLS_Multirate/Multirate_v1/Multirate_v1/hls/sim/verilog/AESL_axi_s_input_r.v" into library xil_defaultlib
INFO: [VRFC 10-311] analyzing module AESL_axi_s_input_r
INFO: [VRFC 10-2263] Analyzing SystemVerilog file "C:/HLS-multirate-DSP/HLS_Multirate/Multirate_v1/Multirate_v1/hls/sim/verilog/AESL_axi_s_output_r.v" into library xil_defaultlib
INFO: [VRFC 10-311] analyzing module AESL_axi_s_output_r
INFO: [VRFC 10-2263] Analyzing SystemVerilog file "C:/HLS-multirate-DSP/HLS_Multirate/Multirate_v1/Multirate_v1/hls/sim/verilog/AESL_deadlock_idx0_monitor.v" into library xil_defaultlib
INFO: [VRFC 10-311] analyzing module AESL_deadlock_idx0_monitor
INFO: [VRFC 10-2263] Analyzing SystemVerilog file "C:/HLS-multirate-DSP/HLS_Multirate/Multirate_v1/Multirate_v1/hls/sim/verilog/AESL_deadlock_idx1_monitor.v" into library xil_defaultlib
INFO: [VRFC 10-311] analyzing module AESL_deadlock_idx1_monitor
INFO: [VRFC 10-2263] Analyzing SystemVerilog file "C:/HLS-multirate-DSP/HLS_Multirate/Multirate_v1/Multirate_v1/hls/sim/verilog/AESL_deadlock_kernel_monitor_top.v" into library xil_defaultlib
INFO: [VRFC 10-311] analyzing module AESL_deadlock_kernel_monitor_top
INFO: [VRFC 10-2263] Analyzing SystemVerilog file "C:/HLS-multirate-DSP/HLS_Multirate/Multirate_v1/Multirate_v1/hls/sim/verilog/AESL_fifo.v" into library xil_defaultlib
INFO: [VRFC 10-311] analyzing module fifo
INFO: [VRFC 10-2263] Analyzing SystemVerilog file "C:/HLS-multirate-DSP/HLS_Multirate/Multirate_v1/Multirate_v1/hls/sim/verilog/FIR_HLS.autotb.v" into library xil_defaultlib
INFO: [VRFC 10-311] analyzing module apatb_FIR_HLS_top
INFO: [VRFC 10-2263] Analyzing SystemVerilog file "C:/HLS-multirate-DSP/HLS_Multirate/Multirate_v1/Multirate_v1/hls/sim/verilog/FIR_HLS.v" into library xil_defaultlib
INFO: [VRFC 10-311] analyzing module FIR_HLS
INFO: [VRFC 10-2263] Analyzing SystemVerilog file "C:/HLS-multirate-DSP/HLS_Multirate/Multirate_v1/Multirate_v1/hls/sim/verilog/FIR_HLS_Block_entry_b_FIR_dec_int_43_rd_mod_value_fb_proc.v" into library xil_defaultlib
INFO: [VRFC 10-311] analyzing module FIR_HLS_Block_entry_b_FIR_dec_int_43_rd_mod_value_fb_proc
INFO: [VRFC 10-2263] Analyzing SystemVerilog file "C:/HLS-multirate-DSP/HLS_Multirate/Multirate_v1/Multirate_v1/hls/sim/verilog/FIR_HLS_Block_entry_b_FIR_dec_int_43_rd_mod_value_fb_proc_H_filter_FIR_kernel_RAM_AUTcud.v" into library xil_defaultlib
INFO: [VRFC 10-311] analyzing module FIR_HLS_Block_entry_b_FIR_dec_int_43_rd_mod_value_fb_proc_H_filter_FIR_kernel_RAM_AUTcud
INFO: [VRFC 10-2263] Analyzing SystemVerilog file "C:/HLS-multirate-DSP/HLS_Multirate/Multirate_v1/Multirate_v1/hls/sim/verilog/FIR_HLS_Block_entry_b_FIR_dec_int_43_rd_mod_value_fb_proc_Pipeline_VITIS_LOOP_103_1.v" into library xil_defaultlib
INFO: [VRFC 10-311] analyzing module FIR_HLS_Block_entry_b_FIR_dec_int_43_rd_mod_value_fb_proc_Pipeline_VITIS_LOOP_103_1
INFO: [VRFC 10-2263] Analyzing SystemVerilog file "C:/HLS-multirate-DSP/HLS_Multirate/Multirate_v1/Multirate_v1/hls/sim/verilog/FIR_HLS_Block_entry_b_FIR_dec_int_43_rd_mod_value_fb_proc_Pipeline_VITIS_LOOP_103_1_bbkb.v" into library xil_defaultlib
INFO: [VRFC 10-311] analyzing module FIR_HLS_Block_entry_b_FIR_dec_int_43_rd_mod_value_fb_proc_Pipeline_VITIS_LOOP_103_1_bbkb
INFO: [VRFC 10-2263] Analyzing SystemVerilog file "C:/HLS-multirate-DSP/HLS_Multirate/Multirate_v1/Multirate_v1/hls/sim/verilog/FIR_HLS_Block_entry_b_FIR_dec_int_43_rd_mod_value_fb_proc_Pipeline_VITIS_LOOP_106_2.v" into library xil_defaultlib
INFO: [VRFC 10-311] analyzing module FIR_HLS_Block_entry_b_FIR_dec_int_43_rd_mod_value_fb_proc_Pipeline_VITIS_LOOP_106_2
INFO: [VRFC 10-2263] Analyzing SystemVerilog file "C:/HLS-multirate-DSP/HLS_Multirate/Multirate_v1/Multirate_v1/hls/sim/verilog/FIR_HLS_DECIMATOR.v" into library xil_defaultlib
INFO: [VRFC 10-311] analyzing module FIR_HLS_DECIMATOR
INFO: [VRFC 10-2263] Analyzing SystemVerilog file "C:/HLS-multirate-DSP/HLS_Multirate/Multirate_v1/Multirate_v1/hls/sim/verilog/FIR_HLS_DECIMATOR_b_FIR_dec_int_41_ROM_AUTO_1R.v" into library xil_defaultlib
INFO: [VRFC 10-311] analyzing module FIR_HLS_DECIMATOR_b_FIR_dec_int_41_ROM_AUTO_1R
INFO: [VRFC 10-2263] Analyzing SystemVerilog file "C:/HLS-multirate-DSP/HLS_Multirate/Multirate_v1/Multirate_v1/hls/sim/verilog/FIR_HLS_DECIMATOR_b_FIR_dec_int_42_ROM_AUTO_1R.v" into library xil_defaultlib
INFO: [VRFC 10-311] analyzing module FIR_HLS_DECIMATOR_b_FIR_dec_int_42_ROM_AUTO_1R
INFO: [VRFC 10-2263] Analyzing SystemVerilog file "C:/HLS-multirate-DSP/HLS_Multirate/Multirate_v1/Multirate_v1/hls/sim/verilog/FIR_HLS_DECIMATOR_b_FIR_dec_int_43_ROM_AUTO_1R.v" into library xil_defaultlib
INFO: [VRFC 10-311] analyzing module FIR_HLS_DECIMATOR_b_FIR_dec_int_43_ROM_AUTO_1R
INFO: [VRFC 10-2263] Analyzing SystemVerilog file "C:/HLS-multirate-DSP/HLS_Multirate/Multirate_v1/Multirate_v1/hls/sim/verilog/FIR_HLS_DECIMATOR_H_filter_FIR_dec_40_RAM_AUTO_1R1W.v" into library xil_defaultlib
INFO: [VRFC 10-311] analyzing module FIR_HLS_DECIMATOR_H_filter_FIR_dec_40_RAM_AUTO_1R1W
INFO: [VRFC 10-2263] Analyzing SystemVerilog file "C:/HLS-multirate-DSP/HLS_Multirate/Multirate_v1/Multirate_v1/hls/sim/verilog/FIR_HLS_DECIMATOR_H_filter_FIR_dec_43_RAM_AUTO_1R1W.v" into library xil_defaultlib
INFO: [VRFC 10-311] analyzing module FIR_HLS_DECIMATOR_H_filter_FIR_dec_43_RAM_AUTO_1R1W
INFO: [VRFC 10-2263] Analyzing SystemVerilog file "C:/HLS-multirate-DSP/HLS_Multirate/Multirate_v1/Multirate_v1/hls/sim/verilog/FIR_HLS_DECIMATOR_Pipeline_VITIS_LOOP_103_1.v" into library xil_defaultlib
INFO: [VRFC 10-311] analyzing module FIR_HLS_DECIMATOR_Pipeline_VITIS_LOOP_103_1
INFO: [VRFC 10-2263] Analyzing SystemVerilog file "C:/HLS-multirate-DSP/HLS_Multirate/Multirate_v1/Multirate_v1/hls/sim/verilog/FIR_HLS_DECIMATOR_Pipeline_VITIS_LOOP_103_1_b_FIR_dec_int_40_ROM_AUTO_1R.v" into library xil_defaultlib
INFO: [VRFC 10-311] analyzing module FIR_HLS_DECIMATOR_Pipeline_VITIS_LOOP_103_1_b_FIR_dec_int_40_ROM_AUTO_1R
INFO: [VRFC 10-2263] Analyzing SystemVerilog file "C:/HLS-multirate-DSP/HLS_Multirate/Multirate_v1/Multirate_v1/hls/sim/verilog/FIR_HLS_DECIMATOR_Pipeline_VITIS_LOOP_106_2.v" into library xil_defaultlib
INFO: [VRFC 10-311] analyzing module FIR_HLS_DECIMATOR_Pipeline_VITIS_LOOP_106_2
INFO: [VRFC 10-2263] Analyzing SystemVerilog file "C:/HLS-multirate-DSP/HLS_Multirate/Multirate_v1/Multirate_v1/hls/sim/verilog/FIR_HLS_FIR_filter_2.v" into library xil_defaultlib
INFO: [VRFC 10-311] analyzing module FIR_HLS_FIR_filter_2
INFO: [VRFC 10-2263] Analyzing SystemVerilog file "C:/HLS-multirate-DSP/HLS_Multirate/Multirate_v1/Multirate_v1/hls/sim/verilog/FIR_HLS_FIR_filter_2_Pipeline_VITIS_LOOP_103_1.v" into library xil_defaultlib
INFO: [VRFC 10-311] analyzing module FIR_HLS_FIR_filter_2_Pipeline_VITIS_LOOP_103_1
INFO: [VRFC 10-2263] Analyzing SystemVerilog file "C:/HLS-multirate-DSP/HLS_Multirate/Multirate_v1/Multirate_v1/hls/sim/verilog/FIR_HLS_FIR_filter_2_Pipeline_VITIS_LOOP_106_2.v" into library xil_defaultlib
INFO: [VRFC 10-311] analyzing module FIR_HLS_FIR_filter_2_Pipeline_VITIS_LOOP_106_2
INFO: [VRFC 10-2263] Analyzing SystemVerilog file "C:/HLS-multirate-DSP/HLS_Multirate/Multirate_v1/Multirate_v1/hls/sim/verilog/FIR_HLS_flow_control_loop_pipe_sequential_init.v" into library xil_defaultlib
INFO: [VRFC 10-311] analyzing module FIR_HLS_flow_control_loop_pipe_sequential_init
INFO: [VRFC 10-2263] Analyzing SystemVerilog file "C:/HLS-multirate-DSP/HLS_Multirate/Multirate_v1/Multirate_v1/hls/sim/verilog/FIR_HLS_INTERPOLATOR.v" into library xil_defaultlib
INFO: [VRFC 10-311] analyzing module FIR_HLS_INTERPOLATOR
INFO: [VRFC 10-2263] Analyzing SystemVerilog file "C:/HLS-multirate-DSP/HLS_Multirate/Multirate_v1/Multirate_v1/hls/sim/verilog/FIR_HLS_INTERPOLATOR_b_FIR_dec_int_418_ROM_AUTO_1R.v" into library xil_defaultlib
INFO: [VRFC 10-311] analyzing module FIR_HLS_INTERPOLATOR_b_FIR_dec_int_418_ROM_AUTO_1R
INFO: [VRFC 10-2263] Analyzing SystemVerilog file "C:/HLS-multirate-DSP/HLS_Multirate/Multirate_v1/Multirate_v1/hls/sim/verilog/FIR_HLS_INTERPOLATOR_b_FIR_dec_int_429_ROM_AUTO_1R.v" into library xil_defaultlib
INFO: [VRFC 10-311] analyzing module FIR_HLS_INTERPOLATOR_b_FIR_dec_int_429_ROM_AUTO_1R
INFO: [VRFC 10-2263] Analyzing SystemVerilog file "C:/HLS-multirate-DSP/HLS_Multirate/Multirate_v1/Multirate_v1/hls/sim/verilog/FIR_HLS_INTERPOLATOR_b_FIR_dec_int_4310_ROM_AUTO_1R.v" into library xil_defaultlib
INFO: [VRFC 10-311] analyzing module FIR_HLS_INTERPOLATOR_b_FIR_dec_int_4310_ROM_AUTO_1R
INFO: [VRFC 10-2263] Analyzing SystemVerilog file "C:/HLS-multirate-DSP/HLS_Multirate/Multirate_v1/Multirate_v1/hls/sim/verilog/FIR_HLS_INTERPOLATOR_H_filter_FIR_int_41_RAM_AUTO_1R1W.v" into library xil_defaultlib
INFO: [VRFC 10-311] analyzing module FIR_HLS_INTERPOLATOR_H_filter_FIR_int_41_RAM_AUTO_1R1W
INFO: [VRFC 10-2263] Analyzing SystemVerilog file "C:/HLS-multirate-DSP/HLS_Multirate/Multirate_v1/Multirate_v1/hls/sim/verilog/FIR_HLS_INTERPOLATOR_Pipeline_VITIS_LOOP_103_1.v" into library xil_defaultlib
INFO: [VRFC 10-311] analyzing module FIR_HLS_INTERPOLATOR_Pipeline_VITIS_LOOP_103_1
INFO: [VRFC 10-2263] Analyzing SystemVerilog file "C:/HLS-multirate-DSP/HLS_Multirate/Multirate_v1/Multirate_v1/hls/sim/verilog/FIR_HLS_INTERPOLATOR_Pipeline_VITIS_LOOP_106_2.v" into library xil_defaultlib
INFO: [VRFC 10-311] analyzing module FIR_HLS_INTERPOLATOR_Pipeline_VITIS_LOOP_106_2
INFO: [VRFC 10-2263] Analyzing SystemVerilog file "C:/HLS-multirate-DSP/HLS_Multirate/Multirate_v1/Multirate_v1/hls/sim/verilog/FIR_HLS_mul_32s_14s_46_1_1.v" into library xil_defaultlib
INFO: [VRFC 10-311] analyzing module FIR_HLS_mul_32s_14s_46_1_1
INFO: [VRFC 10-2263] Analyzing SystemVerilog file "C:/HLS-multirate-DSP/HLS_Multirate/Multirate_v1/Multirate_v1/hls/sim/verilog/FIR_HLS_mul_32s_15s_47_1_1.v" into library xil_defaultlib
INFO: [VRFC 10-311] analyzing module FIR_HLS_mul_32s_15s_47_1_1
INFO: [VRFC 10-2263] Analyzing SystemVerilog file "C:/HLS-multirate-DSP/HLS_Multirate/Multirate_v1/Multirate_v1/hls/sim/verilog/FIR_HLS_mul_32s_16s_47_1_1.v" into library xil_defaultlib
INFO: [VRFC 10-311] analyzing module FIR_HLS_mul_32s_16s_47_1_1
INFO: [VRFC 10-2263] Analyzing SystemVerilog file "C:/HLS-multirate-DSP/HLS_Multirate/Multirate_v1/Multirate_v1/hls/sim/verilog/FIR_HLS_regslice_both.v" into library xil_defaultlib
INFO: [VRFC 10-311] analyzing module FIR_HLS_regslice_both
INFO: [VRFC 10-2263] Analyzing SystemVerilog file "C:/HLS-multirate-DSP/HLS_Multirate/Multirate_v1/Multirate_v1/hls/sim/verilog/dataflow_monitor.sv" into library xil_defaultlib
INFO: [VRFC 10-311] analyzing module dataflow_monitor
Starting static elaboration
Pass Through NonSizing Optimizer
Completed static elaboration
Starting simulation data flow analysis
Completed simulation data flow analysis
Time Resolution for simulation is 1ps
Compiling package xil_defaultlib.$unit_dataflow_monitor_sv
Compiling module xil_defaultlib.FIR_HLS_Block_entry_b_FIR_dec_in...
Compiling module xil_defaultlib.FIR_HLS_DECIMATOR_H_filter_FIR_d...
Compiling module xil_defaultlib.FIR_HLS_DECIMATOR_H_filter_FIR_d...
Compiling module xil_defaultlib.FIR_HLS_DECIMATOR_b_FIR_dec_int_...
Compiling module xil_defaultlib.FIR_HLS_DECIMATOR_b_FIR_dec_int_...
Compiling module xil_defaultlib.FIR_HLS_DECIMATOR_b_FIR_dec_int_...
Compiling module xil_defaultlib.FIR_HLS_mul_32s_15s_47_1_1(NUM_S...
Compiling module xil_defaultlib.FIR_HLS_flow_control_loop_pipe_s...
Compiling module xil_defaultlib.FIR_HLS_FIR_filter_2_Pipeline_VI...
Compiling module xil_defaultlib.FIR_HLS_FIR_filter_2_Pipeline_VI...
Compiling module xil_defaultlib.FIR_HLS_FIR_filter_2
Compiling module xil_defaultlib.FIR_HLS_DECIMATOR_Pipeline_VITIS...
Compiling module xil_defaultlib.FIR_HLS_mul_32s_14s_46_1_1(NUM_S...
Compiling module xil_defaultlib.FIR_HLS_DECIMATOR_Pipeline_VITIS...
Compiling module xil_defaultlib.FIR_HLS_DECIMATOR_Pipeline_VITIS...
Compiling module xil_defaultlib.FIR_HLS_DECIMATOR
Compiling module xil_defaultlib.FIR_HLS_Block_entry_b_FIR_dec_in...
Compiling module xil_defaultlib.FIR_HLS_mul_32s_16s_47_1_1(NUM_S...
Compiling module xil_defaultlib.FIR_HLS_Block_entry_b_FIR_dec_in...
Compiling module xil_defaultlib.FIR_HLS_Block_entry_b_FIR_dec_in...
Compiling module xil_defaultlib.FIR_HLS_INTERPOLATOR_H_filter_FI...
Compiling module xil_defaultlib.FIR_HLS_INTERPOLATOR_b_FIR_dec_i...
Compiling module xil_defaultlib.FIR_HLS_INTERPOLATOR_b_FIR_dec_i...
Compiling module xil_defaultlib.FIR_HLS_INTERPOLATOR_b_FIR_dec_i...
Compiling module xil_defaultlib.FIR_HLS_INTERPOLATOR_Pipeline_VI...
Compiling module xil_defaultlib.FIR_HLS_INTERPOLATOR_Pipeline_VI...
Compiling module xil_defaultlib.FIR_HLS_INTERPOLATOR
Compiling module xil_defaultlib.FIR_HLS_regslice_both(DataWidth=...
Compiling module xil_defaultlib.FIR_HLS_Block_entry_b_FIR_dec_in...
Compiling module xil_defaultlib.FIR_HLS
Compiling module xil_defaultlib.fifo(DEPTH=2,WIDTH=16)
Compiling module xil_defaultlib.AESL_axi_s_input_r
Compiling module xil_defaultlib.AESL_axi_s_output_r
Compiling module xil_defaultlib.AESL_deadlock_idx1_monitor
Compiling module xil_defaultlib.AESL_deadlock_idx0_monitor
Compiling module xil_defaultlib.AESL_deadlock_kernel_monitor_top...
Compiling module xil_defaultlib.df_process_intf_default
Compiling module xil_defaultlib.nodf_module_intf_default
Compiling module xil_defaultlib.upc_loop_intf(FSM_WIDTH=1)
Compiling module xil_defaultlib.dataflow_monitor_1
Compiling module xil_defaultlib.apatb_FIR_HLS_top
Compiling module work.glbl
Built simulation snapshot FIR_HLS

****** xsim v2024.2 (64-bit)
  **** SW Build 5239630 on Fri Nov 08 22:35:27 MST 2024
  **** IP Build 5239520 on Sun Nov 10 16:12:51 MST 2024
  **** SharedData Build 5239561 on Fri Nov 08 14:39:27 MST 2024
  **** Start of session at: Wed Nov 12 22:18:49 2025
    ** Copyright 1986-2022 Xilinx, Inc. All Rights Reserved.
    ** Copyright 2022-2024 Advanced Micro Devices, Inc. All Rights Reserved.

source xsim.dir/FIR_HLS/xsim_script.tcl
# xsim {FIR_HLS} -autoloadwcfg -tclbatch {FIR_HLS.tcl}
Time resolution is 1 ps
source FIR_HLS.tcl
## run all
////////////////////////////////////////////////////////////////////////////////////
// Inter-Transaction Progress: Completed Transaction / Total Transaction
// Intra-Transaction Progress: Measured Latency / Latency Estimation * 100%
//
// RTL Simulation : "Inter-Transaction Progress" ["Intra-Transaction Progress"] @ "Simulation Time"
////////////////////////////////////////////////////////////////////////////////////
// RTL Simulation : 0 / 460 [0.00%] @ "125000"
// RTL Simulation : 1 / 460 [92.96%] @ "2795000"
// RTL Simulation : 2 / 460 [107.04%] @ "3205000"
// RTL Simulation : 3 / 460 [119.37%] @ "3565000"
// RTL Simulation : 4 / 460 [35.92%] @ "3925000"
// RTL Simulation : 5 / 460 [117.61%] @ "6605000"
// RTL Simulation : 6 / 460 [119.37%] @ "7015000"
// RTL Simulation : 7 / 460 [119.37%] @ "7375000"
// RTL Simulation : 8 / 460 [35.92%] @ "7735000"
// RTL Simulation : 9 / 460 [117.61%] @ "10415000"
// RTL Simulation : 10 / 460 [119.37%] @ "10825000"
// RTL Simulation : 11 / 460 [119.37%] @ "11185000"
// RTL Simulation : 12 / 460 [35.92%] @ "11545000"
// RTL Simulation : 13 / 460 [117.61%] @ "14225000"
// RTL Simulation : 14 / 460 [119.37%] @ "14635000"
// RTL Simulation : 15 / 460 [119.37%] @ "14995000"
// RTL Simulation : 16 / 460 [35.92%] @ "15355000"
// RTL Simulation : 17 / 460 [117.61%] @ "18035000"
// RTL Simulation : 18 / 460 [119.37%] @ "18445000"
// RTL Simulation : 19 / 460 [119.37%] @ "18805000"
// RTL Simulation : 20 / 460 [35.92%] @ "19165000"
// RTL Simulation : 21 / 460 [117.61%] @ "21845000"
// RTL Simulation : 22 / 460 [119.37%] @ "22255000"
// RTL Simulation : 23 / 460 [119.37%] @ "22615000"
// RTL Simulation : 24 / 460 [35.92%] @ "22975000"
// RTL Simulation : 25 / 460 [117.61%] @ "25655000"
// RTL Simulation : 26 / 460 [119.37%] @ "26065000"
// RTL Simulation : 27 / 460 [119.37%] @ "26425000"
// RTL Simulation : 28 / 460 [35.92%] @ "26785000"
// RTL Simulation : 29 / 460 [117.61%] @ "29465000"
// RTL Simulation : 30 / 460 [119.37%] @ "29875000"
// RTL Simulation : 31 / 460 [119.37%] @ "30235000"
// RTL Simulation : 32 / 460 [35.92%] @ "30595000"
// RTL Simulation : 33 / 460 [117.61%] @ "33275000"
// RTL Simulation : 34 / 460 [119.37%] @ "33685000"
// RTL Simulation : 35 / 460 [119.37%] @ "34045000"
// RTL Simulation : 36 / 460 [35.92%] @ "34405000"
// RTL Simulation : 37 / 460 [117.61%] @ "37085000"
// RTL Simulation : 38 / 460 [119.37%] @ "37495000"
// RTL Simulation : 39 / 460 [119.37%] @ "37855000"
// RTL Simulation : 40 / 460 [35.92%] @ "38215000"
// RTL Simulation : 41 / 460 [117.61%] @ "40895000"
// RTL Simulation : 42 / 460 [119.37%] @ "41305000"
// RTL Simulation : 43 / 460 [119.37%] @ "41665000"
// RTL Simulation : 44 / 460 [35.92%] @ "42025000"
// RTL Simulation : 45 / 460 [117.61%] @ "44705000"
// RTL Simulation : 46 / 460 [119.37%] @ "45115000"
// RTL Simulation : 47 / 460 [119.37%] @ "45475000"
// RTL Simulation : 48 / 460 [35.92%] @ "45835000"
// RTL Simulation : 49 / 460 [117.61%] @ "48515000"
// RTL Simulation : 50 / 460 [119.37%] @ "48925000"
// RTL Simulation : 51 / 460 [119.37%] @ "49285000"
// RTL Simulation : 52 / 460 [35.92%] @ "49645000"
// RTL Simulation : 53 / 460 [117.61%] @ "52325000"
// RTL Simulation : 54 / 460 [119.37%] @ "52735000"
// RTL Simulation : 55 / 460 [119.37%] @ "53095000"
// RTL Simulation : 56 / 460 [35.92%] @ "53455000"
// RTL Simulation : 57 / 460 [117.61%] @ "56135000"
// RTL Simulation : 58 / 460 [119.37%] @ "56545000"
// RTL Simulation : 59 / 460 [119.37%] @ "56905000"
// RTL Simulation : 60 / 460 [35.92%] @ "57265000"
// RTL Simulation : 61 / 460 [117.61%] @ "59945000"
// RTL Simulation : 62 / 460 [119.37%] @ "60355000"
// RTL Simulation : 63 / 460 [119.37%] @ "60715000"
// RTL Simulation : 64 / 460 [35.92%] @ "61075000"
// RTL Simulation : 65 / 460 [117.61%] @ "63755000"
// RTL Simulation : 66 / 460 [119.37%] @ "64165000"
// RTL Simulation : 67 / 460 [119.37%] @ "64525000"
// RTL Simulation : 68 / 460 [35.92%] @ "64885000"
// RTL Simulation : 69 / 460 [117.61%] @ "67565000"
// RTL Simulation : 70 / 460 [119.37%] @ "67975000"
// RTL Simulation : 71 / 460 [119.37%] @ "68335000"
// RTL Simulation : 72 / 460 [35.92%] @ "68695000"
// RTL Simulation : 73 / 460 [117.61%] @ "71375000"
// RTL Simulation : 74 / 460 [119.37%] @ "71785000"
// RTL Simulation : 75 / 460 [119.37%] @ "72145000"
// RTL Simulation : 76 / 460 [35.92%] @ "72505000"
// RTL Simulation : 77 / 460 [117.61%] @ "75185000"
// RTL Simulation : 78 / 460 [119.37%] @ "75595000"
// RTL Simulation : 79 / 460 [119.37%] @ "75955000"
// RTL Simulation : 80 / 460 [35.92%] @ "76315000"
// RTL Simulation : 81 / 460 [117.61%] @ "78995000"
// RTL Simulation : 82 / 460 [119.37%] @ "79405000"
// RTL Simulation : 83 / 460 [119.37%] @ "79765000"
// RTL Simulation : 84 / 460 [35.92%] @ "80125000"
// RTL Simulation : 85 / 460 [117.61%] @ "82805000"
// RTL Simulation : 86 / 460 [119.37%] @ "83215000"
// RTL Simulation : 87 / 460 [119.37%] @ "83575000"
// RTL Simulation : 88 / 460 [35.92%] @ "83935000"
// RTL Simulation : 89 / 460 [117.61%] @ "86615000"
// RTL Simulation : 90 / 460 [119.37%] @ "87025000"
// RTL Simulation : 91 / 460 [119.37%] @ "87385000"
// RTL Simulation : 92 / 460 [35.92%] @ "87745000"
// RTL Simulation : 93 / 460 [117.61%] @ "90425000"
// RTL Simulation : 94 / 460 [119.37%] @ "90835000"
// RTL Simulation : 95 / 460 [119.37%] @ "91195000"
// RTL Simulation : 96 / 460 [35.92%] @ "91555000"
// RTL Simulation : 97 / 460 [117.61%] @ "94235000"
// RTL Simulation : 98 / 460 [119.37%] @ "94645000"
// RTL Simulation : 99 / 460 [119.37%] @ "95005000"
// RTL Simulation : 100 / 460 [35.92%] @ "95365000"
// RTL Simulation : 101 / 460 [117.61%] @ "98045000"
// RTL Simulation : 102 / 460 [119.37%] @ "98455000"
// RTL Simulation : 103 / 460 [119.37%] @ "98815000"
// RTL Simulation : 104 / 460 [35.92%] @ "99175000"
// RTL Simulation : 105 / 460 [117.61%] @ "101855000"
// RTL Simulation : 106 / 460 [119.37%] @ "102265000"
// RTL Simulation : 107 / 460 [119.37%] @ "102625000"
// RTL Simulation : 108 / 460 [35.92%] @ "102985000"
// RTL Simulation : 109 / 460 [117.61%] @ "105665000"
// RTL Simulation : 110 / 460 [119.37%] @ "106075000"
// RTL Simulation : 111 / 460 [119.37%] @ "106435000"
// RTL Simulation : 112 / 460 [35.92%] @ "106795000"
// RTL Simulation : 113 / 460 [117.61%] @ "109475000"
// RTL Simulation : 114 / 460 [119.37%] @ "109885000"
// RTL Simulation : 115 / 460 [119.37%] @ "110245000"
// RTL Simulation : 116 / 460 [35.92%] @ "110605000"
// RTL Simulation : 117 / 460 [117.61%] @ "113285000"
// RTL Simulation : 118 / 460 [119.37%] @ "113695000"
// RTL Simulation : 119 / 460 [119.37%] @ "114055000"
// RTL Simulation : 120 / 460 [35.92%] @ "114415000"
// RTL Simulation : 121 / 460 [117.61%] @ "117095000"
// RTL Simulation : 122 / 460 [119.37%] @ "117505000"
// RTL Simulation : 123 / 460 [119.37%] @ "117865000"
// RTL Simulation : 124 / 460 [35.92%] @ "118225000"
// RTL Simulation : 125 / 460 [117.61%] @ "120905000"
// RTL Simulation : 126 / 460 [119.37%] @ "121315000"
// RTL Simulation : 127 / 460 [119.37%] @ "121675000"
// RTL Simulation : 128 / 460 [35.92%] @ "122035000"
// RTL Simulation : 129 / 460 [117.61%] @ "124715000"
// RTL Simulation : 130 / 460 [119.37%] @ "125125000"
// RTL Simulation : 131 / 460 [119.37%] @ "125485000"
// RTL Simulation : 132 / 460 [35.92%] @ "125845000"
// RTL Simulation : 133 / 460 [117.61%] @ "128525000"
// RTL Simulation : 134 / 460 [119.37%] @ "128935000"
// RTL Simulation : 135 / 460 [119.37%] @ "129295000"
// RTL Simulation : 136 / 460 [35.92%] @ "129655000"
// RTL Simulation : 137 / 460 [117.61%] @ "132335000"
// RTL Simulation : 138 / 460 [119.37%] @ "132745000"
// RTL Simulation : 139 / 460 [119.37%] @ "133105000"
// RTL Simulation : 140 / 460 [35.92%] @ "133465000"
// RTL Simulation : 141 / 460 [117.61%] @ "136145000"
// RTL Simulation : 142 / 460 [119.37%] @ "136555000"
// RTL Simulation : 143 / 460 [119.37%] @ "136915000"
// RTL Simulation : 144 / 460 [35.92%] @ "137275000"
// RTL Simulation : 145 / 460 [117.61%] @ "139955000"
// RTL Simulation : 146 / 460 [119.37%] @ "140365000"
// RTL Simulation : 147 / 460 [119.37%] @ "140725000"
// RTL Simulation : 148 / 460 [35.92%] @ "141085000"
// RTL Simulation : 149 / 460 [117.61%] @ "143765000"
// RTL Simulation : 150 / 460 [119.37%] @ "144175000"
// RTL Simulation : 151 / 460 [119.37%] @ "144535000"
// RTL Simulation : 152 / 460 [35.92%] @ "144895000"
// RTL Simulation : 153 / 460 [117.61%] @ "147575000"
// RTL Simulation : 154 / 460 [119.37%] @ "147985000"
// RTL Simulation : 155 / 460 [119.37%] @ "148345000"
// RTL Simulation : 156 / 460 [35.92%] @ "148705000"
// RTL Simulation : 157 / 460 [117.61%] @ "151385000"
// RTL Simulation : 158 / 460 [119.37%] @ "151795000"
// RTL Simulation : 159 / 460 [119.37%] @ "152155000"
// RTL Simulation : 160 / 460 [35.92%] @ "152515000"
// RTL Simulation : 161 / 460 [117.61%] @ "155195000"
// RTL Simulation : 162 / 460 [119.37%] @ "155605000"
// RTL Simulation : 163 / 460 [119.37%] @ "155965000"
// RTL Simulation : 164 / 460 [35.92%] @ "156325000"
// RTL Simulation : 165 / 460 [117.61%] @ "159005000"
// RTL Simulation : 166 / 460 [119.37%] @ "159415000"
// RTL Simulation : 167 / 460 [119.37%] @ "159775000"
// RTL Simulation : 168 / 460 [35.92%] @ "160135000"
// RTL Simulation : 169 / 460 [117.61%] @ "162815000"
// RTL Simulation : 170 / 460 [119.37%] @ "163225000"
// RTL Simulation : 171 / 460 [119.37%] @ "163585000"
// RTL Simulation : 172 / 460 [35.92%] @ "163945000"
// RTL Simulation : 173 / 460 [117.61%] @ "166625000"
// RTL Simulation : 174 / 460 [119.37%] @ "167035000"
// RTL Simulation : 175 / 460 [119.37%] @ "167395000"
// RTL Simulation : 176 / 460 [35.92%] @ "167755000"
// RTL Simulation : 177 / 460 [117.61%] @ "170435000"
// RTL Simulation : 178 / 460 [119.37%] @ "170845000"
// RTL Simulation : 179 / 460 [119.37%] @ "171205000"
// RTL Simulation : 180 / 460 [35.92%] @ "171565000"
// RTL Simulation : 181 / 460 [117.61%] @ "174245000"
// RTL Simulation : 182 / 460 [119.37%] @ "174655000"
// RTL Simulation : 183 / 460 [119.37%] @ "175015000"
// RTL Simulation : 184 / 460 [35.92%] @ "175375000"
// RTL Simulation : 185 / 460 [117.61%] @ "178055000"
// RTL Simulation : 186 / 460 [119.37%] @ "178465000"
// RTL Simulation : 187 / 460 [119.37%] @ "178825000"
// RTL Simulation : 188 / 460 [35.92%] @ "179185000"
// RTL Simulation : 189 / 460 [117.61%] @ "181865000"
// RTL Simulation : 190 / 460 [119.37%] @ "182275000"
// RTL Simulation : 191 / 460 [119.37%] @ "182635000"
// RTL Simulation : 192 / 460 [35.92%] @ "182995000"
// RTL Simulation : 193 / 460 [117.61%] @ "185675000"
// RTL Simulation : 194 / 460 [119.37%] @ "186085000"
// RTL Simulation : 195 / 460 [119.37%] @ "186445000"
// RTL Simulation : 196 / 460 [35.92%] @ "186805000"
// RTL Simulation : 197 / 460 [117.61%] @ "189485000"
// RTL Simulation : 198 / 460 [119.37%] @ "189895000"
// RTL Simulation : 199 / 460 [119.37%] @ "190255000"
// RTL Simulation : 200 / 460 [35.92%] @ "190615000"
// RTL Simulation : 201 / 460 [117.61%] @ "193295000"
// RTL Simulation : 202 / 460 [119.37%] @ "193705000"
// RTL Simulation : 203 / 460 [119.37%] @ "194065000"
// RTL Simulation : 204 / 460 [35.92%] @ "194425000"
// RTL Simulation : 205 / 460 [117.61%] @ "197105000"
// RTL Simulation : 206 / 460 [119.37%] @ "197515000"
// RTL Simulation : 207 / 460 [119.37%] @ "197875000"
// RTL Simulation : 208 / 460 [35.92%] @ "198235000"
// RTL Simulation : 209 / 460 [117.61%] @ "200915000"
// RTL Simulation : 210 / 460 [119.37%] @ "201325000"
// RTL Simulation : 211 / 460 [119.37%] @ "201685000"
// RTL Simulation : 212 / 460 [35.92%] @ "202045000"
// RTL Simulation : 213 / 460 [117.61%] @ "204725000"
// RTL Simulation : 214 / 460 [119.37%] @ "205135000"
// RTL Simulation : 215 / 460 [119.37%] @ "205495000"
// RTL Simulation : 216 / 460 [35.92%] @ "205855000"
// RTL Simulation : 217 / 460 [117.61%] @ "208535000"
// RTL Simulation : 218 / 460 [119.37%] @ "208945000"
// RTL Simulation : 219 / 460 [119.37%] @ "209305000"
// RTL Simulation : 220 / 460 [35.92%] @ "209665000"
// RTL Simulation : 221 / 460 [117.61%] @ "212345000"
// RTL Simulation : 222 / 460 [119.37%] @ "212755000"
// RTL Simulation : 223 / 460 [119.37%] @ "213115000"
// RTL Simulation : 224 / 460 [35.92%] @ "213475000"
// RTL Simulation : 225 / 460 [117.61%] @ "216155000"
// RTL Simulation : 226 / 460 [119.37%] @ "216565000"
// RTL Simulation : 227 / 460 [119.37%] @ "216925000"
// RTL Simulation : 228 / 460 [35.92%] @ "217285000"
// RTL Simulation : 229 / 460 [117.61%] @ "219965000"
// RTL Simulation : 230 / 460 [119.37%] @ "220375000"
// RTL Simulation : 231 / 460 [119.37%] @ "220735000"
// RTL Simulation : 232 / 460 [35.92%] @ "221095000"
// RTL Simulation : 233 / 460 [117.61%] @ "223775000"
// RTL Simulation : 234 / 460 [119.37%] @ "224185000"
// RTL Simulation : 235 / 460 [119.37%] @ "224545000"
// RTL Simulation : 236 / 460 [35.92%] @ "224905000"
// RTL Simulation : 237 / 460 [117.61%] @ "227585000"
// RTL Simulation : 238 / 460 [119.37%] @ "227995000"
// RTL Simulation : 239 / 460 [119.37%] @ "228355000"
// RTL Simulation : 240 / 460 [35.92%] @ "228715000"
// RTL Simulation : 241 / 460 [117.61%] @ "231395000"
// RTL Simulation : 242 / 460 [119.37%] @ "231805000"
// RTL Simulation : 243 / 460 [119.37%] @ "232165000"
// RTL Simulation : 244 / 460 [35.92%] @ "232525000"
// RTL Simulation : 245 / 460 [117.61%] @ "235205000"
// RTL Simulation : 246 / 460 [119.37%] @ "235615000"
// RTL Simulation : 247 / 460 [119.37%] @ "235975000"
// RTL Simulation : 248 / 460 [35.92%] @ "236335000"
// RTL Simulation : 249 / 460 [117.61%] @ "239015000"
// RTL Simulation : 250 / 460 [119.37%] @ "239425000"
// RTL Simulation : 251 / 460 [119.37%] @ "239785000"
// RTL Simulation : 252 / 460 [35.92%] @ "240145000"
// RTL Simulation : 253 / 460 [117.61%] @ "242825000"
// RTL Simulation : 254 / 460 [119.37%] @ "243235000"
// RTL Simulation : 255 / 460 [119.37%] @ "243595000"
// RTL Simulation : 256 / 460 [35.92%] @ "243955000"
// RTL Simulation : 257 / 460 [117.61%] @ "246635000"
// RTL Simulation : 258 / 460 [119.37%] @ "247045000"
// RTL Simulation : 259 / 460 [119.37%] @ "247405000"
// RTL Simulation : 260 / 460 [35.92%] @ "247765000"
// RTL Simulation : 261 / 460 [117.61%] @ "250445000"
// RTL Simulation : 262 / 460 [119.37%] @ "250855000"
// RTL Simulation : 263 / 460 [119.37%] @ "251215000"
// RTL Simulation : 264 / 460 [35.92%] @ "251575000"
// RTL Simulation : 265 / 460 [117.61%] @ "254255000"
// RTL Simulation : 266 / 460 [119.37%] @ "254665000"
// RTL Simulation : 267 / 460 [119.37%] @ "255025000"
// RTL Simulation : 268 / 460 [35.92%] @ "255385000"
// RTL Simulation : 269 / 460 [117.61%] @ "258065000"
// RTL Simulation : 270 / 460 [119.37%] @ "258475000"
// RTL Simulation : 271 / 460 [119.37%] @ "258835000"
// RTL Simulation : 272 / 460 [35.92%] @ "259195000"
// RTL Simulation : 273 / 460 [117.61%] @ "261875000"
// RTL Simulation : 274 / 460 [119.37%] @ "262285000"
// RTL Simulation : 275 / 460 [119.37%] @ "262645000"
// RTL Simulation : 276 / 460 [35.92%] @ "263005000"
// RTL Simulation : 277 / 460 [117.61%] @ "265685000"
// RTL Simulation : 278 / 460 [119.37%] @ "266095000"
// RTL Simulation : 279 / 460 [119.37%] @ "266455000"
// RTL Simulation : 280 / 460 [35.92%] @ "266815000"
// RTL Simulation : 281 / 460 [117.61%] @ "269495000"
// RTL Simulation : 282 / 460 [119.37%] @ "269905000"
// RTL Simulation : 283 / 460 [119.37%] @ "270265000"
// RTL Simulation : 284 / 460 [35.92%] @ "270625000"
// RTL Simulation : 285 / 460 [117.61%] @ "273305000"
// RTL Simulation : 286 / 460 [119.37%] @ "273715000"
// RTL Simulation : 287 / 460 [119.37%] @ "274075000"
// RTL Simulation : 288 / 460 [35.92%] @ "274435000"
// RTL Simulation : 289 / 460 [117.61%] @ "277115000"
// RTL Simulation : 290 / 460 [119.37%] @ "277525000"
// RTL Simulation : 291 / 460 [119.37%] @ "277885000"
// RTL Simulation : 292 / 460 [35.92%] @ "278245000"
// RTL Simulation : 293 / 460 [117.61%] @ "280925000"
// RTL Simulation : 294 / 460 [119.37%] @ "281335000"
// RTL Simulation : 295 / 460 [119.37%] @ "281695000"
// RTL Simulation : 296 / 460 [35.92%] @ "282055000"
// RTL Simulation : 297 / 460 [117.61%] @ "284735000"
// RTL Simulation : 298 / 460 [119.37%] @ "285145000"
// RTL Simulation : 299 / 460 [119.37%] @ "285505000"
// RTL Simulation : 300 / 460 [35.92%] @ "285865000"
// RTL Simulation : 301 / 460 [117.61%] @ "288545000"
// RTL Simulation : 302 / 460 [119.37%] @ "288955000"
// RTL Simulation : 303 / 460 [119.37%] @ "289315000"
// RTL Simulation : 304 / 460 [35.92%] @ "289675000"
// RTL Simulation : 305 / 460 [117.61%] @ "292355000"
// RTL Simulation : 306 / 460 [119.37%] @ "292765000"
// RTL Simulation : 307 / 460 [119.37%] @ "293125000"
// RTL Simulation : 308 / 460 [35.92%] @ "293485000"
// RTL Simulation : 309 / 460 [117.61%] @ "296165000"
// RTL Simulation : 310 / 460 [119.37%] @ "296575000"
// RTL Simulation : 311 / 460 [119.37%] @ "296935000"
// RTL Simulation : 312 / 460 [35.92%] @ "297295000"
// RTL Simulation : 313 / 460 [117.61%] @ "299975000"
// RTL Simulation : 314 / 460 [119.37%] @ "300385000"
// RTL Simulation : 315 / 460 [119.37%] @ "300745000"
// RTL Simulation : 316 / 460 [35.92%] @ "301105000"
// RTL Simulation : 317 / 460 [117.61%] @ "303785000"
// RTL Simulation : 318 / 460 [119.37%] @ "304195000"
// RTL Simulation : 319 / 460 [119.37%] @ "304555000"
// RTL Simulation : 320 / 460 [35.92%] @ "304915000"
// RTL Simulation : 321 / 460 [117.61%] @ "307595000"
// RTL Simulation : 322 / 460 [119.37%] @ "308005000"
// RTL Simulation : 323 / 460 [119.37%] @ "308365000"
// RTL Simulation : 324 / 460 [35.92%] @ "308725000"
// RTL Simulation : 325 / 460 [117.61%] @ "311405000"
// RTL Simulation : 326 / 460 [119.37%] @ "311815000"
// RTL Simulation : 327 / 460 [119.37%] @ "312175000"
// RTL Simulation : 328 / 460 [35.92%] @ "312535000"
// RTL Simulation : 329 / 460 [117.61%] @ "315215000"
// RTL Simulation : 330 / 460 [119.37%] @ "315625000"
// RTL Simulation : 331 / 460 [119.37%] @ "315985000"
// RTL Simulation : 332 / 460 [35.92%] @ "316345000"
// RTL Simulation : 333 / 460 [117.61%] @ "319025000"
// RTL Simulation : 334 / 460 [119.37%] @ "319435000"
// RTL Simulation : 335 / 460 [119.37%] @ "319795000"
// RTL Simulation : 336 / 460 [35.92%] @ "320155000"
// RTL Simulation : 337 / 460 [117.61%] @ "322835000"
// RTL Simulation : 338 / 460 [119.37%] @ "323245000"
// RTL Simulation : 339 / 460 [119.37%] @ "323605000"
// RTL Simulation : 340 / 460 [35.92%] @ "323965000"
// RTL Simulation : 341 / 460 [117.61%] @ "326645000"
// RTL Simulation : 342 / 460 [119.37%] @ "327055000"
// RTL Simulation : 343 / 460 [119.37%] @ "327415000"
// RTL Simulation : 344 / 460 [35.92%] @ "327775000"
// RTL Simulation : 345 / 460 [117.61%] @ "330455000"
// RTL Simulation : 346 / 460 [119.37%] @ "330865000"
// RTL Simulation : 347 / 460 [119.37%] @ "331225000"
// RTL Simulation : 348 / 460 [35.92%] @ "331585000"
// RTL Simulation : 349 / 460 [117.61%] @ "334265000"
// RTL Simulation : 350 / 460 [119.37%] @ "334675000"
// RTL Simulation : 351 / 460 [119.37%] @ "335035000"
// RTL Simulation : 352 / 460 [35.92%] @ "335395000"
// RTL Simulation : 353 / 460 [117.61%] @ "338075000"
// RTL Simulation : 354 / 460 [119.37%] @ "338485000"
// RTL Simulation : 355 / 460 [119.37%] @ "338845000"
// RTL Simulation : 356 / 460 [35.92%] @ "339205000"
// RTL Simulation : 357 / 460 [117.61%] @ "341885000"
// RTL Simulation : 358 / 460 [119.37%] @ "342295000"
// RTL Simulation : 359 / 460 [119.37%] @ "342655000"
// RTL Simulation : 360 / 460 [35.92%] @ "343015000"
// RTL Simulation : 361 / 460 [117.61%] @ "345695000"
// RTL Simulation : 362 / 460 [119.37%] @ "346105000"
// RTL Simulation : 363 / 460 [119.37%] @ "346465000"
// RTL Simulation : 364 / 460 [35.92%] @ "346825000"
// RTL Simulation : 365 / 460 [117.61%] @ "349505000"
// RTL Simulation : 366 / 460 [119.37%] @ "349915000"
// RTL Simulation : 367 / 460 [119.37%] @ "350275000"
// RTL Simulation : 368 / 460 [35.92%] @ "350635000"
// RTL Simulation : 369 / 460 [117.61%] @ "353315000"
// RTL Simulation : 370 / 460 [119.37%] @ "353725000"
// RTL Simulation : 371 / 460 [119.37%] @ "354085000"
// RTL Simulation : 372 / 460 [35.92%] @ "354445000"
// RTL Simulation : 373 / 460 [117.61%] @ "357125000"
// RTL Simulation : 374 / 460 [119.37%] @ "357535000"
// RTL Simulation : 375 / 460 [119.37%] @ "357895000"
// RTL Simulation : 376 / 460 [35.92%] @ "358255000"
// RTL Simulation : 377 / 460 [117.61%] @ "360935000"
// RTL Simulation : 378 / 460 [119.37%] @ "361345000"
// RTL Simulation : 379 / 460 [119.37%] @ "361705000"
// RTL Simulation : 380 / 460 [35.92%] @ "362065000"
// RTL Simulation : 381 / 460 [117.61%] @ "364745000"
// RTL Simulation : 382 / 460 [119.37%] @ "365155000"
// RTL Simulation : 383 / 460 [119.37%] @ "365515000"
// RTL Simulation : 384 / 460 [35.92%] @ "365875000"
// RTL Simulation : 385 / 460 [117.61%] @ "368555000"
// RTL Simulation : 386 / 460 [119.37%] @ "368965000"
// RTL Simulation : 387 / 460 [119.37%] @ "369325000"
// RTL Simulation : 388 / 460 [35.92%] @ "369685000"
// RTL Simulation : 389 / 460 [117.61%] @ "372365000"
// RTL Simulation : 390 / 460 [119.37%] @ "372775000"
// RTL Simulation : 391 / 460 [119.37%] @ "373135000"
// RTL Simulation : 392 / 460 [35.92%] @ "373495000"
// RTL Simulation : 393 / 460 [117.61%] @ "376175000"
// RTL Simulation : 394 / 460 [119.37%] @ "376585000"
// RTL Simulation : 395 / 460 [119.37%] @ "376945000"
// RTL Simulation : 396 / 460 [35.92%] @ "377305000"
// RTL Simulation : 397 / 460 [117.61%] @ "379985000"
// RTL Simulation : 398 / 460 [119.37%] @ "380395000"
// RTL Simulation : 399 / 460 [119.37%] @ "380755000"
// RTL Simulation : 400 / 460 [35.92%] @ "381115000"
// RTL Simulation : 401 / 460 [117.61%] @ "383795000"
// RTL Simulation : 402 / 460 [119.37%] @ "384205000"
// RTL Simulation : 403 / 460 [119.37%] @ "384565000"
// RTL Simulation : 404 / 460 [35.92%] @ "384925000"
// RTL Simulation : 405 / 460 [117.61%] @ "387605000"
// RTL Simulation : 406 / 460 [119.37%] @ "388015000"
// RTL Simulation : 407 / 460 [119.37%] @ "388375000"
// RTL Simulation : 408 / 460 [35.92%] @ "388735000"
// RTL Simulation : 409 / 460 [117.61%] @ "391415000"
// RTL Simulation : 410 / 460 [119.37%] @ "391825000"
// RTL Simulation : 411 / 460 [119.37%] @ "392185000"
// RTL Simulation : 412 / 460 [35.92%] @ "392545000"
// RTL Simulation : 413 / 460 [117.61%] @ "395225000"
// RTL Simulation : 414 / 460 [119.37%] @ "395635000"
// RTL Simulation : 415 / 460 [119.37%] @ "395995000"
// RTL Simulation : 416 / 460 [35.92%] @ "396355000"
// RTL Simulation : 417 / 460 [117.61%] @ "399035000"
// RTL Simulation : 418 / 460 [119.37%] @ "399445000"
// RTL Simulation : 419 / 460 [119.37%] @ "399805000"
// RTL Simulation : 420 / 460 [35.92%] @ "400165000"
// RTL Simulation : 421 / 460 [117.61%] @ "402845000"
// RTL Simulation : 422 / 460 [119.37%] @ "403255000"
// RTL Simulation : 423 / 460 [119.37%] @ "403615000"
// RTL Simulation : 424 / 460 [35.92%] @ "403975000"
// RTL Simulation : 425 / 460 [117.61%] @ "406655000"
// RTL Simulation : 426 / 460 [119.37%] @ "407065000"
// RTL Simulation : 427 / 460 [119.37%] @ "407425000"
// RTL Simulation : 428 / 460 [35.92%] @ "407785000"
// RTL Simulation : 429 / 460 [117.61%] @ "410465000"
// RTL Simulation : 430 / 460 [119.37%] @ "410875000"
// RTL Simulation : 431 / 460 [119.37%] @ "411235000"
// RTL Simulation : 432 / 460 [35.92%] @ "411595000"
// RTL Simulation : 433 / 460 [117.61%] @ "414275000"
// RTL Simulation : 434 / 460 [119.37%] @ "414685000"
// RTL Simulation : 435 / 460 [119.37%] @ "415045000"
// RTL Simulation : 436 / 460 [35.92%] @ "415405000"
// RTL Simulation : 437 / 460 [117.61%] @ "418085000"
// RTL Simulation : 438 / 460 [119.37%] @ "418495000"
// RTL Simulation : 439 / 460 [119.37%] @ "418855000"
// RTL Simulation : 440 / 460 [35.92%] @ "419215000"
// RTL Simulation : 441 / 460 [117.61%] @ "421895000"
// RTL Simulation : 442 / 460 [119.37%] @ "422305000"
// RTL Simulation : 443 / 460 [119.37%] @ "422665000"
// RTL Simulation : 444 / 460 [35.92%] @ "423025000"
// RTL Simulation : 445 / 460 [117.61%] @ "425705000"
// RTL Simulation : 446 / 460 [119.37%] @ "426115000"
// RTL Simulation : 447 / 460 [119.37%] @ "426475000"
// RTL Simulation : 448 / 460 [35.92%] @ "426835000"
// RTL Simulation : 449 / 460 [117.61%] @ "429515000"
// RTL Simulation : 450 / 460 [119.37%] @ "429925000"
// RTL Simulation : 451 / 460 [119.37%] @ "430285000"
// RTL Simulation : 452 / 460 [35.92%] @ "430645000"
// RTL Simulation : 453 / 460 [117.61%] @ "433325000"
// RTL Simulation : 454 / 460 [119.37%] @ "433735000"
// RTL Simulation : 455 / 460 [119.37%] @ "434095000"
// RTL Simulation : 456 / 460 [35.92%] @ "434455000"
// RTL Simulation : 457 / 460 [117.61%] @ "437135000"
// RTL Simulation : 458 / 460 [119.37%] @ "437545000"
// RTL Simulation : 459 / 460 [119.37%] @ "437905000"
// RTL Simulation : 460 / 460 [100.00%] @ "438265000"
////////////////////////////////////////////////////////////////////////////////////
$finish called at time : 438325 ns : File "C:/HLS-multirate-DSP/HLS_Multirate/Multirate_v1/Multirate_v1/hls/sim/verilog/FIR_HLS.autotb.v" Line 196
## quit
INFO: [Common 17-206] Exiting xsim at Wed Nov 12 22:18:55 2025...
INFO: [COSIM 212-316] Starting C post checking ...
INFO: Reading ../../../../../../Matlab/TS_HLS_multirate.dat
INFO: Read 460 samples from ../../../../../../Matlab/TS_HLS_multirate.dat
INFO: Reading ../../../../../../Matlab/TS_HLS_multirate.res
INFO: Read 460 samples from ../../../../../../Matlab/TS_HLS_multirate.res
INFO: Input and reference data lengths match.
Mismatch at sample   92: ref=-0.00213623, dut=          0
Mismatch at sample   93: ref=-0.00228882, dut=          0
Mismatch at sample   94: ref=-0.00228882, dut=          0
Mismatch at sample   95: ref=-0.00213623, dut=          0
Mismatch at sample  115: ref=0.00219727, dut=          0
Mismatch at sample  116: ref=0.00250244, dut=          0
Mismatch at sample  117: ref=0.00259399, dut=          0
Mismatch at sample  118: ref=0.00247192, dut=          0
Mismatch at sample  119: ref=0.00210571, dut=          0
Mismatch at sample  138: ref=-0.00234985, dut=          0
Mismatch at sample  139: ref=-0.00280762, dut=          0
Mismatch at sample  140: ref=-0.00299072, dut=          0
Mismatch at sample  141: ref=-0.00289917, dut=          0
Mismatch at sample  142: ref=-0.00250244, dut=          0
Mismatch at sample  154: ref=-0.00234985, dut=          0
Mismatch at sample  155: ref=-0.00244141, dut=          0
Mismatch at sample  156: ref=-0.00213623, dut=          0
Mismatch at sample  161: ref=0.00250244, dut=          0
Mismatch at sample  162: ref=0.00317383, dut=          0
Mismatch at sample  163: ref=0.003479, dut=          0
Mismatch at sample  164: ref=0.00338745, dut=          0
Mismatch at sample  165: ref=0.00296021, dut=          0
Mismatch at sample  166: ref=0.00213623, dut=          0
Mismatch at sample  176: ref=0.00265503, dut=          0
Mismatch at sample  177: ref=0.00338745, dut=          0
Mismatch at sample  178: ref=0.00369263, dut=          0
Mismatch at sample  179: ref=0.003479, dut=          0
Mismatch at sample  180: ref=0.00274658, dut=          0
Mismatch at sample  184: ref=-0.00280762, dut=          0
Mismatch at sample  185: ref=-0.00390625, dut=          0
Mismatch at sample  186: ref=-0.00445557, dut=          0
Mismatch at sample  187: ref=-0.0043335, dut=          0
Mismatch at sample  188: ref=-0.00369263, dut=          0
Mismatch at sample  189: ref=-0.00259399, dut=          0
Mismatch at sample  193: ref=0.00250244, dut=          0
Mismatch at sample  194: ref=0.00274658, dut=          0
Mismatch at sample  195: ref=0.0022583, dut=          0
Mismatch at sample  198: ref=-0.00201416, dut=          0
Mismatch at sample  199: ref=-0.00372314, dut=          0
Mismatch at sample  200: ref=-0.00500488, dut=          0
Mismatch at sample  201: ref=-0.0057373, dut=          0
Mismatch at sample  202: ref=-0.00567627, dut=          0
Mismatch at sample  203: ref=-0.00469971, dut=          0
Mismatch at sample  204: ref=-0.00305176, dut=          0
Mismatch at sample  207: ref=0.00369263, dut=          0
Mismatch at sample  208: ref=0.00537109, dut=          0
Mismatch at sample  209: ref=0.00637817, dut=          0
Mismatch at sample  210: ref=0.00631714, dut=          0
Mismatch at sample  211: ref=0.00518799, dut=          0
Mismatch at sample  212: ref=0.00335693, dut=          0
Mismatch at sample  215: ref=-0.00384521, dut=          0
Mismatch at sample  216: ref=-0.00534058, dut=          0
Mismatch at sample  217: ref=-0.00595093, dut=          0
Mismatch at sample  218: ref=-0.00524902, dut=          0
Mismatch at sample  219: ref=-0.0032959, dut=          0
Mismatch at sample  221: ref=0.00259399, dut=          0
Mismatch at sample  222: ref=0.00582886, dut=          0
Mismatch at sample  223: ref=0.00857544, dut=          0
Mismatch at sample  224: ref=0.0101318, dut=          0
Mismatch at sample  225: ref=0.0104065, dut=          0
Mismatch at sample  226: ref=0.0088501, dut=          0
Mismatch at sample  227: ref=0.00564575, dut=          0
Mismatch at sample  229: ref=-0.00296021, dut=          0
Mismatch at sample  230: ref=-0.00735474, dut=          0
Mismatch at sample  231: ref=-0.0109558, dut=          0
Mismatch at sample  232: ref=-0.0128174, dut=          0
Mismatch at sample  233: ref=-0.0128479, dut=          0
Mismatch at sample  234: ref=-0.0101318, dut=          0
Mismatch at sample  235: ref=-0.0050354, dut=          0
Mismatch at sample  237: ref=0.0071106, dut=          0
Mismatch at sample  238: ref=0.0128479, dut=          0
Mismatch at sample  239: ref=0.0171509, dut=          0
Mismatch at sample  240: ref=0.0191345, dut=          0
Mismatch at sample  241: ref=0.017395, dut=          0
Mismatch at sample  242: ref=0.0104065, dut=          0
Mismatch at sample  244: ref=-0.00924683, dut=          0
Mismatch at sample  245: ref=-0.0203247, dut=          0
Mismatch at sample  246: ref=-0.0316467, dut=          0
Mismatch at sample  247: ref=-0.0435791, dut=          0
Mismatch at sample  248: ref=-0.0327148, dut=          0
Mismatch at sample  249: ref=-0.0194092, dut=          0
Mismatch at sample  250: ref=0.00549316, dut=          0
Mismatch at sample  251: ref=0.0359192, dut=          0
Mismatch at sample  252: ref=0.102448, dut=          0
Mismatch at sample  253: ref=0.171631, dut=          0
Mismatch at sample  254: ref=0.254211, dut=          0
Mismatch at sample  255: ref=0.337799, dut=          0
Mismatch at sample  256: ref=0.449188, dut=          0
Mismatch at sample  257: ref=0.551514, dut=          0
Mismatch at sample  258: ref=0.653046, dut=          0
Mismatch at sample  259: ref=0.741486, dut=          0
Mismatch at sample  260: ref=0.835297, dut=          0
Mismatch at sample  261: ref=0.90567, dut=          0
Mismatch at sample  262: ref=0.961639, dut=          0
Mismatch at sample  263: ref=0.995331, dut=          0
Mismatch at sample  264: ref=-0.982544, dut=          0
Mismatch at sample  265: ref=-0.987885, dut=          0
Mismatch at sample  266: ref=0.995361, dut=          0
Mismatch at sample  267: ref=0.959229, dut=          0
Mismatch at sample  268: ref=0.905823, dut=          0
Mismatch at sample  269: ref=0.831512, dut=          0
Mismatch at sample  270: ref=0.760529, dut=          0
Mismatch at sample  271: ref=0.677917, dut=          0
Mismatch at sample  272: ref=0.575134, dut=          0
Mismatch at sample  273: ref=0.460236, dut=          0
Mismatch at sample  274: ref=0.36084, dut=          0
Mismatch at sample  275: ref=0.255554, dut=          0
Mismatch at sample  276: ref=0.126953, dut=          0
Mismatch at sample  277: ref=-0.00512695, dut=          0
Mismatch at sample  278: ref=-0.116486, dut=          0
Mismatch at sample  279: ref=-0.227264, dut=          0
Mismatch at sample  280: ref=-0.358093, dut=          0
Mismatch at sample  281: ref=-0.481445, dut=          0
Mismatch at sample  282: ref=-0.582062, dut=          0
Mismatch at sample  283: ref=-0.672455, dut=          0
Mismatch at sample  284: ref=-0.771301, dut=          0
Mismatch at sample  285: ref=-0.851379, dut=          0
Mismatch at sample  286: ref=-0.910278, dut=          0
Mismatch at sample  287: ref=-0.951416, dut=          0
Mismatch at sample  288: ref=-0.987885, dut=          0
Mismatch at sample  289: ref=0.999847, dut=          0
Mismatch at sample  290: ref=-0.999756, dut=          0
Mismatch at sample  291: ref=-0.980927, dut=          0
Mismatch at sample  292: ref=-0.947968, dut=          0
Mismatch at sample  293: ref=-0.892883, dut=          0
Mismatch at sample  294: ref=-0.838196, dut=          0
Mismatch at sample  295: ref=-0.769135, dut=          0
Mismatch at sample  296: ref=-0.679352, dut=          0
Mismatch at sample  297: ref=-0.573975, dut=          0
Mismatch at sample  298: ref=-0.480408, dut=          0
Mismatch at sample  299: ref=-0.378174, dut=          0
Mismatch at sample  300: ref=-0.251801, dut=          0
Mismatch at sample  301: ref=-0.119049, dut=          0
Mismatch at sample  302: ref=-0.00567627, dut=          0
Mismatch at sample  303: ref=0.108612, dut=          0
Mismatch at sample  304: ref=0.243744, dut=          0
Mismatch at sample  305: ref=0.373505, dut=          0
Mismatch at sample  306: ref=0.479858, dut=          0
Mismatch at sample  307: ref=0.577423, dut=          0
Mismatch at sample  308: ref=0.685944, dut=          0
Mismatch at sample  309: ref=0.777802, dut=          0
Mismatch at sample  310: ref=0.847229, dut=          0
Mismatch at sample  311: ref=0.900574, dut=          0
Mismatch at sample  312: ref=0.952942, dut=          0
Mismatch at sample  313: ref=0.98233, dut=          0
Mismatch at sample  314: ref=0.99707, dut=          0
Mismatch at sample  315: ref=0.993713, dut=          0
Mismatch at sample  316: ref=0.978882, dut=          0
Mismatch at sample  317: ref=0.941132, dut=          0
Mismatch at sample  318: ref=0.900574, dut=          0
Mismatch at sample  319: ref=0.844177, dut=          0
Mismatch at sample  320: ref=0.767914, dut=          0
Mismatch at sample  321: ref=0.673645, dut=          0
Mismatch at sample  322: ref=0.588043, dut=          0
Mismatch at sample  323: ref=0.491638, dut=          0
Mismatch at sample  324: ref=0.370972, dut=          0
Mismatch at sample  325: ref=0.24115, dut=          0
Mismatch at sample  326: ref=0.129059, dut=          0
Mismatch at sample  327: ref=0.0141602, dut=          0
Mismatch at sample  328: ref=-0.122711, dut=          0
Mismatch at sample  329: ref=-0.256836, dut=          0
Mismatch at sample  330: ref=-0.367615, dut=          0
Mismatch at sample  331: ref=-0.471558, dut=          0
Mismatch at sample  332: ref=-0.588989, dut=          0
Mismatch at sample  333: ref=-0.692108, dut=          0
Mismatch at sample  334: ref=-0.771912, dut=          0
Mismatch at sample  335: ref=-0.83725, dut=          0
Mismatch at sample  336: ref=-0.904938, dut=          0
Mismatch at sample  337: ref=-0.950989, dut=          0
Mismatch at sample  338: ref=-0.980347, dut=          0
Mismatch at sample  339: ref=-0.992035, dut=          0
Mismatch at sample  340: ref=-0.994904, dut=          0
Mismatch at sample  341: ref=-0.974426, dut=          0
Mismatch at sample  342: ref=-0.948059, dut=          0
Mismatch at sample  343: ref=-0.904755, dut=          0
Mismatch at sample  344: ref=-0.843048, dut=          0
Mismatch at sample  345: ref=-0.761383, dut=          0
Mismatch at sample  346: ref=-0.685333, dut=          0
Mismatch at sample  347: ref=-0.596619, dut=          0
Mismatch at sample  348: ref=-0.484009, dut=          0
Mismatch at sample  349: ref=-0.35968, dut=          0
Mismatch at sample  350: ref=-0.251068, dut=          0
Mismatch at sample  351: ref=-0.137634, dut=          0
Mismatch at sample  353: ref=0.13501, dut=          0
Mismatch at sample  354: ref=0.248688, dut=          0
Mismatch at sample  355: ref=0.357666, dut=          0
Mismatch at sample  356: ref=0.482483, dut=          0
Mismatch at sample  357: ref=0.595581, dut=          0
Mismatch at sample  358: ref=0.684814, dut=          0
Mismatch at sample  359: ref=0.761353, dut=          0
Mismatch at sample  360: ref=0.843384, dut=          0
Mismatch at sample  361: ref=0.905365, dut=          0
Mismatch at sample  362: ref=0.94873, dut=          0
Mismatch at sample  363: ref=0.975006, dut=          0
Mismatch at sample  364: ref=0.995331, dut=          0
Mismatch at sample  365: ref=0.992157, dut=          0
Mismatch at sample  366: ref=0.980133, dut=          0
Mismatch at sample  367: ref=0.950409, dut=          0
Mismatch at sample  368: ref=0.904175, dut=          0
Mismatch at sample  369: ref=0.836456, dut=          0
Mismatch at sample  370: ref=0.771271, dut=          0
Mismatch at sample  371: ref=0.691864, dut=          0
Mismatch at sample  372: ref=0.589325, dut=          0
Mismatch at sample  373: ref=0.472626, dut=          0
Mismatch at sample  374: ref=0.369446, dut=          0
Mismatch at sample  375: ref=0.25943, dut=          0
Mismatch at sample  376: ref=0.125885, dut=          0
Mismatch at sample  377: ref=-0.0106201, dut=          0
Mismatch at sample  378: ref=-0.125519, dut=          0
Mismatch at sample  379: ref=-0.237976, dut=          0
Mismatch at sample  380: ref=-0.368408, dut=          0
Mismatch at sample  381: ref=-0.489929, dut=          0
Mismatch at sample  382: ref=-0.587341, dut=          0
Mismatch at sample  383: ref=-0.673981, dut=          0
Mismatch at sample  384: ref=-0.769104, dut=          0
Mismatch at sample  385: ref=-0.845978, dut=          0
Mismatch at sample  386: ref=-0.902557, dut=          0
Mismatch at sample  387: ref=-0.942871, dut=          0
Mismatch at sample  388: ref=-0.980072, dut=          0
Mismatch at sample  389: ref=-0.99411, dut=          0
Mismatch at sample  390: ref=-0.99646, dut=          0
Mismatch at sample  391: ref=-0.980743, dut=          0
Mismatch at sample  392: ref=-0.950684, dut=          0
Mismatch at sample  393: ref=-0.89801, dut=          0
Mismatch at sample  394: ref=-0.844849, dut=          0
Mismatch at sample  395: ref=-0.776154, dut=          0
Mismatch at sample  396: ref=-0.685455, dut=          0
Mismatch at sample  397: ref=-0.578369, dut=          0
Mismatch at sample  398: ref=-0.482361, dut=          0
Mismatch at sample  399: ref=-0.377533, dut=          0
Mismatch at sample  400: ref=-0.24884, dut=          0
Mismatch at sample  401: ref=-0.114288, dut=          0
Mismatch at sample  403: ref=0.11438, dut=          0
Mismatch at sample  404: ref=0.248535, dut=          0
Mismatch at sample  405: ref=0.376678, dut=          0
Mismatch at sample  406: ref=0.480835, dut=          0
Mismatch at sample  407: ref=0.576233, dut=          0
Mismatch at sample  408: ref=0.682892, dut=          0
Mismatch at sample  409: ref=0.773407, dut=          0
Mismatch at sample  410: ref=0.842194, dut=          0
Mismatch at sample  411: ref=0.895782, dut=          0
Mismatch at sample  412: ref=0.949188, dut=          0
Mismatch at sample  413: ref=0.980133, dut=          0
Mismatch at sample  414: ref=0.996765, dut=          0
Mismatch at sample  415: ref=0.99527, dut=          0
Mismatch at sample  416: ref=0.981903, dut=          0
Mismatch at sample  417: ref=0.94516, dut=          0
Mismatch at sample  418: ref=0.904938, dut=          0
Mismatch at sample  419: ref=0.848114, dut=          0
Mismatch at sample  420: ref=0.770813, dut=          0
Mismatch at sample  421: ref=0.67511, dut=          0
Mismatch at sample  422: ref=0.58783, dut=          0
Mismatch at sample  423: ref=0.489868, dut=          0
Mismatch at sample  424: ref=0.368011, dut=          0
Mismatch at sample  425: ref=0.237488, dut=          0
Mismatch at sample  426: ref=0.125305, dut=          0
Mismatch at sample  427: ref=0.0108948, dut=          0
Mismatch at sample  428: ref=-0.124908, dut=          0
Mismatch at sample  429: ref=-0.257721, dut=          0
Mismatch at sample  430: ref=-0.367035, dut=          0
Mismatch at sample  431: ref=-0.469666, dut=          0
Mismatch at sample  432: ref=-0.586182, dut=          0
Mismatch at sample  433: ref=-0.688812, dut=          0
Mismatch at sample  434: ref=-0.768677, dut=          0
Mismatch at sample  435: ref=-0.834625, dut=          0
Mismatch at sample  436: ref=-0.90332, dut=          0
Mismatch at sample  437: ref=-0.950592, dut=          0
Mismatch at sample  438: ref=-0.981232, dut=          0
Mismatch at sample  439: ref=-0.993958, dut=          0
Mismatch at sample  440: ref=-0.997559, dut=          0
Mismatch at sample  441: ref=-0.977386, dut=          0
Mismatch at sample  442: ref=-0.950806, dut=          0
Mismatch at sample  443: ref=-0.90686, dut=          0
Mismatch at sample  444: ref=-0.844208, dut=          0
Mismatch at sample  445: ref=-0.761475, dut=          0
Mismatch at sample  446: ref=-0.684296, dut=          0
Mismatch at sample  447: ref=-0.594727, dut=          0
Mismatch at sample  448: ref=-0.481598, dut=          0
Mismatch at sample  449: ref=-0.357117, dut=          0
Mismatch at sample  450: ref=-0.24881, dut=          0
Mismatch at sample  451: ref=-0.136017, dut=          0
Mismatch at sample  453: ref=0.134766, dut=          0
Mismatch at sample  454: ref=0.247498, dut=          0
Mismatch at sample  455: ref=0.355743, dut=          0
Mismatch at sample  456: ref=0.480194, dut=          0
Mismatch at sample  457: ref=0.593292, dut=          0
Mismatch at sample  458: ref=0.682861, dut=          0
Mismatch at sample  459: ref=0.76004, dut=          0
---------------------------------------
Testbench Results
Samples processed : 460
Mismatches        : 288
Status: FAIL [!!] (288 samples out of tolerance)
---------------------------------------
INFO [HLS SIM]: The maximum depth reached by any hls::stream() instance in the design is 460
INFO: [COSIM 212-1000] *** C/RTL co-simulation finished: PASS ***
INFO: [HLS 200-112] Total CPU user time: 7 seconds. Total CPU system time: 3 seconds. Total elapsed time: 70.512 seconds; peak allocated memory: 343.723 MB.
INFO: [vitis-run 60-791] Total elapsed time: 0h 1m 16s
