  **** HLS Build v2024.2 5238294
INFO: [HLS 200-2005] Using work_dir C:/HLS-multirate-DSP/HLS_Multirate/Multirate_v1/Multirate_v1 
INFO: [HLS 200-1611] Setting target device to 'xck26-sfvc784-2LV-c'
INFO: [HLS 200-1505] Using default flow_target 'vivado'
Resolution: For help on HLS 200-1505 see docs.xilinx.com/access/sources/dita/topic?Doc_Version=2024.2%20English&url=ug1448-hls-guidance&resourceid=200-1505.html
INFO: [HLS 200-1465] Applying ini 'syn.file=FIR_HLS.cpp' from C:/HLS-multirate-DSP/HLS_Multirate/Multirate_v1/hls_config.cfg(7)
INFO: [HLS 200-10] Adding design file 'C:/HLS-multirate-DSP/HLS_Multirate/Multirate_v1/FIR_HLS.cpp' to the project
INFO: [HLS 200-1465] Applying ini 'syn.file=FIR_HLS.h' from C:/HLS-multirate-DSP/HLS_Multirate/Multirate_v1/hls_config.cfg(8)
INFO: [HLS 200-10] Adding design file 'C:/HLS-multirate-DSP/HLS_Multirate/Multirate_v1/FIR_HLS.h' to the project
INFO: [HLS 200-1465] Applying ini 'syn.file=../../Matlab/FIR_multirate_HLS.h' from C:/HLS-multirate-DSP/HLS_Multirate/Multirate_v1/hls_config.cfg(9)
INFO: [HLS 200-10] Adding design file 'C:/HLS-multirate-DSP/Matlab/FIR_multirate_HLS.h' to the project
INFO: [HLS 200-1465] Applying ini 'tb.file=FIR_HLS_TB.cpp' from C:/HLS-multirate-DSP/HLS_Multirate/Multirate_v1/hls_config.cfg(10)
INFO: [HLS 200-10] Adding test bench file 'C:/HLS-multirate-DSP/HLS_Multirate/Multirate_v1/FIR_HLS_TB.cpp' to the project
INFO: [HLS 200-1465] Applying ini 'tb.file=../../Matlab/TS_HLS_multirate.res' from C:/HLS-multirate-DSP/HLS_Multirate/Multirate_v1/hls_config.cfg(11)
INFO: [HLS 200-10] Adding test bench file 'C:/HLS-multirate-DSP/Matlab/TS_HLS_multirate.res' to the project
INFO: [HLS 200-1465] Applying ini 'tb.file=../../Matlab/TS_HLS_multirate.dat' from C:/HLS-multirate-DSP/HLS_Multirate/Multirate_v1/hls_config.cfg(12)
INFO: [HLS 200-10] Adding test bench file 'C:/HLS-multirate-DSP/Matlab/TS_HLS_multirate.dat' to the project
INFO: [HLS 200-1465] Applying ini 'syn.top=FIR_HLS' from C:/HLS-multirate-DSP/HLS_Multirate/Multirate_v1/hls_config.cfg(13)
INFO: [HLS 200-1465] Applying ini 'flow_target=vivado' from C:/HLS-multirate-DSP/HLS_Multirate/Multirate_v1/hls_config.cfg(4)
INFO: [HLS 200-1505] Using flow_target 'vivado'
Resolution: For help on HLS 200-1505 see docs.xilinx.com/access/sources/dita/topic?Doc_Version=2024.2%20English&url=ug1448-hls-guidance&resourceid=200-1505.html
INFO: [HLS 200-1465] Applying ini 'part=xck26-sfvc784-2LV-c' from C:/HLS-multirate-DSP/HLS_Multirate/Multirate_v1/hls_config.cfg(1)
INFO: [HLS 200-1465] Applying ini 'package.output.format=ip_catalog' from C:/HLS-multirate-DSP/HLS_Multirate/Multirate_v1/hls_config.cfg(5)
INFO: [COSIM 212-47] Using XSIM for RTL simulation.
INFO: [COSIM 212-14] Instrumenting C test bench ...
   Build using "C:/AMD/Vitis/2024.2/vcxx/libexec/clang++"
   Compiling FIR_HLS_TB.cpp_pre.cpp.tb.cpp
   Compiling apatb_FIR_HLS.cpp
   Compiling apatb_FIR_HLS_util.cpp
   Compiling FIR_HLS.cpp_pre.cpp.tb.cpp
   Compiling apatb_FIR_HLS_ir.ll
   Generating cosim.tv.exe
INFO: [COSIM 212-302] Starting C TB testing ... 
INFO: Reading ../../../../../../Matlab/TS_HLS_multirate.dat
INFO: Read 460 samples from ../../../../../../Matlab/TS_HLS_multirate.dat
INFO: Reading ../../../../../../Matlab/TS_HLS_multirate.res
INFO: Read 460 samples from ../../../../../../Matlab/TS_HLS_multirate.res
INFO: Input and reference data lengths match.
Mismatch at sample  280: ref=-0.358093, dut=-0.304932
Mismatch at sample  281: ref=-0.481445, dut=-0.420898
Mismatch at sample  282: ref=-0.582062, dut=-0.569702
Mismatch at sample  283: ref=-0.672455, dut=-0.785156
Mismatch at sample  284: ref=-0.771301, dut=0.978027
Mismatch at sample  285: ref=-0.851379, dut=0.883667
Mismatch at sample  286: ref=-0.910278, dut=-0.931274
Mismatch at sample  287: ref=-0.951416, dut=-0.438354
Mismatch at sample  288: ref=-0.987885, dut=0.21582
Mismatch at sample  289: ref=0.999847, dut=0.791748
Mismatch at sample  290: ref=-0.999756, dut=-0.976807
Mismatch at sample  291: ref=-0.980927, dut=0.810913
Mismatch at sample  292: ref=-0.947968, dut=0.255737
Mismatch at sample  293: ref=-0.892883, dut=-0.379883
Mismatch at sample  294: ref=-0.838196, dut=-0.859253
Mismatch at sample  295: ref=-0.769135, dut=0.96582
Mismatch at sample  296: ref=-0.679352, dut=-0.930054
Mismatch at sample  297: ref=-0.573975, dut=-0.686768
Mismatch at sample  298: ref=-0.480408, dut=-0.46814
Mismatch at sample  299: ref=-0.378174, dut=-0.317749
Mismatch at sample  300: ref=-0.251801, dut=-0.19873
---------------------------------------
Testbench Results
Samples processed : 460
Mismatches        : 21
Status: FAIL [!!] (21 samples out of tolerance)
---------------------------------------
INFO [HLS SIM]: The maximum depth reached by any hls::stream() instance in the design is 460
INFO: [COSIM 212-333] Generating C post check test bench ...
INFO: [COSIM 212-12] Generating RTL test bench ...
INFO: [COSIM 212-1] *** C/RTL co-simulation file generation completed. ***
INFO: [COSIM 212-323] Starting verilog simulation. 
INFO: [COSIM 212-15] Starting XSIM ...

C:\HLS-multirate-DSP\HLS_Multirate\Multirate_v1\Multirate_v1\hls\sim\verilog>set PATH= 

C:\HLS-multirate-DSP\HLS_Multirate\Multirate_v1\Multirate_v1\hls\sim\verilog>call C:/AMD/Vivado/2024.2/bin/xelab xil_defaultlib.apatb_FIR_HLS_top glbl -Oenable_linking_all_libraries  -prj FIR_HLS.prj -L smartconnect_v1_0 -L axi_protocol_checker_v1_1_12 -L axi_protocol_checker_v1_1_13 -L axis_protocol_checker_v1_1_11 -L axis_protocol_checker_v1_1_12 -L xil_defaultlib -L unisims_ver -L xpm  -L floating_point_v7_0_24 -L floating_point_v7_1_19 --lib "ieee_proposed=./ieee_proposed" -s FIR_HLS  
Vivado Simulator v2024.2.0
Copyright 1986-2022 Xilinx, Inc. All Rights Reserved.
Copyright 2022-2024 Advanced Micro Devices, Inc. All Rights Reserved.
Running: C:/AMD/Vivado/2024.2/bin/unwrapped/win64.o/xelab.exe xil_defaultlib.apatb_FIR_HLS_top glbl -Oenable_linking_all_libraries -prj FIR_HLS.prj -L smartconnect_v1_0 -L axi_protocol_checker_v1_1_12 -L axi_protocol_checker_v1_1_13 -L axis_protocol_checker_v1_1_11 -L axis_protocol_checker_v1_1_12 -L xil_defaultlib -L unisims_ver -L xpm -L floating_point_v7_0_24 -L floating_point_v7_1_19 --lib ieee_proposed=./ieee_proposed -s FIR_HLS 
Multi-threading is on. Using 10 slave threads.
INFO: [VRFC 10-2263] Analyzing SystemVerilog file "C:/HLS-multirate-DSP/HLS_Multirate/Multirate_v1/Multirate_v1/hls/sim/verilog/glbl.v" into library work
INFO: [VRFC 10-311] analyzing module glbl
INFO: [VRFC 10-2263] Analyzing SystemVerilog file "C:/HLS-multirate-DSP/HLS_Multirate/Multirate_v1/Multirate_v1/hls/sim/verilog/AESL_axi_s_input_r.v" into library xil_defaultlib
INFO: [VRFC 10-311] analyzing module AESL_axi_s_input_r
INFO: [VRFC 10-2263] Analyzing SystemVerilog file "C:/HLS-multirate-DSP/HLS_Multirate/Multirate_v1/Multirate_v1/hls/sim/verilog/AESL_axi_s_output_r.v" into library xil_defaultlib
INFO: [VRFC 10-311] analyzing module AESL_axi_s_output_r
INFO: [VRFC 10-2263] Analyzing SystemVerilog file "C:/HLS-multirate-DSP/HLS_Multirate/Multirate_v1/Multirate_v1/hls/sim/verilog/AESL_deadlock_idx0_monitor.v" into library xil_defaultlib
INFO: [VRFC 10-311] analyzing module AESL_deadlock_idx0_monitor
INFO: [VRFC 10-2263] Analyzing SystemVerilog file "C:/HLS-multirate-DSP/HLS_Multirate/Multirate_v1/Multirate_v1/hls/sim/verilog/AESL_deadlock_kernel_monitor_top.v" into library xil_defaultlib
INFO: [VRFC 10-311] analyzing module AESL_deadlock_kernel_monitor_top
INFO: [VRFC 10-2263] Analyzing SystemVerilog file "C:/HLS-multirate-DSP/HLS_Multirate/Multirate_v1/Multirate_v1/hls/sim/verilog/AESL_fifo.v" into library xil_defaultlib
INFO: [VRFC 10-311] analyzing module fifo
INFO: [VRFC 10-2263] Analyzing SystemVerilog file "C:/HLS-multirate-DSP/HLS_Multirate/Multirate_v1/Multirate_v1/hls/sim/verilog/FIR_HLS.autotb.v" into library xil_defaultlib
INFO: [VRFC 10-311] analyzing module apatb_FIR_HLS_top
INFO: [VRFC 10-2263] Analyzing SystemVerilog file "C:/HLS-multirate-DSP/HLS_Multirate/Multirate_v1/Multirate_v1/hls/sim/verilog/FIR_HLS.v" into library xil_defaultlib
INFO: [VRFC 10-311] analyzing module FIR_HLS
INFO: [VRFC 10-2263] Analyzing SystemVerilog file "C:/HLS-multirate-DSP/HLS_Multirate/Multirate_v1/Multirate_v1/hls/sim/verilog/FIR_HLS_FIR_filter.v" into library xil_defaultlib
INFO: [VRFC 10-311] analyzing module FIR_HLS_FIR_filter
INFO: [VRFC 10-2263] Analyzing SystemVerilog file "C:/HLS-multirate-DSP/HLS_Multirate/Multirate_v1/Multirate_v1/hls/sim/verilog/FIR_HLS_FIR_filter_1.v" into library xil_defaultlib
INFO: [VRFC 10-311] analyzing module FIR_HLS_FIR_filter_1
INFO: [VRFC 10-2263] Analyzing SystemVerilog file "C:/HLS-multirate-DSP/HLS_Multirate/Multirate_v1/Multirate_v1/hls/sim/verilog/FIR_HLS_FIR_filter_2.v" into library xil_defaultlib
INFO: [VRFC 10-311] analyzing module FIR_HLS_FIR_filter_2
INFO: [VRFC 10-2263] Analyzing SystemVerilog file "C:/HLS-multirate-DSP/HLS_Multirate/Multirate_v1/Multirate_v1/hls/sim/verilog/FIR_HLS_mul_32s_10s_42_1_1.v" into library xil_defaultlib
INFO: [VRFC 10-311] analyzing module FIR_HLS_mul_32s_10s_42_1_1
INFO: [VRFC 10-2263] Analyzing SystemVerilog file "C:/HLS-multirate-DSP/HLS_Multirate/Multirate_v1/Multirate_v1/hls/sim/verilog/FIR_HLS_mul_32s_11s_43_1_1.v" into library xil_defaultlib
INFO: [VRFC 10-311] analyzing module FIR_HLS_mul_32s_11s_43_1_1
INFO: [VRFC 10-2263] Analyzing SystemVerilog file "C:/HLS-multirate-DSP/HLS_Multirate/Multirate_v1/Multirate_v1/hls/sim/verilog/FIR_HLS_mul_32s_12s_43_1_1.v" into library xil_defaultlib
INFO: [VRFC 10-311] analyzing module FIR_HLS_mul_32s_12s_43_1_1
INFO: [VRFC 10-2263] Analyzing SystemVerilog file "C:/HLS-multirate-DSP/HLS_Multirate/Multirate_v1/Multirate_v1/hls/sim/verilog/FIR_HLS_mul_32s_12s_44_1_1.v" into library xil_defaultlib
INFO: [VRFC 10-311] analyzing module FIR_HLS_mul_32s_12s_44_1_1
INFO: [VRFC 10-2263] Analyzing SystemVerilog file "C:/HLS-multirate-DSP/HLS_Multirate/Multirate_v1/Multirate_v1/hls/sim/verilog/FIR_HLS_mul_32s_13s_44_1_1.v" into library xil_defaultlib
INFO: [VRFC 10-311] analyzing module FIR_HLS_mul_32s_13s_44_1_1
INFO: [VRFC 10-2263] Analyzing SystemVerilog file "C:/HLS-multirate-DSP/HLS_Multirate/Multirate_v1/Multirate_v1/hls/sim/verilog/FIR_HLS_mul_32s_13s_45_1_1.v" into library xil_defaultlib
INFO: [VRFC 10-311] analyzing module FIR_HLS_mul_32s_13s_45_1_1
INFO: [VRFC 10-2263] Analyzing SystemVerilog file "C:/HLS-multirate-DSP/HLS_Multirate/Multirate_v1/Multirate_v1/hls/sim/verilog/FIR_HLS_mul_32s_14ns_46_1_1.v" into library xil_defaultlib
INFO: [VRFC 10-311] analyzing module FIR_HLS_mul_32s_14ns_46_1_1
INFO: [VRFC 10-2263] Analyzing SystemVerilog file "C:/HLS-multirate-DSP/HLS_Multirate/Multirate_v1/Multirate_v1/hls/sim/verilog/FIR_HLS_mul_32s_6s_38_1_1.v" into library xil_defaultlib
INFO: [VRFC 10-311] analyzing module FIR_HLS_mul_32s_6s_38_1_1
INFO: [VRFC 10-2263] Analyzing SystemVerilog file "C:/HLS-multirate-DSP/HLS_Multirate/Multirate_v1/Multirate_v1/hls/sim/verilog/FIR_HLS_mul_32s_7s_39_1_1.v" into library xil_defaultlib
INFO: [VRFC 10-311] analyzing module FIR_HLS_mul_32s_7s_39_1_1
INFO: [VRFC 10-2263] Analyzing SystemVerilog file "C:/HLS-multirate-DSP/HLS_Multirate/Multirate_v1/Multirate_v1/hls/sim/verilog/FIR_HLS_mul_32s_8s_40_1_1.v" into library xil_defaultlib
INFO: [VRFC 10-311] analyzing module FIR_HLS_mul_32s_8s_40_1_1
INFO: [VRFC 10-2263] Analyzing SystemVerilog file "C:/HLS-multirate-DSP/HLS_Multirate/Multirate_v1/Multirate_v1/hls/sim/verilog/FIR_HLS_mul_32s_9s_41_1_1.v" into library xil_defaultlib
INFO: [VRFC 10-311] analyzing module FIR_HLS_mul_32s_9s_41_1_1
INFO: [VRFC 10-2263] Analyzing SystemVerilog file "C:/HLS-multirate-DSP/HLS_Multirate/Multirate_v1/Multirate_v1/hls/sim/verilog/FIR_HLS_regslice_both.v" into library xil_defaultlib
INFO: [VRFC 10-311] analyzing module FIR_HLS_regslice_both
INFO: [VRFC 10-2263] Analyzing SystemVerilog file "C:/HLS-multirate-DSP/HLS_Multirate/Multirate_v1/Multirate_v1/hls/sim/verilog/dataflow_monitor.sv" into library xil_defaultlib
INFO: [VRFC 10-311] analyzing module dataflow_monitor
Starting static elaboration
Pass Through NonSizing Optimizer
Completed static elaboration
Starting simulation data flow analysis
Completed simulation data flow analysis
Time Resolution for simulation is 1ps
Compiling package xil_defaultlib.$unit_dataflow_monitor_sv
Compiling module xil_defaultlib.FIR_HLS_mul_32s_10s_42_1_1(NUM_S...
Compiling module xil_defaultlib.FIR_HLS_mul_32s_13s_44_1_1(NUM_S...
Compiling module xil_defaultlib.FIR_HLS_mul_32s_13s_45_1_1(NUM_S...
Compiling module xil_defaultlib.FIR_HLS_mul_32s_14ns_46_1_1(NUM_...
Compiling module xil_defaultlib.FIR_HLS_FIR_filter_1
Compiling module xil_defaultlib.FIR_HLS_mul_32s_12s_43_1_1(NUM_S...
Compiling module xil_defaultlib.FIR_HLS_mul_32s_12s_44_1_1(NUM_S...
Compiling module xil_defaultlib.FIR_HLS_FIR_filter_2
Compiling module xil_defaultlib.FIR_HLS_mul_32s_6s_38_1_1(NUM_ST...
Compiling module xil_defaultlib.FIR_HLS_mul_32s_7s_39_1_1(NUM_ST...
Compiling module xil_defaultlib.FIR_HLS_mul_32s_8s_40_1_1(NUM_ST...
Compiling module xil_defaultlib.FIR_HLS_mul_32s_9s_41_1_1(NUM_ST...
Compiling module xil_defaultlib.FIR_HLS_mul_32s_11s_43_1_1(NUM_S...
Compiling module xil_defaultlib.FIR_HLS_FIR_filter
Compiling module xil_defaultlib.FIR_HLS_regslice_both(DataWidth=...
Compiling module xil_defaultlib.FIR_HLS
Compiling module xil_defaultlib.fifo(DEPTH=2,WIDTH=16)
Compiling module xil_defaultlib.AESL_axi_s_input_r
Compiling module xil_defaultlib.AESL_axi_s_output_r
Compiling module xil_defaultlib.AESL_deadlock_idx0_monitor
Compiling module xil_defaultlib.AESL_deadlock_kernel_monitor_top...
Compiling module xil_defaultlib.nodf_module_intf_default
Compiling module xil_defaultlib.dataflow_monitor_1
Compiling module xil_defaultlib.apatb_FIR_HLS_top
Compiling module work.glbl
Built simulation snapshot FIR_HLS

****** xsim v2024.2 (64-bit)
  **** SW Build 5239630 on Fri Nov 08 22:35:27 MST 2024
  **** IP Build 5239520 on Sun Nov 10 16:12:51 MST 2024
  **** SharedData Build 5239561 on Fri Nov 08 14:39:27 MST 2024
  **** Start of session at: Wed Nov 12 21:12:50 2025
    ** Copyright 1986-2022 Xilinx, Inc. All Rights Reserved.
    ** Copyright 2022-2024 Advanced Micro Devices, Inc. All Rights Reserved.

source xsim.dir/FIR_HLS/xsim_script.tcl
# xsim {FIR_HLS} -autoloadwcfg -tclbatch {FIR_HLS.tcl}
Time resolution is 1 ps
source FIR_HLS.tcl
## run all
////////////////////////////////////////////////////////////////////////////////////
// Inter-Transaction Progress: Completed Transaction / Total Transaction
// Intra-Transaction Progress: Measured Latency / Latency Estimation * 100%
//
// RTL Simulation : "Inter-Transaction Progress" ["Intra-Transaction Progress"] @ "Simulation Time"
////////////////////////////////////////////////////////////////////////////////////
// RTL Simulation : 0 / 460 [0.00%] @ "125000"
// RTL Simulation : 1 / 460 [100.00%] @ "405000"
// RTL Simulation : 2 / 460 [200.00%] @ "665000"
// RTL Simulation : 3 / 460 [300.00%] @ "925000"
// RTL Simulation : 4 / 460 [300.00%] @ "1185000"
// RTL Simulation : 5 / 460 [300.00%] @ "1445000"
// RTL Simulation : 6 / 460 [300.00%] @ "1705000"
// RTL Simulation : 7 / 460 [300.00%] @ "1965000"
// RTL Simulation : 8 / 460 [300.00%] @ "2225000"
// RTL Simulation : 9 / 460 [300.00%] @ "2485000"
// RTL Simulation : 10 / 460 [300.00%] @ "2745000"
// RTL Simulation : 11 / 460 [300.00%] @ "3005000"
// RTL Simulation : 12 / 460 [300.00%] @ "3265000"
// RTL Simulation : 13 / 460 [300.00%] @ "3525000"
// RTL Simulation : 14 / 460 [300.00%] @ "3785000"
// RTL Simulation : 15 / 460 [300.00%] @ "4045000"
// RTL Simulation : 16 / 460 [300.00%] @ "4305000"
// RTL Simulation : 17 / 460 [300.00%] @ "4565000"
// RTL Simulation : 18 / 460 [300.00%] @ "4825000"
// RTL Simulation : 19 / 460 [300.00%] @ "5085000"
// RTL Simulation : 20 / 460 [300.00%] @ "5345000"
// RTL Simulation : 21 / 460 [300.00%] @ "5605000"
// RTL Simulation : 22 / 460 [300.00%] @ "5865000"
// RTL Simulation : 23 / 460 [300.00%] @ "6125000"
// RTL Simulation : 24 / 460 [300.00%] @ "6385000"
// RTL Simulation : 25 / 460 [300.00%] @ "6645000"
// RTL Simulation : 26 / 460 [300.00%] @ "6905000"
// RTL Simulation : 27 / 460 [300.00%] @ "7165000"
// RTL Simulation : 28 / 460 [300.00%] @ "7425000"
// RTL Simulation : 29 / 460 [300.00%] @ "7685000"
// RTL Simulation : 30 / 460 [300.00%] @ "7945000"
// RTL Simulation : 31 / 460 [300.00%] @ "8205000"
// RTL Simulation : 32 / 460 [300.00%] @ "8465000"
// RTL Simulation : 33 / 460 [300.00%] @ "8725000"
// RTL Simulation : 34 / 460 [300.00%] @ "8985000"
// RTL Simulation : 35 / 460 [300.00%] @ "9245000"
// RTL Simulation : 36 / 460 [300.00%] @ "9505000"
// RTL Simulation : 37 / 460 [300.00%] @ "9765000"
// RTL Simulation : 38 / 460 [300.00%] @ "10025000"
// RTL Simulation : 39 / 460 [300.00%] @ "10285000"
// RTL Simulation : 40 / 460 [300.00%] @ "10545000"
// RTL Simulation : 41 / 460 [300.00%] @ "10805000"
// RTL Simulation : 42 / 460 [300.00%] @ "11065000"
// RTL Simulation : 43 / 460 [300.00%] @ "11325000"
// RTL Simulation : 44 / 460 [300.00%] @ "11585000"
// RTL Simulation : 45 / 460 [300.00%] @ "11845000"
// RTL Simulation : 46 / 460 [300.00%] @ "12105000"
// RTL Simulation : 47 / 460 [300.00%] @ "12365000"
// RTL Simulation : 48 / 460 [300.00%] @ "12625000"
// RTL Simulation : 49 / 460 [300.00%] @ "12885000"
// RTL Simulation : 50 / 460 [300.00%] @ "13145000"
// RTL Simulation : 51 / 460 [300.00%] @ "13405000"
// RTL Simulation : 52 / 460 [300.00%] @ "13665000"
// RTL Simulation : 53 / 460 [300.00%] @ "13925000"
// RTL Simulation : 54 / 460 [300.00%] @ "14185000"
// RTL Simulation : 55 / 460 [300.00%] @ "14445000"
// RTL Simulation : 56 / 460 [300.00%] @ "14705000"
// RTL Simulation : 57 / 460 [300.00%] @ "14965000"
// RTL Simulation : 58 / 460 [300.00%] @ "15225000"
// RTL Simulation : 59 / 460 [300.00%] @ "15485000"
// RTL Simulation : 60 / 460 [300.00%] @ "15745000"
// RTL Simulation : 61 / 460 [300.00%] @ "16005000"
// RTL Simulation : 62 / 460 [300.00%] @ "16265000"
// RTL Simulation : 63 / 460 [300.00%] @ "16525000"
// RTL Simulation : 64 / 460 [300.00%] @ "16785000"
// RTL Simulation : 65 / 460 [300.00%] @ "17045000"
// RTL Simulation : 66 / 460 [300.00%] @ "17305000"
// RTL Simulation : 67 / 460 [300.00%] @ "17565000"
// RTL Simulation : 68 / 460 [300.00%] @ "17825000"
// RTL Simulation : 69 / 460 [300.00%] @ "18085000"
// RTL Simulation : 70 / 460 [300.00%] @ "18345000"
// RTL Simulation : 71 / 460 [300.00%] @ "18605000"
// RTL Simulation : 72 / 460 [300.00%] @ "18865000"
// RTL Simulation : 73 / 460 [300.00%] @ "19125000"
// RTL Simulation : 74 / 460 [300.00%] @ "19385000"
// RTL Simulation : 75 / 460 [300.00%] @ "19645000"
// RTL Simulation : 76 / 460 [300.00%] @ "19905000"
// RTL Simulation : 77 / 460 [300.00%] @ "20165000"
// RTL Simulation : 78 / 460 [300.00%] @ "20425000"
// RTL Simulation : 79 / 460 [300.00%] @ "20685000"
// RTL Simulation : 80 / 460 [300.00%] @ "20945000"
// RTL Simulation : 81 / 460 [300.00%] @ "21205000"
// RTL Simulation : 82 / 460 [300.00%] @ "21465000"
// RTL Simulation : 83 / 460 [300.00%] @ "21725000"
// RTL Simulation : 84 / 460 [300.00%] @ "21985000"
// RTL Simulation : 85 / 460 [300.00%] @ "22245000"
// RTL Simulation : 86 / 460 [300.00%] @ "22505000"
// RTL Simulation : 87 / 460 [300.00%] @ "22765000"
// RTL Simulation : 88 / 460 [300.00%] @ "23025000"
// RTL Simulation : 89 / 460 [300.00%] @ "23285000"
// RTL Simulation : 90 / 460 [300.00%] @ "23545000"
// RTL Simulation : 91 / 460 [300.00%] @ "23805000"
// RTL Simulation : 92 / 460 [300.00%] @ "24065000"
// RTL Simulation : 93 / 460 [300.00%] @ "24325000"
// RTL Simulation : 94 / 460 [300.00%] @ "24585000"
// RTL Simulation : 95 / 460 [300.00%] @ "24845000"
// RTL Simulation : 96 / 460 [300.00%] @ "25105000"
// RTL Simulation : 97 / 460 [300.00%] @ "25365000"
// RTL Simulation : 98 / 460 [300.00%] @ "25625000"
// RTL Simulation : 99 / 460 [300.00%] @ "25885000"
// RTL Simulation : 100 / 460 [300.00%] @ "26145000"
// RTL Simulation : 101 / 460 [300.00%] @ "26405000"
// RTL Simulation : 102 / 460 [300.00%] @ "26665000"
// RTL Simulation : 103 / 460 [300.00%] @ "26925000"
// RTL Simulation : 104 / 460 [300.00%] @ "27185000"
// RTL Simulation : 105 / 460 [300.00%] @ "27445000"
// RTL Simulation : 106 / 460 [300.00%] @ "27705000"
// RTL Simulation : 107 / 460 [300.00%] @ "27965000"
// RTL Simulation : 108 / 460 [300.00%] @ "28225000"
// RTL Simulation : 109 / 460 [300.00%] @ "28485000"
// RTL Simulation : 110 / 460 [300.00%] @ "28745000"
// RTL Simulation : 111 / 460 [300.00%] @ "29005000"
// RTL Simulation : 112 / 460 [300.00%] @ "29265000"
// RTL Simulation : 113 / 460 [300.00%] @ "29525000"
// RTL Simulation : 114 / 460 [300.00%] @ "29785000"
// RTL Simulation : 115 / 460 [300.00%] @ "30045000"
// RTL Simulation : 116 / 460 [300.00%] @ "30305000"
// RTL Simulation : 117 / 460 [300.00%] @ "30565000"
// RTL Simulation : 118 / 460 [300.00%] @ "30825000"
// RTL Simulation : 119 / 460 [300.00%] @ "31085000"
// RTL Simulation : 120 / 460 [300.00%] @ "31345000"
// RTL Simulation : 121 / 460 [300.00%] @ "31605000"
// RTL Simulation : 122 / 460 [300.00%] @ "31865000"
// RTL Simulation : 123 / 460 [300.00%] @ "32125000"
// RTL Simulation : 124 / 460 [300.00%] @ "32385000"
// RTL Simulation : 125 / 460 [300.00%] @ "32645000"
// RTL Simulation : 126 / 460 [300.00%] @ "32905000"
// RTL Simulation : 127 / 460 [300.00%] @ "33165000"
// RTL Simulation : 128 / 460 [300.00%] @ "33425000"
// RTL Simulation : 129 / 460 [300.00%] @ "33685000"
// RTL Simulation : 130 / 460 [300.00%] @ "33945000"
// RTL Simulation : 131 / 460 [300.00%] @ "34205000"
// RTL Simulation : 132 / 460 [300.00%] @ "34465000"
// RTL Simulation : 133 / 460 [300.00%] @ "34725000"
// RTL Simulation : 134 / 460 [300.00%] @ "34985000"
// RTL Simulation : 135 / 460 [300.00%] @ "35245000"
// RTL Simulation : 136 / 460 [300.00%] @ "35505000"
// RTL Simulation : 137 / 460 [300.00%] @ "35765000"
// RTL Simulation : 138 / 460 [300.00%] @ "36025000"
// RTL Simulation : 139 / 460 [300.00%] @ "36285000"
// RTL Simulation : 140 / 460 [300.00%] @ "36545000"
// RTL Simulation : 141 / 460 [300.00%] @ "36805000"
// RTL Simulation : 142 / 460 [300.00%] @ "37065000"
// RTL Simulation : 143 / 460 [300.00%] @ "37325000"
// RTL Simulation : 144 / 460 [300.00%] @ "37585000"
// RTL Simulation : 145 / 460 [300.00%] @ "37845000"
// RTL Simulation : 146 / 460 [300.00%] @ "38105000"
// RTL Simulation : 147 / 460 [300.00%] @ "38365000"
// RTL Simulation : 148 / 460 [300.00%] @ "38625000"
// RTL Simulation : 149 / 460 [300.00%] @ "38885000"
// RTL Simulation : 150 / 460 [300.00%] @ "39145000"
// RTL Simulation : 151 / 460 [300.00%] @ "39405000"
// RTL Simulation : 152 / 460 [300.00%] @ "39665000"
// RTL Simulation : 153 / 460 [300.00%] @ "39925000"
// RTL Simulation : 154 / 460 [300.00%] @ "40185000"
// RTL Simulation : 155 / 460 [300.00%] @ "40445000"
// RTL Simulation : 156 / 460 [300.00%] @ "40705000"
// RTL Simulation : 157 / 460 [300.00%] @ "40965000"
// RTL Simulation : 158 / 460 [300.00%] @ "41225000"
// RTL Simulation : 159 / 460 [300.00%] @ "41485000"
// RTL Simulation : 160 / 460 [300.00%] @ "41745000"
// RTL Simulation : 161 / 460 [300.00%] @ "42005000"
// RTL Simulation : 162 / 460 [300.00%] @ "42265000"
// RTL Simulation : 163 / 460 [300.00%] @ "42525000"
// RTL Simulation : 164 / 460 [300.00%] @ "42785000"
// RTL Simulation : 165 / 460 [300.00%] @ "43045000"
// RTL Simulation : 166 / 460 [300.00%] @ "43305000"
// RTL Simulation : 167 / 460 [300.00%] @ "43565000"
// RTL Simulation : 168 / 460 [300.00%] @ "43825000"
// RTL Simulation : 169 / 460 [300.00%] @ "44085000"
// RTL Simulation : 170 / 460 [300.00%] @ "44345000"
// RTL Simulation : 171 / 460 [300.00%] @ "44605000"
// RTL Simulation : 172 / 460 [300.00%] @ "44865000"
// RTL Simulation : 173 / 460 [300.00%] @ "45125000"
// RTL Simulation : 174 / 460 [300.00%] @ "45385000"
// RTL Simulation : 175 / 460 [300.00%] @ "45645000"
// RTL Simulation : 176 / 460 [300.00%] @ "45905000"
// RTL Simulation : 177 / 460 [300.00%] @ "46165000"
// RTL Simulation : 178 / 460 [300.00%] @ "46425000"
// RTL Simulation : 179 / 460 [300.00%] @ "46685000"
// RTL Simulation : 180 / 460 [300.00%] @ "46945000"
// RTL Simulation : 181 / 460 [300.00%] @ "47205000"
// RTL Simulation : 182 / 460 [300.00%] @ "47465000"
// RTL Simulation : 183 / 460 [300.00%] @ "47725000"
// RTL Simulation : 184 / 460 [300.00%] @ "47985000"
// RTL Simulation : 185 / 460 [300.00%] @ "48245000"
// RTL Simulation : 186 / 460 [300.00%] @ "48505000"
// RTL Simulation : 187 / 460 [300.00%] @ "48765000"
// RTL Simulation : 188 / 460 [300.00%] @ "49025000"
// RTL Simulation : 189 / 460 [300.00%] @ "49285000"
// RTL Simulation : 190 / 460 [300.00%] @ "49545000"
// RTL Simulation : 191 / 460 [300.00%] @ "49805000"
// RTL Simulation : 192 / 460 [300.00%] @ "50065000"
// RTL Simulation : 193 / 460 [300.00%] @ "50325000"
// RTL Simulation : 194 / 460 [300.00%] @ "50585000"
// RTL Simulation : 195 / 460 [300.00%] @ "50845000"
// RTL Simulation : 196 / 460 [300.00%] @ "51105000"
// RTL Simulation : 197 / 460 [300.00%] @ "51365000"
// RTL Simulation : 198 / 460 [300.00%] @ "51625000"
// RTL Simulation : 199 / 460 [300.00%] @ "51885000"
// RTL Simulation : 200 / 460 [300.00%] @ "52145000"
// RTL Simulation : 201 / 460 [300.00%] @ "52405000"
// RTL Simulation : 202 / 460 [300.00%] @ "52665000"
// RTL Simulation : 203 / 460 [300.00%] @ "52925000"
// RTL Simulation : 204 / 460 [300.00%] @ "53185000"
// RTL Simulation : 205 / 460 [300.00%] @ "53445000"
// RTL Simulation : 206 / 460 [300.00%] @ "53705000"
// RTL Simulation : 207 / 460 [300.00%] @ "53965000"
// RTL Simulation : 208 / 460 [300.00%] @ "54225000"
// RTL Simulation : 209 / 460 [300.00%] @ "54485000"
// RTL Simulation : 210 / 460 [300.00%] @ "54745000"
// RTL Simulation : 211 / 460 [300.00%] @ "55005000"
// RTL Simulation : 212 / 460 [300.00%] @ "55265000"
// RTL Simulation : 213 / 460 [300.00%] @ "55525000"
// RTL Simulation : 214 / 460 [300.00%] @ "55785000"
// RTL Simulation : 215 / 460 [300.00%] @ "56045000"
// RTL Simulation : 216 / 460 [300.00%] @ "56305000"
// RTL Simulation : 217 / 460 [300.00%] @ "56565000"
// RTL Simulation : 218 / 460 [300.00%] @ "56825000"
// RTL Simulation : 219 / 460 [300.00%] @ "57085000"
// RTL Simulation : 220 / 460 [300.00%] @ "57345000"
// RTL Simulation : 221 / 460 [300.00%] @ "57605000"
// RTL Simulation : 222 / 460 [300.00%] @ "57865000"
// RTL Simulation : 223 / 460 [300.00%] @ "58125000"
// RTL Simulation : 224 / 460 [300.00%] @ "58385000"
// RTL Simulation : 225 / 460 [300.00%] @ "58645000"
// RTL Simulation : 226 / 460 [300.00%] @ "58905000"
// RTL Simulation : 227 / 460 [300.00%] @ "59165000"
// RTL Simulation : 228 / 460 [300.00%] @ "59425000"
// RTL Simulation : 229 / 460 [300.00%] @ "59685000"
// RTL Simulation : 230 / 460 [300.00%] @ "59945000"
// RTL Simulation : 231 / 460 [300.00%] @ "60205000"
// RTL Simulation : 232 / 460 [300.00%] @ "60465000"
// RTL Simulation : 233 / 460 [300.00%] @ "60725000"
// RTL Simulation : 234 / 460 [300.00%] @ "60985000"
// RTL Simulation : 235 / 460 [300.00%] @ "61245000"
// RTL Simulation : 236 / 460 [300.00%] @ "61505000"
// RTL Simulation : 237 / 460 [300.00%] @ "61765000"
// RTL Simulation : 238 / 460 [300.00%] @ "62025000"
// RTL Simulation : 239 / 460 [300.00%] @ "62285000"
// RTL Simulation : 240 / 460 [300.00%] @ "62545000"
// RTL Simulation : 241 / 460 [300.00%] @ "62805000"
// RTL Simulation : 242 / 460 [300.00%] @ "63065000"
// RTL Simulation : 243 / 460 [300.00%] @ "63325000"
// RTL Simulation : 244 / 460 [300.00%] @ "63585000"
// RTL Simulation : 245 / 460 [300.00%] @ "63845000"
// RTL Simulation : 246 / 460 [300.00%] @ "64105000"
// RTL Simulation : 247 / 460 [300.00%] @ "64365000"
// RTL Simulation : 248 / 460 [300.00%] @ "64625000"
// RTL Simulation : 249 / 460 [300.00%] @ "64885000"
// RTL Simulation : 250 / 460 [300.00%] @ "65145000"
// RTL Simulation : 251 / 460 [300.00%] @ "65405000"
// RTL Simulation : 252 / 460 [300.00%] @ "65665000"
// RTL Simulation : 253 / 460 [300.00%] @ "65925000"
// RTL Simulation : 254 / 460 [300.00%] @ "66185000"
// RTL Simulation : 255 / 460 [300.00%] @ "66445000"
// RTL Simulation : 256 / 460 [300.00%] @ "66705000"
// RTL Simulation : 257 / 460 [300.00%] @ "66965000"
// RTL Simulation : 258 / 460 [300.00%] @ "67225000"
// RTL Simulation : 259 / 460 [300.00%] @ "67485000"
// RTL Simulation : 260 / 460 [300.00%] @ "67745000"
// RTL Simulation : 261 / 460 [300.00%] @ "68005000"
// RTL Simulation : 262 / 460 [300.00%] @ "68265000"
// RTL Simulation : 263 / 460 [300.00%] @ "68525000"
// RTL Simulation : 264 / 460 [300.00%] @ "68785000"
// RTL Simulation : 265 / 460 [300.00%] @ "69045000"
// RTL Simulation : 266 / 460 [300.00%] @ "69305000"
// RTL Simulation : 267 / 460 [300.00%] @ "69565000"
// RTL Simulation : 268 / 460 [300.00%] @ "69825000"
// RTL Simulation : 269 / 460 [300.00%] @ "70085000"
// RTL Simulation : 270 / 460 [300.00%] @ "70345000"
// RTL Simulation : 271 / 460 [300.00%] @ "70605000"
// RTL Simulation : 272 / 460 [300.00%] @ "70865000"
// RTL Simulation : 273 / 460 [300.00%] @ "71125000"
// RTL Simulation : 274 / 460 [300.00%] @ "71385000"
// RTL Simulation : 275 / 460 [300.00%] @ "71645000"
// RTL Simulation : 276 / 460 [300.00%] @ "71905000"
// RTL Simulation : 277 / 460 [300.00%] @ "72165000"
// RTL Simulation : 278 / 460 [300.00%] @ "72425000"
// RTL Simulation : 279 / 460 [300.00%] @ "72685000"
// RTL Simulation : 280 / 460 [300.00%] @ "72945000"
// RTL Simulation : 281 / 460 [300.00%] @ "73205000"
// RTL Simulation : 282 / 460 [300.00%] @ "73465000"
// RTL Simulation : 283 / 460 [300.00%] @ "73725000"
// RTL Simulation : 284 / 460 [300.00%] @ "73985000"
// RTL Simulation : 285 / 460 [300.00%] @ "74245000"
// RTL Simulation : 286 / 460 [300.00%] @ "74505000"
// RTL Simulation : 287 / 460 [300.00%] @ "74765000"
// RTL Simulation : 288 / 460 [300.00%] @ "75025000"
// RTL Simulation : 289 / 460 [300.00%] @ "75285000"
// RTL Simulation : 290 / 460 [300.00%] @ "75545000"
// RTL Simulation : 291 / 460 [300.00%] @ "75805000"
// RTL Simulation : 292 / 460 [300.00%] @ "76065000"
// RTL Simulation : 293 / 460 [300.00%] @ "76325000"
// RTL Simulation : 294 / 460 [300.00%] @ "76585000"
// RTL Simulation : 295 / 460 [300.00%] @ "76845000"
// RTL Simulation : 296 / 460 [300.00%] @ "77105000"
// RTL Simulation : 297 / 460 [300.00%] @ "77365000"
// RTL Simulation : 298 / 460 [300.00%] @ "77625000"
// RTL Simulation : 299 / 460 [300.00%] @ "77885000"
// RTL Simulation : 300 / 460 [300.00%] @ "78145000"
// RTL Simulation : 301 / 460 [300.00%] @ "78405000"
// RTL Simulation : 302 / 460 [300.00%] @ "78665000"
// RTL Simulation : 303 / 460 [300.00%] @ "78925000"
// RTL Simulation : 304 / 460 [300.00%] @ "79185000"
// RTL Simulation : 305 / 460 [300.00%] @ "79445000"
// RTL Simulation : 306 / 460 [300.00%] @ "79705000"
// RTL Simulation : 307 / 460 [300.00%] @ "79965000"
// RTL Simulation : 308 / 460 [300.00%] @ "80225000"
// RTL Simulation : 309 / 460 [300.00%] @ "80485000"
// RTL Simulation : 310 / 460 [300.00%] @ "80745000"
// RTL Simulation : 311 / 460 [300.00%] @ "81005000"
// RTL Simulation : 312 / 460 [300.00%] @ "81265000"
// RTL Simulation : 313 / 460 [300.00%] @ "81525000"
// RTL Simulation : 314 / 460 [300.00%] @ "81785000"
// RTL Simulation : 315 / 460 [300.00%] @ "82045000"
// RTL Simulation : 316 / 460 [300.00%] @ "82305000"
// RTL Simulation : 317 / 460 [300.00%] @ "82565000"
// RTL Simulation : 318 / 460 [300.00%] @ "82825000"
// RTL Simulation : 319 / 460 [300.00%] @ "83085000"
// RTL Simulation : 320 / 460 [300.00%] @ "83345000"
// RTL Simulation : 321 / 460 [300.00%] @ "83605000"
// RTL Simulation : 322 / 460 [300.00%] @ "83865000"
// RTL Simulation : 323 / 460 [300.00%] @ "84125000"
// RTL Simulation : 324 / 460 [300.00%] @ "84385000"
// RTL Simulation : 325 / 460 [300.00%] @ "84645000"
// RTL Simulation : 326 / 460 [300.00%] @ "84905000"
// RTL Simulation : 327 / 460 [300.00%] @ "85165000"
// RTL Simulation : 328 / 460 [300.00%] @ "85425000"
// RTL Simulation : 329 / 460 [300.00%] @ "85685000"
// RTL Simulation : 330 / 460 [300.00%] @ "85945000"
// RTL Simulation : 331 / 460 [300.00%] @ "86205000"
// RTL Simulation : 332 / 460 [300.00%] @ "86465000"
// RTL Simulation : 333 / 460 [300.00%] @ "86725000"
// RTL Simulation : 334 / 460 [300.00%] @ "86985000"
// RTL Simulation : 335 / 460 [300.00%] @ "87245000"
// RTL Simulation : 336 / 460 [300.00%] @ "87505000"
// RTL Simulation : 337 / 460 [300.00%] @ "87765000"
// RTL Simulation : 338 / 460 [300.00%] @ "88025000"
// RTL Simulation : 339 / 460 [300.00%] @ "88285000"
// RTL Simulation : 340 / 460 [300.00%] @ "88545000"
// RTL Simulation : 341 / 460 [300.00%] @ "88805000"
// RTL Simulation : 342 / 460 [300.00%] @ "89065000"
// RTL Simulation : 343 / 460 [300.00%] @ "89325000"
// RTL Simulation : 344 / 460 [300.00%] @ "89585000"
// RTL Simulation : 345 / 460 [300.00%] @ "89845000"
// RTL Simulation : 346 / 460 [300.00%] @ "90105000"
// RTL Simulation : 347 / 460 [300.00%] @ "90365000"
// RTL Simulation : 348 / 460 [300.00%] @ "90625000"
// RTL Simulation : 349 / 460 [300.00%] @ "90885000"
// RTL Simulation : 350 / 460 [300.00%] @ "91145000"
// RTL Simulation : 351 / 460 [300.00%] @ "91405000"
// RTL Simulation : 352 / 460 [300.00%] @ "91665000"
// RTL Simulation : 353 / 460 [300.00%] @ "91925000"
// RTL Simulation : 354 / 460 [300.00%] @ "92185000"
// RTL Simulation : 355 / 460 [300.00%] @ "92445000"
// RTL Simulation : 356 / 460 [300.00%] @ "92705000"
// RTL Simulation : 357 / 460 [300.00%] @ "92965000"
// RTL Simulation : 358 / 460 [300.00%] @ "93225000"
// RTL Simulation : 359 / 460 [300.00%] @ "93485000"
// RTL Simulation : 360 / 460 [300.00%] @ "93745000"
// RTL Simulation : 361 / 460 [300.00%] @ "94005000"
// RTL Simulation : 362 / 460 [300.00%] @ "94265000"
// RTL Simulation : 363 / 460 [300.00%] @ "94525000"
// RTL Simulation : 364 / 460 [300.00%] @ "94785000"
// RTL Simulation : 365 / 460 [300.00%] @ "95045000"
// RTL Simulation : 366 / 460 [300.00%] @ "95305000"
// RTL Simulation : 367 / 460 [300.00%] @ "95565000"
// RTL Simulation : 368 / 460 [300.00%] @ "95825000"
// RTL Simulation : 369 / 460 [300.00%] @ "96085000"
// RTL Simulation : 370 / 460 [300.00%] @ "96345000"
// RTL Simulation : 371 / 460 [300.00%] @ "96605000"
// RTL Simulation : 372 / 460 [300.00%] @ "96865000"
// RTL Simulation : 373 / 460 [300.00%] @ "97125000"
// RTL Simulation : 374 / 460 [300.00%] @ "97385000"
// RTL Simulation : 375 / 460 [300.00%] @ "97645000"
// RTL Simulation : 376 / 460 [300.00%] @ "97905000"
// RTL Simulation : 377 / 460 [300.00%] @ "98165000"
// RTL Simulation : 378 / 460 [300.00%] @ "98425000"
// RTL Simulation : 379 / 460 [300.00%] @ "98685000"
// RTL Simulation : 380 / 460 [300.00%] @ "98945000"
// RTL Simulation : 381 / 460 [300.00%] @ "99205000"
// RTL Simulation : 382 / 460 [300.00%] @ "99465000"
// RTL Simulation : 383 / 460 [300.00%] @ "99725000"
// RTL Simulation : 384 / 460 [300.00%] @ "99985000"
// RTL Simulation : 385 / 460 [300.00%] @ "100245000"
// RTL Simulation : 386 / 460 [300.00%] @ "100505000"
// RTL Simulation : 387 / 460 [300.00%] @ "100765000"
// RTL Simulation : 388 / 460 [300.00%] @ "101025000"
// RTL Simulation : 389 / 460 [300.00%] @ "101285000"
// RTL Simulation : 390 / 460 [300.00%] @ "101545000"
// RTL Simulation : 391 / 460 [300.00%] @ "101805000"
// RTL Simulation : 392 / 460 [300.00%] @ "102065000"
// RTL Simulation : 393 / 460 [300.00%] @ "102325000"
// RTL Simulation : 394 / 460 [300.00%] @ "102585000"
// RTL Simulation : 395 / 460 [300.00%] @ "102845000"
// RTL Simulation : 396 / 460 [300.00%] @ "103105000"
// RTL Simulation : 397 / 460 [300.00%] @ "103365000"
// RTL Simulation : 398 / 460 [300.00%] @ "103625000"
// RTL Simulation : 399 / 460 [300.00%] @ "103885000"
// RTL Simulation : 400 / 460 [300.00%] @ "104145000"
// RTL Simulation : 401 / 460 [300.00%] @ "104405000"
// RTL Simulation : 402 / 460 [300.00%] @ "104665000"
// RTL Simulation : 403 / 460 [300.00%] @ "104925000"
// RTL Simulation : 404 / 460 [300.00%] @ "105185000"
// RTL Simulation : 405 / 460 [300.00%] @ "105445000"
// RTL Simulation : 406 / 460 [300.00%] @ "105705000"
// RTL Simulation : 407 / 460 [300.00%] @ "105965000"
// RTL Simulation : 408 / 460 [300.00%] @ "106225000"
// RTL Simulation : 409 / 460 [300.00%] @ "106485000"
// RTL Simulation : 410 / 460 [300.00%] @ "106745000"
// RTL Simulation : 411 / 460 [300.00%] @ "107005000"
// RTL Simulation : 412 / 460 [300.00%] @ "107265000"
// RTL Simulation : 413 / 460 [300.00%] @ "107525000"
// RTL Simulation : 414 / 460 [300.00%] @ "107785000"
// RTL Simulation : 415 / 460 [300.00%] @ "108045000"
// RTL Simulation : 416 / 460 [300.00%] @ "108305000"
// RTL Simulation : 417 / 460 [300.00%] @ "108565000"
// RTL Simulation : 418 / 460 [300.00%] @ "108825000"
// RTL Simulation : 419 / 460 [300.00%] @ "109085000"
// RTL Simulation : 420 / 460 [300.00%] @ "109345000"
// RTL Simulation : 421 / 460 [300.00%] @ "109605000"
// RTL Simulation : 422 / 460 [300.00%] @ "109865000"
// RTL Simulation : 423 / 460 [300.00%] @ "110125000"
// RTL Simulation : 424 / 460 [300.00%] @ "110385000"
// RTL Simulation : 425 / 460 [300.00%] @ "110645000"
// RTL Simulation : 426 / 460 [300.00%] @ "110905000"
// RTL Simulation : 427 / 460 [300.00%] @ "111165000"
// RTL Simulation : 428 / 460 [300.00%] @ "111425000"
// RTL Simulation : 429 / 460 [300.00%] @ "111685000"
// RTL Simulation : 430 / 460 [300.00%] @ "111945000"
// RTL Simulation : 431 / 460 [300.00%] @ "112205000"
// RTL Simulation : 432 / 460 [300.00%] @ "112465000"
// RTL Simulation : 433 / 460 [300.00%] @ "112725000"
// RTL Simulation : 434 / 460 [300.00%] @ "112985000"
// RTL Simulation : 435 / 460 [300.00%] @ "113245000"
// RTL Simulation : 436 / 460 [300.00%] @ "113505000"
// RTL Simulation : 437 / 460 [300.00%] @ "113765000"
// RTL Simulation : 438 / 460 [300.00%] @ "114025000"
// RTL Simulation : 439 / 460 [300.00%] @ "114285000"
// RTL Simulation : 440 / 460 [300.00%] @ "114545000"
// RTL Simulation : 441 / 460 [300.00%] @ "114805000"
// RTL Simulation : 442 / 460 [300.00%] @ "115065000"
// RTL Simulation : 443 / 460 [300.00%] @ "115325000"
// RTL Simulation : 444 / 460 [300.00%] @ "115585000"
// RTL Simulation : 445 / 460 [300.00%] @ "115845000"
// RTL Simulation : 446 / 460 [300.00%] @ "116105000"
// RTL Simulation : 447 / 460 [300.00%] @ "116365000"
// RTL Simulation : 448 / 460 [300.00%] @ "116625000"
// RTL Simulation : 449 / 460 [300.00%] @ "116885000"
// RTL Simulation : 450 / 460 [300.00%] @ "117145000"
// RTL Simulation : 451 / 460 [300.00%] @ "117405000"
// RTL Simulation : 452 / 460 [300.00%] @ "117665000"
// RTL Simulation : 453 / 460 [300.00%] @ "117925000"
// RTL Simulation : 454 / 460 [300.00%] @ "118185000"
// RTL Simulation : 455 / 460 [300.00%] @ "118445000"
// RTL Simulation : 456 / 460 [300.00%] @ "118705000"
// RTL Simulation : 457 / 460 [300.00%] @ "118965000"
// RTL Simulation : 458 / 460 [300.00%] @ "119225000"
// RTL Simulation : 459 / 460 [300.00%] @ "119485000"
// RTL Simulation : 460 / 460 [100.00%] @ "119745000"
////////////////////////////////////////////////////////////////////////////////////
$finish called at time : 119805 ns : File "C:/HLS-multirate-DSP/HLS_Multirate/Multirate_v1/Multirate_v1/hls/sim/verilog/FIR_HLS.autotb.v" Line 196
## quit
INFO: [Common 17-206] Exiting xsim at Wed Nov 12 21:12:58 2025...
INFO: [COSIM 212-316] Starting C post checking ...
INFO: Reading ../../../../../../Matlab/TS_HLS_multirate.dat
INFO: Read 460 samples from ../../../../../../Matlab/TS_HLS_multirate.dat
INFO: Reading ../../../../../../Matlab/TS_HLS_multirate.res
INFO: Read 460 samples from ../../../../../../Matlab/TS_HLS_multirate.res
INFO: Input and reference data lengths match.
Mismatch at sample  280: ref=-0.358093, dut=-0.304932
Mismatch at sample  281: ref=-0.481445, dut=-0.420898
Mismatch at sample  282: ref=-0.582062, dut=-0.569702
Mismatch at sample  283: ref=-0.672455, dut=-0.785156
Mismatch at sample  284: ref=-0.771301, dut=0.978027
Mismatch at sample  285: ref=-0.851379, dut=0.883667
Mismatch at sample  286: ref=-0.910278, dut=-0.931274
Mismatch at sample  287: ref=-0.951416, dut=-0.438354
Mismatch at sample  288: ref=-0.987885, dut=0.21582
Mismatch at sample  289: ref=0.999847, dut=0.791748
Mismatch at sample  290: ref=-0.999756, dut=-0.976807
Mismatch at sample  291: ref=-0.980927, dut=0.810913
Mismatch at sample  292: ref=-0.947968, dut=0.255737
Mismatch at sample  293: ref=-0.892883, dut=-0.379883
Mismatch at sample  294: ref=-0.838196, dut=-0.859253
Mismatch at sample  295: ref=-0.769135, dut=0.96582
Mismatch at sample  296: ref=-0.679352, dut=-0.930054
Mismatch at sample  297: ref=-0.573975, dut=-0.686768
Mismatch at sample  298: ref=-0.480408, dut=-0.46814
Mismatch at sample  299: ref=-0.378174, dut=-0.317749
Mismatch at sample  300: ref=-0.251801, dut=-0.19873
---------------------------------------
Testbench Results
Samples processed : 460
Mismatches        : 21
Status: FAIL [!!] (21 samples out of tolerance)
---------------------------------------
INFO [HLS SIM]: The maximum depth reached by any hls::stream() instance in the design is 460
INFO: [COSIM 212-1000] *** C/RTL co-simulation finished: PASS ***
INFO: [HLS 200-112] Total CPU user time: 5 seconds. Total CPU system time: 2 seconds. Total elapsed time: 58.862 seconds; peak allocated memory: 343.758 MB.
INFO: [vitis-run 60-791] Total elapsed time: 0h 1m 4s
