Copyright 1986-2022 Xilinx, Inc. All Rights Reserved. Copyright 2022-2024 Advanced Micro Devices, Inc. All Rights Reserved.
--------------------------------------------------------------------------------------------------------------------------------------------------
| Tool Version      : Vivado v.2024.2 (win64) Build 5239630 Fri Nov 08 22:35:27 MST 2024
| Date              : Sat Oct 18 13:06:02 2025
| Host              : DESKTOP-92OKADH running 64-bit major release  (build 9200)
| Command           : report_timing_summary -file ./report/FIR_HLS_timing_synth.rpt
| Design            : bd_0_wrapper
| Device            : xck26-sfvc784
| Speed File        : -2LV  PRODUCTION 1.30 05-15-2022
| Design State      : Synthesized
| Temperature Grade : C
--------------------------------------------------------------------------------------------------------------------------------------------------

Timing Summary Report

------------------------------------------------------------------------------------------------
| Timer Settings
| --------------
------------------------------------------------------------------------------------------------

  Enable Multi Corner Analysis               :  Yes
  Enable Pessimism Removal                   :  Yes
  Pessimism Removal Resolution               :  Nearest Common Node
  Enable Input Delay Default Clock           :  No
  Enable Preset / Clear Arcs                 :  No
  Disable Flight Delays                      :  No
  Ignore I/O Paths                           :  No
  Timing Early Launch at Borrowing Latches   :  No
  Borrow Time for Max Delay Exceptions       :  Yes
  Merge Timing Exceptions                    :  Yes
  Inter-SLR Compensation                     :  Conservative

  Corner  Analyze    Analyze    
  Name    Max Paths  Min Paths  
  ------  ---------  ---------  
  Slow    Yes        Yes        
  Fast    Yes        Yes        


------------------------------------------------------------------------------------------------
| Report Methodology
| ------------------
------------------------------------------------------------------------------------------------

No report available as report_methodology has not been run prior. Run report_methodology on the current design for the summary of methodology violations.



check_timing report

Table of Contents
-----------------
1. checking no_clock (0)
2. checking constant_clock (0)
3. checking pulse_width_clock (0)
4. checking unconstrained_internal_endpoints (0)
5. checking no_input_delay (19)
6. checking no_output_delay (18)
7. checking multiple_clock (0)
8. checking generated_clocks (0)
9. checking loops (0)
10. checking partial_input_delay (0)
11. checking partial_output_delay (0)
12. checking latch_loops (0)

1. checking no_clock (0)
------------------------
 There are 0 register/latch pins with no clock.


2. checking constant_clock (0)
------------------------------
 There are 0 register/latch pins with constant_clock.


3. checking pulse_width_clock (0)
---------------------------------
 There are 0 register/latch pins which need pulse_width check


4. checking unconstrained_internal_endpoints (0)
------------------------------------------------
 There are 0 pins that are not constrained for maximum delay.

 There are 0 pins that are not constrained for maximum delay due to constant clock.


5. checking no_input_delay (19)
-------------------------------
 There are 19 input ports with no input delay specified. (HIGH)

 There are 0 input ports with no input delay but user has a false path constraint.


6. checking no_output_delay (18)
--------------------------------
 There are 18 ports with no output delay specified. (HIGH)

 There are 0 ports with no output delay but user has a false path constraint

 There are 0 ports with no output delay but with a timing clock defined on it or propagating through it


7. checking multiple_clock (0)
------------------------------
 There are 0 register/latch pins with multiple clocks.


8. checking generated_clocks (0)
--------------------------------
 There are 0 generated clocks that are not connected to a clock source.


9. checking loops (0)
---------------------
 There are 0 combinational loops in the design.


10. checking partial_input_delay (0)
------------------------------------
 There are 0 input ports with partial input delay specified.


11. checking partial_output_delay (0)
-------------------------------------
 There are 0 ports with partial output delay specified.


12. checking latch_loops (0)
----------------------------
 There are 0 combinational latch loops in the design through latch input



------------------------------------------------------------------------------------------------
| Design Timing Summary
| ---------------------
------------------------------------------------------------------------------------------------

    WNS(ns)      TNS(ns)  TNS Failing Endpoints  TNS Total Endpoints      WHS(ns)      THS(ns)  THS Failing Endpoints  THS Total Endpoints     WPWS(ns)     TPWS(ns)  TPWS Failing Endpoints  TPWS Total Endpoints  
    -------      -------  ---------------------  -------------------      -------      -------  ---------------------  -------------------     --------     --------  ----------------------  --------------------  
      4.771        0.000                      0                32884        0.046        0.000                      0                32884        4.238        0.000                       0                  9694  


All user specified timing constraints are met.


------------------------------------------------------------------------------------------------
| Clock Summary
| -------------
------------------------------------------------------------------------------------------------

Clock   Waveform(ns)       Period(ns)      Frequency(MHz)
-----   ------------       ----------      --------------
ap_clk  {0.000 5.000}      10.000          100.000         


------------------------------------------------------------------------------------------------
| Intra Clock Table
| -----------------
------------------------------------------------------------------------------------------------

Clock             WNS(ns)      TNS(ns)  TNS Failing Endpoints  TNS Total Endpoints      WHS(ns)      THS(ns)  THS Failing Endpoints  THS Total Endpoints     WPWS(ns)     TPWS(ns)  TPWS Failing Endpoints  TPWS Total Endpoints  
-----             -------      -------  ---------------------  -------------------      -------      -------  ---------------------  -------------------     --------     --------  ----------------------  --------------------  
ap_clk              4.771        0.000                      0                32884        0.046        0.000                      0                32884        4.238        0.000                       0                  9694  


------------------------------------------------------------------------------------------------
| Inter Clock Table
| -----------------
------------------------------------------------------------------------------------------------

From Clock    To Clock          WNS(ns)      TNS(ns)  TNS Failing Endpoints  TNS Total Endpoints      WHS(ns)      THS(ns)  THS Failing Endpoints  THS Total Endpoints  
----------    --------          -------      -------  ---------------------  -------------------      -------      -------  ---------------------  -------------------  


------------------------------------------------------------------------------------------------
| Other Path Groups Table
| -----------------------
------------------------------------------------------------------------------------------------

Path Group    From Clock    To Clock          WNS(ns)      TNS(ns)  TNS Failing Endpoints  TNS Total Endpoints      WHS(ns)      THS(ns)  THS Failing Endpoints  THS Total Endpoints  
----------    ----------    --------          -------      -------  ---------------------  -------------------      -------      -------  ---------------------  -------------------  


------------------------------------------------------------------------------------------------
| Timing Details
| --------------
------------------------------------------------------------------------------------------------


---------------------------------------------------------------------------------------------------
From Clock:  ap_clk
  To Clock:  ap_clk

Setup :            0  Failing Endpoints,  Worst Slack        4.771ns,  Total Violation        0.000ns
Hold  :            0  Failing Endpoints,  Worst Slack        0.046ns,  Total Violation        0.000ns
PW    :            0  Failing Endpoints,  Worst Slack        4.238ns,  Total Violation        0.000ns
---------------------------------------------------------------------------------------------------


Max Delay Paths
--------------------------------------------------------------------------------------
Slack (MET) :             4.771ns  (required time - arrival time)
  Source:                 bd_0_i/hls_inst/inst/grp_FIR_filter_fu_827/p_ZL12H_filter_FIR_384_reg[0]/C
                            (rising edge-triggered cell FDRE clocked by ap_clk  {rise@0.000ns fall@5.000ns period=10.000ns})
  Destination:            bd_0_i/hls_inst/inst/grp_FIR_filter_fu_827/add_ln30_112_reg_10992_reg[23]/D
                            (rising edge-triggered cell FDRE clocked by ap_clk  {rise@0.000ns fall@5.000ns period=10.000ns})
  Path Group:             ap_clk
  Path Type:              Setup (Max at Slow Process Corner)
  Requirement:            10.000ns  (ap_clk rise@10.000ns - ap_clk rise@0.000ns)
  Data Path Delay:        5.226ns  (logic 2.410ns (46.116%)  route 2.816ns (53.884%))
  Logic Levels:           19  (CARRY8=8 LUT2=1 LUT3=5 LUT5=3 LUT6=2)
  Clock Path Skew:        -0.011ns (DCD - SCD + CPR)
    Destination Clock Delay (DCD):    0.030ns = ( 10.030 - 10.000 ) 
    Source Clock Delay      (SCD):    0.041ns
    Clock Pessimism Removal (CPR):    0.000ns
  Clock Uncertainty:      0.035ns  ((TSJ^2 + TIJ^2)^1/2 + DJ) / 2 + PE
    Total System Jitter     (TSJ):    0.071ns
    Total Input Jitter      (TIJ):    0.000ns
    Discrete Jitter          (DJ):    0.000ns
    Phase Error              (PE):    0.000ns

    Location             Delay type                Incr(ns)  Path(ns)    Netlist Resource(s)
  -------------------------------------------------------------------    -------------------
                         (clock ap_clk rise edge)     0.000     0.000 r  
                                                      0.000     0.000 r  ap_clk (IN)
                         net (fo=10028, unset)        0.041     0.041    bd_0_i/hls_inst/inst/grp_FIR_filter_fu_827/ap_clk
                         FDRE                                         r  bd_0_i/hls_inst/inst/grp_FIR_filter_fu_827/p_ZL12H_filter_FIR_384_reg[0]/C
  -------------------------------------------------------------------    -------------------
                         FDRE (Prop_FDRE_C_Q)         0.114     0.155 r  bd_0_i/hls_inst/inst/grp_FIR_filter_fu_827/p_ZL12H_filter_FIR_384_reg[0]/Q
                         net (fo=2, unplaced)         0.154     0.309    bd_0_i/hls_inst/inst/grp_FIR_filter_fu_827/p_ZL12H_filter_FIR_384[0]
                         LUT2 (Prop_LUT2_I1_O)        0.058     0.367 r  bd_0_i/hls_inst/inst/grp_FIR_filter_fu_827/add_ln30_112_reg_10992[24]_i_238/O
                         net (fo=1, unplaced)         0.025     0.392    bd_0_i/hls_inst/inst/grp_FIR_filter_fu_827/add_ln30_112_reg_10992[24]_i_238_n_0
                         CARRY8 (Prop_CARRY8_S[0]_O[2])
                                                      0.187     0.579 r  bd_0_i/hls_inst/inst/grp_FIR_filter_fu_827/add_ln30_112_reg_10992_reg[24]_i_221/O[2]
                         net (fo=3, unplaced)         0.217     0.796    bd_0_i/hls_inst/inst/grp_FIR_filter_fu_827/tmp_fu_3860_p2[2]
                         LUT3 (Prop_LUT3_I1_O)        0.058     0.854 r  bd_0_i/hls_inst/inst/grp_FIR_filter_fu_827/add_ln30_112_reg_10992[24]_i_218/O
                         net (fo=1, unplaced)         0.212     1.066    bd_0_i/hls_inst/inst/grp_FIR_filter_fu_827/add_ln30_112_reg_10992[24]_i_218_n_0
                         CARRY8 (Prop_CARRY8_DI[3]_O[4])
                                                      0.235     1.301 r  bd_0_i/hls_inst/inst/grp_FIR_filter_fu_827/add_ln30_112_reg_10992_reg[24]_i_195/O[4]
                         net (fo=3, unplaced)         0.215     1.516    bd_0_i/hls_inst/inst/grp_FIR_filter_fu_827/tmp7_fu_3876_p2[4]
                         LUT3 (Prop_LUT3_I2_O)        0.058     1.574 r  bd_0_i/hls_inst/inst/grp_FIR_filter_fu_827/add_ln30_112_reg_10992[24]_i_181/O
                         net (fo=1, unplaced)         0.124     1.698    bd_0_i/hls_inst/inst/grp_FIR_filter_fu_827/add_ln30_112_reg_10992[24]_i_181_n_0
                         CARRY8 (Prop_CARRY8_DI[5]_CO[7])
                                                      0.154     1.852 r  bd_0_i/hls_inst/inst/grp_FIR_filter_fu_827/add_ln30_112_reg_10992_reg[24]_i_146/CO[7]
                         net (fo=1, unplaced)         0.006     1.858    bd_0_i/hls_inst/inst/grp_FIR_filter_fu_827/add_ln30_112_reg_10992_reg[24]_i_146_n_0
                         CARRY8 (Prop_CARRY8_CI_O[1])
                                                      0.106     1.964 r  bd_0_i/hls_inst/inst/grp_FIR_filter_fu_827/add_ln30_112_reg_10992_reg[24]_i_103/O[1]
                         net (fo=4, unplaced)         0.221     2.185    bd_0_i/hls_inst/inst/grp_FIR_filter_fu_827/add_ln30_112_reg_10992_reg[24]_i_103_n_14
                         LUT3 (Prop_LUT3_I1_O)        0.058     2.243 r  bd_0_i/hls_inst/inst/grp_FIR_filter_fu_827/add_ln30_112_reg_10992[24]_i_153/O
                         net (fo=1, unplaced)         0.211     2.454    bd_0_i/hls_inst/inst/grp_FIR_filter_fu_827/add_ln30_112_reg_10992[24]_i_153_n_0
                         LUT5 (Prop_LUT5_I1_O)        0.057     2.511 r  bd_0_i/hls_inst/inst/grp_FIR_filter_fu_827/add_ln30_112_reg_10992[24]_i_101/O
                         net (fo=1, unplaced)         0.030     2.541    bd_0_i/hls_inst/inst/grp_FIR_filter_fu_827/add_ln30_112_reg_10992[24]_i_101_n_0
                         CARRY8 (Prop_CARRY8_S[1]_O[4])
                                                      0.286     2.827 r  bd_0_i/hls_inst/inst/grp_FIR_filter_fu_827/add_ln30_112_reg_10992_reg[24]_i_57/O[4]
                         net (fo=3, unplaced)         0.215     3.042    bd_0_i/hls_inst/inst/grp_FIR_filter_fu_827/tmp11_fu_3904_p2[12]
                         LUT3 (Prop_LUT3_I0_O)        0.058     3.100 r  bd_0_i/hls_inst/inst/grp_FIR_filter_fu_827/add_ln30_112_reg_10992[24]_i_68/O
                         net (fo=2, unplaced)         0.211     3.311    bd_0_i/hls_inst/inst/grp_FIR_filter_fu_827/add_ln30_112_reg_10992[24]_i_68_n_0
                         LUT5 (Prop_LUT5_I4_O)        0.058     3.369 r  bd_0_i/hls_inst/inst/grp_FIR_filter_fu_827/add_ln30_112_reg_10992[24]_i_32/O
                         net (fo=2, unplaced)         0.211     3.580    bd_0_i/hls_inst/inst/grp_FIR_filter_fu_827/add_ln30_112_reg_10992[24]_i_32_n_0
                         LUT6 (Prop_LUT6_I0_O)        0.056     3.636 r  bd_0_i/hls_inst/inst/grp_FIR_filter_fu_827/add_ln30_112_reg_10992[24]_i_40/O
                         net (fo=1, unplaced)         0.037     3.673    bd_0_i/hls_inst/inst/grp_FIR_filter_fu_827/add_ln30_112_reg_10992[24]_i_40_n_0
                         CARRY8 (Prop_CARRY8_S[5]_CO[7])
                                                      0.246     3.919 r  bd_0_i/hls_inst/inst/grp_FIR_filter_fu_827/add_ln30_112_reg_10992_reg[24]_i_16/CO[7]
                         net (fo=1, unplaced)         0.006     3.925    bd_0_i/hls_inst/inst/grp_FIR_filter_fu_827/add_ln30_112_reg_10992_reg[24]_i_16_n_0
                         CARRY8 (Prop_CARRY8_CI_O[0])
                                                      0.078     4.003 r  bd_0_i/hls_inst/inst/grp_FIR_filter_fu_827/add_ln30_112_reg_10992_reg[24]_i_15/O[0]
                         net (fo=7, unplaced)         0.236     4.239    bd_0_i/hls_inst/inst/grp_FIR_filter_fu_827/tmp15_fu_3936_p2[16]
                         LUT3 (Prop_LUT3_I1_O)        0.095     4.334 r  bd_0_i/hls_inst/inst/grp_FIR_filter_fu_827/add_ln30_112_reg_10992[24]_i_22/O
                         net (fo=2, unplaced)         0.211     4.545    bd_0_i/hls_inst/inst/grp_FIR_filter_fu_827/add_ln30_112_reg_10992[24]_i_22_n_0
                         LUT5 (Prop_LUT5_I4_O)        0.058     4.603 r  bd_0_i/hls_inst/inst/grp_FIR_filter_fu_827/add_ln30_112_reg_10992[24]_i_6/O
                         net (fo=2, unplaced)         0.211     4.814    bd_0_i/hls_inst/inst/grp_FIR_filter_fu_827/add_ln30_112_reg_10992[24]_i_6_n_0
                         LUT6 (Prop_LUT6_I0_O)        0.057     4.871 r  bd_0_i/hls_inst/inst/grp_FIR_filter_fu_827/add_ln30_112_reg_10992[24]_i_13/O
                         net (fo=1, unplaced)         0.030     4.901    bd_0_i/hls_inst/inst/grp_FIR_filter_fu_827/add_ln30_112_reg_10992[24]_i_13_n_0
                         CARRY8 (Prop_CARRY8_S[1]_O[5])
                                                      0.333     5.234 r  bd_0_i/hls_inst/inst/grp_FIR_filter_fu_827/add_ln30_112_reg_10992_reg[24]_i_1/O[5]
                         net (fo=1, unplaced)         0.033     5.267    bd_0_i/hls_inst/inst/grp_FIR_filter_fu_827/p_0_in[21]
                         FDRE                                         r  bd_0_i/hls_inst/inst/grp_FIR_filter_fu_827/add_ln30_112_reg_10992_reg[23]/D
  -------------------------------------------------------------------    -------------------

                         (clock ap_clk rise edge)    10.000    10.000 r  
                                                      0.000    10.000 r  ap_clk (IN)
                         net (fo=10028, unset)        0.030    10.030    bd_0_i/hls_inst/inst/grp_FIR_filter_fu_827/ap_clk
                         FDRE                                         r  bd_0_i/hls_inst/inst/grp_FIR_filter_fu_827/add_ln30_112_reg_10992_reg[23]/C
                         clock pessimism              0.000    10.030    
                         clock uncertainty           -0.035     9.995    
                         FDRE (Setup_FDRE_C_D)        0.043    10.038    bd_0_i/hls_inst/inst/grp_FIR_filter_fu_827/add_ln30_112_reg_10992_reg[23]
  -------------------------------------------------------------------
                         required time                         10.038    
                         arrival time                          -5.267    
  -------------------------------------------------------------------
                         slack                                  4.771    





Min Delay Paths
--------------------------------------------------------------------------------------
Slack (MET) :             0.046ns  (arrival time - required time)
  Source:                 bd_0_i/hls_inst/inst/grp_FIR_filter_fu_827/am_addmul_16s_16s_10s_27_4_1_U27/FIR_HLS_am_addmul_16s_16s_10s_27_4_1_DSP48_0_U/p_reg_reg/DSP_PREADD_DATA_INST/CLK
                            (rising edge-triggered cell DSP_PREADD_DATA clocked by ap_clk  {rise@0.000ns fall@5.000ns period=10.000ns})
  Destination:            bd_0_i/hls_inst/inst/grp_FIR_filter_fu_827/am_addmul_16s_16s_10s_27_4_1_U27/FIR_HLS_am_addmul_16s_16s_10s_27_4_1_DSP48_0_U/p_reg_reg/DSP_PREADD_DATA_INST/AD[0]
                            (rising edge-triggered cell DSP_PREADD_DATA clocked by ap_clk  {rise@0.000ns fall@5.000ns period=10.000ns})
  Path Group:             ap_clk
  Path Type:              Hold (Min at Fast Process Corner)
  Requirement:            0.000ns  (ap_clk rise@0.000ns - ap_clk rise@0.000ns)
  Data Path Delay:        0.114ns  (logic 0.114ns (100.000%)  route 0.000ns (0.000%))
  Logic Levels:           1  (DSP_PREADD=1)
  Clock Path Skew:        0.008ns (DCD - SCD - CPR)
    Destination Clock Delay (DCD):    0.042ns
    Source Clock Delay      (SCD):    0.034ns
    Clock Pessimism Removal (CPR):    -0.000ns

    Location             Delay type                Incr(ns)  Path(ns)    Netlist Resource(s)
  -------------------------------------------------------------------    -------------------
                         (clock ap_clk rise edge)     0.000     0.000 r  
                                                      0.000     0.000 r  ap_clk (IN)
                         net (fo=10028, unset)        0.034     0.034    bd_0_i/hls_inst/inst/grp_FIR_filter_fu_827/am_addmul_16s_16s_10s_27_4_1_U27/FIR_HLS_am_addmul_16s_16s_10s_27_4_1_DSP48_0_U/p_reg_reg/CLK
                         DSP_PREADD_DATA                              r  bd_0_i/hls_inst/inst/grp_FIR_filter_fu_827/am_addmul_16s_16s_10s_27_4_1_U27/FIR_HLS_am_addmul_16s_16s_10s_27_4_1_DSP48_0_U/p_reg_reg/DSP_PREADD_DATA_INST/CLK
  -------------------------------------------------------------------    -------------------
                         DSP_PREADD_DATA (Prop_DSP_PREADD_DATA_CLK_D_DATA[0])
                                                      0.081     0.115 r  bd_0_i/hls_inst/inst/grp_FIR_filter_fu_827/am_addmul_16s_16s_10s_27_4_1_U27/FIR_HLS_am_addmul_16s_16s_10s_27_4_1_DSP48_0_U/p_reg_reg/DSP_PREADD_DATA_INST/D_DATA[0]
                         net (fo=1, unplaced)         0.000     0.115    bd_0_i/hls_inst/inst/grp_FIR_filter_fu_827/am_addmul_16s_16s_10s_27_4_1_U27/FIR_HLS_am_addmul_16s_16s_10s_27_4_1_DSP48_0_U/p_reg_reg/DSP_PREADD_DATA.D_DATA<0>
                         DSP_PREADD (Prop_DSP_PREADD_D_DATA[0]_AD[0])
                                                      0.033     0.148 r  bd_0_i/hls_inst/inst/grp_FIR_filter_fu_827/am_addmul_16s_16s_10s_27_4_1_U27/FIR_HLS_am_addmul_16s_16s_10s_27_4_1_DSP48_0_U/p_reg_reg/DSP_PREADD_INST/AD[0]
                         net (fo=1, unplaced)         0.000     0.148    bd_0_i/hls_inst/inst/grp_FIR_filter_fu_827/am_addmul_16s_16s_10s_27_4_1_U27/FIR_HLS_am_addmul_16s_16s_10s_27_4_1_DSP48_0_U/p_reg_reg/DSP_PREADD.AD<0>
                         DSP_PREADD_DATA                              r  bd_0_i/hls_inst/inst/grp_FIR_filter_fu_827/am_addmul_16s_16s_10s_27_4_1_U27/FIR_HLS_am_addmul_16s_16s_10s_27_4_1_DSP48_0_U/p_reg_reg/DSP_PREADD_DATA_INST/AD[0]
  -------------------------------------------------------------------    -------------------

                         (clock ap_clk rise edge)     0.000     0.000 r  
                                                      0.000     0.000 r  ap_clk (IN)
                         net (fo=10028, unset)        0.042     0.042    bd_0_i/hls_inst/inst/grp_FIR_filter_fu_827/am_addmul_16s_16s_10s_27_4_1_U27/FIR_HLS_am_addmul_16s_16s_10s_27_4_1_DSP48_0_U/p_reg_reg/CLK
                         DSP_PREADD_DATA                              r  bd_0_i/hls_inst/inst/grp_FIR_filter_fu_827/am_addmul_16s_16s_10s_27_4_1_U27/FIR_HLS_am_addmul_16s_16s_10s_27_4_1_DSP48_0_U/p_reg_reg/DSP_PREADD_DATA_INST/CLK
                         clock pessimism              0.000     0.042    
                         DSP_PREADD_DATA (Hold_DSP_PREADD_DATA_CLK_AD[0])
                                                      0.060     0.102    bd_0_i/hls_inst/inst/grp_FIR_filter_fu_827/am_addmul_16s_16s_10s_27_4_1_U27/FIR_HLS_am_addmul_16s_16s_10s_27_4_1_DSP48_0_U/p_reg_reg/DSP_PREADD_DATA_INST
  -------------------------------------------------------------------
                         required time                         -0.102    
                         arrival time                           0.148    
  -------------------------------------------------------------------
                         slack                                  0.046    





Pulse Width Checks
--------------------------------------------------------------------------------------
Clock Name:         ap_clk
Waveform(ns):       { 0.000 5.000 }
Period(ns):         10.000
Sources:            { ap_clk }

Check Type        Corner  Lib Pin     Reference Pin  Required(ns)  Actual(ns)  Slack(ns)  Location  Pin
Min Period        n/a     SRL16E/CLK  n/a            1.524         10.000      8.476                bd_0_i/hls_inst/inst/grp_FIR_filter_fu_827/add_ln30_106_reg_10982_pp0_iter1_reg_reg[0]_srl2/CLK
Low Pulse Width   Slow    SRL16E/CLK  n/a            0.762         5.000       4.238                bd_0_i/hls_inst/inst/grp_FIR_filter_fu_827/add_ln30_106_reg_10982_pp0_iter1_reg_reg[0]_srl2/CLK
High Pulse Width  Slow    SRL16E/CLK  n/a            0.762         5.000       4.238                bd_0_i/hls_inst/inst/grp_FIR_filter_fu_827/add_ln30_106_reg_10982_pp0_iter1_reg_reg[0]_srl2/CLK



