================================================================
== Design Size Report
================================================================

* Total Instructions per Compilation Phase
+---------------+-----------------------------+--------------+----------------------------------------------------------------------------------------+
| Phase         | Step                        | Instructions | Description                                                                            |
+---------------+-----------------------------+--------------+----------------------------------------------------------------------------------------+
| Compile/Link  |                             | 9,171        | After all functions are compiled and linked into a single design                       |
|               |                             |              |                                                                                        |
| Unroll/Inline |                             |              | After user unroll and inline pragmas are applied                                       |
|               | (1) unroll                  | 1,190        | user unroll pragmas are applied                                                        |
|               | (2) simplification          |   465        | simplification of applied user unroll pragmas                                          |
|               | (3) inline                  |   414        | user inline pragmas are applied                                                        |
|               | (4) simplification          |   414        | simplification of applied user inline pragmas                                          |
|               |                             |              |                                                                                        |
| Array/Struct  |                             |              | After user array partition and struct aggregate/disaggregate pragmas are applied       |
|               | (1) array partition         |   386        | user array partition pragmas are applied                                               |
|               | (2) simplification          |   386        | simplification of applied user array partition & struct aggregate/disaggregate pragmas |
|               | (3) aggregate/disaggregate  |   386        | user struct aggregate/disaggregate pragmas are applied                                 |
|               | (4) array reshape           |   386        | apply array reshape pragmas                                                            |
|               | (5) access patterns         |   386        | array access pattern optmizations                                                      |
|               |                             |              |                                                                                        |
| Performance   |                             |              | After transformations are applied to meet performance pragma targets                   |
|               | (1) loop simplification     |   386        | loop and instruction simplification                                                    |
|               | (2) parallelization         |   386        | loops are unrolled or pipelined to meet performance targets                            |
|               | (3) array partition         |   386        | arrays are partitioned to meet performance targets                                     |
|               | (4) simplification          |   386        | simplification of design after performance transformations                             |
|               |                             |              |                                                                                        |
| HW Transforms |                             |              | After hardware transfomations                                                          |
|               | (1) lowering                |   390        | initial conversion to HW specific instructions                                         |
|               | (2) optimizations           |   420        | high level synthesis optimizations                                                     |
+---------------+-----------------------------+--------------+----------------------------------------------------------------------------------------+

* Instructions per Function for each Compilation Phase
+-----------------+----------------+-----------------+---------------+---------------+---------------+---------------+
| Function        | Location       | Compile/Link    | Unroll/Inline | Array/Struct  | Performance   | HW Transforms |
+-----------------+----------------+-----------------+---------------+---------------+---------------+---------------+
| + FIR_HLS       | FIR_HLS.cpp:8  | 9,171           | 414           | 386           | 386           | 420           |
|  + DECIMATOR    | FIR_HLS.cpp:50 | 4,080           | 179           | 168           | 168           |               |
|     FIR_filter  | FIR_HLS.cpp:35 | 3,196 (4 calls) | 132 (4 calls) | 121 (4 calls) | 121 (4 calls) |               |
|    FIR_filter   | FIR_HLS.cpp:35 |  799            |  33           |  27           |  27           |               |
|  + INTERPOLATOR | FIR_HLS.cpp:83 | 4,241           | 178           | 167           | 167           |               |
|     FIR_filter  | FIR_HLS.cpp:35 | 3,196 (4 calls) | 132 (4 calls) | 121 (4 calls) | 121 (4 calls) |               |
+-----------------+----------------+-----------------+---------------+---------------+---------------+---------------+

* Design Size Message Settings
+---------------------------------------------+--------+------------------------------------------------------------------+
| Message Setting                             | Value  | Description                                                      |
+---------------------------------------------+--------+------------------------------------------------------------------+
| config_compile -design_size_maximum_warning | 100000 | Show a warning when total design instructions exceeds this value |
+---------------------------------------------+--------+------------------------------------------------------------------+


