

Implementation tool: Xilinx Vivado v.2024.2
Project:             Direct_FIR_HLS
Solution:            hls
Device target:       xck26-sfvc784-2LV-c
Report date:         Tue Nov 11 00:54:16 +0100 2025

#=== Post-Implementation Resource usage ===
SLICE:            0
LUT:           9047
FF:            5663
DSP:             81
BRAM:             1
URAM:             0
LATCH:            0
SRL:              0
CLB:           1846

#=== Final timing ===
CP required:                     10.000
CP achieved post-synthesis:      6.408
CP achieved post-implementation: 8.986
Timing met
