  **** HLS Build v2024.2 5238294
INFO: [HLS 200-2005] Using work_dir C:/HLS-multirate-DSP/HLS_Project/FIR_v4/FIR_v4 
INFO: [HLS 200-1505] Using default flow_target 'vivado'
Resolution: For help on HLS 200-1505 see docs.xilinx.com/access/sources/dita/topic?Doc_Version=2024.2%20English&url=ug1448-hls-guidance&resourceid=200-1505.html
INFO: [HLS 200-1465] Applying ini 'syn.file=FIR_HLS.cpp' from C:/HLS-multirate-DSP/HLS_Project/FIR_v4/hls_config.cfg(7)
INFO: [HLS 200-10] Adding design file 'C:/HLS-multirate-DSP/HLS_Project/FIR_v4/FIR_HLS.cpp' to the project
INFO: [HLS 200-1465] Applying ini 'syn.file=FIR_HLS.h' from C:/HLS-multirate-DSP/HLS_Project/FIR_v4/hls_config.cfg(8)
INFO: [HLS 200-10] Adding design file 'C:/HLS-multirate-DSP/HLS_Project/FIR_v4/FIR_HLS.h' to the project
INFO: [HLS 200-1465] Applying ini 'syn.file=C:/HLS-multirate-DSP/Matlab/FIR_multirate_DSP.h' from C:/HLS-multirate-DSP/HLS_Project/FIR_v4/hls_config.cfg(9)
INFO: [HLS 200-10] Adding design file 'C:/HLS-multirate-DSP/Matlab/FIR_multirate_DSP.h' to the project
INFO: [HLS 200-1465] Applying ini 'tb.file=FIR_HLS_TB.cpp' from C:/HLS-multirate-DSP/HLS_Project/FIR_v4/hls_config.cfg(10)
INFO: [HLS 200-10] Adding test bench file 'C:/HLS-multirate-DSP/HLS_Project/FIR_v4/FIR_HLS_TB.cpp' to the project
INFO: [HLS 200-1465] Applying ini 'tb.file=C:/HLS-multirate-DSP/Matlab/TS_DSP_multirate.dat' from C:/HLS-multirate-DSP/HLS_Project/FIR_v4/hls_config.cfg(11)
INFO: [HLS 200-10] Adding test bench file 'C:/HLS-multirate-DSP/Matlab/TS_DSP_multirate.dat' to the project
INFO: [HLS 200-1465] Applying ini 'tb.file=C:/HLS-multirate-DSP/Matlab/TS_DSP_multirate.res' from C:/HLS-multirate-DSP/HLS_Project/FIR_v4/hls_config.cfg(12)
INFO: [HLS 200-10] Adding test bench file 'C:/HLS-multirate-DSP/Matlab/TS_DSP_multirate.res' to the project
INFO: [HLS 200-1465] Applying ini 'syn.top=FIR_HLS' from C:/HLS-multirate-DSP/HLS_Project/FIR_v4/hls_config.cfg(13)
INFO: [HLS 200-1465] Applying ini 'flow_target=vivado' from C:/HLS-multirate-DSP/HLS_Project/FIR_v4/hls_config.cfg(4)
INFO: [HLS 200-1505] Using flow_target 'vivado'
Resolution: For help on HLS 200-1505 see docs.xilinx.com/access/sources/dita/topic?Doc_Version=2024.2%20English&url=ug1448-hls-guidance&resourceid=200-1505.html
INFO: [HLS 200-1465] Applying ini 'part=xck26-sfvc784-2LV-c' from C:/HLS-multirate-DSP/HLS_Project/FIR_v4/hls_config.cfg(1)
INFO: [HLS 200-1611] Setting target device to 'xck26-sfvc784-2LV-c'
INFO: [HLS 200-1465] Applying ini 'package.output.format=ip_catalog' from C:/HLS-multirate-DSP/HLS_Project/FIR_v4/hls_config.cfg(5)
INFO: [SIM 211-2] *************** CSIM start ***************
INFO: [SIM 211-4] CSIM will launch CLANG as the compiler.
INFO: [HLS 200-2036] Building debug C Simulation binaries
   Compiling ../../../../FIR_HLS_TB.cpp in debug mode
   Compiling ../../../../FIR_HLS.cpp in debug mode
   Generating csim.exe
INFO: Reading c:/HLS-multirate-DSP/Matlab/TS_DSP_multirate.dat
INFO: Read 460 samples from c:/HLS-multirate-DSP/Matlab/TS_DSP_multirate.dat
INFO: Reading c:/HLS-multirate-DSP/Matlab/TS_DSP_multirate.res
INFO: Read 460 samples from c:/HLS-multirate-DSP/Matlab/TS_DSP_multirate.res
INFO: Input and reference data lengths match.
Mismatch at sample   11: ref=     0, dut=     7
Mismatch at sample   12: ref=     1, dut=    16
Mismatch at sample   13: ref=     1, dut=    25
Mismatch at sample   14: ref=     0, dut=    30
Mismatch at sample   15: ref=    -1, dut=    29
Mismatch at sample   16: ref=    -2, dut=    22
Mismatch at sample   17: ref=    -3, dut=    12
Mismatch at sample   19: ref=     2, dut=    -7
Mismatch at sample   20: ref=     6, dut=   -15
Mismatch at sample   21: ref=    11, dut=   -22
Mismatch at sample   22: ref=    16, dut=   -27
Mismatch at sample   23: ref=    20, dut=   -29
Mismatch at sample   24: ref=    22, dut=   -31
Mismatch at sample   25: ref=    22, dut=   -31
Mismatch at sample   26: ref=    19, dut=   -30
Mismatch at sample   27: ref=    13, dut=   -28
Mismatch at sample   28: ref=     4, dut=   -29
Mismatch at sample   29: ref=    -5, dut=   -30
Mismatch at sample   30: ref=   -13, dut=   -34
Mismatch at sample   31: ref=   -19, dut=   -38
Mismatch at sample   32: ref=   -25, dut=   -44
Mismatch at sample   33: ref=   -28, dut=   -49
Mismatch at sample   34: ref=   -29, dut=   -55
Mismatch at sample   35: ref=   -29, dut=   -60
Mismatch at sample   36: ref=   -30, dut=   -62
Mismatch at sample   37: ref=   -30, dut=   -62
Mismatch at sample   38: ref=   -31, dut=   -59
Mismatch at sample   39: ref=   -32, dut=   -52
Mismatch at sample   40: ref=   -36, dut=   -42
Mismatch at sample   41: ref=   -40, dut=   -31
Mismatch at sample   42: ref=   -45, dut=   -20
Mismatch at sample   43: ref=   -50, dut=    -9
Mismatch at sample   44: ref=   -55, dut=     1
Mismatch at sample   45: ref=   -58, dut=     9
Mismatch at sample   46: ref=   -59, dut=    13
Mismatch at sample   47: ref=   -59, dut=    13
Mismatch at sample   48: ref=   -55, dut=    13
Mismatch at sample   49: ref=   -48, dut=    12
Mismatch at sample   50: ref=   -40, dut=    10
Mismatch at sample   51: ref=   -31, dut=     8
Mismatch at sample   52: ref=   -20, dut=    10
Mismatch at sample   53: ref=   -10, dut=    14
Mismatch at sample   54: ref=    -2, dut=    20
Mismatch at sample   55: ref=     5, dut=    29
Mismatch at sample   56: ref=    10, dut=    39
Mismatch at sample   57: ref=    13, dut=    49
Mismatch at sample   58: ref=    13, dut=    58
Mismatch at sample   59: ref=    12, dut=    65
Mismatch at sample   60: ref=    12, dut=    68
Mismatch at sample   61: ref=    13, dut=    66
Mismatch at sample   62: ref=    15, dut=    61
Mismatch at sample   63: ref=    19, dut=    51
Mismatch at sample   64: ref=    25, dut=    38
Mismatch at sample   65: ref=    33, dut=    24
Mismatch at sample   66: ref=    42, dut=    12
Mismatch at sample   67: ref=    51, dut=     1
Mismatch at sample   68: ref=    59, dut=    -7
Mismatch at sample   69: ref=    64, dut=   -12
Mismatch at sample   70: ref=    66, dut=   -12
Mismatch at sample   71: ref=    64, dut=    -8
Mismatch at sample   72: ref=    58, dut=    -3
Mismatch at sample   73: ref=    50, dut=     1
Mismatch at sample   74: ref=    39, dut=     5
Mismatch at sample   75: ref=    27, dut=     6
Mismatch at sample   76: ref=    16, dut=     2
Mismatch at sample   77: ref=     5, dut=    -6
Mismatch at sample   78: ref=    -2, dut=   -17
Mismatch at sample   79: ref=    -5, dut=   -32
Mismatch at sample   80: ref=    -6, dut=   -48
Mismatch at sample   81: ref=    -5, dut=   -62
Mismatch at sample   82: ref=    -2, dut=   -73
Mismatch at sample   83: ref=     2, dut=   -80
Mismatch at sample   84: ref=     3, dut=   -80
Mismatch at sample   85: ref=     2, dut=   -75
Mismatch at sample   86: ref=    -2, dut=   -64
Mismatch at sample   87: ref=   -10, dut=   -48
Mismatch at sample   88: ref=   -21, dut=   -31
Mismatch at sample   89: ref=   -34, dut=   -15
Mismatch at sample   90: ref=   -47, dut=    -2
Mismatch at sample   91: ref=   -59, dut=     7
Mismatch at sample   92: ref=   -69, dut=    10
Mismatch at sample   93: ref=   -75, dut=     9
Mismatch at sample   94: ref=   -75, dut=     2
Mismatch at sample   95: ref=   -70, dut=    -9
Mismatch at sample   96: ref=   -60, dut=   -19
Mismatch at sample   97: ref=   -47, dut=   -26
Mismatch at sample   99: ref=   -19, dut=   -28
Mismatch at sample  100: ref=    -7, dut=   -18
Mismatch at sample  102: ref=     4, dut=    16
Mismatch at sample  103: ref=     3, dut=    38
Mismatch at sample  104: ref=    -2, dut=    60
Mismatch at sample  105: ref=    -8, dut=    77
Mismatch at sample  106: ref=   -16, dut=    88
Mismatch at sample  107: ref=   -22, dut=    91
Mismatch at sample  108: ref=   -23, dut=    86
Mismatch at sample  109: ref=   -19, dut=    73
Mismatch at sample  110: ref=   -11, dut=    55
Mismatch at sample  111: ref=     3, dut=    32
Mismatch at sample  112: ref=    21, dut=    11
Mismatch at sample  113: ref=    40, dut=    -7
Mismatch at sample  114: ref=    58, dut=   -18
Mismatch at sample  115: ref=    73, dut=   -20
Mismatch at sample  116: ref=    82, dut=   -15
Mismatch at sample  117: ref=    86, dut=    -4
Mismatch at sample  118: ref=    81, dut=    13
Mismatch at sample  119: ref=    70, dut=    32
Mismatch at sample  120: ref=    54, dut=    46
Mismatch at sample  121: ref=    36, dut=    55
Mismatch at sample  122: ref=    19, dut=    56
Mismatch at sample  123: ref=     4, dut=    46
Mismatch at sample  124: ref=    -5, dut=    27
Mismatch at sample  125: ref=    -9, dut=     1
Mismatch at sample  126: ref=    -5, dut=   -28
Mismatch at sample  127: ref=     5, dut=   -59
Mismatch at sample  128: ref=    17, dut=   -85
Mismatch at sample  129: ref=    30, dut=  -104
Mismatch at sample  130: ref=    41, dut=  -111
Mismatch at sample  131: ref=    48, dut=  -105
Mismatch at sample  132: ref=    46, dut=   -89
Mismatch at sample  133: ref=    37, dut=   -65
Mismatch at sample  134: ref=    20, dut=   -37
Mismatch at sample  136: ref=   -29, dut=    16
Mismatch at sample  137: ref=   -55, dut=    32
Mismatch at sample  138: ref=   -77, dut=    36
Mismatch at sample  139: ref=   -92, dut=    27
Mismatch at sample  140: ref=   -97, dut=     8
Mismatch at sample  141: ref=   -95, dut=   -16
Mismatch at sample  142: ref=   -82, dut=   -44
Mismatch at sample  143: ref=   -61, dut=   -70
Mismatch at sample  144: ref=   -38, dut=   -86
Mismatch at sample  145: ref=   -14, dut=   -92
Mismatch at sample  146: ref=     5, dut=   -85
Mismatch at sample  147: ref=    17, dut=   -62
Mismatch at sample  148: ref=    20, dut=   -28
Mismatch at sample  150: ref=    -1, dut=    54
Mismatch at sample  151: ref=   -22, dut=    92
Mismatch at sample  152: ref=   -44, dut=   119
Mismatch at sample  153: ref=   -63, dut=   133
Mismatch at sample  154: ref=   -76, dut=   129
Mismatch at sample  155: ref=   -79, dut=   107
Mismatch at sample  156: ref=   -69, dut=    75
Mismatch at sample  157: ref=   -50, dut=    36
Mismatch at sample  158: ref=   -21, dut=    -4
Mismatch at sample  159: ref=    14, dut=   -39
Mismatch at sample  160: ref=    50, dut=   -60
Mismatch at sample  161: ref=    82, dut=   -68
Mismatch at sample  162: ref=   105, dut=   -57
Mismatch at sample  163: ref=   115, dut=   -28
Mismatch at sample  164: ref=   112, dut=    11
Mismatch at sample  165: ref=    97, dut=    54
Mismatch at sample  166: ref=    71, dut=    95
Mismatch at sample  167: ref=    37, dut=   127
Mismatch at sample  168: ref=     6, dut=   140
Mismatch at sample  169: ref=   -22, dut=   136
Mismatch at sample  170: ref=   -40, dut=   110
Mismatch at sample  171: ref=   -44, dut=    64
Mismatch at sample  172: ref=   -33, dut=     7
Mismatch at sample  173: ref=   -13, dut=   -53
Mismatch at sample  174: ref=    20, dut=  -108
Mismatch at sample  175: ref=    56, dut=  -150
Mismatch at sample  176: ref=    88, dut=  -170
Mismatch at sample  177: ref=   111, dut=  -170
Mismatch at sample  178: ref=   122, dut=  -144
Mismatch at sample  179: ref=   115, dut=   -96
Mismatch at sample  180: ref=    90, dut=   -38
Mismatch at sample  181: ref=    53, dut=    22
Mismatch at sample  182: ref=     5, dut=    74
Mismatch at sample  183: ref=   -46, dut=   110
Mismatch at sample  184: ref=   -92, dut=   120
Mismatch at sample  185: ref=  -128, dut=   108
Mismatch at sample  186: ref=  -145, dut=    67
Mismatch at sample  187: ref=  -142, dut=     4
Mismatch at sample  188: ref=  -120, dut=   -65
Mismatch at sample  189: ref=   -85, dut=  -133
Mismatch at sample  190: ref=   -37, dut=  -188
Mismatch at sample  191: ref=    13, dut=  -220
Mismatch at sample  192: ref=    53, dut=  -218
Mismatch at sample  193: ref=    82, dut=  -188
Mismatch at sample  194: ref=    90, dut=  -126
Mismatch at sample  195: ref=    75, dut=   -39
Mismatch at sample  196: ref=    40, dut=    54
Mismatch at sample  197: ref=    -8, dut=   143
Mismatch at sample  198: ref=   -65, dut=   211
Mismatch at sample  199: ref=  -122, dut=   248
Mismatch at sample  200: ref=  -164, dut=   247
Mismatch at sample  201: ref=  -188, dut=   212
Mismatch at sample  202: ref=  -185, dut=   138
Mismatch at sample  203: ref=  -154, dut=    37
Mismatch at sample  204: ref=   -99, dut=   -64
Mismatch at sample  205: ref=   -30, dut=  -157
Mismatch at sample  206: ref=    48, dut=  -222
Mismatch at sample  207: ref=   122, dut=  -247
Mismatch at sample  208: ref=   177, dut=  -224
Mismatch at sample  209: ref=   210, dut=  -161
Mismatch at sample  210: ref=   208, dut=   -54
Mismatch at sample  211: ref=   171, dut=    82
Mismatch at sample  212: ref=   110, dut=   211
Mismatch at sample  213: ref=    34, dut=   322
Mismatch at sample  214: ref=   -49, dut=   390
Mismatch at sample  215: ref=  -125, dut=   400
Mismatch at sample  216: ref=  -174, dut=   350
Mismatch at sample  217: ref=  -195, dut=   246
Mismatch at sample  218: ref=  -172, dut=    86
Mismatch at sample  220: ref=   -18, dut=  -284
Mismatch at sample  221: ref=    86, dut=  -431
Mismatch at sample  222: ref=   192, dut=  -509
Mismatch at sample  223: ref=   282, dut=  -503
Mismatch at sample  224: ref=   332, dut=  -422
Mismatch at sample  225: ref=   341, dut=  -263
Mismatch at sample  226: ref=   291, dut=   -26
Mismatch at sample  227: ref=   186, dut=   260
Mismatch at sample  228: ref=    53, dut=   499
Mismatch at sample  229: ref=   -97, dut=   685
Mismatch at sample  230: ref=  -241, dut=   744
Mismatch at sample  231: ref=  -358, dut=   661
Mismatch at sample  232: ref=  -420, dut=   511
Mismatch at sample  233: ref=  -420, dut=   192
Mismatch at sample  234: ref=  -332, dut=  -299
Mismatch at sample  235: ref=  -164, dut=  -937
Mismatch at sample  236: ref=    25, dut= -1180
Mismatch at sample  237: ref=   233, dut= -1450
Mismatch at sample  238: ref=   422, dut= -1530
Mismatch at sample  239: ref=   563, dut= -1498
Mismatch at sample  240: ref=   628, dut=  -403
Mismatch at sample  241: ref=   571, dut=   851
Mismatch at sample  242: ref=   341, dut=  2627
Mismatch at sample  243: ref=   -51, dut=  4604
Mismatch at sample  244: ref=  -303, dut=  6019
Mismatch at sample  245: ref=  -665, dut=  8904
Mismatch at sample  246: ref= -1036, dut= 13879
Mismatch at sample  247: ref= -1428, dut= 21209
Mismatch at sample  248: ref= -1071, dut= 29506
Mismatch at sample  249: ref=  -636, dut=-32326
Mismatch at sample  250: ref=   180, dut= 28118
Mismatch at sample  251: ref=  1178, dut= 12864
Mismatch at sample  252: ref=  3357, dut= -7701
Mismatch at sample  253: ref=  5625, dut=-25816
Mismatch at sample  254: ref=  8331, dut= 32759
Mismatch at sample  255: ref= 11070, dut=-25321
Mismatch at sample  256: ref= 14719, dut= -6686
Mismatch at sample  257: ref= 18072, dut= 14488
Mismatch at sample  258: ref= 21400, dut= 30378
Mismatch at sample  259: ref= 24298, dut=-29271
Mismatch at sample  260: ref= 27372, dut=-32448
Mismatch at sample  261: ref= 29678, dut= 25352
Mismatch at sample  262: ref= 31512, dut= 18382
Mismatch at sample  263: ref= 32615, dut= 13672
Mismatch at sample  264: ref=-32195, dut= 10061
Mismatch at sample  265: ref=-32370, dut=  7695
Mismatch at sample  266: ref= 32616, dut=  4202
Mismatch at sample  267: ref= 31432, dut=   601
Mismatch at sample  268: ref= 29683, dut= -3765
Mismatch at sample  269: ref= 27248, dut= -8087
Mismatch at sample  270: ref= 24922, dut=-11696
Mismatch at sample  271: ref= 22215, dut=-15144
Mismatch at sample  272: ref= 18846, dut=-19090
Mismatch at sample  273: ref= 15081, dut=-22594
Mismatch at sample  274: ref= 11825, dut=-25352
Mismatch at sample  275: ref=  8375, dut=-27621
Mismatch at sample  276: ref=  4161, dut=-29935
Mismatch at sample  277: ref=  -167, dut=-31502
Mismatch at sample  278: ref= -3817, dut=-32473
Mismatch at sample  279: ref= -7447, dut= 32718
Mismatch at sample  280: ref=-11734, dut= 32701
Mismatch at sample  281: ref=-15776, dut=-32064
Mismatch at sample  282: ref=-19073, dut=-31087
Mismatch at sample  283: ref=-22035, dut=-29570
Mismatch at sample  284: ref=-25273, dut=-27477
Mismatch at sample  285: ref=-27897, dut=-24759
Mismatch at sample  286: ref=-29827, dut=-22264
Mismatch at sample  287: ref=-31175, dut=-19393
Mismatch at sample  288: ref=-32371, dut=-15765
Mismatch at sample  289: ref= 32763, dut=-11765
Mismatch at sample  290: ref=-32759, dut= -8291
Mismatch at sample  291: ref=-32143, dut= -4645
Mismatch at sample  292: ref=-31063, dut=  -219
Mismatch at sample  293: ref=-29258, dut=  4236
Mismatch at sample  294: ref=-27465, dut=  7976
Mismatch at sample  295: ref=-25203, dut= 11592
Mismatch at sample  296: ref=-22261, dut= 15753
Mismatch at sample  297: ref=-18808, dut= 19539
Mismatch at sample  298: ref=-15742, dut= 22541
Mismatch at sample  299: ref=-12392, dut= 25114
Mismatch at sample  300: ref= -8250, dut= 27844
Mismatch at sample  301: ref= -3901, dut= 29892
Mismatch at sample  302: ref=  -185, dut= 31300
Mismatch at sample  303: ref=  3559, dut= 32123
Mismatch at sample  304: ref=  7988, dut= 32733
Mismatch at sample  305: ref= 12240, dut= 32566
Mismatch at sample  306: ref= 15724, dut= 32107
Mismatch at sample  307: ref= 18922, dut= 31084
Mismatch at sample  308: ref= 22478, dut= 29541
Mismatch at sample  309: ref= 25488, dut= 27311
Mismatch at sample  310: ref= 27763, dut= 25190
Mismatch at sample  311: ref= 29511, dut= 22623
Mismatch at sample  312: ref= 31226, dut= 19308
Mismatch at sample  313: ref= 32190, dut= 15530
Mismatch at sample  314: ref= 32673, dut= 12196
Mismatch at sample  315: ref= 32563, dut=  8623
Mismatch at sample  316: ref= 32077, dut=  4255
Mismatch at sample  317: ref= 30839, dut=  -228
Mismatch at sample  318: ref= 29510, dut= -4020
Mismatch at sample  319: ref= 27662, dut= -7747
Mismatch at sample  320: ref= 25163, dut=-12077
Mismatch at sample  321: ref= 22074, dut=-16115
Mismatch at sample  322: ref= 19270, dut=-19356
Mismatch at sample  323: ref= 16110, dut=-22228
Mismatch at sample  324: ref= 12156, dut=-25362
Mismatch at sample  325: ref=  7903, dut=-27880
Mismatch at sample  326: ref=  4230, dut=-29713
Mismatch at sample  327: ref=   464, dut=-31000
Mismatch at sample  328: ref= -4020, dut=-32180
Mismatch at sample  329: ref= -8415, dut=-32598
Mismatch at sample  330: ref=-12046, dut=-32639
Mismatch at sample  331: ref=-15452, dut=-32101
Mismatch at sample  332: ref=-19299, dut=-31110
Mismatch at sample  333: ref=-22678, dut=-29388
Mismatch at sample  334: ref=-25293, dut=-27667
Mismatch at sample  335: ref=-27434, dut=-25446
Mismatch at sample  336: ref=-29652, dut=-22506
Mismatch at sample  337: ref=-31162, dut=-19024
Mismatch at sample  338: ref=-32124, dut=-15902
Mismatch at sample  339: ref=-32506, dut=-12478
Mismatch at sample  340: ref=-32601, dut= -8253
Mismatch at sample  341: ref=-31930, dut= -3823
Mismatch at sample  342: ref=-31066, dut=   -44
Mismatch at sample  343: ref=-29646, dut=  3737
Mismatch at sample  344: ref=-27625, dut=  8175
Mismatch at sample  345: ref=-24949, dut= 12412
Mismatch at sample  346: ref=-22457, dut= 15853
Mismatch at sample  347: ref=-19550, dut= 18994
Mismatch at sample  348: ref=-15860, dut= 22494
Mismatch at sample  349: ref=-11785, dut= 25451
Mismatch at sample  350: ref= -8227, dut= 27684
Mismatch at sample  351: ref= -4510, dut= 29414
Mismatch at sample  352: ref=   -44, dut= 31140
Mismatch at sample  353: ref=  4425, dut= 32129
Mismatch at sample  354: ref=  8150, dut= 32657
Mismatch at sample  355: ref= 11720, dut= 32602
Mismatch at sample  356: ref= 15810, dut= 32170
Mismatch at sample  357: ref= 19517, dut= 30976
Mismatch at sample  358: ref= 22441, dut= 29679
Mismatch at sample  359: ref= 24949, dut= 27841
Mismatch at sample  360: ref= 27637, dut= 25328
Mismatch at sample  361: ref= 29668, dut= 22206
Mismatch at sample  362: ref= 31089, dut= 19355
Mismatch at sample  363: ref= 31950, dut= 16142
Mismatch at sample  364: ref= 32615, dut= 12134
Mismatch at sample  365: ref= 32512, dut=  7833
Mismatch at sample  366: ref= 32117, dut=  4128
Mismatch at sample  367: ref= 31144, dut=   351
Mismatch at sample  368: ref= 29629, dut= -4130
Mismatch at sample  369: ref= 27409, dut= -8507
Mismatch at sample  370: ref= 25274, dut=-12104
Mismatch at sample  371: ref= 22671, dut=-15473
Mismatch at sample  372: ref= 19312, dut=-19289
Mismatch at sample  373: ref= 15487, dut=-22644
Mismatch at sample  374: ref= 12107, dut=-25244
Mismatch at sample  375: ref=  8501, dut=-27387
Mismatch at sample  376: ref=  4125, dut=-29626
Mismatch at sample  377: ref=  -348, dut=-31164
Mismatch at sample  378: ref= -4113, dut=-32162
Mismatch at sample  379: ref= -7797, dut=-32584
Mismatch at sample  380: ref=-12071, dut=-32712
Mismatch at sample  381: ref=-16053, dut=-32063
Mismatch at sample  382: ref=-19246, dut=-31209
Mismatch at sample  383: ref=-22084, dut=-29785
Mismatch at sample  384: ref=-25201, dut=-27743
Mismatch at sample  385: ref=-27720, dut=-25035
Mismatch at sample  386: ref=-29574, dut=-22506
Mismatch at sample  387: ref=-30895, dut=-19562
Mismatch at sample  388: ref=-32114, dut=-15837
Mismatch at sample  389: ref=-32574, dut=-11734
Mismatch at sample  390: ref=-32652, dut= -8163
Mismatch at sample  391: ref=-32137, dut= -4446
Mismatch at sample  392: ref=-31152, dut=    11
Mismatch at sample  393: ref=-29426, dut=  4463
Mismatch at sample  394: ref=-27684, dut=  8164
Mismatch at sample  395: ref=-25432, dut= 11711
Mismatch at sample  396: ref=-22460, dut= 15788
Mismatch at sample  397: ref=-18951, dut= 19488
Mismatch at sample  398: ref=-15805, dut= 22412
Mismatch at sample  399: ref=-12370, dut= 24932
Mismatch at sample  400: ref= -8153, dut= 27645
Mismatch at sample  401: ref= -3745, dut= 29703
Mismatch at sample  402: ref=     4, dut= 31152
Mismatch at sample  403: ref=  3749, dut= 32039
Mismatch at sample  404: ref=  8144, dut= 32723
Mismatch at sample  405: ref= 12343, dut= 32629
Mismatch at sample  406: ref= 15757, dut= 32233
Mismatch at sample  407: ref= 18882, dut= 31249
Mismatch at sample  408: ref= 22378, dut= 29713
Mismatch at sample  409: ref= 25343, dut= 27467
Mismatch at sample  410: ref= 27598, dut= 25304
Mismatch at sample  411: ref= 29354, dut= 22678
Mismatch at sample  412: ref= 31104, dut= 19298
Mismatch at sample  413: ref= 32117, dut= 15458
Mismatch at sample  414: ref= 32663, dut= 12075
Mismatch at sample  415: ref= 32614, dut=  8475
Mismatch at sample  416: ref= 32176, dut=  4108
Mismatch at sample  417: ref= 30971, dut=  -355
Mismatch at sample  418: ref= 29653, dut= -4105
Mismatch at sample  419: ref= 27792, dut= -7778
Mismatch at sample  420: ref= 25258, dut=-12051
Mismatch at sample  421: ref= 22122, dut=-16037
Mismatch at sample  422: ref= 19263, dut=-19238
Mismatch at sample  423: ref= 16052, dut=-22093
Mismatch at sample  424: ref= 12060, dut=-25233
Mismatch at sample  425: ref=  7783, dut=-27775
Mismatch at sample  426: ref=  4106, dut=-29649
Mismatch at sample  427: ref=   358, dut=-30986
Mismatch at sample  428: ref= -4093, dut=-32215
Mismatch at sample  429: ref= -8444, dut=-32676
Mismatch at sample  430: ref=-12026, dut=-32747
Mismatch at sample  431: ref=-15390, dut=-32220
Mismatch at sample  432: ref=-19208, dut=-31219
Mismatch at sample  433: ref=-22571, dut=-29472
Mismatch at sample  434: ref=-25187, dut=-27712
Mismatch at sample  435: ref=-27348, dut=-25447
Mismatch at sample  436: ref=-29599, dut=-22465
Mismatch at sample  437: ref=-31148, dut=-18949
Mismatch at sample  438: ref=-32152, dut=-15805
Mismatch at sample  439: ref=-32570, dut=-12377
Mismatch at sample  440: ref=-32687, dut= -8165
Mismatch at sample  441: ref=-32026, dut= -3762
Mismatch at sample  442: ref=-31156, dut=   -20
Mismatch at sample  443: ref=-29716, dut=  3722
Mismatch at sample  444: ref=-27662, dut=  8124
Mismatch at sample  445: ref=-24951, dut= 12334
Mismatch at sample  446: ref=-22423, dut= 15759
Mismatch at sample  447: ref=-19487, dut= 18900
Mismatch at sample  448: ref=-15781, dut= 22416
Mismatch at sample  449: ref=-11701, dut= 25398
Mismatch at sample  450: ref= -8152, dut= 27666
Mismatch at sample  451: ref= -4457, dut= 29430
Mismatch at sample  452: ref=   -20, dut= 31185
Mismatch at sample  453: ref=  4416, dut= 32197
Mismatch at sample  454: ref=  8110, dut= 32734
Mismatch at sample  455: ref= 11658, dut= 32675
Mismatch at sample  456: ref= 15736, dut= 32225
Mismatch at sample  457: ref= 19441, dut= 31007
Mismatch at sample  458: ref= 22376, dut= 29678
Mismatch at sample  459: ref= 24905, dut= 27809
---------------------------------------
Testbench Results
Samples processed : 460
Mismatches        : 443
Status: FAIL [!!] (443 samples out of tolerance)
---------------------------------------
INFO [HLS SIM]: The maximum depth reached by any hls::stream() instance in the design is 460
INFO: [SIM 211-1] CSim done with 0 errors.
INFO: [SIM 211-3] *************** CSIM finish ***************
INFO: [HLS 200-112] Total CPU user time: 3 seconds. Total CPU system time: 2 seconds. Total elapsed time: 12.647 seconds; peak allocated memory: 274.129 MB.
INFO: [vitis-run 60-791] Total elapsed time: 0h 0m 18s
