10/18/25 14:45:27: Running xcd server. This server was built by gradle.
10/18/25 14:45:27: Server was asked to start on port: '51535'
10/18/25 14:45:27: Server is using token UUID: '82a7783d-7b28-4578-81a2-15a7d687c709'
10/18/25 14:45:27: SESSION_MGR: creating session with session uuid: '6d04a3e9-ade5-4ab9-8d63-1f78fcd2ec76' and name 'default'
10/18/25 14:45:27: Attempting to start server on port '51535'
10/18/25 14:45:27: Running Dispatch Server
10/18/25 14:45:27: Version 2.2.0
10/18/25 14:45:29: Dispatch Server: Accepted socket connection from client
10/18/25 14:45:29: Starting Socket connection
10/18/25 14:45:29: EXCHANGE_TOKEN received, server token: 82a7783d-7b28-4578-81a2-15a7d687c709, passed token: 82a7783d-7b28-4578-81a2-15a7d687c709
10/18/25 14:45:29: DISPATCH_HANDLER: Adding handler from function makeHandler in library xv_system_diagram
10/18/25 14:45:29: SESSION_MGR: creating session with session uuid: '76d20e8c-9710-4ef6-9a26-a97ed5b634bf' and name 'vitis-run_compile_FIR_v4'
10/18/25 14:45:29: KERNEL_SVC: creating session with uuid: '76d20e8c-9710-4ef6-9a26-a97ed5b634bf' and name 'vitis-run_compile_FIR_v4'
10/18/25 14:45:29: GUIDANCE_SMGR: creating guidance session with uuid: '76d20e8c-9710-4ef6-9a26-a97ed5b634bf' and name 'vitis-run_compile_FIR_v4'
10/18/25 14:45:29: SYSTEM_DIAGRAM: creating session with uuid: '76d20e8c-9710-4ef6-9a26-a97ed5b634bf' and name 'vitis-run_compile_FIR_v4'
10/18/25 14:45:38: Dispatch Server: Accepted socket connection from client
10/18/25 14:45:38: Starting Socket connection
10/18/25 14:45:45: SESSION_MGR: closing session for UUID '76d20e8c-9710-4ef6-9a26-a97ed5b634bf' with name 'vitis-run_compile_FIR_v4'
10/18/25 14:45:45: KERNEL_SVC: closing session for UUID '76d20e8c-9710-4ef6-9a26-a97ed5b634bf' with name 'vitis-run_compile_FIR_v4'
10/18/25 14:45:45: GUIDANCE_SMGR: closing session for UUID '76d20e8c-9710-4ef6-9a26-a97ed5b634bf' with name 'vitis-run_compile_FIR_v4'
10/18/25 14:45:45: SYSTEM_DIAGRAM: closing session for UUID '76d20e8c-9710-4ef6-9a26-a97ed5b634bf' with name 'vitis-run_compile_FIR_v4'
10/18/25 14:45:45: STOP_SERVER received, server token: 82a7783d-7b28-4578-81a2-15a7d687c709, passed token: 82a7783d-7b28-4578-81a2-15a7d687c709
10/18/25 14:45:45: Socket received request to stop server.
10/18/25 14:45:45: Dispatch Server: do_await_stop
10/18/25 14:45:45: SERVER: destructor for server bound to port 51535
10/18/25 14:48:43: Running xcd server. This server was built by gradle.
10/18/25 14:48:43: Server was asked to start on port: '51541'
10/18/25 14:48:43: Server is using token UUID: '84221a1d-0bdf-4b84-9000-ca1e38220f45'
10/18/25 14:48:43: SESSION_MGR: creating session with session uuid: '6d04a3e9-ade5-4ab9-8d63-1f78fcd2ec76' and name 'default'
10/18/25 14:48:43: Attempting to start server on port '51541'
10/18/25 14:48:43: Running Dispatch Server
10/18/25 14:48:43: Version 2.2.0
10/18/25 14:48:45: Dispatch Server: Accepted socket connection from client
10/18/25 14:48:45: Starting Socket connection
10/18/25 14:48:45: EXCHANGE_TOKEN received, server token: 84221a1d-0bdf-4b84-9000-ca1e38220f45, passed token: 84221a1d-0bdf-4b84-9000-ca1e38220f45
10/18/25 14:48:45: DISPATCH_HANDLER: Adding handler from function makeHandler in library xv_system_diagram
10/18/25 14:48:45: SESSION_MGR: creating session with session uuid: '597d3954-4c29-4244-a8e1-7bdd5688b323' and name 'v++_compile_FIR_v4'
10/18/25 14:48:45: KERNEL_SVC: creating session with uuid: '597d3954-4c29-4244-a8e1-7bdd5688b323' and name 'v++_compile_FIR_v4'
10/18/25 14:48:45: GUIDANCE_SMGR: creating guidance session with uuid: '597d3954-4c29-4244-a8e1-7bdd5688b323' and name 'v++_compile_FIR_v4'
10/18/25 14:48:45: SYSTEM_DIAGRAM: creating session with uuid: '597d3954-4c29-4244-a8e1-7bdd5688b323' and name 'v++_compile_FIR_v4'
10/18/25 14:48:51: Dispatch Server: Accepted socket connection from client
10/18/25 14:48:51: Starting Socket connection
10/18/25 14:49:15: SESSION_MGR: closing session for UUID '597d3954-4c29-4244-a8e1-7bdd5688b323' with name 'v++_compile_FIR_v4'
10/18/25 14:49:15: KERNEL_SVC: closing session for UUID '597d3954-4c29-4244-a8e1-7bdd5688b323' with name 'v++_compile_FIR_v4'
10/18/25 14:49:15: GUIDANCE_SMGR: closing session for UUID '597d3954-4c29-4244-a8e1-7bdd5688b323' with name 'v++_compile_FIR_v4'
10/18/25 14:49:15: SYSTEM_DIAGRAM: closing session for UUID '597d3954-4c29-4244-a8e1-7bdd5688b323' with name 'v++_compile_FIR_v4'
10/18/25 14:49:15: STOP_SERVER received, server token: 84221a1d-0bdf-4b84-9000-ca1e38220f45, passed token: 84221a1d-0bdf-4b84-9000-ca1e38220f45
10/18/25 14:49:15: Socket received request to stop server.
10/18/25 14:49:15: Dispatch Server: do_await_stop
10/18/25 14:49:15: SERVER: destructor for server bound to port 51541
10/18/25 14:51:32: Running xcd server. This server was built by gradle.
10/18/25 14:51:32: Server was asked to start on port: '51552'
10/18/25 14:51:32: Server is using token UUID: 'a786ec9a-9fb1-4816-8de8-b42f3a9151f9'
10/18/25 14:51:32: SESSION_MGR: creating session with session uuid: '6d04a3e9-ade5-4ab9-8d63-1f78fcd2ec76' and name 'default'
10/18/25 14:51:32: Attempting to start server on port '51552'
10/18/25 14:51:32: Running Dispatch Server
10/18/25 14:51:32: Version 2.2.0
10/18/25 14:51:34: Dispatch Server: Accepted socket connection from client
10/18/25 14:51:34: Starting Socket connection
10/18/25 14:51:34: EXCHANGE_TOKEN received, server token: a786ec9a-9fb1-4816-8de8-b42f3a9151f9, passed token: a786ec9a-9fb1-4816-8de8-b42f3a9151f9
10/18/25 14:51:34: DISPATCH_HANDLER: Adding handler from function makeHandler in library xv_system_diagram
10/18/25 14:51:34: SESSION_MGR: creating session with session uuid: '91ea72dc-03d8-436f-bfda-758199500a9a' and name 'vitis-run_compile_FIR_v4'
10/18/25 14:51:34: KERNEL_SVC: creating session with uuid: '91ea72dc-03d8-436f-bfda-758199500a9a' and name 'vitis-run_compile_FIR_v4'
10/18/25 14:51:34: GUIDANCE_SMGR: creating guidance session with uuid: '91ea72dc-03d8-436f-bfda-758199500a9a' and name 'vitis-run_compile_FIR_v4'
10/18/25 14:51:34: SYSTEM_DIAGRAM: creating session with uuid: '91ea72dc-03d8-436f-bfda-758199500a9a' and name 'vitis-run_compile_FIR_v4'
10/18/25 14:51:41: Dispatch Server: Accepted socket connection from client
10/18/25 14:51:41: Starting Socket connection
10/18/25 14:52:47: Dispatch Server: Accepted socket connection from client
10/18/25 14:52:47: Starting Socket connection
10/18/25 14:54:15: Dispatch Server: Accepted socket connection from client
10/18/25 14:54:15: Starting Socket connection
10/18/25 14:56:39: Dispatch Server: Accepted socket connection from client
10/18/25 14:56:39: Starting Socket connection
10/18/25 15:00:14: SESSION_MGR: closing session for UUID '91ea72dc-03d8-436f-bfda-758199500a9a' with name 'vitis-run_compile_FIR_v4'
10/18/25 15:00:14: KERNEL_SVC: closing session for UUID '91ea72dc-03d8-436f-bfda-758199500a9a' with name 'vitis-run_compile_FIR_v4'
10/18/25 15:00:14: GUIDANCE_SMGR: closing session for UUID '91ea72dc-03d8-436f-bfda-758199500a9a' with name 'vitis-run_compile_FIR_v4'
10/18/25 15:00:14: SYSTEM_DIAGRAM: closing session for UUID '91ea72dc-03d8-436f-bfda-758199500a9a' with name 'vitis-run_compile_FIR_v4'
10/18/25 15:00:14: STOP_SERVER received, server token: a786ec9a-9fb1-4816-8de8-b42f3a9151f9, passed token: a786ec9a-9fb1-4816-8de8-b42f3a9151f9
10/18/25 15:00:14: Socket received request to stop server.
10/18/25 15:00:14: Dispatch Server: do_await_stop
10/18/25 15:00:14: SERVER: destructor for server bound to port 51552
10/18/25 15:12:51: Running xcd server. This server was built by gradle.
10/18/25 15:12:51: Server was asked to start on port: '51646'
10/18/25 15:12:51: Server is using token UUID: 'eeabfb1e-da2f-4d4b-a93b-870d2c330eb5'
10/18/25 15:12:51: SESSION_MGR: creating session with session uuid: '6d04a3e9-ade5-4ab9-8d63-1f78fcd2ec76' and name 'default'
10/18/25 15:12:51: Attempting to start server on port '51646'
10/18/25 15:12:51: Running Dispatch Server
10/18/25 15:12:51: Version 2.2.0
10/18/25 15:12:52: Dispatch Server: Accepted socket connection from client
10/18/25 15:12:52: Starting Socket connection
10/18/25 15:12:52: EXCHANGE_TOKEN received, server token: eeabfb1e-da2f-4d4b-a93b-870d2c330eb5, passed token: eeabfb1e-da2f-4d4b-a93b-870d2c330eb5
10/18/25 15:12:53: DISPATCH_HANDLER: Adding handler from function makeHandler in library xv_system_diagram
10/18/25 15:12:53: SESSION_MGR: creating session with session uuid: '86025449-4e9a-418a-9566-e35b02659eea' and name 'vitis-run_compile_FIR_v4'
10/18/25 15:12:53: KERNEL_SVC: creating session with uuid: '86025449-4e9a-418a-9566-e35b02659eea' and name 'vitis-run_compile_FIR_v4'
10/18/25 15:12:53: GUIDANCE_SMGR: creating guidance session with uuid: '86025449-4e9a-418a-9566-e35b02659eea' and name 'vitis-run_compile_FIR_v4'
10/18/25 15:12:53: SYSTEM_DIAGRAM: creating session with uuid: '86025449-4e9a-418a-9566-e35b02659eea' and name 'vitis-run_compile_FIR_v4'
10/18/25 15:12:59: Dispatch Server: Accepted socket connection from client
10/18/25 15:12:59: Starting Socket connection
10/18/25 15:13:01: SESSION_MGR: closing session for UUID '86025449-4e9a-418a-9566-e35b02659eea' with name 'vitis-run_compile_FIR_v4'
10/18/25 15:13:01: KERNEL_SVC: closing session for UUID '86025449-4e9a-418a-9566-e35b02659eea' with name 'vitis-run_compile_FIR_v4'
10/18/25 15:13:01: GUIDANCE_SMGR: closing session for UUID '86025449-4e9a-418a-9566-e35b02659eea' with name 'vitis-run_compile_FIR_v4'
10/18/25 15:13:01: SYSTEM_DIAGRAM: closing session for UUID '86025449-4e9a-418a-9566-e35b02659eea' with name 'vitis-run_compile_FIR_v4'
10/18/25 15:13:01: STOP_SERVER received, server token: eeabfb1e-da2f-4d4b-a93b-870d2c330eb5, passed token: eeabfb1e-da2f-4d4b-a93b-870d2c330eb5
10/18/25 15:13:01: Socket received request to stop server.
10/18/25 15:13:01: Dispatch Server: do_await_stop
10/18/25 15:13:01: SERVER: destructor for server bound to port 51646
10/18/25 15:13:38: Running xcd server. This server was built by gradle.
10/18/25 15:13:38: Server was asked to start on port: '51649'
10/18/25 15:13:38: Server is using token UUID: '3ed8e749-a68b-4557-9dd5-29d41fa9da47'
10/18/25 15:13:38: SESSION_MGR: creating session with session uuid: '6d04a3e9-ade5-4ab9-8d63-1f78fcd2ec76' and name 'default'
10/18/25 15:13:38: Attempting to start server on port '51649'
10/18/25 15:13:38: Running Dispatch Server
10/18/25 15:13:38: Version 2.2.0
10/18/25 15:13:39: Dispatch Server: Accepted socket connection from client
10/18/25 15:13:39: Starting Socket connection
10/18/25 15:13:39: EXCHANGE_TOKEN received, server token: 3ed8e749-a68b-4557-9dd5-29d41fa9da47, passed token: 3ed8e749-a68b-4557-9dd5-29d41fa9da47
10/18/25 15:13:40: DISPATCH_HANDLER: Adding handler from function makeHandler in library xv_system_diagram
10/18/25 15:13:40: SESSION_MGR: creating session with session uuid: 'b85ead1e-911f-4ab0-8a64-c6681f11f14e' and name 'vitis-run_compile_FIR_v4'
10/18/25 15:13:40: KERNEL_SVC: creating session with uuid: 'b85ead1e-911f-4ab0-8a64-c6681f11f14e' and name 'vitis-run_compile_FIR_v4'
10/18/25 15:13:40: GUIDANCE_SMGR: creating guidance session with uuid: 'b85ead1e-911f-4ab0-8a64-c6681f11f14e' and name 'vitis-run_compile_FIR_v4'
10/18/25 15:13:40: SYSTEM_DIAGRAM: creating session with uuid: 'b85ead1e-911f-4ab0-8a64-c6681f11f14e' and name 'vitis-run_compile_FIR_v4'
10/18/25 15:13:46: Dispatch Server: Accepted socket connection from client
10/18/25 15:13:46: Starting Socket connection
10/18/25 15:13:48: SESSION_MGR: closing session for UUID 'b85ead1e-911f-4ab0-8a64-c6681f11f14e' with name 'vitis-run_compile_FIR_v4'
10/18/25 15:13:48: KERNEL_SVC: closing session for UUID 'b85ead1e-911f-4ab0-8a64-c6681f11f14e' with name 'vitis-run_compile_FIR_v4'
10/18/25 15:13:48: GUIDANCE_SMGR: closing session for UUID 'b85ead1e-911f-4ab0-8a64-c6681f11f14e' with name 'vitis-run_compile_FIR_v4'
10/18/25 15:13:48: SYSTEM_DIAGRAM: closing session for UUID 'b85ead1e-911f-4ab0-8a64-c6681f11f14e' with name 'vitis-run_compile_FIR_v4'
10/18/25 15:13:48: STOP_SERVER received, server token: 3ed8e749-a68b-4557-9dd5-29d41fa9da47, passed token: 3ed8e749-a68b-4557-9dd5-29d41fa9da47
10/18/25 15:13:48: Socket received request to stop server.
10/18/25 15:13:48: Dispatch Server: do_await_stop
10/18/25 15:13:48: SERVER: destructor for server bound to port 51649
10/18/25 15:36:43: Running xcd server. This server was built by gradle.
10/18/25 15:36:43: Server was asked to start on port: '57261'
10/18/25 15:36:43: Server is using token UUID: 'b7112f7b-a7e7-417b-9587-3a18b7cc485e'
10/18/25 15:36:43: SESSION_MGR: creating session with session uuid: '6d04a3e9-ade5-4ab9-8d63-1f78fcd2ec76' and name 'default'
10/18/25 15:36:43: Attempting to start server on port '57261'
10/18/25 15:36:43: Running Dispatch Server
10/18/25 15:36:43: Version 2.2.0
10/18/25 15:36:45: Dispatch Server: Accepted socket connection from client
10/18/25 15:36:45: Starting Socket connection
10/18/25 15:36:45: EXCHANGE_TOKEN received, server token: b7112f7b-a7e7-417b-9587-3a18b7cc485e, passed token: b7112f7b-a7e7-417b-9587-3a18b7cc485e
10/18/25 15:36:45: DISPATCH_HANDLER: Adding handler from function makeHandler in library xv_system_diagram
10/18/25 15:36:45: SESSION_MGR: creating session with session uuid: 'a7383740-3dd0-4893-937a-02c06ab3cc73' and name 'v++_compile_FIR_v4'
10/18/25 15:36:45: KERNEL_SVC: creating session with uuid: 'a7383740-3dd0-4893-937a-02c06ab3cc73' and name 'v++_compile_FIR_v4'
10/18/25 15:36:45: GUIDANCE_SMGR: creating guidance session with uuid: 'a7383740-3dd0-4893-937a-02c06ab3cc73' and name 'v++_compile_FIR_v4'
10/18/25 15:36:45: SYSTEM_DIAGRAM: creating session with uuid: 'a7383740-3dd0-4893-937a-02c06ab3cc73' and name 'v++_compile_FIR_v4'
10/18/25 15:36:51: Dispatch Server: Accepted socket connection from client
10/18/25 15:36:51: Starting Socket connection
10/18/25 15:37:14: SESSION_MGR: closing session for UUID 'a7383740-3dd0-4893-937a-02c06ab3cc73' with name 'v++_compile_FIR_v4'
10/18/25 15:37:14: KERNEL_SVC: closing session for UUID 'a7383740-3dd0-4893-937a-02c06ab3cc73' with name 'v++_compile_FIR_v4'
10/18/25 15:37:14: GUIDANCE_SMGR: closing session for UUID 'a7383740-3dd0-4893-937a-02c06ab3cc73' with name 'v++_compile_FIR_v4'
10/18/25 15:37:14: SYSTEM_DIAGRAM: closing session for UUID 'a7383740-3dd0-4893-937a-02c06ab3cc73' with name 'v++_compile_FIR_v4'
10/18/25 15:37:14: STOP_SERVER received, server token: b7112f7b-a7e7-417b-9587-3a18b7cc485e, passed token: b7112f7b-a7e7-417b-9587-3a18b7cc485e
10/18/25 15:37:14: Socket received request to stop server.
10/18/25 15:37:14: Dispatch Server: do_await_stop
10/18/25 15:37:14: SERVER: destructor for server bound to port 57261
