

================================================================
== Vitis HLS Report for 'FIR_filter'
================================================================
* Date:           Sat Oct 18 22:44:31 2025

* Version:        2024.2 (Build 5238294 on Nov  8 2024)
* Project:        FIR_v2
* Solution:       hls (Vivado IP Flow Target)
* Product family: zynquplus
* Target device:  xck26-sfvc784-2LV-c


================================================================
== Performance Estimates
================================================================
+ Timing: 
    * Summary: 
    +--------+----------+----------+------------+
    |  Clock |  Target  | Estimated| Uncertainty|
    +--------+----------+----------+------------+
    |ap_clk  |  10.00 ns|  6.020 ns|     2.70 ns|
    +--------+----------+----------+------------+

+ Latency: 
    * Summary: 
    +---------+---------+-----------+-----------+-----+-----+---------+
    |  Latency (cycles) |   Latency (absolute)  |  Interval | Pipeline|
    |   min   |   max   |    min    |    max    | min | max |   Type  |
    +---------+---------+-----------+-----------+-----+-----+---------+
    |        7|        7|  70.000 ns|  70.000 ns|    1|    1|      yes|
    +---------+---------+-----------+-----------+-----+-----+---------+

    + Detail: 
        * Instance: 
        N/A

        * Loop: 
        N/A



================================================================
== Utilization Estimates
================================================================
* Summary: 
+-----------------+---------+------+--------+--------+-----+
|       Name      | BRAM_18K|  DSP |   FF   |   LUT  | URAM|
+-----------------+---------+------+--------+--------+-----+
|DSP              |        -|    78|       -|       -|    -|
|Expression       |        -|     -|       0|    7369|    -|
|FIFO             |        -|     -|       -|       -|    -|
|Instance         |        -|     3|       0|      16|    -|
|Memory           |        -|     -|       -|       -|    -|
|Multiplexer      |        -|     -|       -|       -|    -|
|Register         |        -|     -|   11590|     896|    -|
+-----------------+---------+------+--------+--------+-----+
|Total            |        0|    81|   11590|    8281|    0|
+-----------------+---------+------+--------+--------+-----+
|Available        |      288|  1248|  234240|  117120|   64|
+-----------------+---------+------+--------+--------+-----+
|Utilization (%)  |        0|     6|       4|       7|    0|
+-----------------+---------+------+--------+--------+-----+

+ Detail: 
    * Instance: 
    +-----------------------+--------------------+---------+----+---+----+-----+
    |        Instance       |       Module       | BRAM_18K| DSP| FF| LUT| URAM|
    +-----------------------+--------------------+---------+----+---+----+-----+
    |mul_18s_6ns_24_1_1_U3  |mul_18s_6ns_24_1_1  |        0|   1|  0|   5|    0|
    |mul_18s_9ns_26_1_1_U2  |mul_18s_9ns_26_1_1  |        0|   1|  0|   5|    0|
    |mul_19s_7ns_26_1_1_U1  |mul_19s_7ns_26_1_1  |        0|   1|  0|   6|    0|
    +-----------------------+--------------------+---------+----+---+----+-----+
    |Total                  |                    |        0|   3|  0|  16|    0|
    +-----------------------+--------------------+---------+----+---+----+-----+

    * DSP: 
    +--------------------------------------------+----------------------------------------+---------------------+
    |                  Instance                  |                 Module                 |      Expression     |
    +--------------------------------------------+----------------------------------------+---------------------+
    |am_addmul_16s_16s_10s_27_4_1_U27            |am_addmul_16s_16s_10s_27_4_1            |       (i0 + i1) * i2|
    |am_addmul_16s_16s_10s_27_4_1_U28            |am_addmul_16s_16s_10s_27_4_1            |       (i0 + i1) * i2|
    |am_addmul_16s_16s_11ns_29_4_1_U20           |am_addmul_16s_16s_11ns_29_4_1           |       (i0 + i1) * i2|
    |am_addmul_16s_16s_11s_27_4_1_U23            |am_addmul_16s_16s_11s_27_4_1            |       (i0 + i1) * i2|
    |am_addmul_16s_16s_11s_28_4_1_U21            |am_addmul_16s_16s_11s_28_4_1            |       (i0 + i1) * i2|
    |am_addmul_16s_16s_11s_28_4_1_U22            |am_addmul_16s_16s_11s_28_4_1            |       (i0 + i1) * i2|
    |am_addmul_16s_16s_12ns_30_4_1_U19           |am_addmul_16s_16s_12ns_30_4_1           |       (i0 + i1) * i2|
    |am_addmul_16s_16s_6ns_24_4_1_U47            |am_addmul_16s_16s_6ns_24_4_1            |       (i0 + i1) * i2|
    |am_addmul_16s_16s_7ns_25_4_1_U41            |am_addmul_16s_16s_7ns_25_4_1            |       (i0 + i1) * i2|
    |am_addmul_16s_16s_7ns_25_4_1_U42            |am_addmul_16s_16s_7ns_25_4_1            |       (i0 + i1) * i2|
    |am_addmul_16s_16s_7s_24_4_1_U43             |am_addmul_16s_16s_7s_24_4_1             |       (i0 + i1) * i2|
    |am_addmul_16s_16s_7s_24_4_1_U45             |am_addmul_16s_16s_7s_24_4_1             |       (i0 + i1) * i2|
    |am_addmul_16s_16s_8ns_25_4_1_U35            |am_addmul_16s_16s_8ns_25_4_1            |       (i0 + i1) * i2|
    |am_addmul_16s_16s_8ns_26_4_1_U34            |am_addmul_16s_16s_8ns_26_4_1            |       (i0 + i1) * i2|
    |am_addmul_16s_16s_9ns_27_4_1_U26            |am_addmul_16s_16s_9ns_27_4_1            |       (i0 + i1) * i2|
    |am_addmul_16s_16s_9s_26_4_1_U33             |am_addmul_16s_16s_9s_26_4_1             |       (i0 + i1) * i2|
    |am_addmul_17s_17s_8s_26_4_1_U11             |am_addmul_17s_17s_8s_26_4_1             |       (i0 + i1) * i2|
    |am_addmul_17s_18s_5ns_24_4_1_U8             |am_addmul_17s_18s_5ns_24_4_1            |       (i0 + i1) * i2|
    |am_addmul_17s_18s_6ns_26_4_1_U9             |am_addmul_17s_18s_6ns_26_4_1            |       (i0 + i1) * i2|
    |ama_addmul_sub_16s_16s_13ns_18s_30_4_1_U18  |ama_addmul_sub_16s_16s_13ns_18s_30_4_1  |  (i0 + i1) * i2 - i3|
    |ama_addmuladd_16s_16s_10ns_27s_28_4_1_U25   |ama_addmuladd_16s_16s_10ns_27s_28_4_1   |  (i0 + i1) * i2 + i3|
    |ama_addmuladd_16s_16s_10ns_29s_29_4_1_U52   |ama_addmuladd_16s_16s_10ns_29s_29_4_1   |  i0 + (i1 + i2) * i3|
    |ama_addmuladd_16s_16s_10s_26s_27_4_1_U60    |ama_addmuladd_16s_16s_10s_26s_27_4_1    |  i0 + (i1 + i2) * i3|
    |ama_addmuladd_16s_16s_10s_27s_27_4_1_U55    |ama_addmuladd_16s_16s_10s_27s_27_4_1    |  i0 + (i1 + i2) * i3|
    |ama_addmuladd_16s_16s_10s_27s_27_4_1_U59    |ama_addmuladd_16s_16s_10s_27s_27_4_1    |  i0 + (i1 + i2) * i3|
    |ama_addmuladd_16s_16s_10s_28s_28_4_1_U53    |ama_addmuladd_16s_16s_10s_28s_28_4_1    |  (i0 + i1) * i2 + i3|
    |ama_addmuladd_16s_16s_11s_27s_28_4_1_U77    |ama_addmuladd_16s_16s_11s_27s_28_4_1    |  i0 + (i1 + i2) * i3|
    |ama_addmuladd_16s_16s_11s_28s_28_4_1_U54    |ama_addmuladd_16s_16s_11s_28s_28_4_1    |  i0 + (i1 + i2) * i3|
    |ama_addmuladd_16s_16s_12ns_30s_30_4_1_U50   |ama_addmuladd_16s_16s_12ns_30s_30_4_1   |  i0 + (i1 + i2) * i3|
    |ama_addmuladd_16s_16s_12ns_30s_30_4_1_U51   |ama_addmuladd_16s_16s_12ns_30s_30_4_1   |  i0 + (i1 + i2) * i3|
    |ama_addmuladd_16s_16s_12ns_30s_31_4_1_U75   |ama_addmuladd_16s_16s_12ns_30s_31_4_1   |  i0 + (i1 + i2) * i3|
    |ama_addmuladd_16s_16s_5ns_24s_24_4_1_U72    |ama_addmuladd_16s_16s_5ns_24s_24_4_1    |  (i0 + i1) * i2 + i3|
    |ama_addmuladd_16s_16s_6ns_24s_24_4_1_U71    |ama_addmuladd_16s_16s_6ns_24s_24_4_1    |  i0 + (i1 + i2) * i3|
    |ama_addmuladd_16s_16s_6ns_25s_25_4_1_U48    |ama_addmuladd_16s_16s_6ns_25s_25_4_1    |  (i0 + i1) * i2 + i3|
    |ama_addmuladd_16s_16s_6ns_25s_25_4_1_U63    |ama_addmuladd_16s_16s_6ns_25s_25_4_1    |  i0 + (i1 + i2) * i3|
    |ama_addmuladd_16s_16s_7ns_24s_24_4_1_U70    |ama_addmuladd_16s_16s_7ns_24s_24_4_1    |  i0 + (i1 + i2) * i3|
    |ama_addmuladd_16s_16s_7ns_25s_25_4_1_U67    |ama_addmuladd_16s_16s_7ns_25s_25_4_1    |  i0 + (i1 + i2) * i3|
    |ama_addmuladd_16s_16s_7ns_25s_25_4_1_U68    |ama_addmuladd_16s_16s_7ns_25s_25_4_1    |  i0 + (i1 + i2) * i3|
    |ama_addmuladd_16s_16s_7ns_26s_26_4_1_U37    |ama_addmuladd_16s_16s_7ns_26s_26_4_1    |  (i0 + i1) * i2 + i3|
    |ama_addmuladd_16s_16s_7ns_26s_26_4_1_U38    |ama_addmuladd_16s_16s_7ns_26s_26_4_1    |  i0 + (i1 + i2) * i3|
    |ama_addmuladd_16s_16s_7s_21s_23_4_1_U46     |ama_addmuladd_16s_16s_7s_21s_23_4_1     |  i0 + (i1 + i2) * i3|
    |ama_addmuladd_16s_16s_8ns_19s_25_4_1_U24    |ama_addmuladd_16s_16s_8ns_19s_25_4_1    |  i0 + (i1 + i2) * i3|
    |ama_addmuladd_16s_16s_8ns_24s_25_4_1_U30    |ama_addmuladd_16s_16s_8ns_24s_25_4_1    |  i0 + (i1 + i2) * i3|
    |ama_addmuladd_16s_16s_8ns_25s_26_4_1_U32    |ama_addmuladd_16s_16s_8ns_25s_26_4_1    |  (i0 + i1) * i2 + i3|
    |ama_addmuladd_16s_16s_8ns_26s_26_4_1_U62    |ama_addmuladd_16s_16s_8ns_26s_26_4_1    |  i0 + (i1 + i2) * i3|
    |ama_addmuladd_16s_16s_8ns_26s_26_4_1_U65    |ama_addmuladd_16s_16s_8ns_26s_26_4_1    |  i0 + (i1 + i2) * i3|
    |ama_addmuladd_16s_16s_8ns_27s_27_4_1_U78    |ama_addmuladd_16s_16s_8ns_27s_27_4_1    |  i0 + (i1 + i2) * i3|
    |ama_addmuladd_16s_16s_8ns_28s_28_4_1_U76    |ama_addmuladd_16s_16s_8ns_28s_28_4_1    |  i0 + (i1 + i2) * i3|
    |ama_addmuladd_16s_16s_8s_24s_25_4_1_U39     |ama_addmuladd_16s_16s_8s_24s_25_4_1     |  i0 + (i1 + i2) * i3|
    |ama_addmuladd_16s_16s_8s_25s_25_4_1_U40     |ama_addmuladd_16s_16s_8s_25s_25_4_1     |  (i0 + i1) * i2 + i3|
    |ama_addmuladd_16s_16s_8s_25s_25_4_1_U44     |ama_addmuladd_16s_16s_8s_25s_25_4_1     |  i0 + (i1 + i2) * i3|
    |ama_addmuladd_16s_16s_8s_25s_26_4_1_U66     |ama_addmuladd_16s_16s_8s_25s_26_4_1     |  i0 + (i1 + i2) * i3|
    |ama_addmuladd_16s_16s_8s_26s_26_4_1_U69     |ama_addmuladd_16s_16s_8s_26s_26_4_1     |  i0 + (i1 + i2) * i3|
    |ama_addmuladd_16s_16s_8s_27s_27_4_1_U64     |ama_addmuladd_16s_16s_8s_27s_27_4_1     |  i0 + (i1 + i2) * i3|
    |ama_addmuladd_16s_16s_9ns_26s_27_4_1_U31    |ama_addmuladd_16s_16s_9ns_26s_27_4_1    |  i0 + (i1 + i2) * i3|
    |ama_addmuladd_16s_16s_9ns_27s_27_4_1_U57    |ama_addmuladd_16s_16s_9ns_27s_27_4_1    |  i0 + (i1 + i2) * i3|
    |ama_addmuladd_16s_16s_9ns_28s_28_4_1_U56    |ama_addmuladd_16s_16s_9ns_28s_28_4_1    |  i0 + (i1 + i2) * i3|
    |ama_addmuladd_16s_16s_9s_25s_26_4_1_U29     |ama_addmuladd_16s_16s_9s_25s_26_4_1     |  (i0 + i1) * i2 + i3|
    |ama_addmuladd_16s_16s_9s_26s_26_4_1_U61     |ama_addmuladd_16s_16s_9s_26s_26_4_1     |  i0 + (i1 + i2) * i3|
    |ama_addmuladd_16s_16s_9s_26s_26_4_1_U73     |ama_addmuladd_16s_16s_9s_26s_26_4_1     |  i0 + (i1 + i2) * i3|
    |ama_addmuladd_16s_16s_9s_26s_27_4_1_U36     |ama_addmuladd_16s_16s_9s_26s_27_4_1     |  i0 + (i1 + i2) * i3|
    |ama_addmuladd_16s_16s_9s_26s_27_4_1_U79     |ama_addmuladd_16s_16s_9s_26s_27_4_1     |  i0 + (i1 + i2) * i3|
    |ama_addmuladd_16s_16s_9s_27s_27_4_1_U58     |ama_addmuladd_16s_16s_9s_27s_27_4_1     |  (i0 + i1) * i2 + i3|
    |ama_addmuladd_16s_16s_9s_31s_31_4_1_U80     |ama_addmuladd_16s_16s_9s_31s_31_4_1     |  i0 + (i1 + i2) * i3|
    |ama_addmuladd_17s_17s_6ns_25s_25_4_1_U17    |ama_addmuladd_17s_17s_6ns_25s_25_4_1    |  i0 + (i1 + i2) * i3|
    |ama_addmuladd_17s_17s_6s_24s_24_4_1_U49     |ama_addmuladd_17s_17s_6s_24s_24_4_1     |  i0 + (i1 + i2) * i3|
    |ama_addmuladd_17s_17s_7s_24s_25_4_1_U13     |ama_addmuladd_17s_17s_7s_24s_25_4_1     |  i0 + (i1 + i2) * i3|
    |ama_addmuladd_17s_17s_8s_23s_25_4_1_U10     |ama_addmuladd_17s_17s_8s_23s_25_4_1     |  i0 + (i1 + i2) * i3|
    |ama_addmuladd_17s_17s_8s_31s_31_4_1_U81     |ama_addmuladd_17s_17s_8s_31s_31_4_1     |  i0 + (i1 + i2) * i3|
    |ama_addmuladd_17s_18s_6ns_26s_26_4_1_U6     |ama_addmuladd_17s_18s_6ns_26s_26_4_1    |  i0 + (i1 + i2) * i3|
    |ama_addmuladd_18s_16s_7ns_25s_26_4_1_U12    |ama_addmuladd_18s_16s_7ns_25s_26_4_1    |  i0 + (i1 + i2) * i3|
    |ama_addmuladd_18s_18s_6ns_26ns_26_4_1_U74   |ama_addmuladd_18s_18s_6ns_26ns_26_4_1   |  i0 + (i1 + i2) * i3|
    |ama_addmuladd_19s_16s_5ns_21s_24_4_1_U4     |ama_addmuladd_19s_16s_5ns_21s_24_4_1    |  (i0 + i1) * i2 + i3|
    |ama_submuladd_18s_16s_4ns_21s_22_4_1_U16    |ama_submuladd_18s_16s_4ns_21s_22_4_1    |  (i0 - i1) * i2 + i3|
    |ama_submuladd_18s_16s_4ns_23s_23_4_1_U15    |ama_submuladd_18s_16s_4ns_23s_23_4_1    |  i0 + (i1 - i2) * i3|
    |ama_submuladd_18s_16s_5ns_24s_24_4_1_U14    |ama_submuladd_18s_16s_5ns_24s_24_4_1    |  i0 + (i1 - i2) * i3|
    |ama_submuladd_19s_16s_5ns_23s_24_4_1_U7     |ama_submuladd_19s_16s_5ns_23s_24_4_1    |  (i0 - i1) * i2 + i3|
    |ama_submuladd_19s_16s_6ns_25s_26_4_1_U5     |ama_submuladd_19s_16s_6ns_25s_26_4_1    |  i0 + (i1 - i2) * i3|
    +--------------------------------------------+----------------------------------------+---------------------+

    * Memory: 
    N/A

    * FIFO: 
    N/A

    * Expression: 
    +--------------------------+----------+----+---+----+------------+------------+
    |       Variable Name      | Operation| DSP| FF| LUT| Bitwidth P0| Bitwidth P1|
    +--------------------------+----------+----+---+----+------------+------------+
    |FIR_accu32_11_fu_9500_p2  |         +|   0|  0|  31|          31|          31|
    |FIR_accu32_13_fu_9562_p2  |         +|   0|  0|  31|          31|          31|
    |FIR_accu32_15_fu_9595_p2  |         +|   0|  0|  31|          31|          31|
    |FIR_accu32_9_fu_9431_p2   |         +|   0|  0|  31|          31|          31|
    |FIR_accu32_fu_9643_p2     |         +|   0|  0|  31|          31|          31|
    |add_ln27_101_fu_9281_p2   |         +|   0|  0|  25|          25|          25|
    |add_ln27_102_fu_9287_p2   |         +|   0|  0|  25|          25|          25|
    |add_ln27_103_fu_9297_p2   |         +|   0|  0|  33|          26|          26|
    |add_ln27_104_fu_9634_p2   |         +|   0|  0|  31|          31|          31|
    |add_ln27_106_fu_5718_p2   |         +|   0|  0|  24|          24|          24|
    |add_ln27_107_fu_9061_p2   |         +|   0|  0|  25|          25|          25|
    |add_ln27_109_fu_5724_p2   |         +|   0|  0|  22|          22|          22|
    |add_ln27_10_fu_9317_p2    |         +|   0|  0|  36|          29|          29|
    |add_ln27_110_fu_9073_p2   |         +|   0|  0|  30|          23|          23|
    |add_ln27_111_fu_9083_p2   |         +|   0|  0|  25|          25|          25|
    |add_ln27_112_fu_5730_p2   |         +|   0|  0|  25|          25|          25|
    |add_ln27_114_fu_9095_p2   |         +|   0|  0|  33|          26|          26|
    |add_ln27_118_fu_9455_p2   |         +|   0|  0|  27|          27|          27|
    |add_ln27_119_fu_9461_p2   |         +|   0|  0|  27|          27|          27|
    |add_ln27_11_fu_9326_p2    |         +|   0|  0|  31|          31|          31|
    |add_ln27_120_fu_9471_p2   |         +|   0|  0|  35|          28|          28|
    |add_ln27_15_fu_9338_p2    |         +|   0|  0|  36|          29|          29|
    |add_ln27_19_fu_9159_p2    |         +|   0|  0|  35|          28|          28|
    |add_ln27_1_fu_5684_p2     |         +|   0|  0|  24|          17|          17|
    |add_ln27_20_fu_9351_p2    |         +|   0|  0|  37|          30|          30|
    |add_ln27_21_fu_9361_p2    |         +|   0|  0|  31|          31|          31|
    |add_ln27_25_fu_9373_p2    |         +|   0|  0|  35|          28|          28|
    |add_ln27_29_fu_9170_p2    |         +|   0|  0|  35|          28|          28|
    |add_ln27_2_fu_5694_p2     |         +|   0|  0|  25|          18|          18|
    |add_ln27_30_fu_9386_p2    |         +|   0|  0|  36|          29|          29|
    |add_ln27_33_fu_8974_p2    |         +|   0|  0|  34|          27|          27|
    |add_ln27_34_fu_8983_p2    |         +|   0|  0|  35|          28|          28|
    |add_ln27_38_fu_9402_p2    |         +|   0|  0|  34|          27|          27|
    |add_ln27_39_fu_9411_p2    |         +|   0|  0|  36|          29|          29|
    |add_ln27_40_fu_9421_p2    |         +|   0|  0|  37|          30|          30|
    |add_ln27_44_fu_9182_p2    |         +|   0|  0|  34|          27|          27|
    |add_ln27_45_fu_9483_p2    |         +|   0|  0|  31|          31|          31|
    |add_ln27_49_fu_9191_p2    |         +|   0|  0|  34|          27|          27|
    |add_ln27_50_fu_9491_p2    |         +|   0|  0|  31|          31|          31|
    |add_ln27_54_fu_9202_p2    |         +|   0|  0|  34|          27|          27|
    |add_ln27_58_fu_9215_p2    |         +|   0|  0|  33|          26|          26|
    |add_ln27_59_fu_9224_p2    |         +|   0|  0|  35|          28|          28|
    |add_ln27_63_fu_9545_p2    |         +|   0|  0|  38|          31|          31|
    |add_ln27_66_fu_9236_p2    |         +|   0|  0|  33|          26|          26|
    |add_ln27_67_fu_9553_p2    |         +|   0|  0|  31|          31|          31|
    |add_ln27_6_fu_9309_p2     |         +|   0|  0|  38|          31|          31|
    |add_ln27_70_fu_9245_p2    |         +|   0|  0|  33|          26|          26|
    |add_ln27_73_fu_8995_p2    |         +|   0|  0|  26|          26|          26|
    |add_ln27_74_fu_9260_p2    |         +|   0|  0|  27|          27|          27|
    |add_ln27_75_fu_9266_p2    |         +|   0|  0|  27|          27|          27|
    |add_ln27_78_fu_9577_p2    |         +|   0|  0|  31|          31|          31|
    |add_ln27_80_fu_9004_p2    |         +|   0|  0|  25|          25|          25|
    |add_ln27_81_fu_9586_p2    |         +|   0|  0|  31|          31|          31|
    |add_ln27_82_fu_5700_p2    |         +|   0|  0|  25|          25|          25|
    |add_ln27_86_fu_9016_p2    |         +|   0|  0|  33|          26|          26|
    |add_ln27_87_fu_9025_p2    |         +|   0|  0|  34|          27|          27|
    |add_ln27_89_fu_9607_p2    |         +|   0|  0|  31|          31|          31|
    |add_ln27_91_fu_9616_p2    |         +|   0|  0|  31|          31|          31|
    |add_ln27_92_fu_5706_p2    |         +|   0|  0|  23|          23|          23|
    |add_ln27_94_fu_9037_p2    |         +|   0|  0|  32|          25|          25|
    |add_ln27_95_fu_9625_p2    |         +|   0|  0|  31|          31|          31|
    |add_ln27_98_fu_9049_p2    |         +|   0|  0|  32|          25|          25|
    |add_ln27_99_fu_5712_p2    |         +|   0|  0|  23|          23|          23|
    |add_ln27_fu_5674_p2       |         +|   0|  0|  24|          17|          17|
    |grp_fu_10076_p3           |         +|   0|  0|  32|          25|          25|
    |grp_fu_9692_p30           |         +|   0|  0|  31|          24|          24|
    |grp_fu_9737_p30           |         +|   0|  0|  33|          26|          26|
    |grp_fu_9758_p0            |         +|   0|  0|  25|          18|          18|
    |grp_fu_9769_p0            |         +|   0|  0|  25|          18|          18|
    |grp_fu_9780_p0            |         +|   0|  0|  25|          18|          18|
    |grp_fu_9791_p3            |         +|   0|  0|  32|          25|          25|
    |grp_fu_9862_p30           |         +|   0|  0|  35|          28|          28|
    |grp_fu_9918_p30           |         +|   0|  0|  34|          27|          27|
    |grp_fu_9929_p30           |         +|   0|  0|  33|          26|          26|
    |grp_fu_9993_p30           |         +|   0|  0|  32|          25|          25|
    |sum1_fu_4442_p2           |         +|   0|  0|  24|          17|          17|
    |sum_fu_4374_p2            |         +|   0|  0|  24|          17|          17|
    |tmp100_fu_4696_p2         |         +|   0|  0|  24|          17|          17|
    |tmp101_fu_4406_p2         |         +|   0|  0|  24|          17|          17|
    |tmp107_fu_4734_p2         |         +|   0|  0|  24|          17|          17|
    |tmp108_fu_4740_p2         |         +|   0|  0|  24|          17|          17|
    |tmp109_fu_4746_p2         |         +|   0|  0|  24|          17|          17|
    |tmp110_fu_4756_p2         |         +|   0|  0|  24|          17|          17|
    |tmp111_fu_4766_p2         |         +|   0|  0|  24|          17|          17|
    |tmp113_fu_4458_p2         |         +|   0|  0|  18|          18|          18|
    |tmp117_fu_4776_p2         |         +|   0|  0|  24|          17|          17|
    |tmp118_fu_4786_p2         |         +|   0|  0|  24|          17|          17|
    |tmp119_fu_4796_p2         |         +|   0|  0|  24|          17|          17|
    |tmp120_fu_4850_p2         |         +|   0|  0|  24|          17|          17|
    |tmp1213_fu_4538_p2        |         +|   0|  0|  26|          19|          19|
    |tmp121_fu_4860_p2         |         +|   0|  0|  24|          17|          17|
    |tmp123_fu_4876_p2         |         +|   0|  0|  24|          17|          17|
    |tmp124_fu_4886_p2         |         +|   0|  0|  24|          17|          17|
    |tmp125_fu_4544_p2         |         +|   0|  0|  24|          17|          17|
    |tmp12_fu_3914_p2          |         +|   0|  0|  27|          20|          20|
    |tmp131_fu_4998_p2         |         +|   0|  0|  24|          17|          17|
    |tmp132_fu_5008_p2         |         +|   0|  0|  24|          17|          17|
    |tmp133_fu_5018_p2         |         +|   0|  0|  24|          17|          17|
    |tmp134_fu_5024_p2         |         +|   0|  0|  24|          17|          17|
    |tmp138_fu_4606_p2         |         +|   0|  0|  19|          19|          19|
    |tmp147_fu_5030_p2         |         +|   0|  0|  24|          17|          17|
    |tmp148_fu_5040_p2         |         +|   0|  0|  24|          17|          17|
    |tmp149_fu_4650_p2         |         +|   0|  0|  24|          17|          17|
    |tmp157_fu_4706_p2         |         +|   0|  0|  25|          18|          18|
    |tmp159_fu_5082_p2         |         +|   0|  0|  24|          17|          17|
    |tmp15_fu_3936_p2          |         +|   0|  0|  20|          20|          20|
    |tmp160_fu_5092_p2         |         +|   0|  0|  24|          17|          17|
    |tmp163_fu_4728_p2         |         +|   0|  0|  18|          18|          18|
    |tmp179_fu_4806_p2         |         +|   0|  0|  25|          18|          18|
    |tmp17_fu_4070_p2          |         +|   0|  0|  24|          17|          17|
    |tmp181_fu_5194_p2         |         +|   0|  0|  24|          17|          17|
    |tmp182_fu_5204_p2         |         +|   0|  0|  24|          17|          17|
    |tmp187_fu_5256_p2         |         +|   0|  0|  24|          17|          17|
    |tmp188_fu_5266_p2         |         +|   0|  0|  24|          17|          17|
    |tmp18_fu_4080_p2          |         +|   0|  0|  24|          17|          17|
    |tmp190_fu_4838_p2         |         +|   0|  0|  18|          18|          18|
    |tmp192_fu_8910_p2         |         +|   0|  0|  26|          26|          26|
    |tmp195_fu_4870_p2         |         +|   0|  0|  25|          18|          18|
    |tmp199_fu_4896_p2         |         +|   0|  0|  25|          18|          18|
    |tmp19_fu_4120_p2          |         +|   0|  0|  25|          18|          18|
    |tmp1_fu_3926_p2           |         +|   0|  0|  24|          17|          17|
    |tmp201_fu_5384_p2         |         +|   0|  0|  24|          17|          17|
    |tmp202_fu_5394_p2         |         +|   0|  0|  24|          17|          17|
    |tmp205_fu_4940_p2         |         +|   0|  0|  18|          18|          18|
    |tmp207_fu_5410_p2         |         +|   0|  0|  24|          17|          17|
    |tmp208_fu_5420_p2         |         +|   0|  0|  24|          17|          17|
    |tmp20_fu_4100_p2          |         +|   0|  0|  24|          17|          17|
    |tmp210_fu_4986_p2         |         +|   0|  0|  18|          18|          18|
    |tmp223_fu_5050_p2         |         +|   0|  0|  25|          18|          18|
    |tmp224_fu_5072_p2         |         +|   0|  0|  29|          22|          22|
    |tmp227_fu_5102_p2         |         +|   0|  0|  25|          18|          18|
    |tmp229_fu_5510_p2         |         +|   0|  0|  24|          17|          17|
    |tmp22_fu_3978_p2          |         +|   0|  0|  18|          18|          18|
    |tmp230_fu_5520_p2         |         +|   0|  0|  24|          17|          17|
    |tmp232_fu_5144_p2         |         +|   0|  0|  18|          18|          18|
    |tmp235_fu_5570_p2         |         +|   0|  0|  24|          17|          17|
    |tmp236_fu_5580_p2         |         +|   0|  0|  24|          17|          17|
    |tmp244_fu_5182_p2         |         +|   0|  0|  18|          18|          18|
    |tmp249_fu_5214_p2         |         +|   0|  0|  25|          18|          18|
    |tmp253_fu_5276_p2         |         +|   0|  0|  25|          18|          18|
    |tmp254_fu_5298_p2         |         +|   0|  0|  23|          23|          23|
    |tmp25_fu_4000_p2          |         +|   0|  0|  19|          19|          19|
    |tmp264_fu_5330_p2         |         +|   0|  0|  18|          18|          18|
    |tmp275_fu_5404_p2         |         +|   0|  0|  25|          18|          18|
    |tmp279_fu_5430_p2         |         +|   0|  0|  25|          18|          18|
    |tmp27_fu_4012_p2          |         +|   0|  0|  19|          19|          19|
    |tmp285_fu_5478_p2         |         +|   0|  0|  18|          18|          18|
    |tmp289_fu_5530_p2         |         +|   0|  0|  25|          18|          18|
    |tmp290_fu_5560_p2         |         +|   0|  0|  31|          24|          24|
    |tmp29_fu_4110_p2          |         +|   0|  0|  24|          17|          17|
    |tmp2_fu_4028_p2           |         +|   0|  0|  25|          18|          18|
    |tmp30_fu_4156_p2          |         +|   0|  0|  24|          17|          17|
    |tmp325_fu_5590_p2         |         +|   0|  0|  24|          17|          17|
    |tmp333_fu_5596_p2         |         +|   0|  0|  24|          17|          17|
    |tmp353_fu_5602_p2         |         +|   0|  0|  24|          17|          17|
    |tmp355_fu_5608_p2         |         +|   0|  0|  24|          17|          17|
    |tmp359_fu_5614_p2         |         +|   0|  0|  24|          17|          17|
    |tmp35_fu_4058_p2          |         +|   0|  0|  19|          19|          19|
    |tmp361_fu_5620_p2         |         +|   0|  0|  24|          17|          17|
    |tmp367_fu_5626_p2         |         +|   0|  0|  24|          17|          17|
    |tmp377_fu_5632_p2         |         +|   0|  0|  24|          17|          17|
    |tmp378_fu_9140_p2         |         +|   0|  0|  33|          26|          26|
    |tmp397_fu_5638_p2         |         +|   0|  0|  24|          17|          17|
    |tmp3_fu_4048_p2           |         +|   0|  0|  25|          18|          18|
    |tmp405_fu_5644_p2         |         +|   0|  0|  24|          17|          17|
    |tmp415_fu_5650_p2         |         +|   0|  0|  24|          17|          17|
    |tmp423_fu_5656_p2         |         +|   0|  0|  24|          17|          17|
    |tmp431_fu_5662_p2         |         +|   0|  0|  24|          17|          17|
    |tmp435_fu_5668_p2         |         +|   0|  0|  24|          17|          17|
    |tmp45_fu_4130_p2          |         +|   0|  0|  26|          19|          19|
    |tmp47_fu_4240_p2          |         +|   0|  0|  24|          17|          17|
    |tmp48_fu_4294_p2          |         +|   0|  0|  24|          17|          17|
    |tmp49_fu_4338_p2          |         +|   0|  0|  25|          18|          18|
    |tmp4_fu_4038_p2           |         +|   0|  0|  24|          17|          17|
    |tmp50_fu_4328_p2          |         +|   0|  0|  24|          17|          17|
    |tmp54_fu_4166_p2          |         +|   0|  0|  19|          19|          19|
    |tmp56_fu_4178_p2          |         +|   0|  0|  19|          19|          19|
    |tmp59_fu_4358_p2          |         +|   0|  0|  25|          18|          18|
    |tmp5_fu_4090_p2           |         +|   0|  0|  25|          18|          18|
    |tmp60_fu_4348_p2          |         +|   0|  0|  24|          17|          17|
    |tmp61_fu_4432_p2          |         +|   0|  0|  24|          17|          17|
    |tmp62_fu_4508_p2          |         +|   0|  0|  25|          18|          18|
    |tmp66_fu_4250_p2          |         +|   0|  0|  19|          19|          19|
    |tmp69_fu_4268_p2          |         +|   0|  0|  19|          19|          19|
    |tmp71_fu_4498_p2          |         +|   0|  0|  24|          17|          17|
    |tmp72_fu_4528_p2          |         +|   0|  0|  25|          18|          18|
    |tmp73_fu_4518_p2          |         +|   0|  0|  24|          17|          17|
    |tmp74_fu_4570_p2          |         +|   0|  0|  24|          17|          17|
    |tmp78_fu_4304_p2          |         +|   0|  0|  19|          19|          19|
    |tmp7_fu_3876_p2           |         +|   0|  0|  18|          18|          18|
    |tmp81_fu_4322_p2          |         +|   0|  0|  19|          19|          19|
    |tmp87_fu_4368_p2          |         +|   0|  0|  26|          19|          19|
    |tmp89_fu_4628_p2          |         +|   0|  0|  25|          18|          18|
    |tmp90_fu_4618_p2          |         +|   0|  0|  24|          17|          17|
    |tmp91_fu_4644_p2          |         +|   0|  0|  25|          18|          18|
    |tmp92_fu_4634_p2          |         +|   0|  0|  24|          17|          17|
    |tmp93_fu_4676_p2          |         +|   0|  0|  24|          17|          17|
    |tmp95_fu_4390_p2          |         +|   0|  0|  18|          18|          18|
    |tmp99_fu_4686_p2          |         +|   0|  0|  24|          17|          17|
    |tmp_fu_3860_p2            |         +|   0|  0|  24|          17|          17|
    |FIR_accu32_14_fu_9568_p2  |         -|   0|  0|  31|          31|          31|
    |FIR_accu32_16_fu_9601_p2  |         -|   0|  0|  31|          31|          31|
    |grp_fu_10003_p3           |         -|   0|  0|  32|          25|          25|
    |grp_fu_10038_p3           |         -|   0|  0|  25|          25|          25|
    |grp_fu_10417_p3           |         -|   0|  0|  31|          31|          31|
    |grp_fu_10428_p3           |         -|   0|  0|  31|          31|          31|
    |grp_fu_9659_p0            |         -|   0|  0|  19|          19|          19|
    |grp_fu_9670_p0            |         -|   0|  0|  26|          19|          19|
    |grp_fu_9692_p0            |         -|   0|  0|  26|          19|          19|
    |grp_fu_9737_p0            |         -|   0|  0|  25|          18|          18|
    |grp_fu_9758_p3            |         -|   0|  0|  24|          24|          24|
    |grp_fu_9769_p3            |         -|   0|  0|  30|          23|          23|
    |grp_fu_9973_p3            |         -|   0|  0|  33|          26|          26|
    |p_neg531_fu_8821_p2       |         -|   0|  0|  25|           1|          25|
    |p_neg548_fu_8623_p2       |         -|   0|  0|  25|           1|          25|
    |p_neg564_fu_5232_p2       |         -|   0|  0|  23|           1|          23|
    |p_neg585_fu_8372_p2       |         -|   0|  0|  26|           1|          26|
    |p_neg593_fu_8305_p2       |         -|   0|  0|  24|           1|          24|
    |tmp102_fu_4416_p2         |         -|   0|  0|  18|          18|          18|
    |tmp103_fu_4422_p2         |         -|   0|  0|  18|          18|          18|
    |tmp10_fu_3898_p2          |         -|   0|  0|  19|          19|          19|
    |tmp112_fu_4452_p2         |         -|   0|  0|  18|          18|          18|
    |tmp11_fu_3904_p2          |         -|   0|  0|  19|          19|          19|
    |tmp126_fu_4554_p2         |         -|   0|  0|  18|          18|          18|
    |tmp127_fu_4560_p2         |         -|   0|  0|  18|          18|          18|
    |tmp135_fu_4580_p2         |         -|   0|  0|  24|          17|          17|
    |tmp136_fu_4590_p2         |         -|   0|  0|  18|          18|          18|
    |tmp137_fu_4596_p2         |         -|   0|  0|  18|          18|          18|
    |tmp139_fu_4612_p2         |         -|   0|  0|  19|          19|          19|
    |tmp13_fu_3920_p2          |         -|   0|  0|  20|          20|          20|
    |tmp150_fu_4660_p2         |         -|   0|  0|  18|          18|          18|
    |tmp151_fu_4666_p2         |         -|   0|  0|  18|          18|          18|
    |tmp161_fu_4712_p2         |         -|   0|  0|  24|          17|          17|
    |tmp162_fu_4722_p2         |         -|   0|  0|  18|          18|          18|
    |tmp16_fu_3962_p2          |         -|   0|  0|  25|          25|          25|
    |tmp183_fu_4812_p2         |         -|   0|  0|  24|          17|          17|
    |tmp189_fu_4828_p2         |         -|   0|  0|  24|          17|          17|
    |tmp191_fu_4844_p2         |         -|   0|  0|  18|          18|          18|
    |tmp196_fu_8938_p2         |         -|   0|  0|  25|          25|          25|
    |tmp200_fu_4914_p2         |         -|   0|  0|  31|           1|          24|
    |tmp203_fu_4924_p2         |         -|   0|  0|  24|          17|          17|
    |tmp204_fu_4934_p2         |         -|   0|  0|  18|          18|          18|
    |tmp206_fu_4970_p2         |         -|   0|  0|  25|          25|          25|
    |tmp209_fu_4976_p2         |         -|   0|  0|  24|          17|          17|
    |tmp211_fu_4992_p2         |         -|   0|  0|  18|          18|          18|
    |tmp21_fu_3968_p2          |         -|   0|  0|  24|          17|          17|
    |tmp228_fu_5128_p2         |         -|   0|  0|  23|          23|          23|
    |tmp231_fu_5134_p2         |         -|   0|  0|  24|          17|          17|
    |tmp233_fu_5150_p2         |         -|   0|  0|  18|          18|          18|
    |tmp237_fu_5156_p2         |         -|   0|  0|  24|          17|          17|
    |tmp23_fu_3984_p2          |         -|   0|  0|  18|          18|          18|
    |tmp243_fu_5172_p2         |         -|   0|  0|  24|          17|          17|
    |tmp245_fu_5188_p2         |         -|   0|  0|  18|          18|          18|
    |tmp24_fu_3994_p2          |         -|   0|  0|  19|          19|          19|
    |tmp250_fu_5250_p2         |         -|   0|  0|  23|          23|          23|
    |tmp257_fu_5304_p2         |         -|   0|  0|  24|          17|          17|
    |tmp263_fu_5320_p2         |         -|   0|  0|  24|          17|          17|
    |tmp265_fu_5336_p2         |         -|   0|  0|  18|          18|          18|
    |tmp266_fu_5358_p2         |         -|   0|  0|  30|          23|          23|
    |tmp269_fu_5368_p2         |         -|   0|  0|  24|          17|          17|
    |tmp26_fu_4006_p2          |         -|   0|  0|  19|          19|          19|
    |tmp276_fu_8553_p2         |         -|   0|  0|  28|           1|          21|
    |tmp280_fu_5452_p2         |         -|   0|  0|  28|          21|          21|
    |tmp283_fu_5462_p2         |         -|   0|  0|  24|          17|          17|
    |tmp284_fu_5472_p2         |         -|   0|  0|  18|          18|          18|
    |tmp286_fu_5504_p2         |         -|   0|  0|  22|          22|          22|
    |tmp31_fu_4018_p2          |         -|   0|  0|  24|          17|          17|
    |tmp326_fu_8574_p2         |         -|   0|  0|  26|           1|          19|
    |tmp354_fu_8640_p2         |         -|   0|  0|  25|          25|          25|
    |tmp356_fu_8664_p2         |         -|   0|  0|  31|          24|          24|
    |tmp360_fu_8958_p2         |         -|   0|  0|  33|          26|          26|
    |tmp416_fu_8800_p2         |         -|   0|  0|  30|          23|          23|
    |tmp432_fu_8866_p2         |         -|   0|  0|  28|          21|          21|
    |tmp436_fu_9532_p2         |         -|   0|  0|  30|          23|          23|
    |tmp51_fu_4136_p2          |         -|   0|  0|  24|          17|          17|
    |tmp52_fu_4146_p2          |         -|   0|  0|  25|          18|          18|
    |tmp55_fu_4172_p2          |         -|   0|  0|  19|          19|          19|
    |tmp57_fu_4184_p2          |         -|   0|  0|  19|          19|          19|
    |tmp58_fu_4214_p2          |         -|   0|  0|  24|          24|          24|
    |tmp63_fu_4220_p2          |         -|   0|  0|  24|          17|          17|
    |tmp64_fu_4230_p2          |         -|   0|  0|  25|          18|          18|
    |tmp67_fu_4256_p2          |         -|   0|  0|  19|          19|          19|
    |tmp68_fu_4262_p2          |         -|   0|  0|  19|          19|          19|
    |tmp6_fu_3870_p2           |         -|   0|  0|  18|          18|          18|
    |tmp75_fu_4274_p2          |         -|   0|  0|  24|          17|          17|
    |tmp76_fu_4284_p2          |         -|   0|  0|  25|          18|          18|
    |tmp79_fu_4310_p2          |         -|   0|  0|  19|          19|          19|
    |tmp80_fu_4316_p2          |         -|   0|  0|  19|          19|          19|
    |tmp88_fu_8389_p2          |         -|   0|  0|  26|          26|          26|
    |tmp8_fu_3886_p2           |         -|   0|  0|  19|          19|          19|
    |tmp94_fu_4384_p2          |         -|   0|  0|  18|          18|          18|
    |tmp9_fu_3892_p2           |         -|   0|  0|  19|          19|          19|
    |ap_enable_pp0             |       xor|   0|  0|   2|           1|           2|
    +--------------------------+----------+----+---+----+------------+------------+
    |Total                     |          |   0|  0|7369|        5929|        6109|
    +--------------------------+----------+----+---+----+------------+------------+

    * Multiplexer: 
    N/A

    * Register: 
    +-----------------------------------------------------+-----+----+-----+-----------+
    |                         Name                        |  FF | LUT| Bits| Const Bits|
    +-----------------------------------------------------+-----+----+-----+-----------+
    |add_ln27_103_reg_11422                               |   26|   0|   26|          0|
    |add_ln27_106_reg_10982                               |   24|   0|   24|          0|
    |add_ln27_109_reg_10987                               |   22|   0|   22|          0|
    |add_ln27_111_reg_11312                               |   25|   0|   25|          0|
    |add_ln27_111_reg_11312_pp0_iter4_reg                 |   25|   0|   25|          0|
    |add_ln27_112_reg_10992                               |   23|   0|   25|          2|
    |add_ln27_114_reg_11317                               |   26|   0|   26|          0|
    |add_ln27_114_reg_11317_pp0_iter4_reg                 |   26|   0|   26|          0|
    |add_ln27_115_reg_11322                               |   25|   0|   25|          0|
    |add_ln27_115_reg_11322_pp0_iter4_reg                 |   25|   0|   25|          0|
    |add_ln27_120_reg_11437                               |   28|   0|   28|          0|
    |add_ln27_120_reg_11437_pp0_iter6_reg                 |   28|   0|   28|          0|
    |add_ln27_12_reg_11347                                |   28|   0|   28|          0|
    |add_ln27_16_reg_11227                                |   25|   0|   25|          0|
    |add_ln27_19_reg_11357                                |   28|   0|   28|          0|
    |add_ln27_22_reg_11362                                |   27|   0|   27|          0|
    |add_ln27_29_reg_11372                                |   28|   0|   28|          0|
    |add_ln27_2_reg_10962                                 |   18|   0|   18|          0|
    |add_ln27_2_reg_10962_pp0_iter1_reg                   |   18|   0|   18|          0|
    |add_ln27_34_reg_11242                                |   28|   0|   28|          0|
    |add_ln27_34_reg_11242_pp0_iter4_reg                  |   28|   0|   28|          0|
    |add_ln27_35_reg_11247                                |   26|   0|   26|          0|
    |add_ln27_35_reg_11247_pp0_iter4_reg                  |   26|   0|   26|          0|
    |add_ln27_3_reg_11327                                 |   30|   0|   30|          0|
    |add_ln27_44_reg_11382                                |   27|   0|   27|          0|
    |add_ln27_44_reg_11382_pp0_iter5_reg                  |   27|   0|   27|          0|
    |add_ln27_49_reg_11387                                |   27|   0|   27|          0|
    |add_ln27_49_reg_11387_pp0_iter5_reg                  |   27|   0|   27|          0|
    |add_ln27_51_reg_11257                                |   26|   0|   26|          0|
    |add_ln27_55_reg_11267                                |   25|   0|   25|          0|
    |add_ln27_59_reg_11392                                |   28|   0|   28|          0|
    |add_ln27_59_reg_11392_pp0_iter5_reg                  |   28|   0|   28|          0|
    |add_ln27_62_reg_11397                                |   25|   0|   25|          0|
    |add_ln27_65_reg_11277                                |   25|   0|   25|          0|
    |add_ln27_66_reg_11402                                |   26|   0|   26|          0|
    |add_ln27_71_reg_11282                                |   26|   0|   26|          0|
    |add_ln27_73_reg_11287                                |   26|   0|   26|          0|
    |add_ln27_75_reg_11407                                |   27|   0|   27|          0|
    |add_ln27_77_reg_11412                                |   24|   0|   24|          0|
    |add_ln27_7_reg_11337                                 |   29|   0|   29|          0|
    |add_ln27_80_reg_11292                                |   25|   0|   25|          0|
    |add_ln27_82_reg_10967                                |   21|   0|   25|          4|
    |add_ln27_82_reg_10967_pp0_iter1_reg                  |   21|   0|   25|          4|
    |add_ln27_87_reg_11297                                |   27|   0|   27|          0|
    |add_ln27_90_reg_11417                                |   24|   0|   24|          0|
    |add_ln27_92_reg_10972                                |   23|   0|   23|          0|
    |add_ln27_94_reg_11302                                |   25|   0|   25|          0|
    |add_ln27_98_reg_11307                                |   25|   0|   25|          0|
    |add_ln27_99_reg_10977                                |   23|   0|   23|          0|
    |ap_CS_fsm                                            |    1|   0|    1|          0|
    |ap_enable_reg_pp0_iter1                              |    1|   0|    1|          0|
    |ap_enable_reg_pp0_iter2                              |    1|   0|    1|          0|
    |ap_enable_reg_pp0_iter3                              |    1|   0|    1|          0|
    |ap_enable_reg_pp0_iter4                              |    1|   0|    1|          0|
    |ap_enable_reg_pp0_iter5                              |    1|   0|    1|          0|
    |ap_enable_reg_pp0_iter6                              |    1|   0|    1|          0|
    |ap_enable_reg_pp0_iter7                              |    1|   0|    1|          0|
    |p_ZL12H_filter_FIR_0                                 |   16|   0|   16|          0|
    |p_ZL12H_filter_FIR_1                                 |   16|   0|   16|          0|
    |p_ZL12H_filter_FIR_10                                |   16|   0|   16|          0|
    |p_ZL12H_filter_FIR_100                               |   16|   0|   16|          0|
    |p_ZL12H_filter_FIR_100_load_reg_10729                |   16|   0|   16|          0|
    |p_ZL12H_filter_FIR_101                               |   16|   0|   16|          0|
    |p_ZL12H_filter_FIR_102                               |   16|   0|   16|          0|
    |p_ZL12H_filter_FIR_103                               |   16|   0|   16|          0|
    |p_ZL12H_filter_FIR_104                               |   16|   0|   16|          0|
    |p_ZL12H_filter_FIR_105                               |   16|   0|   16|          0|
    |p_ZL12H_filter_FIR_106                               |   16|   0|   16|          0|
    |p_ZL12H_filter_FIR_106_load_reg_10724                |   16|   0|   16|          0|
    |p_ZL12H_filter_FIR_107                               |   16|   0|   16|          0|
    |p_ZL12H_filter_FIR_108                               |   16|   0|   16|          0|
    |p_ZL12H_filter_FIR_109                               |   16|   0|   16|          0|
    |p_ZL12H_filter_FIR_11                                |   16|   0|   16|          0|
    |p_ZL12H_filter_FIR_110                               |   16|   0|   16|          0|
    |p_ZL12H_filter_FIR_111                               |   16|   0|   16|          0|
    |p_ZL12H_filter_FIR_112                               |   16|   0|   16|          0|
    |p_ZL12H_filter_FIR_113                               |   16|   0|   16|          0|
    |p_ZL12H_filter_FIR_113_load_reg_10719                |   16|   0|   16|          0|
    |p_ZL12H_filter_FIR_114                               |   16|   0|   16|          0|
    |p_ZL12H_filter_FIR_115                               |   16|   0|   16|          0|
    |p_ZL12H_filter_FIR_115_load_reg_10714                |   16|   0|   16|          0|
    |p_ZL12H_filter_FIR_116                               |   16|   0|   16|          0|
    |p_ZL12H_filter_FIR_117                               |   16|   0|   16|          0|
    |p_ZL12H_filter_FIR_118                               |   16|   0|   16|          0|
    |p_ZL12H_filter_FIR_118_load_reg_10709                |   16|   0|   16|          0|
    |p_ZL12H_filter_FIR_119                               |   16|   0|   16|          0|
    |p_ZL12H_filter_FIR_12                                |   16|   0|   16|          0|
    |p_ZL12H_filter_FIR_120                               |   16|   0|   16|          0|
    |p_ZL12H_filter_FIR_121                               |   16|   0|   16|          0|
    |p_ZL12H_filter_FIR_122                               |   16|   0|   16|          0|
    |p_ZL12H_filter_FIR_123                               |   16|   0|   16|          0|
    |p_ZL12H_filter_FIR_123_load_reg_10704                |   16|   0|   16|          0|
    |p_ZL12H_filter_FIR_124                               |   16|   0|   16|          0|
    |p_ZL12H_filter_FIR_125                               |   16|   0|   16|          0|
    |p_ZL12H_filter_FIR_126                               |   16|   0|   16|          0|
    |p_ZL12H_filter_FIR_127                               |   16|   0|   16|          0|
    |p_ZL12H_filter_FIR_128                               |   16|   0|   16|          0|
    |p_ZL12H_filter_FIR_129                               |   16|   0|   16|          0|
    |p_ZL12H_filter_FIR_13                                |   16|   0|   16|          0|
    |p_ZL12H_filter_FIR_130                               |   16|   0|   16|          0|
    |p_ZL12H_filter_FIR_130_load_reg_10699                |   16|   0|   16|          0|
    |p_ZL12H_filter_FIR_131                               |   16|   0|   16|          0|
    |p_ZL12H_filter_FIR_132                               |   16|   0|   16|          0|
    |p_ZL12H_filter_FIR_133                               |   16|   0|   16|          0|
    |p_ZL12H_filter_FIR_134                               |   16|   0|   16|          0|
    |p_ZL12H_filter_FIR_135                               |   16|   0|   16|          0|
    |p_ZL12H_filter_FIR_136                               |   16|   0|   16|          0|
    |p_ZL12H_filter_FIR_137                               |   16|   0|   16|          0|
    |p_ZL12H_filter_FIR_138                               |   16|   0|   16|          0|
    |p_ZL12H_filter_FIR_139                               |   16|   0|   16|          0|
    |p_ZL12H_filter_FIR_14                                |   16|   0|   16|          0|
    |p_ZL12H_filter_FIR_140                               |   16|   0|   16|          0|
    |p_ZL12H_filter_FIR_140_load_reg_10694                |   16|   0|   16|          0|
    |p_ZL12H_filter_FIR_141                               |   16|   0|   16|          0|
    |p_ZL12H_filter_FIR_142                               |   16|   0|   16|          0|
    |p_ZL12H_filter_FIR_142_load_reg_10689                |   16|   0|   16|          0|
    |p_ZL12H_filter_FIR_143                               |   16|   0|   16|          0|
    |p_ZL12H_filter_FIR_144                               |   16|   0|   16|          0|
    |p_ZL12H_filter_FIR_145                               |   16|   0|   16|          0|
    |p_ZL12H_filter_FIR_145_load_reg_10684                |   16|   0|   16|          0|
    |p_ZL12H_filter_FIR_146                               |   16|   0|   16|          0|
    |p_ZL12H_filter_FIR_147                               |   16|   0|   16|          0|
    |p_ZL12H_filter_FIR_148                               |   16|   0|   16|          0|
    |p_ZL12H_filter_FIR_149                               |   16|   0|   16|          0|
    |p_ZL12H_filter_FIR_149_load_reg_10679                |   16|   0|   16|          0|
    |p_ZL12H_filter_FIR_15                                |   16|   0|   16|          0|
    |p_ZL12H_filter_FIR_150                               |   16|   0|   16|          0|
    |p_ZL12H_filter_FIR_151                               |   16|   0|   16|          0|
    |p_ZL12H_filter_FIR_151_load_reg_10674                |   16|   0|   16|          0|
    |p_ZL12H_filter_FIR_152                               |   16|   0|   16|          0|
    |p_ZL12H_filter_FIR_152_load_reg_10669                |   16|   0|   16|          0|
    |p_ZL12H_filter_FIR_153                               |   16|   0|   16|          0|
    |p_ZL12H_filter_FIR_154                               |   16|   0|   16|          0|
    |p_ZL12H_filter_FIR_154_load_reg_10664                |   16|   0|   16|          0|
    |p_ZL12H_filter_FIR_154_load_reg_10664_pp0_iter1_reg  |   16|   0|   16|          0|
    |p_ZL12H_filter_FIR_155                               |   16|   0|   16|          0|
    |p_ZL12H_filter_FIR_156                               |   16|   0|   16|          0|
    |p_ZL12H_filter_FIR_157                               |   16|   0|   16|          0|
    |p_ZL12H_filter_FIR_158                               |   16|   0|   16|          0|
    |p_ZL12H_filter_FIR_159                               |   16|   0|   16|          0|
    |p_ZL12H_filter_FIR_16                                |   16|   0|   16|          0|
    |p_ZL12H_filter_FIR_160                               |   16|   0|   16|          0|
    |p_ZL12H_filter_FIR_161                               |   16|   0|   16|          0|
    |p_ZL12H_filter_FIR_162                               |   16|   0|   16|          0|
    |p_ZL12H_filter_FIR_163                               |   16|   0|   16|          0|
    |p_ZL12H_filter_FIR_164                               |   16|   0|   16|          0|
    |p_ZL12H_filter_FIR_165                               |   16|   0|   16|          0|
    |p_ZL12H_filter_FIR_166                               |   16|   0|   16|          0|
    |p_ZL12H_filter_FIR_167                               |   16|   0|   16|          0|
    |p_ZL12H_filter_FIR_167_load_reg_10659                |   16|   0|   16|          0|
    |p_ZL12H_filter_FIR_168                               |   16|   0|   16|          0|
    |p_ZL12H_filter_FIR_168_load_reg_10654                |   16|   0|   16|          0|
    |p_ZL12H_filter_FIR_169                               |   16|   0|   16|          0|
    |p_ZL12H_filter_FIR_17                                |   16|   0|   16|          0|
    |p_ZL12H_filter_FIR_170                               |   16|   0|   16|          0|
    |p_ZL12H_filter_FIR_171                               |   16|   0|   16|          0|
    |p_ZL12H_filter_FIR_171_load_reg_10649                |   16|   0|   16|          0|
    |p_ZL12H_filter_FIR_172                               |   16|   0|   16|          0|
    |p_ZL12H_filter_FIR_173                               |   16|   0|   16|          0|
    |p_ZL12H_filter_FIR_173_load_reg_10644                |   16|   0|   16|          0|
    |p_ZL12H_filter_FIR_173_load_reg_10644_pp0_iter1_reg  |   16|   0|   16|          0|
    |p_ZL12H_filter_FIR_174                               |   16|   0|   16|          0|
    |p_ZL12H_filter_FIR_174_load_reg_10639                |   16|   0|   16|          0|
    |p_ZL12H_filter_FIR_175                               |   16|   0|   16|          0|
    |p_ZL12H_filter_FIR_176                               |   16|   0|   16|          0|
    |p_ZL12H_filter_FIR_177                               |   16|   0|   16|          0|
    |p_ZL12H_filter_FIR_178                               |   16|   0|   16|          0|
    |p_ZL12H_filter_FIR_178_load_reg_10634                |   16|   0|   16|          0|
    |p_ZL12H_filter_FIR_179                               |   16|   0|   16|          0|
    |p_ZL12H_filter_FIR_18                                |   16|   0|   16|          0|
    |p_ZL12H_filter_FIR_180                               |   16|   0|   16|          0|
    |p_ZL12H_filter_FIR_181                               |   16|   0|   16|          0|
    |p_ZL12H_filter_FIR_181_load_reg_10629                |   16|   0|   16|          0|
    |p_ZL12H_filter_FIR_182                               |   16|   0|   16|          0|
    |p_ZL12H_filter_FIR_183                               |   16|   0|   16|          0|
    |p_ZL12H_filter_FIR_183_load_reg_10624                |   16|   0|   16|          0|
    |p_ZL12H_filter_FIR_183_load_reg_10624_pp0_iter1_reg  |   16|   0|   16|          0|
    |p_ZL12H_filter_FIR_184                               |   16|   0|   16|          0|
    |p_ZL12H_filter_FIR_184_load_reg_10619                |   16|   0|   16|          0|
    |p_ZL12H_filter_FIR_185                               |   16|   0|   16|          0|
    |p_ZL12H_filter_FIR_186                               |   16|   0|   16|          0|
    |p_ZL12H_filter_FIR_187                               |   16|   0|   16|          0|
    |p_ZL12H_filter_FIR_187_load_reg_10614                |   16|   0|   16|          0|
    |p_ZL12H_filter_FIR_188                               |   16|   0|   16|          0|
    |p_ZL12H_filter_FIR_188_load_reg_10609                |   16|   0|   16|          0|
    |p_ZL12H_filter_FIR_188_load_reg_10609_pp0_iter1_reg  |   16|   0|   16|          0|
    |p_ZL12H_filter_FIR_189                               |   16|   0|   16|          0|
    |p_ZL12H_filter_FIR_189_load_reg_10604                |   16|   0|   16|          0|
    |p_ZL12H_filter_FIR_19                                |   16|   0|   16|          0|
    |p_ZL12H_filter_FIR_190                               |   16|   0|   16|          0|
    |p_ZL12H_filter_FIR_191                               |   16|   0|   16|          0|
    |p_ZL12H_filter_FIR_191_load_reg_10599                |   16|   0|   16|          0|
    |p_ZL12H_filter_FIR_192                               |   16|   0|   16|          0|
    |p_ZL12H_filter_FIR_193                               |   16|   0|   16|          0|
    |p_ZL12H_filter_FIR_193_load_reg_10594                |   16|   0|   16|          0|
    |p_ZL12H_filter_FIR_193_load_reg_10594_pp0_iter1_reg  |   16|   0|   16|          0|
    |p_ZL12H_filter_FIR_194                               |   16|   0|   16|          0|
    |p_ZL12H_filter_FIR_194_load_reg_10589                |   16|   0|   16|          0|
    |p_ZL12H_filter_FIR_195                               |   16|   0|   16|          0|
    |p_ZL12H_filter_FIR_196                               |   16|   0|   16|          0|
    |p_ZL12H_filter_FIR_197                               |   16|   0|   16|          0|
    |p_ZL12H_filter_FIR_197_load_reg_10584                |   16|   0|   16|          0|
    |p_ZL12H_filter_FIR_198                               |   16|   0|   16|          0|
    |p_ZL12H_filter_FIR_198_load_reg_10579                |   16|   0|   16|          0|
    |p_ZL12H_filter_FIR_198_load_reg_10579_pp0_iter1_reg  |   16|   0|   16|          0|
    |p_ZL12H_filter_FIR_199                               |   16|   0|   16|          0|
    |p_ZL12H_filter_FIR_1_load_reg_10754                  |   16|   0|   16|          0|
    |p_ZL12H_filter_FIR_2                                 |   16|   0|   16|          0|
    |p_ZL12H_filter_FIR_20                                |   16|   0|   16|          0|
    |p_ZL12H_filter_FIR_200                               |   16|   0|   16|          0|
    |p_ZL12H_filter_FIR_200_load_reg_10574                |   16|   0|   16|          0|
    |p_ZL12H_filter_FIR_201                               |   16|   0|   16|          0|
    |p_ZL12H_filter_FIR_202                               |   16|   0|   16|          0|
    |p_ZL12H_filter_FIR_202_load_reg_10569                |   16|   0|   16|          0|
    |p_ZL12H_filter_FIR_203                               |   16|   0|   16|          0|
    |p_ZL12H_filter_FIR_203_load_reg_10564                |   16|   0|   16|          0|
    |p_ZL12H_filter_FIR_203_load_reg_10564_pp0_iter1_reg  |   16|   0|   16|          0|
    |p_ZL12H_filter_FIR_204                               |   16|   0|   16|          0|
    |p_ZL12H_filter_FIR_204_load_reg_10559                |   16|   0|   16|          0|
    |p_ZL12H_filter_FIR_205                               |   16|   0|   16|          0|
    |p_ZL12H_filter_FIR_206                               |   16|   0|   16|          0|
    |p_ZL12H_filter_FIR_207                               |   16|   0|   16|          0|
    |p_ZL12H_filter_FIR_207_load_reg_10554                |   16|   0|   16|          0|
    |p_ZL12H_filter_FIR_208                               |   16|   0|   16|          0|
    |p_ZL12H_filter_FIR_208_load_reg_10549                |   16|   0|   16|          0|
    |p_ZL12H_filter_FIR_208_load_reg_10549_pp0_iter1_reg  |   16|   0|   16|          0|
    |p_ZL12H_filter_FIR_209                               |   16|   0|   16|          0|
    |p_ZL12H_filter_FIR_21                                |   16|   0|   16|          0|
    |p_ZL12H_filter_FIR_210                               |   16|   0|   16|          0|
    |p_ZL12H_filter_FIR_210_load_reg_10544                |   16|   0|   16|          0|
    |p_ZL12H_filter_FIR_211                               |   16|   0|   16|          0|
    |p_ZL12H_filter_FIR_212                               |   16|   0|   16|          0|
    |p_ZL12H_filter_FIR_213                               |   16|   0|   16|          0|
    |p_ZL12H_filter_FIR_213_load_reg_10539                |   16|   0|   16|          0|
    |p_ZL12H_filter_FIR_214                               |   16|   0|   16|          0|
    |p_ZL12H_filter_FIR_215                               |   16|   0|   16|          0|
    |p_ZL12H_filter_FIR_216                               |   16|   0|   16|          0|
    |p_ZL12H_filter_FIR_217                               |   16|   0|   16|          0|
    |p_ZL12H_filter_FIR_217_load_reg_10534                |   16|   0|   16|          0|
    |p_ZL12H_filter_FIR_218                               |   16|   0|   16|          0|
    |p_ZL12H_filter_FIR_218_load_reg_10529                |   16|   0|   16|          0|
    |p_ZL12H_filter_FIR_218_load_reg_10529_pp0_iter1_reg  |   16|   0|   16|          0|
    |p_ZL12H_filter_FIR_219                               |   16|   0|   16|          0|
    |p_ZL12H_filter_FIR_22                                |   16|   0|   16|          0|
    |p_ZL12H_filter_FIR_220                               |   16|   0|   16|          0|
    |p_ZL12H_filter_FIR_220_load_reg_10524                |   16|   0|   16|          0|
    |p_ZL12H_filter_FIR_221                               |   16|   0|   16|          0|
    |p_ZL12H_filter_FIR_222                               |   16|   0|   16|          0|
    |p_ZL12H_filter_FIR_223                               |   16|   0|   16|          0|
    |p_ZL12H_filter_FIR_223_load_reg_10519                |   16|   0|   16|          0|
    |p_ZL12H_filter_FIR_224                               |   16|   0|   16|          0|
    |p_ZL12H_filter_FIR_224_load_reg_10514                |   16|   0|   16|          0|
    |p_ZL12H_filter_FIR_225                               |   16|   0|   16|          0|
    |p_ZL12H_filter_FIR_226                               |   16|   0|   16|          0|
    |p_ZL12H_filter_FIR_227                               |   16|   0|   16|          0|
    |p_ZL12H_filter_FIR_228                               |   16|   0|   16|          0|
    |p_ZL12H_filter_FIR_229                               |   16|   0|   16|          0|
    |p_ZL12H_filter_FIR_22_load_reg_10749                 |   16|   0|   16|          0|
    |p_ZL12H_filter_FIR_23                                |   16|   0|   16|          0|
    |p_ZL12H_filter_FIR_230                               |   16|   0|   16|          0|
    |p_ZL12H_filter_FIR_231                               |   16|   0|   16|          0|
    |p_ZL12H_filter_FIR_232                               |   16|   0|   16|          0|
    |p_ZL12H_filter_FIR_233                               |   16|   0|   16|          0|
    |p_ZL12H_filter_FIR_234                               |   16|   0|   16|          0|
    |p_ZL12H_filter_FIR_235                               |   16|   0|   16|          0|
    |p_ZL12H_filter_FIR_236                               |   16|   0|   16|          0|
    |p_ZL12H_filter_FIR_237                               |   16|   0|   16|          0|
    |p_ZL12H_filter_FIR_237_load_reg_10509                |   16|   0|   16|          0|
    |p_ZL12H_filter_FIR_237_load_reg_10509_pp0_iter1_reg  |   16|   0|   16|          0|
    |p_ZL12H_filter_FIR_238                               |   16|   0|   16|          0|
    |p_ZL12H_filter_FIR_239                               |   16|   0|   16|          0|
    |p_ZL12H_filter_FIR_239_load_reg_10504                |   16|   0|   16|          0|
    |p_ZL12H_filter_FIR_24                                |   16|   0|   16|          0|
    |p_ZL12H_filter_FIR_240                               |   16|   0|   16|          0|
    |p_ZL12H_filter_FIR_240_load_reg_10499                |   16|   0|   16|          0|
    |p_ZL12H_filter_FIR_241                               |   16|   0|   16|          0|
    |p_ZL12H_filter_FIR_242                               |   16|   0|   16|          0|
    |p_ZL12H_filter_FIR_243                               |   16|   0|   16|          0|
    |p_ZL12H_filter_FIR_244                               |   16|   0|   16|          0|
    |p_ZL12H_filter_FIR_245                               |   16|   0|   16|          0|
    |p_ZL12H_filter_FIR_246                               |   16|   0|   16|          0|
    |p_ZL12H_filter_FIR_246_load_reg_10494                |   16|   0|   16|          0|
    |p_ZL12H_filter_FIR_247                               |   16|   0|   16|          0|
    |p_ZL12H_filter_FIR_248                               |   16|   0|   16|          0|
    |p_ZL12H_filter_FIR_249                               |   16|   0|   16|          0|
    |p_ZL12H_filter_FIR_249_load_reg_10489                |   16|   0|   16|          0|
    |p_ZL12H_filter_FIR_25                                |   16|   0|   16|          0|
    |p_ZL12H_filter_FIR_250                               |   16|   0|   16|          0|
    |p_ZL12H_filter_FIR_251                               |   16|   0|   16|          0|
    |p_ZL12H_filter_FIR_251_load_reg_10484                |   16|   0|   16|          0|
    |p_ZL12H_filter_FIR_252                               |   16|   0|   16|          0|
    |p_ZL12H_filter_FIR_253                               |   16|   0|   16|          0|
    |p_ZL12H_filter_FIR_254                               |   16|   0|   16|          0|
    |p_ZL12H_filter_FIR_255                               |   16|   0|   16|          0|
    |p_ZL12H_filter_FIR_256                               |   16|   0|   16|          0|
    |p_ZL12H_filter_FIR_257                               |   16|   0|   16|          0|
    |p_ZL12H_filter_FIR_258                               |   16|   0|   16|          0|
    |p_ZL12H_filter_FIR_259                               |   16|   0|   16|          0|
    |p_ZL12H_filter_FIR_26                                |   16|   0|   16|          0|
    |p_ZL12H_filter_FIR_260                               |   16|   0|   16|          0|
    |p_ZL12H_filter_FIR_261                               |   16|   0|   16|          0|
    |p_ZL12H_filter_FIR_261_load_reg_10479                |   16|   0|   16|          0|
    |p_ZL12H_filter_FIR_262                               |   16|   0|   16|          0|
    |p_ZL12H_filter_FIR_263                               |   16|   0|   16|          0|
    |p_ZL12H_filter_FIR_264                               |   16|   0|   16|          0|
    |p_ZL12H_filter_FIR_265                               |   16|   0|   16|          0|
    |p_ZL12H_filter_FIR_266                               |   16|   0|   16|          0|
    |p_ZL12H_filter_FIR_267                               |   16|   0|   16|          0|
    |p_ZL12H_filter_FIR_268                               |   16|   0|   16|          0|
    |p_ZL12H_filter_FIR_268_load_reg_10474                |   16|   0|   16|          0|
    |p_ZL12H_filter_FIR_269                               |   16|   0|   16|          0|
    |p_ZL12H_filter_FIR_27                                |   16|   0|   16|          0|
    |p_ZL12H_filter_FIR_270                               |   16|   0|   16|          0|
    |p_ZL12H_filter_FIR_271                               |   16|   0|   16|          0|
    |p_ZL12H_filter_FIR_272                               |   16|   0|   16|          0|
    |p_ZL12H_filter_FIR_273                               |   16|   0|   16|          0|
    |p_ZL12H_filter_FIR_274                               |   16|   0|   16|          0|
    |p_ZL12H_filter_FIR_275                               |   16|   0|   16|          0|
    |p_ZL12H_filter_FIR_276                               |   16|   0|   16|          0|
    |p_ZL12H_filter_FIR_276_load_reg_10469                |   16|   0|   16|          0|
    |p_ZL12H_filter_FIR_277                               |   16|   0|   16|          0|
    |p_ZL12H_filter_FIR_278                               |   16|   0|   16|          0|
    |p_ZL12H_filter_FIR_278_load_reg_10464                |   16|   0|   16|          0|
    |p_ZL12H_filter_FIR_279                               |   16|   0|   16|          0|
    |p_ZL12H_filter_FIR_28                                |   16|   0|   16|          0|
    |p_ZL12H_filter_FIR_280                               |   16|   0|   16|          0|
    |p_ZL12H_filter_FIR_281                               |   16|   0|   16|          0|
    |p_ZL12H_filter_FIR_282                               |   16|   0|   16|          0|
    |p_ZL12H_filter_FIR_283                               |   16|   0|   16|          0|
    |p_ZL12H_filter_FIR_284                               |   16|   0|   16|          0|
    |p_ZL12H_filter_FIR_285                               |   16|   0|   16|          0|
    |p_ZL12H_filter_FIR_285_load_reg_10459                |   16|   0|   16|          0|
    |p_ZL12H_filter_FIR_286                               |   16|   0|   16|          0|
    |p_ZL12H_filter_FIR_287                               |   16|   0|   16|          0|
    |p_ZL12H_filter_FIR_288                               |   16|   0|   16|          0|
    |p_ZL12H_filter_FIR_289                               |   16|   0|   16|          0|
    |p_ZL12H_filter_FIR_29                                |   16|   0|   16|          0|
    |p_ZL12H_filter_FIR_290                               |   16|   0|   16|          0|
    |p_ZL12H_filter_FIR_291                               |   16|   0|   16|          0|
    |p_ZL12H_filter_FIR_291_load_reg_10454                |   16|   0|   16|          0|
    |p_ZL12H_filter_FIR_292                               |   16|   0|   16|          0|
    |p_ZL12H_filter_FIR_293                               |   16|   0|   16|          0|
    |p_ZL12H_filter_FIR_294                               |   16|   0|   16|          0|
    |p_ZL12H_filter_FIR_295                               |   16|   0|   16|          0|
    |p_ZL12H_filter_FIR_296                               |   16|   0|   16|          0|
    |p_ZL12H_filter_FIR_297                               |   16|   0|   16|          0|
    |p_ZL12H_filter_FIR_298                               |   16|   0|   16|          0|
    |p_ZL12H_filter_FIR_299                               |   16|   0|   16|          0|
    |p_ZL12H_filter_FIR_3                                 |   16|   0|   16|          0|
    |p_ZL12H_filter_FIR_30                                |   16|   0|   16|          0|
    |p_ZL12H_filter_FIR_300                               |   16|   0|   16|          0|
    |p_ZL12H_filter_FIR_301                               |   16|   0|   16|          0|
    |p_ZL12H_filter_FIR_302                               |   16|   0|   16|          0|
    |p_ZL12H_filter_FIR_303                               |   16|   0|   16|          0|
    |p_ZL12H_filter_FIR_304                               |   16|   0|   16|          0|
    |p_ZL12H_filter_FIR_305                               |   16|   0|   16|          0|
    |p_ZL12H_filter_FIR_306                               |   16|   0|   16|          0|
    |p_ZL12H_filter_FIR_307                               |   16|   0|   16|          0|
    |p_ZL12H_filter_FIR_307_load_reg_10449                |   16|   0|   16|          0|
    |p_ZL12H_filter_FIR_308                               |   16|   0|   16|          0|
    |p_ZL12H_filter_FIR_309                               |   16|   0|   16|          0|
    |p_ZL12H_filter_FIR_31                                |   16|   0|   16|          0|
    |p_ZL12H_filter_FIR_310                               |   16|   0|   16|          0|
    |p_ZL12H_filter_FIR_311                               |   16|   0|   16|          0|
    |p_ZL12H_filter_FIR_312                               |   16|   0|   16|          0|
    |p_ZL12H_filter_FIR_313                               |   16|   0|   16|          0|
    |p_ZL12H_filter_FIR_314                               |   16|   0|   16|          0|
    |p_ZL12H_filter_FIR_315                               |   16|   0|   16|          0|
    |p_ZL12H_filter_FIR_316                               |   16|   0|   16|          0|
    |p_ZL12H_filter_FIR_317                               |   16|   0|   16|          0|
    |p_ZL12H_filter_FIR_318                               |   16|   0|   16|          0|
    |p_ZL12H_filter_FIR_319                               |   16|   0|   16|          0|
    |p_ZL12H_filter_FIR_32                                |   16|   0|   16|          0|
    |p_ZL12H_filter_FIR_320                               |   16|   0|   16|          0|
    |p_ZL12H_filter_FIR_321                               |   16|   0|   16|          0|
    |p_ZL12H_filter_FIR_322                               |   16|   0|   16|          0|
    |p_ZL12H_filter_FIR_323                               |   16|   0|   16|          0|
    |p_ZL12H_filter_FIR_324                               |   16|   0|   16|          0|
    |p_ZL12H_filter_FIR_325                               |   16|   0|   16|          0|
    |p_ZL12H_filter_FIR_326                               |   16|   0|   16|          0|
    |p_ZL12H_filter_FIR_327                               |   16|   0|   16|          0|
    |p_ZL12H_filter_FIR_328                               |   16|   0|   16|          0|
    |p_ZL12H_filter_FIR_329                               |   16|   0|   16|          0|
    |p_ZL12H_filter_FIR_33                                |   16|   0|   16|          0|
    |p_ZL12H_filter_FIR_330                               |   16|   0|   16|          0|
    |p_ZL12H_filter_FIR_331                               |   16|   0|   16|          0|
    |p_ZL12H_filter_FIR_332                               |   16|   0|   16|          0|
    |p_ZL12H_filter_FIR_333                               |   16|   0|   16|          0|
    |p_ZL12H_filter_FIR_334                               |   16|   0|   16|          0|
    |p_ZL12H_filter_FIR_335                               |   16|   0|   16|          0|
    |p_ZL12H_filter_FIR_336                               |   16|   0|   16|          0|
    |p_ZL12H_filter_FIR_337                               |   16|   0|   16|          0|
    |p_ZL12H_filter_FIR_338                               |   16|   0|   16|          0|
    |p_ZL12H_filter_FIR_339                               |   16|   0|   16|          0|
    |p_ZL12H_filter_FIR_34                                |   16|   0|   16|          0|
    |p_ZL12H_filter_FIR_340                               |   16|   0|   16|          0|
    |p_ZL12H_filter_FIR_341                               |   16|   0|   16|          0|
    |p_ZL12H_filter_FIR_342                               |   16|   0|   16|          0|
    |p_ZL12H_filter_FIR_343                               |   16|   0|   16|          0|
    |p_ZL12H_filter_FIR_344                               |   16|   0|   16|          0|
    |p_ZL12H_filter_FIR_345                               |   16|   0|   16|          0|
    |p_ZL12H_filter_FIR_346                               |   16|   0|   16|          0|
    |p_ZL12H_filter_FIR_347                               |   16|   0|   16|          0|
    |p_ZL12H_filter_FIR_348                               |   16|   0|   16|          0|
    |p_ZL12H_filter_FIR_349                               |   16|   0|   16|          0|
    |p_ZL12H_filter_FIR_35                                |   16|   0|   16|          0|
    |p_ZL12H_filter_FIR_350                               |   16|   0|   16|          0|
    |p_ZL12H_filter_FIR_351                               |   16|   0|   16|          0|
    |p_ZL12H_filter_FIR_352                               |   16|   0|   16|          0|
    |p_ZL12H_filter_FIR_353                               |   16|   0|   16|          0|
    |p_ZL12H_filter_FIR_354                               |   16|   0|   16|          0|
    |p_ZL12H_filter_FIR_355                               |   16|   0|   16|          0|
    |p_ZL12H_filter_FIR_356                               |   16|   0|   16|          0|
    |p_ZL12H_filter_FIR_357                               |   16|   0|   16|          0|
    |p_ZL12H_filter_FIR_358                               |   16|   0|   16|          0|
    |p_ZL12H_filter_FIR_359                               |   16|   0|   16|          0|
    |p_ZL12H_filter_FIR_36                                |   16|   0|   16|          0|
    |p_ZL12H_filter_FIR_360                               |   16|   0|   16|          0|
    |p_ZL12H_filter_FIR_361                               |   16|   0|   16|          0|
    |p_ZL12H_filter_FIR_362                               |   16|   0|   16|          0|
    |p_ZL12H_filter_FIR_363                               |   16|   0|   16|          0|
    |p_ZL12H_filter_FIR_364                               |   16|   0|   16|          0|
    |p_ZL12H_filter_FIR_365                               |   16|   0|   16|          0|
    |p_ZL12H_filter_FIR_366                               |   16|   0|   16|          0|
    |p_ZL12H_filter_FIR_367                               |   16|   0|   16|          0|
    |p_ZL12H_filter_FIR_368                               |   16|   0|   16|          0|
    |p_ZL12H_filter_FIR_369                               |   16|   0|   16|          0|
    |p_ZL12H_filter_FIR_369_load_reg_10444                |   16|   0|   16|          0|
    |p_ZL12H_filter_FIR_37                                |   16|   0|   16|          0|
    |p_ZL12H_filter_FIR_370                               |   16|   0|   16|          0|
    |p_ZL12H_filter_FIR_371                               |   16|   0|   16|          0|
    |p_ZL12H_filter_FIR_372                               |   16|   0|   16|          0|
    |p_ZL12H_filter_FIR_373                               |   16|   0|   16|          0|
    |p_ZL12H_filter_FIR_374                               |   16|   0|   16|          0|
    |p_ZL12H_filter_FIR_375                               |   16|   0|   16|          0|
    |p_ZL12H_filter_FIR_376                               |   16|   0|   16|          0|
    |p_ZL12H_filter_FIR_377                               |   16|   0|   16|          0|
    |p_ZL12H_filter_FIR_378                               |   16|   0|   16|          0|
    |p_ZL12H_filter_FIR_379                               |   16|   0|   16|          0|
    |p_ZL12H_filter_FIR_38                                |   16|   0|   16|          0|
    |p_ZL12H_filter_FIR_380                               |   16|   0|   16|          0|
    |p_ZL12H_filter_FIR_381                               |   16|   0|   16|          0|
    |p_ZL12H_filter_FIR_382                               |   16|   0|   16|          0|
    |p_ZL12H_filter_FIR_383                               |   16|   0|   16|          0|
    |p_ZL12H_filter_FIR_384                               |   16|   0|   16|          0|
    |p_ZL12H_filter_FIR_385                               |   16|   0|   16|          0|
    |p_ZL12H_filter_FIR_386                               |   16|   0|   16|          0|
    |p_ZL12H_filter_FIR_387                               |   16|   0|   16|          0|
    |p_ZL12H_filter_FIR_388                               |   16|   0|   16|          0|
    |p_ZL12H_filter_FIR_389                               |   16|   0|   16|          0|
    |p_ZL12H_filter_FIR_39                                |   16|   0|   16|          0|
    |p_ZL12H_filter_FIR_390                               |   16|   0|   16|          0|
    |p_ZL12H_filter_FIR_4                                 |   16|   0|   16|          0|
    |p_ZL12H_filter_FIR_40                                |   16|   0|   16|          0|
    |p_ZL12H_filter_FIR_41                                |   16|   0|   16|          0|
    |p_ZL12H_filter_FIR_42                                |   16|   0|   16|          0|
    |p_ZL12H_filter_FIR_43                                |   16|   0|   16|          0|
    |p_ZL12H_filter_FIR_44                                |   16|   0|   16|          0|
    |p_ZL12H_filter_FIR_45                                |   16|   0|   16|          0|
    |p_ZL12H_filter_FIR_46                                |   16|   0|   16|          0|
    |p_ZL12H_filter_FIR_47                                |   16|   0|   16|          0|
    |p_ZL12H_filter_FIR_48                                |   16|   0|   16|          0|
    |p_ZL12H_filter_FIR_49                                |   16|   0|   16|          0|
    |p_ZL12H_filter_FIR_5                                 |   16|   0|   16|          0|
    |p_ZL12H_filter_FIR_50                                |   16|   0|   16|          0|
    |p_ZL12H_filter_FIR_51                                |   16|   0|   16|          0|
    |p_ZL12H_filter_FIR_52                                |   16|   0|   16|          0|
    |p_ZL12H_filter_FIR_53                                |   16|   0|   16|          0|
    |p_ZL12H_filter_FIR_54                                |   16|   0|   16|          0|
    |p_ZL12H_filter_FIR_55                                |   16|   0|   16|          0|
    |p_ZL12H_filter_FIR_56                                |   16|   0|   16|          0|
    |p_ZL12H_filter_FIR_56_load_reg_10744                 |   16|   0|   16|          0|
    |p_ZL12H_filter_FIR_57                                |   16|   0|   16|          0|
    |p_ZL12H_filter_FIR_58                                |   16|   0|   16|          0|
    |p_ZL12H_filter_FIR_59                                |   16|   0|   16|          0|
    |p_ZL12H_filter_FIR_6                                 |   16|   0|   16|          0|
    |p_ZL12H_filter_FIR_60                                |   16|   0|   16|          0|
    |p_ZL12H_filter_FIR_61                                |   16|   0|   16|          0|
    |p_ZL12H_filter_FIR_62                                |   16|   0|   16|          0|
    |p_ZL12H_filter_FIR_63                                |   16|   0|   16|          0|
    |p_ZL12H_filter_FIR_64                                |   16|   0|   16|          0|
    |p_ZL12H_filter_FIR_65                                |   16|   0|   16|          0|
    |p_ZL12H_filter_FIR_66                                |   16|   0|   16|          0|
    |p_ZL12H_filter_FIR_67                                |   16|   0|   16|          0|
    |p_ZL12H_filter_FIR_68                                |   16|   0|   16|          0|
    |p_ZL12H_filter_FIR_69                                |   16|   0|   16|          0|
    |p_ZL12H_filter_FIR_7                                 |   16|   0|   16|          0|
    |p_ZL12H_filter_FIR_70                                |   16|   0|   16|          0|
    |p_ZL12H_filter_FIR_71                                |   16|   0|   16|          0|
    |p_ZL12H_filter_FIR_72                                |   16|   0|   16|          0|
    |p_ZL12H_filter_FIR_73                                |   16|   0|   16|          0|
    |p_ZL12H_filter_FIR_74                                |   16|   0|   16|          0|
    |p_ZL12H_filter_FIR_75                                |   16|   0|   16|          0|
    |p_ZL12H_filter_FIR_76                                |   16|   0|   16|          0|
    |p_ZL12H_filter_FIR_77                                |   16|   0|   16|          0|
    |p_ZL12H_filter_FIR_78                                |   16|   0|   16|          0|
    |p_ZL12H_filter_FIR_79                                |   16|   0|   16|          0|
    |p_ZL12H_filter_FIR_8                                 |   16|   0|   16|          0|
    |p_ZL12H_filter_FIR_80                                |   16|   0|   16|          0|
    |p_ZL12H_filter_FIR_81                                |   16|   0|   16|          0|
    |p_ZL12H_filter_FIR_82                                |   16|   0|   16|          0|
    |p_ZL12H_filter_FIR_83                                |   16|   0|   16|          0|
    |p_ZL12H_filter_FIR_84                                |   16|   0|   16|          0|
    |p_ZL12H_filter_FIR_84_load_reg_10739                 |   16|   0|   16|          0|
    |p_ZL12H_filter_FIR_85                                |   16|   0|   16|          0|
    |p_ZL12H_filter_FIR_86                                |   16|   0|   16|          0|
    |p_ZL12H_filter_FIR_87                                |   16|   0|   16|          0|
    |p_ZL12H_filter_FIR_87_load_reg_10734                 |   16|   0|   16|          0|
    |p_ZL12H_filter_FIR_88                                |   16|   0|   16|          0|
    |p_ZL12H_filter_FIR_89                                |   16|   0|   16|          0|
    |p_ZL12H_filter_FIR_9                                 |   16|   0|   16|          0|
    |p_ZL12H_filter_FIR_90                                |   16|   0|   16|          0|
    |p_ZL12H_filter_FIR_91                                |   16|   0|   16|          0|
    |p_ZL12H_filter_FIR_92                                |   16|   0|   16|          0|
    |p_ZL12H_filter_FIR_93                                |   16|   0|   16|          0|
    |p_ZL12H_filter_FIR_94                                |   16|   0|   16|          0|
    |p_ZL12H_filter_FIR_95                                |   16|   0|   16|          0|
    |p_ZL12H_filter_FIR_96                                |   16|   0|   16|          0|
    |p_ZL12H_filter_FIR_97                                |   16|   0|   16|          0|
    |p_ZL12H_filter_FIR_98                                |   16|   0|   16|          0|
    |p_ZL12H_filter_FIR_99                                |   16|   0|   16|          0|
    |tmp107_reg_10820                                     |   17|   0|   17|          0|
    |tmp108_reg_10825                                     |   17|   0|   17|          0|
    |tmp1213_reg_10788                                    |   19|   0|   19|          0|
    |tmp133_reg_10853                                     |   17|   0|   17|          0|
    |tmp134_reg_10858                                     |   17|   0|   17|          0|
    |tmp139_reg_10793                                     |   19|   0|   19|          0|
    |tmp139_reg_10793_pp0_iter1_reg                       |   19|   0|   19|          0|
    |tmp157_reg_10809                                     |   18|   0|   18|          0|
    |tmp157_reg_10809_pp0_iter1_reg                       |   18|   0|   18|          0|
    |tmp163_reg_10815                                     |   18|   0|   18|          0|
    |tmp163_reg_10815_pp0_iter1_reg                       |   18|   0|   18|          0|
    |tmp179_reg_10830                                     |   18|   0|   18|          0|
    |tmp179_reg_10830_pp0_iter1_reg                       |   18|   0|   18|          0|
    |tmp191_reg_10836                                     |   18|   0|   18|          0|
    |tmp195_reg_10842                                     |   18|   0|   18|          0|
    |tmp211_reg_10848                                     |   18|   0|   18|          0|
    |tmp211_reg_10848_pp0_iter1_reg                       |   18|   0|   18|          0|
    |tmp233_reg_10863                                     |   18|   0|   18|          0|
    |tmp233_reg_10863_pp0_iter1_reg                       |   18|   0|   18|          0|
    |tmp245_reg_10868                                     |   18|   0|   18|          0|
    |tmp245_reg_10868_pp0_iter1_reg                       |   18|   0|   18|          0|
    |tmp275_reg_10874                                     |   18|   0|   18|          0|
    |tmp275_reg_10874_pp0_iter1_reg                       |   18|   0|   18|          0|
    |tmp27_reg_10759                                      |   19|   0|   19|          0|
    |tmp27_reg_10759_pp0_iter1_reg                        |   19|   0|   19|          0|
    |tmp325_reg_10879                                     |   17|   0|   17|          0|
    |tmp325_reg_10879_pp0_iter1_reg                       |   17|   0|   17|          0|
    |tmp333_reg_10884                                     |   17|   0|   17|          0|
    |tmp333_reg_10884_pp0_iter1_reg                       |   17|   0|   17|          0|
    |tmp353_reg_10890                                     |   17|   0|   17|          0|
    |tmp353_reg_10890_pp0_iter1_reg                       |   17|   0|   17|          0|
    |tmp355_reg_10896                                     |   17|   0|   17|          0|
    |tmp355_reg_10896_pp0_iter1_reg                       |   17|   0|   17|          0|
    |tmp359_reg_10902                                     |   17|   0|   17|          0|
    |tmp361_reg_10908                                     |   17|   0|   17|          0|
    |tmp361_reg_10908_pp0_iter1_reg                       |   17|   0|   17|          0|
    |tmp367_reg_10914                                     |   17|   0|   17|          0|
    |tmp367_reg_10914_pp0_iter1_reg                       |   17|   0|   17|          0|
    |tmp377_reg_10920                                     |   17|   0|   17|          0|
    |tmp397_reg_10926                                     |   17|   0|   17|          0|
    |tmp397_reg_10926_pp0_iter1_reg                       |   17|   0|   17|          0|
    |tmp405_reg_10932                                     |   17|   0|   17|          0|
    |tmp405_reg_10932_pp0_iter1_reg                       |   17|   0|   17|          0|
    |tmp415_reg_10938                                     |   17|   0|   17|          0|
    |tmp415_reg_10938_pp0_iter1_reg                       |   17|   0|   17|          0|
    |tmp423_reg_10944                                     |   17|   0|   17|          0|
    |tmp423_reg_10944_pp0_iter1_reg                       |   17|   0|   17|          0|
    |tmp431_reg_10950                                     |   17|   0|   17|          0|
    |tmp431_reg_10950_pp0_iter1_reg                       |   17|   0|   17|          0|
    |tmp435_reg_10956                                     |   17|   0|   17|          0|
    |tmp45_reg_10764                                      |   19|   0|   19|          0|
    |tmp45_reg_10764_pp0_iter1_reg                        |   19|   0|   19|          0|
    |tmp69_reg_10770                                      |   19|   0|   19|          0|
    |tmp69_reg_10770_pp0_iter1_reg                        |   19|   0|   19|          0|
    |tmp81_reg_10776                                      |   19|   0|   19|          0|
    |tmp81_reg_10776_pp0_iter1_reg                        |   19|   0|   19|          0|
    |tmp87_reg_10782                                      |   19|   0|   19|          0|
    |tmp87_reg_10782_pp0_iter1_reg                        |   19|   0|   19|          0|
    |tmp89_reg_10799                                      |   18|   0|   18|          0|
    |tmp89_reg_10799_pp0_iter1_reg                        |   18|   0|   18|          0|
    |tmp91_reg_10804                                      |   18|   0|   18|          0|
    |tmp91_reg_10804_pp0_iter1_reg                        |   18|   0|   18|          0|
    |x_n_read_reg_10439                                   |   16|   0|   16|          0|
    |add_ln27_103_reg_11422                               |   64|  32|   26|          0|
    |add_ln27_106_reg_10982                               |   64|  32|   24|          0|
    |add_ln27_109_reg_10987                               |   64|  32|   22|          0|
    |add_ln27_112_reg_10992                               |   64|  32|   25|          2|
    |add_ln27_62_reg_11397                                |   64|  32|   25|          0|
    |add_ln27_66_reg_11402                                |   64|  32|   26|          0|
    |add_ln27_75_reg_11407                                |   64|  32|   27|          0|
    |add_ln27_77_reg_11412                                |   64|  32|   24|          0|
    |add_ln27_80_reg_11292                                |   64|  32|   25|          0|
    |add_ln27_87_reg_11297                                |   64|  32|   27|          0|
    |add_ln27_90_reg_11417                                |   64|  32|   24|          0|
    |add_ln27_92_reg_10972                                |   64|  32|   23|          0|
    |add_ln27_94_reg_11302                                |   64|  32|   25|          0|
    |add_ln27_99_reg_10977                                |   64|  32|   23|          0|
    |p_ZL12H_filter_FIR_118_load_reg_10709                |   64|  32|   16|          0|
    |p_ZL12H_filter_FIR_149_load_reg_10679                |   64|  32|   16|          0|
    |p_ZL12H_filter_FIR_151_load_reg_10674                |   64|  32|   16|          0|
    |p_ZL12H_filter_FIR_240_load_reg_10499                |   64|  32|   16|          0|
    |p_ZL12H_filter_FIR_56_load_reg_10744                 |   64|  32|   16|          0|
    |p_ZL12H_filter_FIR_87_load_reg_10734                 |   64|  32|   16|          0|
    |tmp107_reg_10820                                     |   64|  32|   17|          0|
    |tmp108_reg_10825                                     |   64|  32|   17|          0|
    |tmp1213_reg_10788                                    |   64|  32|   19|          0|
    |tmp191_reg_10836                                     |   64|  32|   18|          0|
    |tmp195_reg_10842                                     |   64|  32|   18|          0|
    |tmp359_reg_10902                                     |   64|  32|   17|          0|
    |tmp377_reg_10920                                     |   64|  32|   17|          0|
    |tmp435_reg_10956                                     |   64|  32|   17|          0|
    +-----------------------------------------------------+-----+----+-----+-----------+
    |Total                                                |11590| 896|10390|         12|
    +-----------------------------------------------------+-----+----+-----+-----------+



================================================================
== Interface
================================================================
* Summary: 
+-----------+-----+-----+------------+--------------+--------------+
| RTL Ports | Dir | Bits|  Protocol  | Source Object|    C Type    |
+-----------+-----+-----+------------+--------------+--------------+
|ap_clk     |   in|    1|  ap_ctrl_hs|    FIR_filter|  return value|
|ap_rst     |   in|    1|  ap_ctrl_hs|    FIR_filter|  return value|
|ap_start   |   in|    1|  ap_ctrl_hs|    FIR_filter|  return value|
|ap_done    |  out|    1|  ap_ctrl_hs|    FIR_filter|  return value|
|ap_idle    |  out|    1|  ap_ctrl_hs|    FIR_filter|  return value|
|ap_ready   |  out|    1|  ap_ctrl_hs|    FIR_filter|  return value|
|ap_return  |  out|   16|  ap_ctrl_hs|    FIR_filter|  return value|
|x_n        |   in|   16|     ap_none|           x_n|        scalar|
+-----------+-----+-----+------------+--------------+--------------+

