Copyright 1986-2022 Xilinx, Inc. All Rights Reserved. Copyright 2022-2024 Advanced Micro Devices, Inc. All Rights Reserved.
--------------------------------------------------------------------------------------------------------------------------------------------------
| Tool Version      : Vivado v.2024.2 (win64) Build 5239630 Fri Nov 08 22:35:27 MST 2024
| Date              : Sat Oct 18 16:35:07 2025
| Host              : DESKTOP-92OKADH running 64-bit major release  (build 9200)
| Command           : report_timing_summary -file ./report/FIR_HLS_timing_synth.rpt
| Design            : bd_0_wrapper
| Device            : xck26-sfvc784
| Speed File        : -2LV  PRODUCTION 1.30 05-15-2022
| Design State      : Synthesized
| Temperature Grade : C
--------------------------------------------------------------------------------------------------------------------------------------------------

Timing Summary Report

------------------------------------------------------------------------------------------------
| Timer Settings
| --------------
------------------------------------------------------------------------------------------------

  Enable Multi Corner Analysis               :  Yes
  Enable Pessimism Removal                   :  Yes
  Pessimism Removal Resolution               :  Nearest Common Node
  Enable Input Delay Default Clock           :  No
  Enable Preset / Clear Arcs                 :  No
  Disable Flight Delays                      :  No
  Ignore I/O Paths                           :  No
  Timing Early Launch at Borrowing Latches   :  No
  Borrow Time for Max Delay Exceptions       :  Yes
  Merge Timing Exceptions                    :  Yes
  Inter-SLR Compensation                     :  Conservative

  Corner  Analyze    Analyze    
  Name    Max Paths  Min Paths  
  ------  ---------  ---------  
  Slow    Yes        Yes        
  Fast    Yes        Yes        


------------------------------------------------------------------------------------------------
| Report Methodology
| ------------------
------------------------------------------------------------------------------------------------

No report available as report_methodology has not been run prior. Run report_methodology on the current design for the summary of methodology violations.



check_timing report

Table of Contents
-----------------
1. checking no_clock (0)
2. checking constant_clock (0)
3. checking pulse_width_clock (0)
4. checking unconstrained_internal_endpoints (0)
5. checking no_input_delay (19)
6. checking no_output_delay (16)
7. checking multiple_clock (0)
8. checking generated_clocks (0)
9. checking loops (0)
10. checking partial_input_delay (0)
11. checking partial_output_delay (0)
12. checking latch_loops (0)

1. checking no_clock (0)
------------------------
 There are 0 register/latch pins with no clock.


2. checking constant_clock (0)
------------------------------
 There are 0 register/latch pins with constant_clock.


3. checking pulse_width_clock (0)
---------------------------------
 There are 0 register/latch pins which need pulse_width check


4. checking unconstrained_internal_endpoints (0)
------------------------------------------------
 There are 0 pins that are not constrained for maximum delay.

 There are 0 pins that are not constrained for maximum delay due to constant clock.


5. checking no_input_delay (19)
-------------------------------
 There are 19 input ports with no input delay specified. (HIGH)

 There are 0 input ports with no input delay but user has a false path constraint.


6. checking no_output_delay (16)
--------------------------------
 There are 16 ports with no output delay specified. (HIGH)

 There are 0 ports with no output delay but user has a false path constraint

 There are 0 ports with no output delay but with a timing clock defined on it or propagating through it


7. checking multiple_clock (0)
------------------------------
 There are 0 register/latch pins with multiple clocks.


8. checking generated_clocks (0)
--------------------------------
 There are 0 generated clocks that are not connected to a clock source.


9. checking loops (0)
---------------------
 There are 0 combinational loops in the design.


10. checking partial_input_delay (0)
------------------------------------
 There are 0 input ports with partial input delay specified.


11. checking partial_output_delay (0)
-------------------------------------
 There are 0 ports with partial output delay specified.


12. checking latch_loops (0)
----------------------------
 There are 0 combinational latch loops in the design through latch input



------------------------------------------------------------------------------------------------
| Design Timing Summary
| ---------------------
------------------------------------------------------------------------------------------------

    WNS(ns)      TNS(ns)  TNS Failing Endpoints  TNS Total Endpoints      WHS(ns)      THS(ns)  THS Failing Endpoints  THS Total Endpoints     WPWS(ns)     TPWS(ns)  TPWS Failing Endpoints  TPWS Total Endpoints  
    -------      -------  ---------------------  -------------------      -------      -------  ---------------------  -------------------     --------     --------  ----------------------  --------------------  
      5.498        0.000                      0                21545        0.046        0.000                      0                21545        4.423        0.000                       0                  2749  


All user specified timing constraints are met.


------------------------------------------------------------------------------------------------
| Clock Summary
| -------------
------------------------------------------------------------------------------------------------

Clock   Waveform(ns)       Period(ns)      Frequency(MHz)
-----   ------------       ----------      --------------
ap_clk  {0.000 5.000}      10.000          100.000         


------------------------------------------------------------------------------------------------
| Intra Clock Table
| -----------------
------------------------------------------------------------------------------------------------

Clock             WNS(ns)      TNS(ns)  TNS Failing Endpoints  TNS Total Endpoints      WHS(ns)      THS(ns)  THS Failing Endpoints  THS Total Endpoints     WPWS(ns)     TPWS(ns)  TPWS Failing Endpoints  TPWS Total Endpoints  
-----             -------      -------  ---------------------  -------------------      -------      -------  ---------------------  -------------------     --------     --------  ----------------------  --------------------  
ap_clk              5.498        0.000                      0                21545        0.046        0.000                      0                21545        4.423        0.000                       0                  2749  


------------------------------------------------------------------------------------------------
| Inter Clock Table
| -----------------
------------------------------------------------------------------------------------------------

From Clock    To Clock          WNS(ns)      TNS(ns)  TNS Failing Endpoints  TNS Total Endpoints      WHS(ns)      THS(ns)  THS Failing Endpoints  THS Total Endpoints  
----------    --------          -------      -------  ---------------------  -------------------      -------      -------  ---------------------  -------------------  


------------------------------------------------------------------------------------------------
| Other Path Groups Table
| -----------------------
------------------------------------------------------------------------------------------------

Path Group    From Clock    To Clock          WNS(ns)      TNS(ns)  TNS Failing Endpoints  TNS Total Endpoints      WHS(ns)      THS(ns)  THS Failing Endpoints  THS Total Endpoints  
----------    ----------    --------          -------      -------  ---------------------  -------------------      -------      -------  ---------------------  -------------------  


------------------------------------------------------------------------------------------------
| Timing Details
| --------------
------------------------------------------------------------------------------------------------


---------------------------------------------------------------------------------------------------
From Clock:  ap_clk
  To Clock:  ap_clk

Setup :            0  Failing Endpoints,  Worst Slack        5.498ns,  Total Violation        0.000ns
Hold  :            0  Failing Endpoints,  Worst Slack        0.046ns,  Total Violation        0.000ns
PW    :            0  Failing Endpoints,  Worst Slack        4.423ns,  Total Violation        0.000ns
---------------------------------------------------------------------------------------------------


Max Delay Paths
--------------------------------------------------------------------------------------
Slack (MET) :             5.498ns  (required time - arrival time)
  Source:                 bd_0_i/hls_inst/inst/grp_FIR_filter_fu_188/H_filter_FIR_kernel_U/ram_reg_bram_0/CLKARDCLK
                            (rising edge-triggered cell RAMB18E2 clocked by ap_clk  {rise@0.000ns fall@5.000ns period=10.000ns})
  Destination:            bd_0_i/hls_inst/inst/grp_FIR_filter_fu_188/ama_addmuladd_16s_16s_9ns_22s_26_4_1_U33/FIR_HLS_ama_addmuladd_16s_16s_9ns_22s_26_4_1_DSP48_0_U/p_reg_reg/DSP_OUTPUT_INST/ALU_OUT[39]
                            (rising edge-triggered cell DSP_OUTPUT clocked by ap_clk  {rise@0.000ns fall@5.000ns period=10.000ns})
  Path Group:             ap_clk
  Path Type:              Setup (Max at Slow Process Corner)
  Requirement:            10.000ns  (ap_clk rise@10.000ns - ap_clk rise@0.000ns)
  Data Path Delay:        4.429ns  (logic 3.219ns (72.680%)  route 1.210ns (27.320%))
  Logic Levels:           8  (CARRY8=4 DSP_ALU=1 DSP_C_DATA=1 LUT2=2)
  Clock Path Skew:        -0.052ns (DCD - SCD + CPR)
    Destination Clock Delay (DCD):    0.055ns = ( 10.055 - 10.000 ) 
    Source Clock Delay      (SCD):    0.107ns
    Clock Pessimism Removal (CPR):    0.000ns
  Clock Uncertainty:      0.035ns  ((TSJ^2 + TIJ^2)^1/2 + DJ) / 2 + PE
    Total System Jitter     (TSJ):    0.071ns
    Total Input Jitter      (TIJ):    0.000ns
    Discrete Jitter          (DJ):    0.000ns
    Phase Error              (PE):    0.000ns

    Location             Delay type                Incr(ns)  Path(ns)    Netlist Resource(s)
  -------------------------------------------------------------------    -------------------
                         (clock ap_clk rise edge)     0.000     0.000 r  
                                                      0.000     0.000 r  ap_clk (IN)
                         net (fo=3117, unset)         0.107     0.107    bd_0_i/hls_inst/inst/grp_FIR_filter_fu_188/H_filter_FIR_kernel_U/ap_clk
                         RAMB18E2                                     r  bd_0_i/hls_inst/inst/grp_FIR_filter_fu_188/H_filter_FIR_kernel_U/ram_reg_bram_0/CLKARDCLK
  -------------------------------------------------------------------    -------------------
                         RAMB18E2 (Prop_RAMB18E2_CLKARDCLK_DOUTADOUT[0])
                                                      1.353     1.460 r  bd_0_i/hls_inst/inst/grp_FIR_filter_fu_188/H_filter_FIR_kernel_U/ram_reg_bram_0/DOUTADOUT[0]
                         net (fo=75, unplaced)        0.303     1.763    bd_0_i/hls_inst/inst/grp_FIR_filter_fu_188/H_filter_FIR_kernel_U/DOUTADOUT[0]
                         LUT2 (Prop_LUT2_I0_O)        0.083     1.846 r  bd_0_i/hls_inst/inst/grp_FIR_filter_fu_188/H_filter_FIR_kernel_U/p_reg_reg_i_65__1/O
                         net (fo=1, unplaced)         0.025     1.871    bd_0_i/hls_inst/inst/grp_FIR_filter_fu_188/H_filter_FIR_kernel_U/p_reg_reg_i_65__1_n_0
                         CARRY8 (Prop_CARRY8_S[0]_CO[7])
                                                      0.289     2.160 r  bd_0_i/hls_inst/inst/grp_FIR_filter_fu_188/H_filter_FIR_kernel_U/p_reg_reg_i_22__0/CO[7]
                         net (fo=1, unplaced)         0.006     2.166    bd_0_i/hls_inst/inst/grp_FIR_filter_fu_188/H_filter_FIR_kernel_U/p_reg_reg_i_22__0_n_0
                         CARRY8 (Prop_CARRY8_CI_O[5])
                                                      0.161     2.327 f  bd_0_i/hls_inst/inst/grp_FIR_filter_fu_188/H_filter_FIR_kernel_U/p_reg_reg_i_24/O[5]
                         net (fo=6, unplaced)         0.177     2.504    bd_0_i/hls_inst/inst/grp_FIR_filter_fu_188/H_filter_FIR_kernel_U/tmp71_cast_fu_1136_p1__0[13]
                         LUT2 (Prop_LUT2_I0_O)        0.144     2.648 r  bd_0_i/hls_inst/inst/grp_FIR_filter_fu_188/H_filter_FIR_kernel_U/p_reg_reg_i_30__0/O
                         net (fo=1, unplaced)         0.250     2.898    bd_0_i/hls_inst/inst/grp_FIR_filter_fu_188/H_filter_FIR_kernel_U/p_reg_reg_i_30__0_n_0
                         CARRY8 (Prop_CARRY8_DI[5]_CO[7])
                                                      0.154     3.052 r  bd_0_i/hls_inst/inst/grp_FIR_filter_fu_188/H_filter_FIR_kernel_U/p_reg_reg_i_20__0/CO[7]
                         net (fo=1, unplaced)         0.006     3.058    bd_0_i/hls_inst/inst/grp_FIR_filter_fu_188/H_filter_FIR_kernel_U/p_reg_reg_i_20__0_n_0
                         CARRY8 (Prop_CARRY8_CI_O[3])
                                                      0.114     3.172 r  bd_0_i/hls_inst/inst/grp_FIR_filter_fu_188/H_filter_FIR_kernel_U/p_reg_reg_i_19__0/O[3]
                         net (fo=28, unplaced)        0.443     3.615    bd_0_i/hls_inst/inst/grp_FIR_filter_fu_188/ama_addmuladd_16s_16s_9ns_22s_26_4_1_U33/FIR_HLS_ama_addmuladd_16s_16s_9ns_22s_26_4_1_DSP48_0_U/p_reg_reg/C[39]
                         DSP_C_DATA (Prop_DSP_C_DATA_C[39]_C_DATA[39])
                                                      0.135     3.750 r  bd_0_i/hls_inst/inst/grp_FIR_filter_fu_188/ama_addmuladd_16s_16s_9ns_22s_26_4_1_U33/FIR_HLS_ama_addmuladd_16s_16s_9ns_22s_26_4_1_DSP48_0_U/p_reg_reg/DSP_C_DATA_INST/C_DATA[39]
                         net (fo=2, unplaced)         0.000     3.750    bd_0_i/hls_inst/inst/grp_FIR_filter_fu_188/ama_addmuladd_16s_16s_9ns_22s_26_4_1_U33/FIR_HLS_ama_addmuladd_16s_16s_9ns_22s_26_4_1_DSP48_0_U/p_reg_reg/DSP_C_DATA.C_DATA<39>
                         DSP_ALU (Prop_DSP_ALU_C_DATA[39]_ALU_OUT[39])
                                                      0.786     4.536 r  bd_0_i/hls_inst/inst/grp_FIR_filter_fu_188/ama_addmuladd_16s_16s_9ns_22s_26_4_1_U33/FIR_HLS_ama_addmuladd_16s_16s_9ns_22s_26_4_1_DSP48_0_U/p_reg_reg/DSP_ALU_INST/ALU_OUT[39]
                         net (fo=1, unplaced)         0.000     4.536    bd_0_i/hls_inst/inst/grp_FIR_filter_fu_188/ama_addmuladd_16s_16s_9ns_22s_26_4_1_U33/FIR_HLS_ama_addmuladd_16s_16s_9ns_22s_26_4_1_DSP48_0_U/p_reg_reg/DSP_ALU.ALU_OUT<39>
                         DSP_OUTPUT                                   r  bd_0_i/hls_inst/inst/grp_FIR_filter_fu_188/ama_addmuladd_16s_16s_9ns_22s_26_4_1_U33/FIR_HLS_ama_addmuladd_16s_16s_9ns_22s_26_4_1_DSP48_0_U/p_reg_reg/DSP_OUTPUT_INST/ALU_OUT[39]
  -------------------------------------------------------------------    -------------------

                         (clock ap_clk rise edge)    10.000    10.000 r  
                                                      0.000    10.000 r  ap_clk (IN)
                         net (fo=3117, unset)         0.055    10.055    bd_0_i/hls_inst/inst/grp_FIR_filter_fu_188/ama_addmuladd_16s_16s_9ns_22s_26_4_1_U33/FIR_HLS_ama_addmuladd_16s_16s_9ns_22s_26_4_1_DSP48_0_U/p_reg_reg/CLK
                         DSP_OUTPUT                                   r  bd_0_i/hls_inst/inst/grp_FIR_filter_fu_188/ama_addmuladd_16s_16s_9ns_22s_26_4_1_U33/FIR_HLS_ama_addmuladd_16s_16s_9ns_22s_26_4_1_DSP48_0_U/p_reg_reg/DSP_OUTPUT_INST/CLK
                         clock pessimism              0.000    10.055    
                         clock uncertainty           -0.035    10.020    
                         DSP_OUTPUT (Setup_DSP_OUTPUT_CLK_ALU_OUT[39])
                                                      0.014    10.034    bd_0_i/hls_inst/inst/grp_FIR_filter_fu_188/ama_addmuladd_16s_16s_9ns_22s_26_4_1_U33/FIR_HLS_ama_addmuladd_16s_16s_9ns_22s_26_4_1_DSP48_0_U/p_reg_reg/DSP_OUTPUT_INST
  -------------------------------------------------------------------
                         required time                         10.034    
                         arrival time                          -4.536    
  -------------------------------------------------------------------
                         slack                                  5.498    





Min Delay Paths
--------------------------------------------------------------------------------------
Slack (MET) :             0.046ns  (arrival time - required time)
  Source:                 bd_0_i/hls_inst/inst/am_addmul_16s_16s_13ns_29_4_1_U120/FIR_HLS_am_addmul_16s_16s_13ns_29_4_1_DSP48_0_U/p_reg_reg/DSP_PREADD_DATA_INST/CLK
                            (rising edge-triggered cell DSP_PREADD_DATA clocked by ap_clk  {rise@0.000ns fall@5.000ns period=10.000ns})
  Destination:            bd_0_i/hls_inst/inst/am_addmul_16s_16s_13ns_29_4_1_U120/FIR_HLS_am_addmul_16s_16s_13ns_29_4_1_DSP48_0_U/p_reg_reg/DSP_PREADD_DATA_INST/AD[0]
                            (rising edge-triggered cell DSP_PREADD_DATA clocked by ap_clk  {rise@0.000ns fall@5.000ns period=10.000ns})
  Path Group:             ap_clk
  Path Type:              Hold (Min at Fast Process Corner)
  Requirement:            0.000ns  (ap_clk rise@0.000ns - ap_clk rise@0.000ns)
  Data Path Delay:        0.114ns  (logic 0.114ns (100.000%)  route 0.000ns (0.000%))
  Logic Levels:           1  (DSP_PREADD=1)
  Clock Path Skew:        0.008ns (DCD - SCD - CPR)
    Destination Clock Delay (DCD):    0.042ns
    Source Clock Delay      (SCD):    0.034ns
    Clock Pessimism Removal (CPR):    -0.000ns

    Location             Delay type                Incr(ns)  Path(ns)    Netlist Resource(s)
  -------------------------------------------------------------------    -------------------
                         (clock ap_clk rise edge)     0.000     0.000 r  
                                                      0.000     0.000 r  ap_clk (IN)
                         net (fo=3117, unset)         0.034     0.034    bd_0_i/hls_inst/inst/am_addmul_16s_16s_13ns_29_4_1_U120/FIR_HLS_am_addmul_16s_16s_13ns_29_4_1_DSP48_0_U/p_reg_reg/CLK
                         DSP_PREADD_DATA                              r  bd_0_i/hls_inst/inst/am_addmul_16s_16s_13ns_29_4_1_U120/FIR_HLS_am_addmul_16s_16s_13ns_29_4_1_DSP48_0_U/p_reg_reg/DSP_PREADD_DATA_INST/CLK
  -------------------------------------------------------------------    -------------------
                         DSP_PREADD_DATA (Prop_DSP_PREADD_DATA_CLK_D_DATA[0])
                                                      0.081     0.115 r  bd_0_i/hls_inst/inst/am_addmul_16s_16s_13ns_29_4_1_U120/FIR_HLS_am_addmul_16s_16s_13ns_29_4_1_DSP48_0_U/p_reg_reg/DSP_PREADD_DATA_INST/D_DATA[0]
                         net (fo=1, unplaced)         0.000     0.115    bd_0_i/hls_inst/inst/am_addmul_16s_16s_13ns_29_4_1_U120/FIR_HLS_am_addmul_16s_16s_13ns_29_4_1_DSP48_0_U/p_reg_reg/DSP_PREADD_DATA.D_DATA<0>
                         DSP_PREADD (Prop_DSP_PREADD_D_DATA[0]_AD[0])
                                                      0.033     0.148 r  bd_0_i/hls_inst/inst/am_addmul_16s_16s_13ns_29_4_1_U120/FIR_HLS_am_addmul_16s_16s_13ns_29_4_1_DSP48_0_U/p_reg_reg/DSP_PREADD_INST/AD[0]
                         net (fo=1, unplaced)         0.000     0.148    bd_0_i/hls_inst/inst/am_addmul_16s_16s_13ns_29_4_1_U120/FIR_HLS_am_addmul_16s_16s_13ns_29_4_1_DSP48_0_U/p_reg_reg/DSP_PREADD.AD<0>
                         DSP_PREADD_DATA                              r  bd_0_i/hls_inst/inst/am_addmul_16s_16s_13ns_29_4_1_U120/FIR_HLS_am_addmul_16s_16s_13ns_29_4_1_DSP48_0_U/p_reg_reg/DSP_PREADD_DATA_INST/AD[0]
  -------------------------------------------------------------------    -------------------

                         (clock ap_clk rise edge)     0.000     0.000 r  
                                                      0.000     0.000 r  ap_clk (IN)
                         net (fo=3117, unset)         0.042     0.042    bd_0_i/hls_inst/inst/am_addmul_16s_16s_13ns_29_4_1_U120/FIR_HLS_am_addmul_16s_16s_13ns_29_4_1_DSP48_0_U/p_reg_reg/CLK
                         DSP_PREADD_DATA                              r  bd_0_i/hls_inst/inst/am_addmul_16s_16s_13ns_29_4_1_U120/FIR_HLS_am_addmul_16s_16s_13ns_29_4_1_DSP48_0_U/p_reg_reg/DSP_PREADD_DATA_INST/CLK
                         clock pessimism              0.000     0.042    
                         DSP_PREADD_DATA (Hold_DSP_PREADD_DATA_CLK_AD[0])
                                                      0.060     0.102    bd_0_i/hls_inst/inst/am_addmul_16s_16s_13ns_29_4_1_U120/FIR_HLS_am_addmul_16s_16s_13ns_29_4_1_DSP48_0_U/p_reg_reg/DSP_PREADD_DATA_INST
  -------------------------------------------------------------------
                         required time                         -0.102    
                         arrival time                           0.148    
  -------------------------------------------------------------------
                         slack                                  0.046    





Pulse Width Checks
--------------------------------------------------------------------------------------
Clock Name:         ap_clk
Waveform(ns):       { 0.000 5.000 }
Period(ns):         10.000
Sources:            { ap_clk }

Check Type        Corner  Lib Pin             Reference Pin  Required(ns)  Actual(ns)  Slack(ns)  Location  Pin
Min Period        n/a     RAMB18E2/CLKARDCLK  n/a            1.960         10.000      8.040                bd_0_i/hls_inst/inst/grp_FIR_filter_fu_188/H_filter_FIR_kernel_U/ram_reg_bram_0/CLKARDCLK
Low Pulse Width   Slow    RAMB18E2/CLKARDCLK  n/a            0.577         5.000       4.423                bd_0_i/hls_inst/inst/grp_FIR_filter_fu_188/H_filter_FIR_kernel_U/ram_reg_bram_0/CLKARDCLK
High Pulse Width  Slow    RAMB18E2/CLKARDCLK  n/a            0.577         5.000       4.423                bd_0_i/hls_inst/inst/grp_FIR_filter_fu_188/H_filter_FIR_kernel_U/ram_reg_bram_0/CLKARDCLK



