

================================================================
== Vitis HLS Report for 'FIR_HLS_Pipeline_VITIS_LOOP_25_1'
================================================================
* Date:           Wed Nov 12 18:04:38 2025

* Version:        2024.2 (Build 5238294 on Nov  8 2024)
* Project:        Direct_FIR_DSP_HLS
* Solution:       hls (Vivado IP Flow Target)
* Product family: zynquplus
* Target device:  xck26-sfvc784-2LV-c


================================================================
== Performance Estimates
================================================================
+ Timing: 
    * Summary: 
    +--------+----------+----------+------------+
    |  Clock |  Target  | Estimated| Uncertainty|
    +--------+----------+----------+------------+
    |ap_clk  |  10.00 ns|  5.060 ns|     2.70 ns|
    +--------+----------+----------+------------+

+ Latency: 
    * Summary: 
    +---------+---------+----------+----------+-----+-----+------------------------------------------------+
    |  Latency (cycles) |  Latency (absolute) |  Interval |                    Pipeline                    |
    |   min   |   max   |    min   |    max   | min | max |                      Type                      |
    +---------+---------+----------+----------+-----+-----+------------------------------------------------+
    |      394|      394|  3.940 us|  3.940 us|  393|  393|  loop auto-rewind stp (delay=0 clock cycles(s))|
    +---------+---------+----------+----------+-----+-----+------------------------------------------------+

    + Detail: 
        * Instance: 
        N/A

        * Loop: 
        +-------------------+---------+---------+----------+-----------+-----------+------+----------+
        |                   |  Latency (cycles) | Iteration|  Initiation Interval  | Trip |          |
        |     Loop Name     |   min   |   max   |  Latency |  achieved |   target  | Count| Pipelined|
        +-------------------+---------+---------+----------+-----------+-----------+------+----------+
        |- VITIS_LOOP_25_1  |      392|      392|         2|          1|          1|   392|       yes|
        +-------------------+---------+---------+----------+-----------+-----------+------+----------+



================================================================
== Utilization Estimates
================================================================
* Summary: 
+-----------------+---------+------+--------+--------+-----+
|       Name      | BRAM_18K|  DSP |   FF   |   LUT  | URAM|
+-----------------+---------+------+--------+--------+-----+
|DSP              |        -|     -|       -|       -|    -|
|Expression       |        -|     -|       0|      89|    -|
|FIFO             |        -|     -|       -|       -|    -|
|Instance         |        -|     1|       0|       5|    -|
|Memory           |        1|     -|       0|       0|    -|
|Multiplexer      |        -|     -|       0|      45|    -|
|Register         |        -|     -|      44|       -|    -|
+-----------------+---------+------+--------+--------+-----+
|Total            |        1|     1|      44|     139|    0|
+-----------------+---------+------+--------+--------+-----+
|Available        |      288|  1248|  234240|  117120|   64|
+-----------------+---------+------+--------+--------+-----+
|Utilization (%)  |       ~0|    ~0|      ~0|      ~0|    0|
+-----------------+---------+------+--------+--------+-----+

+ Detail: 
    * Instance: 
    +-----------------------+--------------------+---------+----+---+----+-----+
    |        Instance       |       Module       | BRAM_18K| DSP| FF| LUT| URAM|
    +-----------------------+--------------------+---------+----+---+----+-----+
    |mul_16s_14s_30_1_1_U1  |mul_16s_14s_30_1_1  |        0|   1|  0|   5|    0|
    +-----------------------+--------------------+---------+----+---+----+-----+
    |Total                  |                    |        0|   1|  0|   5|    0|
    +-----------------------+--------------------+---------+----+---+----+-----+

    * DSP: 
    N/A

    * Memory: 
    +---------+----------------------------------------------------+---------+---+----+-----+------+-----+------+-------------+
    |  Memory |                       Module                       | BRAM_18K| FF| LUT| URAM| Words| Bits| Banks| W*Bits*Banks|
    +---------+----------------------------------------------------+---------+---+----+-----+------+-----+------+-------------+
    |b_FIR_U  |FIR_HLS_Pipeline_VITIS_LOOP_25_1_b_FIR_ROM_AUTO_1R  |        1|  0|   0|    0|   392|   14|     1|         5488|
    +---------+----------------------------------------------------+---------+---+----+-----+------+-----+------+-------------+
    |Total    |                                                    |        1|  0|   0|    0|   392|   14|     1|         5488|
    +---------+----------------------------------------------------+---------+---+----+-----+------+-----+------+-------------+

    * FIFO: 
    N/A

    * Expression: 
    +------------------------+----------+----+---+----+------------+------------+
    |      Variable Name     | Operation| DSP| FF| LUT| Bitwidth P0| Bitwidth P1|
    +------------------------+----------+----+---+----+------------+------------+
    |FIR_accu32_1_fu_156_p2  |         +|   0|  0|  39|          32|          32|
    |add_ln25_fu_100_p2      |         +|   0|  0|  16|           9|           1|
    |sub_ln26_fu_111_p2      |         -|   0|  0|  16|           8|           9|
    |icmp_ln25_fu_94_p2      |      icmp|   0|  0|  16|           9|           8|
    |ap_enable_pp0           |       xor|   0|  0|   2|           1|           2|
    +------------------------+----------+----+---+----+------------+------------+
    |Total                   |          |   0|  0|  89|          59|          52|
    +------------------------+----------+----+---+----+------------+------------+

    * Multiplexer: 
    +-------------------------+----+-----------+-----+-----------+
    |           Name          | LUT| Input Size| Bits| Total Bits|
    +-------------------------+----+-----------+-----+-----------+
    |FIR_accu32_fu_40         |   9|          2|   32|         64|
    |ap_done_int              |   9|          2|    1|          2|
    |ap_enable_reg_pp0_iter1  |   9|          2|    1|          2|
    |ap_sig_allocacmp_i_2     |   9|          2|    9|         18|
    |i_fu_44                  |   9|          2|    9|         18|
    +-------------------------+----+-----------+-----+-----------+
    |Total                    |  45|         10|   52|        104|
    +-------------------------+----+-----------+-----+-----------+

    * Register: 
    +-------------------------+----+----+-----+-----------+
    |           Name          | FF | LUT| Bits| Const Bits|
    +-------------------------+----+----+-----+-----------+
    |FIR_accu32_fu_40         |  32|   0|   32|          0|
    |ap_CS_fsm                |   1|   0|    1|          0|
    |ap_done_reg              |   1|   0|    1|          0|
    |ap_enable_reg_pp0_iter1  |   1|   0|    1|          0|
    |i_fu_44                  |   9|   0|    9|          0|
    +-------------------------+----+----+-----+-----------+
    |Total                    |  44|   0|   44|          0|
    +-------------------------+----+----+-----+-----------+



================================================================
== Interface
================================================================
* Summary: 
+-----------------------+-----+-----+------------+----------------------------------+--------------+
|       RTL Ports       | Dir | Bits|  Protocol  |           Source Object          |    C Type    |
+-----------------------+-----+-----+------------+----------------------------------+--------------+
|ap_clk                 |   in|    1|  ap_ctrl_hs|  FIR_HLS_Pipeline_VITIS_LOOP_25_1|  return value|
|ap_rst                 |   in|    1|  ap_ctrl_hs|  FIR_HLS_Pipeline_VITIS_LOOP_25_1|  return value|
|ap_start               |   in|    1|  ap_ctrl_hs|  FIR_HLS_Pipeline_VITIS_LOOP_25_1|  return value|
|ap_done                |  out|    1|  ap_ctrl_hs|  FIR_HLS_Pipeline_VITIS_LOOP_25_1|  return value|
|ap_idle                |  out|    1|  ap_ctrl_hs|  FIR_HLS_Pipeline_VITIS_LOOP_25_1|  return value|
|ap_ready               |  out|    1|  ap_ctrl_hs|  FIR_HLS_Pipeline_VITIS_LOOP_25_1|  return value|
|FIR_accu32_out         |  out|   32|      ap_vld|                    FIR_accu32_out|       pointer|
|FIR_accu32_out_ap_vld  |  out|    1|      ap_vld|                    FIR_accu32_out|       pointer|
|H_filter_FIR_address0  |  out|    9|   ap_memory|                      H_filter_FIR|         array|
|H_filter_FIR_ce0       |  out|    1|   ap_memory|                      H_filter_FIR|         array|
|H_filter_FIR_q0        |   in|   16|   ap_memory|                      H_filter_FIR|         array|
+-----------------------+-----+-----+------------+----------------------------------+--------------+

