

================================================================
== Vitis HLS Report for 'Block_entry_ZL16b_FIR_dec_int_43_0_rd_mod_value_fb_proc'
================================================================
* Date:           Wed Nov 12 23:44:30 2025

* Version:        2024.2 (Build 5238294 on Nov  8 2024)
* Project:        Multirate_v1
* Solution:       hls (Vivado IP Flow Target)
* Product family: zynquplus
* Target device:  xck26-sfvc784-2LV-c


================================================================
== Performance Estimates
================================================================
+ Timing: 
    * Summary: 
    +--------+----------+----------+------------+
    |  Clock |  Target  | Estimated| Uncertainty|
    +--------+----------+----------+------------+
    |ap_clk  |  10.00 ns|  7.255 ns|     2.70 ns|
    +--------+----------+----------+------------+

+ Latency: 
    * Summary: 
    +---------+---------+----------+----------+-----+-----+---------+
    |  Latency (cycles) |  Latency (absolute) |  Interval | Pipeline|
    |   min   |   max   |    min   |    max   | min | max |   Type  |
    +---------+---------+----------+----------+-----+-----+---------+
    |       11|       32|  0.110 us|  0.320 us|   11|   32|       no|
    +---------+---------+----------+----------+-----+-----+---------+

    + Detail: 
        * Instance: 
        +-------------------------+--------------+---------+---------+-----------+-----------+-----+-----+---------+
        |                         |              |  Latency (cycles) |   Latency (absolute)  |  Interval | Pipeline|
        |         Instance        |    Module    |   min   |   max   |    min    |    max    | min | max |   Type  |
        +-------------------------+--------------+---------+---------+-----------+-----------+-----+-----+---------+
        |grp_DECIMATOR_fu_378     |DECIMATOR     |        3|        3|  30.000 ns|  30.000 ns|    3|    3|       no|
        |grp_FIR_filter_fu_428    |FIR_filter    |       19|       19|   0.190 us|   0.190 us|    1|    1|      yes|
        |grp_INTERPOLATOR_fu_666  |INTERPOLATOR  |        3|        3|  30.000 ns|  30.000 ns|    3|    3|       no|
        +-------------------------+--------------+---------+---------+-----------+-----------+-----+-----+---------+

        * Loop: 
        N/A



================================================================
== Utilization Estimates
================================================================
* Summary: 
+-----------------+---------+------+--------+--------+-----+
|       Name      | BRAM_18K|  DSP |   FF   |   LUT  | URAM|
+-----------------+---------+------+--------+--------+-----+
|DSP              |        -|     -|       -|       -|    -|
|Expression       |        -|     -|       0|      50|    -|
|FIFO             |        -|     -|       -|       -|    -|
|Instance         |        -|   114|    5387|   15419|    -|
|Memory           |        -|     -|       -|       -|    -|
|Multiplexer      |        -|     -|       0|     478|    -|
|Register         |        -|     -|      95|       -|    -|
+-----------------+---------+------+--------+--------+-----+
|Total            |        0|   114|    5482|   15947|    0|
+-----------------+---------+------+--------+--------+-----+
|Available        |      288|  1248|  234240|  117120|   64|
+-----------------+---------+------+--------+--------+-----+
|Utilization (%)  |        0|     9|       2|      13|    0|
+-----------------+---------+------+--------+--------+-----+

+ Detail: 
    * Instance: 
    +-------------------------+--------------+---------+-----+------+-------+-----+
    |         Instance        |    Module    | BRAM_18K| DSP |  FF  |  LUT  | URAM|
    +-------------------------+--------------+---------+-----+------+-------+-----+
    |grp_DECIMATOR_fu_378     |DECIMATOR     |        0|    0|   624|    329|    0|
    |grp_FIR_filter_fu_428    |FIR_filter    |        0|  100|  3797|  13571|    0|
    |grp_FIR_filter_1_fu_747  |FIR_filter_1  |        0|   10|   188|    315|    0|
    |grp_FIR_filter_2_fu_760  |FIR_filter_2  |        0|    4|   206|    936|    0|
    |grp_INTERPOLATOR_fu_666  |INTERPOLATOR  |        0|    0|   572|    268|    0|
    +-------------------------+--------------+---------+-----+------+-------+-----+
    |Total                    |              |        0|  114|  5387|  15419|    0|
    +-------------------------+--------------+---------+-----+------+-------+-----+

    * DSP: 
    N/A

    * Memory: 
    N/A

    * FIFO: 
    N/A

    * Expression: 
    +-----------------------------------------+----------+----+---+----+------------+------------+
    |              Variable Name              | Operation| DSP| FF| LUT| Bitwidth P0| Bitwidth P1|
    +-----------------------------------------+----------+----+---+----+------------+------------+
    |add_ln25_fu_722_p2                       |         +|   0|  0|  23|          16|           2|
    |grp_INTERPOLATOR_fu_666_output_r_TREADY  |       and|   0|  0|   2|           1|           1|
    |icmp_ln20_fu_716_p2                      |      icmp|   0|  0|  23|          16|           1|
    |ap_block_state1                          |        or|   0|  0|   2|           1|           1|
    +-----------------------------------------+----------+----+---+----+------------+------------+
    |Total                                    |          |   0|  0|  50|          34|           5|
    +-----------------------------------------+----------+----+---+----+------------+------------+

    * Multiplexer: 
    +--------------------------------------------+-----+-----------+-----+-----------+
    |                    Name                    | LUT | Input Size| Bits| Total Bits|
    +--------------------------------------------+-----+-----------+-----+-----------+
    |ap_NS_fsm                                   |  140|         28|    1|         28|
    |ap_done                                     |    9|          2|    1|          2|
    |dec_out_i_blk_n                             |    9|          2|    1|          2|
    |dec_out_write                               |    9|          2|    1|          2|
    |grp_FIR_filter_1_fu_747_FIR_coe_read        |   14|          3|   10|         30|
    |grp_FIR_filter_1_fu_747_FIR_coe_read_14     |   14|          3|   13|         39|
    |grp_FIR_filter_1_fu_747_FIR_coe_read_15     |   14|          3|   14|         42|
    |grp_FIR_filter_1_fu_747_FIR_coe_read_16     |   14|          3|   13|         39|
    |grp_FIR_filter_1_fu_747_FIR_coe_read_17     |   14|          3|   10|         30|
    |grp_FIR_filter_1_fu_747_FIR_delays_read     |   14|          3|   32|         96|
    |grp_FIR_filter_1_fu_747_FIR_delays_read_25  |   14|          3|   32|         96|
    |grp_FIR_filter_1_fu_747_FIR_delays_read_26  |   14|          3|   32|         96|
    |grp_FIR_filter_1_fu_747_FIR_delays_read_27  |   14|          3|   32|         96|
    |grp_FIR_filter_1_fu_747_ap_ce               |   14|          3|    1|          3|
    |grp_FIR_filter_1_fu_747_ap_start            |   14|          3|    1|          3|
    |grp_FIR_filter_1_fu_747_x_n                 |   14|          3|   16|         48|
    |grp_FIR_filter_2_fu_760_FIR_delays_read     |   14|          3|   32|         96|
    |grp_FIR_filter_2_fu_760_FIR_delays_read_14  |   14|          3|   32|         96|
    |grp_FIR_filter_2_fu_760_FIR_delays_read_15  |   14|          3|   32|         96|
    |grp_FIR_filter_2_fu_760_FIR_delays_read_16  |   14|          3|   32|         96|
    |grp_FIR_filter_2_fu_760_FIR_delays_read_17  |   14|          3|   32|         96|
    |grp_FIR_filter_2_fu_760_ap_start            |   14|          3|    1|          3|
    |grp_FIR_filter_2_fu_760_x_n                 |   14|          3|   16|         48|
    |input_r_TREADY_int_regslice                 |    9|          2|    1|          2|
    |kernel_out_o_blk_n                          |    9|          2|    1|          2|
    |kernel_out_read                             |    9|          2|    1|          2|
    |output_r_TDATA_int_regslice                 |    9|          2|   16|         32|
    |storemerge_i_i_reg_367                      |    9|          2|   16|         32|
    +--------------------------------------------+-----+-----------+-----+-----------+
    |Total                                       |  478|        101|  422|       1253|
    +--------------------------------------------+-----+-----------+-----+-----------+

    * Register: 
    +--------------------------------------+----+----+-----+-----------+
    |                 Name                 | FF | LUT| Bits| Const Bits|
    +--------------------------------------+----+----+-----+-----------+
    |ap_CS_fsm                             |  27|   0|   27|          0|
    |ap_done_reg                           |   1|   0|    1|          0|
    |grp_DECIMATOR_fu_378_ap_start_reg     |   1|   0|    1|          0|
    |grp_FIR_filter_fu_428_ap_start_reg    |   1|   0|    1|          0|
    |grp_INTERPOLATOR_fu_666_ap_start_reg  |   1|   0|    1|          0|
    |mod_value_1                           |  16|   0|   16|          0|
    |output_r_TDATA_reg                    |  16|   0|   16|          0|
    |p_0_reg_742                           |  16|   0|   16|          0|
    |storemerge_i_i_reg_367                |  16|   0|   16|          0|
    +--------------------------------------+----+----+-----+-----------+
    |Total                                 |  95|   0|   95|          0|
    +--------------------------------------+----+----+-----+-----------+



================================================================
== Interface
================================================================
* Summary: 
+--------------------+-----+-----+------------+----------------------------------------------------------+--------------+
|      RTL Ports     | Dir | Bits|  Protocol  |                       Source Object                      |    C Type    |
+--------------------+-----+-----+------------+----------------------------------------------------------+--------------+
|ap_clk              |   in|    1|  ap_ctrl_hs|  Block_entry__ZL16b_FIR_dec_int_43_0_rd_mod_value_fb_proc|  return value|
|ap_rst              |   in|    1|  ap_ctrl_hs|  Block_entry__ZL16b_FIR_dec_int_43_0_rd_mod_value_fb_proc|  return value|
|ap_start            |   in|    1|  ap_ctrl_hs|  Block_entry__ZL16b_FIR_dec_int_43_0_rd_mod_value_fb_proc|  return value|
|ap_done             |  out|    1|  ap_ctrl_hs|  Block_entry__ZL16b_FIR_dec_int_43_0_rd_mod_value_fb_proc|  return value|
|ap_continue         |   in|    1|  ap_ctrl_hs|  Block_entry__ZL16b_FIR_dec_int_43_0_rd_mod_value_fb_proc|  return value|
|ap_idle             |  out|    1|  ap_ctrl_hs|  Block_entry__ZL16b_FIR_dec_int_43_0_rd_mod_value_fb_proc|  return value|
|ap_ready            |  out|    1|  ap_ctrl_hs|  Block_entry__ZL16b_FIR_dec_int_43_0_rd_mod_value_fb_proc|  return value|
|input_r_TDATA       |   in|   16|        axis|                                                   input_r|       pointer|
|input_r_TVALID      |   in|    1|        axis|                                                   input_r|       pointer|
|input_r_TREADY      |  out|    1|        axis|                                                   input_r|       pointer|
|output_r_TDATA      |  out|   16|        axis|                                                  output_r|       pointer|
|output_r_TVALID     |  out|    1|        axis|                                                  output_r|       pointer|
|output_r_TREADY     |   in|    1|        axis|                                                  output_r|       pointer|
|dec_out_dout        |   in|   16|     ap_fifo|                                                   dec_out|       pointer|
|dec_out_empty_n     |   in|    1|     ap_fifo|                                                   dec_out|       pointer|
|dec_out_read        |  out|    1|     ap_fifo|                                                   dec_out|       pointer|
|dec_out_din         |  out|   16|     ap_fifo|                                                   dec_out|       pointer|
|dec_out_full_n      |   in|    1|     ap_fifo|                                                   dec_out|       pointer|
|dec_out_write       |  out|    1|     ap_fifo|                                                   dec_out|       pointer|
|kernel_out_dout     |   in|   16|     ap_fifo|                                                kernel_out|       pointer|
|kernel_out_empty_n  |   in|    1|     ap_fifo|                                                kernel_out|       pointer|
|kernel_out_read     |  out|    1|     ap_fifo|                                                kernel_out|       pointer|
|kernel_out_din      |  out|   16|     ap_fifo|                                                kernel_out|       pointer|
|kernel_out_full_n   |   in|    1|     ap_fifo|                                                kernel_out|       pointer|
|kernel_out_write    |  out|    1|     ap_fifo|                                                kernel_out|       pointer|
+--------------------+-----+-----+------------+----------------------------------------------------------+--------------+

