================================================================
== Design Size Report
================================================================

* Total Instructions per Compilation Phase
+---------------+-----------------------------+--------------+----------------------------------------------------------------------------------------+
| Phase         | Step                        | Instructions | Description                                                                            |
+---------------+-----------------------------+--------------+----------------------------------------------------------------------------------------+
| Compile/Link  |                             | 7,443        | After all functions are compiled and linked into a single design                       |
|               |                             |              |                                                                                        |
| Unroll/Inline |                             |              | After user unroll and inline pragmas are applied                                       |
|               | (1) unroll                  | 1,208        | user unroll pragmas are applied                                                        |
|               | (2) simplification          |   582        | simplification of applied user unroll pragmas                                          |
|               | (3) inline                  |   558        | user inline pragmas are applied                                                        |
|               | (4) simplification          |   558        | simplification of applied user inline pragmas                                          |
|               |                             |              |                                                                                        |
| Array/Struct  |                             |              | After user array partition and struct aggregate/disaggregate pragmas are applied       |
|               | (1) array partition         |   458        | user array partition pragmas are applied                                               |
|               | (2) simplification          |   458        | simplification of applied user array partition & struct aggregate/disaggregate pragmas |
|               | (3) aggregate/disaggregate  |   458        | user struct aggregate/disaggregate pragmas are applied                                 |
|               | (4) array reshape           |   458        | apply array reshape pragmas                                                            |
|               | (5) access patterns         | 2,101        | array access pattern optmizations                                                      |
|               |                             |              |                                                                                        |
| Performance   |                             |              | After transformations are applied to meet performance pragma targets                   |
|               | (1) loop simplification     | 1,831        | loop and instruction simplification                                                    |
|               | (2) parallelization         | 1,831        | loops are unrolled or pipelined to meet performance targets                            |
|               | (3) array partition         | 1,759        | arrays are partitioned to meet performance targets                                     |
|               | (4) simplification          | 1,759        | simplification of design after performance transformations                             |
|               |                             |              |                                                                                        |
| HW Transforms |                             |              | After hardware transfomations                                                          |
|               | (1) lowering                | 1,763        | initial conversion to HW specific instructions                                         |
|               | (2) optimizations           | 1,775        | high level synthesis optimizations                                                     |
+---------------+-----------------------------+--------------+----------------------------------------------------------------------------------------+

* Instructions per Function for each Compilation Phase
+-----------------+----------------+-----------------+---------------+----------------+----------------+---------------+
| Function        | Location       | Compile/Link    | Unroll/Inline | Array/Struct   | Performance    | HW Transforms |
+-----------------+----------------+-----------------+---------------+----------------+----------------+---------------+
| + FIR_HLS       | FIR_HLS.cpp:8  | 7,443           | 558           | 2,101          | 1,759          | 1,775         |
|  + DECIMATOR    | FIR_HLS.cpp:56 | 3,312           | 243           |  394           |  283           |               |
|     FIR_filter  | FIR_HLS.cpp:37 | 2,428 (4 calls) | 196 (4 calls) |  347 (4 calls) |  236 (4 calls) |               |
|    FIR_filter   | FIR_HLS.cpp:37 |  607            |  49           | 1,290          | 1,170          |               |
|  + INTERPOLATOR | FIR_HLS.cpp:89 | 3,473           | 242           |  393           |  282           |               |
|     FIR_filter  | FIR_HLS.cpp:37 | 2,428 (4 calls) | 196 (4 calls) |  347 (4 calls) |  236 (4 calls) |               |
+-----------------+----------------+-----------------+---------------+----------------+----------------+---------------+

* Design Size Message Settings
+---------------------------------------------+--------+------------------------------------------------------------------+
| Message Setting                             | Value  | Description                                                      |
+---------------------------------------------+--------+------------------------------------------------------------------+
| config_compile -design_size_maximum_warning | 100000 | Show a warning when total design instructions exceeds this value |
+---------------------------------------------+--------+------------------------------------------------------------------+


