

================================================================
== Vitis HLS Report for 'FIR_filter'
================================================================
* Date:           Wed Nov 12 23:44:23 2025

* Version:        2024.2 (Build 5238294 on Nov  8 2024)
* Project:        Multirate_v1
* Solution:       hls (Vivado IP Flow Target)
* Product family: zynquplus
* Target device:  xck26-sfvc784-2LV-c


================================================================
== Performance Estimates
================================================================
+ Timing: 
    * Summary: 
    +--------+----------+----------+------------+
    |  Clock |  Target  | Estimated| Uncertainty|
    +--------+----------+----------+------------+
    |ap_clk  |  10.00 ns|  7.255 ns|     2.70 ns|
    +--------+----------+----------+------------+

+ Latency: 
    * Summary: 
    +---------+---------+----------+----------+-----+-----+---------+
    |  Latency (cycles) |  Latency (absolute) |  Interval | Pipeline|
    |   min   |   max   |    min   |    max   | min | max |   Type  |
    +---------+---------+----------+----------+-----+-----+---------+
    |       19|       19|  0.190 us|  0.190 us|    1|    1|      yes|
    +---------+---------+----------+----------+-----+-----+---------+

    + Detail: 
        * Instance: 
        N/A

        * Loop: 
        N/A



================================================================
== Utilization Estimates
================================================================
* Summary: 
+-----------------+---------+------+--------+--------+-----+
|       Name      | BRAM_18K|  DSP |   FF   |   LUT  | URAM|
+-----------------+---------+------+--------+--------+-----+
|DSP              |        -|     -|       -|       -|    -|
|Expression       |        -|     -|       0|   12571|    -|
|FIFO             |        -|     -|       -|       -|    -|
|Instance         |        -|   100|       0|    1000|    -|
|Memory           |        -|     -|       -|       -|    -|
|Multiplexer      |        -|     -|       -|       -|    -|
|Register         |        -|     -|    3797|       -|    -|
+-----------------+---------+------+--------+--------+-----+
|Total            |        0|   100|    3797|   13571|    0|
+-----------------+---------+------+--------+--------+-----+
|Available        |      288|  1248|  234240|  117120|   64|
+-----------------+---------+------+--------+--------+-----+
|Utilization (%)  |        0|     8|       1|      11|    0|
+-----------------+---------+------+--------+--------+-----+

+ Detail: 
    * Instance: 
    +------------------------+--------------------+---------+----+---+----+-----+
    |        Instance        |       Module       | BRAM_18K| DSP| FF| LUT| URAM|
    +------------------------+--------------------+---------+----+---+----+-----+
    |mul_32s_10s_42_1_1_U60  |mul_32s_10s_42_1_1  |        0|   2|  0|  20|    0|
    |mul_32s_10s_42_1_1_U61  |mul_32s_10s_42_1_1  |        0|   2|  0|  20|    0|
    |mul_32s_10s_42_1_1_U62  |mul_32s_10s_42_1_1  |        0|   2|  0|  20|    0|
    |mul_32s_10s_42_1_1_U63  |mul_32s_10s_42_1_1  |        0|   2|  0|  20|    0|
    |mul_32s_10s_42_1_1_U64  |mul_32s_10s_42_1_1  |        0|   2|  0|  20|    0|
    |mul_32s_10s_42_1_1_U65  |mul_32s_10s_42_1_1  |        0|   2|  0|  20|    0|
    |mul_32s_10s_42_1_1_U66  |mul_32s_10s_42_1_1  |        0|   2|  0|  20|    0|
    |mul_32s_10s_42_1_1_U67  |mul_32s_10s_42_1_1  |        0|   2|  0|  20|    0|
    |mul_32s_10s_42_1_1_U68  |mul_32s_10s_42_1_1  |        0|   2|  0|  20|    0|
    |mul_32s_10s_42_1_1_U69  |mul_32s_10s_42_1_1  |        0|   2|  0|  20|    0|
    |mul_32s_11s_43_1_1_U70  |mul_32s_11s_43_1_1  |        0|   2|  0|  20|    0|
    |mul_32s_11s_43_1_1_U71  |mul_32s_11s_43_1_1  |        0|   2|  0|  20|    0|
    |mul_32s_11s_43_1_1_U72  |mul_32s_11s_43_1_1  |        0|   2|  0|  20|    0|
    |mul_32s_11s_43_1_1_U73  |mul_32s_11s_43_1_1  |        0|   2|  0|  20|    0|
    |mul_32s_11s_43_1_1_U74  |mul_32s_11s_43_1_1  |        0|   2|  0|  20|    0|
    |mul_32s_11s_43_1_1_U75  |mul_32s_11s_43_1_1  |        0|   2|  0|  20|    0|
    |mul_32s_11s_43_1_1_U76  |mul_32s_11s_43_1_1  |        0|   2|  0|  20|    0|
    |mul_32s_11s_43_1_1_U77  |mul_32s_11s_43_1_1  |        0|   2|  0|  20|    0|
    |mul_32s_12s_44_1_1_U78  |mul_32s_12s_44_1_1  |        0|   2|  0|  20|    0|
    |mul_32s_12s_44_1_1_U79  |mul_32s_12s_44_1_1  |        0|   2|  0|  20|    0|
    |mul_32s_13s_45_1_1_U80  |mul_32s_13s_45_1_1  |        0|   2|  0|  20|    0|
    |mul_32s_13s_45_1_1_U81  |mul_32s_13s_45_1_1  |        0|   2|  0|  20|    0|
    |mul_32s_6s_38_1_1_U32   |mul_32s_6s_38_1_1   |        0|   2|  0|  20|    0|
    |mul_32s_6s_38_1_1_U33   |mul_32s_6s_38_1_1   |        0|   2|  0|  20|    0|
    |mul_32s_6s_38_1_1_U34   |mul_32s_6s_38_1_1   |        0|   2|  0|  20|    0|
    |mul_32s_6s_38_1_1_U35   |mul_32s_6s_38_1_1   |        0|   2|  0|  20|    0|
    |mul_32s_7s_39_1_1_U36   |mul_32s_7s_39_1_1   |        0|   2|  0|  20|    0|
    |mul_32s_7s_39_1_1_U37   |mul_32s_7s_39_1_1   |        0|   2|  0|  20|    0|
    |mul_32s_7s_39_1_1_U38   |mul_32s_7s_39_1_1   |        0|   2|  0|  20|    0|
    |mul_32s_7s_39_1_1_U39   |mul_32s_7s_39_1_1   |        0|   2|  0|  20|    0|
    |mul_32s_7s_39_1_1_U40   |mul_32s_7s_39_1_1   |        0|   2|  0|  20|    0|
    |mul_32s_7s_39_1_1_U41   |mul_32s_7s_39_1_1   |        0|   2|  0|  20|    0|
    |mul_32s_8s_40_1_1_U42   |mul_32s_8s_40_1_1   |        0|   2|  0|  20|    0|
    |mul_32s_8s_40_1_1_U43   |mul_32s_8s_40_1_1   |        0|   2|  0|  20|    0|
    |mul_32s_8s_40_1_1_U44   |mul_32s_8s_40_1_1   |        0|   2|  0|  20|    0|
    |mul_32s_8s_40_1_1_U45   |mul_32s_8s_40_1_1   |        0|   2|  0|  20|    0|
    |mul_32s_8s_40_1_1_U46   |mul_32s_8s_40_1_1   |        0|   2|  0|  20|    0|
    |mul_32s_8s_40_1_1_U47   |mul_32s_8s_40_1_1   |        0|   2|  0|  20|    0|
    |mul_32s_8s_40_1_1_U48   |mul_32s_8s_40_1_1   |        0|   2|  0|  20|    0|
    |mul_32s_8s_40_1_1_U49   |mul_32s_8s_40_1_1   |        0|   2|  0|  20|    0|
    |mul_32s_8s_40_1_1_U50   |mul_32s_8s_40_1_1   |        0|   2|  0|  20|    0|
    |mul_32s_8s_40_1_1_U51   |mul_32s_8s_40_1_1   |        0|   2|  0|  20|    0|
    |mul_32s_8s_40_1_1_U52   |mul_32s_8s_40_1_1   |        0|   2|  0|  20|    0|
    |mul_32s_8s_40_1_1_U53   |mul_32s_8s_40_1_1   |        0|   2|  0|  20|    0|
    |mul_32s_9s_41_1_1_U54   |mul_32s_9s_41_1_1   |        0|   2|  0|  20|    0|
    |mul_32s_9s_41_1_1_U55   |mul_32s_9s_41_1_1   |        0|   2|  0|  20|    0|
    |mul_32s_9s_41_1_1_U56   |mul_32s_9s_41_1_1   |        0|   2|  0|  20|    0|
    |mul_32s_9s_41_1_1_U57   |mul_32s_9s_41_1_1   |        0|   2|  0|  20|    0|
    |mul_32s_9s_41_1_1_U58   |mul_32s_9s_41_1_1   |        0|   2|  0|  20|    0|
    |mul_32s_9s_41_1_1_U59   |mul_32s_9s_41_1_1   |        0|   2|  0|  20|    0|
    +------------------------+--------------------+---------+----+---+----+-----+
    |Total                   |                    |        0| 100|  0|1000|    0|
    +------------------------+--------------------+---------+----+---+----+-----+

    * DSP: 
    N/A

    * Memory: 
    N/A

    * FIFO: 
    N/A

    * Expression: 
    +-------------------------+----------+----+---+-----+------------+------------+
    |      Variable Name      | Operation| DSP| FF| LUT | Bitwidth P0| Bitwidth P1|
    +-------------------------+----------+----+---+-----+------------+------------+
    |add_ln45_100_fu_6934_p2  |         +|   0|  0|   54|          47|          47|
    |add_ln45_101_fu_7002_p2  |         +|   0|  0|   54|          47|          47|
    |add_ln45_102_fu_7039_p2  |         +|   0|  0|   54|          47|          47|
    |add_ln45_103_fu_7119_p2  |         +|   0|  0|   54|          47|          47|
    |add_ln45_104_fu_7209_p2  |         +|   0|  0|   54|          47|          47|
    |add_ln45_105_fu_7294_p2  |         +|   0|  0|   54|          47|          47|
    |add_ln45_106_fu_7321_p2  |         +|   0|  0|   54|          47|          47|
    |add_ln45_107_fu_7411_p2  |         +|   0|  0|   54|          47|          47|
    |add_ln45_108_fu_7473_p2  |         +|   0|  0|   54|          47|          47|
    |add_ln45_109_fu_7510_p2  |         +|   0|  0|   54|          47|          47|
    |add_ln45_10_fu_916_p2    |         +|   0|  0|   54|          47|          47|
    |add_ln45_110_fu_7547_p2  |         +|   0|  0|   54|          47|          47|
    |add_ln45_111_fu_7641_p2  |         +|   0|  0|   54|          47|          47|
    |add_ln45_112_fu_7681_p2  |         +|   0|  0|   54|          47|          47|
    |add_ln45_113_fu_7741_p2  |         +|   0|  0|   54|          47|          47|
    |add_ln45_114_fu_7778_p2  |         +|   0|  0|   54|          47|          47|
    |add_ln45_115_fu_7850_p2  |         +|   0|  0|   54|          47|          47|
    |add_ln45_116_fu_7922_p2  |         +|   0|  0|   54|          47|          47|
    |add_ln45_117_fu_7998_p2  |         +|   0|  0|   54|          47|          47|
    |add_ln45_118_fu_8048_p2  |         +|   0|  0|   54|          47|          47|
    |add_ln45_119_fu_8128_p2  |         +|   0|  0|   54|          47|          47|
    |add_ln45_11_fu_943_p2    |         +|   0|  0|   54|          47|          47|
    |add_ln45_120_fu_8170_p2  |         +|   0|  0|   54|          47|          47|
    |add_ln45_121_fu_8207_p2  |         +|   0|  0|   54|          47|          47|
    |add_ln45_122_fu_8269_p2  |         +|   0|  0|   54|          47|          47|
    |add_ln45_123_fu_801_p2   |         +|   0|  0|   39|          39|          39|
    |add_ln45_124_fu_1296_p2  |         +|   0|  0|   40|          40|          40|
    |add_ln45_125_fu_1302_p2  |         +|   0|  0|   40|          40|          40|
    |add_ln45_126_fu_1496_p2  |         +|   0|  0|   47|          40|          40|
    |add_ln45_127_fu_1520_p2  |         +|   0|  0|   40|          40|          40|
    |add_ln45_128_fu_1735_p2  |         +|   0|  0|   40|          40|          40|
    |add_ln45_129_fu_1741_p2  |         +|   0|  0|   40|          40|          40|
    |add_ln45_12_fu_1015_p2   |         +|   0|  0|   54|          47|          47|
    |add_ln45_130_fu_1803_p2  |         +|   0|  0|   40|          40|          40|
    |add_ln45_131_fu_2008_p2  |         +|   0|  0|   48|          41|          41|
    |add_ln45_132_fu_2026_p2  |         +|   0|  0|   41|          41|          41|
    |add_ln45_133_fu_2032_p2  |         +|   0|  0|   41|          41|          41|
    |add_ln45_134_fu_2244_p2  |         +|   0|  0|   41|          41|          41|
    |add_ln45_135_fu_2268_p2  |         +|   0|  0|   41|          41|          41|
    |add_ln45_136_fu_2511_p2  |         +|   0|  0|   42|          42|          42|
    |add_ln45_137_fu_2529_p2  |         +|   0|  0|   42|          42|          42|
    |add_ln45_138_fu_2749_p2  |         +|   0|  0|   49|          42|          42|
    |add_ln45_139_fu_2767_p2  |         +|   0|  0|   42|          42|          42|
    |add_ln45_13_fu_1087_p2   |         +|   0|  0|   54|          47|          47|
    |add_ln45_140_fu_2785_p2  |         +|   0|  0|   42|          42|          42|
    |add_ln45_141_fu_2925_p2  |         +|   0|  0|   48|          41|          41|
    |add_ln45_142_fu_2943_p2  |         +|   0|  0|   41|          41|          41|
    |add_ln45_143_fu_2949_p2  |         +|   0|  0|   41|          41|          41|
    |add_ln45_144_fu_3025_p2  |         +|   0|  0|   42|          42|          42|
    |add_ln45_145_fu_3031_p2  |         +|   0|  0|   42|          42|          42|
    |add_ln45_146_fu_3218_p2  |         +|   0|  0|   42|          42|          42|
    |add_ln45_147_fu_3236_p2  |         +|   0|  0|   42|          42|          42|
    |add_ln45_148_fu_3320_p2  |         +|   0|  0|   42|          42|          42|
    |add_ln45_149_fu_3483_p2  |         +|   0|  0|   50|          43|          43|
    |add_ln45_14_fu_1124_p2   |         +|   0|  0|   54|          47|          47|
    |add_ln45_150_fu_3519_p2  |         +|   0|  0|   43|          43|          43|
    |add_ln45_151_fu_3771_p2  |         +|   0|  0|   43|          43|          43|
    |add_ln45_152_fu_3895_p2  |         +|   0|  0|   43|          43|          43|
    |add_ln45_153_fu_4050_p2  |         +|   0|  0|   44|          44|          44|
    |add_ln45_154_fu_4118_p2  |         +|   0|  0|   50|          43|          43|
    |add_ln45_155_fu_4154_p2  |         +|   0|  0|   43|          43|          43|
    |add_ln45_156_fu_4311_p2  |         +|   0|  0|   47|          47|          47|
    |add_ln45_157_fu_4329_p2  |         +|   0|  0|   47|          47|          47|
    |add_ln45_158_fu_4347_p2  |         +|   0|  0|   47|          47|          47|
    |add_ln45_159_fu_4365_p2  |         +|   0|  0|   47|          47|          47|
    |add_ln45_15_fu_1200_p2   |         +|   0|  0|   54|          47|          47|
    |add_ln45_160_fu_4383_p2  |         +|   0|  0|   47|          47|          47|
    |add_ln45_161_fu_4445_p2  |         +|   0|  0|   54|          47|          47|
    |add_ln45_162_fu_4463_p2  |         +|   0|  0|   47|          47|          47|
    |add_ln45_163_fu_4487_p2  |         +|   0|  0|   47|          47|          47|
    |add_ln45_164_fu_4545_p2  |         +|   0|  0|   47|          47|          47|
    |add_ln45_165_fu_4563_p2  |         +|   0|  0|   47|          47|          47|
    |add_ln45_166_fu_4581_p2  |         +|   0|  0|   47|          47|          47|
    |add_ln45_167_fu_4599_p2  |         +|   0|  0|   47|          47|          47|
    |add_ln45_168_fu_4617_p2  |         +|   0|  0|   47|          47|          47|
    |add_ln45_169_fu_4749_p2  |         +|   0|  0|   50|          43|          43|
    |add_ln45_16_fu_1240_p2   |         +|   0|  0|   54|          47|          47|
    |add_ln45_170_fu_4785_p2  |         +|   0|  0|   43|          43|          43|
    |add_ln45_171_fu_4861_p2  |         +|   0|  0|   44|          44|          44|
    |add_ln45_172_fu_5060_p2  |         +|   0|  0|   43|          43|          43|
    |add_ln45_173_fu_5176_p2  |         +|   0|  0|   43|          43|          43|
    |add_ln45_174_fu_5413_p2  |         +|   0|  0|   50|          43|          43|
    |add_ln45_175_fu_5449_p2  |         +|   0|  0|   43|          43|          43|
    |add_ln45_176_fu_5607_p2  |         +|   0|  0|   42|          42|          42|
    |add_ln45_177_fu_5737_p2  |         +|   0|  0|   42|          42|          42|
    |add_ln45_178_fu_5754_p2  |         +|   0|  0|   42|          42|          42|
    |add_ln45_179_fu_5892_p2  |         +|   0|  0|   42|          42|          42|
    |add_ln45_17_fu_1312_p2   |         +|   0|  0|   54|          47|          47|
    |add_ln45_180_fu_5898_p2  |         +|   0|  0|   42|          42|          42|
    |add_ln45_181_fu_5964_p2  |         +|   0|  0|   48|          41|          41|
    |add_ln45_182_fu_5982_p2  |         +|   0|  0|   41|          41|          41|
    |add_ln45_183_fu_5988_p2  |         +|   0|  0|   41|          41|          41|
    |add_ln45_184_fu_6145_p2  |         +|   0|  0|   49|          42|          42|
    |add_ln45_185_fu_6163_p2  |         +|   0|  0|   42|          42|          42|
    |add_ln45_186_fu_6181_p2  |         +|   0|  0|   42|          42|          42|
    |add_ln45_187_fu_6379_p2  |         +|   0|  0|   42|          42|          42|
    |add_ln45_188_fu_6397_p2  |         +|   0|  0|   42|          42|          42|
    |add_ln45_189_fu_6655_p2  |         +|   0|  0|   41|          41|          41|
    |add_ln45_18_fu_1349_p2   |         +|   0|  0|   54|          47|          47|
    |add_ln45_190_fu_6679_p2  |         +|   0|  0|   41|          41|          41|
    |add_ln45_191_fu_6900_p2  |         +|   0|  0|   48|          41|          41|
    |add_ln45_192_fu_6918_p2  |         +|   0|  0|   41|          41|          41|
    |add_ln45_193_fu_6924_p2  |         +|   0|  0|   41|          41|          41|
    |add_ln45_194_fu_7091_p2  |         +|   0|  0|   40|          40|          40|
    |add_ln45_195_fu_7193_p2  |         +|   0|  0|   40|          40|          40|
    |add_ln45_196_fu_7199_p2  |         +|   0|  0|   40|          40|          40|
    |add_ln45_197_fu_7377_p2  |         +|   0|  0|   47|          40|          40|
    |add_ln45_198_fu_7401_p2  |         +|   0|  0|   40|          40|          40|
    |add_ln45_199_fu_7625_p2  |         +|   0|  0|   40|          40|          40|
    |add_ln45_19_fu_1386_p2   |         +|   0|  0|   54|          47|          47|
    |add_ln45_200_fu_7631_p2  |         +|   0|  0|   40|          40|          40|
    |add_ln45_201_fu_8100_p2  |         +|   0|  0|   39|          39|          39|
    |add_ln45_20_fu_1448_p2   |         +|   0|  0|   54|          47|          47|
    |add_ln45_21_fu_1607_p2   |         +|   0|  0|   54|          47|          47|
    |add_ln45_22_fu_1634_p2   |         +|   0|  0|   54|          47|          47|
    |add_ln45_23_fu_1661_p2   |         +|   0|  0|   54|          47|          47|
    |add_ln45_24_fu_1751_p2   |         +|   0|  0|   54|          47|          47|
    |add_ln45_25_fu_1831_p2   |         +|   0|  0|   54|          47|          47|
    |add_ln45_26_fu_1868_p2   |         +|   0|  0|   54|          47|          47|
    |add_ln45_27_fu_1952_p2   |         +|   0|  0|   54|          47|          47|
    |add_ln45_28_fu_2042_p2   |         +|   0|  0|   54|          47|          47|
    |add_ln45_29_fu_2096_p2   |         +|   0|  0|   54|          47|          47|
    |add_ln45_30_fu_2133_p2   |         +|   0|  0|   54|          47|          47|
    |add_ln45_31_fu_2170_p2   |         +|   0|  0|   54|          47|          47|
    |add_ln45_32_fu_2278_p2   |         +|   0|  0|   54|          47|          47|
    |add_ln45_33_fu_2372_p2   |         +|   0|  0|   54|          47|          47|
    |add_ln45_34_fu_2399_p2   |         +|   0|  0|   54|          47|          47|
    |add_ln45_35_fu_2459_p2   |         +|   0|  0|   54|          47|          47|
    |add_ln45_36_fu_2539_p2   |         +|   0|  0|   54|          47|          47|
    |add_ln45_37_fu_2576_p2   |         +|   0|  0|   54|          47|          47|
    |add_ln45_38_fu_2613_p2   |         +|   0|  0|   54|          47|          47|
    |add_ln45_39_fu_2697_p2   |         +|   0|  0|   54|          47|          47|
    |add_ln45_40_fu_2795_p2   |         +|   0|  0|   54|          47|          47|
    |add_ln45_41_fu_2832_p2   |         +|   0|  0|   54|          47|          47|
    |add_ln45_42_fu_2869_p2   |         +|   0|  0|   54|          47|          47|
    |add_ln45_43_fu_2959_p2   |         +|   0|  0|   54|          47|          47|
    |add_ln45_44_fu_3112_p2   |         +|   0|  0|   54|          47|          47|
    |add_ln45_45_fu_3139_p2   |         +|   0|  0|   54|          47|          47|
    |add_ln45_46_fu_3166_p2   |         +|   0|  0|   54|          47|          47|
    |add_ln45_47_fu_3246_p2   |         +|   0|  0|   54|          47|          47|
    |add_ln45_48_fu_3336_p2   |         +|   0|  0|   54|          47|          47|
    |add_ln45_49_fu_3373_p2   |         +|   0|  0|   54|          47|          47|
    |add_ln45_50_fu_3431_p2   |         +|   0|  0|   54|          47|          47|
    |add_ln45_51_fu_3529_p2   |         +|   0|  0|   54|          47|          47|
    |add_ln45_52_fu_3609_p2   |         +|   0|  0|   54|          47|          47|
    |add_ln45_53_fu_3646_p2   |         +|   0|  0|   54|          47|          47|
    |add_ln45_54_fu_3683_p2   |         +|   0|  0|   54|          47|          47|
    |add_ln45_55_fu_3781_p2   |         +|   0|  0|   54|          47|          47|
    |add_ln45_56_fu_3922_p2   |         +|   0|  0|   54|          47|          47|
    |add_ln45_57_fu_3949_p2   |         +|   0|  0|   54|          47|          47|
    |add_ln45_58_fu_3976_p2   |         +|   0|  0|   54|          47|          47|
    |add_ln45_59_fu_4066_p2   |         +|   0|  0|   54|          47|          47|
    |add_ln45_60_fu_4164_p2   |         +|   0|  0|   54|          47|          47|
    |add_ln45_61_fu_4201_p2   |         +|   0|  0|   54|          47|          47|
    |add_ln45_62_fu_4259_p2   |         +|   0|  0|   54|          47|          47|
    |add_ln45_63_fu_4389_p2   |         +|   0|  0|   47|          47|          47|
    |add_ln45_64_fu_4493_p2   |         +|   0|  0|   47|          47|          47|
    |add_ln45_65_fu_4623_p2   |         +|   0|  0|   47|          47|          47|
    |add_ln45_66_fu_4660_p2   |         +|   0|  0|   54|          47|          47|
    |add_ln45_67_fu_4697_p2   |         +|   0|  0|   54|          47|          47|
    |add_ln45_68_fu_4795_p2   |         +|   0|  0|   54|          47|          47|
    |add_ln45_69_fu_4954_p2   |         +|   0|  0|   54|          47|          47|
    |add_ln45_70_fu_4981_p2   |         +|   0|  0|   54|          47|          47|
    |add_ln45_71_fu_5008_p2   |         +|   0|  0|   54|          47|          47|
    |add_ln45_72_fu_5088_p2   |         +|   0|  0|   54|          47|          47|
    |add_ln45_73_fu_5186_p2   |         +|   0|  0|   54|          47|          47|
    |add_ln45_74_fu_5223_p2   |         +|   0|  0|   54|          47|          47|
    |add_ln45_75_fu_5281_p2   |         +|   0|  0|   54|          47|          47|
    |add_ln45_76_fu_5361_p2   |         +|   0|  0|   54|          47|          47|
    |add_ln45_77_fu_5459_p2   |         +|   0|  0|   54|          47|          47|
    |add_ln45_78_fu_5496_p2   |         +|   0|  0|   54|          47|          47|
    |add_ln45_79_fu_5533_p2   |         +|   0|  0|   54|          47|          47|
    |add_ln45_80_fu_5623_p2   |         +|   0|  0|   54|          47|          47|
    |add_ln45_81_fu_5764_p2   |         +|   0|  0|   54|          47|          47|
    |add_ln45_82_fu_5791_p2   |         +|   0|  0|   54|          47|          47|
    |add_ln45_83_fu_5818_p2   |         +|   0|  0|   54|          47|          47|
    |add_ln45_84_fu_5908_p2   |         +|   0|  0|   54|          47|          47|
    |add_ln45_85_fu_5998_p2   |         +|   0|  0|   54|          47|          47|
    |add_ln45_86_fu_6035_p2   |         +|   0|  0|   54|          47|          47|
    |add_ln45_87_fu_6093_p2   |         +|   0|  0|   54|          47|          47|
    |add_ln45_88_fu_6191_p2   |         +|   0|  0|   54|          47|          47|
    |add_ln45_89_fu_6253_p2   |         +|   0|  0|   54|          47|          47|
    |add_ln45_90_fu_6290_p2   |         +|   0|  0|   54|          47|          47|
    |add_ln45_91_fu_6327_p2   |         +|   0|  0|   54|          47|          47|
    |add_ln45_92_fu_6407_p2   |         +|   0|  0|   54|          47|          47|
    |add_ln45_93_fu_6514_p2   |         +|   0|  0|   54|          47|          47|
    |add_ln45_94_fu_6541_p2   |         +|   0|  0|   54|          47|          47|
    |add_ln45_95_fu_6581_p2   |         +|   0|  0|   54|          47|          47|
    |add_ln45_96_fu_6689_p2   |         +|   0|  0|   54|          47|          47|
    |add_ln45_97_fu_6726_p2   |         +|   0|  0|   54|          47|          47|
    |add_ln45_98_fu_6763_p2   |         +|   0|  0|   54|          47|          47|
    |add_ln45_99_fu_6844_p2   |         +|   0|  0|   54|          47|          47|
    |add_ln45_9_fu_829_p2     |         +|   0|  0|   54|          47|          47|
    |add_ln45_fu_713_p2       |         +|   0|  0|   47|          40|          40|
    |sub_ln45_10_fu_1005_p2   |         -|   0|  0|   37|          37|          37|
    |sub_ln45_11_fu_1071_p2   |         -|   0|  0|   39|          39|          39|
    |sub_ln45_12_fu_1077_p2   |         -|   0|  0|   39|          39|          39|
    |sub_ln45_13_fu_1184_p2   |         -|   0|  0|   40|           1|          40|
    |sub_ln45_14_fu_1190_p2   |         -|   0|  0|   40|          40|          40|
    |sub_ln45_15_fu_1438_p2   |         -|   0|  0|   46|          39|          39|
    |sub_ln45_16_fu_1514_p2   |         -|   0|  0|   40|          40|          40|
    |sub_ln45_17_fu_1717_p2   |         -|   0|  0|   47|          40|          40|
    |sub_ln45_18_fu_1821_p2   |         -|   0|  0|   40|          40|          40|
    |sub_ln45_19_fu_1924_p2   |         -|   0|  0|   40|           1|          40|
    |sub_ln45_1_fu_8160_p2    |         -|   0|  0|   40|           1|          33|
    |sub_ln45_20_fu_1942_p2   |         -|   0|  0|   40|          40|          40|
    |sub_ln45_21_fu_2086_p2   |         -|   0|  0|   46|          39|          39|
    |sub_ln45_22_fu_2226_p2   |         -|   0|  0|   41|          41|          41|
    |sub_ln45_23_fu_2262_p2   |         -|   0|  0|   41|          41|          41|
    |sub_ln45_24_fu_2443_p2   |         -|   0|  0|   37|           1|          37|
    |sub_ln45_25_fu_2449_p2   |         -|   0|  0|   37|          37|          37|
    |sub_ln45_26_fu_2687_p2   |         -|   0|  0|   46|          39|          39|
    |sub_ln45_27_fu_3007_p2   |         -|   0|  0|   49|          42|          42|
    |sub_ln45_28_fu_3302_p2   |         -|   0|  0|   49|          42|          42|
    |sub_ln45_29_fu_3326_p2   |         -|   0|  0|   42|          42|          42|
    |sub_ln45_30_fu_3501_p2   |         -|   0|  0|   43|          43|          43|
    |sub_ln45_31_fu_3581_p2   |         -|   0|  0|   42|          42|          42|
    |sub_ln45_32_fu_3599_p2   |         -|   0|  0|   42|          42|          42|
    |sub_ln45_33_fu_3735_p2   |         -|   0|  0|   50|          43|          43|
    |sub_ln45_34_fu_3753_p2   |         -|   0|  0|   43|          43|          43|
    |sub_ln45_35_fu_3912_p2   |         -|   0|  0|   43|          43|          43|
    |sub_ln45_36_fu_4032_p2   |         -|   0|  0|   51|          44|          44|
    |sub_ln45_37_fu_4056_p2   |         -|   0|  0|   44|          44|          44|
    |sub_ln45_38_fu_4136_p2   |         -|   0|  0|   43|          43|          43|
    |sub_ln45_39_fu_4481_p2   |         -|   0|  0|   47|          47|          47|
    |sub_ln45_40_fu_4767_p2   |         -|   0|  0|   43|          43|          43|
    |sub_ln45_41_fu_4843_p2   |         -|   0|  0|   51|          44|          44|
    |sub_ln45_42_fu_4867_p2   |         -|   0|  0|   44|          44|          44|
    |sub_ln45_43_fu_5078_p2   |         -|   0|  0|   43|          43|          43|
    |sub_ln45_44_fu_5140_p2   |         -|   0|  0|   50|          43|          43|
    |sub_ln45_45_fu_5158_p2   |         -|   0|  0|   43|          43|          43|
    |sub_ln45_46_fu_5333_p2   |         -|   0|  0|   42|          42|          42|
    |sub_ln45_47_fu_5351_p2   |         -|   0|  0|   42|          42|          42|
    |sub_ln45_48_fu_5431_p2   |         -|   0|  0|   43|          43|          43|
    |sub_ln45_49_fu_5589_p2   |         -|   0|  0|   49|          42|          42|
    |sub_ln45_50_fu_5613_p2   |         -|   0|  0|   42|          42|          42|
    |sub_ln45_51_fu_5874_p2   |         -|   0|  0|   49|          42|          42|
    |sub_ln45_52_fu_6243_p2   |         -|   0|  0|   46|          39|          39|
    |sub_ln45_53_fu_6498_p2   |         -|   0|  0|   37|           1|          37|
    |sub_ln45_54_fu_6504_p2   |         -|   0|  0|   37|          37|          37|
    |sub_ln45_55_fu_6637_p2   |         -|   0|  0|   41|          41|          41|
    |sub_ln45_56_fu_6673_p2   |         -|   0|  0|   41|          41|          41|
    |sub_ln45_57_fu_6799_p2   |         -|   0|  0|   46|          39|          39|
    |sub_ln45_58_fu_6974_p2   |         -|   0|  0|   40|           1|          40|
    |sub_ln45_59_fu_6992_p2   |         -|   0|  0|   40|          40|          40|
    |sub_ln45_60_fu_7109_p2   |         -|   0|  0|   40|          40|          40|
    |sub_ln45_61_fu_7175_p2   |         -|   0|  0|   47|          40|          40|
    |sub_ln45_62_fu_7395_p2   |         -|   0|  0|   40|          40|          40|
    |sub_ln45_63_fu_7463_p2   |         -|   0|  0|   46|          39|          39|
    |sub_ln45_64_fu_7725_p2   |         -|   0|  0|   40|           1|          40|
    |sub_ln45_65_fu_7731_p2   |         -|   0|  0|   40|          40|          40|
    |sub_ln45_66_fu_7834_p2   |         -|   0|  0|   39|          39|          39|
    |sub_ln45_67_fu_7840_p2   |         -|   0|  0|   39|          39|          39|
    |sub_ln45_68_fu_7906_p2   |         -|   0|  0|   37|          37|          37|
    |sub_ln45_69_fu_7912_p2   |         -|   0|  0|   37|          37|          37|
    |sub_ln45_6_fu_749_p2     |         -|   0|  0|   54|          47|          47|
    |sub_ln45_70_fu_8038_p2   |         -|   0|  0|   44|           1|          37|
    |sub_ln45_71_fu_8118_p2   |         -|   0|  0|   39|          39|          39|
    |sub_ln45_72_fu_8259_p2   |         -|   0|  0|   46|          39|          39|
    |sub_ln45_7_fu_819_p2     |         -|   0|  0|   39|          39|          39|
    |sub_ln45_8_fu_906_p2     |         -|   0|  0|   44|           1|          37|
    |sub_ln45_9_fu_999_p2     |         -|   0|  0|   37|          37|          37|
    |sub_ln45_fu_676_p2       |         -|   0|  0|   46|          39|          39|
    |ap_enable_pp0            |       xor|   0|  0|    2|           1|           2|
    +-------------------------+----------+----+---+-----+------------+------------+
    |Total                    |          |   0|  0|12571|       11209|       11542|
    +-------------------------+----------+----+---+-----+------------+------------+

    * Multiplexer: 
    N/A

    * Register: 
    +---------------------------------------------+----+----+-----+-----------+
    |                     Name                    | FF | LUT| Bits| Const Bits|
    +---------------------------------------------+----+----+-----+-----------+
    |add_ln45_127_reg_8349                        |  24|   0|   40|         16|
    |add_ln45_145_reg_8414                        |  26|   0|   42|         16|
    |ap_CS_fsm                                    |   1|   0|    1|          0|
    |ap_enable_reg_pp0_iter1                      |   1|   0|    1|          0|
    |ap_enable_reg_pp0_iter10                     |   1|   0|    1|          0|
    |ap_enable_reg_pp0_iter11                     |   1|   0|    1|          0|
    |ap_enable_reg_pp0_iter12                     |   1|   0|    1|          0|
    |ap_enable_reg_pp0_iter13                     |   1|   0|    1|          0|
    |ap_enable_reg_pp0_iter14                     |   1|   0|    1|          0|
    |ap_enable_reg_pp0_iter15                     |   1|   0|    1|          0|
    |ap_enable_reg_pp0_iter16                     |   1|   0|    1|          0|
    |ap_enable_reg_pp0_iter17                     |   1|   0|    1|          0|
    |ap_enable_reg_pp0_iter18                     |   1|   0|    1|          0|
    |ap_enable_reg_pp0_iter19                     |   1|   0|    1|          0|
    |ap_enable_reg_pp0_iter2                      |   1|   0|    1|          0|
    |ap_enable_reg_pp0_iter3                      |   1|   0|    1|          0|
    |ap_enable_reg_pp0_iter4                      |   1|   0|    1|          0|
    |ap_enable_reg_pp0_iter5                      |   1|   0|    1|          0|
    |ap_enable_reg_pp0_iter6                      |   1|   0|    1|          0|
    |ap_enable_reg_pp0_iter7                      |   1|   0|    1|          0|
    |ap_enable_reg_pp0_iter8                      |   1|   0|    1|          0|
    |ap_enable_reg_pp0_iter9                      |   1|   0|    1|          0|
    |mul_ln45_10_reg_8354                         |  40|   0|   40|          0|
    |mul_ln45_11_reg_8364                         |  40|   0|   40|          0|
    |mul_ln45_15_reg_8394                         |  41|   0|   41|          0|
    |mul_ln45_20_reg_8419                         |  41|   0|   41|          0|
    |mul_ln45_21_reg_8429                         |  42|   0|   42|          0|
    |mul_ln45_23_reg_8444                         |  42|   0|   42|          0|
    |mul_ln45_26_reg_8461                         |  44|   0|   44|          0|
    |mul_ln45_27_reg_8471                         |  43|   0|   43|          0|
    |mul_ln45_29_reg_8486                         |  43|   0|   43|          0|
    |mul_ln45_32_reg_8501                         |  43|   0|   43|          0|
    |mul_ln45_33_reg_8511                         |  44|   0|   44|          0|
    |mul_ln45_35_reg_8526                         |  43|   0|   43|          0|
    |mul_ln45_38_reg_8543                         |  42|   0|   42|          0|
    |mul_ln45_39_reg_8553                         |  41|   0|   41|          0|
    |mul_ln45_41_reg_8568                         |  40|   0|   40|          0|
    |mul_ln45_44_reg_8589                         |  41|   0|   41|          0|
    |mul_ln45_48_reg_8614                         |  40|   0|   40|          0|
    |mul_ln45_49_reg_8624                         |  40|   0|   40|          0|
    |mul_ln45_53_reg_8649                         |  39|   0|   39|          0|
    |mul_ln45_6_reg_8329                          |  39|   0|   39|          0|
    |p_ZL19H_filter_FIR_kernel_0                  |  16|   0|   32|         16|
    |p_ZL19H_filter_FIR_kernel_1                  |  16|   0|   32|         16|
    |p_ZL19H_filter_FIR_kernel_10                 |  16|   0|   32|         16|
    |p_ZL19H_filter_FIR_kernel_100                |  16|   0|   32|         16|
    |p_ZL19H_filter_FIR_kernel_101                |  16|   0|   32|         16|
    |p_ZL19H_filter_FIR_kernel_102                |  16|   0|   32|         16|
    |p_ZL19H_filter_FIR_kernel_103                |  16|   0|   32|         16|
    |p_ZL19H_filter_FIR_kernel_104                |  16|   0|   32|         16|
    |p_ZL19H_filter_FIR_kernel_105                |  16|   0|   32|         16|
    |p_ZL19H_filter_FIR_kernel_106                |  16|   0|   32|         16|
    |p_ZL19H_filter_FIR_kernel_107                |  16|   0|   32|         16|
    |p_ZL19H_filter_FIR_kernel_108                |  16|   0|   32|         16|
    |p_ZL19H_filter_FIR_kernel_108_load_reg_8334  |  16|   0|   32|         16|
    |p_ZL19H_filter_FIR_kernel_109                |  16|   0|   32|         16|
    |p_ZL19H_filter_FIR_kernel_11                 |  16|   0|   32|         16|
    |p_ZL19H_filter_FIR_kernel_110                |  16|   0|   32|         16|
    |p_ZL19H_filter_FIR_kernel_111                |  16|   0|   32|         16|
    |p_ZL19H_filter_FIR_kernel_111_load_reg_8324  |  16|   0|   32|         16|
    |p_ZL19H_filter_FIR_kernel_112                |  16|   0|   32|         16|
    |p_ZL19H_filter_FIR_kernel_112_load_reg_8319  |  16|   0|   32|         16|
    |p_ZL19H_filter_FIR_kernel_113                |  16|   0|   32|         16|
    |p_ZL19H_filter_FIR_kernel_114                |  16|   0|   32|         16|
    |p_ZL19H_filter_FIR_kernel_115                |  16|   0|   32|         16|
    |p_ZL19H_filter_FIR_kernel_12                 |  16|   0|   32|         16|
    |p_ZL19H_filter_FIR_kernel_12_load_reg_8629   |  16|   0|   32|         16|
    |p_ZL19H_filter_FIR_kernel_13                 |  16|   0|   32|         16|
    |p_ZL19H_filter_FIR_kernel_14                 |  16|   0|   32|         16|
    |p_ZL19H_filter_FIR_kernel_15                 |  16|   0|   32|         16|
    |p_ZL19H_filter_FIR_kernel_16                 |  16|   0|   32|         16|
    |p_ZL19H_filter_FIR_kernel_16_load_reg_8619   |  16|   0|   32|         16|
    |p_ZL19H_filter_FIR_kernel_17                 |  16|   0|   32|         16|
    |p_ZL19H_filter_FIR_kernel_18                 |  16|   0|   32|         16|
    |p_ZL19H_filter_FIR_kernel_19                 |  16|   0|   32|         16|
    |p_ZL19H_filter_FIR_kernel_2                  |  16|   0|   32|         16|
    |p_ZL19H_filter_FIR_kernel_20                 |  16|   0|   32|         16|
    |p_ZL19H_filter_FIR_kernel_21                 |  16|   0|   32|         16|
    |p_ZL19H_filter_FIR_kernel_22                 |  16|   0|   32|         16|
    |p_ZL19H_filter_FIR_kernel_23                 |  16|   0|   32|         16|
    |p_ZL19H_filter_FIR_kernel_23_load_reg_8599   |  16|   0|   32|         16|
    |p_ZL19H_filter_FIR_kernel_24                 |  16|   0|   32|         16|
    |p_ZL19H_filter_FIR_kernel_25                 |  16|   0|   32|         16|
    |p_ZL19H_filter_FIR_kernel_26                 |  16|   0|   32|         16|
    |p_ZL19H_filter_FIR_kernel_27                 |  16|   0|   32|         16|
    |p_ZL19H_filter_FIR_kernel_28                 |  16|   0|   32|         16|
    |p_ZL19H_filter_FIR_kernel_28_load_reg_8584   |  16|   0|   32|         16|
    |p_ZL19H_filter_FIR_kernel_29                 |  16|   0|   32|         16|
    |p_ZL19H_filter_FIR_kernel_29_load_reg_8578   |  16|   0|   32|         16|
    |p_ZL19H_filter_FIR_kernel_3                  |  16|   0|   32|         16|
    |p_ZL19H_filter_FIR_kernel_30                 |  16|   0|   32|         16|
    |p_ZL19H_filter_FIR_kernel_31                 |  16|   0|   32|         16|
    |p_ZL19H_filter_FIR_kernel_32                 |  16|   0|   32|         16|
    |p_ZL19H_filter_FIR_kernel_33                 |  16|   0|   32|         16|
    |p_ZL19H_filter_FIR_kernel_34                 |  16|   0|   32|         16|
    |p_ZL19H_filter_FIR_kernel_35                 |  16|   0|   32|         16|
    |p_ZL19H_filter_FIR_kernel_35_load_reg_8563   |  16|   0|   32|         16|
    |p_ZL19H_filter_FIR_kernel_36                 |  16|   0|   32|         16|
    |p_ZL19H_filter_FIR_kernel_37                 |  16|   0|   32|         16|
    |p_ZL19H_filter_FIR_kernel_38                 |  16|   0|   32|         16|
    |p_ZL19H_filter_FIR_kernel_39                 |  16|   0|   32|         16|
    |p_ZL19H_filter_FIR_kernel_39_load_reg_8548   |  16|   0|   32|         16|
    |p_ZL19H_filter_FIR_kernel_4                  |  16|   0|   32|         16|
    |p_ZL19H_filter_FIR_kernel_40                 |  16|   0|   32|         16|
    |p_ZL19H_filter_FIR_kernel_41                 |  16|   0|   32|         16|
    |p_ZL19H_filter_FIR_kernel_41_load_reg_8536   |  16|   0|   32|         16|
    |p_ZL19H_filter_FIR_kernel_42                 |  16|   0|   32|         16|
    |p_ZL19H_filter_FIR_kernel_43                 |  16|   0|   32|         16|
    |p_ZL19H_filter_FIR_kernel_44                 |  16|   0|   32|         16|
    |p_ZL19H_filter_FIR_kernel_45                 |  16|   0|   32|         16|
    |p_ZL19H_filter_FIR_kernel_46                 |  16|   0|   32|         16|
    |p_ZL19H_filter_FIR_kernel_47                 |  16|   0|   32|         16|
    |p_ZL19H_filter_FIR_kernel_47_load_reg_8521   |  16|   0|   32|         16|
    |p_ZL19H_filter_FIR_kernel_48                 |  16|   0|   32|         16|
    |p_ZL19H_filter_FIR_kernel_49                 |  16|   0|   32|         16|
    |p_ZL19H_filter_FIR_kernel_5                  |  16|   0|   32|         16|
    |p_ZL19H_filter_FIR_kernel_50                 |  16|   0|   32|         16|
    |p_ZL19H_filter_FIR_kernel_51                 |  16|   0|   32|         16|
    |p_ZL19H_filter_FIR_kernel_51_load_reg_8506   |  16|   0|   32|         16|
    |p_ZL19H_filter_FIR_kernel_52                 |  16|   0|   32|         16|
    |p_ZL19H_filter_FIR_kernel_53                 |  16|   0|   32|         16|
    |p_ZL19H_filter_FIR_kernel_54                 |  16|   0|   32|         16|
    |p_ZL19H_filter_FIR_kernel_55                 |  16|   0|   32|         16|
    |p_ZL19H_filter_FIR_kernel_56                 |  16|   0|   32|         16|
    |p_ZL19H_filter_FIR_kernel_57                 |  16|   0|   32|         16|
    |p_ZL19H_filter_FIR_kernel_58                 |  16|   0|   32|         16|
    |p_ZL19H_filter_FIR_kernel_59                 |  16|   0|   32|         16|
    |p_ZL19H_filter_FIR_kernel_5_load_reg_8644    |  16|   0|   32|         16|
    |p_ZL19H_filter_FIR_kernel_6                  |  16|   0|   32|         16|
    |p_ZL19H_filter_FIR_kernel_60                 |  16|   0|   32|         16|
    |p_ZL19H_filter_FIR_kernel_60_load_reg_8481   |  16|   0|   32|         16|
    |p_ZL19H_filter_FIR_kernel_61                 |  16|   0|   32|         16|
    |p_ZL19H_filter_FIR_kernel_62                 |  16|   0|   32|         16|
    |p_ZL19H_filter_FIR_kernel_63                 |  16|   0|   32|         16|
    |p_ZL19H_filter_FIR_kernel_64                 |  16|   0|   32|         16|
    |p_ZL19H_filter_FIR_kernel_64_load_reg_8466   |  16|   0|   32|         16|
    |p_ZL19H_filter_FIR_kernel_65                 |  16|   0|   32|         16|
    |p_ZL19H_filter_FIR_kernel_66                 |  16|   0|   32|         16|
    |p_ZL19H_filter_FIR_kernel_66_load_reg_8454   |  16|   0|   32|         16|
    |p_ZL19H_filter_FIR_kernel_67                 |  16|   0|   32|         16|
    |p_ZL19H_filter_FIR_kernel_68                 |  16|   0|   32|         16|
    |p_ZL19H_filter_FIR_kernel_69                 |  16|   0|   32|         16|
    |p_ZL19H_filter_FIR_kernel_7                  |  16|   0|   32|         16|
    |p_ZL19H_filter_FIR_kernel_70                 |  16|   0|   32|         16|
    |p_ZL19H_filter_FIR_kernel_71                 |  16|   0|   32|         16|
    |p_ZL19H_filter_FIR_kernel_72                 |  16|   0|   32|         16|
    |p_ZL19H_filter_FIR_kernel_72_load_reg_8439   |  16|   0|   32|         16|
    |p_ZL19H_filter_FIR_kernel_73                 |  16|   0|   32|         16|
    |p_ZL19H_filter_FIR_kernel_74                 |  16|   0|   32|         16|
    |p_ZL19H_filter_FIR_kernel_75                 |  16|   0|   32|         16|
    |p_ZL19H_filter_FIR_kernel_76                 |  16|   0|   32|         16|
    |p_ZL19H_filter_FIR_kernel_76_load_reg_8424   |  16|   0|   32|         16|
    |p_ZL19H_filter_FIR_kernel_77                 |  16|   0|   32|         16|
    |p_ZL19H_filter_FIR_kernel_78                 |  16|   0|   32|         16|
    |p_ZL19H_filter_FIR_kernel_79                 |  16|   0|   32|         16|
    |p_ZL19H_filter_FIR_kernel_8                  |  16|   0|   32|         16|
    |p_ZL19H_filter_FIR_kernel_80                 |  16|   0|   32|         16|
    |p_ZL19H_filter_FIR_kernel_81                 |  16|   0|   32|         16|
    |p_ZL19H_filter_FIR_kernel_82                 |  16|   0|   32|         16|
    |p_ZL19H_filter_FIR_kernel_83                 |  16|   0|   32|         16|
    |p_ZL19H_filter_FIR_kernel_84                 |  16|   0|   32|         16|
    |p_ZL19H_filter_FIR_kernel_84_load_reg_8399   |  16|   0|   32|         16|
    |p_ZL19H_filter_FIR_kernel_85                 |  16|   0|   32|         16|
    |p_ZL19H_filter_FIR_kernel_86                 |  16|   0|   32|         16|
    |p_ZL19H_filter_FIR_kernel_87                 |  16|   0|   32|         16|
    |p_ZL19H_filter_FIR_kernel_88                 |  16|   0|   32|         16|
    |p_ZL19H_filter_FIR_kernel_88_load_reg_8389   |  16|   0|   32|         16|
    |p_ZL19H_filter_FIR_kernel_89                 |  16|   0|   32|         16|
    |p_ZL19H_filter_FIR_kernel_89_load_reg_8384   |  16|   0|   32|         16|
    |p_ZL19H_filter_FIR_kernel_9                  |  16|   0|   32|         16|
    |p_ZL19H_filter_FIR_kernel_90                 |  16|   0|   32|         16|
    |p_ZL19H_filter_FIR_kernel_91                 |  16|   0|   32|         16|
    |p_ZL19H_filter_FIR_kernel_92                 |  16|   0|   32|         16|
    |p_ZL19H_filter_FIR_kernel_93                 |  16|   0|   32|         16|
    |p_ZL19H_filter_FIR_kernel_94                 |  16|   0|   32|         16|
    |p_ZL19H_filter_FIR_kernel_95                 |  16|   0|   32|         16|
    |p_ZL19H_filter_FIR_kernel_96                 |  16|   0|   32|         16|
    |p_ZL19H_filter_FIR_kernel_96_load_reg_8369   |  16|   0|   32|         16|
    |p_ZL19H_filter_FIR_kernel_97                 |  16|   0|   32|         16|
    |p_ZL19H_filter_FIR_kernel_98                 |  16|   0|   32|         16|
    |p_ZL19H_filter_FIR_kernel_99                 |  16|   0|   32|         16|
    |p_ZL19H_filter_FIR_kernel_99_load_reg_8359   |  16|   0|   32|         16|
    |sub_ln45_42_reg_8496                         |  28|   0|   44|         16|
    |sub_ln45_57_reg_8604                         |  23|   0|   39|         16|
    |tmp_102_reg_8634                             |  32|   0|   32|          0|
    |tmp_108_reg_8639                             |  32|   0|   32|          0|
    |tmp_12_reg_8344                              |  32|   0|   32|          0|
    |tmp_18_reg_8374                              |  32|   0|   32|          0|
    |tmp_1_reg_8314                               |  32|   0|   32|          0|
    |tmp_24_reg_8379                              |  32|   0|   32|          0|
    |tmp_30_reg_8404                              |  32|   0|   32|          0|
    |tmp_35_reg_8409                              |  32|   0|   32|          0|
    |tmp_41_reg_8434                              |  32|   0|   32|          0|
    |tmp_47_reg_8449                              |  32|   0|   32|          0|
    |tmp_53_reg_8476                              |  32|   0|   32|          0|
    |tmp_60_reg_8491                              |  32|   0|   32|          0|
    |tmp_66_reg_8516                              |  32|   0|   32|          0|
    |tmp_6_reg_8339                               |  32|   0|   32|          0|
    |tmp_72_reg_8531                              |  32|   0|   32|          0|
    |tmp_78_reg_8558                              |  32|   0|   32|          0|
    |tmp_84_reg_8573                              |  32|   0|   32|          0|
    |tmp_90_reg_8594                              |  32|   0|   32|          0|
    |tmp_96_reg_8609                              |  32|   0|   32|          0|
    +---------------------------------------------+----+----+-----+-----------+
    |Total                                        |3797|   0| 6101|       2304|
    +---------------------------------------------+----+----+-----+-----------+



================================================================
== Interface
================================================================
* Summary: 
+-----------+-----+-----+------------+--------------+--------------+
| RTL Ports | Dir | Bits|  Protocol  | Source Object|    C Type    |
+-----------+-----+-----+------------+--------------+--------------+
|ap_clk     |   in|    1|  ap_ctrl_hs|    FIR_filter|  return value|
|ap_rst     |   in|    1|  ap_ctrl_hs|    FIR_filter|  return value|
|ap_start   |   in|    1|  ap_ctrl_hs|    FIR_filter|  return value|
|ap_done    |  out|    1|  ap_ctrl_hs|    FIR_filter|  return value|
|ap_idle    |  out|    1|  ap_ctrl_hs|    FIR_filter|  return value|
|ap_ready   |  out|    1|  ap_ctrl_hs|    FIR_filter|  return value|
|ap_return  |  out|   16|  ap_ctrl_hs|    FIR_filter|  return value|
|x_n        |   in|   16|     ap_none|           x_n|        scalar|
+-----------+-----+-----+------------+--------------+--------------+

