

Implementation tool: Xilinx Vivado v.2024.2
Project:             Direct_FIR_DSP_HLS
Solution:            hls
Device target:       xck26-sfvc784-2LV-c
Report date:         Wed Nov 12 18:18:52 +0100 2025

#=== Post-Implementation Resource usage ===
SLICE:            0
LUT:            228
FF:             145
DSP:              1
BRAM:             1
URAM:             0
LATCH:            0
SRL:              0
CLB:             42

#=== Final timing ===
CP required:                     10.000
CP achieved post-synthesis:      4.686
CP achieved post-implementation: 5.075
Timing met
