Copyright 1986-2022 Xilinx, Inc. All Rights Reserved. Copyright 2022-2024 Advanced Micro Devices, Inc. All Rights Reserved.
---------------------------------------------------------------------------------------------------------------------------------------------
| Tool Version : Vivado v.2024.2 (win64) Build 5239630 Fri Nov 08 22:35:27 MST 2024
| Date         : Tue Nov 11 01:35:22 2025
| Host         : DESKTOP-92OKADH running 64-bit major release  (build 9200)
| Command      : report_utilization -hierarchical -hierarchical_depth 5 -file ./report/FIR_HLS_utilization_hierarchical_routed.rpt
| Design       : bd_0_wrapper
| Device       : xck26-sfvc784-2LV-c
| Speed File   : -2LV
| Design State : Routed
---------------------------------------------------------------------------------------------------------------------------------------------

Utilization Design Information

Table of Contents
-----------------
1. Utilization by Hierarchy

1. Utilization by Hierarchy
---------------------------

+-------------------------------------------------------------------+-------------------------------------------------------------------------+------------+------------+---------+------+------+--------+--------+------+------------+
|                              Instance                             |                                  Module                                 | Total LUTs | Logic LUTs | LUTRAMs | SRLs |  FFs | RAMB36 | RAMB18 | URAM | DSP Blocks |
+-------------------------------------------------------------------+-------------------------------------------------------------------------+------------+------------+---------+------+------+--------+--------+------+------------+
| bd_0_wrapper                                                      |                                                                   (top) |       5574 |       5366 |       0 |  208 | 5665 |      0 |      0 |    0 |         81 |
|   bd_0_i                                                          |                                                                    bd_0 |       5574 |       5366 |       0 |  208 | 5665 |      0 |      0 |    0 |         81 |
|     hls_inst                                                      |                                                         bd_0_hls_inst_0 |       5574 |       5366 |       0 |  208 | 5665 |      0 |      0 |    0 |         81 |
|       inst                                                        |                                                 bd_0_hls_inst_0_FIR_HLS |       5574 |       5366 |       0 |  208 | 5665 |      0 |      0 |    0 |         81 |
|         (inst)                                                    |                                                 bd_0_hls_inst_0_FIR_HLS |        120 |        120 |       0 |    0 | 5517 |      0 |      0 |    0 |          0 |
|         am_addmul_16s_16s_10ns_27_4_1_U25                         |                   bd_0_hls_inst_0_FIR_HLS_am_addmul_16s_16s_10ns_27_4_1 |          0 |          0 |       0 |    0 |    0 |      0 |      0 |    0 |          1 |
|           FIR_HLS_am_addmul_16s_16s_10ns_27_4_1_DSP48_0_U         |        bd_0_hls_inst_0_FIR_HLS_am_addmul_16s_16s_10ns_27_4_1_DSP48_0_34 |          0 |          0 |       0 |    0 |    0 |      0 |      0 |    0 |          1 |
|         am_addmul_16s_16s_10ns_27_4_1_U34                         |                 bd_0_hls_inst_0_FIR_HLS_am_addmul_16s_16s_10ns_27_4_1_0 |          0 |          0 |       0 |    0 |    0 |      0 |      0 |    0 |          1 |
|           FIR_HLS_am_addmul_16s_16s_10ns_27_4_1_DSP48_0_U         |           bd_0_hls_inst_0_FIR_HLS_am_addmul_16s_16s_10ns_27_4_1_DSP48_0 |          0 |          0 |       0 |    0 |    0 |      0 |      0 |    0 |          1 |
|         am_addmul_16s_16s_10ns_28_4_1_U22                         |                   bd_0_hls_inst_0_FIR_HLS_am_addmul_16s_16s_10ns_28_4_1 |          0 |          0 |       0 |    0 |    0 |      0 |      0 |    0 |          1 |
|           FIR_HLS_am_addmul_16s_16s_10ns_28_4_1_DSP48_0_U         |           bd_0_hls_inst_0_FIR_HLS_am_addmul_16s_16s_10ns_28_4_1_DSP48_0 |          0 |          0 |       0 |    0 |    0 |      0 |      0 |    0 |          1 |
|         am_addmul_16s_16s_10s_27_4_1_U37                          |                    bd_0_hls_inst_0_FIR_HLS_am_addmul_16s_16s_10s_27_4_1 |          0 |          0 |       0 |    0 |    0 |      0 |      0 |    0 |          1 |
|           FIR_HLS_am_addmul_16s_16s_10s_27_4_1_DSP48_0_U          |            bd_0_hls_inst_0_FIR_HLS_am_addmul_16s_16s_10s_27_4_1_DSP48_0 |          0 |          0 |       0 |    0 |    0 |      0 |      0 |    0 |          1 |
|         am_addmul_16s_16s_11ns_28_4_1_U12                         |                   bd_0_hls_inst_0_FIR_HLS_am_addmul_16s_16s_11ns_28_4_1 |          0 |          0 |       0 |    0 |    0 |      0 |      0 |    0 |          1 |
|           FIR_HLS_am_addmul_16s_16s_11ns_28_4_1_DSP48_0_U         |           bd_0_hls_inst_0_FIR_HLS_am_addmul_16s_16s_11ns_28_4_1_DSP48_0 |          0 |          0 |       0 |    0 |    0 |      0 |      0 |    0 |          1 |
|         am_addmul_16s_16s_11s_27_4_1_U31                          |                    bd_0_hls_inst_0_FIR_HLS_am_addmul_16s_16s_11s_27_4_1 |          0 |          0 |       0 |    0 |    0 |      0 |      0 |    0 |          1 |
|           FIR_HLS_am_addmul_16s_16s_11s_27_4_1_DSP48_0_U          |            bd_0_hls_inst_0_FIR_HLS_am_addmul_16s_16s_11s_27_4_1_DSP48_0 |          0 |          0 |       0 |    0 |    0 |      0 |      0 |    0 |          1 |
|         am_addmul_16s_16s_11s_28_4_1_U27                          |                    bd_0_hls_inst_0_FIR_HLS_am_addmul_16s_16s_11s_28_4_1 |          0 |          0 |       0 |    0 |    0 |      0 |      0 |    0 |          1 |
|           FIR_HLS_am_addmul_16s_16s_11s_28_4_1_DSP48_0_U          |         bd_0_hls_inst_0_FIR_HLS_am_addmul_16s_16s_11s_28_4_1_DSP48_0_33 |          0 |          0 |       0 |    0 |    0 |      0 |      0 |    0 |          1 |
|         am_addmul_16s_16s_11s_28_4_1_U29                          |                  bd_0_hls_inst_0_FIR_HLS_am_addmul_16s_16s_11s_28_4_1_1 |          0 |          0 |       0 |    0 |    0 |      0 |      0 |    0 |          1 |
|           FIR_HLS_am_addmul_16s_16s_11s_28_4_1_DSP48_0_U          |            bd_0_hls_inst_0_FIR_HLS_am_addmul_16s_16s_11s_28_4_1_DSP48_0 |          0 |          0 |       0 |    0 |    0 |      0 |      0 |    0 |          1 |
|         am_addmul_16s_16s_12s_29_4_1_U14                          |                    bd_0_hls_inst_0_FIR_HLS_am_addmul_16s_16s_12s_29_4_1 |          0 |          0 |       0 |    0 |    0 |      0 |      0 |    0 |          1 |
|           FIR_HLS_am_addmul_16s_16s_12s_29_4_1_DSP48_0_U          |         bd_0_hls_inst_0_FIR_HLS_am_addmul_16s_16s_12s_29_4_1_DSP48_0_32 |          0 |          0 |       0 |    0 |    0 |      0 |      0 |    0 |          1 |
|         am_addmul_16s_16s_12s_29_4_1_U16                          |                  bd_0_hls_inst_0_FIR_HLS_am_addmul_16s_16s_12s_29_4_1_2 |          0 |          0 |       0 |    0 |    0 |      0 |      0 |    0 |          1 |
|           FIR_HLS_am_addmul_16s_16s_12s_29_4_1_DSP48_0_U          |         bd_0_hls_inst_0_FIR_HLS_am_addmul_16s_16s_12s_29_4_1_DSP48_0_31 |          0 |          0 |       0 |    0 |    0 |      0 |      0 |    0 |          1 |
|         am_addmul_16s_16s_12s_29_4_1_U18                          |                  bd_0_hls_inst_0_FIR_HLS_am_addmul_16s_16s_12s_29_4_1_3 |          0 |          0 |       0 |    0 |    0 |      0 |      0 |    0 |          1 |
|           FIR_HLS_am_addmul_16s_16s_12s_29_4_1_DSP48_0_U          |            bd_0_hls_inst_0_FIR_HLS_am_addmul_16s_16s_12s_29_4_1_DSP48_0 |          0 |          0 |       0 |    0 |    0 |      0 |      0 |    0 |          1 |
|         am_addmul_16s_16s_13ns_30_4_1_U10                         |                   bd_0_hls_inst_0_FIR_HLS_am_addmul_16s_16s_13ns_30_4_1 |          0 |          0 |       0 |    0 |    0 |      0 |      0 |    0 |          1 |
|           FIR_HLS_am_addmul_16s_16s_13ns_30_4_1_DSP48_0_U         |           bd_0_hls_inst_0_FIR_HLS_am_addmul_16s_16s_13ns_30_4_1_DSP48_0 |          0 |          0 |       0 |    0 |    0 |      0 |      0 |    0 |          1 |
|         am_addmul_16s_16s_13ns_31_4_1_U8                          |                   bd_0_hls_inst_0_FIR_HLS_am_addmul_16s_16s_13ns_31_4_1 |          0 |          0 |       0 |    0 |    0 |      0 |      0 |    0 |          1 |
|           FIR_HLS_am_addmul_16s_16s_13ns_31_4_1_DSP48_0_U         |           bd_0_hls_inst_0_FIR_HLS_am_addmul_16s_16s_13ns_31_4_1_DSP48_0 |          0 |          0 |       0 |    0 |    0 |      0 |      0 |    0 |          1 |
|         am_addmul_16s_16s_8ns_26_4_1_U53                          |                    bd_0_hls_inst_0_FIR_HLS_am_addmul_16s_16s_8ns_26_4_1 |          0 |          0 |       0 |    0 |    0 |      0 |      0 |    0 |          1 |
|           FIR_HLS_am_addmul_16s_16s_8ns_26_4_1_DSP48_0_U          |         bd_0_hls_inst_0_FIR_HLS_am_addmul_16s_16s_8ns_26_4_1_DSP48_0_30 |          0 |          0 |       0 |    0 |    0 |      0 |      0 |    0 |          1 |
|         am_addmul_16s_16s_8ns_26_4_1_U56                          |                  bd_0_hls_inst_0_FIR_HLS_am_addmul_16s_16s_8ns_26_4_1_4 |          0 |          0 |       0 |    0 |    0 |      0 |      0 |    0 |          1 |
|           FIR_HLS_am_addmul_16s_16s_8ns_26_4_1_DSP48_0_U          |            bd_0_hls_inst_0_FIR_HLS_am_addmul_16s_16s_8ns_26_4_1_DSP48_0 |          0 |          0 |       0 |    0 |    0 |      0 |      0 |    0 |          1 |
|         am_addmul_16s_16s_8s_25_4_1_U61                           |                     bd_0_hls_inst_0_FIR_HLS_am_addmul_16s_16s_8s_25_4_1 |          0 |          0 |       0 |    0 |    0 |      0 |      0 |    0 |          1 |
|           FIR_HLS_am_addmul_16s_16s_8s_25_4_1_DSP48_0_U           |          bd_0_hls_inst_0_FIR_HLS_am_addmul_16s_16s_8s_25_4_1_DSP48_0_29 |          0 |          0 |       0 |    0 |    0 |      0 |      0 |    0 |          1 |
|         am_addmul_16s_16s_8s_25_4_1_U64                           |                   bd_0_hls_inst_0_FIR_HLS_am_addmul_16s_16s_8s_25_4_1_5 |          0 |          0 |       0 |    0 |    0 |      0 |      0 |    0 |          1 |
|           FIR_HLS_am_addmul_16s_16s_8s_25_4_1_DSP48_0_U           |             bd_0_hls_inst_0_FIR_HLS_am_addmul_16s_16s_8s_25_4_1_DSP48_0 |          0 |          0 |       0 |    0 |    0 |      0 |      0 |    0 |          1 |
|         am_addmul_16s_16s_9ns_27_4_1_U40                          |                    bd_0_hls_inst_0_FIR_HLS_am_addmul_16s_16s_9ns_27_4_1 |          0 |          0 |       0 |    0 |    0 |      0 |      0 |    0 |          1 |
|           FIR_HLS_am_addmul_16s_16s_9ns_27_4_1_DSP48_0_U          |         bd_0_hls_inst_0_FIR_HLS_am_addmul_16s_16s_9ns_27_4_1_DSP48_0_28 |          0 |          0 |       0 |    0 |    0 |      0 |      0 |    0 |          1 |
|         am_addmul_16s_16s_9ns_27_4_1_U47                          |                  bd_0_hls_inst_0_FIR_HLS_am_addmul_16s_16s_9ns_27_4_1_6 |          0 |          0 |       0 |    0 |    0 |      0 |      0 |    0 |          1 |
|           FIR_HLS_am_addmul_16s_16s_9ns_27_4_1_DSP48_0_U          |            bd_0_hls_inst_0_FIR_HLS_am_addmul_16s_16s_9ns_27_4_1_DSP48_0 |          0 |          0 |       0 |    0 |    0 |      0 |      0 |    0 |          1 |
|         am_addmul_16s_16s_9s_26_4_1_U42                           |                     bd_0_hls_inst_0_FIR_HLS_am_addmul_16s_16s_9s_26_4_1 |          0 |          0 |       0 |    0 |    0 |      0 |      0 |    0 |          1 |
|           FIR_HLS_am_addmul_16s_16s_9s_26_4_1_DSP48_0_U           |          bd_0_hls_inst_0_FIR_HLS_am_addmul_16s_16s_9s_26_4_1_DSP48_0_27 |          0 |          0 |       0 |    0 |    0 |      0 |      0 |    0 |          1 |
|         am_addmul_16s_16s_9s_26_4_1_U50                           |                   bd_0_hls_inst_0_FIR_HLS_am_addmul_16s_16s_9s_26_4_1_7 |          0 |          0 |       0 |    0 |    0 |      0 |      0 |    0 |          1 |
|           FIR_HLS_am_addmul_16s_16s_9s_26_4_1_DSP48_0_U           |             bd_0_hls_inst_0_FIR_HLS_am_addmul_16s_16s_9s_26_4_1_DSP48_0 |          0 |          0 |       0 |    0 |    0 |      0 |      0 |    0 |          1 |
|         am_addmul_17s_17s_9s_27_4_1_U59                           |                     bd_0_hls_inst_0_FIR_HLS_am_addmul_17s_17s_9s_27_4_1 |          1 |          1 |       0 |    0 |    0 |      0 |      0 |    0 |          1 |
|           FIR_HLS_am_addmul_17s_17s_9s_27_4_1_DSP48_0_U           |             bd_0_hls_inst_0_FIR_HLS_am_addmul_17s_17s_9s_27_4_1_DSP48_0 |          1 |          1 |       0 |    0 |    0 |      0 |      0 |    0 |          1 |
|         am_addmul_17s_18s_6ns_25_4_1_U74                          |                    bd_0_hls_inst_0_FIR_HLS_am_addmul_17s_18s_6ns_25_4_1 |          1 |          1 |       0 |    0 |    0 |      0 |      0 |    0 |          1 |
|           FIR_HLS_am_addmul_17s_18s_6ns_25_4_1_DSP48_0_U          |            bd_0_hls_inst_0_FIR_HLS_am_addmul_17s_18s_6ns_25_4_1_DSP48_0 |          1 |          1 |       0 |    0 |    0 |      0 |      0 |    0 |          1 |
|         am_addmul_18s_18s_7ns_27_4_1_U80                          |                    bd_0_hls_inst_0_FIR_HLS_am_addmul_18s_18s_7ns_27_4_1 |          0 |          0 |       0 |    0 |    0 |      0 |      0 |    0 |          1 |
|           FIR_HLS_am_addmul_18s_18s_7ns_27_4_1_DSP48_0_U          |            bd_0_hls_inst_0_FIR_HLS_am_addmul_18s_18s_7ns_27_4_1_DSP48_0 |          0 |          0 |       0 |    0 |    0 |      0 |      0 |    0 |          1 |
|         ama_addmuladd_16s_16s_10ns_28s_28_4_1_U24                 |           bd_0_hls_inst_0_FIR_HLS_ama_addmuladd_16s_16s_10ns_28s_28_4_1 |         47 |         47 |       0 |    0 |    0 |      0 |      0 |    0 |          1 |
|           FIR_HLS_ama_addmuladd_16s_16s_10ns_28s_28_4_1_DSP48_0_U |   bd_0_hls_inst_0_FIR_HLS_ama_addmuladd_16s_16s_10ns_28s_28_4_1_DSP48_0 |         47 |         47 |       0 |    0 |    0 |      0 |      0 |    0 |          1 |
|         ama_addmuladd_16s_16s_10s_26s_27_4_1_U36                  |            bd_0_hls_inst_0_FIR_HLS_ama_addmuladd_16s_16s_10s_26s_27_4_1 |         17 |         17 |       0 |    0 |    0 |      0 |      0 |    0 |          1 |
|           FIR_HLS_ama_addmuladd_16s_16s_10s_26s_27_4_1_DSP48_0_U  | bd_0_hls_inst_0_FIR_HLS_ama_addmuladd_16s_16s_10s_26s_27_4_1_DSP48_0_26 |         17 |         17 |       0 |    0 |    0 |      0 |      0 |    0 |          1 |
|         ama_addmuladd_16s_16s_10s_26s_27_4_1_U39                  |          bd_0_hls_inst_0_FIR_HLS_ama_addmuladd_16s_16s_10s_26s_27_4_1_8 |         54 |         54 |       0 |    0 |    0 |      0 |      0 |    0 |          1 |
|           FIR_HLS_ama_addmuladd_16s_16s_10s_26s_27_4_1_DSP48_0_U  |    bd_0_hls_inst_0_FIR_HLS_ama_addmuladd_16s_16s_10s_26s_27_4_1_DSP48_0 |         54 |         54 |       0 |    0 |    0 |      0 |      0 |    0 |          1 |
|         ama_addmuladd_16s_16s_10s_27s_27_4_1_U32                  |            bd_0_hls_inst_0_FIR_HLS_ama_addmuladd_16s_16s_10s_27s_27_4_1 |         92 |         92 |       0 |    0 |    0 |      0 |      0 |    0 |          1 |
|           FIR_HLS_ama_addmuladd_16s_16s_10s_27s_27_4_1_DSP48_0_U  | bd_0_hls_inst_0_FIR_HLS_ama_addmuladd_16s_16s_10s_27s_27_4_1_DSP48_0_25 |         92 |         92 |       0 |    0 |    0 |      0 |      0 |    0 |          1 |
|         ama_addmuladd_16s_16s_10s_27s_27_4_1_U38                  |          bd_0_hls_inst_0_FIR_HLS_ama_addmuladd_16s_16s_10s_27s_27_4_1_9 |         27 |         27 |       0 |    0 |    0 |      0 |      0 |    0 |          1 |
|           FIR_HLS_ama_addmuladd_16s_16s_10s_27s_27_4_1_DSP48_0_U  |    bd_0_hls_inst_0_FIR_HLS_ama_addmuladd_16s_16s_10s_27s_27_4_1_DSP48_0 |         27 |         27 |       0 |    0 |    0 |      0 |      0 |    0 |          1 |
|         ama_addmuladd_16s_16s_10s_27s_28_4_1_U45                  |            bd_0_hls_inst_0_FIR_HLS_ama_addmuladd_16s_16s_10s_27s_28_4_1 |         21 |         21 |       0 |    0 |    0 |      0 |      0 |    0 |          1 |
|           FIR_HLS_ama_addmuladd_16s_16s_10s_27s_28_4_1_DSP48_0_U  |    bd_0_hls_inst_0_FIR_HLS_ama_addmuladd_16s_16s_10s_27s_28_4_1_DSP48_0 |         21 |         21 |       0 |    0 |    0 |      0 |      0 |    0 |          1 |
|         ama_addmuladd_16s_16s_10s_28s_28_4_1_U28                  |            bd_0_hls_inst_0_FIR_HLS_ama_addmuladd_16s_16s_10s_28s_28_4_1 |         28 |         28 |       0 |    0 |    0 |      0 |      0 |    0 |          1 |
|           FIR_HLS_ama_addmuladd_16s_16s_10s_28s_28_4_1_DSP48_0_U  |    bd_0_hls_inst_0_FIR_HLS_ama_addmuladd_16s_16s_10s_28s_28_4_1_DSP48_0 |         28 |         28 |       0 |    0 |    0 |      0 |      0 |    0 |          1 |
|         ama_addmuladd_16s_16s_11ns_28s_28_4_1_U23                 |           bd_0_hls_inst_0_FIR_HLS_ama_addmuladd_16s_16s_11ns_28s_28_4_1 |          0 |          0 |       0 |    0 |    0 |      0 |      0 |    0 |          1 |
|           FIR_HLS_ama_addmuladd_16s_16s_11ns_28s_28_4_1_DSP48_0_U |   bd_0_hls_inst_0_FIR_HLS_ama_addmuladd_16s_16s_11ns_28s_28_4_1_DSP48_0 |          0 |          0 |       0 |    0 |    0 |      0 |      0 |    0 |          1 |
|         ama_addmuladd_16s_16s_11s_26s_28_4_1_U21                  |            bd_0_hls_inst_0_FIR_HLS_ama_addmuladd_16s_16s_11s_26s_28_4_1 |          0 |          0 |       0 |    0 |    0 |      0 |      0 |    0 |          1 |
|           FIR_HLS_ama_addmuladd_16s_16s_11s_26s_28_4_1_DSP48_0_U  |    bd_0_hls_inst_0_FIR_HLS_ama_addmuladd_16s_16s_11s_26s_28_4_1_DSP48_0 |          0 |          0 |       0 |    0 |    0 |      0 |      0 |    0 |          1 |
|         ama_addmuladd_16s_16s_11s_28s_28_4_1_U30                  |            bd_0_hls_inst_0_FIR_HLS_ama_addmuladd_16s_16s_11s_28s_28_4_1 |          0 |          0 |       0 |    0 |    0 |      0 |      0 |    0 |          1 |
|           FIR_HLS_ama_addmuladd_16s_16s_11s_28s_28_4_1_DSP48_0_U  |    bd_0_hls_inst_0_FIR_HLS_ama_addmuladd_16s_16s_11s_28s_28_4_1_DSP48_0 |          0 |          0 |       0 |    0 |    0 |      0 |      0 |    0 |          1 |
|         ama_addmuladd_16s_16s_11s_29s_29_4_1_U15                  |            bd_0_hls_inst_0_FIR_HLS_ama_addmuladd_16s_16s_11s_29s_29_4_1 |         29 |         29 |       0 |    0 |    0 |      0 |      0 |    0 |          1 |
|           FIR_HLS_ama_addmuladd_16s_16s_11s_29s_29_4_1_DSP48_0_U  |    bd_0_hls_inst_0_FIR_HLS_ama_addmuladd_16s_16s_11s_29s_29_4_1_DSP48_0 |         29 |         29 |       0 |    0 |    0 |      0 |      0 |    0 |          1 |
|         ama_addmuladd_16s_16s_12ns_30s_30_4_1_U11                 |           bd_0_hls_inst_0_FIR_HLS_ama_addmuladd_16s_16s_12ns_30s_30_4_1 |         33 |         33 |       0 |    0 |    0 |      0 |      0 |    0 |          1 |
|           FIR_HLS_ama_addmuladd_16s_16s_12ns_30s_30_4_1_DSP48_0_U |   bd_0_hls_inst_0_FIR_HLS_ama_addmuladd_16s_16s_12ns_30s_30_4_1_DSP48_0 |         33 |         33 |       0 |    0 |    0 |      0 |      0 |    0 |          1 |
|         ama_addmuladd_16s_16s_12s_29s_29_4_1_U17                  |            bd_0_hls_inst_0_FIR_HLS_ama_addmuladd_16s_16s_12s_29s_29_4_1 |          0 |          0 |       0 |    0 |    0 |      0 |      0 |    0 |          1 |
|           FIR_HLS_ama_addmuladd_16s_16s_12s_29s_29_4_1_DSP48_0_U  | bd_0_hls_inst_0_FIR_HLS_ama_addmuladd_16s_16s_12s_29s_29_4_1_DSP48_0_24 |          0 |          0 |       0 |    0 |    0 |      0 |      0 |    0 |          1 |
|         ama_addmuladd_16s_16s_12s_29s_29_4_1_U19                  |         bd_0_hls_inst_0_FIR_HLS_ama_addmuladd_16s_16s_12s_29s_29_4_1_10 |         31 |         31 |       0 |    0 |    0 |      0 |      0 |    0 |          1 |
|           FIR_HLS_ama_addmuladd_16s_16s_12s_29s_29_4_1_DSP48_0_U  |    bd_0_hls_inst_0_FIR_HLS_ama_addmuladd_16s_16s_12s_29s_29_4_1_DSP48_0 |         31 |         31 |       0 |    0 |    0 |      0 |      0 |    0 |          1 |
|         ama_addmuladd_16s_16s_13ns_26s_30_4_1_U6                  |           bd_0_hls_inst_0_FIR_HLS_ama_addmuladd_16s_16s_13ns_26s_30_4_1 |          0 |          0 |       0 |    0 |    0 |      0 |      0 |    0 |          2 |
|           FIR_HLS_ama_addmuladd_16s_16s_13ns_26s_30_4_1_DSP48_0_U |   bd_0_hls_inst_0_FIR_HLS_ama_addmuladd_16s_16s_13ns_26s_30_4_1_DSP48_0 |          0 |          0 |       0 |    0 |    0 |      0 |      0 |    0 |          2 |
|         ama_addmuladd_16s_16s_13ns_31s_31_4_1_U9                  |           bd_0_hls_inst_0_FIR_HLS_ama_addmuladd_16s_16s_13ns_31s_31_4_1 |          0 |          0 |       0 |    0 |    0 |      0 |      0 |    0 |          1 |
|           FIR_HLS_ama_addmuladd_16s_16s_13ns_31s_31_4_1_DSP48_0_U |   bd_0_hls_inst_0_FIR_HLS_ama_addmuladd_16s_16s_13ns_31s_31_4_1_DSP48_0 |          0 |          0 |       0 |    0 |    0 |      0 |      0 |    0 |          1 |
|         ama_addmuladd_16s_16s_14ns_30s_32_4_1_U7                  |           bd_0_hls_inst_0_FIR_HLS_ama_addmuladd_16s_16s_14ns_30s_32_4_1 |          0 |          0 |       0 |    0 |    0 |      0 |      0 |    0 |          1 |
|           FIR_HLS_ama_addmuladd_16s_16s_14ns_30s_32_4_1_DSP48_0_U |   bd_0_hls_inst_0_FIR_HLS_ama_addmuladd_16s_16s_14ns_30s_32_4_1_DSP48_0 |          0 |          0 |       0 |    0 |    0 |      0 |      0 |    0 |          1 |
|         ama_addmuladd_16s_16s_6ns_25s_25_4_1_U75                  |            bd_0_hls_inst_0_FIR_HLS_ama_addmuladd_16s_16s_6ns_25s_25_4_1 |         77 |         77 |       0 |    0 |    0 |      0 |      0 |    0 |          1 |
|           FIR_HLS_ama_addmuladd_16s_16s_6ns_25s_25_4_1_DSP48_0_U  |    bd_0_hls_inst_0_FIR_HLS_ama_addmuladd_16s_16s_6ns_25s_25_4_1_DSP48_0 |         77 |         77 |       0 |    0 |    0 |      0 |      0 |    0 |          1 |
|         ama_addmuladd_16s_16s_7ns_24s_25_4_1_U71                  |            bd_0_hls_inst_0_FIR_HLS_ama_addmuladd_16s_16s_7ns_24s_25_4_1 |          0 |          0 |       0 |    0 |    0 |      0 |      0 |    0 |          1 |
|           FIR_HLS_ama_addmuladd_16s_16s_7ns_24s_25_4_1_DSP48_0_U  |    bd_0_hls_inst_0_FIR_HLS_ama_addmuladd_16s_16s_7ns_24s_25_4_1_DSP48_0 |          0 |          0 |       0 |    0 |    0 |      0 |      0 |    0 |          1 |
|         ama_addmuladd_16s_16s_7ns_25s_25_4_1_U65                  |            bd_0_hls_inst_0_FIR_HLS_ama_addmuladd_16s_16s_7ns_25s_25_4_1 |          0 |          0 |       0 |    0 |    0 |      0 |      0 |    0 |          1 |
|           FIR_HLS_ama_addmuladd_16s_16s_7ns_25s_25_4_1_DSP48_0_U  |    bd_0_hls_inst_0_FIR_HLS_ama_addmuladd_16s_16s_7ns_25s_25_4_1_DSP48_0 |          0 |          0 |       0 |    0 |    0 |      0 |      0 |    0 |          1 |
|         ama_addmuladd_16s_16s_7ns_26s_26_4_1_U43                  |            bd_0_hls_inst_0_FIR_HLS_ama_addmuladd_16s_16s_7ns_26s_26_4_1 |          0 |          0 |       0 |    0 |    0 |      0 |      0 |    0 |          1 |
|           FIR_HLS_ama_addmuladd_16s_16s_7ns_26s_26_4_1_DSP48_0_U  | bd_0_hls_inst_0_FIR_HLS_ama_addmuladd_16s_16s_7ns_26s_26_4_1_DSP48_0_23 |          0 |          0 |       0 |    0 |    0 |      0 |      0 |    0 |          1 |
|         ama_addmuladd_16s_16s_7ns_26s_26_4_1_U79                  |         bd_0_hls_inst_0_FIR_HLS_ama_addmuladd_16s_16s_7ns_26s_26_4_1_11 |         19 |         19 |       0 |    0 |    0 |      0 |      0 |    0 |          1 |
|           FIR_HLS_ama_addmuladd_16s_16s_7ns_26s_26_4_1_DSP48_0_U  |    bd_0_hls_inst_0_FIR_HLS_ama_addmuladd_16s_16s_7ns_26s_26_4_1_DSP48_0 |         19 |         19 |       0 |    0 |    0 |      0 |      0 |    0 |          1 |
|         ama_addmuladd_16s_16s_8ns_25s_25_4_1_U62                  |            bd_0_hls_inst_0_FIR_HLS_ama_addmuladd_16s_16s_8ns_25s_25_4_1 |         27 |         27 |       0 |    0 |    0 |      0 |      0 |    0 |          1 |
|           FIR_HLS_ama_addmuladd_16s_16s_8ns_25s_25_4_1_DSP48_0_U  |    bd_0_hls_inst_0_FIR_HLS_ama_addmuladd_16s_16s_8ns_25s_25_4_1_DSP48_0 |         27 |         27 |       0 |    0 |    0 |      0 |      0 |    0 |          1 |
|         ama_addmuladd_16s_16s_8ns_25s_26_4_1_U49                  |            bd_0_hls_inst_0_FIR_HLS_ama_addmuladd_16s_16s_8ns_25s_26_4_1 |         17 |         17 |       0 |    0 |    0 |      0 |      0 |    0 |          1 |
|           FIR_HLS_ama_addmuladd_16s_16s_8ns_25s_26_4_1_DSP48_0_U  |    bd_0_hls_inst_0_FIR_HLS_ama_addmuladd_16s_16s_8ns_25s_26_4_1_DSP48_0 |         17 |         17 |       0 |    0 |    0 |      0 |      0 |    0 |          1 |
|         ama_addmuladd_16s_16s_8ns_26s_26_4_1_U54                  |            bd_0_hls_inst_0_FIR_HLS_ama_addmuladd_16s_16s_8ns_26s_26_4_1 |          0 |          0 |       0 |    0 |    0 |      0 |      0 |    0 |          1 |
|           FIR_HLS_ama_addmuladd_16s_16s_8ns_26s_26_4_1_DSP48_0_U  | bd_0_hls_inst_0_FIR_HLS_ama_addmuladd_16s_16s_8ns_26s_26_4_1_DSP48_0_22 |          0 |          0 |       0 |    0 |    0 |      0 |      0 |    0 |          1 |
|         ama_addmuladd_16s_16s_8ns_26s_26_4_1_U57                  |         bd_0_hls_inst_0_FIR_HLS_ama_addmuladd_16s_16s_8ns_26s_26_4_1_12 |          0 |          0 |       0 |    0 |    0 |      0 |      0 |    0 |          1 |
|           FIR_HLS_ama_addmuladd_16s_16s_8ns_26s_26_4_1_DSP48_0_U  |    bd_0_hls_inst_0_FIR_HLS_ama_addmuladd_16s_16s_8ns_26s_26_4_1_DSP48_0 |          0 |          0 |       0 |    0 |    0 |      0 |      0 |    0 |          1 |
|         ama_addmuladd_16s_16s_8ns_27s_27_4_1_U46                  |            bd_0_hls_inst_0_FIR_HLS_ama_addmuladd_16s_16s_8ns_27s_27_4_1 |         78 |         78 |       0 |    0 |    0 |      0 |      0 |    0 |          1 |
|           FIR_HLS_ama_addmuladd_16s_16s_8ns_27s_27_4_1_DSP48_0_U  |    bd_0_hls_inst_0_FIR_HLS_ama_addmuladd_16s_16s_8ns_27s_27_4_1_DSP48_0 |         78 |         78 |       0 |    0 |    0 |      0 |      0 |    0 |          1 |
|         ama_addmuladd_16s_16s_8s_26s_26_4_1_U67                   |             bd_0_hls_inst_0_FIR_HLS_ama_addmuladd_16s_16s_8s_26s_26_4_1 |         52 |         52 |       0 |    0 |    0 |      0 |      0 |    0 |          2 |
|           FIR_HLS_ama_addmuladd_16s_16s_8s_26s_26_4_1_DSP48_0_U   |     bd_0_hls_inst_0_FIR_HLS_ama_addmuladd_16s_16s_8s_26s_26_4_1_DSP48_0 |         52 |         52 |       0 |    0 |    0 |      0 |      0 |    0 |          2 |
|         ama_addmuladd_16s_16s_9ns_20s_26_4_1_U20                  |            bd_0_hls_inst_0_FIR_HLS_ama_addmuladd_16s_16s_9ns_20s_26_4_1 |          0 |          0 |       0 |    0 |    0 |      0 |      0 |    0 |          1 |
|           FIR_HLS_ama_addmuladd_16s_16s_9ns_20s_26_4_1_DSP48_0_U  |    bd_0_hls_inst_0_FIR_HLS_ama_addmuladd_16s_16s_9ns_20s_26_4_1_DSP48_0 |          0 |          0 |       0 |    0 |    0 |      0 |      0 |    0 |          1 |
|         ama_addmuladd_16s_16s_9ns_25s_26_4_1_U33                  |            bd_0_hls_inst_0_FIR_HLS_ama_addmuladd_16s_16s_9ns_25s_26_4_1 |         68 |         68 |       0 |    0 |    0 |      0 |      0 |    0 |          1 |
|           FIR_HLS_ama_addmuladd_16s_16s_9ns_25s_26_4_1_DSP48_0_U  |    bd_0_hls_inst_0_FIR_HLS_ama_addmuladd_16s_16s_9ns_25s_26_4_1_DSP48_0 |         68 |         68 |       0 |    0 |    0 |      0 |      0 |    0 |          1 |
|         ama_addmuladd_16s_16s_9ns_26s_27_4_1_U44                  |            bd_0_hls_inst_0_FIR_HLS_ama_addmuladd_16s_16s_9ns_26s_27_4_1 |          0 |          0 |       0 |    0 |    0 |      0 |      0 |    0 |          1 |
|           FIR_HLS_ama_addmuladd_16s_16s_9ns_26s_27_4_1_DSP48_0_U  |    bd_0_hls_inst_0_FIR_HLS_ama_addmuladd_16s_16s_9ns_26s_27_4_1_DSP48_0 |          0 |          0 |       0 |    0 |    0 |      0 |      0 |    0 |          1 |
|         ama_addmuladd_16s_16s_9ns_27s_27_4_1_U26                  |            bd_0_hls_inst_0_FIR_HLS_ama_addmuladd_16s_16s_9ns_27s_27_4_1 |          0 |          0 |       0 |    0 |    0 |      0 |      0 |    0 |          1 |
|           FIR_HLS_ama_addmuladd_16s_16s_9ns_27s_27_4_1_DSP48_0_U  | bd_0_hls_inst_0_FIR_HLS_ama_addmuladd_16s_16s_9ns_27s_27_4_1_DSP48_0_21 |          0 |          0 |       0 |    0 |    0 |      0 |      0 |    0 |          1 |
|         ama_addmuladd_16s_16s_9ns_27s_27_4_1_U35                  |         bd_0_hls_inst_0_FIR_HLS_ama_addmuladd_16s_16s_9ns_27s_27_4_1_13 |         28 |         28 |       0 |    0 |    0 |      0 |      0 |    0 |          1 |
|           FIR_HLS_ama_addmuladd_16s_16s_9ns_27s_27_4_1_DSP48_0_U  | bd_0_hls_inst_0_FIR_HLS_ama_addmuladd_16s_16s_9ns_27s_27_4_1_DSP48_0_20 |         28 |         28 |       0 |    0 |    0 |      0 |      0 |    0 |          1 |
|         ama_addmuladd_16s_16s_9ns_27s_27_4_1_U41                  |         bd_0_hls_inst_0_FIR_HLS_ama_addmuladd_16s_16s_9ns_27s_27_4_1_14 |         57 |         57 |       0 |    0 |    0 |      0 |      0 |    0 |          1 |
|           FIR_HLS_ama_addmuladd_16s_16s_9ns_27s_27_4_1_DSP48_0_U  |    bd_0_hls_inst_0_FIR_HLS_ama_addmuladd_16s_16s_9ns_27s_27_4_1_DSP48_0 |         57 |         57 |       0 |    0 |    0 |      0 |      0 |    0 |          1 |
|         ama_addmuladd_16s_16s_9ns_28s_28_4_1_U13                  |            bd_0_hls_inst_0_FIR_HLS_ama_addmuladd_16s_16s_9ns_28s_28_4_1 |          0 |          0 |       0 |    0 |    0 |      0 |      0 |    0 |          1 |
|           FIR_HLS_ama_addmuladd_16s_16s_9ns_28s_28_4_1_DSP48_0_U  |    bd_0_hls_inst_0_FIR_HLS_ama_addmuladd_16s_16s_9ns_28s_28_4_1_DSP48_0 |          0 |          0 |       0 |    0 |    0 |      0 |      0 |    0 |          1 |
|         ama_addmuladd_16s_16s_9s_25s_26_4_1_U66                   |             bd_0_hls_inst_0_FIR_HLS_ama_addmuladd_16s_16s_9s_25s_26_4_1 |          0 |          0 |       0 |    0 |    0 |      0 |      0 |    0 |          1 |
|           FIR_HLS_ama_addmuladd_16s_16s_9s_25s_26_4_1_DSP48_0_U   |     bd_0_hls_inst_0_FIR_HLS_ama_addmuladd_16s_16s_9s_25s_26_4_1_DSP48_0 |          0 |          0 |       0 |    0 |    0 |      0 |      0 |    0 |          1 |
|         ama_addmuladd_16s_16s_9s_26s_26_4_1_U51                   |             bd_0_hls_inst_0_FIR_HLS_ama_addmuladd_16s_16s_9s_26s_26_4_1 |          0 |          0 |       0 |    0 |    0 |      0 |      0 |    0 |          1 |
|           FIR_HLS_ama_addmuladd_16s_16s_9s_26s_26_4_1_DSP48_0_U   |  bd_0_hls_inst_0_FIR_HLS_ama_addmuladd_16s_16s_9s_26s_26_4_1_DSP48_0_19 |          0 |          0 |       0 |    0 |    0 |      0 |      0 |    0 |          1 |
|         ama_addmuladd_16s_16s_9s_26s_26_4_1_U52                   |          bd_0_hls_inst_0_FIR_HLS_ama_addmuladd_16s_16s_9s_26s_26_4_1_15 |        130 |        130 |       0 |    0 |    0 |      0 |      0 |    0 |          1 |
|           FIR_HLS_ama_addmuladd_16s_16s_9s_26s_26_4_1_DSP48_0_U   |     bd_0_hls_inst_0_FIR_HLS_ama_addmuladd_16s_16s_9s_26s_26_4_1_DSP48_0 |        130 |        130 |       0 |    0 |    0 |      0 |      0 |    0 |          1 |
|         ama_addmuladd_16s_16s_9s_27s_27_4_1_U60                   |             bd_0_hls_inst_0_FIR_HLS_ama_addmuladd_16s_16s_9s_27s_27_4_1 |          0 |          0 |       0 |    0 |    0 |      0 |      0 |    0 |          1 |
|           FIR_HLS_ama_addmuladd_16s_16s_9s_27s_27_4_1_DSP48_0_U   |     bd_0_hls_inst_0_FIR_HLS_ama_addmuladd_16s_16s_9s_27s_27_4_1_DSP48_0 |          0 |          0 |       0 |    0 |    0 |      0 |      0 |    0 |          1 |
|         ama_addmuladd_17s_17s_7ns_26s_26_4_1_U78                  |            bd_0_hls_inst_0_FIR_HLS_ama_addmuladd_17s_17s_7ns_26s_26_4_1 |         87 |         87 |       0 |    0 |    0 |      0 |      0 |    0 |          1 |
|           FIR_HLS_ama_addmuladd_17s_17s_7ns_26s_26_4_1_DSP48_0_U  |    bd_0_hls_inst_0_FIR_HLS_ama_addmuladd_17s_17s_7ns_26s_26_4_1_DSP48_0 |         87 |         87 |       0 |    0 |    0 |      0 |      0 |    0 |          1 |
|         ama_addmuladd_17s_17s_7s_22s_24_4_1_U70                   |             bd_0_hls_inst_0_FIR_HLS_ama_addmuladd_17s_17s_7s_22s_24_4_1 |          1 |          1 |       0 |    0 |    0 |      0 |      0 |    0 |          1 |
|           FIR_HLS_ama_addmuladd_17s_17s_7s_22s_24_4_1_DSP48_0_U   |     bd_0_hls_inst_0_FIR_HLS_ama_addmuladd_17s_17s_7s_22s_24_4_1_DSP48_0 |          1 |          1 |       0 |    0 |    0 |      0 |      0 |    0 |          1 |
|         ama_addmuladd_17s_17s_8s_25s_26_4_1_U69                   |             bd_0_hls_inst_0_FIR_HLS_ama_addmuladd_17s_17s_8s_25s_26_4_1 |          1 |          1 |       0 |    0 |    0 |      0 |      0 |    0 |          2 |
|           FIR_HLS_ama_addmuladd_17s_17s_8s_25s_26_4_1_DSP48_0_U   |     bd_0_hls_inst_0_FIR_HLS_ama_addmuladd_17s_17s_8s_25s_26_4_1_DSP48_0 |          1 |          1 |       0 |    0 |    0 |      0 |      0 |    0 |          2 |
|         ama_addmuladd_17s_17s_9s_24s_26_4_1_U58                   |             bd_0_hls_inst_0_FIR_HLS_ama_addmuladd_17s_17s_9s_24s_26_4_1 |         49 |         49 |       0 |    0 |    0 |      0 |      0 |    0 |          1 |
|           FIR_HLS_ama_addmuladd_17s_17s_9s_24s_26_4_1_DSP48_0_U   |     bd_0_hls_inst_0_FIR_HLS_ama_addmuladd_17s_17s_9s_24s_26_4_1_DSP48_0 |         49 |         49 |       0 |    0 |    0 |      0 |      0 |    0 |          1 |
|         ama_addmuladd_17s_17s_9s_26s_27_4_1_U55                   |             bd_0_hls_inst_0_FIR_HLS_ama_addmuladd_17s_17s_9s_26s_27_4_1 |          1 |          1 |       0 |    0 |    0 |      0 |      0 |    0 |          1 |
|           FIR_HLS_ama_addmuladd_17s_17s_9s_26s_27_4_1_DSP48_0_U   |     bd_0_hls_inst_0_FIR_HLS_ama_addmuladd_17s_17s_9s_26s_27_4_1_DSP48_0 |          1 |          1 |       0 |    0 |    0 |      0 |      0 |    0 |          1 |
|         ama_addmuladd_17s_18s_7ns_27s_27_4_1_U68                  |            bd_0_hls_inst_0_FIR_HLS_ama_addmuladd_17s_18s_7ns_27s_27_4_1 |         25 |         25 |       0 |    0 |   19 |      0 |      0 |    0 |          2 |
|           FIR_HLS_ama_addmuladd_17s_18s_7ns_27s_27_4_1_DSP48_0_U  | bd_0_hls_inst_0_FIR_HLS_ama_addmuladd_17s_18s_7ns_27s_27_4_1_DSP48_0_18 |         25 |         25 |       0 |    0 |   19 |      0 |      0 |    0 |          2 |
|         ama_addmuladd_17s_18s_7ns_27s_27_4_1_U81                  |         bd_0_hls_inst_0_FIR_HLS_ama_addmuladd_17s_18s_7ns_27s_27_4_1_16 |        146 |        146 |       0 |    0 |    0 |      0 |      0 |    0 |          1 |
|           FIR_HLS_ama_addmuladd_17s_18s_7ns_27s_27_4_1_DSP48_0_U  |    bd_0_hls_inst_0_FIR_HLS_ama_addmuladd_17s_18s_7ns_27s_27_4_1_DSP48_0 |        146 |        146 |       0 |    0 |    0 |      0 |      0 |    0 |          1 |
|         ama_addmuladd_18s_16s_8ns_26s_27_4_1_U63                  |            bd_0_hls_inst_0_FIR_HLS_ama_addmuladd_18s_16s_8ns_26s_27_4_1 |         18 |         18 |       0 |    0 |    0 |      0 |      0 |    0 |          1 |
|           FIR_HLS_ama_addmuladd_18s_16s_8ns_26s_27_4_1_DSP48_0_U  |    bd_0_hls_inst_0_FIR_HLS_ama_addmuladd_18s_16s_8ns_26s_27_4_1_DSP48_0 |         18 |         18 |       0 |    0 |    0 |      0 |      0 |    0 |          1 |
|         ama_addmuladd_18s_16s_9ns_27s_27_4_1_U48                  |            bd_0_hls_inst_0_FIR_HLS_ama_addmuladd_18s_16s_9ns_27s_27_4_1 |          0 |          0 |       0 |    0 |    0 |      0 |      0 |    0 |          1 |
|           FIR_HLS_ama_addmuladd_18s_16s_9ns_27s_27_4_1_DSP48_0_U  |    bd_0_hls_inst_0_FIR_HLS_ama_addmuladd_18s_16s_9ns_27s_27_4_1_DSP48_0 |          0 |          0 |       0 |    0 |    0 |      0 |      0 |    0 |          1 |
|         ama_addmuladd_19s_16s_6ns_25s_26_4_1_U72                  |            bd_0_hls_inst_0_FIR_HLS_ama_addmuladd_19s_16s_6ns_25s_26_4_1 |         21 |         21 |       0 |    0 |    0 |      0 |      0 |    0 |          1 |
|           FIR_HLS_ama_addmuladd_19s_16s_6ns_25s_26_4_1_DSP48_0_U  |    bd_0_hls_inst_0_FIR_HLS_ama_addmuladd_19s_16s_6ns_25s_26_4_1_DSP48_0 |         21 |         21 |       0 |    0 |    0 |      0 |      0 |    0 |          1 |
|         ama_submuladd_18s_16s_5ns_22s_23_4_1_U77                  |            bd_0_hls_inst_0_FIR_HLS_ama_submuladd_18s_16s_5ns_22s_23_4_1 |          3 |          3 |       0 |    0 |    0 |      0 |      0 |    0 |          1 |
|           FIR_HLS_ama_submuladd_18s_16s_5ns_22s_23_4_1_DSP48_0_U  |    bd_0_hls_inst_0_FIR_HLS_ama_submuladd_18s_16s_5ns_22s_23_4_1_DSP48_0 |          3 |          3 |       0 |    0 |    0 |      0 |      0 |    0 |          1 |
|         ama_submuladd_18s_16s_5ns_24s_24_4_1_U76                  |            bd_0_hls_inst_0_FIR_HLS_ama_submuladd_18s_16s_5ns_24s_24_4_1 |         22 |         22 |       0 |    0 |    0 |      0 |      0 |    0 |          1 |
|           FIR_HLS_ama_submuladd_18s_16s_5ns_24s_24_4_1_DSP48_0_U  |    bd_0_hls_inst_0_FIR_HLS_ama_submuladd_18s_16s_5ns_24s_24_4_1_DSP48_0 |         22 |         22 |       0 |    0 |    0 |      0 |      0 |    0 |          1 |
|         ama_submuladd_19s_16s_6ns_25s_25_4_1_U73                  |            bd_0_hls_inst_0_FIR_HLS_ama_submuladd_19s_16s_6ns_25s_25_4_1 |         24 |         24 |       0 |    0 |   18 |      0 |      0 |    0 |          2 |
|           FIR_HLS_ama_submuladd_19s_16s_6ns_25s_25_4_1_DSP48_0_U  |    bd_0_hls_inst_0_FIR_HLS_ama_submuladd_19s_16s_6ns_25s_25_4_1_DSP48_0 |         24 |         24 |       0 |    0 |   18 |      0 |      0 |    0 |          2 |
|         fir_shiftreg_V_U                                          |               bd_0_hls_inst_0_FIR_HLS_fir_shiftreg_V_SHIFTREG_AUTO_0R0W |       4095 |       3887 |       0 |  208 |   37 |      0 |      0 |    0 |          0 |
|           FIR_HLS_fir_shiftreg_V_SHIFTREG_AUTO_0R0W_core_U        |          bd_0_hls_inst_0_FIR_HLS_fir_shiftreg_V_SHIFTREG_AUTO_0R0W_core |       4095 |       3887 |       0 |  208 |   37 |      0 |      0 |    0 |          0 |
|         regslice_both_input_r_U                                   |                                   bd_0_hls_inst_0_FIR_HLS_regslice_both |         23 |         23 |       0 |    0 |   37 |      0 |      0 |    0 |          0 |
|         regslice_both_output_r_U                                  |                                bd_0_hls_inst_0_FIR_HLS_regslice_both_17 |         25 |         25 |       0 |    0 |   37 |      0 |      0 |    0 |          0 |
+-------------------------------------------------------------------+-------------------------------------------------------------------------+------------+------------+---------+------+------+--------+--------+------+------------+
* Note: The sum of lower-level cells may be larger than their parent cells total, due to cross-hierarchy LUT combining


