Copyright 1986-2022 Xilinx, Inc. All Rights Reserved. Copyright 2022-2024 Advanced Micro Devices, Inc. All Rights Reserved.
--------------------------------------------------------------------------------------------------------------------------------------------------
| Tool Version      : Vivado v.2024.2 (win64) Build 5239630 Fri Nov 08 22:35:27 MST 2024
| Date              : Tue Nov 11 00:53:48 2025
| Host              : DESKTOP-92OKADH running 64-bit major release  (build 9200)
| Command           : report_timing_summary -file ./report/FIR_HLS_timing_routed.rpt
| Design            : bd_0_wrapper
| Device            : xck26-sfvc784
| Speed File        : -2LV  PRODUCTION 1.30 05-15-2022
| Design State      : Routed
| Temperature Grade : C
--------------------------------------------------------------------------------------------------------------------------------------------------

Timing Summary Report

------------------------------------------------------------------------------------------------
| Timer Settings
| --------------
------------------------------------------------------------------------------------------------

  Enable Multi Corner Analysis               :  Yes
  Enable Pessimism Removal                   :  Yes
  Pessimism Removal Resolution               :  Nearest Common Node
  Enable Input Delay Default Clock           :  No
  Enable Preset / Clear Arcs                 :  No
  Disable Flight Delays                      :  No
  Ignore I/O Paths                           :  No
  Timing Early Launch at Borrowing Latches   :  No
  Borrow Time for Max Delay Exceptions       :  Yes
  Merge Timing Exceptions                    :  Yes
  Inter-SLR Compensation                     :  Conservative

  Corner  Analyze    Analyze    
  Name    Max Paths  Min Paths  
  ------  ---------  ---------  
  Slow    Yes        Yes        
  Fast    Yes        Yes        


------------------------------------------------------------------------------------------------
| Report Methodology
| ------------------
------------------------------------------------------------------------------------------------

Rule       Severity  Description                    Violations  
---------  --------  -----------------------------  ----------  
TIMING-18  Warning   Missing input or output delay  37          

Note: This report is based on the most recent report_methodology run and may not be up-to-date. Run report_methodology on the current design for the latest report.



check_timing report

Table of Contents
-----------------
1. checking no_clock (0)
2. checking constant_clock (0)
3. checking pulse_width_clock (0)
4. checking unconstrained_internal_endpoints (0)
5. checking no_input_delay (19)
6. checking no_output_delay (18)
7. checking multiple_clock (0)
8. checking generated_clocks (0)
9. checking loops (0)
10. checking partial_input_delay (0)
11. checking partial_output_delay (0)
12. checking latch_loops (0)

1. checking no_clock (0)
------------------------
 There are 0 register/latch pins with no clock.


2. checking constant_clock (0)
------------------------------
 There are 0 register/latch pins with constant_clock.


3. checking pulse_width_clock (0)
---------------------------------
 There are 0 register/latch pins which need pulse_width check


4. checking unconstrained_internal_endpoints (0)
------------------------------------------------
 There are 0 pins that are not constrained for maximum delay.

 There are 0 pins that are not constrained for maximum delay due to constant clock.


5. checking no_input_delay (19)
-------------------------------
 There are 19 input ports with no input delay specified. (HIGH)

 There are 0 input ports with no input delay but user has a false path constraint.


6. checking no_output_delay (18)
--------------------------------
 There are 18 ports with no output delay specified. (HIGH)

 There are 0 ports with no output delay but user has a false path constraint

 There are 0 ports with no output delay but with a timing clock defined on it or propagating through it


7. checking multiple_clock (0)
------------------------------
 There are 0 register/latch pins with multiple clocks.


8. checking generated_clocks (0)
--------------------------------
 There are 0 generated clocks that are not connected to a clock source.


9. checking loops (0)
---------------------
 There are 0 combinational loops in the design.


10. checking partial_input_delay (0)
------------------------------------
 There are 0 input ports with partial input delay specified.


11. checking partial_output_delay (0)
-------------------------------------
 There are 0 ports with partial output delay specified.


12. checking latch_loops (0)
----------------------------
 There are 0 combinational latch loops in the design through latch input



------------------------------------------------------------------------------------------------
| Design Timing Summary
| ---------------------
------------------------------------------------------------------------------------------------

    WNS(ns)      TNS(ns)  TNS Failing Endpoints  TNS Total Endpoints      WHS(ns)      THS(ns)  THS Failing Endpoints  THS Total Endpoints     WPWS(ns)     TPWS(ns)  TPWS Failing Endpoints  TPWS Total Endpoints  
    -------      -------  ---------------------  -------------------      -------      -------  ---------------------  -------------------     --------     --------  ----------------------  --------------------  
      1.014        0.000                      0                28128        0.046        0.000                      0                28128        4.423        0.000                       0                  5746  


All user specified timing constraints are met.


------------------------------------------------------------------------------------------------
| Clock Summary
| -------------
------------------------------------------------------------------------------------------------

Clock   Waveform(ns)       Period(ns)      Frequency(MHz)
-----   ------------       ----------      --------------
ap_clk  {0.000 5.000}      10.000          100.000         


------------------------------------------------------------------------------------------------
| Intra Clock Table
| -----------------
------------------------------------------------------------------------------------------------

Clock             WNS(ns)      TNS(ns)  TNS Failing Endpoints  TNS Total Endpoints      WHS(ns)      THS(ns)  THS Failing Endpoints  THS Total Endpoints     WPWS(ns)     TPWS(ns)  TPWS Failing Endpoints  TPWS Total Endpoints  
-----             -------      -------  ---------------------  -------------------      -------      -------  ---------------------  -------------------     --------     --------  ----------------------  --------------------  
ap_clk              1.014        0.000                      0                28128        0.046        0.000                      0                28128        4.423        0.000                       0                  5746  


------------------------------------------------------------------------------------------------
| Inter Clock Table
| -----------------
------------------------------------------------------------------------------------------------

From Clock    To Clock          WNS(ns)      TNS(ns)  TNS Failing Endpoints  TNS Total Endpoints      WHS(ns)      THS(ns)  THS Failing Endpoints  THS Total Endpoints  
----------    --------          -------      -------  ---------------------  -------------------      -------      -------  ---------------------  -------------------  


------------------------------------------------------------------------------------------------
| Other Path Groups Table
| -----------------------
------------------------------------------------------------------------------------------------

Path Group    From Clock    To Clock          WNS(ns)      TNS(ns)  TNS Failing Endpoints  TNS Total Endpoints      WHS(ns)      THS(ns)  THS Failing Endpoints  THS Total Endpoints  
----------    ----------    --------          -------      -------  ---------------------  -------------------      -------      -------  ---------------------  -------------------  


------------------------------------------------------------------------------------------------
| Timing Details
| --------------
------------------------------------------------------------------------------------------------


---------------------------------------------------------------------------------------------------
From Clock:  ap_clk
  To Clock:  ap_clk

Setup :            0  Failing Endpoints,  Worst Slack        1.014ns,  Total Violation        0.000ns
Hold  :            0  Failing Endpoints,  Worst Slack        0.046ns,  Total Violation        0.000ns
PW    :            0  Failing Endpoints,  Worst Slack        4.423ns,  Total Violation        0.000ns
---------------------------------------------------------------------------------------------------


Max Delay Paths
--------------------------------------------------------------------------------------
Slack (MET) :             1.014ns  (required time - arrival time)
  Source:                 bd_0_i/hls_inst/inst/grp_FIR_filter_fu_47/H_filter_FIR_U/ram_reg_bram_0/CLKARDCLK
                            (rising edge-triggered cell RAMB18E2 clocked by ap_clk  {rise@0.000ns fall@5.000ns period=10.000ns})
  Destination:            bd_0_i/hls_inst/inst/grp_FIR_filter_fu_47/add_ln26_117_reg_9357_reg[29]/D
                            (rising edge-triggered cell FDRE clocked by ap_clk  {rise@0.000ns fall@5.000ns period=10.000ns})
  Path Group:             ap_clk
  Path Type:              Setup (Max at Slow Process Corner)
  Requirement:            10.000ns  (ap_clk rise@10.000ns - ap_clk rise@0.000ns)
  Data Path Delay:        8.917ns  (logic 4.138ns (46.404%)  route 4.779ns (53.596%))
  Logic Levels:           17  (CARRY8=8 LUT2=2 LUT3=3 LUT5=2 LUT6=2)
  Clock Path Skew:        -0.076ns (DCD - SCD + CPR)
    Destination Clock Delay (DCD):    0.031ns = ( 10.031 - 10.000 ) 
    Source Clock Delay      (SCD):    0.107ns
    Clock Pessimism Removal (CPR):    0.000ns
  Clock Uncertainty:      0.035ns  ((TSJ^2 + TIJ^2)^1/2 + DJ) / 2 + PE
    Total System Jitter     (TSJ):    0.071ns
    Total Input Jitter      (TIJ):    0.000ns
    Discrete Jitter          (DJ):    0.000ns
    Phase Error              (PE):    0.000ns

    Location             Delay type                Incr(ns)  Path(ns)    Netlist Resource(s)
  -------------------------------------------------------------------    -------------------
                         (clock ap_clk rise edge)     0.000     0.000 r  
                                                      0.000     0.000 r  ap_clk (IN)
                         net (fo=6150, unset)         0.107     0.107    bd_0_i/hls_inst/inst/grp_FIR_filter_fu_47/H_filter_FIR_U/ap_clk
    RAMB18_X1Y22         RAMB18E2                                     r  bd_0_i/hls_inst/inst/grp_FIR_filter_fu_47/H_filter_FIR_U/ram_reg_bram_0/CLKARDCLK
  -------------------------------------------------------------------    -------------------
    RAMB18_X1Y22         RAMB18E2 (Prop_RAMB18E2_L_RAMB180_CLKARDCLK_DOUTADOUT[0])
                                                      1.398     1.505 r  bd_0_i/hls_inst/inst/grp_FIR_filter_fu_47/H_filter_FIR_U/ram_reg_bram_0/DOUTADOUT[0]
                         net (fo=213, routed)         1.139     2.644    bd_0_i/hls_inst/inst/grp_FIR_filter_fu_47/H_filter_FIR_U/A[0]
    SLICE_X50Y98         LUT2 (Prop_A6LUT_SLICEL_I1_O)
                                                      0.082     2.726 r  bd_0_i/hls_inst/inst/grp_FIR_filter_fu_47/H_filter_FIR_U/add_ln26_117_reg_9357[25]_i_215/O
                         net (fo=1, routed)           0.014     2.740    bd_0_i/hls_inst/inst/grp_FIR_filter_fu_47/H_filter_FIR_U/add_ln26_117_reg_9357[25]_i_215_n_0
    SLICE_X50Y98         CARRY8 (Prop_CARRY8_SLICEL_S[0]_O[4])
                                                      0.285     3.025 r  bd_0_i/hls_inst/inst/grp_FIR_filter_fu_47/H_filter_FIR_U/add_ln26_117_reg_9357_reg[25]_i_139/O[4]
                         net (fo=2, routed)           0.933     3.958    bd_0_i/hls_inst/inst/grp_FIR_filter_fu_47/H_filter_FIR_U/tmp1_cast_fu_7018_p1[4]
    SLICE_X41Y83         LUT5 (Prop_H5LUT_SLICEM_I0_O)
                                                      0.090     4.048 r  bd_0_i/hls_inst/inst/grp_FIR_filter_fu_47/H_filter_FIR_U/add_ln26_117_reg_9357[23]_i_71/O
                         net (fo=2, routed)           0.253     4.300    bd_0_i/hls_inst/inst/grp_FIR_filter_fu_47/H_filter_FIR_U/add_ln26_117_reg_9357[23]_i_71_n_0
    SLICE_X42Y83         LUT6 (Prop_F6LUT_SLICEL_I0_O)
                                                      0.056     4.356 r  bd_0_i/hls_inst/inst/grp_FIR_filter_fu_47/H_filter_FIR_U/add_ln26_117_reg_9357[23]_i_79/O
                         net (fo=1, routed)           0.015     4.371    bd_0_i/hls_inst/inst/grp_FIR_filter_fu_47/H_filter_FIR_U/add_ln26_117_reg_9357[23]_i_79_n_0
    SLICE_X42Y83         CARRY8 (Prop_CARRY8_SLICEL_S[5]_CO[7])
                                                      0.232     4.603 r  bd_0_i/hls_inst/inst/grp_FIR_filter_fu_47/H_filter_FIR_U/add_ln26_117_reg_9357_reg[23]_i_53/CO[7]
                         net (fo=1, routed)           0.030     4.633    bd_0_i/hls_inst/inst/grp_FIR_filter_fu_47/H_filter_FIR_U/add_ln26_117_reg_9357_reg[23]_i_53_n_0
    SLICE_X42Y84         CARRY8 (Prop_CARRY8_SLICEL_CI_O[1])
                                                      0.106     4.739 r  bd_0_i/hls_inst/inst/grp_FIR_filter_fu_47/H_filter_FIR_U/add_ln26_117_reg_9357_reg[25]_i_58/O[1]
                         net (fo=6, routed)           0.411     5.150    bd_0_i/hls_inst/inst/grp_FIR_filter_fu_47/H_filter_FIR_U/tmp15_fu_7022_p2[9]
    SLICE_X36Y86         LUT3 (Prop_G6LUT_SLICEL_I2_O)
                                                      0.082     5.232 r  bd_0_i/hls_inst/inst/grp_FIR_filter_fu_47/H_filter_FIR_U/add_ln26_117_reg_9357[25]_i_65/O
                         net (fo=1, routed)           0.178     5.410    bd_0_i/hls_inst/inst/grp_FIR_filter_fu_47/H_filter_FIR_U/add_ln26_117_reg_9357[25]_i_65_n_0
    SLICE_X36Y85         CARRY8 (Prop_CARRY8_SLICEL_DI[2]_O[5])
                                                      0.277     5.687 r  bd_0_i/hls_inst/inst/grp_FIR_filter_fu_47/H_filter_FIR_U/add_ln26_117_reg_9357_reg[25]_i_47/O[5]
                         net (fo=6, routed)           0.212     5.899    bd_0_i/hls_inst/inst/grp_FIR_filter_fu_47/H_filter_FIR_U/add_ln26_117_reg_9357_reg[25]_i_47_n_10
    SLICE_X36Y87         LUT3 (Prop_C5LUT_SLICEL_I0_O)
                                                      0.135     6.034 r  bd_0_i/hls_inst/inst/grp_FIR_filter_fu_47/H_filter_FIR_U/add_ln26_117_reg_9357[25]_i_35/O
                         net (fo=1, routed)           0.356     6.390    bd_0_i/hls_inst/inst/grp_FIR_filter_fu_47/H_filter_FIR_U/add_ln26_117_reg_9357[25]_i_35_n_0
    SLICE_X37Y86         CARRY8 (Prop_CARRY8_SLICEM_DI[3]_O[5])
                                                      0.268     6.658 r  bd_0_i/hls_inst/inst/grp_FIR_filter_fu_47/H_filter_FIR_U/add_ln26_117_reg_9357_reg[25]_i_22/O[5]
                         net (fo=3, routed)           0.348     7.006    bd_0_i/hls_inst/inst/grp_FIR_filter_fu_47/H_filter_FIR_U/sext_ln26_86_fu_7159_p1[21]
    SLICE_X34Y80         LUT3 (Prop_D6LUT_SLICEM_I2_O)
                                                      0.151     7.157 f  bd_0_i/hls_inst/inst/grp_FIR_filter_fu_47/H_filter_FIR_U/add_ln26_117_reg_9357[23]_i_28/O
                         net (fo=2, routed)           0.067     7.224    bd_0_i/hls_inst/inst/grp_FIR_filter_fu_47/H_filter_FIR_U/add_ln26_117_reg_9357[23]_i_28_n_0
    SLICE_X34Y80         LUT5 (Prop_C5LUT_SLICEM_I0_O)
                                                      0.223     7.447 r  bd_0_i/hls_inst/inst/grp_FIR_filter_fu_47/H_filter_FIR_U/add_ln26_117_reg_9357[23]_i_12/O
                         net (fo=2, routed)           0.331     7.778    bd_0_i/hls_inst/inst/grp_FIR_filter_fu_47/H_filter_FIR_U/add_ln26_117_reg_9357[23]_i_12_n_0
    SLICE_X37Y80         LUT6 (Prop_G6LUT_SLICEM_I0_O)
                                                      0.057     7.835 r  bd_0_i/hls_inst/inst/grp_FIR_filter_fu_47/H_filter_FIR_U/add_ln26_117_reg_9357[23]_i_20/O
                         net (fo=1, routed)           0.021     7.856    bd_0_i/hls_inst/inst/grp_FIR_filter_fu_47/H_filter_FIR_U/add_ln26_117_reg_9357[23]_i_20_n_0
    SLICE_X37Y80         CARRY8 (Prop_CARRY8_SLICEM_S[6]_CO[7])
                                                      0.175     8.031 r  bd_0_i/hls_inst/inst/grp_FIR_filter_fu_47/H_filter_FIR_U/add_ln26_117_reg_9357_reg[23]_i_2/CO[7]
                         net (fo=1, routed)           0.030     8.061    bd_0_i/hls_inst/inst/grp_FIR_filter_fu_47/H_filter_FIR_U/add_ln26_117_reg_9357_reg[23]_i_2_n_0
    SLICE_X37Y81         CARRY8 (Prop_CARRY8_SLICEM_CI_O[1])
                                                      0.106     8.167 r  bd_0_i/hls_inst/inst/grp_FIR_filter_fu_47/H_filter_FIR_U/add_ln26_117_reg_9357_reg[25]_i_3/O[1]
                         net (fo=2, routed)           0.387     8.554    bd_0_i/hls_inst/inst/grp_FIR_filter_fu_47/sext_ln26_97_fu_7184_p1[25]
    SLICE_X37Y68         LUT2 (Prop_B6LUT_SLICEM_I0_O)
                                                      0.082     8.636 r  bd_0_i/hls_inst/inst/grp_FIR_filter_fu_47/add_ln26_117_reg_9357[25]_i_8/O
                         net (fo=1, routed)           0.022     8.658    bd_0_i/hls_inst/inst/grp_FIR_filter_fu_47/add_ln26_117_reg_9357[25]_i_8_n_0
    SLICE_X37Y68         CARRY8 (Prop_CARRY8_SLICEM_S[1]_O[5])
                                                      0.333     8.991 r  bd_0_i/hls_inst/inst/grp_FIR_filter_fu_47/add_ln26_117_reg_9357_reg[25]_i_1/O[5]
                         net (fo=1, routed)           0.033     9.024    bd_0_i/hls_inst/inst/grp_FIR_filter_fu_47/add_ln26_117_fu_7188_p2__0[29]
    SLICE_X37Y68         FDRE                                         r  bd_0_i/hls_inst/inst/grp_FIR_filter_fu_47/add_ln26_117_reg_9357_reg[29]/D
  -------------------------------------------------------------------    -------------------

                         (clock ap_clk rise edge)    10.000    10.000 r  
                                                      0.000    10.000 r  ap_clk (IN)
                         net (fo=6150, unset)         0.031    10.031    bd_0_i/hls_inst/inst/grp_FIR_filter_fu_47/ap_clk
    SLICE_X37Y68         FDRE                                         r  bd_0_i/hls_inst/inst/grp_FIR_filter_fu_47/add_ln26_117_reg_9357_reg[29]/C
                         clock pessimism              0.000    10.031    
                         clock uncertainty           -0.035     9.996    
    SLICE_X37Y68         FDRE (Setup_FFF_SLICEM_C_D)
                                                      0.043    10.039    bd_0_i/hls_inst/inst/grp_FIR_filter_fu_47/add_ln26_117_reg_9357_reg[29]
  -------------------------------------------------------------------
                         required time                         10.039    
                         arrival time                          -9.024    
  -------------------------------------------------------------------
                         slack                                  1.014    





Min Delay Paths
--------------------------------------------------------------------------------------
Slack (MET) :             0.046ns  (arrival time - required time)
  Source:                 bd_0_i/hls_inst/inst/grp_FIR_filter_fu_47/am_addmul_16s_16s_10ns_28_4_1_U18/FIR_HLS_am_addmul_16s_16s_10ns_28_4_1_DSP48_0_U/p_reg_reg/DSP_PREADD_DATA_INST/CLK
                            (rising edge-triggered cell DSP_PREADD_DATA clocked by ap_clk  {rise@0.000ns fall@5.000ns period=10.000ns})
  Destination:            bd_0_i/hls_inst/inst/grp_FIR_filter_fu_47/am_addmul_16s_16s_10ns_28_4_1_U18/FIR_HLS_am_addmul_16s_16s_10ns_28_4_1_DSP48_0_U/p_reg_reg/DSP_PREADD_DATA_INST/AD[0]
                            (rising edge-triggered cell DSP_PREADD_DATA clocked by ap_clk  {rise@0.000ns fall@5.000ns period=10.000ns})
  Path Group:             ap_clk
  Path Type:              Hold (Min at Fast Process Corner)
  Requirement:            0.000ns  (ap_clk rise@0.000ns - ap_clk rise@0.000ns)
  Data Path Delay:        0.114ns  (logic 0.114ns (100.000%)  route 0.000ns (0.000%))
  Logic Levels:           1  (DSP_PREADD=1)
  Clock Path Skew:        0.008ns (DCD - SCD - CPR)
    Destination Clock Delay (DCD):    0.042ns
    Source Clock Delay      (SCD):    0.034ns
    Clock Pessimism Removal (CPR):    -0.000ns

    Location             Delay type                Incr(ns)  Path(ns)    Netlist Resource(s)
  -------------------------------------------------------------------    -------------------
                         (clock ap_clk rise edge)     0.000     0.000 r  
                                                      0.000     0.000 r  ap_clk (IN)
                         net (fo=6150, unset)         0.034     0.034    bd_0_i/hls_inst/inst/grp_FIR_filter_fu_47/am_addmul_16s_16s_10ns_28_4_1_U18/FIR_HLS_am_addmul_16s_16s_10ns_28_4_1_DSP48_0_U/p_reg_reg/CLK
    DSP48E2_X9Y21        DSP_PREADD_DATA                              r  bd_0_i/hls_inst/inst/grp_FIR_filter_fu_47/am_addmul_16s_16s_10ns_28_4_1_U18/FIR_HLS_am_addmul_16s_16s_10ns_28_4_1_DSP48_0_U/p_reg_reg/DSP_PREADD_DATA_INST/CLK
  -------------------------------------------------------------------    -------------------
    DSP48E2_X9Y21        DSP_PREADD_DATA (Prop_DSP_PREADD_DATA_DSP48E2_CLK_D_DATA[0])
                                                      0.081     0.115 r  bd_0_i/hls_inst/inst/grp_FIR_filter_fu_47/am_addmul_16s_16s_10ns_28_4_1_U18/FIR_HLS_am_addmul_16s_16s_10ns_28_4_1_DSP48_0_U/p_reg_reg/DSP_PREADD_DATA_INST/D_DATA[0]
                         net (fo=1, routed)           0.000     0.115    bd_0_i/hls_inst/inst/grp_FIR_filter_fu_47/am_addmul_16s_16s_10ns_28_4_1_U18/FIR_HLS_am_addmul_16s_16s_10ns_28_4_1_DSP48_0_U/p_reg_reg/DSP_PREADD_DATA.D_DATA<0>
    DSP48E2_X9Y21        DSP_PREADD (Prop_DSP_PREADD_DSP48E2_D_DATA[0]_AD[0])
                                                      0.033     0.148 r  bd_0_i/hls_inst/inst/grp_FIR_filter_fu_47/am_addmul_16s_16s_10ns_28_4_1_U18/FIR_HLS_am_addmul_16s_16s_10ns_28_4_1_DSP48_0_U/p_reg_reg/DSP_PREADD_INST/AD[0]
                         net (fo=1, routed)           0.000     0.148    bd_0_i/hls_inst/inst/grp_FIR_filter_fu_47/am_addmul_16s_16s_10ns_28_4_1_U18/FIR_HLS_am_addmul_16s_16s_10ns_28_4_1_DSP48_0_U/p_reg_reg/DSP_PREADD.AD<0>
    DSP48E2_X9Y21        DSP_PREADD_DATA                              r  bd_0_i/hls_inst/inst/grp_FIR_filter_fu_47/am_addmul_16s_16s_10ns_28_4_1_U18/FIR_HLS_am_addmul_16s_16s_10ns_28_4_1_DSP48_0_U/p_reg_reg/DSP_PREADD_DATA_INST/AD[0]
  -------------------------------------------------------------------    -------------------

                         (clock ap_clk rise edge)     0.000     0.000 r  
                                                      0.000     0.000 r  ap_clk (IN)
                         net (fo=6150, unset)         0.042     0.042    bd_0_i/hls_inst/inst/grp_FIR_filter_fu_47/am_addmul_16s_16s_10ns_28_4_1_U18/FIR_HLS_am_addmul_16s_16s_10ns_28_4_1_DSP48_0_U/p_reg_reg/CLK
    DSP48E2_X9Y21        DSP_PREADD_DATA                              r  bd_0_i/hls_inst/inst/grp_FIR_filter_fu_47/am_addmul_16s_16s_10ns_28_4_1_U18/FIR_HLS_am_addmul_16s_16s_10ns_28_4_1_DSP48_0_U/p_reg_reg/DSP_PREADD_DATA_INST/CLK
                         clock pessimism              0.000     0.042    
    DSP48E2_X9Y21        DSP_PREADD_DATA (Hold_DSP_PREADD_DATA_DSP48E2_CLK_AD[0])
                                                      0.060     0.102    bd_0_i/hls_inst/inst/grp_FIR_filter_fu_47/am_addmul_16s_16s_10ns_28_4_1_U18/FIR_HLS_am_addmul_16s_16s_10ns_28_4_1_DSP48_0_U/p_reg_reg/DSP_PREADD_DATA_INST
  -------------------------------------------------------------------
                         required time                         -0.102    
                         arrival time                           0.148    
  -------------------------------------------------------------------
                         slack                                  0.046    





Pulse Width Checks
--------------------------------------------------------------------------------------
Clock Name:         ap_clk
Waveform(ns):       { 0.000 5.000 }
Period(ns):         10.000
Sources:            { ap_clk }

Check Type        Corner  Lib Pin             Reference Pin  Required(ns)  Actual(ns)  Slack(ns)  Location      Pin
Min Period        n/a     RAMB18E2/CLKARDCLK  n/a            1.960         10.000      8.040      RAMB18_X1Y22  bd_0_i/hls_inst/inst/grp_FIR_filter_fu_47/H_filter_FIR_U/ram_reg_bram_0/CLKARDCLK
Low Pulse Width   Slow    RAMB18E2/CLKARDCLK  n/a            0.577         5.000       4.423      RAMB18_X1Y22  bd_0_i/hls_inst/inst/grp_FIR_filter_fu_47/H_filter_FIR_U/ram_reg_bram_0/CLKARDCLK
High Pulse Width  Slow    RAMB18E2/CLKARDCLK  n/a            0.577         5.000       4.423      RAMB18_X1Y22  bd_0_i/hls_inst/inst/grp_FIR_filter_fu_47/H_filter_FIR_U/ram_reg_bram_0/CLKARDCLK



