Copyright 1986-2022 Xilinx, Inc. All Rights Reserved. Copyright 2022-2024 Advanced Micro Devices, Inc. All Rights Reserved.
--------------------------------------------------------------------------------------------------------------------------------------------------
| Tool Version      : Vivado v.2024.2 (win64) Build 5239630 Fri Nov 08 22:35:27 MST 2024
| Date              : Tue Nov 11 00:44:46 2025
| Host              : DESKTOP-92OKADH running 64-bit major release  (build 9200)
| Command           : report_timing_summary -file ./report/FIR_HLS_timing_synth.rpt
| Design            : bd_0_wrapper
| Device            : xck26-sfvc784
| Speed File        : -2LV  PRODUCTION 1.30 05-15-2022
| Design State      : Synthesized
| Temperature Grade : C
--------------------------------------------------------------------------------------------------------------------------------------------------

Timing Summary Report

------------------------------------------------------------------------------------------------
| Timer Settings
| --------------
------------------------------------------------------------------------------------------------

  Enable Multi Corner Analysis               :  Yes
  Enable Pessimism Removal                   :  Yes
  Pessimism Removal Resolution               :  Nearest Common Node
  Enable Input Delay Default Clock           :  No
  Enable Preset / Clear Arcs                 :  No
  Disable Flight Delays                      :  No
  Ignore I/O Paths                           :  No
  Timing Early Launch at Borrowing Latches   :  No
  Borrow Time for Max Delay Exceptions       :  Yes
  Merge Timing Exceptions                    :  Yes
  Inter-SLR Compensation                     :  Conservative

  Corner  Analyze    Analyze    
  Name    Max Paths  Min Paths  
  ------  ---------  ---------  
  Slow    Yes        Yes        
  Fast    Yes        Yes        


------------------------------------------------------------------------------------------------
| Report Methodology
| ------------------
------------------------------------------------------------------------------------------------

No report available as report_methodology has not been run prior. Run report_methodology on the current design for the summary of methodology violations.



check_timing report

Table of Contents
-----------------
1. checking no_clock (0)
2. checking constant_clock (0)
3. checking pulse_width_clock (0)
4. checking unconstrained_internal_endpoints (0)
5. checking no_input_delay (19)
6. checking no_output_delay (18)
7. checking multiple_clock (0)
8. checking generated_clocks (0)
9. checking loops (0)
10. checking partial_input_delay (0)
11. checking partial_output_delay (0)
12. checking latch_loops (0)

1. checking no_clock (0)
------------------------
 There are 0 register/latch pins with no clock.


2. checking constant_clock (0)
------------------------------
 There are 0 register/latch pins with constant_clock.


3. checking pulse_width_clock (0)
---------------------------------
 There are 0 register/latch pins which need pulse_width check


4. checking unconstrained_internal_endpoints (0)
------------------------------------------------
 There are 0 pins that are not constrained for maximum delay.

 There are 0 pins that are not constrained for maximum delay due to constant clock.


5. checking no_input_delay (19)
-------------------------------
 There are 19 input ports with no input delay specified. (HIGH)

 There are 0 input ports with no input delay but user has a false path constraint.


6. checking no_output_delay (18)
--------------------------------
 There are 18 ports with no output delay specified. (HIGH)

 There are 0 ports with no output delay but user has a false path constraint

 There are 0 ports with no output delay but with a timing clock defined on it or propagating through it


7. checking multiple_clock (0)
------------------------------
 There are 0 register/latch pins with multiple clocks.


8. checking generated_clocks (0)
--------------------------------
 There are 0 generated clocks that are not connected to a clock source.


9. checking loops (0)
---------------------
 There are 0 combinational loops in the design.


10. checking partial_input_delay (0)
------------------------------------
 There are 0 input ports with partial input delay specified.


11. checking partial_output_delay (0)
-------------------------------------
 There are 0 ports with partial output delay specified.


12. checking latch_loops (0)
----------------------------
 There are 0 combinational latch loops in the design through latch input



------------------------------------------------------------------------------------------------
| Design Timing Summary
| ---------------------
------------------------------------------------------------------------------------------------

    WNS(ns)      TNS(ns)  TNS Failing Endpoints  TNS Total Endpoints      WHS(ns)      THS(ns)  THS Failing Endpoints  THS Total Endpoints     WPWS(ns)     TPWS(ns)  TPWS Failing Endpoints  TPWS Total Endpoints  
    -------      -------  ---------------------  -------------------      -------      -------  ---------------------  -------------------     --------     --------  ----------------------  --------------------  
      3.592        0.000                      0                28128        0.046        0.000                      0                28128        4.423        0.000                       0                  5746  


All user specified timing constraints are met.


------------------------------------------------------------------------------------------------
| Clock Summary
| -------------
------------------------------------------------------------------------------------------------

Clock   Waveform(ns)       Period(ns)      Frequency(MHz)
-----   ------------       ----------      --------------
ap_clk  {0.000 5.000}      10.000          100.000         


------------------------------------------------------------------------------------------------
| Intra Clock Table
| -----------------
------------------------------------------------------------------------------------------------

Clock             WNS(ns)      TNS(ns)  TNS Failing Endpoints  TNS Total Endpoints      WHS(ns)      THS(ns)  THS Failing Endpoints  THS Total Endpoints     WPWS(ns)     TPWS(ns)  TPWS Failing Endpoints  TPWS Total Endpoints  
-----             -------      -------  ---------------------  -------------------      -------      -------  ---------------------  -------------------     --------     --------  ----------------------  --------------------  
ap_clk              3.592        0.000                      0                28128        0.046        0.000                      0                28128        4.423        0.000                       0                  5746  


------------------------------------------------------------------------------------------------
| Inter Clock Table
| -----------------
------------------------------------------------------------------------------------------------

From Clock    To Clock          WNS(ns)      TNS(ns)  TNS Failing Endpoints  TNS Total Endpoints      WHS(ns)      THS(ns)  THS Failing Endpoints  THS Total Endpoints  
----------    --------          -------      -------  ---------------------  -------------------      -------      -------  ---------------------  -------------------  


------------------------------------------------------------------------------------------------
| Other Path Groups Table
| -----------------------
------------------------------------------------------------------------------------------------

Path Group    From Clock    To Clock          WNS(ns)      TNS(ns)  TNS Failing Endpoints  TNS Total Endpoints      WHS(ns)      THS(ns)  THS Failing Endpoints  THS Total Endpoints  
----------    ----------    --------          -------      -------  ---------------------  -------------------      -------      -------  ---------------------  -------------------  


------------------------------------------------------------------------------------------------
| Timing Details
| --------------
------------------------------------------------------------------------------------------------


---------------------------------------------------------------------------------------------------
From Clock:  ap_clk
  To Clock:  ap_clk

Setup :            0  Failing Endpoints,  Worst Slack        3.592ns,  Total Violation        0.000ns
Hold  :            0  Failing Endpoints,  Worst Slack        0.046ns,  Total Violation        0.000ns
PW    :            0  Failing Endpoints,  Worst Slack        4.423ns,  Total Violation        0.000ns
---------------------------------------------------------------------------------------------------


Max Delay Paths
--------------------------------------------------------------------------------------
Slack (MET) :             3.592ns  (required time - arrival time)
  Source:                 bd_0_i/hls_inst/inst/grp_FIR_filter_fu_47/H_filter_FIR_U/ram_reg_bram_0/CLKARDCLK
                            (rising edge-triggered cell RAMB18E2 clocked by ap_clk  {rise@0.000ns fall@5.000ns period=10.000ns})
  Destination:            bd_0_i/hls_inst/inst/grp_FIR_filter_fu_47/add_ln26_117_reg_9357_reg[29]/D
                            (rising edge-triggered cell FDRE clocked by ap_clk  {rise@0.000ns fall@5.000ns period=10.000ns})
  Path Group:             ap_clk
  Path Type:              Setup (Max at Slow Process Corner)
  Requirement:            10.000ns  (ap_clk rise@10.000ns - ap_clk rise@0.000ns)
  Data Path Delay:        6.339ns  (logic 3.730ns (58.842%)  route 2.609ns (41.158%))
  Logic Levels:           17  (CARRY8=8 LUT2=2 LUT3=3 LUT5=2 LUT6=2)
  Clock Path Skew:        -0.077ns (DCD - SCD + CPR)
    Destination Clock Delay (DCD):    0.030ns = ( 10.030 - 10.000 ) 
    Source Clock Delay      (SCD):    0.107ns
    Clock Pessimism Removal (CPR):    0.000ns
  Clock Uncertainty:      0.035ns  ((TSJ^2 + TIJ^2)^1/2 + DJ) / 2 + PE
    Total System Jitter     (TSJ):    0.071ns
    Total Input Jitter      (TIJ):    0.000ns
    Discrete Jitter          (DJ):    0.000ns
    Phase Error              (PE):    0.000ns

    Location             Delay type                Incr(ns)  Path(ns)    Netlist Resource(s)
  -------------------------------------------------------------------    -------------------
                         (clock ap_clk rise edge)     0.000     0.000 r  
                                                      0.000     0.000 r  ap_clk (IN)
                         net (fo=6150, unset)         0.107     0.107    bd_0_i/hls_inst/inst/grp_FIR_filter_fu_47/H_filter_FIR_U/ap_clk
                         RAMB18E2                                     r  bd_0_i/hls_inst/inst/grp_FIR_filter_fu_47/H_filter_FIR_U/ram_reg_bram_0/CLKARDCLK
  -------------------------------------------------------------------    -------------------
                         RAMB18E2 (Prop_RAMB18E2_CLKARDCLK_DOUTADOUT[3])
                                                      1.317     1.424 r  bd_0_i/hls_inst/inst/grp_FIR_filter_fu_47/H_filter_FIR_U/ram_reg_bram_0/DOUTADOUT[3]
                         net (fo=219, unplaced)       0.383     1.807    bd_0_i/hls_inst/inst/grp_FIR_filter_fu_47/H_filter_FIR_U/A[3]
                         LUT2 (Prop_LUT2_I1_O)        0.056     1.863 r  bd_0_i/hls_inst/inst/grp_FIR_filter_fu_47/H_filter_FIR_U/add_ln26_117_reg_9357[25]_i_212/O
                         net (fo=1, unplaced)         0.040     1.903    bd_0_i/hls_inst/inst/grp_FIR_filter_fu_47/H_filter_FIR_U/add_ln26_117_reg_9357[25]_i_212_n_0
                         CARRY8 (Prop_CARRY8_S[3]_O[4])
                                                      0.215     2.118 r  bd_0_i/hls_inst/inst/grp_FIR_filter_fu_47/H_filter_FIR_U/add_ln26_117_reg_9357_reg[25]_i_139/O[4]
                         net (fo=2, unplaced)         0.212     2.330    bd_0_i/hls_inst/inst/grp_FIR_filter_fu_47/H_filter_FIR_U/tmp1_cast_fu_7018_p1[4]
                         LUT5 (Prop_LUT5_I0_O)        0.137     2.467 r  bd_0_i/hls_inst/inst/grp_FIR_filter_fu_47/H_filter_FIR_U/add_ln26_117_reg_9357[23]_i_71/O
                         net (fo=2, unplaced)         0.211     2.678    bd_0_i/hls_inst/inst/grp_FIR_filter_fu_47/H_filter_FIR_U/add_ln26_117_reg_9357[23]_i_71_n_0
                         LUT6 (Prop_LUT6_I0_O)        0.056     2.734 r  bd_0_i/hls_inst/inst/grp_FIR_filter_fu_47/H_filter_FIR_U/add_ln26_117_reg_9357[23]_i_79/O
                         net (fo=1, unplaced)         0.037     2.771    bd_0_i/hls_inst/inst/grp_FIR_filter_fu_47/H_filter_FIR_U/add_ln26_117_reg_9357[23]_i_79_n_0
                         CARRY8 (Prop_CARRY8_S[5]_CO[7])
                                                      0.246     3.017 r  bd_0_i/hls_inst/inst/grp_FIR_filter_fu_47/H_filter_FIR_U/add_ln26_117_reg_9357_reg[23]_i_53/CO[7]
                         net (fo=1, unplaced)         0.006     3.023    bd_0_i/hls_inst/inst/grp_FIR_filter_fu_47/H_filter_FIR_U/add_ln26_117_reg_9357_reg[23]_i_53_n_0
                         CARRY8 (Prop_CARRY8_CI_O[1])
                                                      0.106     3.129 r  bd_0_i/hls_inst/inst/grp_FIR_filter_fu_47/H_filter_FIR_U/add_ln26_117_reg_9357_reg[25]_i_58/O[1]
                         net (fo=6, unplaced)         0.168     3.297    bd_0_i/hls_inst/inst/grp_FIR_filter_fu_47/H_filter_FIR_U/tmp15_fu_7022_p2[9]
                         LUT3 (Prop_LUT3_I2_O)        0.082     3.379 r  bd_0_i/hls_inst/inst/grp_FIR_filter_fu_47/H_filter_FIR_U/add_ln26_117_reg_9357[25]_i_65/O
                         net (fo=1, unplaced)         0.211     3.590    bd_0_i/hls_inst/inst/grp_FIR_filter_fu_47/H_filter_FIR_U/add_ln26_117_reg_9357[25]_i_65_n_0
                         CARRY8 (Prop_CARRY8_DI[2]_O[5])
                                                      0.284     3.874 r  bd_0_i/hls_inst/inst/grp_FIR_filter_fu_47/H_filter_FIR_U/add_ln26_117_reg_9357_reg[25]_i_47/O[5]
                         net (fo=6, unplaced)         0.177     4.051    bd_0_i/hls_inst/inst/grp_FIR_filter_fu_47/H_filter_FIR_U/add_ln26_117_reg_9357_reg[25]_i_47_n_10
                         LUT3 (Prop_LUT3_I0_O)        0.082     4.133 r  bd_0_i/hls_inst/inst/grp_FIR_filter_fu_47/H_filter_FIR_U/add_ln26_117_reg_9357[25]_i_35/O
                         net (fo=1, unplaced)         0.212     4.345    bd_0_i/hls_inst/inst/grp_FIR_filter_fu_47/H_filter_FIR_U/add_ln26_117_reg_9357[25]_i_35_n_0
                         CARRY8 (Prop_CARRY8_DI[3]_O[4])
                                                      0.235     4.580 r  bd_0_i/hls_inst/inst/grp_FIR_filter_fu_47/H_filter_FIR_U/add_ln26_117_reg_9357_reg[25]_i_22/O[4]
                         net (fo=3, unplaced)         0.215     4.795    bd_0_i/hls_inst/inst/grp_FIR_filter_fu_47/H_filter_FIR_U/sext_ln26_86_fu_7159_p1[20]
                         LUT3 (Prop_LUT3_I2_O)        0.058     4.853 r  bd_0_i/hls_inst/inst/grp_FIR_filter_fu_47/H_filter_FIR_U/add_ln26_117_reg_9357[23]_i_29/O
                         net (fo=2, unplaced)         0.211     5.064    bd_0_i/hls_inst/inst/grp_FIR_filter_fu_47/H_filter_FIR_U/add_ln26_117_reg_9357[23]_i_29_n_0
                         LUT5 (Prop_LUT5_I4_O)        0.058     5.122 r  bd_0_i/hls_inst/inst/grp_FIR_filter_fu_47/H_filter_FIR_U/add_ln26_117_reg_9357[23]_i_13/O
                         net (fo=2, unplaced)         0.211     5.333    bd_0_i/hls_inst/inst/grp_FIR_filter_fu_47/H_filter_FIR_U/add_ln26_117_reg_9357[23]_i_13_n_0
                         LUT6 (Prop_LUT6_I0_O)        0.056     5.389 r  bd_0_i/hls_inst/inst/grp_FIR_filter_fu_47/H_filter_FIR_U/add_ln26_117_reg_9357[23]_i_21/O
                         net (fo=1, unplaced)         0.037     5.426    bd_0_i/hls_inst/inst/grp_FIR_filter_fu_47/H_filter_FIR_U/add_ln26_117_reg_9357[23]_i_21_n_0
                         CARRY8 (Prop_CARRY8_S[5]_CO[7])
                                                      0.246     5.672 r  bd_0_i/hls_inst/inst/grp_FIR_filter_fu_47/H_filter_FIR_U/add_ln26_117_reg_9357_reg[23]_i_2/CO[7]
                         net (fo=1, unplaced)         0.006     5.678    bd_0_i/hls_inst/inst/grp_FIR_filter_fu_47/H_filter_FIR_U/add_ln26_117_reg_9357_reg[23]_i_2_n_0
                         CARRY8 (Prop_CARRY8_CI_O[1])
                                                      0.106     5.784 r  bd_0_i/hls_inst/inst/grp_FIR_filter_fu_47/H_filter_FIR_U/add_ln26_117_reg_9357_reg[25]_i_3/O[1]
                         net (fo=2, unplaced)         0.209     5.993    bd_0_i/hls_inst/inst/grp_FIR_filter_fu_47/sext_ln26_97_fu_7184_p1[25]
                         LUT2 (Prop_LUT2_I0_O)        0.057     6.050 r  bd_0_i/hls_inst/inst/grp_FIR_filter_fu_47/add_ln26_117_reg_9357[25]_i_8/O
                         net (fo=1, unplaced)         0.030     6.080    bd_0_i/hls_inst/inst/grp_FIR_filter_fu_47/add_ln26_117_reg_9357[25]_i_8_n_0
                         CARRY8 (Prop_CARRY8_S[1]_O[5])
                                                      0.333     6.413 r  bd_0_i/hls_inst/inst/grp_FIR_filter_fu_47/add_ln26_117_reg_9357_reg[25]_i_1/O[5]
                         net (fo=1, unplaced)         0.033     6.446    bd_0_i/hls_inst/inst/grp_FIR_filter_fu_47/add_ln26_117_fu_7188_p2__0[29]
                         FDRE                                         r  bd_0_i/hls_inst/inst/grp_FIR_filter_fu_47/add_ln26_117_reg_9357_reg[29]/D
  -------------------------------------------------------------------    -------------------

                         (clock ap_clk rise edge)    10.000    10.000 r  
                                                      0.000    10.000 r  ap_clk (IN)
                         net (fo=6150, unset)         0.030    10.030    bd_0_i/hls_inst/inst/grp_FIR_filter_fu_47/ap_clk
                         FDRE                                         r  bd_0_i/hls_inst/inst/grp_FIR_filter_fu_47/add_ln26_117_reg_9357_reg[29]/C
                         clock pessimism              0.000    10.030    
                         clock uncertainty           -0.035     9.995    
                         FDRE (Setup_FDRE_C_D)        0.043    10.038    bd_0_i/hls_inst/inst/grp_FIR_filter_fu_47/add_ln26_117_reg_9357_reg[29]
  -------------------------------------------------------------------
                         required time                         10.038    
                         arrival time                          -6.446    
  -------------------------------------------------------------------
                         slack                                  3.592    





Min Delay Paths
--------------------------------------------------------------------------------------
Slack (MET) :             0.046ns  (arrival time - required time)
  Source:                 bd_0_i/hls_inst/inst/grp_FIR_filter_fu_47/am_addmul_16s_16s_10ns_28_4_1_U18/FIR_HLS_am_addmul_16s_16s_10ns_28_4_1_DSP48_0_U/p_reg_reg/DSP_PREADD_DATA_INST/CLK
                            (rising edge-triggered cell DSP_PREADD_DATA clocked by ap_clk  {rise@0.000ns fall@5.000ns period=10.000ns})
  Destination:            bd_0_i/hls_inst/inst/grp_FIR_filter_fu_47/am_addmul_16s_16s_10ns_28_4_1_U18/FIR_HLS_am_addmul_16s_16s_10ns_28_4_1_DSP48_0_U/p_reg_reg/DSP_PREADD_DATA_INST/AD[0]
                            (rising edge-triggered cell DSP_PREADD_DATA clocked by ap_clk  {rise@0.000ns fall@5.000ns period=10.000ns})
  Path Group:             ap_clk
  Path Type:              Hold (Min at Fast Process Corner)
  Requirement:            0.000ns  (ap_clk rise@0.000ns - ap_clk rise@0.000ns)
  Data Path Delay:        0.114ns  (logic 0.114ns (100.000%)  route 0.000ns (0.000%))
  Logic Levels:           1  (DSP_PREADD=1)
  Clock Path Skew:        0.008ns (DCD - SCD - CPR)
    Destination Clock Delay (DCD):    0.042ns
    Source Clock Delay      (SCD):    0.034ns
    Clock Pessimism Removal (CPR):    -0.000ns

    Location             Delay type                Incr(ns)  Path(ns)    Netlist Resource(s)
  -------------------------------------------------------------------    -------------------
                         (clock ap_clk rise edge)     0.000     0.000 r  
                                                      0.000     0.000 r  ap_clk (IN)
                         net (fo=6150, unset)         0.034     0.034    bd_0_i/hls_inst/inst/grp_FIR_filter_fu_47/am_addmul_16s_16s_10ns_28_4_1_U18/FIR_HLS_am_addmul_16s_16s_10ns_28_4_1_DSP48_0_U/p_reg_reg/CLK
                         DSP_PREADD_DATA                              r  bd_0_i/hls_inst/inst/grp_FIR_filter_fu_47/am_addmul_16s_16s_10ns_28_4_1_U18/FIR_HLS_am_addmul_16s_16s_10ns_28_4_1_DSP48_0_U/p_reg_reg/DSP_PREADD_DATA_INST/CLK
  -------------------------------------------------------------------    -------------------
                         DSP_PREADD_DATA (Prop_DSP_PREADD_DATA_CLK_D_DATA[0])
                                                      0.081     0.115 r  bd_0_i/hls_inst/inst/grp_FIR_filter_fu_47/am_addmul_16s_16s_10ns_28_4_1_U18/FIR_HLS_am_addmul_16s_16s_10ns_28_4_1_DSP48_0_U/p_reg_reg/DSP_PREADD_DATA_INST/D_DATA[0]
                         net (fo=1, unplaced)         0.000     0.115    bd_0_i/hls_inst/inst/grp_FIR_filter_fu_47/am_addmul_16s_16s_10ns_28_4_1_U18/FIR_HLS_am_addmul_16s_16s_10ns_28_4_1_DSP48_0_U/p_reg_reg/DSP_PREADD_DATA.D_DATA<0>
                         DSP_PREADD (Prop_DSP_PREADD_D_DATA[0]_AD[0])
                                                      0.033     0.148 r  bd_0_i/hls_inst/inst/grp_FIR_filter_fu_47/am_addmul_16s_16s_10ns_28_4_1_U18/FIR_HLS_am_addmul_16s_16s_10ns_28_4_1_DSP48_0_U/p_reg_reg/DSP_PREADD_INST/AD[0]
                         net (fo=1, unplaced)         0.000     0.148    bd_0_i/hls_inst/inst/grp_FIR_filter_fu_47/am_addmul_16s_16s_10ns_28_4_1_U18/FIR_HLS_am_addmul_16s_16s_10ns_28_4_1_DSP48_0_U/p_reg_reg/DSP_PREADD.AD<0>
                         DSP_PREADD_DATA                              r  bd_0_i/hls_inst/inst/grp_FIR_filter_fu_47/am_addmul_16s_16s_10ns_28_4_1_U18/FIR_HLS_am_addmul_16s_16s_10ns_28_4_1_DSP48_0_U/p_reg_reg/DSP_PREADD_DATA_INST/AD[0]
  -------------------------------------------------------------------    -------------------

                         (clock ap_clk rise edge)     0.000     0.000 r  
                                                      0.000     0.000 r  ap_clk (IN)
                         net (fo=6150, unset)         0.042     0.042    bd_0_i/hls_inst/inst/grp_FIR_filter_fu_47/am_addmul_16s_16s_10ns_28_4_1_U18/FIR_HLS_am_addmul_16s_16s_10ns_28_4_1_DSP48_0_U/p_reg_reg/CLK
                         DSP_PREADD_DATA                              r  bd_0_i/hls_inst/inst/grp_FIR_filter_fu_47/am_addmul_16s_16s_10ns_28_4_1_U18/FIR_HLS_am_addmul_16s_16s_10ns_28_4_1_DSP48_0_U/p_reg_reg/DSP_PREADD_DATA_INST/CLK
                         clock pessimism              0.000     0.042    
                         DSP_PREADD_DATA (Hold_DSP_PREADD_DATA_CLK_AD[0])
                                                      0.060     0.102    bd_0_i/hls_inst/inst/grp_FIR_filter_fu_47/am_addmul_16s_16s_10ns_28_4_1_U18/FIR_HLS_am_addmul_16s_16s_10ns_28_4_1_DSP48_0_U/p_reg_reg/DSP_PREADD_DATA_INST
  -------------------------------------------------------------------
                         required time                         -0.102    
                         arrival time                           0.148    
  -------------------------------------------------------------------
                         slack                                  0.046    





Pulse Width Checks
--------------------------------------------------------------------------------------
Clock Name:         ap_clk
Waveform(ns):       { 0.000 5.000 }
Period(ns):         10.000
Sources:            { ap_clk }

Check Type        Corner  Lib Pin             Reference Pin  Required(ns)  Actual(ns)  Slack(ns)  Location  Pin
Min Period        n/a     RAMB18E2/CLKARDCLK  n/a            1.960         10.000      8.040                bd_0_i/hls_inst/inst/grp_FIR_filter_fu_47/H_filter_FIR_U/ram_reg_bram_0/CLKARDCLK
Low Pulse Width   Slow    RAMB18E2/CLKARDCLK  n/a            0.577         5.000       4.423                bd_0_i/hls_inst/inst/grp_FIR_filter_fu_47/H_filter_FIR_U/ram_reg_bram_0/CLKARDCLK
High Pulse Width  Slow    RAMB18E2/CLKARDCLK  n/a            0.577         5.000       4.423                bd_0_i/hls_inst/inst/grp_FIR_filter_fu_47/H_filter_FIR_U/ram_reg_bram_0/CLKARDCLK



