================================================================
== Vivado RTL Synthesis Results
================================================================
+ General Information:
    * Date:            Sat Oct 18 16:42:25 +0200 2025
    * Version:         2024.2 (Build 5238294 on Nov  8 2024)
    * Project:         FIR_v5
    * Solution:        hls (Vivado IP Flow Target)
    * Product family:  zynquplus
    * Target device:   xck26-sfvc784-2LV-c


================================================================
== Run Constraints & Options
================================================================
+ Design Constraints & Options:
    * RTL Synthesis target clock:  10 ns
    * C-Synthesis uncertainty:     27%

+ RTL Synthesis Options:
    * config_export -vivado_synth_strategy:     default
    * config_export -vivado_synth_design_args:  -directive sdx_optimization_effort_high

+ Reporting Options:
    * config_export -vivado_report_level:      2
    * config_export -vivado_max_timing_paths:  10


================================================================
== RTL Synthesis Resource Summary
================================================================
LUT:              2552
FF:               2630
DSP:              81
BRAM:             1
URAM:             0
SRL:              0


================================================================
== RTL Synthesis Timing Summary
================================================================
* Timing was met
+----------------+-------------+
| Timing         | Period (ns) |
+----------------+-------------+
| Target         | 10.000      |
| Post-Synthesis | 4.502       |
+----------------+-------------+


================================================================
== RTL Synthesis Resources
================================================================
+-----------------------------------------------+------+------+-----+------+------+-----+--------+------+---------+----------+--------+
| Name                                          | LUT  | FF   | DSP | BRAM | URAM | SRL | Pragma | Impl | Latency | Variable | Source |
+-----------------------------------------------+------+------+-----+------+------+-----+--------+------+---------+----------+--------+
| inst                                          | 2552 | 2630 | 81  | 1    |      |     |        |      |         |          |        |
|   (inst)                                      | 17   | 869  |     |      |      |     |        |      |         |          |        |
|   am_addmul_16s_16s_13ns_29_4_1_U120          | 1    |      | 1   |      |      |     |        |      |         |          |        |
|   am_addmul_16s_16s_13ns_30_4_1_U102          | 2    |      | 1   |      |      |     |        |      |         |          |        |
|   ama_addmuladd_16s_16s_12s_29s_29_4_1_U122   | 15   |      | 1   |      |      |     |        |      |         |          |        |
|   ama_addmuladd_16s_16s_12s_30s_30_4_1_U110   | 43   |      | 1   |      |      |     |        |      |         |          |        |
|   ama_addmuladd_16s_16s_8ns_29s_29_4_1_U121   | 1    |      | 1   |      |      |     |        |      |         |          |        |
|   ama_addmuladd_16s_16s_8ns_30s_30_4_1_U106   | 1    |      | 1   |      |      |     |        |      |         |          |        |
|   grp_FIR_filter_fu_188                       | 2237 | 1679 | 45  | 1    |      |     |        |      |         |          |        |
|     (grp_FIR_filter_fu_188)                   | 268  | 1679 |     |      |      |     |        |      |         |          |        |
|     H_filter_FIR_kernel_U                     | 1569 |      |     | 1    |      |     |        |      |         |          |        |
|     am_addmul_16s_16s_10ns_28_4_1_U2          | 2    |      | 1   |      |      |     |        |      |         |          |        |
|     am_addmul_16s_16s_10s_26_4_1_U14          |      |      | 1   |      |      |     |        |      |         |          |        |
|     am_addmul_16s_16s_10s_27_4_1_U4           | 2    |      | 1   |      |      |     |        |      |         |          |        |
|     am_addmul_16s_16s_11ns_29_4_1_U1          | 1    |      | 1   |      |      |     |        |      |         |          |        |
|     am_addmul_16s_16s_11s_28_4_1_U3           | 3    |      | 1   |      |      |     |        |      |         |          |        |
|     am_addmul_16s_16s_14ns_31_4_1_U10         |      |      | 1   |      |      |     |        |      |         |          |        |
|     am_addmul_16s_16s_8ns_25_4_1_U7           | 2    |      | 1   |      |      |     |        |      |         |          |        |
|     am_addmul_16s_16s_8s_24_4_1_U9            | 2    |      | 1   |      |      |     |        |      |         |          |        |
|     am_addmul_16s_16s_8s_25_4_1_U16           | 1    |      | 1   |      |      |     |        |      |         |          |        |
|     am_addmul_16s_16s_8s_25_4_1_U8            | 2    |      | 1   |      |      |     |        |      |         |          |        |
|     am_addmul_16s_16s_9ns_27_4_1_U5           | 2    |      | 1   |      |      |     |        |      |         |          |        |
|     am_addmul_16s_16s_9ns_27_4_1_U6           | 1    |      | 1   |      |      |     |        |      |         |          |        |
|     am_addmul_17s_17s_6s_23_4_1_U17           | 16   |      | 1   |      |      |     |        |      |         |          |        |
|     ama_addmuladd_16s_16s_10ns_28s_28_4_1_U12 | 2    |      | 1   |      |      |     |        |      |         |          |        |
|     ama_addmuladd_16s_16s_10s_26s_27_4_1_U36  | 2    |      | 1   |      |      |     |        |      |         |          |        |
|     ama_addmuladd_16s_16s_10s_27s_27_4_1_U15  | 1    |      | 1   |      |      |     |        |      |         |          |        |
|     ama_addmuladd_16s_16s_10s_27s_27_4_1_U18  | 2    |      | 1   |      |      |     |        |      |         |          |        |
|     ama_addmuladd_16s_16s_11s_28s_28_4_1_U26  | 4    |      | 1   |      |      |     |        |      |         |          |        |
|     ama_addmuladd_16s_16s_11s_29s_29_4_1_U11  | 2    |      | 1   |      |      |     |        |      |         |          |        |
|     ama_addmuladd_16s_16s_11s_31s_31_4_1_U23  | 1    |      | 1   |      |      |     |        |      |         |          |        |
|     ama_addmuladd_16s_16s_12s_28s_29_4_1_U25  | 1    |      | 1   |      |      |     |        |      |         |          |        |
|     ama_addmuladd_16s_16s_13s_29s_30_4_1_U24  | 1    |      | 1   |      |      |     |        |      |         |          |        |
|     ama_addmuladd_16s_16s_4ns_23s_23_4_1_U32  | 2    |      | 1   |      |      |     |        |      |         |          |        |
|     ama_addmuladd_16s_16s_6ns_31s_31_4_1_U45  | 16   |      | 1   |      |      |     |        |      |         |          |        |
|     ama_addmuladd_16s_16s_7ns_24s_25_4_1_U43  | 137  |      | 1   |      |      |     |        |      |         |          |        |
|     ama_addmuladd_16s_16s_7ns_25s_25_4_1_U30  | 2    |      | 1   |      |      |     |        |      |         |          |        |
|     ama_addmuladd_16s_16s_7ns_25s_25_4_1_U41  | 49   |      | 1   |      |      |     |        |      |         |          |        |
|     ama_addmuladd_16s_16s_7ns_25s_26_4_1_U40  | 2    |      | 1   |      |      |     |        |      |         |          |        |
|     ama_addmuladd_16s_16s_7s_24s_24_4_1_U22   | 2    |      | 1   |      |      |     |        |      |         |          |        |
|     ama_addmuladd_16s_16s_7s_25s_25_4_1_U20   | 1    |      | 1   |      |      |     |        |      |         |          |        |
|     ama_addmuladd_16s_16s_8ns_24s_25_4_1_U34  | 2    |      | 1   |      |      |     |        |      |         |          |        |
|     ama_addmuladd_16s_16s_8ns_27s_27_4_1_U19  | 1    |      | 1   |      |      |     |        |      |         |          |        |
|     ama_addmuladd_16s_16s_8s_25s_25_4_1_U21   | 2    |      | 1   |      |      |     |        |      |         |          |        |
|     ama_addmuladd_16s_16s_8s_25s_25_4_1_U44   | 25   |      | 1   |      |      |     |        |      |         |          |        |
|     ama_addmuladd_16s_16s_8s_26s_26_4_1_U27   | 1    |      | 1   |      |      |     |        |      |         |          |        |
|     ama_addmuladd_16s_16s_9ns_22s_26_4_1_U33  | 2    |      | 1   |      |      |     |        |      |         |          |        |
|     ama_addmuladd_16s_16s_9ns_24s_26_4_1_U39  | 6    |      | 1   |      |      |     |        |      |         |          |        |
|     ama_addmuladd_16s_16s_9ns_27s_28_4_1_U29  | 3    |      | 1   |      |      |     |        |      |         |          |        |
|     ama_addmuladd_16s_16s_9ns_28s_28_4_1_U13  | 2    |      | 1   |      |      |     |        |      |         |          |        |
|     ama_addmuladd_16s_16s_9s_25s_26_4_1_U37   | 1    |      | 1   |      |      |     |        |      |         |          |        |
|     ama_addmuladd_16s_16s_9s_25s_26_4_1_U38   | 30   |      | 1   |      |      |     |        |      |         |          |        |
|     ama_addmuladd_16s_16s_9s_27s_27_4_1_U31   | 1    |      | 1   |      |      |     |        |      |         |          |        |
|     ama_addmuladd_17s_17s_10ns_27s_28_4_1_U28 | 33   |      | 1   |      |      |     |        |      |         |          |        |
|     ama_submuladd_18s_16s_6ns_22s_24_4_1_U42  | 38   |      | 1   |      |      |     |        |      |         |          |        |
|     mac_mul_sub_16s_15ns_16s_31_4_1_U35       | 2    |      | 1   |      |      |     |        |      |         |          |        |
|   mac_muladd_16s_10s_28s_28_4_1_U101          | 3    |      | 2   |      |      |     |        |      |         |          |        |
|   mac_muladd_16s_10s_28s_28_4_1_U104          |      |      | 2   |      |      |     |        |      |         |          |        |
|   mac_muladd_16s_10s_28s_28_4_1_U112          | 1    |      | 2   |      |      |     |        |      |         |          |        |
|   mac_muladd_16s_10s_28s_28_4_1_U119          | 1    |      | 2   |      |      |     |        |      |         |          |        |
|   mac_muladd_16s_13ns_27s_29_4_1_U116         |      |      | 1   |      |      |     |        |      |         |          |        |
|   mac_muladd_16s_13ns_27s_30_4_1_U108         | 30   |      | 1   |      |      |     |        |      |         |          |        |
|   mac_muladd_16s_13ns_28s_29_4_1_U115         |      |      | 1   |      |      |     |        |      |         |          |        |
|   mac_muladd_16s_13ns_28s_30_4_1_U109         | 31   |      | 1   |      |      |     |        |      |         |          |        |
|   mac_muladd_16s_14ns_24s_29_4_1_U114         | 1    |      | 1   |      |      |     |        |      |         |          |        |
|   mac_muladd_16s_14ns_24s_30_4_1_U107         | 30   |      | 1   |      |      |     |        |      |         |          |        |
|   mac_muladd_16s_6ns_24s_24_4_1_U103          |      |      | 2   |      |      |     |        |      |         |          |        |
|   mac_muladd_16s_6ns_24s_24_4_1_U111          | 2    |      | 2   |      |      |     |        |      |         |          |        |
|   mac_muladd_16s_6ns_24s_24_4_1_U117          | 2    |      | 2   |      |      |     |        |      |         |          |        |
|   mac_muladd_16s_6ns_24s_24_4_1_U99           | 2    |      | 2   |      |      |     |        |      |         |          |        |
|   mac_muladd_16s_8ns_27s_27_4_1_U100          | 2    |      | 2   |      |      |     |        |      |         |          |        |
|   mac_muladd_16s_8ns_27s_27_4_1_U105          | 1    |      | 2   |      |      |     |        |      |         |          |        |
|   mac_muladd_16s_8ns_27s_27_4_1_U113          | 1    |      | 2   |      |      |     |        |      |         |          |        |
|   mac_muladd_16s_8ns_27s_27_4_1_U118          | 60   |      | 2   |      |      |     |        |      |         |          |        |
|   regslice_both_input_r_U                     | 36   | 49   |     |      |      |     |        |      |         |          |        |
|   regslice_both_output_r_U                    | 32   | 33   |     |      |      |     |        |      |         |          |        |
+-----------------------------------------------+------+------+-----+------+------+-----+--------+------+---------+----------+--------+


================================================================
== RTL Synthesis Fail Fast
================================================================
+-----------------------------------------------------------+-----------+--------+--------+
| Criteria                                                  | Guideline | Actual | Status |
+-----------------------------------------------------------+-----------+--------+--------+
| LUT                                                       | 70%       | 2.18%  | OK     |
| FD                                                        | 50%       | 1.12%  | OK     |
| LUTRAM+SRL                                                | 25%       | 0.00%  | OK     |
| CARRY8                                                    | 25%       | 0.90%  | OK     |
| MUXF7                                                     | 15%       | 0.01%  | OK     |
| DSP                                                       | 80%       | 6.49%  | OK     |
| RAMB/FIFO                                                 | 80%       | 0.35%  | OK     |
| URAM                                                      | 80%       | 0.00%  | OK     |
| DSP+RAMB+URAM (Avg)                                       | 70%       | 3.42%  | OK     |
| BUFGCE* + BUFGCTRL                                        | 24        | 0      | OK     |
| DONT_TOUCH (cells/nets)                                   | 0         | 0      | OK     |
| MARK_DEBUG (nets)                                         | 0         | 0      | OK     |
| Control Sets                                              | 2196      | 108    | OK     |
| Average Fanout for modules > 100k cells                   | 4         | 0.93   | OK     |
| Max Average Fanout for modules > 100k cells               | 4         | 0      | OK     |
| Non-FD high fanout nets > 10k loads                       | 0         | 0      | OK     |
+-----------------------------------------------------------+-----------+--------+--------+
| TIMING-6 (No common primary clock between related clocks) | 0         | 0      | OK     |
| TIMING-7 (No common node between related clocks)          | 0         | 0      | OK     |
| TIMING-8 (No common period between related clocks)        | 0         | 0      | OK     |
| TIMING-14 (LUT on the clock tree)                         | 0         | 0      | OK     |
| TIMING-35 (No common node in paths with the same clock)   | 0         | 0      | OK     |
+-----------------------------------------------------------+-----------+--------+--------+
| Number of paths above max LUT budgeting (0.391ns)         | 0         | 0      | OK     |
| Number of paths above max Net budgeting (0.263ns)         | 0         | 0      | OK     |
+-----------------------------------------------------------+-----------+--------+--------+


================================================================
== RTL Synthesis Timing Paths
================================================================
* Timing was met
+-------+-------+----------------------------------------------------------------------+-------------------------------------------------------------------------------------------------------------------------------------------------------------+--------------+------------+----------------+----------------+--------------+
| Path  | SLACK | STARTPOINT PIN                                                       | ENDPOINT PIN                                                                                                                                                | LOGIC LEVELS | MAX FANOUT | DATAPATH DELAY | DATAPATH LOGIC | DATAPATH NET |
|       |       |                                                                      |                                                                                                                                                             |              |            |                |          DELAY |        DELAY |
+-------+-------+----------------------------------------------------------------------+-------------------------------------------------------------------------------------------------------------------------------------------------------------+--------------+------------+----------------+----------------+--------------+
| Path1 | 5.498 | grp_FIR_filter_fu_188/H_filter_FIR_kernel_U/ram_reg_bram_0/CLKARDCLK | grp_FIR_filter_fu_188/ama_addmuladd_16s_16s_9ns_22s_26_4_1_U33/FIR_HLS_ama_addmuladd_16s_16s_9ns_22s_26_4_1_DSP48_0_U/p_reg_reg/DSP_OUTPUT_INST/ALU_OUT[39] |            8 |         75 |          4.429 |          3.219 |        1.210 |
| Path2 | 5.498 | grp_FIR_filter_fu_188/H_filter_FIR_kernel_U/ram_reg_bram_0/CLKARDCLK | grp_FIR_filter_fu_188/ama_addmuladd_16s_16s_9ns_22s_26_4_1_U33/FIR_HLS_ama_addmuladd_16s_16s_9ns_22s_26_4_1_DSP48_0_U/p_reg_reg/DSP_OUTPUT_INST/ALU_OUT[40] |            8 |         75 |          4.429 |          3.219 |        1.210 |
| Path3 | 5.498 | grp_FIR_filter_fu_188/H_filter_FIR_kernel_U/ram_reg_bram_0/CLKARDCLK | grp_FIR_filter_fu_188/ama_addmuladd_16s_16s_9ns_22s_26_4_1_U33/FIR_HLS_ama_addmuladd_16s_16s_9ns_22s_26_4_1_DSP48_0_U/p_reg_reg/DSP_OUTPUT_INST/ALU_OUT[41] |            8 |         75 |          4.429 |          3.219 |        1.210 |
| Path4 | 5.498 | grp_FIR_filter_fu_188/H_filter_FIR_kernel_U/ram_reg_bram_0/CLKARDCLK | grp_FIR_filter_fu_188/ama_addmuladd_16s_16s_9ns_22s_26_4_1_U33/FIR_HLS_ama_addmuladd_16s_16s_9ns_22s_26_4_1_DSP48_0_U/p_reg_reg/DSP_OUTPUT_INST/ALU_OUT[42] |            8 |         75 |          4.429 |          3.219 |        1.210 |
| Path5 | 5.498 | grp_FIR_filter_fu_188/H_filter_FIR_kernel_U/ram_reg_bram_0/CLKARDCLK | grp_FIR_filter_fu_188/ama_addmuladd_16s_16s_9ns_22s_26_4_1_U33/FIR_HLS_ama_addmuladd_16s_16s_9ns_22s_26_4_1_DSP48_0_U/p_reg_reg/DSP_OUTPUT_INST/ALU_OUT[43] |            8 |         75 |          4.429 |          3.219 |        1.210 |
+-------+-------+----------------------------------------------------------------------+-------------------------------------------------------------------------------------------------------------------------------------------------------------+--------------+------------+----------------+----------------+--------------+

    +-------------------------------------------------------------------------------------------------------------------------------------------------+------------------------+
    | Path1 Cells                                                                                                                                     | Primitive Type         |
    +-------------------------------------------------------------------------------------------------------------------------------------------------+------------------------+
    | grp_FIR_filter_fu_188/H_filter_FIR_kernel_U/ram_reg_bram_0                                                                                      | BLOCKRAM.BRAM.RAMB18E2 |
    | grp_FIR_filter_fu_188/H_filter_FIR_kernel_U/p_reg_reg_i_65__1                                                                                   | CLB.LUT.LUT2           |
    | grp_FIR_filter_fu_188/H_filter_FIR_kernel_U/p_reg_reg_i_22__0                                                                                   | CLB.CARRY.CARRY8       |
    | grp_FIR_filter_fu_188/H_filter_FIR_kernel_U/p_reg_reg_i_24                                                                                      | CLB.CARRY.CARRY8       |
    | grp_FIR_filter_fu_188/H_filter_FIR_kernel_U/p_reg_reg_i_30__0                                                                                   | CLB.LUT.LUT2           |
    | grp_FIR_filter_fu_188/H_filter_FIR_kernel_U/p_reg_reg_i_20__0                                                                                   | CLB.CARRY.CARRY8       |
    | grp_FIR_filter_fu_188/H_filter_FIR_kernel_U/p_reg_reg_i_19__0                                                                                   | CLB.CARRY.CARRY8       |
    | grp_FIR_filter_fu_188/ama_addmuladd_16s_16s_9ns_22s_26_4_1_U33/FIR_HLS_ama_addmuladd_16s_16s_9ns_22s_26_4_1_DSP48_0_U/p_reg_reg/DSP_C_DATA_INST | ARITHMETIC.DSP.DSP48E2 |
    | grp_FIR_filter_fu_188/ama_addmuladd_16s_16s_9ns_22s_26_4_1_U33/FIR_HLS_ama_addmuladd_16s_16s_9ns_22s_26_4_1_DSP48_0_U/p_reg_reg/DSP_ALU_INST    | ARITHMETIC.DSP.DSP48E2 |
    | grp_FIR_filter_fu_188/ama_addmuladd_16s_16s_9ns_22s_26_4_1_U33/FIR_HLS_ama_addmuladd_16s_16s_9ns_22s_26_4_1_DSP48_0_U/p_reg_reg/DSP_OUTPUT_INST | ARITHMETIC.DSP.DSP48E2 |
    | grp_FIR_filter_fu_188/H_filter_FIR_kernel_U/ram_reg_bram_0                                                                                      | BLOCKRAM.BRAM.RAMB18E2 |
    | grp_FIR_filter_fu_188/H_filter_FIR_kernel_U/p_reg_reg_i_65__1                                                                                   | CLB.LUT.LUT2           |
    | grp_FIR_filter_fu_188/H_filter_FIR_kernel_U/p_reg_reg_i_22__0                                                                                   | CLB.CARRY.CARRY8       |
    | grp_FIR_filter_fu_188/H_filter_FIR_kernel_U/p_reg_reg_i_24                                                                                      | CLB.CARRY.CARRY8       |
    | grp_FIR_filter_fu_188/H_filter_FIR_kernel_U/p_reg_reg_i_30__0                                                                                   | CLB.LUT.LUT2           |
    | grp_FIR_filter_fu_188/H_filter_FIR_kernel_U/p_reg_reg_i_20__0                                                                                   | CLB.CARRY.CARRY8       |
    | grp_FIR_filter_fu_188/H_filter_FIR_kernel_U/p_reg_reg_i_19__0                                                                                   | CLB.CARRY.CARRY8       |
    | grp_FIR_filter_fu_188/ama_addmuladd_16s_16s_9ns_22s_26_4_1_U33/FIR_HLS_ama_addmuladd_16s_16s_9ns_22s_26_4_1_DSP48_0_U/p_reg_reg/DSP_C_DATA_INST | ARITHMETIC.DSP.DSP48E2 |
    | grp_FIR_filter_fu_188/ama_addmuladd_16s_16s_9ns_22s_26_4_1_U33/FIR_HLS_ama_addmuladd_16s_16s_9ns_22s_26_4_1_DSP48_0_U/p_reg_reg/DSP_ALU_INST    | ARITHMETIC.DSP.DSP48E2 |
    | grp_FIR_filter_fu_188/ama_addmuladd_16s_16s_9ns_22s_26_4_1_U33/FIR_HLS_ama_addmuladd_16s_16s_9ns_22s_26_4_1_DSP48_0_U/p_reg_reg/DSP_OUTPUT_INST | ARITHMETIC.DSP.DSP48E2 |
    | grp_FIR_filter_fu_188/H_filter_FIR_kernel_U/ram_reg_bram_0                                                                                      | BLOCKRAM.BRAM.RAMB18E2 |
    | grp_FIR_filter_fu_188/H_filter_FIR_kernel_U/p_reg_reg_i_65__1                                                                                   | CLB.LUT.LUT2           |
    | grp_FIR_filter_fu_188/H_filter_FIR_kernel_U/p_reg_reg_i_22__0                                                                                   | CLB.CARRY.CARRY8       |
    | grp_FIR_filter_fu_188/H_filter_FIR_kernel_U/p_reg_reg_i_24                                                                                      | CLB.CARRY.CARRY8       |
    | grp_FIR_filter_fu_188/H_filter_FIR_kernel_U/p_reg_reg_i_30__0                                                                                   | CLB.LUT.LUT2           |
    | grp_FIR_filter_fu_188/H_filter_FIR_kernel_U/p_reg_reg_i_20__0                                                                                   | CLB.CARRY.CARRY8       |
    | grp_FIR_filter_fu_188/H_filter_FIR_kernel_U/p_reg_reg_i_19__0                                                                                   | CLB.CARRY.CARRY8       |
    | grp_FIR_filter_fu_188/ama_addmuladd_16s_16s_9ns_22s_26_4_1_U33/FIR_HLS_ama_addmuladd_16s_16s_9ns_22s_26_4_1_DSP48_0_U/p_reg_reg/DSP_C_DATA_INST | ARITHMETIC.DSP.DSP48E2 |
    | grp_FIR_filter_fu_188/ama_addmuladd_16s_16s_9ns_22s_26_4_1_U33/FIR_HLS_ama_addmuladd_16s_16s_9ns_22s_26_4_1_DSP48_0_U/p_reg_reg/DSP_ALU_INST    | ARITHMETIC.DSP.DSP48E2 |
    | grp_FIR_filter_fu_188/ama_addmuladd_16s_16s_9ns_22s_26_4_1_U33/FIR_HLS_ama_addmuladd_16s_16s_9ns_22s_26_4_1_DSP48_0_U/p_reg_reg/DSP_OUTPUT_INST | ARITHMETIC.DSP.DSP48E2 |
    | grp_FIR_filter_fu_188/H_filter_FIR_kernel_U/ram_reg_bram_0                                                                                      | BLOCKRAM.BRAM.RAMB18E2 |
    | grp_FIR_filter_fu_188/H_filter_FIR_kernel_U/p_reg_reg_i_65__1                                                                                   | CLB.LUT.LUT2           |
    | grp_FIR_filter_fu_188/H_filter_FIR_kernel_U/p_reg_reg_i_22__0                                                                                   | CLB.CARRY.CARRY8       |
    | grp_FIR_filter_fu_188/H_filter_FIR_kernel_U/p_reg_reg_i_24                                                                                      | CLB.CARRY.CARRY8       |
    | grp_FIR_filter_fu_188/H_filter_FIR_kernel_U/p_reg_reg_i_30__0                                                                                   | CLB.LUT.LUT2           |
    | grp_FIR_filter_fu_188/H_filter_FIR_kernel_U/p_reg_reg_i_20__0                                                                                   | CLB.CARRY.CARRY8       |
    | grp_FIR_filter_fu_188/H_filter_FIR_kernel_U/p_reg_reg_i_19__0                                                                                   | CLB.CARRY.CARRY8       |
    | grp_FIR_filter_fu_188/ama_addmuladd_16s_16s_9ns_22s_26_4_1_U33/FIR_HLS_ama_addmuladd_16s_16s_9ns_22s_26_4_1_DSP48_0_U/p_reg_reg/DSP_C_DATA_INST | ARITHMETIC.DSP.DSP48E2 |
    | grp_FIR_filter_fu_188/ama_addmuladd_16s_16s_9ns_22s_26_4_1_U33/FIR_HLS_ama_addmuladd_16s_16s_9ns_22s_26_4_1_DSP48_0_U/p_reg_reg/DSP_ALU_INST    | ARITHMETIC.DSP.DSP48E2 |
    | grp_FIR_filter_fu_188/ama_addmuladd_16s_16s_9ns_22s_26_4_1_U33/FIR_HLS_ama_addmuladd_16s_16s_9ns_22s_26_4_1_DSP48_0_U/p_reg_reg/DSP_OUTPUT_INST | ARITHMETIC.DSP.DSP48E2 |
    | grp_FIR_filter_fu_188/H_filter_FIR_kernel_U/ram_reg_bram_0                                                                                      | BLOCKRAM.BRAM.RAMB18E2 |
    | grp_FIR_filter_fu_188/H_filter_FIR_kernel_U/p_reg_reg_i_65__1                                                                                   | CLB.LUT.LUT2           |
    | grp_FIR_filter_fu_188/H_filter_FIR_kernel_U/p_reg_reg_i_22__0                                                                                   | CLB.CARRY.CARRY8       |
    | grp_FIR_filter_fu_188/H_filter_FIR_kernel_U/p_reg_reg_i_24                                                                                      | CLB.CARRY.CARRY8       |
    | grp_FIR_filter_fu_188/H_filter_FIR_kernel_U/p_reg_reg_i_30__0                                                                                   | CLB.LUT.LUT2           |
    | grp_FIR_filter_fu_188/H_filter_FIR_kernel_U/p_reg_reg_i_20__0                                                                                   | CLB.CARRY.CARRY8       |
    | grp_FIR_filter_fu_188/H_filter_FIR_kernel_U/p_reg_reg_i_19__0                                                                                   | CLB.CARRY.CARRY8       |
    | grp_FIR_filter_fu_188/ama_addmuladd_16s_16s_9ns_22s_26_4_1_U33/FIR_HLS_ama_addmuladd_16s_16s_9ns_22s_26_4_1_DSP48_0_U/p_reg_reg/DSP_C_DATA_INST | ARITHMETIC.DSP.DSP48E2 |
    | grp_FIR_filter_fu_188/ama_addmuladd_16s_16s_9ns_22s_26_4_1_U33/FIR_HLS_ama_addmuladd_16s_16s_9ns_22s_26_4_1_DSP48_0_U/p_reg_reg/DSP_ALU_INST    | ARITHMETIC.DSP.DSP48E2 |
    | grp_FIR_filter_fu_188/ama_addmuladd_16s_16s_9ns_22s_26_4_1_U33/FIR_HLS_ama_addmuladd_16s_16s_9ns_22s_26_4_1_DSP48_0_U/p_reg_reg/DSP_OUTPUT_INST | ARITHMETIC.DSP.DSP48E2 |
    +-------------------------------------------------------------------------------------------------------------------------------------------------+------------------------+

    +-------------------------------------------------------------------------------------------------------------------------------------------------+------------------------+
    | Path2 Cells                                                                                                                                     | Primitive Type         |
    +-------------------------------------------------------------------------------------------------------------------------------------------------+------------------------+
    | grp_FIR_filter_fu_188/H_filter_FIR_kernel_U/ram_reg_bram_0                                                                                      | BLOCKRAM.BRAM.RAMB18E2 |
    | grp_FIR_filter_fu_188/H_filter_FIR_kernel_U/p_reg_reg_i_65__1                                                                                   | CLB.LUT.LUT2           |
    | grp_FIR_filter_fu_188/H_filter_FIR_kernel_U/p_reg_reg_i_22__0                                                                                   | CLB.CARRY.CARRY8       |
    | grp_FIR_filter_fu_188/H_filter_FIR_kernel_U/p_reg_reg_i_24                                                                                      | CLB.CARRY.CARRY8       |
    | grp_FIR_filter_fu_188/H_filter_FIR_kernel_U/p_reg_reg_i_30__0                                                                                   | CLB.LUT.LUT2           |
    | grp_FIR_filter_fu_188/H_filter_FIR_kernel_U/p_reg_reg_i_20__0                                                                                   | CLB.CARRY.CARRY8       |
    | grp_FIR_filter_fu_188/H_filter_FIR_kernel_U/p_reg_reg_i_19__0                                                                                   | CLB.CARRY.CARRY8       |
    | grp_FIR_filter_fu_188/ama_addmuladd_16s_16s_9ns_22s_26_4_1_U33/FIR_HLS_ama_addmuladd_16s_16s_9ns_22s_26_4_1_DSP48_0_U/p_reg_reg/DSP_C_DATA_INST | ARITHMETIC.DSP.DSP48E2 |
    | grp_FIR_filter_fu_188/ama_addmuladd_16s_16s_9ns_22s_26_4_1_U33/FIR_HLS_ama_addmuladd_16s_16s_9ns_22s_26_4_1_DSP48_0_U/p_reg_reg/DSP_ALU_INST    | ARITHMETIC.DSP.DSP48E2 |
    | grp_FIR_filter_fu_188/ama_addmuladd_16s_16s_9ns_22s_26_4_1_U33/FIR_HLS_ama_addmuladd_16s_16s_9ns_22s_26_4_1_DSP48_0_U/p_reg_reg/DSP_OUTPUT_INST | ARITHMETIC.DSP.DSP48E2 |
    | grp_FIR_filter_fu_188/H_filter_FIR_kernel_U/ram_reg_bram_0                                                                                      | BLOCKRAM.BRAM.RAMB18E2 |
    | grp_FIR_filter_fu_188/H_filter_FIR_kernel_U/p_reg_reg_i_65__1                                                                                   | CLB.LUT.LUT2           |
    | grp_FIR_filter_fu_188/H_filter_FIR_kernel_U/p_reg_reg_i_22__0                                                                                   | CLB.CARRY.CARRY8       |
    | grp_FIR_filter_fu_188/H_filter_FIR_kernel_U/p_reg_reg_i_24                                                                                      | CLB.CARRY.CARRY8       |
    | grp_FIR_filter_fu_188/H_filter_FIR_kernel_U/p_reg_reg_i_30__0                                                                                   | CLB.LUT.LUT2           |
    | grp_FIR_filter_fu_188/H_filter_FIR_kernel_U/p_reg_reg_i_20__0                                                                                   | CLB.CARRY.CARRY8       |
    | grp_FIR_filter_fu_188/H_filter_FIR_kernel_U/p_reg_reg_i_19__0                                                                                   | CLB.CARRY.CARRY8       |
    | grp_FIR_filter_fu_188/ama_addmuladd_16s_16s_9ns_22s_26_4_1_U33/FIR_HLS_ama_addmuladd_16s_16s_9ns_22s_26_4_1_DSP48_0_U/p_reg_reg/DSP_C_DATA_INST | ARITHMETIC.DSP.DSP48E2 |
    | grp_FIR_filter_fu_188/ama_addmuladd_16s_16s_9ns_22s_26_4_1_U33/FIR_HLS_ama_addmuladd_16s_16s_9ns_22s_26_4_1_DSP48_0_U/p_reg_reg/DSP_ALU_INST    | ARITHMETIC.DSP.DSP48E2 |
    | grp_FIR_filter_fu_188/ama_addmuladd_16s_16s_9ns_22s_26_4_1_U33/FIR_HLS_ama_addmuladd_16s_16s_9ns_22s_26_4_1_DSP48_0_U/p_reg_reg/DSP_OUTPUT_INST | ARITHMETIC.DSP.DSP48E2 |
    | grp_FIR_filter_fu_188/H_filter_FIR_kernel_U/ram_reg_bram_0                                                                                      | BLOCKRAM.BRAM.RAMB18E2 |
    | grp_FIR_filter_fu_188/H_filter_FIR_kernel_U/p_reg_reg_i_65__1                                                                                   | CLB.LUT.LUT2           |
    | grp_FIR_filter_fu_188/H_filter_FIR_kernel_U/p_reg_reg_i_22__0                                                                                   | CLB.CARRY.CARRY8       |
    | grp_FIR_filter_fu_188/H_filter_FIR_kernel_U/p_reg_reg_i_24                                                                                      | CLB.CARRY.CARRY8       |
    | grp_FIR_filter_fu_188/H_filter_FIR_kernel_U/p_reg_reg_i_30__0                                                                                   | CLB.LUT.LUT2           |
    | grp_FIR_filter_fu_188/H_filter_FIR_kernel_U/p_reg_reg_i_20__0                                                                                   | CLB.CARRY.CARRY8       |
    | grp_FIR_filter_fu_188/H_filter_FIR_kernel_U/p_reg_reg_i_19__0                                                                                   | CLB.CARRY.CARRY8       |
    | grp_FIR_filter_fu_188/ama_addmuladd_16s_16s_9ns_22s_26_4_1_U33/FIR_HLS_ama_addmuladd_16s_16s_9ns_22s_26_4_1_DSP48_0_U/p_reg_reg/DSP_C_DATA_INST | ARITHMETIC.DSP.DSP48E2 |
    | grp_FIR_filter_fu_188/ama_addmuladd_16s_16s_9ns_22s_26_4_1_U33/FIR_HLS_ama_addmuladd_16s_16s_9ns_22s_26_4_1_DSP48_0_U/p_reg_reg/DSP_ALU_INST    | ARITHMETIC.DSP.DSP48E2 |
    | grp_FIR_filter_fu_188/ama_addmuladd_16s_16s_9ns_22s_26_4_1_U33/FIR_HLS_ama_addmuladd_16s_16s_9ns_22s_26_4_1_DSP48_0_U/p_reg_reg/DSP_OUTPUT_INST | ARITHMETIC.DSP.DSP48E2 |
    | grp_FIR_filter_fu_188/H_filter_FIR_kernel_U/ram_reg_bram_0                                                                                      | BLOCKRAM.BRAM.RAMB18E2 |
    | grp_FIR_filter_fu_188/H_filter_FIR_kernel_U/p_reg_reg_i_65__1                                                                                   | CLB.LUT.LUT2           |
    | grp_FIR_filter_fu_188/H_filter_FIR_kernel_U/p_reg_reg_i_22__0                                                                                   | CLB.CARRY.CARRY8       |
    | grp_FIR_filter_fu_188/H_filter_FIR_kernel_U/p_reg_reg_i_24                                                                                      | CLB.CARRY.CARRY8       |
    | grp_FIR_filter_fu_188/H_filter_FIR_kernel_U/p_reg_reg_i_30__0                                                                                   | CLB.LUT.LUT2           |
    | grp_FIR_filter_fu_188/H_filter_FIR_kernel_U/p_reg_reg_i_20__0                                                                                   | CLB.CARRY.CARRY8       |
    | grp_FIR_filter_fu_188/H_filter_FIR_kernel_U/p_reg_reg_i_19__0                                                                                   | CLB.CARRY.CARRY8       |
    | grp_FIR_filter_fu_188/ama_addmuladd_16s_16s_9ns_22s_26_4_1_U33/FIR_HLS_ama_addmuladd_16s_16s_9ns_22s_26_4_1_DSP48_0_U/p_reg_reg/DSP_C_DATA_INST | ARITHMETIC.DSP.DSP48E2 |
    | grp_FIR_filter_fu_188/ama_addmuladd_16s_16s_9ns_22s_26_4_1_U33/FIR_HLS_ama_addmuladd_16s_16s_9ns_22s_26_4_1_DSP48_0_U/p_reg_reg/DSP_ALU_INST    | ARITHMETIC.DSP.DSP48E2 |
    | grp_FIR_filter_fu_188/ama_addmuladd_16s_16s_9ns_22s_26_4_1_U33/FIR_HLS_ama_addmuladd_16s_16s_9ns_22s_26_4_1_DSP48_0_U/p_reg_reg/DSP_OUTPUT_INST | ARITHMETIC.DSP.DSP48E2 |
    | grp_FIR_filter_fu_188/H_filter_FIR_kernel_U/ram_reg_bram_0                                                                                      | BLOCKRAM.BRAM.RAMB18E2 |
    | grp_FIR_filter_fu_188/H_filter_FIR_kernel_U/p_reg_reg_i_65__1                                                                                   | CLB.LUT.LUT2           |
    | grp_FIR_filter_fu_188/H_filter_FIR_kernel_U/p_reg_reg_i_22__0                                                                                   | CLB.CARRY.CARRY8       |
    | grp_FIR_filter_fu_188/H_filter_FIR_kernel_U/p_reg_reg_i_24                                                                                      | CLB.CARRY.CARRY8       |
    | grp_FIR_filter_fu_188/H_filter_FIR_kernel_U/p_reg_reg_i_30__0                                                                                   | CLB.LUT.LUT2           |
    | grp_FIR_filter_fu_188/H_filter_FIR_kernel_U/p_reg_reg_i_20__0                                                                                   | CLB.CARRY.CARRY8       |
    | grp_FIR_filter_fu_188/H_filter_FIR_kernel_U/p_reg_reg_i_19__0                                                                                   | CLB.CARRY.CARRY8       |
    | grp_FIR_filter_fu_188/ama_addmuladd_16s_16s_9ns_22s_26_4_1_U33/FIR_HLS_ama_addmuladd_16s_16s_9ns_22s_26_4_1_DSP48_0_U/p_reg_reg/DSP_C_DATA_INST | ARITHMETIC.DSP.DSP48E2 |
    | grp_FIR_filter_fu_188/ama_addmuladd_16s_16s_9ns_22s_26_4_1_U33/FIR_HLS_ama_addmuladd_16s_16s_9ns_22s_26_4_1_DSP48_0_U/p_reg_reg/DSP_ALU_INST    | ARITHMETIC.DSP.DSP48E2 |
    | grp_FIR_filter_fu_188/ama_addmuladd_16s_16s_9ns_22s_26_4_1_U33/FIR_HLS_ama_addmuladd_16s_16s_9ns_22s_26_4_1_DSP48_0_U/p_reg_reg/DSP_OUTPUT_INST | ARITHMETIC.DSP.DSP48E2 |
    +-------------------------------------------------------------------------------------------------------------------------------------------------+------------------------+

    +-------------------------------------------------------------------------------------------------------------------------------------------------+------------------------+
    | Path3 Cells                                                                                                                                     | Primitive Type         |
    +-------------------------------------------------------------------------------------------------------------------------------------------------+------------------------+
    | grp_FIR_filter_fu_188/H_filter_FIR_kernel_U/ram_reg_bram_0                                                                                      | BLOCKRAM.BRAM.RAMB18E2 |
    | grp_FIR_filter_fu_188/H_filter_FIR_kernel_U/p_reg_reg_i_65__1                                                                                   | CLB.LUT.LUT2           |
    | grp_FIR_filter_fu_188/H_filter_FIR_kernel_U/p_reg_reg_i_22__0                                                                                   | CLB.CARRY.CARRY8       |
    | grp_FIR_filter_fu_188/H_filter_FIR_kernel_U/p_reg_reg_i_24                                                                                      | CLB.CARRY.CARRY8       |
    | grp_FIR_filter_fu_188/H_filter_FIR_kernel_U/p_reg_reg_i_30__0                                                                                   | CLB.LUT.LUT2           |
    | grp_FIR_filter_fu_188/H_filter_FIR_kernel_U/p_reg_reg_i_20__0                                                                                   | CLB.CARRY.CARRY8       |
    | grp_FIR_filter_fu_188/H_filter_FIR_kernel_U/p_reg_reg_i_19__0                                                                                   | CLB.CARRY.CARRY8       |
    | grp_FIR_filter_fu_188/ama_addmuladd_16s_16s_9ns_22s_26_4_1_U33/FIR_HLS_ama_addmuladd_16s_16s_9ns_22s_26_4_1_DSP48_0_U/p_reg_reg/DSP_C_DATA_INST | ARITHMETIC.DSP.DSP48E2 |
    | grp_FIR_filter_fu_188/ama_addmuladd_16s_16s_9ns_22s_26_4_1_U33/FIR_HLS_ama_addmuladd_16s_16s_9ns_22s_26_4_1_DSP48_0_U/p_reg_reg/DSP_ALU_INST    | ARITHMETIC.DSP.DSP48E2 |
    | grp_FIR_filter_fu_188/ama_addmuladd_16s_16s_9ns_22s_26_4_1_U33/FIR_HLS_ama_addmuladd_16s_16s_9ns_22s_26_4_1_DSP48_0_U/p_reg_reg/DSP_OUTPUT_INST | ARITHMETIC.DSP.DSP48E2 |
    | grp_FIR_filter_fu_188/H_filter_FIR_kernel_U/ram_reg_bram_0                                                                                      | BLOCKRAM.BRAM.RAMB18E2 |
    | grp_FIR_filter_fu_188/H_filter_FIR_kernel_U/p_reg_reg_i_65__1                                                                                   | CLB.LUT.LUT2           |
    | grp_FIR_filter_fu_188/H_filter_FIR_kernel_U/p_reg_reg_i_22__0                                                                                   | CLB.CARRY.CARRY8       |
    | grp_FIR_filter_fu_188/H_filter_FIR_kernel_U/p_reg_reg_i_24                                                                                      | CLB.CARRY.CARRY8       |
    | grp_FIR_filter_fu_188/H_filter_FIR_kernel_U/p_reg_reg_i_30__0                                                                                   | CLB.LUT.LUT2           |
    | grp_FIR_filter_fu_188/H_filter_FIR_kernel_U/p_reg_reg_i_20__0                                                                                   | CLB.CARRY.CARRY8       |
    | grp_FIR_filter_fu_188/H_filter_FIR_kernel_U/p_reg_reg_i_19__0                                                                                   | CLB.CARRY.CARRY8       |
    | grp_FIR_filter_fu_188/ama_addmuladd_16s_16s_9ns_22s_26_4_1_U33/FIR_HLS_ama_addmuladd_16s_16s_9ns_22s_26_4_1_DSP48_0_U/p_reg_reg/DSP_C_DATA_INST | ARITHMETIC.DSP.DSP48E2 |
    | grp_FIR_filter_fu_188/ama_addmuladd_16s_16s_9ns_22s_26_4_1_U33/FIR_HLS_ama_addmuladd_16s_16s_9ns_22s_26_4_1_DSP48_0_U/p_reg_reg/DSP_ALU_INST    | ARITHMETIC.DSP.DSP48E2 |
    | grp_FIR_filter_fu_188/ama_addmuladd_16s_16s_9ns_22s_26_4_1_U33/FIR_HLS_ama_addmuladd_16s_16s_9ns_22s_26_4_1_DSP48_0_U/p_reg_reg/DSP_OUTPUT_INST | ARITHMETIC.DSP.DSP48E2 |
    | grp_FIR_filter_fu_188/H_filter_FIR_kernel_U/ram_reg_bram_0                                                                                      | BLOCKRAM.BRAM.RAMB18E2 |
    | grp_FIR_filter_fu_188/H_filter_FIR_kernel_U/p_reg_reg_i_65__1                                                                                   | CLB.LUT.LUT2           |
    | grp_FIR_filter_fu_188/H_filter_FIR_kernel_U/p_reg_reg_i_22__0                                                                                   | CLB.CARRY.CARRY8       |
    | grp_FIR_filter_fu_188/H_filter_FIR_kernel_U/p_reg_reg_i_24                                                                                      | CLB.CARRY.CARRY8       |
    | grp_FIR_filter_fu_188/H_filter_FIR_kernel_U/p_reg_reg_i_30__0                                                                                   | CLB.LUT.LUT2           |
    | grp_FIR_filter_fu_188/H_filter_FIR_kernel_U/p_reg_reg_i_20__0                                                                                   | CLB.CARRY.CARRY8       |
    | grp_FIR_filter_fu_188/H_filter_FIR_kernel_U/p_reg_reg_i_19__0                                                                                   | CLB.CARRY.CARRY8       |
    | grp_FIR_filter_fu_188/ama_addmuladd_16s_16s_9ns_22s_26_4_1_U33/FIR_HLS_ama_addmuladd_16s_16s_9ns_22s_26_4_1_DSP48_0_U/p_reg_reg/DSP_C_DATA_INST | ARITHMETIC.DSP.DSP48E2 |
    | grp_FIR_filter_fu_188/ama_addmuladd_16s_16s_9ns_22s_26_4_1_U33/FIR_HLS_ama_addmuladd_16s_16s_9ns_22s_26_4_1_DSP48_0_U/p_reg_reg/DSP_ALU_INST    | ARITHMETIC.DSP.DSP48E2 |
    | grp_FIR_filter_fu_188/ama_addmuladd_16s_16s_9ns_22s_26_4_1_U33/FIR_HLS_ama_addmuladd_16s_16s_9ns_22s_26_4_1_DSP48_0_U/p_reg_reg/DSP_OUTPUT_INST | ARITHMETIC.DSP.DSP48E2 |
    | grp_FIR_filter_fu_188/H_filter_FIR_kernel_U/ram_reg_bram_0                                                                                      | BLOCKRAM.BRAM.RAMB18E2 |
    | grp_FIR_filter_fu_188/H_filter_FIR_kernel_U/p_reg_reg_i_65__1                                                                                   | CLB.LUT.LUT2           |
    | grp_FIR_filter_fu_188/H_filter_FIR_kernel_U/p_reg_reg_i_22__0                                                                                   | CLB.CARRY.CARRY8       |
    | grp_FIR_filter_fu_188/H_filter_FIR_kernel_U/p_reg_reg_i_24                                                                                      | CLB.CARRY.CARRY8       |
    | grp_FIR_filter_fu_188/H_filter_FIR_kernel_U/p_reg_reg_i_30__0                                                                                   | CLB.LUT.LUT2           |
    | grp_FIR_filter_fu_188/H_filter_FIR_kernel_U/p_reg_reg_i_20__0                                                                                   | CLB.CARRY.CARRY8       |
    | grp_FIR_filter_fu_188/H_filter_FIR_kernel_U/p_reg_reg_i_19__0                                                                                   | CLB.CARRY.CARRY8       |
    | grp_FIR_filter_fu_188/ama_addmuladd_16s_16s_9ns_22s_26_4_1_U33/FIR_HLS_ama_addmuladd_16s_16s_9ns_22s_26_4_1_DSP48_0_U/p_reg_reg/DSP_C_DATA_INST | ARITHMETIC.DSP.DSP48E2 |
    | grp_FIR_filter_fu_188/ama_addmuladd_16s_16s_9ns_22s_26_4_1_U33/FIR_HLS_ama_addmuladd_16s_16s_9ns_22s_26_4_1_DSP48_0_U/p_reg_reg/DSP_ALU_INST    | ARITHMETIC.DSP.DSP48E2 |
    | grp_FIR_filter_fu_188/ama_addmuladd_16s_16s_9ns_22s_26_4_1_U33/FIR_HLS_ama_addmuladd_16s_16s_9ns_22s_26_4_1_DSP48_0_U/p_reg_reg/DSP_OUTPUT_INST | ARITHMETIC.DSP.DSP48E2 |
    | grp_FIR_filter_fu_188/H_filter_FIR_kernel_U/ram_reg_bram_0                                                                                      | BLOCKRAM.BRAM.RAMB18E2 |
    | grp_FIR_filter_fu_188/H_filter_FIR_kernel_U/p_reg_reg_i_65__1                                                                                   | CLB.LUT.LUT2           |
    | grp_FIR_filter_fu_188/H_filter_FIR_kernel_U/p_reg_reg_i_22__0                                                                                   | CLB.CARRY.CARRY8       |
    | grp_FIR_filter_fu_188/H_filter_FIR_kernel_U/p_reg_reg_i_24                                                                                      | CLB.CARRY.CARRY8       |
    | grp_FIR_filter_fu_188/H_filter_FIR_kernel_U/p_reg_reg_i_30__0                                                                                   | CLB.LUT.LUT2           |
    | grp_FIR_filter_fu_188/H_filter_FIR_kernel_U/p_reg_reg_i_20__0                                                                                   | CLB.CARRY.CARRY8       |
    | grp_FIR_filter_fu_188/H_filter_FIR_kernel_U/p_reg_reg_i_19__0                                                                                   | CLB.CARRY.CARRY8       |
    | grp_FIR_filter_fu_188/ama_addmuladd_16s_16s_9ns_22s_26_4_1_U33/FIR_HLS_ama_addmuladd_16s_16s_9ns_22s_26_4_1_DSP48_0_U/p_reg_reg/DSP_C_DATA_INST | ARITHMETIC.DSP.DSP48E2 |
    | grp_FIR_filter_fu_188/ama_addmuladd_16s_16s_9ns_22s_26_4_1_U33/FIR_HLS_ama_addmuladd_16s_16s_9ns_22s_26_4_1_DSP48_0_U/p_reg_reg/DSP_ALU_INST    | ARITHMETIC.DSP.DSP48E2 |
    | grp_FIR_filter_fu_188/ama_addmuladd_16s_16s_9ns_22s_26_4_1_U33/FIR_HLS_ama_addmuladd_16s_16s_9ns_22s_26_4_1_DSP48_0_U/p_reg_reg/DSP_OUTPUT_INST | ARITHMETIC.DSP.DSP48E2 |
    +-------------------------------------------------------------------------------------------------------------------------------------------------+------------------------+

    +-------------------------------------------------------------------------------------------------------------------------------------------------+------------------------+
    | Path4 Cells                                                                                                                                     | Primitive Type         |
    +-------------------------------------------------------------------------------------------------------------------------------------------------+------------------------+
    | grp_FIR_filter_fu_188/H_filter_FIR_kernel_U/ram_reg_bram_0                                                                                      | BLOCKRAM.BRAM.RAMB18E2 |
    | grp_FIR_filter_fu_188/H_filter_FIR_kernel_U/p_reg_reg_i_65__1                                                                                   | CLB.LUT.LUT2           |
    | grp_FIR_filter_fu_188/H_filter_FIR_kernel_U/p_reg_reg_i_22__0                                                                                   | CLB.CARRY.CARRY8       |
    | grp_FIR_filter_fu_188/H_filter_FIR_kernel_U/p_reg_reg_i_24                                                                                      | CLB.CARRY.CARRY8       |
    | grp_FIR_filter_fu_188/H_filter_FIR_kernel_U/p_reg_reg_i_30__0                                                                                   | CLB.LUT.LUT2           |
    | grp_FIR_filter_fu_188/H_filter_FIR_kernel_U/p_reg_reg_i_20__0                                                                                   | CLB.CARRY.CARRY8       |
    | grp_FIR_filter_fu_188/H_filter_FIR_kernel_U/p_reg_reg_i_19__0                                                                                   | CLB.CARRY.CARRY8       |
    | grp_FIR_filter_fu_188/ama_addmuladd_16s_16s_9ns_22s_26_4_1_U33/FIR_HLS_ama_addmuladd_16s_16s_9ns_22s_26_4_1_DSP48_0_U/p_reg_reg/DSP_C_DATA_INST | ARITHMETIC.DSP.DSP48E2 |
    | grp_FIR_filter_fu_188/ama_addmuladd_16s_16s_9ns_22s_26_4_1_U33/FIR_HLS_ama_addmuladd_16s_16s_9ns_22s_26_4_1_DSP48_0_U/p_reg_reg/DSP_ALU_INST    | ARITHMETIC.DSP.DSP48E2 |
    | grp_FIR_filter_fu_188/ama_addmuladd_16s_16s_9ns_22s_26_4_1_U33/FIR_HLS_ama_addmuladd_16s_16s_9ns_22s_26_4_1_DSP48_0_U/p_reg_reg/DSP_OUTPUT_INST | ARITHMETIC.DSP.DSP48E2 |
    | grp_FIR_filter_fu_188/H_filter_FIR_kernel_U/ram_reg_bram_0                                                                                      | BLOCKRAM.BRAM.RAMB18E2 |
    | grp_FIR_filter_fu_188/H_filter_FIR_kernel_U/p_reg_reg_i_65__1                                                                                   | CLB.LUT.LUT2           |
    | grp_FIR_filter_fu_188/H_filter_FIR_kernel_U/p_reg_reg_i_22__0                                                                                   | CLB.CARRY.CARRY8       |
    | grp_FIR_filter_fu_188/H_filter_FIR_kernel_U/p_reg_reg_i_24                                                                                      | CLB.CARRY.CARRY8       |
    | grp_FIR_filter_fu_188/H_filter_FIR_kernel_U/p_reg_reg_i_30__0                                                                                   | CLB.LUT.LUT2           |
    | grp_FIR_filter_fu_188/H_filter_FIR_kernel_U/p_reg_reg_i_20__0                                                                                   | CLB.CARRY.CARRY8       |
    | grp_FIR_filter_fu_188/H_filter_FIR_kernel_U/p_reg_reg_i_19__0                                                                                   | CLB.CARRY.CARRY8       |
    | grp_FIR_filter_fu_188/ama_addmuladd_16s_16s_9ns_22s_26_4_1_U33/FIR_HLS_ama_addmuladd_16s_16s_9ns_22s_26_4_1_DSP48_0_U/p_reg_reg/DSP_C_DATA_INST | ARITHMETIC.DSP.DSP48E2 |
    | grp_FIR_filter_fu_188/ama_addmuladd_16s_16s_9ns_22s_26_4_1_U33/FIR_HLS_ama_addmuladd_16s_16s_9ns_22s_26_4_1_DSP48_0_U/p_reg_reg/DSP_ALU_INST    | ARITHMETIC.DSP.DSP48E2 |
    | grp_FIR_filter_fu_188/ama_addmuladd_16s_16s_9ns_22s_26_4_1_U33/FIR_HLS_ama_addmuladd_16s_16s_9ns_22s_26_4_1_DSP48_0_U/p_reg_reg/DSP_OUTPUT_INST | ARITHMETIC.DSP.DSP48E2 |
    | grp_FIR_filter_fu_188/H_filter_FIR_kernel_U/ram_reg_bram_0                                                                                      | BLOCKRAM.BRAM.RAMB18E2 |
    | grp_FIR_filter_fu_188/H_filter_FIR_kernel_U/p_reg_reg_i_65__1                                                                                   | CLB.LUT.LUT2           |
    | grp_FIR_filter_fu_188/H_filter_FIR_kernel_U/p_reg_reg_i_22__0                                                                                   | CLB.CARRY.CARRY8       |
    | grp_FIR_filter_fu_188/H_filter_FIR_kernel_U/p_reg_reg_i_24                                                                                      | CLB.CARRY.CARRY8       |
    | grp_FIR_filter_fu_188/H_filter_FIR_kernel_U/p_reg_reg_i_30__0                                                                                   | CLB.LUT.LUT2           |
    | grp_FIR_filter_fu_188/H_filter_FIR_kernel_U/p_reg_reg_i_20__0                                                                                   | CLB.CARRY.CARRY8       |
    | grp_FIR_filter_fu_188/H_filter_FIR_kernel_U/p_reg_reg_i_19__0                                                                                   | CLB.CARRY.CARRY8       |
    | grp_FIR_filter_fu_188/ama_addmuladd_16s_16s_9ns_22s_26_4_1_U33/FIR_HLS_ama_addmuladd_16s_16s_9ns_22s_26_4_1_DSP48_0_U/p_reg_reg/DSP_C_DATA_INST | ARITHMETIC.DSP.DSP48E2 |
    | grp_FIR_filter_fu_188/ama_addmuladd_16s_16s_9ns_22s_26_4_1_U33/FIR_HLS_ama_addmuladd_16s_16s_9ns_22s_26_4_1_DSP48_0_U/p_reg_reg/DSP_ALU_INST    | ARITHMETIC.DSP.DSP48E2 |
    | grp_FIR_filter_fu_188/ama_addmuladd_16s_16s_9ns_22s_26_4_1_U33/FIR_HLS_ama_addmuladd_16s_16s_9ns_22s_26_4_1_DSP48_0_U/p_reg_reg/DSP_OUTPUT_INST | ARITHMETIC.DSP.DSP48E2 |
    | grp_FIR_filter_fu_188/H_filter_FIR_kernel_U/ram_reg_bram_0                                                                                      | BLOCKRAM.BRAM.RAMB18E2 |
    | grp_FIR_filter_fu_188/H_filter_FIR_kernel_U/p_reg_reg_i_65__1                                                                                   | CLB.LUT.LUT2           |
    | grp_FIR_filter_fu_188/H_filter_FIR_kernel_U/p_reg_reg_i_22__0                                                                                   | CLB.CARRY.CARRY8       |
    | grp_FIR_filter_fu_188/H_filter_FIR_kernel_U/p_reg_reg_i_24                                                                                      | CLB.CARRY.CARRY8       |
    | grp_FIR_filter_fu_188/H_filter_FIR_kernel_U/p_reg_reg_i_30__0                                                                                   | CLB.LUT.LUT2           |
    | grp_FIR_filter_fu_188/H_filter_FIR_kernel_U/p_reg_reg_i_20__0                                                                                   | CLB.CARRY.CARRY8       |
    | grp_FIR_filter_fu_188/H_filter_FIR_kernel_U/p_reg_reg_i_19__0                                                                                   | CLB.CARRY.CARRY8       |
    | grp_FIR_filter_fu_188/ama_addmuladd_16s_16s_9ns_22s_26_4_1_U33/FIR_HLS_ama_addmuladd_16s_16s_9ns_22s_26_4_1_DSP48_0_U/p_reg_reg/DSP_C_DATA_INST | ARITHMETIC.DSP.DSP48E2 |
    | grp_FIR_filter_fu_188/ama_addmuladd_16s_16s_9ns_22s_26_4_1_U33/FIR_HLS_ama_addmuladd_16s_16s_9ns_22s_26_4_1_DSP48_0_U/p_reg_reg/DSP_ALU_INST    | ARITHMETIC.DSP.DSP48E2 |
    | grp_FIR_filter_fu_188/ama_addmuladd_16s_16s_9ns_22s_26_4_1_U33/FIR_HLS_ama_addmuladd_16s_16s_9ns_22s_26_4_1_DSP48_0_U/p_reg_reg/DSP_OUTPUT_INST | ARITHMETIC.DSP.DSP48E2 |
    | grp_FIR_filter_fu_188/H_filter_FIR_kernel_U/ram_reg_bram_0                                                                                      | BLOCKRAM.BRAM.RAMB18E2 |
    | grp_FIR_filter_fu_188/H_filter_FIR_kernel_U/p_reg_reg_i_65__1                                                                                   | CLB.LUT.LUT2           |
    | grp_FIR_filter_fu_188/H_filter_FIR_kernel_U/p_reg_reg_i_22__0                                                                                   | CLB.CARRY.CARRY8       |
    | grp_FIR_filter_fu_188/H_filter_FIR_kernel_U/p_reg_reg_i_24                                                                                      | CLB.CARRY.CARRY8       |
    | grp_FIR_filter_fu_188/H_filter_FIR_kernel_U/p_reg_reg_i_30__0                                                                                   | CLB.LUT.LUT2           |
    | grp_FIR_filter_fu_188/H_filter_FIR_kernel_U/p_reg_reg_i_20__0                                                                                   | CLB.CARRY.CARRY8       |
    | grp_FIR_filter_fu_188/H_filter_FIR_kernel_U/p_reg_reg_i_19__0                                                                                   | CLB.CARRY.CARRY8       |
    | grp_FIR_filter_fu_188/ama_addmuladd_16s_16s_9ns_22s_26_4_1_U33/FIR_HLS_ama_addmuladd_16s_16s_9ns_22s_26_4_1_DSP48_0_U/p_reg_reg/DSP_C_DATA_INST | ARITHMETIC.DSP.DSP48E2 |
    | grp_FIR_filter_fu_188/ama_addmuladd_16s_16s_9ns_22s_26_4_1_U33/FIR_HLS_ama_addmuladd_16s_16s_9ns_22s_26_4_1_DSP48_0_U/p_reg_reg/DSP_ALU_INST    | ARITHMETIC.DSP.DSP48E2 |
    | grp_FIR_filter_fu_188/ama_addmuladd_16s_16s_9ns_22s_26_4_1_U33/FIR_HLS_ama_addmuladd_16s_16s_9ns_22s_26_4_1_DSP48_0_U/p_reg_reg/DSP_OUTPUT_INST | ARITHMETIC.DSP.DSP48E2 |
    +-------------------------------------------------------------------------------------------------------------------------------------------------+------------------------+

    +-------------------------------------------------------------------------------------------------------------------------------------------------+------------------------+
    | Path5 Cells                                                                                                                                     | Primitive Type         |
    +-------------------------------------------------------------------------------------------------------------------------------------------------+------------------------+
    | grp_FIR_filter_fu_188/H_filter_FIR_kernel_U/ram_reg_bram_0                                                                                      | BLOCKRAM.BRAM.RAMB18E2 |
    | grp_FIR_filter_fu_188/H_filter_FIR_kernel_U/p_reg_reg_i_65__1                                                                                   | CLB.LUT.LUT2           |
    | grp_FIR_filter_fu_188/H_filter_FIR_kernel_U/p_reg_reg_i_22__0                                                                                   | CLB.CARRY.CARRY8       |
    | grp_FIR_filter_fu_188/H_filter_FIR_kernel_U/p_reg_reg_i_24                                                                                      | CLB.CARRY.CARRY8       |
    | grp_FIR_filter_fu_188/H_filter_FIR_kernel_U/p_reg_reg_i_30__0                                                                                   | CLB.LUT.LUT2           |
    | grp_FIR_filter_fu_188/H_filter_FIR_kernel_U/p_reg_reg_i_20__0                                                                                   | CLB.CARRY.CARRY8       |
    | grp_FIR_filter_fu_188/H_filter_FIR_kernel_U/p_reg_reg_i_19__0                                                                                   | CLB.CARRY.CARRY8       |
    | grp_FIR_filter_fu_188/ama_addmuladd_16s_16s_9ns_22s_26_4_1_U33/FIR_HLS_ama_addmuladd_16s_16s_9ns_22s_26_4_1_DSP48_0_U/p_reg_reg/DSP_C_DATA_INST | ARITHMETIC.DSP.DSP48E2 |
    | grp_FIR_filter_fu_188/ama_addmuladd_16s_16s_9ns_22s_26_4_1_U33/FIR_HLS_ama_addmuladd_16s_16s_9ns_22s_26_4_1_DSP48_0_U/p_reg_reg/DSP_ALU_INST    | ARITHMETIC.DSP.DSP48E2 |
    | grp_FIR_filter_fu_188/ama_addmuladd_16s_16s_9ns_22s_26_4_1_U33/FIR_HLS_ama_addmuladd_16s_16s_9ns_22s_26_4_1_DSP48_0_U/p_reg_reg/DSP_OUTPUT_INST | ARITHMETIC.DSP.DSP48E2 |
    | grp_FIR_filter_fu_188/H_filter_FIR_kernel_U/ram_reg_bram_0                                                                                      | BLOCKRAM.BRAM.RAMB18E2 |
    | grp_FIR_filter_fu_188/H_filter_FIR_kernel_U/p_reg_reg_i_65__1                                                                                   | CLB.LUT.LUT2           |
    | grp_FIR_filter_fu_188/H_filter_FIR_kernel_U/p_reg_reg_i_22__0                                                                                   | CLB.CARRY.CARRY8       |
    | grp_FIR_filter_fu_188/H_filter_FIR_kernel_U/p_reg_reg_i_24                                                                                      | CLB.CARRY.CARRY8       |
    | grp_FIR_filter_fu_188/H_filter_FIR_kernel_U/p_reg_reg_i_30__0                                                                                   | CLB.LUT.LUT2           |
    | grp_FIR_filter_fu_188/H_filter_FIR_kernel_U/p_reg_reg_i_20__0                                                                                   | CLB.CARRY.CARRY8       |
    | grp_FIR_filter_fu_188/H_filter_FIR_kernel_U/p_reg_reg_i_19__0                                                                                   | CLB.CARRY.CARRY8       |
    | grp_FIR_filter_fu_188/ama_addmuladd_16s_16s_9ns_22s_26_4_1_U33/FIR_HLS_ama_addmuladd_16s_16s_9ns_22s_26_4_1_DSP48_0_U/p_reg_reg/DSP_C_DATA_INST | ARITHMETIC.DSP.DSP48E2 |
    | grp_FIR_filter_fu_188/ama_addmuladd_16s_16s_9ns_22s_26_4_1_U33/FIR_HLS_ama_addmuladd_16s_16s_9ns_22s_26_4_1_DSP48_0_U/p_reg_reg/DSP_ALU_INST    | ARITHMETIC.DSP.DSP48E2 |
    | grp_FIR_filter_fu_188/ama_addmuladd_16s_16s_9ns_22s_26_4_1_U33/FIR_HLS_ama_addmuladd_16s_16s_9ns_22s_26_4_1_DSP48_0_U/p_reg_reg/DSP_OUTPUT_INST | ARITHMETIC.DSP.DSP48E2 |
    | grp_FIR_filter_fu_188/H_filter_FIR_kernel_U/ram_reg_bram_0                                                                                      | BLOCKRAM.BRAM.RAMB18E2 |
    | grp_FIR_filter_fu_188/H_filter_FIR_kernel_U/p_reg_reg_i_65__1                                                                                   | CLB.LUT.LUT2           |
    | grp_FIR_filter_fu_188/H_filter_FIR_kernel_U/p_reg_reg_i_22__0                                                                                   | CLB.CARRY.CARRY8       |
    | grp_FIR_filter_fu_188/H_filter_FIR_kernel_U/p_reg_reg_i_24                                                                                      | CLB.CARRY.CARRY8       |
    | grp_FIR_filter_fu_188/H_filter_FIR_kernel_U/p_reg_reg_i_30__0                                                                                   | CLB.LUT.LUT2           |
    | grp_FIR_filter_fu_188/H_filter_FIR_kernel_U/p_reg_reg_i_20__0                                                                                   | CLB.CARRY.CARRY8       |
    | grp_FIR_filter_fu_188/H_filter_FIR_kernel_U/p_reg_reg_i_19__0                                                                                   | CLB.CARRY.CARRY8       |
    | grp_FIR_filter_fu_188/ama_addmuladd_16s_16s_9ns_22s_26_4_1_U33/FIR_HLS_ama_addmuladd_16s_16s_9ns_22s_26_4_1_DSP48_0_U/p_reg_reg/DSP_C_DATA_INST | ARITHMETIC.DSP.DSP48E2 |
    | grp_FIR_filter_fu_188/ama_addmuladd_16s_16s_9ns_22s_26_4_1_U33/FIR_HLS_ama_addmuladd_16s_16s_9ns_22s_26_4_1_DSP48_0_U/p_reg_reg/DSP_ALU_INST    | ARITHMETIC.DSP.DSP48E2 |
    | grp_FIR_filter_fu_188/ama_addmuladd_16s_16s_9ns_22s_26_4_1_U33/FIR_HLS_ama_addmuladd_16s_16s_9ns_22s_26_4_1_DSP48_0_U/p_reg_reg/DSP_OUTPUT_INST | ARITHMETIC.DSP.DSP48E2 |
    | grp_FIR_filter_fu_188/H_filter_FIR_kernel_U/ram_reg_bram_0                                                                                      | BLOCKRAM.BRAM.RAMB18E2 |
    | grp_FIR_filter_fu_188/H_filter_FIR_kernel_U/p_reg_reg_i_65__1                                                                                   | CLB.LUT.LUT2           |
    | grp_FIR_filter_fu_188/H_filter_FIR_kernel_U/p_reg_reg_i_22__0                                                                                   | CLB.CARRY.CARRY8       |
    | grp_FIR_filter_fu_188/H_filter_FIR_kernel_U/p_reg_reg_i_24                                                                                      | CLB.CARRY.CARRY8       |
    | grp_FIR_filter_fu_188/H_filter_FIR_kernel_U/p_reg_reg_i_30__0                                                                                   | CLB.LUT.LUT2           |
    | grp_FIR_filter_fu_188/H_filter_FIR_kernel_U/p_reg_reg_i_20__0                                                                                   | CLB.CARRY.CARRY8       |
    | grp_FIR_filter_fu_188/H_filter_FIR_kernel_U/p_reg_reg_i_19__0                                                                                   | CLB.CARRY.CARRY8       |
    | grp_FIR_filter_fu_188/ama_addmuladd_16s_16s_9ns_22s_26_4_1_U33/FIR_HLS_ama_addmuladd_16s_16s_9ns_22s_26_4_1_DSP48_0_U/p_reg_reg/DSP_C_DATA_INST | ARITHMETIC.DSP.DSP48E2 |
    | grp_FIR_filter_fu_188/ama_addmuladd_16s_16s_9ns_22s_26_4_1_U33/FIR_HLS_ama_addmuladd_16s_16s_9ns_22s_26_4_1_DSP48_0_U/p_reg_reg/DSP_ALU_INST    | ARITHMETIC.DSP.DSP48E2 |
    | grp_FIR_filter_fu_188/ama_addmuladd_16s_16s_9ns_22s_26_4_1_U33/FIR_HLS_ama_addmuladd_16s_16s_9ns_22s_26_4_1_DSP48_0_U/p_reg_reg/DSP_OUTPUT_INST | ARITHMETIC.DSP.DSP48E2 |
    | grp_FIR_filter_fu_188/H_filter_FIR_kernel_U/ram_reg_bram_0                                                                                      | BLOCKRAM.BRAM.RAMB18E2 |
    | grp_FIR_filter_fu_188/H_filter_FIR_kernel_U/p_reg_reg_i_65__1                                                                                   | CLB.LUT.LUT2           |
    | grp_FIR_filter_fu_188/H_filter_FIR_kernel_U/p_reg_reg_i_22__0                                                                                   | CLB.CARRY.CARRY8       |
    | grp_FIR_filter_fu_188/H_filter_FIR_kernel_U/p_reg_reg_i_24                                                                                      | CLB.CARRY.CARRY8       |
    | grp_FIR_filter_fu_188/H_filter_FIR_kernel_U/p_reg_reg_i_30__0                                                                                   | CLB.LUT.LUT2           |
    | grp_FIR_filter_fu_188/H_filter_FIR_kernel_U/p_reg_reg_i_20__0                                                                                   | CLB.CARRY.CARRY8       |
    | grp_FIR_filter_fu_188/H_filter_FIR_kernel_U/p_reg_reg_i_19__0                                                                                   | CLB.CARRY.CARRY8       |
    | grp_FIR_filter_fu_188/ama_addmuladd_16s_16s_9ns_22s_26_4_1_U33/FIR_HLS_ama_addmuladd_16s_16s_9ns_22s_26_4_1_DSP48_0_U/p_reg_reg/DSP_C_DATA_INST | ARITHMETIC.DSP.DSP48E2 |
    | grp_FIR_filter_fu_188/ama_addmuladd_16s_16s_9ns_22s_26_4_1_U33/FIR_HLS_ama_addmuladd_16s_16s_9ns_22s_26_4_1_DSP48_0_U/p_reg_reg/DSP_ALU_INST    | ARITHMETIC.DSP.DSP48E2 |
    | grp_FIR_filter_fu_188/ama_addmuladd_16s_16s_9ns_22s_26_4_1_U33/FIR_HLS_ama_addmuladd_16s_16s_9ns_22s_26_4_1_DSP48_0_U/p_reg_reg/DSP_OUTPUT_INST | ARITHMETIC.DSP.DSP48E2 |
    +-------------------------------------------------------------------------------------------------------------------------------------------------+------------------------+


================================================================
== RTL Synthesis Vivado Reports
================================================================
+--------------------------+----------------------------------------------------------------+
| Report Type              | Report Location                                                |
+--------------------------+----------------------------------------------------------------+
| design_analysis          | impl/verilog/report/FIR_HLS_design_analysis_synth.rpt          |
| failfast                 | impl/verilog/report/FIR_HLS_failfast_synth.rpt                 |
| power                    | impl/verilog/report/FIR_HLS_power_synth.rpt                    |
| timing                   | impl/verilog/report/FIR_HLS_timing_synth.rpt                   |
| timing_paths             | impl/verilog/report/FIR_HLS_timing_paths_synth.rpt             |
| utilization              | impl/verilog/report/FIR_HLS_utilization_synth.rpt              |
| utilization_hierarchical | impl/verilog/report/FIR_HLS_utilization_hierarchical_synth.rpt |
+--------------------------+----------------------------------------------------------------+


