

================================================================
== Vitis HLS Report for 'FIR_filter_Pipeline_VITIS_LOOP_65_1'
================================================================
* Date:           Sat Oct 18 15:37:10 2025

* Version:        2024.2 (Build 5238294 on Nov  8 2024)
* Project:        FIR_v4
* Solution:       hls (Vivado IP Flow Target)
* Product family: zynquplus
* Target device:  xck26-sfvc784-2LV-c


================================================================
== Performance Estimates
================================================================
+ Timing: 
    * Summary: 
    +--------+----------+----------+------------+
    |  Clock |  Target  | Estimated| Uncertainty|
    +--------+----------+----------+------------+
    |ap_clk  |  10.00 ns|  1.777 ns|     2.70 ns|
    +--------+----------+----------+------------+

+ Latency: 
    * Summary: 
    +---------+---------+----------+----------+-----+-----+------------------------------------------------+
    |  Latency (cycles) |  Latency (absolute) |  Interval |                    Pipeline                    |
    |   min   |   max   |    min   |    max   | min | max |                      Type                      |
    +---------+---------+----------+----------+-----+-----+------------------------------------------------+
    |       11|       11|  0.110 us|  0.110 us|    7|    7|  loop auto-rewind stp (delay=0 clock cycles(s))|
    +---------+---------+----------+----------+-----+-----+------------------------------------------------+

    + Detail: 
        * Instance: 
        N/A

        * Loop: 
        +-------------------+---------+---------+----------+-----------+-----------+------+----------+
        |                   |  Latency (cycles) | Iteration|  Initiation Interval  | Trip |          |
        |     Loop Name     |   min   |   max   |  Latency |  achieved |   target  | Count| Pipelined|
        +-------------------+---------+---------+----------+-----------+-----------+------+----------+
        |- VITIS_LOOP_65_1  |        9|        9|         5|          1|          1|     6|       yes|
        +-------------------+---------+---------+----------+-----------+-----------+------+----------+



================================================================
== Utilization Estimates
================================================================
* Summary: 
+-----------------+---------+------+--------+--------+-----+
|       Name      | BRAM_18K|  DSP |   FF   |   LUT  | URAM|
+-----------------+---------+------+--------+--------+-----+
|DSP              |        -|     1|       -|       -|    -|
|Expression       |        -|     -|       0|      32|    -|
|FIFO             |        -|     -|       -|       -|    -|
|Instance         |        -|     -|       -|       -|    -|
|Memory           |        0|     -|      14|       2|    -|
|Multiplexer      |        -|     -|       0|      54|    -|
|Register         |        -|     -|     108|      32|    -|
+-----------------+---------+------+--------+--------+-----+
|Total            |        0|     1|     122|     120|    0|
+-----------------+---------+------+--------+--------+-----+
|Available        |      288|  1248|  234240|  117120|   64|
+-----------------+---------+------+--------+--------+-----+
|Utilization (%)  |        0|    ~0|      ~0|      ~0|    0|
+-----------------+---------+------+--------+--------+-----+

+ Detail: 
    * Instance: 
    N/A

    * DSP: 
    +-----------------------------------+-------------------------------+--------------+
    |              Instance             |             Module            |  Expression  |
    +-----------------------------------+-------------------------------+--------------+
    |mac_muladd_16s_14s_31s_31_4_1_U11  |mac_muladd_16s_14s_31s_31_4_1  |  i0 * i1 + i2|
    +-----------------------------------+-------------------------------+--------------+

    * Memory: 
    +--------------------+------------------------------------------------------------------+---------+----+----+-----+------+-----+------+-------------+
    |       Memory       |                              Module                              | BRAM_18K| FF | LUT| URAM| Words| Bits| Banks| W*Bits*Banks|
    +--------------------+------------------------------------------------------------------+---------+----+----+-----+------+-----+------+-------------+
    |b_FIR_dec_int_40_U  |FIR_filter_Pipeline_VITIS_LOOP_65_1_b_FIR_dec_int_40_ROM_AUTO_1R  |        0|  14|   2|    0|     6|   14|     1|           84|
    +--------------------+------------------------------------------------------------------+---------+----+----+-----+------+-----+------+-------------+
    |Total               |                                                                  |        0|  14|   2|    0|     6|   14|     1|           84|
    +--------------------+------------------------------------------------------------------+---------+----+----+-----+------+-----+------+-------------+

    * FIFO: 
    N/A

    * Expression: 
    +--------------------+----------+----+---+----+------------+------------+
    |    Variable Name   | Operation| DSP| FF| LUT| Bitwidth P0| Bitwidth P1|
    +--------------------+----------+----+---+----+------------+------------+
    |add_ln65_fu_98_p2   |         +|   0|  0|  10|           3|           1|
    |sub_ln66_fu_109_p2  |         -|   0|  0|  10|           3|           3|
    |icmp_ln65_fu_92_p2  |      icmp|   0|  0|  10|           3|           3|
    |ap_enable_pp0       |       xor|   0|  0|   2|           1|           2|
    +--------------------+----------+----+---+----+------------+------------+
    |Total               |          |   0|  0|  32|          10|           9|
    +--------------------+----------+----+---+----+------------+------------+

    * Multiplexer: 
    +----------------------------------+----+-----------+-----+-----------+
    |               Name               | LUT| Input Size| Bits| Total Bits|
    +----------------------------------+----+-----------+-----+-----------+
    |FIR_accu32_fu_38                  |   9|          2|   31|         62|
    |ap_done_int                       |   9|          2|    1|          2|
    |ap_enable_reg_pp0_iter1           |   9|          2|    1|          2|
    |ap_sig_allocacmp_FIR_accu32_load  |   9|          2|   31|         62|
    |ap_sig_allocacmp_i_2              |   9|          2|    3|          6|
    |i_fu_42                           |   9|          2|    3|          6|
    +----------------------------------+----+-----------+-----+-----------+
    |Total                             |  54|         12|   70|        140|
    +----------------------------------+----+-----------+-----+-----------+

    * Register: 
    +----------------------------------+----+----+-----+-----------+
    |               Name               | FF | LUT| Bits| Const Bits|
    +----------------------------------+----+----+-----+-----------+
    |FIR_accu32_fu_38                  |  31|   0|   31|          0|
    |ap_CS_fsm                         |   1|   0|    1|          0|
    |ap_done_reg                       |   1|   0|    1|          0|
    |ap_enable_reg_pp0_iter1           |   1|   0|    1|          0|
    |ap_enable_reg_pp0_iter2           |   1|   0|    1|          0|
    |ap_enable_reg_pp0_iter3           |   1|   0|    1|          0|
    |ap_enable_reg_pp0_iter4           |   1|   0|    1|          0|
    |ap_loop_exit_ready_pp0_iter1_reg  |   1|   0|    1|          0|
    |ap_loop_exit_ready_pp0_iter2_reg  |   1|   0|    1|          0|
    |ap_loop_exit_ready_pp0_iter3_reg  |   1|   0|    1|          0|
    |i_fu_42                           |   3|   0|    3|          0|
    |icmp_ln65_reg_168                 |   1|   0|    1|          0|
    |icmp_ln65_reg_168                 |  64|  32|    1|          0|
    +----------------------------------+----+----+-----+-----------+
    |Total                             | 108|  32|   45|          0|
    +----------------------------------+----+----+-----+-----------+



================================================================
== Interface
================================================================
* Summary: 
+-----------------------+-----+-----+------------+-------------------------------------+--------------+
|       RTL Ports       | Dir | Bits|  Protocol  |            Source Object            |    C Type    |
+-----------------------+-----+-----+------------+-------------------------------------+--------------+
|ap_clk                 |   in|    1|  ap_ctrl_hs|  FIR_filter_Pipeline_VITIS_LOOP_65_1|  return value|
|ap_rst                 |   in|    1|  ap_ctrl_hs|  FIR_filter_Pipeline_VITIS_LOOP_65_1|  return value|
|ap_start               |   in|    1|  ap_ctrl_hs|  FIR_filter_Pipeline_VITIS_LOOP_65_1|  return value|
|ap_done                |  out|    1|  ap_ctrl_hs|  FIR_filter_Pipeline_VITIS_LOOP_65_1|  return value|
|ap_idle                |  out|    1|  ap_ctrl_hs|  FIR_filter_Pipeline_VITIS_LOOP_65_1|  return value|
|ap_ready               |  out|    1|  ap_ctrl_hs|  FIR_filter_Pipeline_VITIS_LOOP_65_1|  return value|
|FIR_delays_address0    |  out|    3|   ap_memory|                           FIR_delays|         array|
|FIR_delays_ce0         |  out|    1|   ap_memory|                           FIR_delays|         array|
|FIR_delays_q0          |   in|   16|   ap_memory|                           FIR_delays|         array|
|FIR_accu32_out         |  out|   31|      ap_vld|                       FIR_accu32_out|       pointer|
|FIR_accu32_out_ap_vld  |  out|    1|      ap_vld|                       FIR_accu32_out|       pointer|
+-----------------------+-----+-----+------------+-------------------------------------+--------------+

