================================================================
== Vivado RTL Synthesis Results
================================================================
+ General Information:
    * Date:            Sat Oct 18 13:14:45 +0200 2025
    * Version:         2024.2 (Build 5238294 on Nov  8 2024)
    * Project:         FIR_v2
    * Solution:        hls (Vivado IP Flow Target)
    * Product family:  zynquplus
    * Target device:   xck26-sfvc784-2LV-c


================================================================
== Run Constraints & Options
================================================================
+ Design Constraints & Options:
    * RTL Synthesis target clock:  10 ns
    * C-Synthesis uncertainty:     27%

+ RTL Synthesis Options:
    * config_export -vivado_synth_strategy:     default
    * config_export -vivado_synth_design_args:  -directive sdx_optimization_effort_high

+ Reporting Options:
    * config_export -vivado_report_level:      2
    * config_export -vivado_max_timing_paths:  10


================================================================
== RTL Synthesis Resource Summary
================================================================
LUT:              4937
FF:               9259
DSP:              81
BRAM:             0
URAM:             0
SRL:              284


================================================================
== RTL Synthesis Timing Summary
================================================================
* Timing was met
+----------------+-------------+
| Timing         | Period (ns) |
+----------------+-------------+
| Target         | 10.000      |
| Post-Synthesis | 5.229       |
+----------------+-------------+


================================================================
== RTL Synthesis Resources
================================================================
+------------------------------------------------+------+------+-----+------+------+-----+--------+------+---------+----------+--------+
| Name                                           | LUT  | FF   | DSP | BRAM | URAM | SRL | Pragma | Impl | Latency | Variable | Source |
+------------------------------------------------+------+------+-----+------+------+-----+--------+------+---------+----------+--------+
| inst                                           | 4937 | 9259 | 81  |      |      |     |        |      |         |          |        |
|   (inst)                                       |      | 27   |     |      |      |     |        |      |         |          |        |
|   grp_FIR_filter_fu_827                        | 4886 | 9158 | 81  |      |      |     |        |      |         |          |        |
|     (grp_FIR_filter_fu_827)                    | 3377 | 9158 |     |      |      |     |        |      |         |          |        |
|     am_addmul_16s_16s_10s_27_4_1_U27           |      |      | 1   |      |      |     |        |      |         |          |        |
|     am_addmul_16s_16s_10s_27_4_1_U28           |      |      | 1   |      |      |     |        |      |         |          |        |
|     am_addmul_16s_16s_11ns_29_4_1_U20          |      |      | 1   |      |      |     |        |      |         |          |        |
|     am_addmul_16s_16s_11s_27_4_1_U23           |      |      | 1   |      |      |     |        |      |         |          |        |
|     am_addmul_16s_16s_11s_28_4_1_U21           |      |      | 1   |      |      |     |        |      |         |          |        |
|     am_addmul_16s_16s_11s_28_4_1_U22           |      |      | 1   |      |      |     |        |      |         |          |        |
|     am_addmul_16s_16s_12ns_30_4_1_U19          |      |      | 1   |      |      |     |        |      |         |          |        |
|     am_addmul_16s_16s_6ns_24_4_1_U47           |      |      | 1   |      |      |     |        |      |         |          |        |
|     am_addmul_16s_16s_7ns_25_4_1_U41           |      |      | 1   |      |      |     |        |      |         |          |        |
|     am_addmul_16s_16s_7ns_25_4_1_U42           |      |      | 1   |      |      |     |        |      |         |          |        |
|     am_addmul_16s_16s_7s_24_4_1_U43            |      |      | 1   |      |      |     |        |      |         |          |        |
|     am_addmul_16s_16s_7s_24_4_1_U45            |      |      | 1   |      |      |     |        |      |         |          |        |
|     am_addmul_16s_16s_8ns_25_4_1_U35           |      |      | 1   |      |      |     |        |      |         |          |        |
|     am_addmul_16s_16s_8ns_26_4_1_U34           |      |      | 1   |      |      |     |        |      |         |          |        |
|     am_addmul_16s_16s_9ns_27_4_1_U26           |      |      | 1   |      |      |     |        |      |         |          |        |
|     am_addmul_16s_16s_9s_26_4_1_U33            |      |      | 1   |      |      |     |        |      |         |          |        |
|     am_addmul_17s_17s_8s_26_4_1_U11            |      |      | 1   |      |      |     |        |      |         |          |        |
|     am_addmul_17s_18s_5ns_24_4_1_U8            | 33   |      | 1   |      |      |     |        |      |         |          |        |
|     am_addmul_17s_18s_6ns_26_4_1_U9            | 33   |      | 1   |      |      |     |        |      |         |          |        |
|     ama_addmul_sub_16s_16s_13ns_18s_30_4_1_U18 |      |      | 1   |      |      |     |        |      |         |          |        |
|     ama_addmuladd_16s_16s_10ns_27s_28_4_1_U25  | 2    |      | 1   |      |      |     |        |      |         |          |        |
|     ama_addmuladd_16s_16s_10ns_29s_29_4_1_U52  |      |      | 1   |      |      |     |        |      |         |          |        |
|     ama_addmuladd_16s_16s_10s_26s_27_4_1_U60   | 1    |      | 1   |      |      |     |        |      |         |          |        |
|     ama_addmuladd_16s_16s_10s_27s_27_4_1_U55   |      |      | 1   |      |      |     |        |      |         |          |        |
|     ama_addmuladd_16s_16s_10s_27s_27_4_1_U59   |      |      | 1   |      |      |     |        |      |         |          |        |
|     ama_addmuladd_16s_16s_10s_28s_28_4_1_U53   |      |      | 1   |      |      |     |        |      |         |          |        |
|     ama_addmuladd_16s_16s_11s_27s_28_4_1_U77   | 31   |      | 1   |      |      |     |        |      |         |          |        |
|     ama_addmuladd_16s_16s_11s_28s_28_4_1_U54   |      |      | 1   |      |      |     |        |      |         |          |        |
|     ama_addmuladd_16s_16s_12ns_30s_30_4_1_U50  |      |      | 1   |      |      |     |        |      |         |          |        |
|     ama_addmuladd_16s_16s_12ns_30s_30_4_1_U51  |      |      | 1   |      |      |     |        |      |         |          |        |
|     ama_addmuladd_16s_16s_12ns_30s_31_4_1_U75  | 62   |      | 1   |      |      |     |        |      |         |          |        |
|     ama_addmuladd_16s_16s_5ns_24s_24_4_1_U72   | 50   |      | 1   |      |      |     |        |      |         |          |        |
|     ama_addmuladd_16s_16s_6ns_24s_24_4_1_U71   |      |      | 1   |      |      |     |        |      |         |          |        |
|     ama_addmuladd_16s_16s_6ns_25s_25_4_1_U48   | 2    |      | 1   |      |      |     |        |      |         |          |        |
|     ama_addmuladd_16s_16s_6ns_25s_25_4_1_U63   | 1    |      | 1   |      |      |     |        |      |         |          |        |
|     ama_addmuladd_16s_16s_7ns_24s_24_4_1_U70   | 48   |      | 1   |      |      |     |        |      |         |          |        |
|     ama_addmuladd_16s_16s_7ns_25s_25_4_1_U67   |      |      | 1   |      |      |     |        |      |         |          |        |
|     ama_addmuladd_16s_16s_7ns_25s_25_4_1_U68   | 1    |      | 1   |      |      |     |        |      |         |          |        |
|     ama_addmuladd_16s_16s_7ns_26s_26_4_1_U37   | 22   |      | 1   |      |      |     |        |      |         |          |        |
|     ama_addmuladd_16s_16s_7ns_26s_26_4_1_U38   | 33   |      | 2   |      |      |     |        |      |         |          |        |
|     ama_addmuladd_16s_16s_7s_21s_23_4_1_U46    | 45   |      | 1   |      |      |     |        |      |         |          |        |
|     ama_addmuladd_16s_16s_8ns_19s_25_4_1_U24   |      |      | 1   |      |      |     |        |      |         |          |        |
|     ama_addmuladd_16s_16s_8ns_24s_25_4_1_U30   | 25   |      | 1   |      |      |     |        |      |         |          |        |
|     ama_addmuladd_16s_16s_8ns_25s_26_4_1_U32   | 2    |      | 1   |      |      |     |        |      |         |          |        |
|     ama_addmuladd_16s_16s_8ns_26s_26_4_1_U62   | 5    |      | 1   |      |      |     |        |      |         |          |        |
|     ama_addmuladd_16s_16s_8ns_26s_26_4_1_U65   | 26   |      | 1   |      |      |     |        |      |         |          |        |
|     ama_addmuladd_16s_16s_8ns_27s_27_4_1_U78   | 30   |      | 1   |      |      |     |        |      |         |          |        |
|     ama_addmuladd_16s_16s_8ns_28s_28_4_1_U76   | 29   |      | 1   |      |      |     |        |      |         |          |        |
|     ama_addmuladd_16s_16s_8s_24s_25_4_1_U39    | 2    |      | 1   |      |      |     |        |      |         |          |        |
|     ama_addmuladd_16s_16s_8s_25s_25_4_1_U40    | 17   |      | 1   |      |      |     |        |      |         |          |        |
|     ama_addmuladd_16s_16s_8s_25s_25_4_1_U44    | 26   |      | 1   |      |      |     |        |      |         |          |        |
|     ama_addmuladd_16s_16s_8s_25s_26_4_1_U66    | 29   |      | 1   |      |      |     |        |      |         |          |        |
|     ama_addmuladd_16s_16s_8s_26s_26_4_1_U69    | 6    |      | 1   |      |      |     |        |      |         |          |        |
|     ama_addmuladd_16s_16s_8s_27s_27_4_1_U64    | 1    |      | 1   |      |      |     |        |      |         |          |        |
|     ama_addmuladd_16s_16s_9ns_26s_27_4_1_U31   | 54   |      | 1   |      |      |     |        |      |         |          |        |
|     ama_addmuladd_16s_16s_9ns_27s_27_4_1_U57   |      |      | 1   |      |      |     |        |      |         |          |        |
|     ama_addmuladd_16s_16s_9ns_28s_28_4_1_U56   | 3    |      | 1   |      |      |     |        |      |         |          |        |
|     ama_addmuladd_16s_16s_9s_25s_26_4_1_U29    | 21   |      | 1   |      |      |     |        |      |         |          |        |
|     ama_addmuladd_16s_16s_9s_26s_26_4_1_U61    |      |      | 1   |      |      |     |        |      |         |          |        |
|     ama_addmuladd_16s_16s_9s_26s_26_4_1_U73    |      |      | 1   |      |      |     |        |      |         |          |        |
|     ama_addmuladd_16s_16s_9s_26s_27_4_1_U36    | 21   |      | 1   |      |      |     |        |      |         |          |        |
|     ama_addmuladd_16s_16s_9s_26s_27_4_1_U79    | 95   |      | 1   |      |      |     |        |      |         |          |        |
|     ama_addmuladd_16s_16s_9s_27s_27_4_1_U58    |      |      | 1   |      |      |     |        |      |         |          |        |
|     ama_addmuladd_16s_16s_9s_31s_31_4_1_U80    | 37   |      | 1   |      |      |     |        |      |         |          |        |
|     ama_addmuladd_17s_17s_6ns_25s_25_4_1_U17   | 5    |      | 1   |      |      |     |        |      |         |          |        |
|     ama_addmuladd_17s_17s_6s_24s_24_4_1_U49    |      |      | 1   |      |      |     |        |      |         |          |        |
|     ama_addmuladd_17s_17s_7s_24s_25_4_1_U13    | 81   |      | 2   |      |      |     |        |      |         |          |        |
|     ama_addmuladd_17s_17s_8s_23s_25_4_1_U10    | 21   |      | 1   |      |      |     |        |      |         |          |        |
|     ama_addmuladd_17s_17s_8s_31s_31_4_1_U81    | 160  |      | 1   |      |      |     |        |      |         |          |        |
|     ama_addmuladd_17s_18s_6ns_26s_26_4_1_U6    | 107  |      | 2   |      |      |     |        |      |         |          |        |
|     ama_addmuladd_18s_16s_7ns_25s_26_4_1_U12   | 35   |      | 1   |      |      |     |        |      |         |          |        |
|     ama_addmuladd_18s_18s_6ns_26ns_26_4_1_U74  | 2    |      | 1   |      |      |     |        |      |         |          |        |
|     ama_addmuladd_19s_16s_5ns_21s_24_4_1_U4    | 71   |      | 1   |      |      |     |        |      |         |          |        |
|     ama_submuladd_18s_16s_4ns_21s_22_4_1_U16   | 35   |      | 1   |      |      |     |        |      |         |          |        |
|     ama_submuladd_18s_16s_4ns_23s_23_4_1_U15   | 55   |      | 1   |      |      |     |        |      |         |          |        |
|     ama_submuladd_18s_16s_5ns_24s_24_4_1_U14   | 56   |      | 1   |      |      |     |        |      |         |          |        |
|     ama_submuladd_19s_16s_5ns_23s_24_4_1_U7    | 55   |      | 1   |      |      |     |        |      |         |          |        |
|     ama_submuladd_19s_16s_6ns_25s_26_4_1_U5    | 51   |      | 1   |      |      |     |        |      |         |          |        |
|   regslice_both_input_r_U                      | 25   | 37   |     |      |      |     |        |      |         |          |        |
|   regslice_both_output_r_U                     | 26   | 37   |     |      |      |     |        |      |         |          |        |
+------------------------------------------------+------+------+-----+------+------+-----+--------+------+---------+----------+--------+


================================================================
== RTL Synthesis Fail Fast
================================================================
+-----------------------------------------------------------+-----------+--------+--------+
| Criteria                                                  | Guideline | Actual | Status |
+-----------------------------------------------------------+-----------+--------+--------+
| LUT                                                       | 70%       | 4.22%  | OK     |
| FD                                                        | 50%       | 3.95%  | OK     |
| LUTRAM+SRL                                                | 25%       | 0.49%  | OK     |
| CARRY8                                                    | 25%       | 4.64%  | OK     |
| MUXF7                                                     | 15%       | 0.00%  | OK     |
| DSP                                                       | 80%       | 6.49%  | OK     |
| RAMB/FIFO                                                 | 80%       | 0.00%  | OK     |
| URAM                                                      | 80%       | 0.00%  | OK     |
| DSP+RAMB+URAM (Avg)                                       | 70%       | 6.49%  | OK     |
| BUFGCE* + BUFGCTRL                                        | 24        | 0      | OK     |
| DONT_TOUCH (cells/nets)                                   | 0         | 0      | OK     |
| MARK_DEBUG (nets)                                         | 0         | 0      | OK     |
| Control Sets                                              | 2196      | 9      | OK     |
| Average Fanout for modules > 100k cells                   | 4         | 1.04   | OK     |
| Max Average Fanout for modules > 100k cells               | 4         | 0      | OK     |
| Non-FD high fanout nets > 10k loads                       | 0         | 0      | OK     |
+-----------------------------------------------------------+-----------+--------+--------+
| TIMING-6 (No common primary clock between related clocks) | 0         | 0      | OK     |
| TIMING-7 (No common node between related clocks)          | 0         | 0      | OK     |
| TIMING-8 (No common period between related clocks)        | 0         | 0      | OK     |
| TIMING-14 (LUT on the clock tree)                         | 0         | 0      | OK     |
| TIMING-35 (No common node in paths with the same clock)   | 0         | 0      | OK     |
+-----------------------------------------------------------+-----------+--------+--------+
| Number of paths above max LUT budgeting (0.391ns)         | 0         | 0      | OK     |
| Number of paths above max Net budgeting (0.263ns)         | 0         | 0      | OK     |
+-----------------------------------------------------------+-----------+--------+--------+


================================================================
== RTL Synthesis Timing Paths
================================================================
* Timing was met
+-------+-------+-------------------------------------------------------+--------------------------------------------------------+--------------+------------+----------------+----------------+--------------+
| Path  | SLACK | STARTPOINT PIN                                        | ENDPOINT PIN                                           | LOGIC LEVELS | MAX FANOUT | DATAPATH DELAY | DATAPATH LOGIC | DATAPATH NET |
|       |       |                                                       |                                                        |              |            |                |          DELAY |        DELAY |
+-------+-------+-------------------------------------------------------+--------------------------------------------------------+--------------+------------+----------------+----------------+--------------+
| Path1 | 4.771 | grp_FIR_filter_fu_827/p_ZL12H_filter_FIR_384_reg[0]/C | grp_FIR_filter_fu_827/add_ln30_112_reg_10992_reg[23]/D |           19 |          7 |          5.226 |          2.410 |        2.816 |
| Path2 | 4.790 | grp_FIR_filter_fu_827/p_ZL12H_filter_FIR_384_reg[0]/C | grp_FIR_filter_fu_827/add_ln30_112_reg_10992_reg[24]/D |           19 |          7 |          5.207 |          2.390 |        2.817 |
| Path3 | 4.820 | grp_FIR_filter_fu_827/p_ZL12H_filter_FIR_384_reg[0]/C | grp_FIR_filter_fu_827/add_ln30_112_reg_10992_reg[22]/D |           19 |          7 |          5.178 |          2.363 |        2.815 |
| Path4 | 4.920 | grp_FIR_filter_fu_827/p_ZL12H_filter_FIR_384_reg[0]/C | grp_FIR_filter_fu_827/add_ln30_112_reg_10992_reg[21]/D |           19 |          7 |          5.077 |          2.260 |        2.817 |
| Path5 | 4.924 | grp_FIR_filter_fu_827/p_ZL12H_filter_FIR_384_reg[0]/C | grp_FIR_filter_fu_827/add_ln30_112_reg_10992_reg[20]/D |           19 |          7 |          5.073 |          2.256 |        2.817 |
+-------+-------+-------------------------------------------------------+--------------------------------------------------------+--------------+------------+----------------+----------------+--------------+

    +------------------------------------------------------------+-------------------+
    | Path1 Cells                                                | Primitive Type    |
    +------------------------------------------------------------+-------------------+
    | grp_FIR_filter_fu_827/p_ZL12H_filter_FIR_384_reg[0]        | REGISTER.SDR.FDRE |
    | grp_FIR_filter_fu_827/add_ln30_112_reg_10992[24]_i_238     | CLB.LUT.LUT2      |
    | grp_FIR_filter_fu_827/add_ln30_112_reg_10992_reg[24]_i_221 | CLB.CARRY.CARRY8  |
    | grp_FIR_filter_fu_827/add_ln30_112_reg_10992[24]_i_218     | CLB.LUT.LUT3      |
    | grp_FIR_filter_fu_827/add_ln30_112_reg_10992_reg[24]_i_195 | CLB.CARRY.CARRY8  |
    | grp_FIR_filter_fu_827/add_ln30_112_reg_10992[24]_i_181     | CLB.LUT.LUT3      |
    | grp_FIR_filter_fu_827/add_ln30_112_reg_10992_reg[24]_i_146 | CLB.CARRY.CARRY8  |
    | grp_FIR_filter_fu_827/add_ln30_112_reg_10992_reg[24]_i_103 | CLB.CARRY.CARRY8  |
    | grp_FIR_filter_fu_827/add_ln30_112_reg_10992[24]_i_153     | CLB.LUT.LUT3      |
    | grp_FIR_filter_fu_827/add_ln30_112_reg_10992[24]_i_101     | CLB.LUT.LUT5      |
    | grp_FIR_filter_fu_827/add_ln30_112_reg_10992_reg[24]_i_57  | CLB.CARRY.CARRY8  |
    | grp_FIR_filter_fu_827/add_ln30_112_reg_10992[24]_i_68      | CLB.LUT.LUT3      |
    | grp_FIR_filter_fu_827/add_ln30_112_reg_10992[24]_i_32      | CLB.LUT.LUT5      |
    | grp_FIR_filter_fu_827/add_ln30_112_reg_10992[24]_i_40      | CLB.LUT.LUT6      |
    | grp_FIR_filter_fu_827/add_ln30_112_reg_10992_reg[24]_i_16  | CLB.CARRY.CARRY8  |
    | grp_FIR_filter_fu_827/add_ln30_112_reg_10992_reg[24]_i_15  | CLB.CARRY.CARRY8  |
    | grp_FIR_filter_fu_827/add_ln30_112_reg_10992[24]_i_22      | CLB.LUT.LUT3      |
    | grp_FIR_filter_fu_827/add_ln30_112_reg_10992[24]_i_6       | CLB.LUT.LUT5      |
    | grp_FIR_filter_fu_827/add_ln30_112_reg_10992[24]_i_13      | CLB.LUT.LUT6      |
    | grp_FIR_filter_fu_827/add_ln30_112_reg_10992_reg[24]_i_1   | CLB.CARRY.CARRY8  |
    | grp_FIR_filter_fu_827/add_ln30_112_reg_10992_reg[23]       | REGISTER.SDR.FDRE |
    | grp_FIR_filter_fu_827/p_ZL12H_filter_FIR_384_reg[0]        | REGISTER.SDR.FDRE |
    | grp_FIR_filter_fu_827/add_ln30_112_reg_10992[24]_i_238     | CLB.LUT.LUT2      |
    | grp_FIR_filter_fu_827/add_ln30_112_reg_10992_reg[24]_i_221 | CLB.CARRY.CARRY8  |
    | grp_FIR_filter_fu_827/add_ln30_112_reg_10992[24]_i_218     | CLB.LUT.LUT3      |
    | grp_FIR_filter_fu_827/add_ln30_112_reg_10992_reg[24]_i_195 | CLB.CARRY.CARRY8  |
    | grp_FIR_filter_fu_827/add_ln30_112_reg_10992[24]_i_181     | CLB.LUT.LUT3      |
    | grp_FIR_filter_fu_827/add_ln30_112_reg_10992_reg[24]_i_146 | CLB.CARRY.CARRY8  |
    | grp_FIR_filter_fu_827/add_ln30_112_reg_10992_reg[24]_i_103 | CLB.CARRY.CARRY8  |
    | grp_FIR_filter_fu_827/add_ln30_112_reg_10992[24]_i_153     | CLB.LUT.LUT3      |
    | grp_FIR_filter_fu_827/add_ln30_112_reg_10992[24]_i_101     | CLB.LUT.LUT5      |
    | grp_FIR_filter_fu_827/add_ln30_112_reg_10992_reg[24]_i_57  | CLB.CARRY.CARRY8  |
    | grp_FIR_filter_fu_827/add_ln30_112_reg_10992[24]_i_68      | CLB.LUT.LUT3      |
    | grp_FIR_filter_fu_827/add_ln30_112_reg_10992[24]_i_32      | CLB.LUT.LUT5      |
    | grp_FIR_filter_fu_827/add_ln30_112_reg_10992[24]_i_40      | CLB.LUT.LUT6      |
    | grp_FIR_filter_fu_827/add_ln30_112_reg_10992_reg[24]_i_16  | CLB.CARRY.CARRY8  |
    | grp_FIR_filter_fu_827/add_ln30_112_reg_10992_reg[24]_i_15  | CLB.CARRY.CARRY8  |
    | grp_FIR_filter_fu_827/add_ln30_112_reg_10992[24]_i_22      | CLB.LUT.LUT3      |
    | grp_FIR_filter_fu_827/add_ln30_112_reg_10992[24]_i_6       | CLB.LUT.LUT5      |
    | grp_FIR_filter_fu_827/add_ln30_112_reg_10992[24]_i_13      | CLB.LUT.LUT6      |
    | grp_FIR_filter_fu_827/add_ln30_112_reg_10992_reg[24]_i_1   | CLB.CARRY.CARRY8  |
    | grp_FIR_filter_fu_827/add_ln30_112_reg_10992_reg[24]       | REGISTER.SDR.FDRE |
    | grp_FIR_filter_fu_827/p_ZL12H_filter_FIR_384_reg[0]        | REGISTER.SDR.FDRE |
    | grp_FIR_filter_fu_827/add_ln30_112_reg_10992[24]_i_238     | CLB.LUT.LUT2      |
    | grp_FIR_filter_fu_827/add_ln30_112_reg_10992_reg[24]_i_221 | CLB.CARRY.CARRY8  |
    | grp_FIR_filter_fu_827/add_ln30_112_reg_10992[24]_i_218     | CLB.LUT.LUT3      |
    | grp_FIR_filter_fu_827/add_ln30_112_reg_10992_reg[24]_i_195 | CLB.CARRY.CARRY8  |
    | grp_FIR_filter_fu_827/add_ln30_112_reg_10992[24]_i_181     | CLB.LUT.LUT3      |
    | grp_FIR_filter_fu_827/add_ln30_112_reg_10992_reg[24]_i_146 | CLB.CARRY.CARRY8  |
    | grp_FIR_filter_fu_827/add_ln30_112_reg_10992_reg[24]_i_103 | CLB.CARRY.CARRY8  |
    | grp_FIR_filter_fu_827/add_ln30_112_reg_10992[24]_i_153     | CLB.LUT.LUT3      |
    | grp_FIR_filter_fu_827/add_ln30_112_reg_10992[24]_i_101     | CLB.LUT.LUT5      |
    | grp_FIR_filter_fu_827/add_ln30_112_reg_10992_reg[24]_i_57  | CLB.CARRY.CARRY8  |
    | grp_FIR_filter_fu_827/add_ln30_112_reg_10992[24]_i_68      | CLB.LUT.LUT3      |
    | grp_FIR_filter_fu_827/add_ln30_112_reg_10992[24]_i_32      | CLB.LUT.LUT5      |
    | grp_FIR_filter_fu_827/add_ln30_112_reg_10992[24]_i_40      | CLB.LUT.LUT6      |
    | grp_FIR_filter_fu_827/add_ln30_112_reg_10992_reg[24]_i_16  | CLB.CARRY.CARRY8  |
    | grp_FIR_filter_fu_827/add_ln30_112_reg_10992_reg[24]_i_15  | CLB.CARRY.CARRY8  |
    | grp_FIR_filter_fu_827/add_ln30_112_reg_10992[24]_i_22      | CLB.LUT.LUT3      |
    | grp_FIR_filter_fu_827/add_ln30_112_reg_10992[24]_i_6       | CLB.LUT.LUT5      |
    | grp_FIR_filter_fu_827/add_ln30_112_reg_10992[24]_i_13      | CLB.LUT.LUT6      |
    | grp_FIR_filter_fu_827/add_ln30_112_reg_10992_reg[24]_i_1   | CLB.CARRY.CARRY8  |
    | grp_FIR_filter_fu_827/add_ln30_112_reg_10992_reg[22]       | REGISTER.SDR.FDRE |
    | grp_FIR_filter_fu_827/p_ZL12H_filter_FIR_384_reg[0]        | REGISTER.SDR.FDRE |
    | grp_FIR_filter_fu_827/add_ln30_112_reg_10992[24]_i_238     | CLB.LUT.LUT2      |
    | grp_FIR_filter_fu_827/add_ln30_112_reg_10992_reg[24]_i_221 | CLB.CARRY.CARRY8  |
    | grp_FIR_filter_fu_827/add_ln30_112_reg_10992[24]_i_218     | CLB.LUT.LUT3      |
    | grp_FIR_filter_fu_827/add_ln30_112_reg_10992_reg[24]_i_195 | CLB.CARRY.CARRY8  |
    | grp_FIR_filter_fu_827/add_ln30_112_reg_10992[24]_i_181     | CLB.LUT.LUT3      |
    | grp_FIR_filter_fu_827/add_ln30_112_reg_10992_reg[24]_i_146 | CLB.CARRY.CARRY8  |
    | grp_FIR_filter_fu_827/add_ln30_112_reg_10992_reg[24]_i_103 | CLB.CARRY.CARRY8  |
    | grp_FIR_filter_fu_827/add_ln30_112_reg_10992[24]_i_153     | CLB.LUT.LUT3      |
    | grp_FIR_filter_fu_827/add_ln30_112_reg_10992[24]_i_101     | CLB.LUT.LUT5      |
    | grp_FIR_filter_fu_827/add_ln30_112_reg_10992_reg[24]_i_57  | CLB.CARRY.CARRY8  |
    | grp_FIR_filter_fu_827/add_ln30_112_reg_10992[24]_i_68      | CLB.LUT.LUT3      |
    | grp_FIR_filter_fu_827/add_ln30_112_reg_10992[24]_i_32      | CLB.LUT.LUT5      |
    | grp_FIR_filter_fu_827/add_ln30_112_reg_10992[24]_i_40      | CLB.LUT.LUT6      |
    | grp_FIR_filter_fu_827/add_ln30_112_reg_10992_reg[24]_i_16  | CLB.CARRY.CARRY8  |
    | grp_FIR_filter_fu_827/add_ln30_112_reg_10992_reg[24]_i_15  | CLB.CARRY.CARRY8  |
    | grp_FIR_filter_fu_827/add_ln30_112_reg_10992[24]_i_22      | CLB.LUT.LUT3      |
    | grp_FIR_filter_fu_827/add_ln30_112_reg_10992[24]_i_6       | CLB.LUT.LUT5      |
    | grp_FIR_filter_fu_827/add_ln30_112_reg_10992[24]_i_13      | CLB.LUT.LUT6      |
    | grp_FIR_filter_fu_827/add_ln30_112_reg_10992_reg[24]_i_1   | CLB.CARRY.CARRY8  |
    | grp_FIR_filter_fu_827/add_ln30_112_reg_10992_reg[21]       | REGISTER.SDR.FDRE |
    | grp_FIR_filter_fu_827/p_ZL12H_filter_FIR_384_reg[0]        | REGISTER.SDR.FDRE |
    | grp_FIR_filter_fu_827/add_ln30_112_reg_10992[24]_i_238     | CLB.LUT.LUT2      |
    | grp_FIR_filter_fu_827/add_ln30_112_reg_10992_reg[24]_i_221 | CLB.CARRY.CARRY8  |
    | grp_FIR_filter_fu_827/add_ln30_112_reg_10992[24]_i_218     | CLB.LUT.LUT3      |
    | grp_FIR_filter_fu_827/add_ln30_112_reg_10992_reg[24]_i_195 | CLB.CARRY.CARRY8  |
    | grp_FIR_filter_fu_827/add_ln30_112_reg_10992[24]_i_181     | CLB.LUT.LUT3      |
    | grp_FIR_filter_fu_827/add_ln30_112_reg_10992_reg[24]_i_146 | CLB.CARRY.CARRY8  |
    | grp_FIR_filter_fu_827/add_ln30_112_reg_10992_reg[24]_i_103 | CLB.CARRY.CARRY8  |
    | grp_FIR_filter_fu_827/add_ln30_112_reg_10992[24]_i_153     | CLB.LUT.LUT3      |
    | grp_FIR_filter_fu_827/add_ln30_112_reg_10992[24]_i_101     | CLB.LUT.LUT5      |
    | grp_FIR_filter_fu_827/add_ln30_112_reg_10992_reg[24]_i_57  | CLB.CARRY.CARRY8  |
    | grp_FIR_filter_fu_827/add_ln30_112_reg_10992[24]_i_68      | CLB.LUT.LUT3      |
    | grp_FIR_filter_fu_827/add_ln30_112_reg_10992[24]_i_32      | CLB.LUT.LUT5      |
    | grp_FIR_filter_fu_827/add_ln30_112_reg_10992[24]_i_40      | CLB.LUT.LUT6      |
    | grp_FIR_filter_fu_827/add_ln30_112_reg_10992_reg[24]_i_16  | CLB.CARRY.CARRY8  |
    | grp_FIR_filter_fu_827/add_ln30_112_reg_10992_reg[24]_i_15  | CLB.CARRY.CARRY8  |
    | grp_FIR_filter_fu_827/add_ln30_112_reg_10992[24]_i_22      | CLB.LUT.LUT3      |
    | grp_FIR_filter_fu_827/add_ln30_112_reg_10992[24]_i_6       | CLB.LUT.LUT5      |
    | grp_FIR_filter_fu_827/add_ln30_112_reg_10992[24]_i_13      | CLB.LUT.LUT6      |
    | grp_FIR_filter_fu_827/add_ln30_112_reg_10992_reg[24]_i_1   | CLB.CARRY.CARRY8  |
    | grp_FIR_filter_fu_827/add_ln30_112_reg_10992_reg[20]       | REGISTER.SDR.FDRE |
    +------------------------------------------------------------+-------------------+

    +------------------------------------------------------------+-------------------+
    | Path2 Cells                                                | Primitive Type    |
    +------------------------------------------------------------+-------------------+
    | grp_FIR_filter_fu_827/p_ZL12H_filter_FIR_384_reg[0]        | REGISTER.SDR.FDRE |
    | grp_FIR_filter_fu_827/add_ln30_112_reg_10992[24]_i_238     | CLB.LUT.LUT2      |
    | grp_FIR_filter_fu_827/add_ln30_112_reg_10992_reg[24]_i_221 | CLB.CARRY.CARRY8  |
    | grp_FIR_filter_fu_827/add_ln30_112_reg_10992[24]_i_218     | CLB.LUT.LUT3      |
    | grp_FIR_filter_fu_827/add_ln30_112_reg_10992_reg[24]_i_195 | CLB.CARRY.CARRY8  |
    | grp_FIR_filter_fu_827/add_ln30_112_reg_10992[24]_i_181     | CLB.LUT.LUT3      |
    | grp_FIR_filter_fu_827/add_ln30_112_reg_10992_reg[24]_i_146 | CLB.CARRY.CARRY8  |
    | grp_FIR_filter_fu_827/add_ln30_112_reg_10992_reg[24]_i_103 | CLB.CARRY.CARRY8  |
    | grp_FIR_filter_fu_827/add_ln30_112_reg_10992[24]_i_153     | CLB.LUT.LUT3      |
    | grp_FIR_filter_fu_827/add_ln30_112_reg_10992[24]_i_101     | CLB.LUT.LUT5      |
    | grp_FIR_filter_fu_827/add_ln30_112_reg_10992_reg[24]_i_57  | CLB.CARRY.CARRY8  |
    | grp_FIR_filter_fu_827/add_ln30_112_reg_10992[24]_i_68      | CLB.LUT.LUT3      |
    | grp_FIR_filter_fu_827/add_ln30_112_reg_10992[24]_i_32      | CLB.LUT.LUT5      |
    | grp_FIR_filter_fu_827/add_ln30_112_reg_10992[24]_i_40      | CLB.LUT.LUT6      |
    | grp_FIR_filter_fu_827/add_ln30_112_reg_10992_reg[24]_i_16  | CLB.CARRY.CARRY8  |
    | grp_FIR_filter_fu_827/add_ln30_112_reg_10992_reg[24]_i_15  | CLB.CARRY.CARRY8  |
    | grp_FIR_filter_fu_827/add_ln30_112_reg_10992[24]_i_22      | CLB.LUT.LUT3      |
    | grp_FIR_filter_fu_827/add_ln30_112_reg_10992[24]_i_6       | CLB.LUT.LUT5      |
    | grp_FIR_filter_fu_827/add_ln30_112_reg_10992[24]_i_13      | CLB.LUT.LUT6      |
    | grp_FIR_filter_fu_827/add_ln30_112_reg_10992_reg[24]_i_1   | CLB.CARRY.CARRY8  |
    | grp_FIR_filter_fu_827/add_ln30_112_reg_10992_reg[23]       | REGISTER.SDR.FDRE |
    | grp_FIR_filter_fu_827/p_ZL12H_filter_FIR_384_reg[0]        | REGISTER.SDR.FDRE |
    | grp_FIR_filter_fu_827/add_ln30_112_reg_10992[24]_i_238     | CLB.LUT.LUT2      |
    | grp_FIR_filter_fu_827/add_ln30_112_reg_10992_reg[24]_i_221 | CLB.CARRY.CARRY8  |
    | grp_FIR_filter_fu_827/add_ln30_112_reg_10992[24]_i_218     | CLB.LUT.LUT3      |
    | grp_FIR_filter_fu_827/add_ln30_112_reg_10992_reg[24]_i_195 | CLB.CARRY.CARRY8  |
    | grp_FIR_filter_fu_827/add_ln30_112_reg_10992[24]_i_181     | CLB.LUT.LUT3      |
    | grp_FIR_filter_fu_827/add_ln30_112_reg_10992_reg[24]_i_146 | CLB.CARRY.CARRY8  |
    | grp_FIR_filter_fu_827/add_ln30_112_reg_10992_reg[24]_i_103 | CLB.CARRY.CARRY8  |
    | grp_FIR_filter_fu_827/add_ln30_112_reg_10992[24]_i_153     | CLB.LUT.LUT3      |
    | grp_FIR_filter_fu_827/add_ln30_112_reg_10992[24]_i_101     | CLB.LUT.LUT5      |
    | grp_FIR_filter_fu_827/add_ln30_112_reg_10992_reg[24]_i_57  | CLB.CARRY.CARRY8  |
    | grp_FIR_filter_fu_827/add_ln30_112_reg_10992[24]_i_68      | CLB.LUT.LUT3      |
    | grp_FIR_filter_fu_827/add_ln30_112_reg_10992[24]_i_32      | CLB.LUT.LUT5      |
    | grp_FIR_filter_fu_827/add_ln30_112_reg_10992[24]_i_40      | CLB.LUT.LUT6      |
    | grp_FIR_filter_fu_827/add_ln30_112_reg_10992_reg[24]_i_16  | CLB.CARRY.CARRY8  |
    | grp_FIR_filter_fu_827/add_ln30_112_reg_10992_reg[24]_i_15  | CLB.CARRY.CARRY8  |
    | grp_FIR_filter_fu_827/add_ln30_112_reg_10992[24]_i_22      | CLB.LUT.LUT3      |
    | grp_FIR_filter_fu_827/add_ln30_112_reg_10992[24]_i_6       | CLB.LUT.LUT5      |
    | grp_FIR_filter_fu_827/add_ln30_112_reg_10992[24]_i_13      | CLB.LUT.LUT6      |
    | grp_FIR_filter_fu_827/add_ln30_112_reg_10992_reg[24]_i_1   | CLB.CARRY.CARRY8  |
    | grp_FIR_filter_fu_827/add_ln30_112_reg_10992_reg[24]       | REGISTER.SDR.FDRE |
    | grp_FIR_filter_fu_827/p_ZL12H_filter_FIR_384_reg[0]        | REGISTER.SDR.FDRE |
    | grp_FIR_filter_fu_827/add_ln30_112_reg_10992[24]_i_238     | CLB.LUT.LUT2      |
    | grp_FIR_filter_fu_827/add_ln30_112_reg_10992_reg[24]_i_221 | CLB.CARRY.CARRY8  |
    | grp_FIR_filter_fu_827/add_ln30_112_reg_10992[24]_i_218     | CLB.LUT.LUT3      |
    | grp_FIR_filter_fu_827/add_ln30_112_reg_10992_reg[24]_i_195 | CLB.CARRY.CARRY8  |
    | grp_FIR_filter_fu_827/add_ln30_112_reg_10992[24]_i_181     | CLB.LUT.LUT3      |
    | grp_FIR_filter_fu_827/add_ln30_112_reg_10992_reg[24]_i_146 | CLB.CARRY.CARRY8  |
    | grp_FIR_filter_fu_827/add_ln30_112_reg_10992_reg[24]_i_103 | CLB.CARRY.CARRY8  |
    | grp_FIR_filter_fu_827/add_ln30_112_reg_10992[24]_i_153     | CLB.LUT.LUT3      |
    | grp_FIR_filter_fu_827/add_ln30_112_reg_10992[24]_i_101     | CLB.LUT.LUT5      |
    | grp_FIR_filter_fu_827/add_ln30_112_reg_10992_reg[24]_i_57  | CLB.CARRY.CARRY8  |
    | grp_FIR_filter_fu_827/add_ln30_112_reg_10992[24]_i_68      | CLB.LUT.LUT3      |
    | grp_FIR_filter_fu_827/add_ln30_112_reg_10992[24]_i_32      | CLB.LUT.LUT5      |
    | grp_FIR_filter_fu_827/add_ln30_112_reg_10992[24]_i_40      | CLB.LUT.LUT6      |
    | grp_FIR_filter_fu_827/add_ln30_112_reg_10992_reg[24]_i_16  | CLB.CARRY.CARRY8  |
    | grp_FIR_filter_fu_827/add_ln30_112_reg_10992_reg[24]_i_15  | CLB.CARRY.CARRY8  |
    | grp_FIR_filter_fu_827/add_ln30_112_reg_10992[24]_i_22      | CLB.LUT.LUT3      |
    | grp_FIR_filter_fu_827/add_ln30_112_reg_10992[24]_i_6       | CLB.LUT.LUT5      |
    | grp_FIR_filter_fu_827/add_ln30_112_reg_10992[24]_i_13      | CLB.LUT.LUT6      |
    | grp_FIR_filter_fu_827/add_ln30_112_reg_10992_reg[24]_i_1   | CLB.CARRY.CARRY8  |
    | grp_FIR_filter_fu_827/add_ln30_112_reg_10992_reg[22]       | REGISTER.SDR.FDRE |
    | grp_FIR_filter_fu_827/p_ZL12H_filter_FIR_384_reg[0]        | REGISTER.SDR.FDRE |
    | grp_FIR_filter_fu_827/add_ln30_112_reg_10992[24]_i_238     | CLB.LUT.LUT2      |
    | grp_FIR_filter_fu_827/add_ln30_112_reg_10992_reg[24]_i_221 | CLB.CARRY.CARRY8  |
    | grp_FIR_filter_fu_827/add_ln30_112_reg_10992[24]_i_218     | CLB.LUT.LUT3      |
    | grp_FIR_filter_fu_827/add_ln30_112_reg_10992_reg[24]_i_195 | CLB.CARRY.CARRY8  |
    | grp_FIR_filter_fu_827/add_ln30_112_reg_10992[24]_i_181     | CLB.LUT.LUT3      |
    | grp_FIR_filter_fu_827/add_ln30_112_reg_10992_reg[24]_i_146 | CLB.CARRY.CARRY8  |
    | grp_FIR_filter_fu_827/add_ln30_112_reg_10992_reg[24]_i_103 | CLB.CARRY.CARRY8  |
    | grp_FIR_filter_fu_827/add_ln30_112_reg_10992[24]_i_153     | CLB.LUT.LUT3      |
    | grp_FIR_filter_fu_827/add_ln30_112_reg_10992[24]_i_101     | CLB.LUT.LUT5      |
    | grp_FIR_filter_fu_827/add_ln30_112_reg_10992_reg[24]_i_57  | CLB.CARRY.CARRY8  |
    | grp_FIR_filter_fu_827/add_ln30_112_reg_10992[24]_i_68      | CLB.LUT.LUT3      |
    | grp_FIR_filter_fu_827/add_ln30_112_reg_10992[24]_i_32      | CLB.LUT.LUT5      |
    | grp_FIR_filter_fu_827/add_ln30_112_reg_10992[24]_i_40      | CLB.LUT.LUT6      |
    | grp_FIR_filter_fu_827/add_ln30_112_reg_10992_reg[24]_i_16  | CLB.CARRY.CARRY8  |
    | grp_FIR_filter_fu_827/add_ln30_112_reg_10992_reg[24]_i_15  | CLB.CARRY.CARRY8  |
    | grp_FIR_filter_fu_827/add_ln30_112_reg_10992[24]_i_22      | CLB.LUT.LUT3      |
    | grp_FIR_filter_fu_827/add_ln30_112_reg_10992[24]_i_6       | CLB.LUT.LUT5      |
    | grp_FIR_filter_fu_827/add_ln30_112_reg_10992[24]_i_13      | CLB.LUT.LUT6      |
    | grp_FIR_filter_fu_827/add_ln30_112_reg_10992_reg[24]_i_1   | CLB.CARRY.CARRY8  |
    | grp_FIR_filter_fu_827/add_ln30_112_reg_10992_reg[21]       | REGISTER.SDR.FDRE |
    | grp_FIR_filter_fu_827/p_ZL12H_filter_FIR_384_reg[0]        | REGISTER.SDR.FDRE |
    | grp_FIR_filter_fu_827/add_ln30_112_reg_10992[24]_i_238     | CLB.LUT.LUT2      |
    | grp_FIR_filter_fu_827/add_ln30_112_reg_10992_reg[24]_i_221 | CLB.CARRY.CARRY8  |
    | grp_FIR_filter_fu_827/add_ln30_112_reg_10992[24]_i_218     | CLB.LUT.LUT3      |
    | grp_FIR_filter_fu_827/add_ln30_112_reg_10992_reg[24]_i_195 | CLB.CARRY.CARRY8  |
    | grp_FIR_filter_fu_827/add_ln30_112_reg_10992[24]_i_181     | CLB.LUT.LUT3      |
    | grp_FIR_filter_fu_827/add_ln30_112_reg_10992_reg[24]_i_146 | CLB.CARRY.CARRY8  |
    | grp_FIR_filter_fu_827/add_ln30_112_reg_10992_reg[24]_i_103 | CLB.CARRY.CARRY8  |
    | grp_FIR_filter_fu_827/add_ln30_112_reg_10992[24]_i_153     | CLB.LUT.LUT3      |
    | grp_FIR_filter_fu_827/add_ln30_112_reg_10992[24]_i_101     | CLB.LUT.LUT5      |
    | grp_FIR_filter_fu_827/add_ln30_112_reg_10992_reg[24]_i_57  | CLB.CARRY.CARRY8  |
    | grp_FIR_filter_fu_827/add_ln30_112_reg_10992[24]_i_68      | CLB.LUT.LUT3      |
    | grp_FIR_filter_fu_827/add_ln30_112_reg_10992[24]_i_32      | CLB.LUT.LUT5      |
    | grp_FIR_filter_fu_827/add_ln30_112_reg_10992[24]_i_40      | CLB.LUT.LUT6      |
    | grp_FIR_filter_fu_827/add_ln30_112_reg_10992_reg[24]_i_16  | CLB.CARRY.CARRY8  |
    | grp_FIR_filter_fu_827/add_ln30_112_reg_10992_reg[24]_i_15  | CLB.CARRY.CARRY8  |
    | grp_FIR_filter_fu_827/add_ln30_112_reg_10992[24]_i_22      | CLB.LUT.LUT3      |
    | grp_FIR_filter_fu_827/add_ln30_112_reg_10992[24]_i_6       | CLB.LUT.LUT5      |
    | grp_FIR_filter_fu_827/add_ln30_112_reg_10992[24]_i_13      | CLB.LUT.LUT6      |
    | grp_FIR_filter_fu_827/add_ln30_112_reg_10992_reg[24]_i_1   | CLB.CARRY.CARRY8  |
    | grp_FIR_filter_fu_827/add_ln30_112_reg_10992_reg[20]       | REGISTER.SDR.FDRE |
    +------------------------------------------------------------+-------------------+

    +------------------------------------------------------------+-------------------+
    | Path3 Cells                                                | Primitive Type    |
    +------------------------------------------------------------+-------------------+
    | grp_FIR_filter_fu_827/p_ZL12H_filter_FIR_384_reg[0]        | REGISTER.SDR.FDRE |
    | grp_FIR_filter_fu_827/add_ln30_112_reg_10992[24]_i_238     | CLB.LUT.LUT2      |
    | grp_FIR_filter_fu_827/add_ln30_112_reg_10992_reg[24]_i_221 | CLB.CARRY.CARRY8  |
    | grp_FIR_filter_fu_827/add_ln30_112_reg_10992[24]_i_218     | CLB.LUT.LUT3      |
    | grp_FIR_filter_fu_827/add_ln30_112_reg_10992_reg[24]_i_195 | CLB.CARRY.CARRY8  |
    | grp_FIR_filter_fu_827/add_ln30_112_reg_10992[24]_i_181     | CLB.LUT.LUT3      |
    | grp_FIR_filter_fu_827/add_ln30_112_reg_10992_reg[24]_i_146 | CLB.CARRY.CARRY8  |
    | grp_FIR_filter_fu_827/add_ln30_112_reg_10992_reg[24]_i_103 | CLB.CARRY.CARRY8  |
    | grp_FIR_filter_fu_827/add_ln30_112_reg_10992[24]_i_153     | CLB.LUT.LUT3      |
    | grp_FIR_filter_fu_827/add_ln30_112_reg_10992[24]_i_101     | CLB.LUT.LUT5      |
    | grp_FIR_filter_fu_827/add_ln30_112_reg_10992_reg[24]_i_57  | CLB.CARRY.CARRY8  |
    | grp_FIR_filter_fu_827/add_ln30_112_reg_10992[24]_i_68      | CLB.LUT.LUT3      |
    | grp_FIR_filter_fu_827/add_ln30_112_reg_10992[24]_i_32      | CLB.LUT.LUT5      |
    | grp_FIR_filter_fu_827/add_ln30_112_reg_10992[24]_i_40      | CLB.LUT.LUT6      |
    | grp_FIR_filter_fu_827/add_ln30_112_reg_10992_reg[24]_i_16  | CLB.CARRY.CARRY8  |
    | grp_FIR_filter_fu_827/add_ln30_112_reg_10992_reg[24]_i_15  | CLB.CARRY.CARRY8  |
    | grp_FIR_filter_fu_827/add_ln30_112_reg_10992[24]_i_22      | CLB.LUT.LUT3      |
    | grp_FIR_filter_fu_827/add_ln30_112_reg_10992[24]_i_6       | CLB.LUT.LUT5      |
    | grp_FIR_filter_fu_827/add_ln30_112_reg_10992[24]_i_13      | CLB.LUT.LUT6      |
    | grp_FIR_filter_fu_827/add_ln30_112_reg_10992_reg[24]_i_1   | CLB.CARRY.CARRY8  |
    | grp_FIR_filter_fu_827/add_ln30_112_reg_10992_reg[23]       | REGISTER.SDR.FDRE |
    | grp_FIR_filter_fu_827/p_ZL12H_filter_FIR_384_reg[0]        | REGISTER.SDR.FDRE |
    | grp_FIR_filter_fu_827/add_ln30_112_reg_10992[24]_i_238     | CLB.LUT.LUT2      |
    | grp_FIR_filter_fu_827/add_ln30_112_reg_10992_reg[24]_i_221 | CLB.CARRY.CARRY8  |
    | grp_FIR_filter_fu_827/add_ln30_112_reg_10992[24]_i_218     | CLB.LUT.LUT3      |
    | grp_FIR_filter_fu_827/add_ln30_112_reg_10992_reg[24]_i_195 | CLB.CARRY.CARRY8  |
    | grp_FIR_filter_fu_827/add_ln30_112_reg_10992[24]_i_181     | CLB.LUT.LUT3      |
    | grp_FIR_filter_fu_827/add_ln30_112_reg_10992_reg[24]_i_146 | CLB.CARRY.CARRY8  |
    | grp_FIR_filter_fu_827/add_ln30_112_reg_10992_reg[24]_i_103 | CLB.CARRY.CARRY8  |
    | grp_FIR_filter_fu_827/add_ln30_112_reg_10992[24]_i_153     | CLB.LUT.LUT3      |
    | grp_FIR_filter_fu_827/add_ln30_112_reg_10992[24]_i_101     | CLB.LUT.LUT5      |
    | grp_FIR_filter_fu_827/add_ln30_112_reg_10992_reg[24]_i_57  | CLB.CARRY.CARRY8  |
    | grp_FIR_filter_fu_827/add_ln30_112_reg_10992[24]_i_68      | CLB.LUT.LUT3      |
    | grp_FIR_filter_fu_827/add_ln30_112_reg_10992[24]_i_32      | CLB.LUT.LUT5      |
    | grp_FIR_filter_fu_827/add_ln30_112_reg_10992[24]_i_40      | CLB.LUT.LUT6      |
    | grp_FIR_filter_fu_827/add_ln30_112_reg_10992_reg[24]_i_16  | CLB.CARRY.CARRY8  |
    | grp_FIR_filter_fu_827/add_ln30_112_reg_10992_reg[24]_i_15  | CLB.CARRY.CARRY8  |
    | grp_FIR_filter_fu_827/add_ln30_112_reg_10992[24]_i_22      | CLB.LUT.LUT3      |
    | grp_FIR_filter_fu_827/add_ln30_112_reg_10992[24]_i_6       | CLB.LUT.LUT5      |
    | grp_FIR_filter_fu_827/add_ln30_112_reg_10992[24]_i_13      | CLB.LUT.LUT6      |
    | grp_FIR_filter_fu_827/add_ln30_112_reg_10992_reg[24]_i_1   | CLB.CARRY.CARRY8  |
    | grp_FIR_filter_fu_827/add_ln30_112_reg_10992_reg[24]       | REGISTER.SDR.FDRE |
    | grp_FIR_filter_fu_827/p_ZL12H_filter_FIR_384_reg[0]        | REGISTER.SDR.FDRE |
    | grp_FIR_filter_fu_827/add_ln30_112_reg_10992[24]_i_238     | CLB.LUT.LUT2      |
    | grp_FIR_filter_fu_827/add_ln30_112_reg_10992_reg[24]_i_221 | CLB.CARRY.CARRY8  |
    | grp_FIR_filter_fu_827/add_ln30_112_reg_10992[24]_i_218     | CLB.LUT.LUT3      |
    | grp_FIR_filter_fu_827/add_ln30_112_reg_10992_reg[24]_i_195 | CLB.CARRY.CARRY8  |
    | grp_FIR_filter_fu_827/add_ln30_112_reg_10992[24]_i_181     | CLB.LUT.LUT3      |
    | grp_FIR_filter_fu_827/add_ln30_112_reg_10992_reg[24]_i_146 | CLB.CARRY.CARRY8  |
    | grp_FIR_filter_fu_827/add_ln30_112_reg_10992_reg[24]_i_103 | CLB.CARRY.CARRY8  |
    | grp_FIR_filter_fu_827/add_ln30_112_reg_10992[24]_i_153     | CLB.LUT.LUT3      |
    | grp_FIR_filter_fu_827/add_ln30_112_reg_10992[24]_i_101     | CLB.LUT.LUT5      |
    | grp_FIR_filter_fu_827/add_ln30_112_reg_10992_reg[24]_i_57  | CLB.CARRY.CARRY8  |
    | grp_FIR_filter_fu_827/add_ln30_112_reg_10992[24]_i_68      | CLB.LUT.LUT3      |
    | grp_FIR_filter_fu_827/add_ln30_112_reg_10992[24]_i_32      | CLB.LUT.LUT5      |
    | grp_FIR_filter_fu_827/add_ln30_112_reg_10992[24]_i_40      | CLB.LUT.LUT6      |
    | grp_FIR_filter_fu_827/add_ln30_112_reg_10992_reg[24]_i_16  | CLB.CARRY.CARRY8  |
    | grp_FIR_filter_fu_827/add_ln30_112_reg_10992_reg[24]_i_15  | CLB.CARRY.CARRY8  |
    | grp_FIR_filter_fu_827/add_ln30_112_reg_10992[24]_i_22      | CLB.LUT.LUT3      |
    | grp_FIR_filter_fu_827/add_ln30_112_reg_10992[24]_i_6       | CLB.LUT.LUT5      |
    | grp_FIR_filter_fu_827/add_ln30_112_reg_10992[24]_i_13      | CLB.LUT.LUT6      |
    | grp_FIR_filter_fu_827/add_ln30_112_reg_10992_reg[24]_i_1   | CLB.CARRY.CARRY8  |
    | grp_FIR_filter_fu_827/add_ln30_112_reg_10992_reg[22]       | REGISTER.SDR.FDRE |
    | grp_FIR_filter_fu_827/p_ZL12H_filter_FIR_384_reg[0]        | REGISTER.SDR.FDRE |
    | grp_FIR_filter_fu_827/add_ln30_112_reg_10992[24]_i_238     | CLB.LUT.LUT2      |
    | grp_FIR_filter_fu_827/add_ln30_112_reg_10992_reg[24]_i_221 | CLB.CARRY.CARRY8  |
    | grp_FIR_filter_fu_827/add_ln30_112_reg_10992[24]_i_218     | CLB.LUT.LUT3      |
    | grp_FIR_filter_fu_827/add_ln30_112_reg_10992_reg[24]_i_195 | CLB.CARRY.CARRY8  |
    | grp_FIR_filter_fu_827/add_ln30_112_reg_10992[24]_i_181     | CLB.LUT.LUT3      |
    | grp_FIR_filter_fu_827/add_ln30_112_reg_10992_reg[24]_i_146 | CLB.CARRY.CARRY8  |
    | grp_FIR_filter_fu_827/add_ln30_112_reg_10992_reg[24]_i_103 | CLB.CARRY.CARRY8  |
    | grp_FIR_filter_fu_827/add_ln30_112_reg_10992[24]_i_153     | CLB.LUT.LUT3      |
    | grp_FIR_filter_fu_827/add_ln30_112_reg_10992[24]_i_101     | CLB.LUT.LUT5      |
    | grp_FIR_filter_fu_827/add_ln30_112_reg_10992_reg[24]_i_57  | CLB.CARRY.CARRY8  |
    | grp_FIR_filter_fu_827/add_ln30_112_reg_10992[24]_i_68      | CLB.LUT.LUT3      |
    | grp_FIR_filter_fu_827/add_ln30_112_reg_10992[24]_i_32      | CLB.LUT.LUT5      |
    | grp_FIR_filter_fu_827/add_ln30_112_reg_10992[24]_i_40      | CLB.LUT.LUT6      |
    | grp_FIR_filter_fu_827/add_ln30_112_reg_10992_reg[24]_i_16  | CLB.CARRY.CARRY8  |
    | grp_FIR_filter_fu_827/add_ln30_112_reg_10992_reg[24]_i_15  | CLB.CARRY.CARRY8  |
    | grp_FIR_filter_fu_827/add_ln30_112_reg_10992[24]_i_22      | CLB.LUT.LUT3      |
    | grp_FIR_filter_fu_827/add_ln30_112_reg_10992[24]_i_6       | CLB.LUT.LUT5      |
    | grp_FIR_filter_fu_827/add_ln30_112_reg_10992[24]_i_13      | CLB.LUT.LUT6      |
    | grp_FIR_filter_fu_827/add_ln30_112_reg_10992_reg[24]_i_1   | CLB.CARRY.CARRY8  |
    | grp_FIR_filter_fu_827/add_ln30_112_reg_10992_reg[21]       | REGISTER.SDR.FDRE |
    | grp_FIR_filter_fu_827/p_ZL12H_filter_FIR_384_reg[0]        | REGISTER.SDR.FDRE |
    | grp_FIR_filter_fu_827/add_ln30_112_reg_10992[24]_i_238     | CLB.LUT.LUT2      |
    | grp_FIR_filter_fu_827/add_ln30_112_reg_10992_reg[24]_i_221 | CLB.CARRY.CARRY8  |
    | grp_FIR_filter_fu_827/add_ln30_112_reg_10992[24]_i_218     | CLB.LUT.LUT3      |
    | grp_FIR_filter_fu_827/add_ln30_112_reg_10992_reg[24]_i_195 | CLB.CARRY.CARRY8  |
    | grp_FIR_filter_fu_827/add_ln30_112_reg_10992[24]_i_181     | CLB.LUT.LUT3      |
    | grp_FIR_filter_fu_827/add_ln30_112_reg_10992_reg[24]_i_146 | CLB.CARRY.CARRY8  |
    | grp_FIR_filter_fu_827/add_ln30_112_reg_10992_reg[24]_i_103 | CLB.CARRY.CARRY8  |
    | grp_FIR_filter_fu_827/add_ln30_112_reg_10992[24]_i_153     | CLB.LUT.LUT3      |
    | grp_FIR_filter_fu_827/add_ln30_112_reg_10992[24]_i_101     | CLB.LUT.LUT5      |
    | grp_FIR_filter_fu_827/add_ln30_112_reg_10992_reg[24]_i_57  | CLB.CARRY.CARRY8  |
    | grp_FIR_filter_fu_827/add_ln30_112_reg_10992[24]_i_68      | CLB.LUT.LUT3      |
    | grp_FIR_filter_fu_827/add_ln30_112_reg_10992[24]_i_32      | CLB.LUT.LUT5      |
    | grp_FIR_filter_fu_827/add_ln30_112_reg_10992[24]_i_40      | CLB.LUT.LUT6      |
    | grp_FIR_filter_fu_827/add_ln30_112_reg_10992_reg[24]_i_16  | CLB.CARRY.CARRY8  |
    | grp_FIR_filter_fu_827/add_ln30_112_reg_10992_reg[24]_i_15  | CLB.CARRY.CARRY8  |
    | grp_FIR_filter_fu_827/add_ln30_112_reg_10992[24]_i_22      | CLB.LUT.LUT3      |
    | grp_FIR_filter_fu_827/add_ln30_112_reg_10992[24]_i_6       | CLB.LUT.LUT5      |
    | grp_FIR_filter_fu_827/add_ln30_112_reg_10992[24]_i_13      | CLB.LUT.LUT6      |
    | grp_FIR_filter_fu_827/add_ln30_112_reg_10992_reg[24]_i_1   | CLB.CARRY.CARRY8  |
    | grp_FIR_filter_fu_827/add_ln30_112_reg_10992_reg[20]       | REGISTER.SDR.FDRE |
    +------------------------------------------------------------+-------------------+

    +------------------------------------------------------------+-------------------+
    | Path4 Cells                                                | Primitive Type    |
    +------------------------------------------------------------+-------------------+
    | grp_FIR_filter_fu_827/p_ZL12H_filter_FIR_384_reg[0]        | REGISTER.SDR.FDRE |
    | grp_FIR_filter_fu_827/add_ln30_112_reg_10992[24]_i_238     | CLB.LUT.LUT2      |
    | grp_FIR_filter_fu_827/add_ln30_112_reg_10992_reg[24]_i_221 | CLB.CARRY.CARRY8  |
    | grp_FIR_filter_fu_827/add_ln30_112_reg_10992[24]_i_218     | CLB.LUT.LUT3      |
    | grp_FIR_filter_fu_827/add_ln30_112_reg_10992_reg[24]_i_195 | CLB.CARRY.CARRY8  |
    | grp_FIR_filter_fu_827/add_ln30_112_reg_10992[24]_i_181     | CLB.LUT.LUT3      |
    | grp_FIR_filter_fu_827/add_ln30_112_reg_10992_reg[24]_i_146 | CLB.CARRY.CARRY8  |
    | grp_FIR_filter_fu_827/add_ln30_112_reg_10992_reg[24]_i_103 | CLB.CARRY.CARRY8  |
    | grp_FIR_filter_fu_827/add_ln30_112_reg_10992[24]_i_153     | CLB.LUT.LUT3      |
    | grp_FIR_filter_fu_827/add_ln30_112_reg_10992[24]_i_101     | CLB.LUT.LUT5      |
    | grp_FIR_filter_fu_827/add_ln30_112_reg_10992_reg[24]_i_57  | CLB.CARRY.CARRY8  |
    | grp_FIR_filter_fu_827/add_ln30_112_reg_10992[24]_i_68      | CLB.LUT.LUT3      |
    | grp_FIR_filter_fu_827/add_ln30_112_reg_10992[24]_i_32      | CLB.LUT.LUT5      |
    | grp_FIR_filter_fu_827/add_ln30_112_reg_10992[24]_i_40      | CLB.LUT.LUT6      |
    | grp_FIR_filter_fu_827/add_ln30_112_reg_10992_reg[24]_i_16  | CLB.CARRY.CARRY8  |
    | grp_FIR_filter_fu_827/add_ln30_112_reg_10992_reg[24]_i_15  | CLB.CARRY.CARRY8  |
    | grp_FIR_filter_fu_827/add_ln30_112_reg_10992[24]_i_22      | CLB.LUT.LUT3      |
    | grp_FIR_filter_fu_827/add_ln30_112_reg_10992[24]_i_6       | CLB.LUT.LUT5      |
    | grp_FIR_filter_fu_827/add_ln30_112_reg_10992[24]_i_13      | CLB.LUT.LUT6      |
    | grp_FIR_filter_fu_827/add_ln30_112_reg_10992_reg[24]_i_1   | CLB.CARRY.CARRY8  |
    | grp_FIR_filter_fu_827/add_ln30_112_reg_10992_reg[23]       | REGISTER.SDR.FDRE |
    | grp_FIR_filter_fu_827/p_ZL12H_filter_FIR_384_reg[0]        | REGISTER.SDR.FDRE |
    | grp_FIR_filter_fu_827/add_ln30_112_reg_10992[24]_i_238     | CLB.LUT.LUT2      |
    | grp_FIR_filter_fu_827/add_ln30_112_reg_10992_reg[24]_i_221 | CLB.CARRY.CARRY8  |
    | grp_FIR_filter_fu_827/add_ln30_112_reg_10992[24]_i_218     | CLB.LUT.LUT3      |
    | grp_FIR_filter_fu_827/add_ln30_112_reg_10992_reg[24]_i_195 | CLB.CARRY.CARRY8  |
    | grp_FIR_filter_fu_827/add_ln30_112_reg_10992[24]_i_181     | CLB.LUT.LUT3      |
    | grp_FIR_filter_fu_827/add_ln30_112_reg_10992_reg[24]_i_146 | CLB.CARRY.CARRY8  |
    | grp_FIR_filter_fu_827/add_ln30_112_reg_10992_reg[24]_i_103 | CLB.CARRY.CARRY8  |
    | grp_FIR_filter_fu_827/add_ln30_112_reg_10992[24]_i_153     | CLB.LUT.LUT3      |
    | grp_FIR_filter_fu_827/add_ln30_112_reg_10992[24]_i_101     | CLB.LUT.LUT5      |
    | grp_FIR_filter_fu_827/add_ln30_112_reg_10992_reg[24]_i_57  | CLB.CARRY.CARRY8  |
    | grp_FIR_filter_fu_827/add_ln30_112_reg_10992[24]_i_68      | CLB.LUT.LUT3      |
    | grp_FIR_filter_fu_827/add_ln30_112_reg_10992[24]_i_32      | CLB.LUT.LUT5      |
    | grp_FIR_filter_fu_827/add_ln30_112_reg_10992[24]_i_40      | CLB.LUT.LUT6      |
    | grp_FIR_filter_fu_827/add_ln30_112_reg_10992_reg[24]_i_16  | CLB.CARRY.CARRY8  |
    | grp_FIR_filter_fu_827/add_ln30_112_reg_10992_reg[24]_i_15  | CLB.CARRY.CARRY8  |
    | grp_FIR_filter_fu_827/add_ln30_112_reg_10992[24]_i_22      | CLB.LUT.LUT3      |
    | grp_FIR_filter_fu_827/add_ln30_112_reg_10992[24]_i_6       | CLB.LUT.LUT5      |
    | grp_FIR_filter_fu_827/add_ln30_112_reg_10992[24]_i_13      | CLB.LUT.LUT6      |
    | grp_FIR_filter_fu_827/add_ln30_112_reg_10992_reg[24]_i_1   | CLB.CARRY.CARRY8  |
    | grp_FIR_filter_fu_827/add_ln30_112_reg_10992_reg[24]       | REGISTER.SDR.FDRE |
    | grp_FIR_filter_fu_827/p_ZL12H_filter_FIR_384_reg[0]        | REGISTER.SDR.FDRE |
    | grp_FIR_filter_fu_827/add_ln30_112_reg_10992[24]_i_238     | CLB.LUT.LUT2      |
    | grp_FIR_filter_fu_827/add_ln30_112_reg_10992_reg[24]_i_221 | CLB.CARRY.CARRY8  |
    | grp_FIR_filter_fu_827/add_ln30_112_reg_10992[24]_i_218     | CLB.LUT.LUT3      |
    | grp_FIR_filter_fu_827/add_ln30_112_reg_10992_reg[24]_i_195 | CLB.CARRY.CARRY8  |
    | grp_FIR_filter_fu_827/add_ln30_112_reg_10992[24]_i_181     | CLB.LUT.LUT3      |
    | grp_FIR_filter_fu_827/add_ln30_112_reg_10992_reg[24]_i_146 | CLB.CARRY.CARRY8  |
    | grp_FIR_filter_fu_827/add_ln30_112_reg_10992_reg[24]_i_103 | CLB.CARRY.CARRY8  |
    | grp_FIR_filter_fu_827/add_ln30_112_reg_10992[24]_i_153     | CLB.LUT.LUT3      |
    | grp_FIR_filter_fu_827/add_ln30_112_reg_10992[24]_i_101     | CLB.LUT.LUT5      |
    | grp_FIR_filter_fu_827/add_ln30_112_reg_10992_reg[24]_i_57  | CLB.CARRY.CARRY8  |
    | grp_FIR_filter_fu_827/add_ln30_112_reg_10992[24]_i_68      | CLB.LUT.LUT3      |
    | grp_FIR_filter_fu_827/add_ln30_112_reg_10992[24]_i_32      | CLB.LUT.LUT5      |
    | grp_FIR_filter_fu_827/add_ln30_112_reg_10992[24]_i_40      | CLB.LUT.LUT6      |
    | grp_FIR_filter_fu_827/add_ln30_112_reg_10992_reg[24]_i_16  | CLB.CARRY.CARRY8  |
    | grp_FIR_filter_fu_827/add_ln30_112_reg_10992_reg[24]_i_15  | CLB.CARRY.CARRY8  |
    | grp_FIR_filter_fu_827/add_ln30_112_reg_10992[24]_i_22      | CLB.LUT.LUT3      |
    | grp_FIR_filter_fu_827/add_ln30_112_reg_10992[24]_i_6       | CLB.LUT.LUT5      |
    | grp_FIR_filter_fu_827/add_ln30_112_reg_10992[24]_i_13      | CLB.LUT.LUT6      |
    | grp_FIR_filter_fu_827/add_ln30_112_reg_10992_reg[24]_i_1   | CLB.CARRY.CARRY8  |
    | grp_FIR_filter_fu_827/add_ln30_112_reg_10992_reg[22]       | REGISTER.SDR.FDRE |
    | grp_FIR_filter_fu_827/p_ZL12H_filter_FIR_384_reg[0]        | REGISTER.SDR.FDRE |
    | grp_FIR_filter_fu_827/add_ln30_112_reg_10992[24]_i_238     | CLB.LUT.LUT2      |
    | grp_FIR_filter_fu_827/add_ln30_112_reg_10992_reg[24]_i_221 | CLB.CARRY.CARRY8  |
    | grp_FIR_filter_fu_827/add_ln30_112_reg_10992[24]_i_218     | CLB.LUT.LUT3      |
    | grp_FIR_filter_fu_827/add_ln30_112_reg_10992_reg[24]_i_195 | CLB.CARRY.CARRY8  |
    | grp_FIR_filter_fu_827/add_ln30_112_reg_10992[24]_i_181     | CLB.LUT.LUT3      |
    | grp_FIR_filter_fu_827/add_ln30_112_reg_10992_reg[24]_i_146 | CLB.CARRY.CARRY8  |
    | grp_FIR_filter_fu_827/add_ln30_112_reg_10992_reg[24]_i_103 | CLB.CARRY.CARRY8  |
    | grp_FIR_filter_fu_827/add_ln30_112_reg_10992[24]_i_153     | CLB.LUT.LUT3      |
    | grp_FIR_filter_fu_827/add_ln30_112_reg_10992[24]_i_101     | CLB.LUT.LUT5      |
    | grp_FIR_filter_fu_827/add_ln30_112_reg_10992_reg[24]_i_57  | CLB.CARRY.CARRY8  |
    | grp_FIR_filter_fu_827/add_ln30_112_reg_10992[24]_i_68      | CLB.LUT.LUT3      |
    | grp_FIR_filter_fu_827/add_ln30_112_reg_10992[24]_i_32      | CLB.LUT.LUT5      |
    | grp_FIR_filter_fu_827/add_ln30_112_reg_10992[24]_i_40      | CLB.LUT.LUT6      |
    | grp_FIR_filter_fu_827/add_ln30_112_reg_10992_reg[24]_i_16  | CLB.CARRY.CARRY8  |
    | grp_FIR_filter_fu_827/add_ln30_112_reg_10992_reg[24]_i_15  | CLB.CARRY.CARRY8  |
    | grp_FIR_filter_fu_827/add_ln30_112_reg_10992[24]_i_22      | CLB.LUT.LUT3      |
    | grp_FIR_filter_fu_827/add_ln30_112_reg_10992[24]_i_6       | CLB.LUT.LUT5      |
    | grp_FIR_filter_fu_827/add_ln30_112_reg_10992[24]_i_13      | CLB.LUT.LUT6      |
    | grp_FIR_filter_fu_827/add_ln30_112_reg_10992_reg[24]_i_1   | CLB.CARRY.CARRY8  |
    | grp_FIR_filter_fu_827/add_ln30_112_reg_10992_reg[21]       | REGISTER.SDR.FDRE |
    | grp_FIR_filter_fu_827/p_ZL12H_filter_FIR_384_reg[0]        | REGISTER.SDR.FDRE |
    | grp_FIR_filter_fu_827/add_ln30_112_reg_10992[24]_i_238     | CLB.LUT.LUT2      |
    | grp_FIR_filter_fu_827/add_ln30_112_reg_10992_reg[24]_i_221 | CLB.CARRY.CARRY8  |
    | grp_FIR_filter_fu_827/add_ln30_112_reg_10992[24]_i_218     | CLB.LUT.LUT3      |
    | grp_FIR_filter_fu_827/add_ln30_112_reg_10992_reg[24]_i_195 | CLB.CARRY.CARRY8  |
    | grp_FIR_filter_fu_827/add_ln30_112_reg_10992[24]_i_181     | CLB.LUT.LUT3      |
    | grp_FIR_filter_fu_827/add_ln30_112_reg_10992_reg[24]_i_146 | CLB.CARRY.CARRY8  |
    | grp_FIR_filter_fu_827/add_ln30_112_reg_10992_reg[24]_i_103 | CLB.CARRY.CARRY8  |
    | grp_FIR_filter_fu_827/add_ln30_112_reg_10992[24]_i_153     | CLB.LUT.LUT3      |
    | grp_FIR_filter_fu_827/add_ln30_112_reg_10992[24]_i_101     | CLB.LUT.LUT5      |
    | grp_FIR_filter_fu_827/add_ln30_112_reg_10992_reg[24]_i_57  | CLB.CARRY.CARRY8  |
    | grp_FIR_filter_fu_827/add_ln30_112_reg_10992[24]_i_68      | CLB.LUT.LUT3      |
    | grp_FIR_filter_fu_827/add_ln30_112_reg_10992[24]_i_32      | CLB.LUT.LUT5      |
    | grp_FIR_filter_fu_827/add_ln30_112_reg_10992[24]_i_40      | CLB.LUT.LUT6      |
    | grp_FIR_filter_fu_827/add_ln30_112_reg_10992_reg[24]_i_16  | CLB.CARRY.CARRY8  |
    | grp_FIR_filter_fu_827/add_ln30_112_reg_10992_reg[24]_i_15  | CLB.CARRY.CARRY8  |
    | grp_FIR_filter_fu_827/add_ln30_112_reg_10992[24]_i_22      | CLB.LUT.LUT3      |
    | grp_FIR_filter_fu_827/add_ln30_112_reg_10992[24]_i_6       | CLB.LUT.LUT5      |
    | grp_FIR_filter_fu_827/add_ln30_112_reg_10992[24]_i_13      | CLB.LUT.LUT6      |
    | grp_FIR_filter_fu_827/add_ln30_112_reg_10992_reg[24]_i_1   | CLB.CARRY.CARRY8  |
    | grp_FIR_filter_fu_827/add_ln30_112_reg_10992_reg[20]       | REGISTER.SDR.FDRE |
    +------------------------------------------------------------+-------------------+

    +------------------------------------------------------------+-------------------+
    | Path5 Cells                                                | Primitive Type    |
    +------------------------------------------------------------+-------------------+
    | grp_FIR_filter_fu_827/p_ZL12H_filter_FIR_384_reg[0]        | REGISTER.SDR.FDRE |
    | grp_FIR_filter_fu_827/add_ln30_112_reg_10992[24]_i_238     | CLB.LUT.LUT2      |
    | grp_FIR_filter_fu_827/add_ln30_112_reg_10992_reg[24]_i_221 | CLB.CARRY.CARRY8  |
    | grp_FIR_filter_fu_827/add_ln30_112_reg_10992[24]_i_218     | CLB.LUT.LUT3      |
    | grp_FIR_filter_fu_827/add_ln30_112_reg_10992_reg[24]_i_195 | CLB.CARRY.CARRY8  |
    | grp_FIR_filter_fu_827/add_ln30_112_reg_10992[24]_i_181     | CLB.LUT.LUT3      |
    | grp_FIR_filter_fu_827/add_ln30_112_reg_10992_reg[24]_i_146 | CLB.CARRY.CARRY8  |
    | grp_FIR_filter_fu_827/add_ln30_112_reg_10992_reg[24]_i_103 | CLB.CARRY.CARRY8  |
    | grp_FIR_filter_fu_827/add_ln30_112_reg_10992[24]_i_153     | CLB.LUT.LUT3      |
    | grp_FIR_filter_fu_827/add_ln30_112_reg_10992[24]_i_101     | CLB.LUT.LUT5      |
    | grp_FIR_filter_fu_827/add_ln30_112_reg_10992_reg[24]_i_57  | CLB.CARRY.CARRY8  |
    | grp_FIR_filter_fu_827/add_ln30_112_reg_10992[24]_i_68      | CLB.LUT.LUT3      |
    | grp_FIR_filter_fu_827/add_ln30_112_reg_10992[24]_i_32      | CLB.LUT.LUT5      |
    | grp_FIR_filter_fu_827/add_ln30_112_reg_10992[24]_i_40      | CLB.LUT.LUT6      |
    | grp_FIR_filter_fu_827/add_ln30_112_reg_10992_reg[24]_i_16  | CLB.CARRY.CARRY8  |
    | grp_FIR_filter_fu_827/add_ln30_112_reg_10992_reg[24]_i_15  | CLB.CARRY.CARRY8  |
    | grp_FIR_filter_fu_827/add_ln30_112_reg_10992[24]_i_22      | CLB.LUT.LUT3      |
    | grp_FIR_filter_fu_827/add_ln30_112_reg_10992[24]_i_6       | CLB.LUT.LUT5      |
    | grp_FIR_filter_fu_827/add_ln30_112_reg_10992[24]_i_13      | CLB.LUT.LUT6      |
    | grp_FIR_filter_fu_827/add_ln30_112_reg_10992_reg[24]_i_1   | CLB.CARRY.CARRY8  |
    | grp_FIR_filter_fu_827/add_ln30_112_reg_10992_reg[23]       | REGISTER.SDR.FDRE |
    | grp_FIR_filter_fu_827/p_ZL12H_filter_FIR_384_reg[0]        | REGISTER.SDR.FDRE |
    | grp_FIR_filter_fu_827/add_ln30_112_reg_10992[24]_i_238     | CLB.LUT.LUT2      |
    | grp_FIR_filter_fu_827/add_ln30_112_reg_10992_reg[24]_i_221 | CLB.CARRY.CARRY8  |
    | grp_FIR_filter_fu_827/add_ln30_112_reg_10992[24]_i_218     | CLB.LUT.LUT3      |
    | grp_FIR_filter_fu_827/add_ln30_112_reg_10992_reg[24]_i_195 | CLB.CARRY.CARRY8  |
    | grp_FIR_filter_fu_827/add_ln30_112_reg_10992[24]_i_181     | CLB.LUT.LUT3      |
    | grp_FIR_filter_fu_827/add_ln30_112_reg_10992_reg[24]_i_146 | CLB.CARRY.CARRY8  |
    | grp_FIR_filter_fu_827/add_ln30_112_reg_10992_reg[24]_i_103 | CLB.CARRY.CARRY8  |
    | grp_FIR_filter_fu_827/add_ln30_112_reg_10992[24]_i_153     | CLB.LUT.LUT3      |
    | grp_FIR_filter_fu_827/add_ln30_112_reg_10992[24]_i_101     | CLB.LUT.LUT5      |
    | grp_FIR_filter_fu_827/add_ln30_112_reg_10992_reg[24]_i_57  | CLB.CARRY.CARRY8  |
    | grp_FIR_filter_fu_827/add_ln30_112_reg_10992[24]_i_68      | CLB.LUT.LUT3      |
    | grp_FIR_filter_fu_827/add_ln30_112_reg_10992[24]_i_32      | CLB.LUT.LUT5      |
    | grp_FIR_filter_fu_827/add_ln30_112_reg_10992[24]_i_40      | CLB.LUT.LUT6      |
    | grp_FIR_filter_fu_827/add_ln30_112_reg_10992_reg[24]_i_16  | CLB.CARRY.CARRY8  |
    | grp_FIR_filter_fu_827/add_ln30_112_reg_10992_reg[24]_i_15  | CLB.CARRY.CARRY8  |
    | grp_FIR_filter_fu_827/add_ln30_112_reg_10992[24]_i_22      | CLB.LUT.LUT3      |
    | grp_FIR_filter_fu_827/add_ln30_112_reg_10992[24]_i_6       | CLB.LUT.LUT5      |
    | grp_FIR_filter_fu_827/add_ln30_112_reg_10992[24]_i_13      | CLB.LUT.LUT6      |
    | grp_FIR_filter_fu_827/add_ln30_112_reg_10992_reg[24]_i_1   | CLB.CARRY.CARRY8  |
    | grp_FIR_filter_fu_827/add_ln30_112_reg_10992_reg[24]       | REGISTER.SDR.FDRE |
    | grp_FIR_filter_fu_827/p_ZL12H_filter_FIR_384_reg[0]        | REGISTER.SDR.FDRE |
    | grp_FIR_filter_fu_827/add_ln30_112_reg_10992[24]_i_238     | CLB.LUT.LUT2      |
    | grp_FIR_filter_fu_827/add_ln30_112_reg_10992_reg[24]_i_221 | CLB.CARRY.CARRY8  |
    | grp_FIR_filter_fu_827/add_ln30_112_reg_10992[24]_i_218     | CLB.LUT.LUT3      |
    | grp_FIR_filter_fu_827/add_ln30_112_reg_10992_reg[24]_i_195 | CLB.CARRY.CARRY8  |
    | grp_FIR_filter_fu_827/add_ln30_112_reg_10992[24]_i_181     | CLB.LUT.LUT3      |
    | grp_FIR_filter_fu_827/add_ln30_112_reg_10992_reg[24]_i_146 | CLB.CARRY.CARRY8  |
    | grp_FIR_filter_fu_827/add_ln30_112_reg_10992_reg[24]_i_103 | CLB.CARRY.CARRY8  |
    | grp_FIR_filter_fu_827/add_ln30_112_reg_10992[24]_i_153     | CLB.LUT.LUT3      |
    | grp_FIR_filter_fu_827/add_ln30_112_reg_10992[24]_i_101     | CLB.LUT.LUT5      |
    | grp_FIR_filter_fu_827/add_ln30_112_reg_10992_reg[24]_i_57  | CLB.CARRY.CARRY8  |
    | grp_FIR_filter_fu_827/add_ln30_112_reg_10992[24]_i_68      | CLB.LUT.LUT3      |
    | grp_FIR_filter_fu_827/add_ln30_112_reg_10992[24]_i_32      | CLB.LUT.LUT5      |
    | grp_FIR_filter_fu_827/add_ln30_112_reg_10992[24]_i_40      | CLB.LUT.LUT6      |
    | grp_FIR_filter_fu_827/add_ln30_112_reg_10992_reg[24]_i_16  | CLB.CARRY.CARRY8  |
    | grp_FIR_filter_fu_827/add_ln30_112_reg_10992_reg[24]_i_15  | CLB.CARRY.CARRY8  |
    | grp_FIR_filter_fu_827/add_ln30_112_reg_10992[24]_i_22      | CLB.LUT.LUT3      |
    | grp_FIR_filter_fu_827/add_ln30_112_reg_10992[24]_i_6       | CLB.LUT.LUT5      |
    | grp_FIR_filter_fu_827/add_ln30_112_reg_10992[24]_i_13      | CLB.LUT.LUT6      |
    | grp_FIR_filter_fu_827/add_ln30_112_reg_10992_reg[24]_i_1   | CLB.CARRY.CARRY8  |
    | grp_FIR_filter_fu_827/add_ln30_112_reg_10992_reg[22]       | REGISTER.SDR.FDRE |
    | grp_FIR_filter_fu_827/p_ZL12H_filter_FIR_384_reg[0]        | REGISTER.SDR.FDRE |
    | grp_FIR_filter_fu_827/add_ln30_112_reg_10992[24]_i_238     | CLB.LUT.LUT2      |
    | grp_FIR_filter_fu_827/add_ln30_112_reg_10992_reg[24]_i_221 | CLB.CARRY.CARRY8  |
    | grp_FIR_filter_fu_827/add_ln30_112_reg_10992[24]_i_218     | CLB.LUT.LUT3      |
    | grp_FIR_filter_fu_827/add_ln30_112_reg_10992_reg[24]_i_195 | CLB.CARRY.CARRY8  |
    | grp_FIR_filter_fu_827/add_ln30_112_reg_10992[24]_i_181     | CLB.LUT.LUT3      |
    | grp_FIR_filter_fu_827/add_ln30_112_reg_10992_reg[24]_i_146 | CLB.CARRY.CARRY8  |
    | grp_FIR_filter_fu_827/add_ln30_112_reg_10992_reg[24]_i_103 | CLB.CARRY.CARRY8  |
    | grp_FIR_filter_fu_827/add_ln30_112_reg_10992[24]_i_153     | CLB.LUT.LUT3      |
    | grp_FIR_filter_fu_827/add_ln30_112_reg_10992[24]_i_101     | CLB.LUT.LUT5      |
    | grp_FIR_filter_fu_827/add_ln30_112_reg_10992_reg[24]_i_57  | CLB.CARRY.CARRY8  |
    | grp_FIR_filter_fu_827/add_ln30_112_reg_10992[24]_i_68      | CLB.LUT.LUT3      |
    | grp_FIR_filter_fu_827/add_ln30_112_reg_10992[24]_i_32      | CLB.LUT.LUT5      |
    | grp_FIR_filter_fu_827/add_ln30_112_reg_10992[24]_i_40      | CLB.LUT.LUT6      |
    | grp_FIR_filter_fu_827/add_ln30_112_reg_10992_reg[24]_i_16  | CLB.CARRY.CARRY8  |
    | grp_FIR_filter_fu_827/add_ln30_112_reg_10992_reg[24]_i_15  | CLB.CARRY.CARRY8  |
    | grp_FIR_filter_fu_827/add_ln30_112_reg_10992[24]_i_22      | CLB.LUT.LUT3      |
    | grp_FIR_filter_fu_827/add_ln30_112_reg_10992[24]_i_6       | CLB.LUT.LUT5      |
    | grp_FIR_filter_fu_827/add_ln30_112_reg_10992[24]_i_13      | CLB.LUT.LUT6      |
    | grp_FIR_filter_fu_827/add_ln30_112_reg_10992_reg[24]_i_1   | CLB.CARRY.CARRY8  |
    | grp_FIR_filter_fu_827/add_ln30_112_reg_10992_reg[21]       | REGISTER.SDR.FDRE |
    | grp_FIR_filter_fu_827/p_ZL12H_filter_FIR_384_reg[0]        | REGISTER.SDR.FDRE |
    | grp_FIR_filter_fu_827/add_ln30_112_reg_10992[24]_i_238     | CLB.LUT.LUT2      |
    | grp_FIR_filter_fu_827/add_ln30_112_reg_10992_reg[24]_i_221 | CLB.CARRY.CARRY8  |
    | grp_FIR_filter_fu_827/add_ln30_112_reg_10992[24]_i_218     | CLB.LUT.LUT3      |
    | grp_FIR_filter_fu_827/add_ln30_112_reg_10992_reg[24]_i_195 | CLB.CARRY.CARRY8  |
    | grp_FIR_filter_fu_827/add_ln30_112_reg_10992[24]_i_181     | CLB.LUT.LUT3      |
    | grp_FIR_filter_fu_827/add_ln30_112_reg_10992_reg[24]_i_146 | CLB.CARRY.CARRY8  |
    | grp_FIR_filter_fu_827/add_ln30_112_reg_10992_reg[24]_i_103 | CLB.CARRY.CARRY8  |
    | grp_FIR_filter_fu_827/add_ln30_112_reg_10992[24]_i_153     | CLB.LUT.LUT3      |
    | grp_FIR_filter_fu_827/add_ln30_112_reg_10992[24]_i_101     | CLB.LUT.LUT5      |
    | grp_FIR_filter_fu_827/add_ln30_112_reg_10992_reg[24]_i_57  | CLB.CARRY.CARRY8  |
    | grp_FIR_filter_fu_827/add_ln30_112_reg_10992[24]_i_68      | CLB.LUT.LUT3      |
    | grp_FIR_filter_fu_827/add_ln30_112_reg_10992[24]_i_32      | CLB.LUT.LUT5      |
    | grp_FIR_filter_fu_827/add_ln30_112_reg_10992[24]_i_40      | CLB.LUT.LUT6      |
    | grp_FIR_filter_fu_827/add_ln30_112_reg_10992_reg[24]_i_16  | CLB.CARRY.CARRY8  |
    | grp_FIR_filter_fu_827/add_ln30_112_reg_10992_reg[24]_i_15  | CLB.CARRY.CARRY8  |
    | grp_FIR_filter_fu_827/add_ln30_112_reg_10992[24]_i_22      | CLB.LUT.LUT3      |
    | grp_FIR_filter_fu_827/add_ln30_112_reg_10992[24]_i_6       | CLB.LUT.LUT5      |
    | grp_FIR_filter_fu_827/add_ln30_112_reg_10992[24]_i_13      | CLB.LUT.LUT6      |
    | grp_FIR_filter_fu_827/add_ln30_112_reg_10992_reg[24]_i_1   | CLB.CARRY.CARRY8  |
    | grp_FIR_filter_fu_827/add_ln30_112_reg_10992_reg[20]       | REGISTER.SDR.FDRE |
    +------------------------------------------------------------+-------------------+


================================================================
== RTL Synthesis Vivado Reports
================================================================
+--------------------------+----------------------------------------------------------------+
| Report Type              | Report Location                                                |
+--------------------------+----------------------------------------------------------------+
| design_analysis          | impl/verilog/report/FIR_HLS_design_analysis_synth.rpt          |
| failfast                 | impl/verilog/report/FIR_HLS_failfast_synth.rpt                 |
| power                    | impl/verilog/report/FIR_HLS_power_synth.rpt                    |
| timing                   | impl/verilog/report/FIR_HLS_timing_synth.rpt                   |
| timing_paths             | impl/verilog/report/FIR_HLS_timing_paths_synth.rpt             |
| utilization              | impl/verilog/report/FIR_HLS_utilization_synth.rpt              |
| utilization_hierarchical | impl/verilog/report/FIR_HLS_utilization_hierarchical_synth.rpt |
+--------------------------+----------------------------------------------------------------+


