  **** HLS Build v2024.2 5238294
INFO: [HLS 200-2005] Using work_dir C:/HLS-multirate-DSP/HLS_FIR/Transposed_Folded_FIR_HLS/Transposed_Folded_FIR_HLS 
INFO: [HLS 200-1505] Using default flow_target 'vivado'
Resolution: For help on HLS 200-1505 see docs.xilinx.com/access/sources/dita/topic?Doc_Version=2024.2%20English&url=ug1448-hls-guidance&resourceid=200-1505.html
INFO: [HLS 200-1465] Applying ini 'syn.file=FIR_HLS.cpp' from C:/HLS-multirate-DSP/HLS_FIR/Transposed_Folded_FIR_HLS/hls_config.cfg(7)
INFO: [HLS 200-10] Adding design file 'C:/HLS-multirate-DSP/HLS_FIR/Transposed_Folded_FIR_HLS/FIR_HLS.cpp' to the project
INFO: [HLS 200-1465] Applying ini 'syn.file=FIR_HLS.h' from C:/HLS-multirate-DSP/HLS_FIR/Transposed_Folded_FIR_HLS/hls_config.cfg(8)
INFO: [HLS 200-10] Adding design file 'C:/HLS-multirate-DSP/HLS_FIR/Transposed_Folded_FIR_HLS/FIR_HLS.h' to the project
INFO: [HLS 200-1465] Applying ini 'syn.file=../../Matlab/FIR_normal_HLS.h' from C:/HLS-multirate-DSP/HLS_FIR/Transposed_Folded_FIR_HLS/hls_config.cfg(9)
INFO: [HLS 200-10] Adding design file 'C:/HLS-multirate-DSP/Matlab/FIR_normal_HLS.h' to the project
INFO: [HLS 200-1465] Applying ini 'tb.file=FIR_HLS_TB.cpp' from C:/HLS-multirate-DSP/HLS_FIR/Transposed_Folded_FIR_HLS/hls_config.cfg(10)
INFO: [HLS 200-10] Adding test bench file 'C:/HLS-multirate-DSP/HLS_FIR/Transposed_Folded_FIR_HLS/FIR_HLS_TB.cpp' to the project
INFO: [HLS 200-1465] Applying ini 'tb.file=../../Matlab/TS_HLS_normal.dat' from C:/HLS-multirate-DSP/HLS_FIR/Transposed_Folded_FIR_HLS/hls_config.cfg(11)
INFO: [HLS 200-10] Adding test bench file 'C:/HLS-multirate-DSP/Matlab/TS_HLS_normal.dat' to the project
INFO: [HLS 200-1465] Applying ini 'tb.file=../../Matlab/TS_HLS_normal.res' from C:/HLS-multirate-DSP/HLS_FIR/Transposed_Folded_FIR_HLS/hls_config.cfg(12)
INFO: [HLS 200-10] Adding test bench file 'C:/HLS-multirate-DSP/Matlab/TS_HLS_normal.res' to the project
INFO: [HLS 200-1465] Applying ini 'syn.top=FIR_HLS' from C:/HLS-multirate-DSP/HLS_FIR/Transposed_Folded_FIR_HLS/hls_config.cfg(13)
INFO: [HLS 200-1465] Applying ini 'flow_target=vivado' from C:/HLS-multirate-DSP/HLS_FIR/Transposed_Folded_FIR_HLS/hls_config.cfg(4)
INFO: [HLS 200-1505] Using flow_target 'vivado'
Resolution: For help on HLS 200-1505 see docs.xilinx.com/access/sources/dita/topic?Doc_Version=2024.2%20English&url=ug1448-hls-guidance&resourceid=200-1505.html
INFO: [HLS 200-1465] Applying ini 'part=xck26-sfvc784-2LV-c' from C:/HLS-multirate-DSP/HLS_FIR/Transposed_Folded_FIR_HLS/hls_config.cfg(1)
INFO: [HLS 200-1611] Setting target device to 'xck26-sfvc784-2LV-c'
INFO: [HLS 200-1465] Applying ini 'csim.code_analyzer=0' from C:/HLS-multirate-DSP/HLS_FIR/Transposed_Folded_FIR_HLS/hls_config.cfg(14)
INFO: [HLS 200-1465] Applying ini 'package.output.format=ip_catalog' from C:/HLS-multirate-DSP/HLS_FIR/Transposed_Folded_FIR_HLS/hls_config.cfg(5)
INFO: [SIM 211-2] *************** CSIM start ***************
INFO: [SIM 211-4] CSIM will launch CLANG as the compiler.
INFO: [HLS 200-2036] Building debug C Simulation binaries
   Compiling ../../../../FIR_HLS.cpp in debug mode
   Generating csim.exe
In file included from ../../../../FIR_HLS.cpp:1:
In file included from ../../../../FIR_HLS.h:2:
In file included from C:/AMD/Vitis/2024.2/include/ap_fixed.h:9:
In file included from C:/AMD/Vitis/2024.2/include/etc/ap_common.h:658:
In file included from C:/AMD/Vitis/2024.2/include/etc/ap_private.h:68:
In file included from C:/AMD/Vitis/2024.2/include/hls_half.h:26:
In file included from C:/AMD/Vitis/2024.2/include/etc/hls_half_fpo.h:19:
In file included from C:/AMD/Vitis/2024.2/include/hls_fpo.h:140:
In file included from C:/AMD/Vitis/2024.2/include/floating_point_v7_1_bitacc_cmodel.h:150:
C:/AMD/Vitis/2024.2/include/gmp.h:58:9: warning: '__GMP_LIBGMP_DLL' macro redefined [-Wmacro-redefined]
#define __GMP_LIBGMP_DLL  0
        ^
C:/AMD/Vitis/2024.2/include/floating_point_v7_1_bitacc_cmodel.h:142:9: note: previous definition is here
#define __GMP_LIBGMP_DLL 1
        ^
1 warning generated.
INFO: Reading ../../../../../../Matlab/TS_HLS_normal.dat
INFO: Read 460 samples from ../../../../../../Matlab/TS_HLS_normal.dat
INFO: Reading ../../../../../../Matlab/TS_HLS_normal.res
INFO: Read 460 samples from ../../../../../../Matlab/TS_HLS_normal.res
INFO: Input and reference data lengths match.
Mismatch at sample    1: ref=-0.000549316, dut=-0.772858
Mismatch at sample  126: ref=0.00314331, dut=0.00518799
Mismatch at sample  127: ref=0.00143433, dut=0.003479
Mismatch at sample  148: ref=-0.00619507, dut=-0.00866699
Mismatch at sample  149: ref=-0.0038147, dut=-0.00671387
Mismatch at sample  150: ref=-0.00137329, dut=-0.00436401
Mismatch at sample  151: ref=0.000762939, dut=-0.00195313
Mismatch at sample  152: ref=0.0022583, dut=0.000183105
Mismatch at sample  162: ref=-0.00344849, dut=-0.00561523
Mismatch at sample  163: ref=-0.000518799, dut=-0.00366211
Mismatch at sample  164: ref=0.00311279, dut=-0.000671387
Mismatch at sample  165: ref=0.00692749, dut=0.00299072
Mismatch at sample  166: ref=0.010376, dut=0.00686646
Mismatch at sample  167: ref=0.0128784, dut=0.0103455
Mismatch at sample  170: ref=0.0114746, dut=0.0137329
Mismatch at sample  171: ref=0.00796509, dut=0.0116577
Mismatch at sample  172: ref=0.00357056, dut=0.00820923
Mismatch at sample  173: ref=-0.00106812, dut=0.00384521
Mismatch at sample  174: ref=-0.00512695, dut=-0.000762939
Mismatch at sample  175: ref=-0.00793457, dut=-0.00482178
Mismatch at sample  178: ref=-0.00436401, dut=-0.00735474
Mismatch at sample  179: ref=0.000671387, dut=-0.00402832
Mismatch at sample  180: ref=0.00665283, dut=0.00100708
Mismatch at sample  181: ref=0.0125122, dut=0.00692749
Mismatch at sample  182: ref=0.0170898, dut=0.0127563
Mismatch at sample  185: ref=0.0133057, dut=0.0183105
Mismatch at sample  186: ref=0.00485229, dut=0.0133972
Mismatch at sample  187: ref=-0.00640869, dut=0.00488281
Mismatch at sample  188: ref=-0.0189514, dut=-0.00640869
Mismatch at sample  189: ref=-0.0306702, dut=-0.019043
Mismatch at sample  190: ref=-0.0389404, dut=-0.0307922
Mismatch at sample  192: ref=-0.0335083, dut=-0.0410767
Mismatch at sample  193: ref=-0.0144043, dut=-0.0338135
Mismatch at sample  194: ref=0.0184631, dut=-0.0147705
Mismatch at sample  195: ref=0.0662231, dut=0.0180359
Mismatch at sample  196: ref=0.128998, dut=0.0657654
Mismatch at sample  197: ref=0.205811, dut=0.144562
Mismatch at sample  198: ref=0.294556, dut=0.236267
Mismatch at sample  199: ref=0.392212, dut=0.337799
Mismatch at sample  200: ref=0.494934, dut=0.445251
Mismatch at sample  201: ref=0.598419, dut=0.55423
Mismatch at sample  202: ref=0.698212, dut=0.660248
Mismatch at sample  203: ref=0.789948, dut=0.758789
Mismatch at sample  204: ref=0.869781, dut=0.845917
Mismatch at sample  205: ref=0.934509, dut=0.918304
Mismatch at sample  206: ref=0.981781, dut=0.97348
Mismatch at sample  208: ref=-0.980865, dut=-0.973053
Mismatch at sample  209: ref=-0.990906, dut=-0.975189
Mismatch at sample  210: ref=0.980988, dut=-0.995636
Mismatch at sample  211: ref=0.93631, dut=0.96701
Mismatch at sample  212: ref=0.876892, dut=0.914398
Mismatch at sample  213: ref=0.804565, dut=0.848297
Mismatch at sample  214: ref=0.721191, dut=0.770477
Mismatch at sample  215: ref=0.628448, dut=0.682495
Mismatch at sample  216: ref=0.527832, dut=0.585754
Mismatch at sample  217: ref=0.420593, dut=0.481506
Mismatch at sample  218: ref=0.307922, dut=0.37085
Mismatch at sample  219: ref=0.190918, dut=0.254883
Mismatch at sample  220: ref=0.0707397, dut=0.134705
Mismatch at sample  221: ref=-0.0513306, dut=0.0116577
Mismatch at sample  222: ref=-0.173798, dut=-0.112823
Mismatch at sample  223: ref=-0.294922, dut=-0.236938
Mismatch at sample  224: ref=-0.412842, dut=-0.358704
Mismatch at sample  225: ref=-0.525391, dut=-0.475983
Mismatch at sample  226: ref=-0.630432, dut=-0.586517
Mismatch at sample  227: ref=-0.725769, dut=-0.68808
Mismatch at sample  228: ref=-0.809418, dut=-0.778534
Mismatch at sample  229: ref=-0.879639, dut=-0.856049
Mismatch at sample  230: ref=-0.934998, dut=-0.919067
Mismatch at sample  231: ref=-0.974518, dut=-0.966492
Mismatch at sample  233: ref=0.99585, dut=0.987762
Mismatch at sample  234: ref=-0.994354, dut=0.989655
Mismatch at sample  235: ref=-0.968781, dut=-0.992432
Mismatch at sample  236: ref=-0.928192, dut=-0.959167
Mismatch at sample  237: ref=-0.873566, dut=-0.911377
Mismatch at sample  238: ref=-0.806, dut=-0.850037
Mismatch at sample  239: ref=-0.726624, dut=-0.776184
Mismatch at sample  240: ref=-0.636597, dut=-0.690887
Mismatch at sample  241: ref=-0.53714, dut=-0.595337
Mismatch at sample  242: ref=-0.429535, dut=-0.490723
Mismatch at sample  243: ref=-0.315155, dut=-0.378357
Mismatch at sample  244: ref=-0.195526, dut=-0.259735
Mismatch at sample  245: ref=-0.0722351, dut=-0.136475
Mismatch at sample  246: ref=0.052887, dut=-0.0103455
Mismatch at sample  247: ref=0.177917, dut=0.116669
Mismatch at sample  248: ref=0.300751, dut=0.242493
Mismatch at sample  249: ref=0.419342, dut=0.364929
Mismatch at sample  250: ref=0.531525, dut=0.481842
Mismatch at sample  251: ref=0.635223, dut=0.591095
Mismatch at sample  252: ref=0.728638, dut=0.690674
Mismatch at sample  253: ref=0.810028, dut=0.77887
Mismatch at sample  254: ref=0.878021, dut=0.854187
Mismatch at sample  255: ref=0.93158, dut=0.915405
Mismatch at sample  256: ref=0.96994, dut=0.96167
Mismatch at sample  258: ref=0.999573, dut=-0.993195
Mismatch at sample  259: ref=0.990845, dut=-0.993988
Mismatch at sample  260: ref=0.966827, dut=-0.50705
Mismatch at sample  261: ref=0.928009, dut=0.958252
Mismatch at sample  262: ref=0.875092, dut=0.912201
Mismatch at sample  263: ref=0.808868, dut=0.852631
Mismatch at sample  264: ref=0.730316, dut=0.779236
Mismatch at sample  265: ref=0.640503, dut=-0.803741
Mismatch at sample  266: ref=0.540619, dut=0.598541
Mismatch at sample  267: ref=0.432068, dut=0.494171
Mismatch at sample  268: ref=0.316406, dut=0.379517
Mismatch at sample  269: ref=0.195343, dut=0.259521
Mismatch at sample  270: ref=0.0707092, dut=0.134949
Mismatch at sample  271: ref=-0.0554504, dut=0.00775146
Mismatch at sample  272: ref=-0.181061, dut=-0.120087
Mismatch at sample  273: ref=-0.303986, dut=-0.246002
Mismatch at sample  274: ref=-0.42215, dut=-0.368134
Mismatch at sample  275: ref=-0.533478, dut=-0.483368
Mismatch at sample  276: ref=-0.636078, dut=-0.592499
Mismatch at sample  277: ref=-0.728271, dut=0.53656
Mismatch at sample  278: ref=-0.808594, dut=-0.778076
Mismatch at sample  279: ref=-0.875793, dut=-0.8526
Mismatch at sample  280: ref=-0.928925, dut=-0.912201
Mismatch at sample  281: ref=-0.967316, dut=-0.959137
Mismatch at sample  283: ref=-0.998169, dut=0.995026
Mismatch at sample  284: ref=-0.990417, dut=0.993988
Mismatch at sample  285: ref=-0.967407, dut=-0.990631
Mismatch at sample  286: ref=-0.929474, dut=-0.960052
Mismatch at sample  287: ref=-0.877167, dut=-0.914551
Mismatch at sample  288: ref=-0.811218, dut=-0.855164
Mismatch at sample  289: ref=-0.732574, dut=-0.782379
Mismatch at sample  290: ref=-0.642303, dut=-0.696228
Mismatch at sample  291: ref=-0.541718, dut=-0.600342
Mismatch at sample  292: ref=-0.432312, dut=-0.49353
Mismatch at sample  293: ref=-0.315796, dut=-0.379395
Mismatch at sample  294: ref=-0.194, dut=-0.258484
Mismatch at sample  295: ref=-0.0689087, dut=-0.13324
Mismatch at sample  296: ref=0.0574341, dut=-0.0057373
Mismatch at sample  297: ref=0.182892, dut=0.121887
Mismatch at sample  298: ref=0.305359, dut=0.247467
Mismatch at sample  299: ref=0.422852, dut=0.368408
Mismatch at sample  300: ref=0.533447, dut=0.484192
Mismatch at sample  301: ref=0.635315, dut=0.591095
Mismatch at sample  302: ref=0.726929, dut=0.689178
Mismatch at sample  303: ref=0.806885, dut=0.775757
Mismatch at sample  304: ref=0.874023, dut=0.850098
Mismatch at sample  305: ref=0.927368, dut=0.910767
Mismatch at sample  306: ref=0.966156, dut=0.958313
Mismatch at sample  308: ref=0.998291, dut=-0.993927
Mismatch at sample  309: ref=0.99115, dut=-0.993134
Mismatch at sample  310: ref=0.968597, dut=0.991974
Mismatch at sample  311: ref=0.930908, dut=0.961639
Mismatch at sample  312: ref=0.878632, dut=0.916412
Mismatch at sample  313: ref=0.812469, dut=0.856201
Mismatch at sample  314: ref=0.733398, dut=0.782684
Mismatch at sample  315: ref=0.642578, dut=0.696594
Mismatch at sample  316: ref=0.541412, dut=0.599335
Mismatch at sample  317: ref=0.431488, dut=0.492432
Mismatch at sample  318: ref=0.314606, dut=0.377563
Mismatch at sample  319: ref=0.192627, dut=0.256622
Mismatch at sample  320: ref=0.0675964, dut=0.131561
Mismatch at sample  321: ref=-0.0585022, dut=0.00448608
Mismatch at sample  322: ref=-0.183563, dut=-0.122559
Mismatch at sample  323: ref=-0.305542, dut=-0.24823
Mismatch at sample  324: ref=-0.422546, dut=-0.368042
Mismatch at sample  325: ref=-0.532684, dut=-0.483246
Mismatch at sample  326: ref=-0.634277, dut=-0.590851
Mismatch at sample  327: ref=-0.7258, dut=-0.688232
Mismatch at sample  328: ref=-0.805817, dut=-0.774933
Mismatch at sample  329: ref=-0.87323, dut=-0.848907
Mismatch at sample  330: ref=-0.926941, dut=-0.909241
Mismatch at sample  331: ref=-0.966187, dut=-0.957336
Mismatch at sample  332: ref=-0.990387, dut=0.237823
Mismatch at sample  333: ref=-0.999084, dut=0.993256
Mismatch at sample  334: ref=-0.992157, dut=-0.506134
Mismatch at sample  335: ref=-0.969666, dut=-0.993591
Mismatch at sample  336: ref=-0.931854, dut=-0.460144
Mismatch at sample  337: ref=-0.879333, dut=-0.917908
Mismatch at sample  338: ref=-0.812805, dut=-0.856781
Mismatch at sample  339: ref=-0.733307, dut=-0.783722
Mismatch at sample  340: ref=-0.64212, dut=-0.697113
Mismatch at sample  341: ref=-0.54068, dut=-0.599243
Mismatch at sample  342: ref=-0.430634, dut=-0.491791
Mismatch at sample  343: ref=-0.313751, dut=-0.376923
Mismatch at sample  344: ref=-0.191895, dut=-0.256134
Mismatch at sample  345: ref=-0.0671082, dut=-0.131348
Mismatch at sample  346: ref=0.0586243, dut=-0.00460815
Mismatch at sample  347: ref=0.18335, dut=0.12207
Mismatch at sample  348: ref=0.305023, dut=0.246735
Mismatch at sample  349: ref=0.421783, dut=0.367371
Mismatch at sample  350: ref=0.53183, dut=0.482147
Mismatch at sample  351: ref=0.633484, dut=0.589294
Mismatch at sample  352: ref=0.725128, dut=0.687164
Mismatch at sample  353: ref=0.80542, dut=0.774231
Mismatch at sample  354: ref=0.873108, dut=0.847839
Mismatch at sample  355: ref=0.927155, dut=0.909454
Mismatch at sample  356: ref=0.966644, dut=0.958313
Mismatch at sample  358: ref=0.999786, dut=-0.992462
Mismatch at sample  359: ref=0.992798, dut=-0.991516
Mismatch at sample  360: ref=0.970123, dut=0.9935
Mismatch at sample  361: ref=0.932098, dut=0.962769
Mismatch at sample  362: ref=0.879272, dut=0.916779
Mismatch at sample  363: ref=0.8125, dut=0.856201
Mismatch at sample  364: ref=0.732819, dut=0.782074
Mismatch at sample  365: ref=0.64151, dut=0.695526
Mismatch at sample  366: ref=0.54007, dut=0.597961
Mismatch at sample  367: ref=0.430084, dut=0.490997
Mismatch at sample  368: ref=0.313354, dut=0.376282
Mismatch at sample  369: ref=0.191772, dut=0.255707
Mismatch at sample  370: ref=0.0671997, dut=0.131195
Mismatch at sample  371: ref=-0.0583191, dut=0.00469971
Mismatch at sample  372: ref=-0.182831, dut=-0.121826
Mismatch at sample  373: ref=-0.304413, dut=-0.246338
Mismatch at sample  374: ref=-0.421173, dut=-0.366974
Mismatch at sample  375: ref=-0.531281, dut=-0.481812
Mismatch at sample  376: ref=-0.633057, dut=-0.58905
Mismatch at sample  377: ref=-0.724884, dut=-0.687073
Mismatch at sample  378: ref=-0.805328, dut=-0.774323
Mismatch at sample  379: ref=-0.873108, dut=-0.849396
Mismatch at sample  380: ref=-0.927185, dut=-0.911133
Mismatch at sample  381: ref=-0.966644, dut=-0.958527
Mismatch at sample  383: ref=-0.99939, dut=0.992645
Mismatch at sample  384: ref=-0.992065, dut=0.992035
Mismatch at sample  385: ref=-0.969025, dut=-0.992584
Mismatch at sample  386: ref=-0.930542, dut=-0.963898
Mismatch at sample  387: ref=-0.877258, dut=-0.916168
Mismatch at sample  388: ref=-0.809967, dut=-0.853912
Mismatch at sample  389: ref=-0.729767, dut=-0.779266
Mismatch at sample  390: ref=-0.637878, dut=-0.691559
Mismatch at sample  391: ref=-0.535767, dut=-0.592316
Mismatch at sample  392: ref=-0.425751, dut=-0.486908
Mismatch at sample  393: ref=-0.30899, dut=-0.372162
Mismatch at sample  394: ref=-0.187378, dut=-0.251587
Mismatch at sample  395: ref=-0.0628052, dut=-0.127045
Mismatch at sample  396: ref=0.0627747, dut=-0.000488281
Mismatch at sample  397: ref=0.187347, dut=0.126099
Mismatch at sample  398: ref=0.30896, dut=0.250671
Mismatch at sample  399: ref=0.42572, dut=0.371277
Mismatch at sample  400: ref=0.535736, dut=0.486053
Mismatch at sample  401: ref=0.637329, dut=0.59314
Mismatch at sample  402: ref=0.728851, dut=0.690887
Mismatch at sample  403: ref=0.808899, dut=0.77774
Mismatch at sample  404: ref=0.87619, dut=0.850891
Mismatch at sample  405: ref=0.929657, dut=0.913483
Mismatch at sample  406: ref=0.968445, dut=0.961731
Mismatch at sample  407: ref=0.991974, dut=-0.502045
Mismatch at sample  408: ref=0.999878, dut=-0.988434
Mismatch at sample  409: ref=0.991974, dut=-0.988037
Mismatch at sample  410: ref=0.968445, dut=0.995819
Mismatch at sample  411: ref=0.929657, dut=-0.533386
Mismatch at sample  412: ref=0.87619, dut=0.915192
Mismatch at sample  413: ref=0.808899, dut=0.852325
Mismatch at sample  414: ref=0.728851, dut=0.77832
Mismatch at sample  415: ref=0.637329, dut=0.691559
Mismatch at sample  416: ref=0.535736, dut=0.588959
Mismatch at sample  417: ref=0.42572, dut=0.984955
Mismatch at sample  418: ref=0.30896, dut=0.372131
Mismatch at sample  419: ref=0.187347, dut=0.251526
Mismatch at sample  420: ref=0.0627747, dut=0.125854
Mismatch at sample  421: ref=-0.0628052, dut=0.00164795
Mismatch at sample  422: ref=-0.187378, dut=-0.126129
Mismatch at sample  423: ref=-0.30899, dut=-0.24527
Mismatch at sample  424: ref=-0.425751, dut=-0.364746
Mismatch at sample  425: ref=-0.535767, dut=-0.478455
Mismatch at sample  426: ref=-0.63736, dut=-0.587524
Mismatch at sample  427: ref=-0.728882, dut=-0.686371
Mismatch at sample  428: ref=-0.808929, dut=-0.777008
Mismatch at sample  429: ref=-0.876221, dut=-0.854828
Mismatch at sample  430: ref=-0.929688, dut=-0.919128
Mismatch at sample  431: ref=-0.968475, dut=-0.465088
Mismatch at sample  432: ref=-0.992004, dut=0.998688
Mismatch at sample  433: ref=-0.999908, dut=0.210449
Mismatch at sample  434: ref=-0.992004, dut=0.984497
Mismatch at sample  435: ref=-0.968475, dut=-0.996429
Mismatch at sample  436: ref=-0.929688, dut=-0.96051
Mismatch at sample  437: ref=-0.876221, dut=-0.908844
Mismatch at sample  438: ref=-0.808929, dut=-0.842865
Mismatch at sample  439: ref=-0.728882, dut=-0.764374
Mismatch at sample  440: ref=-0.63736, dut=-0.675415
Mismatch at sample  441: ref=-0.535767, dut=-0.577972
Mismatch at sample  442: ref=-0.425751, dut=-0.474121
Mismatch at sample  443: ref=-0.30899, dut=0.137665
Mismatch at sample  444: ref=-0.187378, dut=-0.251587
Mismatch at sample  445: ref=-0.0628052, dut=-0.127045
Mismatch at sample  446: ref=0.0627747, dut=-0.000488281
Mismatch at sample  447: ref=0.187347, dut=0.126099
Mismatch at sample  448: ref=0.30896, dut=0.250671
Mismatch at sample  449: ref=0.42572, dut=0.371277
Mismatch at sample  450: ref=0.535736, dut=0.486053
Mismatch at sample  451: ref=0.637329, dut=0.59314
Mismatch at sample  452: ref=0.728851, dut=0.690887
Mismatch at sample  453: ref=0.808899, dut=0.77774
Mismatch at sample  454: ref=0.87619, dut=0.852325
Mismatch at sample  455: ref=0.929657, dut=0.913452
Mismatch at sample  456: ref=0.968445, dut=0.960205
Mismatch at sample  458: ref=0.999878, dut=-0.992279
Mismatch at sample  459: ref=0.991974, dut=-0.992218
---------------------------------------
Testbench Results
Samples processed : 460
Mismatches        : 291
Status: FAIL [!!] (291 samples out of tolerance)
---------------------------------------
INFO [HLS SIM]: The maximum depth reached by any hls::stream() instance in the design is 460
INFO: [SIM 211-1] CSim done with 0 errors.
INFO: [SIM 211-3] *************** CSIM finish ***************
INFO: [HLS 200-112] Total CPU user time: 5 seconds. Total CPU system time: 2 seconds. Total elapsed time: 13.737 seconds; peak allocated memory: 274.039 MB.
INFO: [vitis-run 60-791] Total elapsed time: 0h 0m 20s
