================================================================
== Design Size Report
================================================================

* Total Instructions per Compilation Phase
+---------------+-----------------------------+--------------+----------------------------------------------------------------------------------------+
| Phase         | Step                        | Instructions | Description                                                                            |
+---------------+-----------------------------+--------------+----------------------------------------------------------------------------------------+
| Compile/Link  |                             | 76           | After all functions are compiled and linked into a single design                       |
|               |                             |              |                                                                                        |
| Unroll/Inline |                             |              | After user unroll and inline pragmas are applied                                       |
|               | (1) unroll                  | 48           | user unroll pragmas are applied                                                        |
|               | (2) simplification          | 42           | simplification of applied user unroll pragmas                                          |
|               | (3) inline                  | 36           | user inline pragmas are applied                                                        |
|               | (4) simplification          | 36           | simplification of applied user inline pragmas                                          |
|               |                             |              |                                                                                        |
| Array/Struct  |                             |              | After user array partition and struct aggregate/disaggregate pragmas are applied       |
|               | (1) array partition         | 36           | user array partition pragmas are applied                                               |
|               | (2) simplification          | 36           | simplification of applied user array partition & struct aggregate/disaggregate pragmas |
|               | (3) aggregate/disaggregate  | 36           | user struct aggregate/disaggregate pragmas are applied                                 |
|               | (4) array reshape           | 36           | apply array reshape pragmas                                                            |
|               | (5) access patterns         | 37           | array access pattern optmizations                                                      |
|               |                             |              |                                                                                        |
| Performance   |                             |              | After transformations are applied to meet performance pragma targets                   |
|               | (1) loop simplification     | 37           | loop and instruction simplification                                                    |
|               | (2) parallelization         | 36           | loops are unrolled or pipelined to meet performance targets                            |
|               | (3) array partition         | 36           | arrays are partitioned to meet performance targets                                     |
|               | (4) simplification          | 36           | simplification of design after performance transformations                             |
|               |                             |              |                                                                                        |
| HW Transforms |                             |              | After hardware transfomations                                                          |
|               | (1) lowering                | 38           | initial conversion to HW specific instructions                                         |
|               | (2) optimizations           | 52           | high level synthesis optimizations                                                     |
+---------------+-----------------------------+--------------+----------------------------------------------------------------------------------------+

* Instructions per Function for each Compilation Phase
+---------------------+----------------+--------------+---------------+--------------+-------------+---------------+
| Function            | Location       | Compile/Link | Unroll/Inline | Array/Struct | Performance | HW Transforms |
+---------------------+----------------+--------------+---------------+--------------+-------------+---------------+
| + HLS_FIR           | HLS_FIR.cpp:3  | 76           | 36            | 37           | 36          | 52            |
|  + fir_function     | HLS_FIR.cpp:15 | 69           |               |              |             |               |
|     FIR_filter<392> | HLS_FIR.cpp:22 | 43           |               |              |             |               |
|    FIR_filter<392>  | HLS_FIR.cpp:22 |              | 29            | 30           | 29          | 38            |
+---------------------+----------------+--------------+---------------+--------------+-------------+---------------+

* Design Size Message Settings
+---------------------------------------------+--------+------------------------------------------------------------------+
| Message Setting                             | Value  | Description                                                      |
+---------------------------------------------+--------+------------------------------------------------------------------+
| config_compile -design_size_maximum_warning | 100000 | Show a warning when total design instructions exceeds this value |
+---------------------------------------------+--------+------------------------------------------------------------------+


