

================================================================
== Synthesis Summary Report of 'HLS_FIR'
================================================================
+ General Information: 
    * Date:           Wed Oct 15 22:30:28 2025
    * Version:        2024.2 (Build 5238294 on Nov  8 2024)
    * Project:        HLS_FIR_1
    * Solution:       hls (Vivado IP Flow Target)
    * Product family: zynquplus
    * Target device:  xck26-sfvc784-2LV-c
    

+ Performance & Resource Estimates: 
    
    PS: '+' for module; 'o' for loop; '*' for dataflow
    +---------------------------------------------+------+------+---------+-----------+----------+---------+------+----------+---------+---------+-----------+-----------+-----+
    |                   Modules                   | Issue|      | Latency |  Latency  | Iteration|         | Trip |          |         |         |           |           |     |
    |                   & Loops                   | Type | Slack| (cycles)|    (ns)   |  Latency | Interval| Count| Pipelined|  BRAM   |   DSP   |     FF    |    LUT    | URAM|
    +---------------------------------------------+------+------+---------+-----------+----------+---------+------+----------+---------+---------+-----------+-----------+-----+
    |+ HLS_FIR                                    |     -|  4.83|      797|  7.970e+03|         -|      798|     -|        no|  2 (~0%)|  1 (~0%)|  195 (~0%)|  346 (~0%)|    -|
    | + FIR_filter_392_s                          |     -|  4.83|      795|  7.950e+03|         -|      795|     -|        no|  2 (~0%)|  1 (~0%)|  175 (~0%)|  306 (~0%)|    -|
    |  + FIR_filter_392_Pipeline_VITIS_LOOP_32_1  |     -|  4.83|      393|  3.930e+03|         -|      393|     -|        no|        -|        -|   21 (~0%)|   76 (~0%)|    -|
    |   o VITIS_LOOP_32_1                         |     -|  7.30|      391|  3.910e+03|         2|        1|   391|       yes|        -|        -|          -|          -|    -|
    |  + FIR_filter_392_Pipeline_VITIS_LOOP_41_2  |     -|  4.86|      397|  3.970e+03|         -|      397|     -|        no|  1 (~0%)|  1 (~0%)|  115 (~0%)|  136 (~0%)|    -|
    |   o VITIS_LOOP_41_2                         |     -|  7.30|      395|  3.950e+03|         5|        1|   392|       yes|        -|        -|          -|          -|    -|
    +---------------------------------------------+------+------+---------+-----------+----------+---------+------+----------+---------+---------+-----------+-----------+-----+


================================================================
== HW Interfaces
================================================================
* AXIS
+-----------+-----------+---------------+-------+--------+--------+
| Interface | Direction | Register Mode | TDATA | TREADY | TVALID |
+-----------+-----------+---------------+-------+--------+--------+
| input_r   | in        | both          | 16    | 1      | 1      |
| output_r  | out       | both          | 16    | 1      | 1      |
+-----------+-----------+---------------+-------+--------+--------+

* TOP LEVEL CONTROL
+-----------+--------------+----------+
| Interface | Type         | Ports    |
+-----------+--------------+----------+
| ap_clk    | clock        | ap_clk   |
| ap_rst_n  | reset        | ap_rst_n |
| ap_ctrl   | ap_ctrl_none |          |
+-----------+--------------+----------+


================================================================
== SW I/O Information
================================================================
* Top Function Arguments
+----------+-----------+-------------------+
| Argument | Direction | Datatype          |
+----------+-----------+-------------------+
| input    | in        | stream<short, 0>& |
| output   | out       | stream<short, 0>& |
+----------+-----------+-------------------+

* SW-to-HW Mapping
+----------+--------------+-----------+
| Argument | HW Interface | HW Type   |
+----------+--------------+-----------+
| input    | input_r      | interface |
| output   | output_r     | interface |
+----------+--------------+-----------+


================================================================
== Bind Op Report
================================================================
+---------------------------------------------+-----+--------+--------------+-------+-----------+---------+
| Name                                        | DSP | Pragma | Variable     | Op    | Impl      | Latency |
+---------------------------------------------+-----+--------+--------------+-------+-----------+---------+
| + HLS_FIR                                   | 1   |        |              |       |           |         |
|  + FIR_filter_392_s                         | 1   |        |              |       |           |         |
|   + FIR_filter_392_Pipeline_VITIS_LOOP_32_1 | 0   |        |              |       |           |         |
|     icmp_ln32_fu_66_p2                      |     |        | icmp_ln32    | seteq | auto      | 0       |
|     add_ln34_fu_72_p2                       |     |        | add_ln34     | add   | fabric    | 0       |
|   + FIR_filter_392_Pipeline_VITIS_LOOP_41_2 | 1   |        |              |       |           |         |
|     icmp_ln41_fu_90_p2                      |     |        | icmp_ln41    | seteq | auto      | 0       |
|     add_ln41_fu_96_p2                       |     |        | add_ln41     | add   | fabric    | 0       |
|     sub_ln42_fu_107_p2                      |     |        | sub_ln42     | sub   | fabric    | 0       |
|     mac_muladd_16s_14s_32s_32_4_1_U2        | 1   |        | mul_ln42     | mul   | dsp_slice | 3       |
|     mac_muladd_16s_14s_32s_32_4_1_U2        | 1   |        | sext_ln42_2  | sext  | dsp_slice | 3       |
|     mac_muladd_16s_14s_32s_32_4_1_U2        | 1   |        | FIR_accu32_3 | add   | dsp_slice | 3       |
+---------------------------------------------+-----+--------+--------------+-------+-----------+---------+


================================================================
== Storage Report
================================================================
+---------------------------------------------+--------+------+------+------+--------+------------+------+---------+------------------+
| Name                                        | Usage  | Type | BRAM | URAM | Pragma | Variable   | Impl | Latency | Bitwidth, Depth, |
|                                             |        |      |      |      |        |            |      |         | Banks            |
+---------------------------------------------+--------+------+------+------+--------+------------+------+---------+------------------+
| + HLS_FIR                                   |        |      | 2    | 0    |        |            |      |         |                  |
|  + FIR_filter_392_s                         |        |      | 2    | 0    |        |            |      |         |                  |
|    H_filt_FIR_U                             | ram_2p |      | 1    |      |        | H_filt_FIR | auto | 1       | 16, 392, 1       |
|   + FIR_filter_392_Pipeline_VITIS_LOOP_41_2 |        |      | 1    | 0    |        |            |      |         |                  |
|     b_FIR_U                                 | rom_1p |      | 1    |      |        | b_FIR      | auto | 1       | 14, 392, 1       |
+---------------------------------------------+--------+------+------+------+--------+------------+------+---------+------------------+


================================================================
== Pragma Report
================================================================
* Valid Pragma Syntax
+------------+---------------------------------+------------------------------------------+
| Type       | Options                         | Location                                 |
+------------+---------------------------------+------------------------------------------+
| interface  | mode=axis port=input            | HLS_FIR.cpp:4 in hls_fir, input          |
| interface  | mode=axis port=output           | HLS_FIR.cpp:5 in hls_fir, output         |
| interface  | mode=ap_ctrl_none port=return   | HLS_FIR.cpp:6 in hls_fir, return         |
| inline     | off                             | HLS_FIR.cpp:23 in fir_filter             |
| dependence | variable=FIR_delays inter false | HLS_FIR.cpp:24 in fir_filter, FIR_delays |
+------------+---------------------------------+------------------------------------------+


