

================================================================
== Vitis HLS Report for 'HLS_FIR'
================================================================
* Date:           Wed Oct 15 22:30:28 2025

* Version:        2024.2 (Build 5238294 on Nov  8 2024)
* Project:        HLS_FIR_1
* Solution:       hls (Vivado IP Flow Target)
* Product family: zynquplus
* Target device:  xck26-sfvc784-2LV-c


================================================================
== Performance Estimates
================================================================
+ Timing: 
    * Summary: 
    +--------+----------+----------+------------+
    |  Clock |  Target  | Estimated| Uncertainty|
    +--------+----------+----------+------------+
    |ap_clk  |  10.00 ns|  2.474 ns|     2.70 ns|
    +--------+----------+----------+------------+

+ Latency: 
    * Summary: 
    +---------+---------+----------+----------+-----+-----+---------+
    |  Latency (cycles) |  Latency (absolute) |  Interval | Pipeline|
    |   min   |   max   |    min   |    max   | min | max |   Type  |
    +---------+---------+----------+----------+-----+-----+---------+
    |      797|      797|  7.970 us|  7.970 us|  798|  798|       no|
    +---------+---------+----------+----------+-----+-----+---------+

    + Detail: 
        * Instance: 
        +----------------------------+------------------+---------+---------+----------+----------+-----+-----+---------+
        |                            |                  |  Latency (cycles) |  Latency (absolute) |  Interval | Pipeline|
        |          Instance          |      Module      |   min   |   max   |    min   |    max   | min | max |   Type  |
        +----------------------------+------------------+---------+---------+----------+----------+-----+-----+---------+
        |grp_FIR_filter_392_s_fu_49  |FIR_filter_392_s  |      795|      795|  7.950 us|  7.950 us|  795|  795|       no|
        +----------------------------+------------------+---------+---------+----------+----------+-----+-----+---------+

        * Loop: 
        N/A



================================================================
== Utilization Estimates
================================================================
* Summary: 
+-----------------+---------+------+--------+--------+-----+
|       Name      | BRAM_18K|  DSP |   FF   |   LUT  | URAM|
+-----------------+---------+------+--------+--------+-----+
|DSP              |        -|     -|       -|       -|    -|
|Expression       |        -|     -|       0|       2|    -|
|FIFO             |        -|     -|       -|       -|    -|
|Instance         |        2|     1|     175|     306|    0|
|Memory           |        -|     -|       -|       -|    -|
|Multiplexer      |        -|     -|       0|      38|    -|
|Register         |        -|     -|      20|       -|    -|
+-----------------+---------+------+--------+--------+-----+
|Total            |        2|     1|     195|     346|    0|
+-----------------+---------+------+--------+--------+-----+
|Available        |      288|  1248|  234240|  117120|   64|
+-----------------+---------+------+--------+--------+-----+
|Utilization (%)  |       ~0|    ~0|      ~0|      ~0|    0|
+-----------------+---------+------+--------+--------+-----+

+ Detail: 
    * Instance: 
    +----------------------------+------------------+---------+----+-----+-----+-----+
    |          Instance          |      Module      | BRAM_18K| DSP|  FF | LUT | URAM|
    +----------------------------+------------------+---------+----+-----+-----+-----+
    |grp_FIR_filter_392_s_fu_49  |FIR_filter_392_s  |        2|   1|  175|  306|    0|
    +----------------------------+------------------+---------+----+-----+-----+-----+
    |Total                       |                  |        2|   1|  175|  306|    0|
    +----------------------------+------------------+---------+----+-----+-----+-----+

    * DSP: 
    N/A

    * Memory: 
    N/A

    * FIFO: 
    N/A

    * Expression: 
    +-----------------+----------+----+---+----+------------+------------+
    |  Variable Name  | Operation| DSP| FF| LUT| Bitwidth P0| Bitwidth P1|
    +-----------------+----------+----+---+----+------------+------------+
    |ap_block_state3  |        or|   0|  0|   2|           1|           1|
    +-----------------+----------+----+---+----+------------+------------+
    |Total            |          |   0|  0|   2|           1|           1|
    +-----------------+----------+----+---+----+------------+------------+

    * Multiplexer: 
    +----------------------+----+-----------+-----+-----------+
    |         Name         | LUT| Input Size| Bits| Total Bits|
    +----------------------+----+-----------+-----+-----------+
    |ap_NS_fsm             |  20|          4|    1|          4|
    |input_r_TDATA_blk_n   |   9|          2|    1|          2|
    |output_r_TDATA_blk_n  |   9|          2|    1|          2|
    +----------------------+----+-----------+-----+-----------+
    |Total                 |  38|          8|    3|          8|
    +----------------------+----+-----------+-----+-----------+

    * Register: 
    +-----------------------------------------+----+----+-----+-----------+
    |                   Name                  | FF | LUT| Bits| Const Bits|
    +-----------------------------------------+----+----+-----+-----------+
    |ap_CS_fsm                                |   3|   0|    3|          0|
    |grp_FIR_filter_392_s_fu_49_ap_start_reg  |   1|   0|    1|          0|
    |test_reg_60                              |  16|   0|   16|          0|
    +-----------------------------------------+----+----+-----+-----------+
    |Total                                    |  20|   0|   20|          0|
    +-----------------------------------------+----+----+-----+-----------+



================================================================
== Interface
================================================================
* Summary: 
+-----------------+-----+-----+--------------+--------------+--------------+
|    RTL Ports    | Dir | Bits|   Protocol   | Source Object|    C Type    |
+-----------------+-----+-----+--------------+--------------+--------------+
|ap_clk           |   in|    1|  ap_ctrl_none|       HLS_FIR|  return value|
|ap_rst_n         |   in|    1|  ap_ctrl_none|       HLS_FIR|  return value|
|input_r_TDATA    |   in|   16|          axis|       input_r|       pointer|
|input_r_TVALID   |   in|    1|          axis|       input_r|       pointer|
|input_r_TREADY   |  out|    1|          axis|       input_r|       pointer|
|output_r_TDATA   |  out|   16|          axis|      output_r|       pointer|
|output_r_TVALID  |  out|    1|          axis|      output_r|       pointer|
|output_r_TREADY  |   in|    1|          axis|      output_r|       pointer|
+-----------------+-----+-----+--------------+--------------+--------------+

