Copyright 1986-2022 Xilinx, Inc. All Rights Reserved. Copyright 2022-2024 Advanced Micro Devices, Inc. All Rights Reserved.
--------------------------------------------------------------------------------------------------------------------------------------------------
| Tool Version      : Vivado v.2024.2 (win64) Build 5239630 Fri Nov 08 22:35:27 MST 2024
| Date              : Wed Nov 12 12:47:45 2025
| Host              : DESKTOP-92OKADH running 64-bit major release  (build 9200)
| Command           : report_timing_summary -file ./report/FIR_HLS_timing_routed.rpt
| Design            : bd_0_wrapper
| Device            : xck26-sfvc784
| Speed File        : -2LV  PRODUCTION 1.30 05-15-2022
| Design State      : Routed
| Temperature Grade : C
--------------------------------------------------------------------------------------------------------------------------------------------------

Timing Summary Report

------------------------------------------------------------------------------------------------
| Timer Settings
| --------------
------------------------------------------------------------------------------------------------

  Enable Multi Corner Analysis               :  Yes
  Enable Pessimism Removal                   :  Yes
  Pessimism Removal Resolution               :  Nearest Common Node
  Enable Input Delay Default Clock           :  No
  Enable Preset / Clear Arcs                 :  No
  Disable Flight Delays                      :  No
  Ignore I/O Paths                           :  No
  Timing Early Launch at Borrowing Latches   :  No
  Borrow Time for Max Delay Exceptions       :  Yes
  Merge Timing Exceptions                    :  Yes
  Inter-SLR Compensation                     :  Conservative

  Corner  Analyze    Analyze    
  Name    Max Paths  Min Paths  
  ------  ---------  ---------  
  Slow    Yes        Yes        
  Fast    Yes        Yes        


------------------------------------------------------------------------------------------------
| Report Methodology
| ------------------
------------------------------------------------------------------------------------------------

Rule       Severity  Description                    Violations  
---------  --------  -----------------------------  ----------  
TIMING-18  Warning   Missing input or output delay  37          

Note: This report is based on the most recent report_methodology run and may not be up-to-date. Run report_methodology on the current design for the latest report.



check_timing report

Table of Contents
-----------------
1. checking no_clock (0)
2. checking constant_clock (0)
3. checking pulse_width_clock (0)
4. checking unconstrained_internal_endpoints (0)
5. checking no_input_delay (19)
6. checking no_output_delay (18)
7. checking multiple_clock (0)
8. checking generated_clocks (0)
9. checking loops (0)
10. checking partial_input_delay (0)
11. checking partial_output_delay (0)
12. checking latch_loops (0)

1. checking no_clock (0)
------------------------
 There are 0 register/latch pins with no clock.


2. checking constant_clock (0)
------------------------------
 There are 0 register/latch pins with constant_clock.


3. checking pulse_width_clock (0)
---------------------------------
 There are 0 register/latch pins which need pulse_width check


4. checking unconstrained_internal_endpoints (0)
------------------------------------------------
 There are 0 pins that are not constrained for maximum delay.

 There are 0 pins that are not constrained for maximum delay due to constant clock.


5. checking no_input_delay (19)
-------------------------------
 There are 19 input ports with no input delay specified. (HIGH)

 There are 0 input ports with no input delay but user has a false path constraint.


6. checking no_output_delay (18)
--------------------------------
 There are 18 ports with no output delay specified. (HIGH)

 There are 0 ports with no output delay but user has a false path constraint

 There are 0 ports with no output delay but with a timing clock defined on it or propagating through it


7. checking multiple_clock (0)
------------------------------
 There are 0 register/latch pins with multiple clocks.


8. checking generated_clocks (0)
--------------------------------
 There are 0 generated clocks that are not connected to a clock source.


9. checking loops (0)
---------------------
 There are 0 combinational loops in the design.


10. checking partial_input_delay (0)
------------------------------------
 There are 0 input ports with partial input delay specified.


11. checking partial_output_delay (0)
-------------------------------------
 There are 0 ports with partial output delay specified.


12. checking latch_loops (0)
----------------------------
 There are 0 combinational latch loops in the design through latch input



------------------------------------------------------------------------------------------------
| Design Timing Summary
| ---------------------
------------------------------------------------------------------------------------------------

    WNS(ns)      TNS(ns)  TNS Failing Endpoints  TNS Total Endpoints      WHS(ns)      THS(ns)  THS Failing Endpoints  THS Total Endpoints     WPWS(ns)     TPWS(ns)  TPWS Failing Endpoints  TPWS Total Endpoints  
    -------      -------  ---------------------  -------------------      -------      -------  ---------------------  -------------------     --------     --------  ----------------------  --------------------  
      3.603        0.000                      0                27461        0.073        0.000                      0                27461        4.238        0.000                       0                  4078  


All user specified timing constraints are met.


------------------------------------------------------------------------------------------------
| Clock Summary
| -------------
------------------------------------------------------------------------------------------------

Clock   Waveform(ns)       Period(ns)      Frequency(MHz)
-----   ------------       ----------      --------------
ap_clk  {0.000 5.000}      10.000          100.000         


------------------------------------------------------------------------------------------------
| Intra Clock Table
| -----------------
------------------------------------------------------------------------------------------------

Clock             WNS(ns)      TNS(ns)  TNS Failing Endpoints  TNS Total Endpoints      WHS(ns)      THS(ns)  THS Failing Endpoints  THS Total Endpoints     WPWS(ns)     TPWS(ns)  TPWS Failing Endpoints  TPWS Total Endpoints  
-----             -------      -------  ---------------------  -------------------      -------      -------  ---------------------  -------------------     --------     --------  ----------------------  --------------------  
ap_clk              3.603        0.000                      0                27461        0.073        0.000                      0                27461        4.238        0.000                       0                  4078  


------------------------------------------------------------------------------------------------
| Inter Clock Table
| -----------------
------------------------------------------------------------------------------------------------

From Clock    To Clock          WNS(ns)      TNS(ns)  TNS Failing Endpoints  TNS Total Endpoints      WHS(ns)      THS(ns)  THS Failing Endpoints  THS Total Endpoints  
----------    --------          -------      -------  ---------------------  -------------------      -------      -------  ---------------------  -------------------  


------------------------------------------------------------------------------------------------
| Other Path Groups Table
| -----------------------
------------------------------------------------------------------------------------------------

Path Group    From Clock    To Clock          WNS(ns)      TNS(ns)  TNS Failing Endpoints  TNS Total Endpoints      WHS(ns)      THS(ns)  THS Failing Endpoints  THS Total Endpoints  
----------    ----------    --------          -------      -------  ---------------------  -------------------      -------      -------  ---------------------  -------------------  


------------------------------------------------------------------------------------------------
| Timing Details
| --------------
------------------------------------------------------------------------------------------------


---------------------------------------------------------------------------------------------------
From Clock:  ap_clk
  To Clock:  ap_clk

Setup :            0  Failing Endpoints,  Worst Slack        3.603ns,  Total Violation        0.000ns
Hold  :            0  Failing Endpoints,  Worst Slack        0.073ns,  Total Violation        0.000ns
PW    :            0  Failing Endpoints,  Worst Slack        4.238ns,  Total Violation        0.000ns
---------------------------------------------------------------------------------------------------


Max Delay Paths
--------------------------------------------------------------------------------------
Slack (MET) :             3.603ns  (required time - arrival time)
  Source:                 bd_0_i/hls_inst/inst/regslice_both_input_r_U/data_p1_reg[10]/C
                            (rising edge-triggered cell FDRE clocked by ap_clk  {rise@0.000ns fall@5.000ns period=10.000ns})
  Destination:            bd_0_i/hls_inst/inst/p_0_FIR_filter_fu_827/p_ZL11H_accu_FIR1_348_reg/DSP_C_DATA_INST/C[32]
                            (rising edge-triggered cell DSP_C_DATA clocked by ap_clk  {rise@0.000ns fall@5.000ns period=10.000ns})
  Path Group:             ap_clk
  Path Type:              Setup (Max at Slow Process Corner)
  Requirement:            10.000ns  (ap_clk rise@10.000ns - ap_clk rise@0.000ns)
  Data Path Delay:        5.961ns  (logic 1.333ns (22.361%)  route 4.628ns (77.639%))
  Logic Levels:           5  (CARRY8=3 LUT2=1 LUT4=1)
  Clock Path Skew:        0.012ns (DCD - SCD + CPR)
    Destination Clock Delay (DCD):    0.055ns = ( 10.055 - 10.000 ) 
    Source Clock Delay      (SCD):    0.043ns
    Clock Pessimism Removal (CPR):    0.000ns
  Clock Uncertainty:      0.035ns  ((TSJ^2 + TIJ^2)^1/2 + DJ) / 2 + PE
    Total System Jitter     (TSJ):    0.071ns
    Total Input Jitter      (TIJ):    0.000ns
    Discrete Jitter          (DJ):    0.000ns
    Phase Error              (PE):    0.000ns

    Location             Delay type                Incr(ns)  Path(ns)    Netlist Resource(s)
  -------------------------------------------------------------------    -------------------
                         (clock ap_clk rise edge)     0.000     0.000 r  
                                                      0.000     0.000 r  ap_clk (IN)
                         net (fo=5128, unset)         0.043     0.043    bd_0_i/hls_inst/inst/regslice_both_input_r_U/ap_clk
    SLICE_X5Y182         FDRE                                         r  bd_0_i/hls_inst/inst/regslice_both_input_r_U/data_p1_reg[10]/C
  -------------------------------------------------------------------    -------------------
    SLICE_X5Y182         FDRE (Prop_EFF_SLICEM_C_Q)
                                                      0.113     0.156 r  bd_0_i/hls_inst/inst/regslice_both_input_r_U/data_p1_reg[10]/Q
                         net (fo=136, routed)         2.510     2.666    bd_0_i/hls_inst/inst/regslice_both_input_r_U/data_p1_reg[15]_0[10]
    SLICE_X6Y74          LUT4 (Prop_A6LUT_SLICEL_I1_O)
                                                      0.225     2.891 r  bd_0_i/hls_inst/inst/regslice_both_input_r_U/p_ZL11H_accu_FIR1_348_reg_i_70/O
                         net (fo=1, routed)           0.014     2.905    bd_0_i/hls_inst/inst/regslice_both_input_r_U/p_ZL11H_accu_FIR1_348_reg_i_70_n_0
    SLICE_X6Y74          CARRY8 (Prop_CARRY8_SLICEL_S[0]_O[5])
                                                      0.331     3.236 r  bd_0_i/hls_inst/inst/regslice_both_input_r_U/p_ZL11H_accu_FIR1_348_reg_i_56/O[5]
                         net (fo=4, routed)           1.084     4.319    bd_0_i/hls_inst/inst/p_0_FIR_filter_fu_827/FIR_delays3_16_fu_1658_p2[12]
    SLICE_X12Y83         LUT2 (Prop_A6LUT_SLICEM_I1_O)
                                                      0.226     4.545 r  bd_0_i/hls_inst/inst/p_0_FIR_filter_fu_827/p_ZL11H_accu_FIR1_348_reg_i_39/O
                         net (fo=1, routed)           0.017     4.562    bd_0_i/hls_inst/inst/p_0_FIR_filter_fu_827/p_ZL11H_accu_FIR1_348_reg_i_39_n_0
    SLICE_X12Y83         CARRY8 (Prop_CARRY8_SLICEM_S[0]_CO[7])
                                                      0.281     4.843 r  bd_0_i/hls_inst/inst/p_0_FIR_filter_fu_827/p_ZL11H_accu_FIR1_348_reg_i_20/CO[7]
                         net (fo=1, routed)           0.030     4.873    bd_0_i/hls_inst/inst/p_0_FIR_filter_fu_827/p_ZL11H_accu_FIR1_348_reg_i_20_n_0
    SLICE_X12Y84         CARRY8 (Prop_CARRY8_SLICEM_CI_O[6])
                                                      0.157     5.030 r  bd_0_i/hls_inst/inst/p_0_FIR_filter_fu_827/p_ZL11H_accu_FIR1_348_reg_i_19/O[6]
                         net (fo=17, routed)          0.974     6.004    bd_0_i/hls_inst/inst/p_0_FIR_filter_fu_827/p_ZL11H_accu_FIR1_348_reg/C[32]
    DSP48E2_X2Y36        DSP_C_DATA                                   r  bd_0_i/hls_inst/inst/p_0_FIR_filter_fu_827/p_ZL11H_accu_FIR1_348_reg/DSP_C_DATA_INST/C[32]
  -------------------------------------------------------------------    -------------------

                         (clock ap_clk rise edge)    10.000    10.000 r  
                                                      0.000    10.000 r  ap_clk (IN)
                         net (fo=5128, unset)         0.055    10.055    bd_0_i/hls_inst/inst/p_0_FIR_filter_fu_827/p_ZL11H_accu_FIR1_348_reg/CLK
    DSP48E2_X2Y36        DSP_C_DATA                                   r  bd_0_i/hls_inst/inst/p_0_FIR_filter_fu_827/p_ZL11H_accu_FIR1_348_reg/DSP_C_DATA_INST/CLK
                         clock pessimism              0.000    10.055    
                         clock uncertainty           -0.035    10.020    
    DSP48E2_X2Y36        DSP_C_DATA (Setup_DSP_C_DATA_DSP48E2_CLK_C[32])
                                                     -0.412     9.608    bd_0_i/hls_inst/inst/p_0_FIR_filter_fu_827/p_ZL11H_accu_FIR1_348_reg/DSP_C_DATA_INST
  -------------------------------------------------------------------
                         required time                          9.608    
                         arrival time                          -6.004    
  -------------------------------------------------------------------
                         slack                                  3.603    





Min Delay Paths
--------------------------------------------------------------------------------------
Slack (MET) :             0.073ns  (arrival time - required time)
  Source:                 bd_0_i/hls_inst/inst/p_0_FIR_filter_fu_827/p_ZL11H_accu_FIR1_92_reg[0]/C
                            (rising edge-triggered cell FDRE clocked by ap_clk  {rise@0.000ns fall@5.000ns period=10.000ns})
  Destination:            bd_0_i/hls_inst/inst/p_0_FIR_filter_fu_827/p_ZL11H_accu_FIR1_91_reg[0]/D
                            (rising edge-triggered cell FDRE clocked by ap_clk  {rise@0.000ns fall@5.000ns period=10.000ns})
  Path Group:             ap_clk
  Path Type:              Hold (Min at Fast Process Corner)
  Requirement:            0.000ns  (ap_clk rise@0.000ns - ap_clk rise@0.000ns)
  Data Path Delay:        0.125ns  (logic 0.082ns (65.600%)  route 0.043ns (34.400%))
  Logic Levels:           0  
  Clock Path Skew:        0.007ns (DCD - SCD - CPR)
    Destination Clock Delay (DCD):    0.021ns
    Source Clock Delay      (SCD):    0.014ns
    Clock Pessimism Removal (CPR):    -0.000ns

    Location             Delay type                Incr(ns)  Path(ns)    Netlist Resource(s)
  -------------------------------------------------------------------    -------------------
                         (clock ap_clk rise edge)     0.000     0.000 r  
                                                      0.000     0.000 r  ap_clk (IN)
                         net (fo=5128, unset)         0.014     0.014    bd_0_i/hls_inst/inst/p_0_FIR_filter_fu_827/ap_clk
    SLICE_X5Y124         FDRE                                         r  bd_0_i/hls_inst/inst/p_0_FIR_filter_fu_827/p_ZL11H_accu_FIR1_92_reg[0]/C
  -------------------------------------------------------------------    -------------------
    SLICE_X5Y124         FDRE (Prop_FFF_SLICEM_C_Q)
                                                      0.082     0.096 r  bd_0_i/hls_inst/inst/p_0_FIR_filter_fu_827/p_ZL11H_accu_FIR1_92_reg[0]/Q
                         net (fo=1, routed)           0.043     0.139    bd_0_i/hls_inst/inst/p_0_FIR_filter_fu_827/p_ZL11H_accu_FIR1_92[0]
    SLICE_X5Y124         FDRE                                         r  bd_0_i/hls_inst/inst/p_0_FIR_filter_fu_827/p_ZL11H_accu_FIR1_91_reg[0]/D
  -------------------------------------------------------------------    -------------------

                         (clock ap_clk rise edge)     0.000     0.000 r  
                                                      0.000     0.000 r  ap_clk (IN)
                         net (fo=5128, unset)         0.021     0.021    bd_0_i/hls_inst/inst/p_0_FIR_filter_fu_827/ap_clk
    SLICE_X5Y124         FDRE                                         r  bd_0_i/hls_inst/inst/p_0_FIR_filter_fu_827/p_ZL11H_accu_FIR1_91_reg[0]/C
                         clock pessimism              0.000     0.021    
    SLICE_X5Y124         FDRE (Hold_EFF2_SLICEM_C_D)
                                                      0.045     0.066    bd_0_i/hls_inst/inst/p_0_FIR_filter_fu_827/p_ZL11H_accu_FIR1_91_reg[0]
  -------------------------------------------------------------------
                         required time                         -0.066    
                         arrival time                           0.139    
  -------------------------------------------------------------------
                         slack                                  0.073    





Pulse Width Checks
--------------------------------------------------------------------------------------
Clock Name:         ap_clk
Waveform(ns):       { 0.000 5.000 }
Period(ns):         10.000
Sources:            { ap_clk }

Check Type        Corner  Lib Pin     Reference Pin  Required(ns)  Actual(ns)  Slack(ns)  Location      Pin
Min Period        n/a     SRL16E/CLK  n/a            1.524         10.000      8.476      SLICE_X2Y149  bd_0_i/hls_inst/inst/p_0_FIR_filter_fu_827/p_ZL11H_accu_FIR1_110_reg[0]_srl2/CLK
Low Pulse Width   Slow    SRL16E/CLK  n/a            0.762         5.000       4.238      SLICE_X2Y149  bd_0_i/hls_inst/inst/p_0_FIR_filter_fu_827/p_ZL11H_accu_FIR1_110_reg[0]_srl2/CLK
High Pulse Width  Slow    SRL16E/CLK  n/a            0.762         5.000       4.238      SLICE_X2Y149  bd_0_i/hls_inst/inst/p_0_FIR_filter_fu_827/p_ZL11H_accu_FIR1_110_reg[0]_srl2/CLK



