

================================================================
== Vitis HLS Report for 'DECIMATOR'
================================================================
* Date:           Wed Nov 12 23:43:59 2025

* Version:        2024.2 (Build 5238294 on Nov  8 2024)
* Project:        Multirate_v1
* Solution:       hls (Vivado IP Flow Target)
* Product family: zynquplus
* Target device:  xck26-sfvc784-2LV-c


================================================================
== Performance Estimates
================================================================
+ Timing: 
    * Summary: 
    +--------+----------+----------+------------+
    |  Clock |  Target  | Estimated| Uncertainty|
    +--------+----------+----------+------------+
    |ap_clk  |  10.00 ns|  6.720 ns|     2.70 ns|
    +--------+----------+----------+------------+

+ Latency: 
    * Summary: 
    +---------+---------+-----------+-----------+-----+-----+---------+
    |  Latency (cycles) |   Latency (absolute)  |  Interval | Pipeline|
    |   min   |   max   |    min    |    max    | min | max |   Type  |
    +---------+---------+-----------+-----------+-----+-----+---------+
    |        3|        3|  30.000 ns|  30.000 ns|    3|    3|       no|
    +---------+---------+-----------+-----------+-----+-----+---------+

    + Detail: 
        * Instance: 
        +-------------------------+--------------+---------+---------+-----------+-----------+-----+-----+---------+
        |                         |              |  Latency (cycles) |   Latency (absolute)  |  Interval | Pipeline|
        |         Instance        |    Module    |   min   |   max   |    min    |    max    | min | max |   Type  |
        +-------------------------+--------------+---------+---------+-----------+-----------+-----+-----+---------+
        |grp_FIR_filter_1_fu_125  |FIR_filter_1  |        1|        1|  10.000 ns|  10.000 ns|    1|    1|      yes|
        |grp_FIR_filter_2_fu_154  |FIR_filter_2  |        1|        1|  10.000 ns|  10.000 ns|    1|    1|      yes|
        +-------------------------+--------------+---------+---------+-----------+-----------+-----+-----+---------+

        * Loop: 
        N/A

============================================================
+ Verbose Summary: Synthesis Manager
============================================================
InlineROM: 1
ExposeGlobal: 0
============================================================
+ Verbose Summary: CDFG Model
============================================================
IsTopModel: 0
ResetActiveHigh: 1
IsCombinational: 0
IsDatapathOnly: 0
HasWiredReturn: 1
HasMFsm: 0
HasVarLatency: 1
IsPipeline: 0
IsRtlPipelined: 0
IsInstanceOverlapped: 0
IsDontTouch: 0
HasImplIP: 0
IsGatedGlobalClock: 0


============================================================
+ Verbose Summary: Schedule
============================================================
* Number of FSM states : 8
* Pipeline : 0
* Dataflow Pipeline: 0

* FSM state transitions: 
1 --> 2 4 7 
2 --> 3 
3 --> 6 
4 --> 5 
5 --> 6 
6 --> 
7 --> 8 
8 --> 6 

* FSM state operations: 

State 1 <SV = 0> <Delay = 0.54>
ST_1 : Operation 9 [1/1] (0.00ns)   --->   "%specinterface_ln0 = specinterface void @_ssdm_op_SpecInterface, i16 %dec_out, void @empty_0, i32 0, i32 0, void @empty_3, i32 0, i32 0, void @empty_3, void @empty_3, void @empty_3, i32 0, i32 0, i32 0, i32 0, void @empty_3, void @empty_3, i32 4294967295, i32 0, i32 0"   --->   Operation 9 'specinterface' 'specinterface_ln0' <Predicate = true> <Delay = 0.00>
ST_1 : Operation 10 [1/1] (0.00ns)   --->   "%specinterface_ln0 = specinterface void @_ssdm_op_SpecInterface, i16 %dec_out, void @empty_0, i32 0, i32 0, void @empty_3, i32 0, i32 0, void @empty_3, void @empty_3, void @empty_3, i32 0, i32 0, i32 0, i32 0, void @empty_3, void @empty_3, i32 4294967295, i32 0, i32 0"   --->   Operation 10 'specinterface' 'specinterface_ln0' <Predicate = true> <Delay = 0.00>
ST_1 : Operation 11 [1/1] (0.00ns)   --->   "%specinterface_ln0 = specinterface void @_ssdm_op_SpecInterface, i16 %dec_out, void @empty_0, i32 0, i32 0, void @empty_3, i32 0, i32 0, void @empty_3, void @empty_3, void @empty_3, i32 0, i32 0, i32 0, i32 0, void @empty_3, void @empty_3, i32 4294967295, i32 0, i32 0"   --->   Operation 11 'specinterface' 'specinterface_ln0' <Predicate = true> <Delay = 0.00>
ST_1 : Operation 12 [1/1] (0.00ns)   --->   "%specinterface_ln0 = specinterface void @_ssdm_op_SpecInterface, i16 %input_r, void @empty, i32 0, i32 0, void @empty_4, i32 0, i32 0, void @empty_3, void @empty_3, void @empty_3, i32 0, i32 0, i32 0, i32 0, void @empty_3, void @empty_3, i32 4294967295, i32 0, i32 0"   --->   Operation 12 'specinterface' 'specinterface_ln0' <Predicate = true> <Delay = 0.00>
ST_1 : Operation 13 [1/1] (0.00ns)   --->   "%specinterface_ln0 = specinterface void @_ssdm_op_SpecInterface, i16 %dec_out, void @empty_0, i32 0, i32 0, void @empty_3, i32 0, i32 0, void @empty_3, void @empty_3, void @empty_3, i32 0, i32 0, i32 0, i32 0, void @empty_3, void @empty_3, i32 4294967295, i32 0, i32 0"   --->   Operation 13 'specinterface' 'specinterface_ln0' <Predicate = true> <Delay = 0.00>
ST_1 : Operation 14 [1/1] (0.00ns)   --->   "%mod_value_2_load = load i2 %mod_value_2" [FIR_HLS.cpp:64]   --->   Operation 14 'load' 'mod_value_2_load' <Predicate = true> <Delay = 0.00>
ST_1 : Operation 15 [1/1] (0.54ns)   --->   "%switch_ln64 = switch i2 %mod_value_2_load, void %if.else24.i, i2 0, void %if.then.i, i2 1, void %if.then15.i, i2 2, void %if.then21.i" [FIR_HLS.cpp:64]   --->   Operation 15 'switch' 'switch_ln64' <Predicate = true> <Delay = 0.54>

State 2 <SV = 1> <Delay = 6.72>
ST_2 : Operation 16 [1/1] (0.07ns)   --->   "%input_r_read_3 = read i16 @_ssdm_op_Read.axis.volatile.i16P128A, i16 %input_r" [FIR_HLS.cpp:74]   --->   Operation 16 'read' 'input_r_read_3' <Predicate = (mod_value_2_load == 2)> <Delay = 0.07> <CoreInst = "regslice">   --->   Core 147 'regslice' <Latency = 0> <II = 1> <Delay = 0.59> <Adapter> <Opcode : 'read' 'write'>
ST_2 : Operation 17 [1/1] (0.00ns)   --->   "%p_ZL19H_filter_FIR_dec_42_0_load = load i32 %p_ZL19H_filter_FIR_dec_42_0" [FIR_HLS.cpp:74]   --->   Operation 17 'load' 'p_ZL19H_filter_FIR_dec_42_0_load' <Predicate = (mod_value_2_load == 2)> <Delay = 0.00>
ST_2 : Operation 18 [1/1] (0.00ns)   --->   "%p_ZL19H_filter_FIR_dec_42_1_load = load i32 %p_ZL19H_filter_FIR_dec_42_1" [FIR_HLS.cpp:74]   --->   Operation 18 'load' 'p_ZL19H_filter_FIR_dec_42_1_load' <Predicate = (mod_value_2_load == 2)> <Delay = 0.00>
ST_2 : Operation 19 [1/1] (0.00ns)   --->   "%p_ZL19H_filter_FIR_dec_42_2_load = load i32 %p_ZL19H_filter_FIR_dec_42_2" [FIR_HLS.cpp:74]   --->   Operation 19 'load' 'p_ZL19H_filter_FIR_dec_42_2_load' <Predicate = (mod_value_2_load == 2)> <Delay = 0.00>
ST_2 : Operation 20 [1/1] (0.00ns)   --->   "%p_ZL19H_filter_FIR_dec_42_3_load = load i32 %p_ZL19H_filter_FIR_dec_42_3" [FIR_HLS.cpp:74]   --->   Operation 20 'load' 'p_ZL19H_filter_FIR_dec_42_3_load' <Predicate = (mod_value_2_load == 2)> <Delay = 0.00>
ST_2 : Operation 21 [2/2] (6.64ns)   --->   "%call_ret6_i = call i144 @FIR_filter.1, i32 %p_ZL19H_filter_FIR_dec_42_0_load, i32 %p_ZL19H_filter_FIR_dec_42_1_load, i32 %p_ZL19H_filter_FIR_dec_42_2_load, i32 %p_ZL19H_filter_FIR_dec_42_3_load, i10 50, i13 8105, i14 8285, i13 8105, i10 50, i16 %input_r_read_3" [FIR_HLS.cpp:74]   --->   Operation 21 'call' 'call_ret6_i' <Predicate = (mod_value_2_load == 2)> <Delay = 6.64> <CoreType = "Generic">   --->   Generic Core
ST_2 : Operation 22 [1/1] (0.07ns)   --->   "%input_r_read_2 = read i16 @_ssdm_op_Read.axis.volatile.i16P128A, i16 %input_r" [FIR_HLS.cpp:70]   --->   Operation 22 'read' 'input_r_read_2' <Predicate = (mod_value_2_load == 1)> <Delay = 0.07> <CoreInst = "regslice">   --->   Core 147 'regslice' <Latency = 0> <II = 1> <Delay = 0.59> <Adapter> <Opcode : 'read' 'write'>
ST_2 : Operation 23 [1/1] (0.00ns)   --->   "%p_ZL19H_filter_FIR_dec_43_0_load = load i32 %p_ZL19H_filter_FIR_dec_43_0" [FIR_HLS.cpp:70]   --->   Operation 23 'load' 'p_ZL19H_filter_FIR_dec_43_0_load' <Predicate = (mod_value_2_load == 1)> <Delay = 0.00>
ST_2 : Operation 24 [1/1] (0.00ns)   --->   "%p_ZL19H_filter_FIR_dec_43_1_load = load i32 %p_ZL19H_filter_FIR_dec_43_1" [FIR_HLS.cpp:70]   --->   Operation 24 'load' 'p_ZL19H_filter_FIR_dec_43_1_load' <Predicate = (mod_value_2_load == 1)> <Delay = 0.00>
ST_2 : Operation 25 [1/1] (0.00ns)   --->   "%p_ZL19H_filter_FIR_dec_43_2_load = load i32 %p_ZL19H_filter_FIR_dec_43_2" [FIR_HLS.cpp:70]   --->   Operation 25 'load' 'p_ZL19H_filter_FIR_dec_43_2_load' <Predicate = (mod_value_2_load == 1)> <Delay = 0.00>
ST_2 : Operation 26 [1/1] (0.00ns)   --->   "%p_ZL19H_filter_FIR_dec_43_3_load = load i32 %p_ZL19H_filter_FIR_dec_43_3" [FIR_HLS.cpp:70]   --->   Operation 26 'load' 'p_ZL19H_filter_FIR_dec_43_3_load' <Predicate = (mod_value_2_load == 1)> <Delay = 0.00>
ST_2 : Operation 27 [2/2] (6.64ns)   --->   "%call_ret5_i = call i144 @FIR_filter.1, i32 %p_ZL19H_filter_FIR_dec_43_0_load, i32 %p_ZL19H_filter_FIR_dec_43_1_load, i32 %p_ZL19H_filter_FIR_dec_43_2_load, i32 %p_ZL19H_filter_FIR_dec_43_3_load, i10 562, i13 2100, i14 7338, i13 7105, i10 247, i16 %input_r_read_2" [FIR_HLS.cpp:70]   --->   Operation 27 'call' 'call_ret5_i' <Predicate = (mod_value_2_load == 1)> <Delay = 6.64> <CoreType = "Generic">   --->   Generic Core

State 3 <SV = 2> <Delay = 4.50>
ST_3 : Operation 28 [1/2] (4.50ns)   --->   "%call_ret6_i = call i144 @FIR_filter.1, i32 %p_ZL19H_filter_FIR_dec_42_0_load, i32 %p_ZL19H_filter_FIR_dec_42_1_load, i32 %p_ZL19H_filter_FIR_dec_42_2_load, i32 %p_ZL19H_filter_FIR_dec_42_3_load, i10 50, i13 8105, i14 8285, i13 8105, i10 50, i16 %input_r_read_3" [FIR_HLS.cpp:74]   --->   Operation 28 'call' 'call_ret6_i' <Predicate = (mod_value_2_load == 2)> <Delay = 4.50> <CoreType = "Generic">   --->   Generic Core
ST_3 : Operation 29 [1/1] (0.00ns)   --->   "%newret51_i = extractvalue i144 %call_ret6_i" [FIR_HLS.cpp:74]   --->   Operation 29 'extractvalue' 'newret51_i' <Predicate = (mod_value_2_load == 2)> <Delay = 0.00>
ST_3 : Operation 30 [1/1] (0.00ns)   --->   "%newret53_i = extractvalue i144 %call_ret6_i" [FIR_HLS.cpp:74]   --->   Operation 30 'extractvalue' 'newret53_i' <Predicate = (mod_value_2_load == 2)> <Delay = 0.00>
ST_3 : Operation 31 [1/1] (0.00ns)   --->   "%newret55_i = extractvalue i144 %call_ret6_i" [FIR_HLS.cpp:74]   --->   Operation 31 'extractvalue' 'newret55_i' <Predicate = (mod_value_2_load == 2)> <Delay = 0.00>
ST_3 : Operation 32 [1/1] (0.00ns)   --->   "%newret57_i = extractvalue i144 %call_ret6_i" [FIR_HLS.cpp:74]   --->   Operation 32 'extractvalue' 'newret57_i' <Predicate = (mod_value_2_load == 2)> <Delay = 0.00>
ST_3 : Operation 33 [1/1] (0.00ns)   --->   "%newret59_i = extractvalue i144 %call_ret6_i" [FIR_HLS.cpp:74]   --->   Operation 33 'extractvalue' 'newret59_i' <Predicate = (mod_value_2_load == 2)> <Delay = 0.00>
ST_3 : Operation 34 [1/1] (0.00ns)   --->   "%store_ln74 = store i32 %newret53_i, i32 %p_ZL19H_filter_FIR_dec_42_0" [FIR_HLS.cpp:74]   --->   Operation 34 'store' 'store_ln74' <Predicate = (mod_value_2_load == 2)> <Delay = 0.00>
ST_3 : Operation 35 [1/1] (0.00ns)   --->   "%store_ln74 = store i32 %newret55_i, i32 %p_ZL19H_filter_FIR_dec_42_1" [FIR_HLS.cpp:74]   --->   Operation 35 'store' 'store_ln74' <Predicate = (mod_value_2_load == 2)> <Delay = 0.00>
ST_3 : Operation 36 [1/1] (0.00ns)   --->   "%store_ln74 = store i32 %newret57_i, i32 %p_ZL19H_filter_FIR_dec_42_2" [FIR_HLS.cpp:74]   --->   Operation 36 'store' 'store_ln74' <Predicate = (mod_value_2_load == 2)> <Delay = 0.00>
ST_3 : Operation 37 [1/1] (0.00ns)   --->   "%store_ln74 = store i32 %newret59_i, i32 %p_ZL19H_filter_FIR_dec_42_3" [FIR_HLS.cpp:74]   --->   Operation 37 'store' 'store_ln74' <Predicate = (mod_value_2_load == 2)> <Delay = 0.00>
ST_3 : Operation 38 [1/1] (0.00ns)   --->   "%store_ln74 = store i16 %newret51_i, i16 %y1_phase2" [FIR_HLS.cpp:74]   --->   Operation 38 'store' 'store_ln74' <Predicate = (mod_value_2_load == 2)> <Delay = 0.00>
ST_3 : Operation 39 [1/1] (0.52ns)   --->   "%br_ln77 = br void %DECIMATOR.exit" [FIR_HLS.cpp:77]   --->   Operation 39 'br' 'br_ln77' <Predicate = (mod_value_2_load == 2)> <Delay = 0.52>
ST_3 : Operation 40 [1/2] (4.50ns)   --->   "%call_ret5_i = call i144 @FIR_filter.1, i32 %p_ZL19H_filter_FIR_dec_43_0_load, i32 %p_ZL19H_filter_FIR_dec_43_1_load, i32 %p_ZL19H_filter_FIR_dec_43_2_load, i32 %p_ZL19H_filter_FIR_dec_43_3_load, i10 562, i13 2100, i14 7338, i13 7105, i10 247, i16 %input_r_read_2" [FIR_HLS.cpp:70]   --->   Operation 40 'call' 'call_ret5_i' <Predicate = (mod_value_2_load == 1)> <Delay = 4.50> <CoreType = "Generic">   --->   Generic Core
ST_3 : Operation 41 [1/1] (0.00ns)   --->   "%newret41_i = extractvalue i144 %call_ret5_i" [FIR_HLS.cpp:70]   --->   Operation 41 'extractvalue' 'newret41_i' <Predicate = (mod_value_2_load == 1)> <Delay = 0.00>
ST_3 : Operation 42 [1/1] (0.00ns)   --->   "%newret43_i = extractvalue i144 %call_ret5_i" [FIR_HLS.cpp:70]   --->   Operation 42 'extractvalue' 'newret43_i' <Predicate = (mod_value_2_load == 1)> <Delay = 0.00>
ST_3 : Operation 43 [1/1] (0.00ns)   --->   "%newret45_i = extractvalue i144 %call_ret5_i" [FIR_HLS.cpp:70]   --->   Operation 43 'extractvalue' 'newret45_i' <Predicate = (mod_value_2_load == 1)> <Delay = 0.00>
ST_3 : Operation 44 [1/1] (0.00ns)   --->   "%newret47_i = extractvalue i144 %call_ret5_i" [FIR_HLS.cpp:70]   --->   Operation 44 'extractvalue' 'newret47_i' <Predicate = (mod_value_2_load == 1)> <Delay = 0.00>
ST_3 : Operation 45 [1/1] (0.00ns)   --->   "%newret49_i = extractvalue i144 %call_ret5_i" [FIR_HLS.cpp:70]   --->   Operation 45 'extractvalue' 'newret49_i' <Predicate = (mod_value_2_load == 1)> <Delay = 0.00>
ST_3 : Operation 46 [1/1] (0.00ns)   --->   "%store_ln70 = store i32 %newret43_i, i32 %p_ZL19H_filter_FIR_dec_43_0" [FIR_HLS.cpp:70]   --->   Operation 46 'store' 'store_ln70' <Predicate = (mod_value_2_load == 1)> <Delay = 0.00>
ST_3 : Operation 47 [1/1] (0.00ns)   --->   "%store_ln70 = store i32 %newret45_i, i32 %p_ZL19H_filter_FIR_dec_43_1" [FIR_HLS.cpp:70]   --->   Operation 47 'store' 'store_ln70' <Predicate = (mod_value_2_load == 1)> <Delay = 0.00>
ST_3 : Operation 48 [1/1] (0.00ns)   --->   "%store_ln70 = store i32 %newret47_i, i32 %p_ZL19H_filter_FIR_dec_43_2" [FIR_HLS.cpp:70]   --->   Operation 48 'store' 'store_ln70' <Predicate = (mod_value_2_load == 1)> <Delay = 0.00>
ST_3 : Operation 49 [1/1] (0.00ns)   --->   "%store_ln70 = store i32 %newret49_i, i32 %p_ZL19H_filter_FIR_dec_43_3" [FIR_HLS.cpp:70]   --->   Operation 49 'store' 'store_ln70' <Predicate = (mod_value_2_load == 1)> <Delay = 0.00>
ST_3 : Operation 50 [1/1] (0.00ns)   --->   "%store_ln70 = store i16 %newret41_i, i16 %y1_phase1" [FIR_HLS.cpp:70]   --->   Operation 50 'store' 'store_ln70' <Predicate = (mod_value_2_load == 1)> <Delay = 0.00>
ST_3 : Operation 51 [1/1] (0.52ns)   --->   "%br_ln72 = br void %DECIMATOR.exit" [FIR_HLS.cpp:72]   --->   Operation 51 'br' 'br_ln72' <Predicate = (mod_value_2_load == 1)> <Delay = 0.52>

State 4 <SV = 1> <Delay = 4.55>
ST_4 : Operation 52 [1/1] (0.07ns)   --->   "%input_r_read_1 = read i16 @_ssdm_op_Read.axis.volatile.i16P128A, i16 %input_r" [FIR_HLS.cpp:65]   --->   Operation 52 'read' 'input_r_read_1' <Predicate = true> <Delay = 0.07> <CoreInst = "regslice">   --->   Core 147 'regslice' <Latency = 0> <II = 1> <Delay = 0.59> <Adapter> <Opcode : 'read' 'write'>
ST_4 : Operation 53 [1/1] (0.00ns)   --->   "%p_ZL19H_filter_FIR_dec_40_0_load = load i32 %p_ZL19H_filter_FIR_dec_40_0" [FIR_HLS.cpp:65]   --->   Operation 53 'load' 'p_ZL19H_filter_FIR_dec_40_0_load' <Predicate = true> <Delay = 0.00>
ST_4 : Operation 54 [1/1] (0.00ns)   --->   "%p_ZL19H_filter_FIR_dec_40_1_load = load i32 %p_ZL19H_filter_FIR_dec_40_1" [FIR_HLS.cpp:65]   --->   Operation 54 'load' 'p_ZL19H_filter_FIR_dec_40_1_load' <Predicate = true> <Delay = 0.00>
ST_4 : Operation 55 [1/1] (0.00ns)   --->   "%p_ZL19H_filter_FIR_dec_40_2_load = load i32 %p_ZL19H_filter_FIR_dec_40_2" [FIR_HLS.cpp:65]   --->   Operation 55 'load' 'p_ZL19H_filter_FIR_dec_40_2_load' <Predicate = true> <Delay = 0.00>
ST_4 : Operation 56 [1/1] (0.00ns)   --->   "%p_ZL19H_filter_FIR_dec_40_3_load = load i32 %p_ZL19H_filter_FIR_dec_40_3" [FIR_HLS.cpp:65]   --->   Operation 56 'load' 'p_ZL19H_filter_FIR_dec_40_3_load' <Predicate = true> <Delay = 0.00>
ST_4 : Operation 57 [1/1] (0.00ns)   --->   "%p_ZL19H_filter_FIR_dec_40_4_load = load i32 %p_ZL19H_filter_FIR_dec_40_4" [FIR_HLS.cpp:65]   --->   Operation 57 'load' 'p_ZL19H_filter_FIR_dec_40_4_load' <Predicate = true> <Delay = 0.00>
ST_4 : Operation 58 [2/2] (4.47ns)   --->   "%call_ret_i = call i176 @FIR_filter.2, i32 %p_ZL19H_filter_FIR_dec_40_0_load, i32 %p_ZL19H_filter_FIR_dec_40_1_load, i32 %p_ZL19H_filter_FIR_dec_40_2_load, i32 %p_ZL19H_filter_FIR_dec_40_3_load, i32 %p_ZL19H_filter_FIR_dec_40_4_load, i16 %input_r_read_1" [FIR_HLS.cpp:65]   --->   Operation 58 'call' 'call_ret_i' <Predicate = true> <Delay = 4.47> <CoreType = "Generic">   --->   Generic Core

State 5 <SV = 2> <Delay = 6.70>
ST_5 : Operation 59 [1/2] (5.85ns)   --->   "%call_ret_i = call i176 @FIR_filter.2, i32 %p_ZL19H_filter_FIR_dec_40_0_load, i32 %p_ZL19H_filter_FIR_dec_40_1_load, i32 %p_ZL19H_filter_FIR_dec_40_2_load, i32 %p_ZL19H_filter_FIR_dec_40_3_load, i32 %p_ZL19H_filter_FIR_dec_40_4_load, i16 %input_r_read_1" [FIR_HLS.cpp:65]   --->   Operation 59 'call' 'call_ret_i' <Predicate = true> <Delay = 5.85> <CoreType = "Generic">   --->   Generic Core
ST_5 : Operation 60 [1/1] (0.00ns) (grouped into LUT with out node add_ln66_1)   --->   "%newret_i = extractvalue i176 %call_ret_i" [FIR_HLS.cpp:65]   --->   Operation 60 'extractvalue' 'newret_i' <Predicate = true> <Delay = 0.00>
ST_5 : Operation 61 [1/1] (0.00ns)   --->   "%newret31_i = extractvalue i176 %call_ret_i" [FIR_HLS.cpp:65]   --->   Operation 61 'extractvalue' 'newret31_i' <Predicate = true> <Delay = 0.00>
ST_5 : Operation 62 [1/1] (0.00ns)   --->   "%newret33_i = extractvalue i176 %call_ret_i" [FIR_HLS.cpp:65]   --->   Operation 62 'extractvalue' 'newret33_i' <Predicate = true> <Delay = 0.00>
ST_5 : Operation 63 [1/1] (0.00ns)   --->   "%newret35_i = extractvalue i176 %call_ret_i" [FIR_HLS.cpp:65]   --->   Operation 63 'extractvalue' 'newret35_i' <Predicate = true> <Delay = 0.00>
ST_5 : Operation 64 [1/1] (0.00ns)   --->   "%newret37_i = extractvalue i176 %call_ret_i" [FIR_HLS.cpp:65]   --->   Operation 64 'extractvalue' 'newret37_i' <Predicate = true> <Delay = 0.00>
ST_5 : Operation 65 [1/1] (0.00ns)   --->   "%newret39_i = extractvalue i176 %call_ret_i" [FIR_HLS.cpp:65]   --->   Operation 65 'extractvalue' 'newret39_i' <Predicate = true> <Delay = 0.00>
ST_5 : Operation 66 [1/1] (0.00ns)   --->   "%store_ln65 = store i32 %newret31_i, i32 %p_ZL19H_filter_FIR_dec_40_0" [FIR_HLS.cpp:65]   --->   Operation 66 'store' 'store_ln65' <Predicate = true> <Delay = 0.00>
ST_5 : Operation 67 [1/1] (0.00ns)   --->   "%store_ln65 = store i32 %newret33_i, i32 %p_ZL19H_filter_FIR_dec_40_1" [FIR_HLS.cpp:65]   --->   Operation 67 'store' 'store_ln65' <Predicate = true> <Delay = 0.00>
ST_5 : Operation 68 [1/1] (0.00ns)   --->   "%store_ln65 = store i32 %newret35_i, i32 %p_ZL19H_filter_FIR_dec_40_2" [FIR_HLS.cpp:65]   --->   Operation 68 'store' 'store_ln65' <Predicate = true> <Delay = 0.00>
ST_5 : Operation 69 [1/1] (0.00ns)   --->   "%store_ln65 = store i32 %newret37_i, i32 %p_ZL19H_filter_FIR_dec_40_3" [FIR_HLS.cpp:65]   --->   Operation 69 'store' 'store_ln65' <Predicate = true> <Delay = 0.00>
ST_5 : Operation 70 [1/1] (0.00ns)   --->   "%store_ln65 = store i32 %newret39_i, i32 %p_ZL19H_filter_FIR_dec_40_4" [FIR_HLS.cpp:65]   --->   Operation 70 'store' 'store_ln65' <Predicate = true> <Delay = 0.00>
ST_5 : Operation 71 [1/1] (0.00ns)   --->   "%y1_phase3_load = load i16 %y1_phase3" [FIR_HLS.cpp:66]   --->   Operation 71 'load' 'y1_phase3_load' <Predicate = true> <Delay = 0.00>
ST_5 : Operation 72 [1/1] (0.85ns) (out node of the LUT)   --->   "%add_ln66_1 = add i16 %y1_phase3_load, i16 %newret_i" [FIR_HLS.cpp:66]   --->   Operation 72 'add' 'add_ln66_1' <Predicate = true> <Delay = 0.85> <CoreInst = "Adder">   --->   Core 1 'Adder' <Latency = 0> <II = 1> <Delay = 0.85> <FuncUnit> <Opcode : 'add' 'sub'> <InPorts = 2> <OutPorts = 1>

State 6 <SV = 3> <Delay = 2.52>
ST_6 : Operation 73 [1/1] (0.00ns)   --->   "%y1_phase1_load = load i16 %y1_phase1" [FIR_HLS.cpp:66]   --->   Operation 73 'load' 'y1_phase1_load' <Predicate = (mod_value_2_load == 0)> <Delay = 0.00>
ST_6 : Operation 74 [1/1] (0.00ns)   --->   "%y1_phase2_load = load i16 %y1_phase2" [FIR_HLS.cpp:66]   --->   Operation 74 'load' 'y1_phase2_load' <Predicate = (mod_value_2_load == 0)> <Delay = 0.00>
ST_6 : Operation 75 [1/1] (0.00ns) (grouped into TernaryAdder)   --->   "%add_ln66 = add i16 %y1_phase1_load, i16 %y1_phase2_load" [FIR_HLS.cpp:66]   --->   Operation 75 'add' 'add_ln66' <Predicate = (mod_value_2_load == 0)> <Delay = 0.00> <CoreInst = "TAddSub">   --->   Core 10 'TAddSub' <Latency = 0> <II = 1> <Delay = 0.34> <IPBlock> <Opcode : '' 'add' 'sub'> <InPorts = 3> <OutPorts = 1> <Sync> <CReg>
ST_6 : Operation 76 [1/1] (0.68ns) (root node of TernaryAdder)   --->   "%add_ln66_2 = add i16 %add_ln66_1, i16 %add_ln66" [FIR_HLS.cpp:66]   --->   Operation 76 'add' 'add_ln66_2' <Predicate = (mod_value_2_load == 0)> <Delay = 0.68> <CoreInst = "TAddSub">   --->   Core 10 'TAddSub' <Latency = 0> <II = 1> <Delay = 0.34> <IPBlock> <Opcode : '' 'add' 'sub'> <InPorts = 3> <OutPorts = 1> <Sync> <CReg>
ST_6 : Operation 77 [1/1] ( I:1.83ns O:1.83ns )   --->   "%write_ln66 = write void @_ssdm_op_Write.ap_fifo.volatile.i16P0A, i16 %dec_out, i16 %add_ln66_2" [FIR_HLS.cpp:66]   --->   Operation 77 'write' 'write_ln66' <Predicate = (mod_value_2_load == 0)> <Delay = 1.83> <CoreInst = "FIFO_SRL">   --->   Core 80 'FIFO_SRL' <Latency = 0> <II = 1> <Delay = 1.83> <Storage> <Opcode : 'read' 'write' 'nbread' 'nbwrite'> <Ports = 0> <Width = 16> <Depth = 2> <FIFO>
ST_6 : Operation 78 [1/1] (0.52ns)   --->   "%br_ln68 = br void %DECIMATOR.exit" [FIR_HLS.cpp:68]   --->   Operation 78 'br' 'br_ln68' <Predicate = (mod_value_2_load == 0)> <Delay = 0.52>
ST_6 : Operation 79 [1/1] (0.00ns)   --->   "%storemerge2_i = phi i2 1, void %if.then.i, i2 2, void %if.then15.i, i2 0, void %if.else24.i, i2 3, void %if.then21.i"   --->   Operation 79 'phi' 'storemerge2_i' <Predicate = true> <Delay = 0.00>
ST_6 : Operation 80 [1/1] (0.00ns)   --->   "%store_ln0 = store i2 %storemerge2_i, i2 %mod_value_2"   --->   Operation 80 'store' 'store_ln0' <Predicate = true> <Delay = 0.00>
ST_6 : Operation 81 [1/1] (0.00ns)   --->   "%ret_ln0 = ret"   --->   Operation 81 'ret' 'ret_ln0' <Predicate = true> <Delay = 0.00>

State 7 <SV = 1> <Delay = 6.72>
ST_7 : Operation 82 [1/1] (0.07ns)   --->   "%input_r_read = read i16 @_ssdm_op_Read.axis.volatile.i16P128A, i16 %input_r" [FIR_HLS.cpp:79]   --->   Operation 82 'read' 'input_r_read' <Predicate = true> <Delay = 0.07> <CoreInst = "regslice">   --->   Core 147 'regslice' <Latency = 0> <II = 1> <Delay = 0.59> <Adapter> <Opcode : 'read' 'write'>
ST_7 : Operation 83 [1/1] (0.00ns)   --->   "%p_ZL19H_filter_FIR_dec_41_0_load = load i32 %p_ZL19H_filter_FIR_dec_41_0" [FIR_HLS.cpp:79]   --->   Operation 83 'load' 'p_ZL19H_filter_FIR_dec_41_0_load' <Predicate = true> <Delay = 0.00>
ST_7 : Operation 84 [1/1] (0.00ns)   --->   "%p_ZL19H_filter_FIR_dec_41_1_load = load i32 %p_ZL19H_filter_FIR_dec_41_1" [FIR_HLS.cpp:79]   --->   Operation 84 'load' 'p_ZL19H_filter_FIR_dec_41_1_load' <Predicate = true> <Delay = 0.00>
ST_7 : Operation 85 [1/1] (0.00ns)   --->   "%p_ZL19H_filter_FIR_dec_41_2_load = load i32 %p_ZL19H_filter_FIR_dec_41_2" [FIR_HLS.cpp:79]   --->   Operation 85 'load' 'p_ZL19H_filter_FIR_dec_41_2_load' <Predicate = true> <Delay = 0.00>
ST_7 : Operation 86 [1/1] (0.00ns)   --->   "%p_ZL19H_filter_FIR_dec_41_3_load = load i32 %p_ZL19H_filter_FIR_dec_41_3" [FIR_HLS.cpp:79]   --->   Operation 86 'load' 'p_ZL19H_filter_FIR_dec_41_3_load' <Predicate = true> <Delay = 0.00>
ST_7 : Operation 87 [2/2] (6.64ns)   --->   "%call_ret4_i = call i144 @FIR_filter.1, i32 %p_ZL19H_filter_FIR_dec_41_0_load, i32 %p_ZL19H_filter_FIR_dec_41_1_load, i32 %p_ZL19H_filter_FIR_dec_41_2_load, i32 %p_ZL19H_filter_FIR_dec_41_3_load, i10 247, i13 7105, i14 7338, i13 2100, i10 562, i16 %input_r_read" [FIR_HLS.cpp:79]   --->   Operation 87 'call' 'call_ret4_i' <Predicate = true> <Delay = 6.64> <CoreType = "Generic">   --->   Generic Core

State 8 <SV = 2> <Delay = 4.50>
ST_8 : Operation 88 [1/2] (4.50ns)   --->   "%call_ret4_i = call i144 @FIR_filter.1, i32 %p_ZL19H_filter_FIR_dec_41_0_load, i32 %p_ZL19H_filter_FIR_dec_41_1_load, i32 %p_ZL19H_filter_FIR_dec_41_2_load, i32 %p_ZL19H_filter_FIR_dec_41_3_load, i10 247, i13 7105, i14 7338, i13 2100, i10 562, i16 %input_r_read" [FIR_HLS.cpp:79]   --->   Operation 88 'call' 'call_ret4_i' <Predicate = true> <Delay = 4.50> <CoreType = "Generic">   --->   Generic Core
ST_8 : Operation 89 [1/1] (0.00ns)   --->   "%newret61_i = extractvalue i144 %call_ret4_i" [FIR_HLS.cpp:79]   --->   Operation 89 'extractvalue' 'newret61_i' <Predicate = true> <Delay = 0.00>
ST_8 : Operation 90 [1/1] (0.00ns)   --->   "%newret63_i = extractvalue i144 %call_ret4_i" [FIR_HLS.cpp:79]   --->   Operation 90 'extractvalue' 'newret63_i' <Predicate = true> <Delay = 0.00>
ST_8 : Operation 91 [1/1] (0.00ns)   --->   "%newret65_i = extractvalue i144 %call_ret4_i" [FIR_HLS.cpp:79]   --->   Operation 91 'extractvalue' 'newret65_i' <Predicate = true> <Delay = 0.00>
ST_8 : Operation 92 [1/1] (0.00ns)   --->   "%newret67_i = extractvalue i144 %call_ret4_i" [FIR_HLS.cpp:79]   --->   Operation 92 'extractvalue' 'newret67_i' <Predicate = true> <Delay = 0.00>
ST_8 : Operation 93 [1/1] (0.00ns)   --->   "%newret69_i = extractvalue i144 %call_ret4_i" [FIR_HLS.cpp:79]   --->   Operation 93 'extractvalue' 'newret69_i' <Predicate = true> <Delay = 0.00>
ST_8 : Operation 94 [1/1] (0.00ns)   --->   "%store_ln79 = store i32 %newret63_i, i32 %p_ZL19H_filter_FIR_dec_41_0" [FIR_HLS.cpp:79]   --->   Operation 94 'store' 'store_ln79' <Predicate = true> <Delay = 0.00>
ST_8 : Operation 95 [1/1] (0.00ns)   --->   "%store_ln79 = store i32 %newret65_i, i32 %p_ZL19H_filter_FIR_dec_41_1" [FIR_HLS.cpp:79]   --->   Operation 95 'store' 'store_ln79' <Predicate = true> <Delay = 0.00>
ST_8 : Operation 96 [1/1] (0.00ns)   --->   "%store_ln79 = store i32 %newret67_i, i32 %p_ZL19H_filter_FIR_dec_41_2" [FIR_HLS.cpp:79]   --->   Operation 96 'store' 'store_ln79' <Predicate = true> <Delay = 0.00>
ST_8 : Operation 97 [1/1] (0.00ns)   --->   "%store_ln79 = store i32 %newret69_i, i32 %p_ZL19H_filter_FIR_dec_41_3" [FIR_HLS.cpp:79]   --->   Operation 97 'store' 'store_ln79' <Predicate = true> <Delay = 0.00>
ST_8 : Operation 98 [1/1] (0.00ns)   --->   "%store_ln79 = store i16 %newret61_i, i16 %y1_phase3" [FIR_HLS.cpp:79]   --->   Operation 98 'store' 'store_ln79' <Predicate = true> <Delay = 0.00>
ST_8 : Operation 99 [1/1] (0.52ns)   --->   "%br_ln0 = br void %DECIMATOR.exit"   --->   Operation 99 'br' 'br_ln0' <Predicate = true> <Delay = 0.52>


============================================================
+ Verbose Summary: Binding
============================================================
STG Binding: 
---------------- STG Properties BEGIN ----------------
- Is combinational: 0
- Is one-state seq: 0
- Is datapath-only: 0
- Is pipelined: 0
- Is top level: 0
Port [ Return ] is wired: 1; IO mode=ap_ctrl_hs:ce=0
Port [ input_r]:  wired=1; compound=1; hidden=0; nouse=0; global=0; static=0; extern=0; dir=0; type=0; pingpong=0; private_global=0; IO mode=axis:ce=0
Port [ mod_value_2]:  wired=0; compound=0; hidden=1; nouse=0; global=1; static=1; extern=0; dir=2; type=0; pingpong=0; private_global=1; IO mode=ap_ovld:ce=0
Port [ p_ZL19H_filter_FIR_dec_40_0]:  wired=0; compound=0; hidden=1; nouse=0; global=1; static=1; extern=0; dir=2; type=0; pingpong=0; private_global=1; IO mode=ap_ovld:ce=0
Port [ p_ZL19H_filter_FIR_dec_40_1]:  wired=0; compound=0; hidden=1; nouse=0; global=1; static=1; extern=0; dir=2; type=0; pingpong=0; private_global=1; IO mode=ap_ovld:ce=0
Port [ p_ZL19H_filter_FIR_dec_40_2]:  wired=0; compound=0; hidden=1; nouse=0; global=1; static=1; extern=0; dir=2; type=0; pingpong=0; private_global=1; IO mode=ap_ovld:ce=0
Port [ p_ZL19H_filter_FIR_dec_40_3]:  wired=0; compound=0; hidden=1; nouse=0; global=1; static=1; extern=0; dir=2; type=0; pingpong=0; private_global=1; IO mode=ap_ovld:ce=0
Port [ p_ZL19H_filter_FIR_dec_40_4]:  wired=0; compound=0; hidden=1; nouse=0; global=1; static=1; extern=0; dir=2; type=0; pingpong=0; private_global=1; IO mode=ap_ovld:ce=0
Port [ y1_phase1]:  wired=0; compound=0; hidden=1; nouse=0; global=1; static=1; extern=0; dir=2; type=0; pingpong=0; private_global=1; IO mode=ap_ovld:ce=0
Port [ y1_phase2]:  wired=0; compound=0; hidden=1; nouse=0; global=1; static=1; extern=0; dir=2; type=0; pingpong=0; private_global=1; IO mode=ap_ovld:ce=0
Port [ y1_phase3]:  wired=0; compound=0; hidden=1; nouse=0; global=1; static=1; extern=0; dir=2; type=0; pingpong=0; private_global=1; IO mode=ap_ovld:ce=0
Port [ dec_out]:  wired=1; compound=1; hidden=0; nouse=0; global=1; static=1; extern=0; dir=1; type=3; pingpong=0; private_global=0; IO mode=ap_fifo:ce=0
Port [ p_ZL19H_filter_FIR_dec_43_0]:  wired=0; compound=0; hidden=1; nouse=0; global=1; static=1; extern=0; dir=2; type=0; pingpong=0; private_global=1; IO mode=ap_ovld:ce=0
Port [ p_ZL19H_filter_FIR_dec_43_1]:  wired=0; compound=0; hidden=1; nouse=0; global=1; static=1; extern=0; dir=2; type=0; pingpong=0; private_global=1; IO mode=ap_ovld:ce=0
Port [ p_ZL19H_filter_FIR_dec_43_2]:  wired=0; compound=0; hidden=1; nouse=0; global=1; static=1; extern=0; dir=2; type=0; pingpong=0; private_global=1; IO mode=ap_ovld:ce=0
Port [ p_ZL19H_filter_FIR_dec_43_3]:  wired=0; compound=0; hidden=1; nouse=0; global=1; static=1; extern=0; dir=2; type=0; pingpong=0; private_global=1; IO mode=ap_ovld:ce=0
Port [ p_ZL19H_filter_FIR_dec_42_0]:  wired=0; compound=0; hidden=1; nouse=0; global=1; static=1; extern=0; dir=2; type=0; pingpong=0; private_global=1; IO mode=ap_ovld:ce=0
Port [ p_ZL19H_filter_FIR_dec_42_1]:  wired=0; compound=0; hidden=1; nouse=0; global=1; static=1; extern=0; dir=2; type=0; pingpong=0; private_global=1; IO mode=ap_ovld:ce=0
Port [ p_ZL19H_filter_FIR_dec_42_2]:  wired=0; compound=0; hidden=1; nouse=0; global=1; static=1; extern=0; dir=2; type=0; pingpong=0; private_global=1; IO mode=ap_ovld:ce=0
Port [ p_ZL19H_filter_FIR_dec_42_3]:  wired=0; compound=0; hidden=1; nouse=0; global=1; static=1; extern=0; dir=2; type=0; pingpong=0; private_global=1; IO mode=ap_ovld:ce=0
Port [ p_ZL19H_filter_FIR_dec_41_0]:  wired=0; compound=0; hidden=1; nouse=0; global=1; static=1; extern=0; dir=2; type=0; pingpong=0; private_global=1; IO mode=ap_ovld:ce=0
Port [ p_ZL19H_filter_FIR_dec_41_1]:  wired=0; compound=0; hidden=1; nouse=0; global=1; static=1; extern=0; dir=2; type=0; pingpong=0; private_global=1; IO mode=ap_ovld:ce=0
Port [ p_ZL19H_filter_FIR_dec_41_2]:  wired=0; compound=0; hidden=1; nouse=0; global=1; static=1; extern=0; dir=2; type=0; pingpong=0; private_global=1; IO mode=ap_ovld:ce=0
Port [ p_ZL19H_filter_FIR_dec_41_3]:  wired=0; compound=0; hidden=1; nouse=0; global=1; static=1; extern=0; dir=2; type=0; pingpong=0; private_global=1; IO mode=ap_ovld:ce=0
---------------- STG Properties END ------------------

---------------- Datapath Model BEGIN ----------------

<LifeTime>
<method=bitvector/>
specinterface_ln0                (specinterface) [ 000000000]
specinterface_ln0                (specinterface) [ 000000000]
specinterface_ln0                (specinterface) [ 000000000]
specinterface_ln0                (specinterface) [ 000000000]
specinterface_ln0                (specinterface) [ 000000000]
mod_value_2_load                 (load         ) [ 011111111]
switch_ln64                      (switch       ) [ 000000000]
input_r_read_3                   (read         ) [ 000000000]
p_ZL19H_filter_FIR_dec_42_0_load (load         ) [ 000000000]
p_ZL19H_filter_FIR_dec_42_1_load (load         ) [ 000000000]
p_ZL19H_filter_FIR_dec_42_2_load (load         ) [ 000000000]
p_ZL19H_filter_FIR_dec_42_3_load (load         ) [ 000000000]
input_r_read_2                   (read         ) [ 000000000]
p_ZL19H_filter_FIR_dec_43_0_load (load         ) [ 000000000]
p_ZL19H_filter_FIR_dec_43_1_load (load         ) [ 000000000]
p_ZL19H_filter_FIR_dec_43_2_load (load         ) [ 000000000]
p_ZL19H_filter_FIR_dec_43_3_load (load         ) [ 000000000]
call_ret6_i                      (call         ) [ 000000000]
newret51_i                       (extractvalue ) [ 000000000]
newret53_i                       (extractvalue ) [ 000000000]
newret55_i                       (extractvalue ) [ 000000000]
newret57_i                       (extractvalue ) [ 000000000]
newret59_i                       (extractvalue ) [ 000000000]
store_ln74                       (store        ) [ 000000000]
store_ln74                       (store        ) [ 000000000]
store_ln74                       (store        ) [ 000000000]
store_ln74                       (store        ) [ 000000000]
store_ln74                       (store        ) [ 000000000]
br_ln77                          (br           ) [ 000100101]
call_ret5_i                      (call         ) [ 000000000]
newret41_i                       (extractvalue ) [ 000000000]
newret43_i                       (extractvalue ) [ 000000000]
newret45_i                       (extractvalue ) [ 000000000]
newret47_i                       (extractvalue ) [ 000000000]
newret49_i                       (extractvalue ) [ 000000000]
store_ln70                       (store        ) [ 000000000]
store_ln70                       (store        ) [ 000000000]
store_ln70                       (store        ) [ 000000000]
store_ln70                       (store        ) [ 000000000]
store_ln70                       (store        ) [ 000000000]
br_ln72                          (br           ) [ 000100101]
input_r_read_1                   (read         ) [ 000000000]
p_ZL19H_filter_FIR_dec_40_0_load (load         ) [ 000000000]
p_ZL19H_filter_FIR_dec_40_1_load (load         ) [ 000000000]
p_ZL19H_filter_FIR_dec_40_2_load (load         ) [ 000000000]
p_ZL19H_filter_FIR_dec_40_3_load (load         ) [ 000000000]
p_ZL19H_filter_FIR_dec_40_4_load (load         ) [ 000000000]
call_ret_i                       (call         ) [ 000000000]
newret_i                         (extractvalue ) [ 000000000]
newret31_i                       (extractvalue ) [ 000000000]
newret33_i                       (extractvalue ) [ 000000000]
newret35_i                       (extractvalue ) [ 000000000]
newret37_i                       (extractvalue ) [ 000000000]
newret39_i                       (extractvalue ) [ 000000000]
store_ln65                       (store        ) [ 000000000]
store_ln65                       (store        ) [ 000000000]
store_ln65                       (store        ) [ 000000000]
store_ln65                       (store        ) [ 000000000]
store_ln65                       (store        ) [ 000000000]
y1_phase3_load                   (load         ) [ 000000000]
add_ln66_1                       (add          ) [ 000000100]
y1_phase1_load                   (load         ) [ 000000000]
y1_phase2_load                   (load         ) [ 000000000]
add_ln66                         (add          ) [ 000000000]
add_ln66_2                       (add          ) [ 000000000]
write_ln66                       (write        ) [ 000000000]
br_ln68                          (br           ) [ 000000000]
storemerge2_i                    (phi          ) [ 000000100]
store_ln0                        (store        ) [ 000000000]
ret_ln0                          (ret          ) [ 000000000]
input_r_read                     (read         ) [ 000000000]
p_ZL19H_filter_FIR_dec_41_0_load (load         ) [ 000000000]
p_ZL19H_filter_FIR_dec_41_1_load (load         ) [ 000000000]
p_ZL19H_filter_FIR_dec_41_2_load (load         ) [ 000000000]
p_ZL19H_filter_FIR_dec_41_3_load (load         ) [ 000000000]
call_ret4_i                      (call         ) [ 000000000]
newret61_i                       (extractvalue ) [ 000000000]
newret63_i                       (extractvalue ) [ 000000000]
newret65_i                       (extractvalue ) [ 000000000]
newret67_i                       (extractvalue ) [ 000000000]
newret69_i                       (extractvalue ) [ 000000000]
store_ln79                       (store        ) [ 000000000]
store_ln79                       (store        ) [ 000000000]
store_ln79                       (store        ) [ 000000000]
store_ln79                       (store        ) [ 000000000]
store_ln79                       (store        ) [ 000000000]
br_ln0                           (br           ) [ 000100101]
</LifeTime>

<model>

<comp_list>
<comp id="0" class="1000" name="input_r">
<pin_list>
<pin id="1" dir="1" index="0" bw="1" slack="0"/>
</pin_list>
<bind>
<StgValue><ssdm name="input_r"/></StgValue>
</bind>
</comp>

<comp id="2" class="1000" name="mod_value_2">
<pin_list>
<pin id="3" dir="1" index="0" bw="1" slack="0"/>
</pin_list>
<bind>
<StgValue><ssdm name="mod_value_2"/></StgValue>
</bind>
</comp>

<comp id="4" class="1000" name="p_ZL19H_filter_FIR_dec_40_0">
<pin_list>
<pin id="5" dir="1" index="0" bw="1" slack="0"/>
</pin_list>
<bind>
<StgValue><ssdm name="p_ZL19H_filter_FIR_dec_40_0"/></StgValue>
</bind>
</comp>

<comp id="6" class="1000" name="p_ZL19H_filter_FIR_dec_40_1">
<pin_list>
<pin id="7" dir="1" index="0" bw="1" slack="0"/>
</pin_list>
<bind>
<StgValue><ssdm name="p_ZL19H_filter_FIR_dec_40_1"/></StgValue>
</bind>
</comp>

<comp id="8" class="1000" name="p_ZL19H_filter_FIR_dec_40_2">
<pin_list>
<pin id="9" dir="1" index="0" bw="1" slack="0"/>
</pin_list>
<bind>
<StgValue><ssdm name="p_ZL19H_filter_FIR_dec_40_2"/></StgValue>
</bind>
</comp>

<comp id="10" class="1000" name="p_ZL19H_filter_FIR_dec_40_3">
<pin_list>
<pin id="11" dir="1" index="0" bw="1" slack="0"/>
</pin_list>
<bind>
<StgValue><ssdm name="p_ZL19H_filter_FIR_dec_40_3"/></StgValue>
</bind>
</comp>

<comp id="12" class="1000" name="p_ZL19H_filter_FIR_dec_40_4">
<pin_list>
<pin id="13" dir="1" index="0" bw="1" slack="0"/>
</pin_list>
<bind>
<StgValue><ssdm name="p_ZL19H_filter_FIR_dec_40_4"/></StgValue>
</bind>
</comp>

<comp id="14" class="1000" name="y1_phase1">
<pin_list>
<pin id="15" dir="1" index="0" bw="1" slack="0"/>
</pin_list>
<bind>
<StgValue><ssdm name="y1_phase1"/></StgValue>
</bind>
</comp>

<comp id="16" class="1000" name="y1_phase2">
<pin_list>
<pin id="17" dir="1" index="0" bw="1" slack="0"/>
</pin_list>
<bind>
<StgValue><ssdm name="y1_phase2"/></StgValue>
</bind>
</comp>

<comp id="18" class="1000" name="y1_phase3">
<pin_list>
<pin id="19" dir="1" index="0" bw="1" slack="0"/>
</pin_list>
<bind>
<StgValue><ssdm name="y1_phase3"/></StgValue>
</bind>
</comp>

<comp id="20" class="1000" name="dec_out">
<pin_list>
<pin id="21" dir="1" index="0" bw="1" slack="0"/>
</pin_list>
<bind>
<StgValue><ssdm name="dec_out"/></StgValue>
</bind>
</comp>

<comp id="22" class="1000" name="p_ZL19H_filter_FIR_dec_43_0">
<pin_list>
<pin id="23" dir="1" index="0" bw="1" slack="0"/>
</pin_list>
<bind>
<StgValue><ssdm name="p_ZL19H_filter_FIR_dec_43_0"/></StgValue>
</bind>
</comp>

<comp id="24" class="1000" name="p_ZL19H_filter_FIR_dec_43_1">
<pin_list>
<pin id="25" dir="1" index="0" bw="1" slack="0"/>
</pin_list>
<bind>
<StgValue><ssdm name="p_ZL19H_filter_FIR_dec_43_1"/></StgValue>
</bind>
</comp>

<comp id="26" class="1000" name="p_ZL19H_filter_FIR_dec_43_2">
<pin_list>
<pin id="27" dir="1" index="0" bw="1" slack="0"/>
</pin_list>
<bind>
<StgValue><ssdm name="p_ZL19H_filter_FIR_dec_43_2"/></StgValue>
</bind>
</comp>

<comp id="28" class="1000" name="p_ZL19H_filter_FIR_dec_43_3">
<pin_list>
<pin id="29" dir="1" index="0" bw="1" slack="0"/>
</pin_list>
<bind>
<StgValue><ssdm name="p_ZL19H_filter_FIR_dec_43_3"/></StgValue>
</bind>
</comp>

<comp id="30" class="1000" name="p_ZL19H_filter_FIR_dec_42_0">
<pin_list>
<pin id="31" dir="1" index="0" bw="1" slack="0"/>
</pin_list>
<bind>
<StgValue><ssdm name="p_ZL19H_filter_FIR_dec_42_0"/></StgValue>
</bind>
</comp>

<comp id="32" class="1000" name="p_ZL19H_filter_FIR_dec_42_1">
<pin_list>
<pin id="33" dir="1" index="0" bw="1" slack="0"/>
</pin_list>
<bind>
<StgValue><ssdm name="p_ZL19H_filter_FIR_dec_42_1"/></StgValue>
</bind>
</comp>

<comp id="34" class="1000" name="p_ZL19H_filter_FIR_dec_42_2">
<pin_list>
<pin id="35" dir="1" index="0" bw="1" slack="0"/>
</pin_list>
<bind>
<StgValue><ssdm name="p_ZL19H_filter_FIR_dec_42_2"/></StgValue>
</bind>
</comp>

<comp id="36" class="1000" name="p_ZL19H_filter_FIR_dec_42_3">
<pin_list>
<pin id="37" dir="1" index="0" bw="1" slack="0"/>
</pin_list>
<bind>
<StgValue><ssdm name="p_ZL19H_filter_FIR_dec_42_3"/></StgValue>
</bind>
</comp>

<comp id="38" class="1000" name="p_ZL19H_filter_FIR_dec_41_0">
<pin_list>
<pin id="39" dir="1" index="0" bw="1" slack="0"/>
</pin_list>
<bind>
<StgValue><ssdm name="p_ZL19H_filter_FIR_dec_41_0"/></StgValue>
</bind>
</comp>

<comp id="40" class="1000" name="p_ZL19H_filter_FIR_dec_41_1">
<pin_list>
<pin id="41" dir="1" index="0" bw="1" slack="0"/>
</pin_list>
<bind>
<StgValue><ssdm name="p_ZL19H_filter_FIR_dec_41_1"/></StgValue>
</bind>
</comp>

<comp id="42" class="1000" name="p_ZL19H_filter_FIR_dec_41_2">
<pin_list>
<pin id="43" dir="1" index="0" bw="1" slack="0"/>
</pin_list>
<bind>
<StgValue><ssdm name="p_ZL19H_filter_FIR_dec_41_2"/></StgValue>
</bind>
</comp>

<comp id="44" class="1000" name="p_ZL19H_filter_FIR_dec_41_3">
<pin_list>
<pin id="45" dir="1" index="0" bw="1" slack="0"/>
</pin_list>
<bind>
<StgValue><ssdm name="p_ZL19H_filter_FIR_dec_41_3"/></StgValue>
</bind>
</comp>

<comp id="46" class="1001" name="const_46">
<pin_list>
<pin id="47" dir="1" index="0" bw="1" slack="2147483647"/>
</pin_list>
<bind>
<StgValue><ssdm name="_ssdm_op_SpecInterface"/></StgValue>
</bind>
</comp>

<comp id="48" class="1001" name="const_48">
<pin_list>
<pin id="49" dir="1" index="0" bw="1" slack="2147483647"/>
</pin_list>
<bind>
<StgValue><ssdm name="empty_0"/></StgValue>
</bind>
</comp>

<comp id="50" class="1001" name="const_50">
<pin_list>
<pin id="51" dir="1" index="0" bw="1" slack="2147483647"/>
</pin_list>
<bind>
<StgValue><ssdm name=""/></StgValue>
</bind>
</comp>

<comp id="52" class="1001" name="const_52">
<pin_list>
<pin id="53" dir="1" index="0" bw="1" slack="2147483647"/>
</pin_list>
<bind>
<StgValue><ssdm name="empty_3"/></StgValue>
</bind>
</comp>

<comp id="54" class="1001" name="const_54">
<pin_list>
<pin id="55" dir="1" index="0" bw="1" slack="2147483647"/>
</pin_list>
<bind>
<StgValue><ssdm name=""/></StgValue>
</bind>
</comp>

<comp id="56" class="1001" name="const_56">
<pin_list>
<pin id="57" dir="1" index="0" bw="1" slack="2147483647"/>
</pin_list>
<bind>
<StgValue><ssdm name="empty"/></StgValue>
</bind>
</comp>

<comp id="58" class="1001" name="const_58">
<pin_list>
<pin id="59" dir="1" index="0" bw="1" slack="2147483647"/>
</pin_list>
<bind>
<StgValue><ssdm name="empty_4"/></StgValue>
</bind>
</comp>

<comp id="60" class="1001" name="const_60">
<pin_list>
<pin id="61" dir="1" index="0" bw="1" slack="1"/>
</pin_list>
<bind>
<StgValue><ssdm name=""/></StgValue>
</bind>
</comp>

<comp id="62" class="1001" name="const_62">
<pin_list>
<pin id="63" dir="1" index="0" bw="1" slack="0"/>
</pin_list>
<bind>
<StgValue><ssdm name=""/></StgValue>
</bind>
</comp>

<comp id="64" class="1001" name="const_64">
<pin_list>
<pin id="65" dir="1" index="0" bw="1" slack="1"/>
</pin_list>
<bind>
<StgValue><ssdm name=""/></StgValue>
</bind>
</comp>

<comp id="66" class="1001" name="const_66">
<pin_list>
<pin id="67" dir="1" index="0" bw="1" slack="0"/>
</pin_list>
<bind>
<StgValue><ssdm name="_ssdm_op_Read.axis.volatile.i16P128A"/></StgValue>
</bind>
</comp>

<comp id="68" class="1001" name="const_68">
<pin_list>
<pin id="69" dir="1" index="0" bw="1" slack="0"/>
</pin_list>
<bind>
<StgValue><ssdm name="FIR_filter.1"/></StgValue>
</bind>
</comp>

<comp id="70" class="1001" name="const_70">
<pin_list>
<pin id="71" dir="1" index="0" bw="1" slack="0"/>
</pin_list>
<bind>
<StgValue><ssdm name=""/></StgValue>
</bind>
</comp>

<comp id="72" class="1001" name="const_72">
<pin_list>
<pin id="73" dir="1" index="0" bw="1" slack="0"/>
</pin_list>
<bind>
<StgValue><ssdm name=""/></StgValue>
</bind>
</comp>

<comp id="74" class="1001" name="const_74">
<pin_list>
<pin id="75" dir="1" index="0" bw="1" slack="0"/>
</pin_list>
<bind>
<StgValue><ssdm name=""/></StgValue>
</bind>
</comp>

<comp id="76" class="1001" name="const_76">
<pin_list>
<pin id="77" dir="1" index="0" bw="1" slack="0"/>
</pin_list>
<bind>
<StgValue><ssdm name=""/></StgValue>
</bind>
</comp>

<comp id="78" class="1001" name="const_78">
<pin_list>
<pin id="79" dir="1" index="0" bw="1" slack="0"/>
</pin_list>
<bind>
<StgValue><ssdm name=""/></StgValue>
</bind>
</comp>

<comp id="80" class="1001" name="const_80">
<pin_list>
<pin id="81" dir="1" index="0" bw="1" slack="0"/>
</pin_list>
<bind>
<StgValue><ssdm name=""/></StgValue>
</bind>
</comp>

<comp id="82" class="1001" name="const_82">
<pin_list>
<pin id="83" dir="1" index="0" bw="1" slack="0"/>
</pin_list>
<bind>
<StgValue><ssdm name=""/></StgValue>
</bind>
</comp>

<comp id="84" class="1001" name="const_84">
<pin_list>
<pin id="85" dir="1" index="0" bw="1" slack="0"/>
</pin_list>
<bind>
<StgValue><ssdm name=""/></StgValue>
</bind>
</comp>

<comp id="86" class="1001" name="const_86">
<pin_list>
<pin id="87" dir="1" index="0" bw="1" slack="0"/>
</pin_list>
<bind>
<StgValue><ssdm name="FIR_filter.2"/></StgValue>
</bind>
</comp>

<comp id="88" class="1001" name="const_88">
<pin_list>
<pin id="89" dir="1" index="0" bw="1" slack="0"/>
</pin_list>
<bind>
<StgValue><ssdm name="_ssdm_op_Write.ap_fifo.volatile.i16P0A"/></StgValue>
</bind>
</comp>

<comp id="90" class="1001" name="const_90">
<pin_list>
<pin id="91" dir="1" index="0" bw="1" slack="1"/>
</pin_list>
<bind>
<StgValue><ssdm name=""/></StgValue>
</bind>
</comp>

<comp id="92" class="1004" name="grp_read_fu_92">
<pin_list>
<pin id="93" dir="0" index="0" bw="16" slack="0"/>
<pin id="94" dir="0" index="1" bw="16" slack="0"/>
<pin id="95" dir="1" index="2" bw="16" slack="0"/>
</pin_list>
<bind>
<opcode="read(1150) " fcode="read"/>
<opset="input_r_read_3/2 input_r_read_2/2 input_r_read_1/4 input_r_read/7 "/>
</bind>
</comp>

<comp id="98" class="1004" name="write_ln66_write_fu_98">
<pin_list>
<pin id="99" dir="0" index="0" bw="0" slack="0"/>
<pin id="100" dir="0" index="1" bw="16" slack="0"/>
<pin id="101" dir="0" index="2" bw="16" slack="0"/>
<pin id="102" dir="1" index="3" bw="0" slack="2147483647"/>
</pin_list>
<bind>
<opcode="write(1151) " fcode="write"/>
<opset="write_ln66/6 "/>
</bind>
</comp>

<comp id="105" class="1005" name="storemerge2_i_reg_105">
<pin_list>
<pin id="106" dir="0" index="0" bw="2" slack="1"/>
<pin id="107" dir="1" index="1" bw="2" slack="1"/>
</pin_list>
<bind>
<opset="storemerge2_i (phireg) "/>
</bind>
</comp>

<comp id="111" class="1004" name="storemerge2_i_phi_fu_111">
<pin_list>
<pin id="112" dir="0" index="0" bw="1" slack="0"/>
<pin id="113" dir="0" index="1" bw="0" slack="2147483647"/>
<pin id="114" dir="0" index="2" bw="2" slack="1"/>
<pin id="115" dir="0" index="3" bw="0" slack="2147483647"/>
<pin id="116" dir="0" index="4" bw="1" slack="1"/>
<pin id="117" dir="0" index="5" bw="0" slack="2147483647"/>
<pin id="118" dir="0" index="6" bw="1" slack="1"/>
<pin id="119" dir="0" index="7" bw="0" slack="2147483647"/>
<pin id="120" dir="1" index="8" bw="2" slack="0"/>
</pin_list>
<bind>
<opcode="phi(47) " fcode="phi"/>
<opset="storemerge2_i/6 "/>
</bind>
</comp>

<comp id="125" class="1004" name="grp_FIR_filter_1_fu_125">
<pin_list>
<pin id="126" dir="0" index="0" bw="144" slack="0"/>
<pin id="127" dir="0" index="1" bw="32" slack="0"/>
<pin id="128" dir="0" index="2" bw="32" slack="0"/>
<pin id="129" dir="0" index="3" bw="32" slack="0"/>
<pin id="130" dir="0" index="4" bw="32" slack="0"/>
<pin id="131" dir="0" index="5" bw="10" slack="0"/>
<pin id="132" dir="0" index="6" bw="13" slack="0"/>
<pin id="133" dir="0" index="7" bw="14" slack="0"/>
<pin id="134" dir="0" index="8" bw="13" slack="0"/>
<pin id="135" dir="0" index="9" bw="10" slack="0"/>
<pin id="136" dir="0" index="10" bw="16" slack="0"/>
<pin id="137" dir="1" index="11" bw="144" slack="0"/>
</pin_list>
<bind>
<opcode="call(48) " fcode="call"/>
<opset="call_ret6_i/2 call_ret5_i/2 call_ret4_i/7 "/>
</bind>
</comp>

<comp id="154" class="1004" name="grp_FIR_filter_2_fu_154">
<pin_list>
<pin id="155" dir="0" index="0" bw="176" slack="0"/>
<pin id="156" dir="0" index="1" bw="32" slack="0"/>
<pin id="157" dir="0" index="2" bw="32" slack="0"/>
<pin id="158" dir="0" index="3" bw="32" slack="0"/>
<pin id="159" dir="0" index="4" bw="32" slack="0"/>
<pin id="160" dir="0" index="5" bw="32" slack="0"/>
<pin id="161" dir="0" index="6" bw="16" slack="0"/>
<pin id="162" dir="1" index="7" bw="176" slack="0"/>
</pin_list>
<bind>
<opcode="call(48) " fcode="call"/>
<opset="call_ret_i/4 "/>
</bind>
</comp>

<comp id="165" class="1004" name="grp_fu_165">
<pin_list>
<pin id="166" dir="0" index="0" bw="144" slack="0"/>
<pin id="167" dir="1" index="1" bw="16" slack="0"/>
</pin_list>
<bind>
<opcode="extractvalue(56) " fcode="extractvalue"/>
<opset="newret51_i/3 newret41_i/3 newret61_i/8 "/>
</bind>
</comp>

<comp id="169" class="1004" name="grp_fu_169">
<pin_list>
<pin id="170" dir="0" index="0" bw="144" slack="0"/>
<pin id="171" dir="1" index="1" bw="32" slack="0"/>
</pin_list>
<bind>
<opcode="extractvalue(56) " fcode="extractvalue"/>
<opset="newret53_i/3 newret43_i/3 newret63_i/8 "/>
</bind>
</comp>

<comp id="173" class="1004" name="grp_fu_173">
<pin_list>
<pin id="174" dir="0" index="0" bw="144" slack="0"/>
<pin id="175" dir="1" index="1" bw="32" slack="0"/>
</pin_list>
<bind>
<opcode="extractvalue(56) " fcode="extractvalue"/>
<opset="newret55_i/3 newret45_i/3 newret65_i/8 "/>
</bind>
</comp>

<comp id="177" class="1004" name="grp_fu_177">
<pin_list>
<pin id="178" dir="0" index="0" bw="144" slack="0"/>
<pin id="179" dir="1" index="1" bw="32" slack="0"/>
</pin_list>
<bind>
<opcode="extractvalue(56) " fcode="extractvalue"/>
<opset="newret57_i/3 newret47_i/3 newret67_i/8 "/>
</bind>
</comp>

<comp id="181" class="1004" name="grp_fu_181">
<pin_list>
<pin id="182" dir="0" index="0" bw="144" slack="0"/>
<pin id="183" dir="1" index="1" bw="32" slack="0"/>
</pin_list>
<bind>
<opcode="extractvalue(56) " fcode="extractvalue"/>
<opset="newret59_i/3 newret49_i/3 newret69_i/8 "/>
</bind>
</comp>

<comp id="185" class="1004" name="mod_value_2_load_load_fu_185">
<pin_list>
<pin id="186" dir="0" index="0" bw="2" slack="0"/>
<pin id="187" dir="1" index="1" bw="2" slack="1"/>
</pin_list>
<bind>
<opcode="load(27) " fcode="load"/>
<opset="mod_value_2_load/1 "/>
</bind>
</comp>

<comp id="189" class="1004" name="p_ZL19H_filter_FIR_dec_42_0_load_load_fu_189">
<pin_list>
<pin id="190" dir="0" index="0" bw="32" slack="0"/>
<pin id="191" dir="1" index="1" bw="32" slack="0"/>
</pin_list>
<bind>
<opcode="load(27) " fcode="load"/>
<opset="p_ZL19H_filter_FIR_dec_42_0_load/2 "/>
</bind>
</comp>

<comp id="194" class="1004" name="p_ZL19H_filter_FIR_dec_42_1_load_load_fu_194">
<pin_list>
<pin id="195" dir="0" index="0" bw="32" slack="0"/>
<pin id="196" dir="1" index="1" bw="32" slack="0"/>
</pin_list>
<bind>
<opcode="load(27) " fcode="load"/>
<opset="p_ZL19H_filter_FIR_dec_42_1_load/2 "/>
</bind>
</comp>

<comp id="199" class="1004" name="p_ZL19H_filter_FIR_dec_42_2_load_load_fu_199">
<pin_list>
<pin id="200" dir="0" index="0" bw="32" slack="0"/>
<pin id="201" dir="1" index="1" bw="32" slack="0"/>
</pin_list>
<bind>
<opcode="load(27) " fcode="load"/>
<opset="p_ZL19H_filter_FIR_dec_42_2_load/2 "/>
</bind>
</comp>

<comp id="204" class="1004" name="p_ZL19H_filter_FIR_dec_42_3_load_load_fu_204">
<pin_list>
<pin id="205" dir="0" index="0" bw="32" slack="0"/>
<pin id="206" dir="1" index="1" bw="32" slack="0"/>
</pin_list>
<bind>
<opcode="load(27) " fcode="load"/>
<opset="p_ZL19H_filter_FIR_dec_42_3_load/2 "/>
</bind>
</comp>

<comp id="209" class="1004" name="p_ZL19H_filter_FIR_dec_43_0_load_load_fu_209">
<pin_list>
<pin id="210" dir="0" index="0" bw="32" slack="0"/>
<pin id="211" dir="1" index="1" bw="32" slack="0"/>
</pin_list>
<bind>
<opcode="load(27) " fcode="load"/>
<opset="p_ZL19H_filter_FIR_dec_43_0_load/2 "/>
</bind>
</comp>

<comp id="214" class="1004" name="p_ZL19H_filter_FIR_dec_43_1_load_load_fu_214">
<pin_list>
<pin id="215" dir="0" index="0" bw="32" slack="0"/>
<pin id="216" dir="1" index="1" bw="32" slack="0"/>
</pin_list>
<bind>
<opcode="load(27) " fcode="load"/>
<opset="p_ZL19H_filter_FIR_dec_43_1_load/2 "/>
</bind>
</comp>

<comp id="219" class="1004" name="p_ZL19H_filter_FIR_dec_43_2_load_load_fu_219">
<pin_list>
<pin id="220" dir="0" index="0" bw="32" slack="0"/>
<pin id="221" dir="1" index="1" bw="32" slack="0"/>
</pin_list>
<bind>
<opcode="load(27) " fcode="load"/>
<opset="p_ZL19H_filter_FIR_dec_43_2_load/2 "/>
</bind>
</comp>

<comp id="224" class="1004" name="p_ZL19H_filter_FIR_dec_43_3_load_load_fu_224">
<pin_list>
<pin id="225" dir="0" index="0" bw="32" slack="0"/>
<pin id="226" dir="1" index="1" bw="32" slack="0"/>
</pin_list>
<bind>
<opcode="load(27) " fcode="load"/>
<opset="p_ZL19H_filter_FIR_dec_43_3_load/2 "/>
</bind>
</comp>

<comp id="229" class="1004" name="store_ln74_store_fu_229">
<pin_list>
<pin id="230" dir="0" index="0" bw="32" slack="0"/>
<pin id="231" dir="0" index="1" bw="32" slack="0"/>
<pin id="232" dir="1" index="2" bw="0" slack="2147483647"/>
</pin_list>
<bind>
<opcode="store(28) " fcode="store"/>
<opset="store_ln74/3 "/>
</bind>
</comp>

<comp id="235" class="1004" name="store_ln74_store_fu_235">
<pin_list>
<pin id="236" dir="0" index="0" bw="32" slack="0"/>
<pin id="237" dir="0" index="1" bw="32" slack="0"/>
<pin id="238" dir="1" index="2" bw="0" slack="2147483647"/>
</pin_list>
<bind>
<opcode="store(28) " fcode="store"/>
<opset="store_ln74/3 "/>
</bind>
</comp>

<comp id="241" class="1004" name="store_ln74_store_fu_241">
<pin_list>
<pin id="242" dir="0" index="0" bw="32" slack="0"/>
<pin id="243" dir="0" index="1" bw="32" slack="0"/>
<pin id="244" dir="1" index="2" bw="0" slack="2147483647"/>
</pin_list>
<bind>
<opcode="store(28) " fcode="store"/>
<opset="store_ln74/3 "/>
</bind>
</comp>

<comp id="247" class="1004" name="store_ln74_store_fu_247">
<pin_list>
<pin id="248" dir="0" index="0" bw="32" slack="0"/>
<pin id="249" dir="0" index="1" bw="32" slack="0"/>
<pin id="250" dir="1" index="2" bw="0" slack="2147483647"/>
</pin_list>
<bind>
<opcode="store(28) " fcode="store"/>
<opset="store_ln74/3 "/>
</bind>
</comp>

<comp id="253" class="1004" name="store_ln74_store_fu_253">
<pin_list>
<pin id="254" dir="0" index="0" bw="16" slack="0"/>
<pin id="255" dir="0" index="1" bw="16" slack="0"/>
<pin id="256" dir="1" index="2" bw="0" slack="2147483647"/>
</pin_list>
<bind>
<opcode="store(28) " fcode="store"/>
<opset="store_ln74/3 "/>
</bind>
</comp>

<comp id="259" class="1004" name="store_ln70_store_fu_259">
<pin_list>
<pin id="260" dir="0" index="0" bw="32" slack="0"/>
<pin id="261" dir="0" index="1" bw="32" slack="0"/>
<pin id="262" dir="1" index="2" bw="0" slack="2147483647"/>
</pin_list>
<bind>
<opcode="store(28) " fcode="store"/>
<opset="store_ln70/3 "/>
</bind>
</comp>

<comp id="265" class="1004" name="store_ln70_store_fu_265">
<pin_list>
<pin id="266" dir="0" index="0" bw="32" slack="0"/>
<pin id="267" dir="0" index="1" bw="32" slack="0"/>
<pin id="268" dir="1" index="2" bw="0" slack="2147483647"/>
</pin_list>
<bind>
<opcode="store(28) " fcode="store"/>
<opset="store_ln70/3 "/>
</bind>
</comp>

<comp id="271" class="1004" name="store_ln70_store_fu_271">
<pin_list>
<pin id="272" dir="0" index="0" bw="32" slack="0"/>
<pin id="273" dir="0" index="1" bw="32" slack="0"/>
<pin id="274" dir="1" index="2" bw="0" slack="2147483647"/>
</pin_list>
<bind>
<opcode="store(28) " fcode="store"/>
<opset="store_ln70/3 "/>
</bind>
</comp>

<comp id="277" class="1004" name="store_ln70_store_fu_277">
<pin_list>
<pin id="278" dir="0" index="0" bw="32" slack="0"/>
<pin id="279" dir="0" index="1" bw="32" slack="0"/>
<pin id="280" dir="1" index="2" bw="0" slack="2147483647"/>
</pin_list>
<bind>
<opcode="store(28) " fcode="store"/>
<opset="store_ln70/3 "/>
</bind>
</comp>

<comp id="283" class="1004" name="store_ln70_store_fu_283">
<pin_list>
<pin id="284" dir="0" index="0" bw="16" slack="0"/>
<pin id="285" dir="0" index="1" bw="16" slack="0"/>
<pin id="286" dir="1" index="2" bw="0" slack="2147483647"/>
</pin_list>
<bind>
<opcode="store(28) " fcode="store"/>
<opset="store_ln70/3 "/>
</bind>
</comp>

<comp id="289" class="1004" name="p_ZL19H_filter_FIR_dec_40_0_load_load_fu_289">
<pin_list>
<pin id="290" dir="0" index="0" bw="32" slack="0"/>
<pin id="291" dir="1" index="1" bw="32" slack="0"/>
</pin_list>
<bind>
<opcode="load(27) " fcode="load"/>
<opset="p_ZL19H_filter_FIR_dec_40_0_load/4 "/>
</bind>
</comp>

<comp id="294" class="1004" name="p_ZL19H_filter_FIR_dec_40_1_load_load_fu_294">
<pin_list>
<pin id="295" dir="0" index="0" bw="32" slack="0"/>
<pin id="296" dir="1" index="1" bw="32" slack="0"/>
</pin_list>
<bind>
<opcode="load(27) " fcode="load"/>
<opset="p_ZL19H_filter_FIR_dec_40_1_load/4 "/>
</bind>
</comp>

<comp id="299" class="1004" name="p_ZL19H_filter_FIR_dec_40_2_load_load_fu_299">
<pin_list>
<pin id="300" dir="0" index="0" bw="32" slack="0"/>
<pin id="301" dir="1" index="1" bw="32" slack="0"/>
</pin_list>
<bind>
<opcode="load(27) " fcode="load"/>
<opset="p_ZL19H_filter_FIR_dec_40_2_load/4 "/>
</bind>
</comp>

<comp id="304" class="1004" name="p_ZL19H_filter_FIR_dec_40_3_load_load_fu_304">
<pin_list>
<pin id="305" dir="0" index="0" bw="32" slack="0"/>
<pin id="306" dir="1" index="1" bw="32" slack="0"/>
</pin_list>
<bind>
<opcode="load(27) " fcode="load"/>
<opset="p_ZL19H_filter_FIR_dec_40_3_load/4 "/>
</bind>
</comp>

<comp id="309" class="1004" name="p_ZL19H_filter_FIR_dec_40_4_load_load_fu_309">
<pin_list>
<pin id="310" dir="0" index="0" bw="32" slack="0"/>
<pin id="311" dir="1" index="1" bw="32" slack="0"/>
</pin_list>
<bind>
<opcode="load(27) " fcode="load"/>
<opset="p_ZL19H_filter_FIR_dec_40_4_load/4 "/>
</bind>
</comp>

<comp id="314" class="1004" name="newret_i_fu_314">
<pin_list>
<pin id="315" dir="0" index="0" bw="176" slack="0"/>
<pin id="316" dir="1" index="1" bw="16" slack="0"/>
</pin_list>
<bind>
<opcode="extractvalue(56) " fcode="extractvalue"/>
<opset="newret_i/5 "/>
</bind>
</comp>

<comp id="318" class="1004" name="newret31_i_fu_318">
<pin_list>
<pin id="319" dir="0" index="0" bw="176" slack="0"/>
<pin id="320" dir="1" index="1" bw="32" slack="0"/>
</pin_list>
<bind>
<opcode="extractvalue(56) " fcode="extractvalue"/>
<opset="newret31_i/5 "/>
</bind>
</comp>

<comp id="322" class="1004" name="newret33_i_fu_322">
<pin_list>
<pin id="323" dir="0" index="0" bw="176" slack="0"/>
<pin id="324" dir="1" index="1" bw="32" slack="0"/>
</pin_list>
<bind>
<opcode="extractvalue(56) " fcode="extractvalue"/>
<opset="newret33_i/5 "/>
</bind>
</comp>

<comp id="326" class="1004" name="newret35_i_fu_326">
<pin_list>
<pin id="327" dir="0" index="0" bw="176" slack="0"/>
<pin id="328" dir="1" index="1" bw="32" slack="0"/>
</pin_list>
<bind>
<opcode="extractvalue(56) " fcode="extractvalue"/>
<opset="newret35_i/5 "/>
</bind>
</comp>

<comp id="330" class="1004" name="newret37_i_fu_330">
<pin_list>
<pin id="331" dir="0" index="0" bw="176" slack="0"/>
<pin id="332" dir="1" index="1" bw="32" slack="0"/>
</pin_list>
<bind>
<opcode="extractvalue(56) " fcode="extractvalue"/>
<opset="newret37_i/5 "/>
</bind>
</comp>

<comp id="334" class="1004" name="newret39_i_fu_334">
<pin_list>
<pin id="335" dir="0" index="0" bw="176" slack="0"/>
<pin id="336" dir="1" index="1" bw="32" slack="0"/>
</pin_list>
<bind>
<opcode="extractvalue(56) " fcode="extractvalue"/>
<opset="newret39_i/5 "/>
</bind>
</comp>

<comp id="338" class="1004" name="store_ln65_store_fu_338">
<pin_list>
<pin id="339" dir="0" index="0" bw="32" slack="0"/>
<pin id="340" dir="0" index="1" bw="32" slack="0"/>
<pin id="341" dir="1" index="2" bw="0" slack="2147483647"/>
</pin_list>
<bind>
<opcode="store(28) " fcode="store"/>
<opset="store_ln65/5 "/>
</bind>
</comp>

<comp id="344" class="1004" name="store_ln65_store_fu_344">
<pin_list>
<pin id="345" dir="0" index="0" bw="32" slack="0"/>
<pin id="346" dir="0" index="1" bw="32" slack="0"/>
<pin id="347" dir="1" index="2" bw="0" slack="2147483647"/>
</pin_list>
<bind>
<opcode="store(28) " fcode="store"/>
<opset="store_ln65/5 "/>
</bind>
</comp>

<comp id="350" class="1004" name="store_ln65_store_fu_350">
<pin_list>
<pin id="351" dir="0" index="0" bw="32" slack="0"/>
<pin id="352" dir="0" index="1" bw="32" slack="0"/>
<pin id="353" dir="1" index="2" bw="0" slack="2147483647"/>
</pin_list>
<bind>
<opcode="store(28) " fcode="store"/>
<opset="store_ln65/5 "/>
</bind>
</comp>

<comp id="356" class="1004" name="store_ln65_store_fu_356">
<pin_list>
<pin id="357" dir="0" index="0" bw="32" slack="0"/>
<pin id="358" dir="0" index="1" bw="32" slack="0"/>
<pin id="359" dir="1" index="2" bw="0" slack="2147483647"/>
</pin_list>
<bind>
<opcode="store(28) " fcode="store"/>
<opset="store_ln65/5 "/>
</bind>
</comp>

<comp id="362" class="1004" name="store_ln65_store_fu_362">
<pin_list>
<pin id="363" dir="0" index="0" bw="32" slack="0"/>
<pin id="364" dir="0" index="1" bw="32" slack="0"/>
<pin id="365" dir="1" index="2" bw="0" slack="2147483647"/>
</pin_list>
<bind>
<opcode="store(28) " fcode="store"/>
<opset="store_ln65/5 "/>
</bind>
</comp>

<comp id="368" class="1004" name="y1_phase3_load_load_fu_368">
<pin_list>
<pin id="369" dir="0" index="0" bw="16" slack="0"/>
<pin id="370" dir="1" index="1" bw="16" slack="0"/>
</pin_list>
<bind>
<opcode="load(27) " fcode="load"/>
<opset="y1_phase3_load/5 "/>
</bind>
</comp>

<comp id="372" class="1004" name="add_ln66_1_fu_372">
<pin_list>
<pin id="373" dir="0" index="0" bw="16" slack="0"/>
<pin id="374" dir="0" index="1" bw="16" slack="0"/>
<pin id="375" dir="1" index="2" bw="16" slack="1"/>
</pin_list>
<bind>
<opcode="add(8) " fcode="add"/>
<opset="add_ln66_1/5 "/>
</bind>
</comp>

<comp id="378" class="1004" name="y1_phase1_load_load_fu_378">
<pin_list>
<pin id="379" dir="0" index="0" bw="16" slack="0"/>
<pin id="380" dir="1" index="1" bw="16" slack="0"/>
</pin_list>
<bind>
<opcode="load(27) " fcode="load"/>
<opset="y1_phase1_load/6 "/>
</bind>
</comp>

<comp id="382" class="1004" name="y1_phase2_load_load_fu_382">
<pin_list>
<pin id="383" dir="0" index="0" bw="16" slack="0"/>
<pin id="384" dir="1" index="1" bw="16" slack="0"/>
</pin_list>
<bind>
<opcode="load(27) " fcode="load"/>
<opset="y1_phase2_load/6 "/>
</bind>
</comp>

<comp id="386" class="1004" name="add_ln66_fu_386">
<pin_list>
<pin id="387" dir="0" index="0" bw="16" slack="0"/>
<pin id="388" dir="0" index="1" bw="16" slack="0"/>
<pin id="389" dir="1" index="2" bw="16" slack="0"/>
</pin_list>
<bind>
<opcode="add(8) " fcode="add"/>
<opset="add_ln66/6 "/>
</bind>
</comp>

<comp id="392" class="1004" name="add_ln66_2_fu_392">
<pin_list>
<pin id="393" dir="0" index="0" bw="16" slack="1"/>
<pin id="394" dir="0" index="1" bw="16" slack="0"/>
<pin id="395" dir="1" index="2" bw="16" slack="0"/>
</pin_list>
<bind>
<opcode="add(8) " fcode="add"/>
<opset="add_ln66_2/6 "/>
</bind>
</comp>

<comp id="398" class="1004" name="store_ln0_store_fu_398">
<pin_list>
<pin id="399" dir="0" index="0" bw="2" slack="0"/>
<pin id="400" dir="0" index="1" bw="2" slack="0"/>
<pin id="401" dir="1" index="2" bw="0" slack="2147483647"/>
</pin_list>
<bind>
<opcode="store(28) " fcode="store"/>
<opset="store_ln0/6 "/>
</bind>
</comp>

<comp id="404" class="1004" name="p_ZL19H_filter_FIR_dec_41_0_load_load_fu_404">
<pin_list>
<pin id="405" dir="0" index="0" bw="32" slack="0"/>
<pin id="406" dir="1" index="1" bw="32" slack="0"/>
</pin_list>
<bind>
<opcode="load(27) " fcode="load"/>
<opset="p_ZL19H_filter_FIR_dec_41_0_load/7 "/>
</bind>
</comp>

<comp id="409" class="1004" name="p_ZL19H_filter_FIR_dec_41_1_load_load_fu_409">
<pin_list>
<pin id="410" dir="0" index="0" bw="32" slack="0"/>
<pin id="411" dir="1" index="1" bw="32" slack="0"/>
</pin_list>
<bind>
<opcode="load(27) " fcode="load"/>
<opset="p_ZL19H_filter_FIR_dec_41_1_load/7 "/>
</bind>
</comp>

<comp id="414" class="1004" name="p_ZL19H_filter_FIR_dec_41_2_load_load_fu_414">
<pin_list>
<pin id="415" dir="0" index="0" bw="32" slack="0"/>
<pin id="416" dir="1" index="1" bw="32" slack="0"/>
</pin_list>
<bind>
<opcode="load(27) " fcode="load"/>
<opset="p_ZL19H_filter_FIR_dec_41_2_load/7 "/>
</bind>
</comp>

<comp id="419" class="1004" name="p_ZL19H_filter_FIR_dec_41_3_load_load_fu_419">
<pin_list>
<pin id="420" dir="0" index="0" bw="32" slack="0"/>
<pin id="421" dir="1" index="1" bw="32" slack="0"/>
</pin_list>
<bind>
<opcode="load(27) " fcode="load"/>
<opset="p_ZL19H_filter_FIR_dec_41_3_load/7 "/>
</bind>
</comp>

<comp id="424" class="1004" name="store_ln79_store_fu_424">
<pin_list>
<pin id="425" dir="0" index="0" bw="32" slack="0"/>
<pin id="426" dir="0" index="1" bw="32" slack="0"/>
<pin id="427" dir="1" index="2" bw="0" slack="2147483647"/>
</pin_list>
<bind>
<opcode="store(28) " fcode="store"/>
<opset="store_ln79/8 "/>
</bind>
</comp>

<comp id="430" class="1004" name="store_ln79_store_fu_430">
<pin_list>
<pin id="431" dir="0" index="0" bw="32" slack="0"/>
<pin id="432" dir="0" index="1" bw="32" slack="0"/>
<pin id="433" dir="1" index="2" bw="0" slack="2147483647"/>
</pin_list>
<bind>
<opcode="store(28) " fcode="store"/>
<opset="store_ln79/8 "/>
</bind>
</comp>

<comp id="436" class="1004" name="store_ln79_store_fu_436">
<pin_list>
<pin id="437" dir="0" index="0" bw="32" slack="0"/>
<pin id="438" dir="0" index="1" bw="32" slack="0"/>
<pin id="439" dir="1" index="2" bw="0" slack="2147483647"/>
</pin_list>
<bind>
<opcode="store(28) " fcode="store"/>
<opset="store_ln79/8 "/>
</bind>
</comp>

<comp id="442" class="1004" name="store_ln79_store_fu_442">
<pin_list>
<pin id="443" dir="0" index="0" bw="32" slack="0"/>
<pin id="444" dir="0" index="1" bw="32" slack="0"/>
<pin id="445" dir="1" index="2" bw="0" slack="2147483647"/>
</pin_list>
<bind>
<opcode="store(28) " fcode="store"/>
<opset="store_ln79/8 "/>
</bind>
</comp>

<comp id="448" class="1004" name="store_ln79_store_fu_448">
<pin_list>
<pin id="449" dir="0" index="0" bw="16" slack="0"/>
<pin id="450" dir="0" index="1" bw="16" slack="0"/>
<pin id="451" dir="1" index="2" bw="0" slack="2147483647"/>
</pin_list>
<bind>
<opcode="store(28) " fcode="store"/>
<opset="store_ln79/8 "/>
</bind>
</comp>

<comp id="454" class="1005" name="mod_value_2_load_reg_454">
<pin_list>
<pin id="455" dir="0" index="0" bw="2" slack="1"/>
<pin id="456" dir="1" index="1" bw="2" slack="2147483647"/>
</pin_list>
<bind>
<opset="mod_value_2_load "/>
</bind>
</comp>

<comp id="458" class="1005" name="add_ln66_1_reg_458">
<pin_list>
<pin id="459" dir="0" index="0" bw="16" slack="1"/>
<pin id="460" dir="1" index="1" bw="16" slack="1"/>
</pin_list>
<bind>
<opset="add_ln66_1 "/>
</bind>
</comp>

</comp_list>

<net_list>
<net id="96"><net_src comp="66" pin="0"/><net_sink comp="92" pin=0"/></net>

<net id="97"><net_src comp="0" pin="0"/><net_sink comp="92" pin=1"/></net>

<net id="103"><net_src comp="88" pin="0"/><net_sink comp="98" pin=0"/></net>

<net id="104"><net_src comp="20" pin="0"/><net_sink comp="98" pin=1"/></net>

<net id="108"><net_src comp="64" pin="0"/><net_sink comp="105" pin=0"/></net>

<net id="109"><net_src comp="60" pin="0"/><net_sink comp="105" pin=0"/></net>

<net id="110"><net_src comp="90" pin="0"/><net_sink comp="105" pin=0"/></net>

<net id="121"><net_src comp="62" pin="0"/><net_sink comp="111" pin=0"/></net>

<net id="122"><net_src comp="105" pin="1"/><net_sink comp="111" pin=2"/></net>

<net id="123"><net_src comp="105" pin="1"/><net_sink comp="111" pin=4"/></net>

<net id="124"><net_src comp="105" pin="1"/><net_sink comp="111" pin=6"/></net>

<net id="138"><net_src comp="68" pin="0"/><net_sink comp="125" pin=0"/></net>

<net id="139"><net_src comp="70" pin="0"/><net_sink comp="125" pin=5"/></net>

<net id="140"><net_src comp="72" pin="0"/><net_sink comp="125" pin=6"/></net>

<net id="141"><net_src comp="74" pin="0"/><net_sink comp="125" pin=7"/></net>

<net id="142"><net_src comp="72" pin="0"/><net_sink comp="125" pin=8"/></net>

<net id="143"><net_src comp="70" pin="0"/><net_sink comp="125" pin=9"/></net>

<net id="144"><net_src comp="92" pin="2"/><net_sink comp="125" pin=10"/></net>

<net id="145"><net_src comp="76" pin="0"/><net_sink comp="125" pin=5"/></net>

<net id="146"><net_src comp="78" pin="0"/><net_sink comp="125" pin=6"/></net>

<net id="147"><net_src comp="80" pin="0"/><net_sink comp="125" pin=7"/></net>

<net id="148"><net_src comp="82" pin="0"/><net_sink comp="125" pin=8"/></net>

<net id="149"><net_src comp="84" pin="0"/><net_sink comp="125" pin=9"/></net>

<net id="150"><net_src comp="84" pin="0"/><net_sink comp="125" pin=5"/></net>

<net id="151"><net_src comp="82" pin="0"/><net_sink comp="125" pin=6"/></net>

<net id="152"><net_src comp="78" pin="0"/><net_sink comp="125" pin=8"/></net>

<net id="153"><net_src comp="76" pin="0"/><net_sink comp="125" pin=9"/></net>

<net id="163"><net_src comp="86" pin="0"/><net_sink comp="154" pin=0"/></net>

<net id="164"><net_src comp="92" pin="2"/><net_sink comp="154" pin=6"/></net>

<net id="168"><net_src comp="125" pin="11"/><net_sink comp="165" pin=0"/></net>

<net id="172"><net_src comp="125" pin="11"/><net_sink comp="169" pin=0"/></net>

<net id="176"><net_src comp="125" pin="11"/><net_sink comp="173" pin=0"/></net>

<net id="180"><net_src comp="125" pin="11"/><net_sink comp="177" pin=0"/></net>

<net id="184"><net_src comp="125" pin="11"/><net_sink comp="181" pin=0"/></net>

<net id="188"><net_src comp="2" pin="0"/><net_sink comp="185" pin=0"/></net>

<net id="192"><net_src comp="30" pin="0"/><net_sink comp="189" pin=0"/></net>

<net id="193"><net_src comp="189" pin="1"/><net_sink comp="125" pin=1"/></net>

<net id="197"><net_src comp="32" pin="0"/><net_sink comp="194" pin=0"/></net>

<net id="198"><net_src comp="194" pin="1"/><net_sink comp="125" pin=2"/></net>

<net id="202"><net_src comp="34" pin="0"/><net_sink comp="199" pin=0"/></net>

<net id="203"><net_src comp="199" pin="1"/><net_sink comp="125" pin=3"/></net>

<net id="207"><net_src comp="36" pin="0"/><net_sink comp="204" pin=0"/></net>

<net id="208"><net_src comp="204" pin="1"/><net_sink comp="125" pin=4"/></net>

<net id="212"><net_src comp="22" pin="0"/><net_sink comp="209" pin=0"/></net>

<net id="213"><net_src comp="209" pin="1"/><net_sink comp="125" pin=1"/></net>

<net id="217"><net_src comp="24" pin="0"/><net_sink comp="214" pin=0"/></net>

<net id="218"><net_src comp="214" pin="1"/><net_sink comp="125" pin=2"/></net>

<net id="222"><net_src comp="26" pin="0"/><net_sink comp="219" pin=0"/></net>

<net id="223"><net_src comp="219" pin="1"/><net_sink comp="125" pin=3"/></net>

<net id="227"><net_src comp="28" pin="0"/><net_sink comp="224" pin=0"/></net>

<net id="228"><net_src comp="224" pin="1"/><net_sink comp="125" pin=4"/></net>

<net id="233"><net_src comp="169" pin="1"/><net_sink comp="229" pin=0"/></net>

<net id="234"><net_src comp="30" pin="0"/><net_sink comp="229" pin=1"/></net>

<net id="239"><net_src comp="173" pin="1"/><net_sink comp="235" pin=0"/></net>

<net id="240"><net_src comp="32" pin="0"/><net_sink comp="235" pin=1"/></net>

<net id="245"><net_src comp="177" pin="1"/><net_sink comp="241" pin=0"/></net>

<net id="246"><net_src comp="34" pin="0"/><net_sink comp="241" pin=1"/></net>

<net id="251"><net_src comp="181" pin="1"/><net_sink comp="247" pin=0"/></net>

<net id="252"><net_src comp="36" pin="0"/><net_sink comp="247" pin=1"/></net>

<net id="257"><net_src comp="165" pin="1"/><net_sink comp="253" pin=0"/></net>

<net id="258"><net_src comp="16" pin="0"/><net_sink comp="253" pin=1"/></net>

<net id="263"><net_src comp="169" pin="1"/><net_sink comp="259" pin=0"/></net>

<net id="264"><net_src comp="22" pin="0"/><net_sink comp="259" pin=1"/></net>

<net id="269"><net_src comp="173" pin="1"/><net_sink comp="265" pin=0"/></net>

<net id="270"><net_src comp="24" pin="0"/><net_sink comp="265" pin=1"/></net>

<net id="275"><net_src comp="177" pin="1"/><net_sink comp="271" pin=0"/></net>

<net id="276"><net_src comp="26" pin="0"/><net_sink comp="271" pin=1"/></net>

<net id="281"><net_src comp="181" pin="1"/><net_sink comp="277" pin=0"/></net>

<net id="282"><net_src comp="28" pin="0"/><net_sink comp="277" pin=1"/></net>

<net id="287"><net_src comp="165" pin="1"/><net_sink comp="283" pin=0"/></net>

<net id="288"><net_src comp="14" pin="0"/><net_sink comp="283" pin=1"/></net>

<net id="292"><net_src comp="4" pin="0"/><net_sink comp="289" pin=0"/></net>

<net id="293"><net_src comp="289" pin="1"/><net_sink comp="154" pin=1"/></net>

<net id="297"><net_src comp="6" pin="0"/><net_sink comp="294" pin=0"/></net>

<net id="298"><net_src comp="294" pin="1"/><net_sink comp="154" pin=2"/></net>

<net id="302"><net_src comp="8" pin="0"/><net_sink comp="299" pin=0"/></net>

<net id="303"><net_src comp="299" pin="1"/><net_sink comp="154" pin=3"/></net>

<net id="307"><net_src comp="10" pin="0"/><net_sink comp="304" pin=0"/></net>

<net id="308"><net_src comp="304" pin="1"/><net_sink comp="154" pin=4"/></net>

<net id="312"><net_src comp="12" pin="0"/><net_sink comp="309" pin=0"/></net>

<net id="313"><net_src comp="309" pin="1"/><net_sink comp="154" pin=5"/></net>

<net id="317"><net_src comp="154" pin="7"/><net_sink comp="314" pin=0"/></net>

<net id="321"><net_src comp="154" pin="7"/><net_sink comp="318" pin=0"/></net>

<net id="325"><net_src comp="154" pin="7"/><net_sink comp="322" pin=0"/></net>

<net id="329"><net_src comp="154" pin="7"/><net_sink comp="326" pin=0"/></net>

<net id="333"><net_src comp="154" pin="7"/><net_sink comp="330" pin=0"/></net>

<net id="337"><net_src comp="154" pin="7"/><net_sink comp="334" pin=0"/></net>

<net id="342"><net_src comp="318" pin="1"/><net_sink comp="338" pin=0"/></net>

<net id="343"><net_src comp="4" pin="0"/><net_sink comp="338" pin=1"/></net>

<net id="348"><net_src comp="322" pin="1"/><net_sink comp="344" pin=0"/></net>

<net id="349"><net_src comp="6" pin="0"/><net_sink comp="344" pin=1"/></net>

<net id="354"><net_src comp="326" pin="1"/><net_sink comp="350" pin=0"/></net>

<net id="355"><net_src comp="8" pin="0"/><net_sink comp="350" pin=1"/></net>

<net id="360"><net_src comp="330" pin="1"/><net_sink comp="356" pin=0"/></net>

<net id="361"><net_src comp="10" pin="0"/><net_sink comp="356" pin=1"/></net>

<net id="366"><net_src comp="334" pin="1"/><net_sink comp="362" pin=0"/></net>

<net id="367"><net_src comp="12" pin="0"/><net_sink comp="362" pin=1"/></net>

<net id="371"><net_src comp="18" pin="0"/><net_sink comp="368" pin=0"/></net>

<net id="376"><net_src comp="368" pin="1"/><net_sink comp="372" pin=0"/></net>

<net id="377"><net_src comp="314" pin="1"/><net_sink comp="372" pin=1"/></net>

<net id="381"><net_src comp="14" pin="0"/><net_sink comp="378" pin=0"/></net>

<net id="385"><net_src comp="16" pin="0"/><net_sink comp="382" pin=0"/></net>

<net id="390"><net_src comp="378" pin="1"/><net_sink comp="386" pin=0"/></net>

<net id="391"><net_src comp="382" pin="1"/><net_sink comp="386" pin=1"/></net>

<net id="396"><net_src comp="386" pin="2"/><net_sink comp="392" pin=1"/></net>

<net id="397"><net_src comp="392" pin="2"/><net_sink comp="98" pin=2"/></net>

<net id="402"><net_src comp="111" pin="8"/><net_sink comp="398" pin=0"/></net>

<net id="403"><net_src comp="2" pin="0"/><net_sink comp="398" pin=1"/></net>

<net id="407"><net_src comp="38" pin="0"/><net_sink comp="404" pin=0"/></net>

<net id="408"><net_src comp="404" pin="1"/><net_sink comp="125" pin=1"/></net>

<net id="412"><net_src comp="40" pin="0"/><net_sink comp="409" pin=0"/></net>

<net id="413"><net_src comp="409" pin="1"/><net_sink comp="125" pin=2"/></net>

<net id="417"><net_src comp="42" pin="0"/><net_sink comp="414" pin=0"/></net>

<net id="418"><net_src comp="414" pin="1"/><net_sink comp="125" pin=3"/></net>

<net id="422"><net_src comp="44" pin="0"/><net_sink comp="419" pin=0"/></net>

<net id="423"><net_src comp="419" pin="1"/><net_sink comp="125" pin=4"/></net>

<net id="428"><net_src comp="169" pin="1"/><net_sink comp="424" pin=0"/></net>

<net id="429"><net_src comp="38" pin="0"/><net_sink comp="424" pin=1"/></net>

<net id="434"><net_src comp="173" pin="1"/><net_sink comp="430" pin=0"/></net>

<net id="435"><net_src comp="40" pin="0"/><net_sink comp="430" pin=1"/></net>

<net id="440"><net_src comp="177" pin="1"/><net_sink comp="436" pin=0"/></net>

<net id="441"><net_src comp="42" pin="0"/><net_sink comp="436" pin=1"/></net>

<net id="446"><net_src comp="181" pin="1"/><net_sink comp="442" pin=0"/></net>

<net id="447"><net_src comp="44" pin="0"/><net_sink comp="442" pin=1"/></net>

<net id="452"><net_src comp="165" pin="1"/><net_sink comp="448" pin=0"/></net>

<net id="453"><net_src comp="18" pin="0"/><net_sink comp="448" pin=1"/></net>

<net id="457"><net_src comp="185" pin="1"/><net_sink comp="454" pin=0"/></net>

<net id="461"><net_src comp="372" pin="2"/><net_sink comp="458" pin=0"/></net>

<net id="462"><net_src comp="458" pin="1"/><net_sink comp="392" pin=0"/></net>

</net_list>

</model> 
---------------- Datapath Model END ------------------

* FSMD analyzer results:
  - Output states:
	Port: mod_value_2 | {6 }
	Port: p_ZL19H_filter_FIR_dec_40_0 | {5 }
	Port: p_ZL19H_filter_FIR_dec_40_1 | {5 }
	Port: p_ZL19H_filter_FIR_dec_40_2 | {5 }
	Port: p_ZL19H_filter_FIR_dec_40_3 | {5 }
	Port: p_ZL19H_filter_FIR_dec_40_4 | {5 }
	Port: y1_phase1 | {3 }
	Port: y1_phase2 | {3 }
	Port: y1_phase3 | {8 }
	Port: dec_out | {6 }
	Port: p_ZL19H_filter_FIR_dec_43_0 | {3 }
	Port: p_ZL19H_filter_FIR_dec_43_1 | {3 }
	Port: p_ZL19H_filter_FIR_dec_43_2 | {3 }
	Port: p_ZL19H_filter_FIR_dec_43_3 | {3 }
	Port: p_ZL19H_filter_FIR_dec_42_0 | {3 }
	Port: p_ZL19H_filter_FIR_dec_42_1 | {3 }
	Port: p_ZL19H_filter_FIR_dec_42_2 | {3 }
	Port: p_ZL19H_filter_FIR_dec_42_3 | {3 }
	Port: p_ZL19H_filter_FIR_dec_41_0 | {8 }
	Port: p_ZL19H_filter_FIR_dec_41_1 | {8 }
	Port: p_ZL19H_filter_FIR_dec_41_2 | {8 }
	Port: p_ZL19H_filter_FIR_dec_41_3 | {8 }
 - Input state : 
	Port: DECIMATOR : input_r | {2 4 7 }
	Port: DECIMATOR : mod_value_2 | {1 }
	Port: DECIMATOR : p_ZL19H_filter_FIR_dec_40_0 | {4 }
	Port: DECIMATOR : p_ZL19H_filter_FIR_dec_40_1 | {4 }
	Port: DECIMATOR : p_ZL19H_filter_FIR_dec_40_2 | {4 }
	Port: DECIMATOR : p_ZL19H_filter_FIR_dec_40_3 | {4 }
	Port: DECIMATOR : p_ZL19H_filter_FIR_dec_40_4 | {4 }
	Port: DECIMATOR : y1_phase1 | {6 }
	Port: DECIMATOR : y1_phase2 | {6 }
	Port: DECIMATOR : y1_phase3 | {5 }
	Port: DECIMATOR : p_ZL19H_filter_FIR_dec_43_0 | {2 }
	Port: DECIMATOR : p_ZL19H_filter_FIR_dec_43_1 | {2 }
	Port: DECIMATOR : p_ZL19H_filter_FIR_dec_43_2 | {2 }
	Port: DECIMATOR : p_ZL19H_filter_FIR_dec_43_3 | {2 }
	Port: DECIMATOR : p_ZL19H_filter_FIR_dec_42_0 | {2 }
	Port: DECIMATOR : p_ZL19H_filter_FIR_dec_42_1 | {2 }
	Port: DECIMATOR : p_ZL19H_filter_FIR_dec_42_2 | {2 }
	Port: DECIMATOR : p_ZL19H_filter_FIR_dec_42_3 | {2 }
	Port: DECIMATOR : p_ZL19H_filter_FIR_dec_41_0 | {7 }
	Port: DECIMATOR : p_ZL19H_filter_FIR_dec_41_1 | {7 }
	Port: DECIMATOR : p_ZL19H_filter_FIR_dec_41_2 | {7 }
	Port: DECIMATOR : p_ZL19H_filter_FIR_dec_41_3 | {7 }
  - Chain level:
	State 1
		switch_ln64 : 1
	State 2
		call_ret6_i : 1
		call_ret5_i : 1
	State 3
		newret51_i : 1
		newret53_i : 1
		newret55_i : 1
		newret57_i : 1
		newret59_i : 1
		store_ln74 : 2
		store_ln74 : 2
		store_ln74 : 2
		store_ln74 : 2
		store_ln74 : 2
		newret41_i : 1
		newret43_i : 1
		newret45_i : 1
		newret47_i : 1
		newret49_i : 1
		store_ln70 : 2
		store_ln70 : 2
		store_ln70 : 2
		store_ln70 : 2
		store_ln70 : 2
	State 4
		call_ret_i : 1
	State 5
		newret_i : 1
		newret31_i : 1
		newret33_i : 1
		newret35_i : 1
		newret37_i : 1
		newret39_i : 1
		store_ln65 : 2
		store_ln65 : 2
		store_ln65 : 2
		store_ln65 : 2
		store_ln65 : 2
		add_ln66_1 : 2
	State 6
		add_ln66 : 1
		add_ln66_2 : 2
		write_ln66 : 3
		storemerge2_i : 1
		store_ln0 : 2
	State 7
		call_ret4_i : 1
	State 8
		newret61_i : 1
		newret63_i : 1
		newret65_i : 1
		newret67_i : 1
		newret69_i : 1
		store_ln79 : 2
		store_ln79 : 2
		store_ln79 : 2
		store_ln79 : 2
		store_ln79 : 2


============================================================
+ Verbose Summary: Datapath Resource usage 
============================================================

* Functional unit list:
|----------|-------------------------|---------|---------|---------|
| Operation|     Functional Unit     |   DSP   |    FF   |   LUT   |
|----------|-------------------------|---------|---------|---------|
|   call   | grp_FIR_filter_1_fu_125 |    10   |   202   |   312   |
|          | grp_FIR_filter_2_fu_154 |    4    |   204   |   925   |
|----------|-------------------------|---------|---------|---------|
|          |    add_ln66_1_fu_372    |    0    |    0    |    23   |
|    add   |     add_ln66_fu_386     |    0    |    0    |    16   |
|          |    add_ln66_2_fu_392    |    0    |    0    |    16   |
|----------|-------------------------|---------|---------|---------|
|   read   |      grp_read_fu_92     |    0    |    0    |    0    |
|----------|-------------------------|---------|---------|---------|
|   write  |  write_ln66_write_fu_98 |    0    |    0    |    0    |
|----------|-------------------------|---------|---------|---------|
|          |        grp_fu_165       |    0    |    0    |    0    |
|          |        grp_fu_169       |    0    |    0    |    0    |
|          |        grp_fu_173       |    0    |    0    |    0    |
|          |        grp_fu_177       |    0    |    0    |    0    |
|          |        grp_fu_181       |    0    |    0    |    0    |
|extractvalue|     newret_i_fu_314     |    0    |    0    |    0    |
|          |    newret31_i_fu_318    |    0    |    0    |    0    |
|          |    newret33_i_fu_322    |    0    |    0    |    0    |
|          |    newret35_i_fu_326    |    0    |    0    |    0    |
|          |    newret37_i_fu_330    |    0    |    0    |    0    |
|          |    newret39_i_fu_334    |    0    |    0    |    0    |
|----------|-------------------------|---------|---------|---------|
|   Total  |                         |    14   |   406   |   1292  |
|----------|-------------------------|---------|---------|---------|

Memories:
N/A

* Register list:
+------------------------+--------+
|                        |   FF   |
+------------------------+--------+
|   add_ln66_1_reg_458   |   16   |
|mod_value_2_load_reg_454|    2   |
|  storemerge2_i_reg_105 |    2   |
+------------------------+--------+
|          Total         |   20   |
+------------------------+--------+

* Multiplexer (MUX) list: 
|-------------------------|------|------|------|--------||---------||---------||---------|
|           Comp          |  Pin | Size |  BW  | S x BW ||  Delay  ||    FF   ||   LUT   |
|-------------------------|------|------|------|--------||---------||---------||---------|
|  storemerge2_i_reg_105  |  p0  |   3  |   2  |    6   |
| grp_FIR_filter_1_fu_125 |  p1  |   3  |  32  |   96   ||    0    ||    14   |
| grp_FIR_filter_1_fu_125 |  p2  |   3  |  32  |   96   ||    0    ||    14   |
| grp_FIR_filter_1_fu_125 |  p3  |   3  |  32  |   96   ||    0    ||    14   |
| grp_FIR_filter_1_fu_125 |  p4  |   3  |  32  |   96   ||    0    ||    14   |
| grp_FIR_filter_1_fu_125 |  p5  |   3  |  10  |   30   |
| grp_FIR_filter_1_fu_125 |  p6  |   3  |  13  |   39   |
| grp_FIR_filter_1_fu_125 |  p7  |   2  |  14  |   28   |
| grp_FIR_filter_1_fu_125 |  p8  |   3  |  13  |   39   |
| grp_FIR_filter_1_fu_125 |  p9  |   3  |  10  |   30   |
|-------------------------|------|------|------|--------||---------||---------||---------|
|          Total          |      |      |      |   556  ||  4.711  ||    0    ||    56   |
|-------------------------|------|------|------|--------||---------||---------||---------|



* Summary:
+-----------+--------+--------+--------+--------+
|           |   DSP  |  Delay |   FF   |   LUT  |
+-----------+--------+--------+--------+--------+
|  Function |   14   |    -   |   406  |  1292  |
|   Memory  |    -   |    -   |    -   |    -   |
|Multiplexer|    -   |    4   |    0   |   56   |
|  Register |    -   |    -   |   20   |    -   |
+-----------+--------+--------+--------+--------+
|   Total   |   14   |    4   |   426  |  1348  |
+-----------+--------+--------+--------+--------+
