

================================================================
== Vitis HLS Report for 'DECIMATOR'
================================================================
* Date:           Wed Nov 12 23:43:58 2025

* Version:        2024.2 (Build 5238294 on Nov  8 2024)
* Project:        Multirate_v1
* Solution:       hls (Vivado IP Flow Target)
* Product family: zynquplus
* Target device:  xck26-sfvc784-2LV-c


================================================================
== Performance Estimates
================================================================
+ Timing: 
    * Summary: 
    +--------+----------+----------+------------+
    |  Clock |  Target  | Estimated| Uncertainty|
    +--------+----------+----------+------------+
    |ap_clk  |  10.00 ns|  6.720 ns|     2.70 ns|
    +--------+----------+----------+------------+

+ Latency: 
    * Summary: 
    +---------+---------+-----------+-----------+-----+-----+---------+
    |  Latency (cycles) |   Latency (absolute)  |  Interval | Pipeline|
    |   min   |   max   |    min    |    max    | min | max |   Type  |
    +---------+---------+-----------+-----------+-----+-----+---------+
    |        3|        3|  30.000 ns|  30.000 ns|    3|    3|       no|
    +---------+---------+-----------+-----------+-----+-----+---------+

    + Detail: 
        * Instance: 
        N/A

        * Loop: 
        N/A

============================================================
+ Verbose Summary: Synthesis Manager
============================================================
InlineROM: 1
ExposeGlobal: 0
============================================================
+ Verbose Summary: CDFG Model
============================================================
IsTopModel: 0
ResetActiveHigh: 1
IsCombinational: 0
IsDatapathOnly: 0
HasWiredReturn: 1
HasMFsm: 0
HasVarLatency: 1
IsPipeline: 0
IsRtlPipelined: 0
IsInstanceOverlapped: 0
IsDontTouch: 0
HasImplIP: 0
IsGatedGlobalClock: 0


============================================================
+ Verbose Summary: Schedule
============================================================
* Number of FSM states : 8
* Pipeline : 0
* Dataflow Pipeline: 0

* FSM state transitions: 
1 --> 2 4 7 
2 --> 3 
3 --> 6 
4 --> 5 
5 --> 6 
6 --> 
7 --> 8 
8 --> 6 

* FSM state operations: 

State 1 <SV = 0> <Delay = 0.54>
ST_1 : Operation 9 [1/1] (0.00ns)   --->   "%specinterface_ln0 = specinterface void @_ssdm_op_SpecInterface, i16 %dec_out, void @empty_0, i32 0, i32 0, void @empty_3, i32 0, i32 0, void @empty_3, void @empty_3, void @empty_3, i32 0, i32 0, i32 0, i32 0, void @empty_3, void @empty_3, i32 4294967295, i32 0, i32 0"   --->   Operation 9 'specinterface' 'specinterface_ln0' <Predicate = true> <Delay = 0.00>
ST_1 : Operation 10 [1/1] (0.00ns)   --->   "%specinterface_ln0 = specinterface void @_ssdm_op_SpecInterface, i16 %dec_out, void @empty_0, i32 0, i32 0, void @empty_3, i32 0, i32 0, void @empty_3, void @empty_3, void @empty_3, i32 0, i32 0, i32 0, i32 0, void @empty_3, void @empty_3, i32 4294967295, i32 0, i32 0"   --->   Operation 10 'specinterface' 'specinterface_ln0' <Predicate = true> <Delay = 0.00>
ST_1 : Operation 11 [1/1] (0.00ns)   --->   "%specinterface_ln0 = specinterface void @_ssdm_op_SpecInterface, i16 %dec_out, void @empty_0, i32 0, i32 0, void @empty_3, i32 0, i32 0, void @empty_3, void @empty_3, void @empty_3, i32 0, i32 0, i32 0, i32 0, void @empty_3, void @empty_3, i32 4294967295, i32 0, i32 0"   --->   Operation 11 'specinterface' 'specinterface_ln0' <Predicate = true> <Delay = 0.00>
ST_1 : Operation 12 [1/1] (0.00ns)   --->   "%specinterface_ln0 = specinterface void @_ssdm_op_SpecInterface, i16 %input_r, void @empty, i32 0, i32 0, void @empty_4, i32 0, i32 0, void @empty_3, void @empty_3, void @empty_3, i32 0, i32 0, i32 0, i32 0, void @empty_3, void @empty_3, i32 4294967295, i32 0, i32 0"   --->   Operation 12 'specinterface' 'specinterface_ln0' <Predicate = true> <Delay = 0.00>
ST_1 : Operation 13 [1/1] (0.00ns)   --->   "%specinterface_ln0 = specinterface void @_ssdm_op_SpecInterface, i16 %dec_out, void @empty_0, i32 0, i32 0, void @empty_3, i32 0, i32 0, void @empty_3, void @empty_3, void @empty_3, i32 0, i32 0, i32 0, i32 0, void @empty_3, void @empty_3, i32 4294967295, i32 0, i32 0"   --->   Operation 13 'specinterface' 'specinterface_ln0' <Predicate = true> <Delay = 0.00>
ST_1 : Operation 14 [1/1] (0.00ns)   --->   "%mod_value_2_load = load i2 %mod_value_2" [FIR_HLS.cpp:64]   --->   Operation 14 'load' 'mod_value_2_load' <Predicate = true> <Delay = 0.00>
ST_1 : Operation 15 [1/1] (0.54ns)   --->   "%switch_ln64 = switch i2 %mod_value_2_load, void %if.else24.i, i2 0, void %if.then.i, i2 1, void %if.then15.i, i2 2, void %if.then21.i" [FIR_HLS.cpp:64]   --->   Operation 15 'switch' 'switch_ln64' <Predicate = true> <Delay = 0.54>

State 2 <SV = 1> <Delay = 6.72>
ST_2 : Operation 16 [1/1] (0.07ns)   --->   "%input_r_read_3 = read i16 @_ssdm_op_Read.axis.volatile.i16P128A, i16 %input_r" [FIR_HLS.cpp:74]   --->   Operation 16 'read' 'input_r_read_3' <Predicate = (mod_value_2_load == 2)> <Delay = 0.07> <CoreInst = "regslice">   --->   Core 147 'regslice' <Latency = 0> <II = 1> <Delay = 0.59> <Adapter> <Opcode : 'read' 'write'>
ST_2 : Operation 17 [1/1] (0.00ns)   --->   "%p_ZL19H_filter_FIR_dec_42_0_load = load i32 %p_ZL19H_filter_FIR_dec_42_0" [FIR_HLS.cpp:74]   --->   Operation 17 'load' 'p_ZL19H_filter_FIR_dec_42_0_load' <Predicate = (mod_value_2_load == 2)> <Delay = 0.00>
ST_2 : Operation 18 [1/1] (0.00ns)   --->   "%p_ZL19H_filter_FIR_dec_42_1_load = load i32 %p_ZL19H_filter_FIR_dec_42_1" [FIR_HLS.cpp:74]   --->   Operation 18 'load' 'p_ZL19H_filter_FIR_dec_42_1_load' <Predicate = (mod_value_2_load == 2)> <Delay = 0.00>
ST_2 : Operation 19 [1/1] (0.00ns)   --->   "%p_ZL19H_filter_FIR_dec_42_2_load = load i32 %p_ZL19H_filter_FIR_dec_42_2" [FIR_HLS.cpp:74]   --->   Operation 19 'load' 'p_ZL19H_filter_FIR_dec_42_2_load' <Predicate = (mod_value_2_load == 2)> <Delay = 0.00>
ST_2 : Operation 20 [1/1] (0.00ns)   --->   "%p_ZL19H_filter_FIR_dec_42_3_load = load i32 %p_ZL19H_filter_FIR_dec_42_3" [FIR_HLS.cpp:74]   --->   Operation 20 'load' 'p_ZL19H_filter_FIR_dec_42_3_load' <Predicate = (mod_value_2_load == 2)> <Delay = 0.00>
ST_2 : Operation 21 [2/2] (6.64ns)   --->   "%call_ret6_i = call i144 @FIR_filter.1, i32 %p_ZL19H_filter_FIR_dec_42_0_load, i32 %p_ZL19H_filter_FIR_dec_42_1_load, i32 %p_ZL19H_filter_FIR_dec_42_2_load, i32 %p_ZL19H_filter_FIR_dec_42_3_load, i10 50, i13 8105, i14 8285, i13 8105, i10 50, i16 %input_r_read_3" [FIR_HLS.cpp:74]   --->   Operation 21 'call' 'call_ret6_i' <Predicate = (mod_value_2_load == 2)> <Delay = 6.64> <CoreType = "Generic">   --->   Generic Core
ST_2 : Operation 22 [1/1] (0.07ns)   --->   "%input_r_read_2 = read i16 @_ssdm_op_Read.axis.volatile.i16P128A, i16 %input_r" [FIR_HLS.cpp:70]   --->   Operation 22 'read' 'input_r_read_2' <Predicate = (mod_value_2_load == 1)> <Delay = 0.07> <CoreInst = "regslice">   --->   Core 147 'regslice' <Latency = 0> <II = 1> <Delay = 0.59> <Adapter> <Opcode : 'read' 'write'>
ST_2 : Operation 23 [1/1] (0.00ns)   --->   "%p_ZL19H_filter_FIR_dec_43_0_load = load i32 %p_ZL19H_filter_FIR_dec_43_0" [FIR_HLS.cpp:70]   --->   Operation 23 'load' 'p_ZL19H_filter_FIR_dec_43_0_load' <Predicate = (mod_value_2_load == 1)> <Delay = 0.00>
ST_2 : Operation 24 [1/1] (0.00ns)   --->   "%p_ZL19H_filter_FIR_dec_43_1_load = load i32 %p_ZL19H_filter_FIR_dec_43_1" [FIR_HLS.cpp:70]   --->   Operation 24 'load' 'p_ZL19H_filter_FIR_dec_43_1_load' <Predicate = (mod_value_2_load == 1)> <Delay = 0.00>
ST_2 : Operation 25 [1/1] (0.00ns)   --->   "%p_ZL19H_filter_FIR_dec_43_2_load = load i32 %p_ZL19H_filter_FIR_dec_43_2" [FIR_HLS.cpp:70]   --->   Operation 25 'load' 'p_ZL19H_filter_FIR_dec_43_2_load' <Predicate = (mod_value_2_load == 1)> <Delay = 0.00>
ST_2 : Operation 26 [1/1] (0.00ns)   --->   "%p_ZL19H_filter_FIR_dec_43_3_load = load i32 %p_ZL19H_filter_FIR_dec_43_3" [FIR_HLS.cpp:70]   --->   Operation 26 'load' 'p_ZL19H_filter_FIR_dec_43_3_load' <Predicate = (mod_value_2_load == 1)> <Delay = 0.00>
ST_2 : Operation 27 [2/2] (6.64ns)   --->   "%call_ret5_i = call i144 @FIR_filter.1, i32 %p_ZL19H_filter_FIR_dec_43_0_load, i32 %p_ZL19H_filter_FIR_dec_43_1_load, i32 %p_ZL19H_filter_FIR_dec_43_2_load, i32 %p_ZL19H_filter_FIR_dec_43_3_load, i10 562, i13 2100, i14 7338, i13 7105, i10 247, i16 %input_r_read_2" [FIR_HLS.cpp:70]   --->   Operation 27 'call' 'call_ret5_i' <Predicate = (mod_value_2_load == 1)> <Delay = 6.64> <CoreType = "Generic">   --->   Generic Core

State 3 <SV = 2> <Delay = 4.50>
ST_3 : Operation 28 [1/2] (4.50ns)   --->   "%call_ret6_i = call i144 @FIR_filter.1, i32 %p_ZL19H_filter_FIR_dec_42_0_load, i32 %p_ZL19H_filter_FIR_dec_42_1_load, i32 %p_ZL19H_filter_FIR_dec_42_2_load, i32 %p_ZL19H_filter_FIR_dec_42_3_load, i10 50, i13 8105, i14 8285, i13 8105, i10 50, i16 %input_r_read_3" [FIR_HLS.cpp:74]   --->   Operation 28 'call' 'call_ret6_i' <Predicate = (mod_value_2_load == 2)> <Delay = 4.50> <CoreType = "Generic">   --->   Generic Core
ST_3 : Operation 29 [1/1] (0.00ns)   --->   "%newret51_i = extractvalue i144 %call_ret6_i" [FIR_HLS.cpp:74]   --->   Operation 29 'extractvalue' 'newret51_i' <Predicate = (mod_value_2_load == 2)> <Delay = 0.00>
ST_3 : Operation 30 [1/1] (0.00ns)   --->   "%newret53_i = extractvalue i144 %call_ret6_i" [FIR_HLS.cpp:74]   --->   Operation 30 'extractvalue' 'newret53_i' <Predicate = (mod_value_2_load == 2)> <Delay = 0.00>
ST_3 : Operation 31 [1/1] (0.00ns)   --->   "%newret55_i = extractvalue i144 %call_ret6_i" [FIR_HLS.cpp:74]   --->   Operation 31 'extractvalue' 'newret55_i' <Predicate = (mod_value_2_load == 2)> <Delay = 0.00>
ST_3 : Operation 32 [1/1] (0.00ns)   --->   "%newret57_i = extractvalue i144 %call_ret6_i" [FIR_HLS.cpp:74]   --->   Operation 32 'extractvalue' 'newret57_i' <Predicate = (mod_value_2_load == 2)> <Delay = 0.00>
ST_3 : Operation 33 [1/1] (0.00ns)   --->   "%newret59_i = extractvalue i144 %call_ret6_i" [FIR_HLS.cpp:74]   --->   Operation 33 'extractvalue' 'newret59_i' <Predicate = (mod_value_2_load == 2)> <Delay = 0.00>
ST_3 : Operation 34 [1/1] (0.00ns)   --->   "%store_ln74 = store i32 %newret53_i, i32 %p_ZL19H_filter_FIR_dec_42_0" [FIR_HLS.cpp:74]   --->   Operation 34 'store' 'store_ln74' <Predicate = (mod_value_2_load == 2)> <Delay = 0.00>
ST_3 : Operation 35 [1/1] (0.00ns)   --->   "%store_ln74 = store i32 %newret55_i, i32 %p_ZL19H_filter_FIR_dec_42_1" [FIR_HLS.cpp:74]   --->   Operation 35 'store' 'store_ln74' <Predicate = (mod_value_2_load == 2)> <Delay = 0.00>
ST_3 : Operation 36 [1/1] (0.00ns)   --->   "%store_ln74 = store i32 %newret57_i, i32 %p_ZL19H_filter_FIR_dec_42_2" [FIR_HLS.cpp:74]   --->   Operation 36 'store' 'store_ln74' <Predicate = (mod_value_2_load == 2)> <Delay = 0.00>
ST_3 : Operation 37 [1/1] (0.00ns)   --->   "%store_ln74 = store i32 %newret59_i, i32 %p_ZL19H_filter_FIR_dec_42_3" [FIR_HLS.cpp:74]   --->   Operation 37 'store' 'store_ln74' <Predicate = (mod_value_2_load == 2)> <Delay = 0.00>
ST_3 : Operation 38 [1/1] (0.00ns)   --->   "%store_ln74 = store i16 %newret51_i, i16 %y1_phase2" [FIR_HLS.cpp:74]   --->   Operation 38 'store' 'store_ln74' <Predicate = (mod_value_2_load == 2)> <Delay = 0.00>
ST_3 : Operation 39 [1/1] (0.52ns)   --->   "%br_ln77 = br void %DECIMATOR.exit" [FIR_HLS.cpp:77]   --->   Operation 39 'br' 'br_ln77' <Predicate = (mod_value_2_load == 2)> <Delay = 0.52>
ST_3 : Operation 40 [1/2] (4.50ns)   --->   "%call_ret5_i = call i144 @FIR_filter.1, i32 %p_ZL19H_filter_FIR_dec_43_0_load, i32 %p_ZL19H_filter_FIR_dec_43_1_load, i32 %p_ZL19H_filter_FIR_dec_43_2_load, i32 %p_ZL19H_filter_FIR_dec_43_3_load, i10 562, i13 2100, i14 7338, i13 7105, i10 247, i16 %input_r_read_2" [FIR_HLS.cpp:70]   --->   Operation 40 'call' 'call_ret5_i' <Predicate = (mod_value_2_load == 1)> <Delay = 4.50> <CoreType = "Generic">   --->   Generic Core
ST_3 : Operation 41 [1/1] (0.00ns)   --->   "%newret41_i = extractvalue i144 %call_ret5_i" [FIR_HLS.cpp:70]   --->   Operation 41 'extractvalue' 'newret41_i' <Predicate = (mod_value_2_load == 1)> <Delay = 0.00>
ST_3 : Operation 42 [1/1] (0.00ns)   --->   "%newret43_i = extractvalue i144 %call_ret5_i" [FIR_HLS.cpp:70]   --->   Operation 42 'extractvalue' 'newret43_i' <Predicate = (mod_value_2_load == 1)> <Delay = 0.00>
ST_3 : Operation 43 [1/1] (0.00ns)   --->   "%newret45_i = extractvalue i144 %call_ret5_i" [FIR_HLS.cpp:70]   --->   Operation 43 'extractvalue' 'newret45_i' <Predicate = (mod_value_2_load == 1)> <Delay = 0.00>
ST_3 : Operation 44 [1/1] (0.00ns)   --->   "%newret47_i = extractvalue i144 %call_ret5_i" [FIR_HLS.cpp:70]   --->   Operation 44 'extractvalue' 'newret47_i' <Predicate = (mod_value_2_load == 1)> <Delay = 0.00>
ST_3 : Operation 45 [1/1] (0.00ns)   --->   "%newret49_i = extractvalue i144 %call_ret5_i" [FIR_HLS.cpp:70]   --->   Operation 45 'extractvalue' 'newret49_i' <Predicate = (mod_value_2_load == 1)> <Delay = 0.00>
ST_3 : Operation 46 [1/1] (0.00ns)   --->   "%store_ln70 = store i32 %newret43_i, i32 %p_ZL19H_filter_FIR_dec_43_0" [FIR_HLS.cpp:70]   --->   Operation 46 'store' 'store_ln70' <Predicate = (mod_value_2_load == 1)> <Delay = 0.00>
ST_3 : Operation 47 [1/1] (0.00ns)   --->   "%store_ln70 = store i32 %newret45_i, i32 %p_ZL19H_filter_FIR_dec_43_1" [FIR_HLS.cpp:70]   --->   Operation 47 'store' 'store_ln70' <Predicate = (mod_value_2_load == 1)> <Delay = 0.00>
ST_3 : Operation 48 [1/1] (0.00ns)   --->   "%store_ln70 = store i32 %newret47_i, i32 %p_ZL19H_filter_FIR_dec_43_2" [FIR_HLS.cpp:70]   --->   Operation 48 'store' 'store_ln70' <Predicate = (mod_value_2_load == 1)> <Delay = 0.00>
ST_3 : Operation 49 [1/1] (0.00ns)   --->   "%store_ln70 = store i32 %newret49_i, i32 %p_ZL19H_filter_FIR_dec_43_3" [FIR_HLS.cpp:70]   --->   Operation 49 'store' 'store_ln70' <Predicate = (mod_value_2_load == 1)> <Delay = 0.00>
ST_3 : Operation 50 [1/1] (0.00ns)   --->   "%store_ln70 = store i16 %newret41_i, i16 %y1_phase1" [FIR_HLS.cpp:70]   --->   Operation 50 'store' 'store_ln70' <Predicate = (mod_value_2_load == 1)> <Delay = 0.00>
ST_3 : Operation 51 [1/1] (0.52ns)   --->   "%br_ln72 = br void %DECIMATOR.exit" [FIR_HLS.cpp:72]   --->   Operation 51 'br' 'br_ln72' <Predicate = (mod_value_2_load == 1)> <Delay = 0.52>

State 4 <SV = 1> <Delay = 4.55>
ST_4 : Operation 52 [1/1] (0.07ns)   --->   "%input_r_read_1 = read i16 @_ssdm_op_Read.axis.volatile.i16P128A, i16 %input_r" [FIR_HLS.cpp:65]   --->   Operation 52 'read' 'input_r_read_1' <Predicate = true> <Delay = 0.07> <CoreInst = "regslice">   --->   Core 147 'regslice' <Latency = 0> <II = 1> <Delay = 0.59> <Adapter> <Opcode : 'read' 'write'>
ST_4 : Operation 53 [1/1] (0.00ns)   --->   "%p_ZL19H_filter_FIR_dec_40_0_load = load i32 %p_ZL19H_filter_FIR_dec_40_0" [FIR_HLS.cpp:65]   --->   Operation 53 'load' 'p_ZL19H_filter_FIR_dec_40_0_load' <Predicate = true> <Delay = 0.00>
ST_4 : Operation 54 [1/1] (0.00ns)   --->   "%p_ZL19H_filter_FIR_dec_40_1_load = load i32 %p_ZL19H_filter_FIR_dec_40_1" [FIR_HLS.cpp:65]   --->   Operation 54 'load' 'p_ZL19H_filter_FIR_dec_40_1_load' <Predicate = true> <Delay = 0.00>
ST_4 : Operation 55 [1/1] (0.00ns)   --->   "%p_ZL19H_filter_FIR_dec_40_2_load = load i32 %p_ZL19H_filter_FIR_dec_40_2" [FIR_HLS.cpp:65]   --->   Operation 55 'load' 'p_ZL19H_filter_FIR_dec_40_2_load' <Predicate = true> <Delay = 0.00>
ST_4 : Operation 56 [1/1] (0.00ns)   --->   "%p_ZL19H_filter_FIR_dec_40_3_load = load i32 %p_ZL19H_filter_FIR_dec_40_3" [FIR_HLS.cpp:65]   --->   Operation 56 'load' 'p_ZL19H_filter_FIR_dec_40_3_load' <Predicate = true> <Delay = 0.00>
ST_4 : Operation 57 [1/1] (0.00ns)   --->   "%p_ZL19H_filter_FIR_dec_40_4_load = load i32 %p_ZL19H_filter_FIR_dec_40_4" [FIR_HLS.cpp:65]   --->   Operation 57 'load' 'p_ZL19H_filter_FIR_dec_40_4_load' <Predicate = true> <Delay = 0.00>
ST_4 : Operation 58 [2/2] (4.47ns)   --->   "%call_ret_i = call i176 @FIR_filter.2, i32 %p_ZL19H_filter_FIR_dec_40_0_load, i32 %p_ZL19H_filter_FIR_dec_40_1_load, i32 %p_ZL19H_filter_FIR_dec_40_2_load, i32 %p_ZL19H_filter_FIR_dec_40_3_load, i32 %p_ZL19H_filter_FIR_dec_40_4_load, i16 %input_r_read_1" [FIR_HLS.cpp:65]   --->   Operation 58 'call' 'call_ret_i' <Predicate = true> <Delay = 4.47> <CoreType = "Generic">   --->   Generic Core

State 5 <SV = 2> <Delay = 6.70>
ST_5 : Operation 59 [1/2] (5.85ns)   --->   "%call_ret_i = call i176 @FIR_filter.2, i32 %p_ZL19H_filter_FIR_dec_40_0_load, i32 %p_ZL19H_filter_FIR_dec_40_1_load, i32 %p_ZL19H_filter_FIR_dec_40_2_load, i32 %p_ZL19H_filter_FIR_dec_40_3_load, i32 %p_ZL19H_filter_FIR_dec_40_4_load, i16 %input_r_read_1" [FIR_HLS.cpp:65]   --->   Operation 59 'call' 'call_ret_i' <Predicate = true> <Delay = 5.85> <CoreType = "Generic">   --->   Generic Core
ST_5 : Operation 60 [1/1] (0.00ns) (grouped into LUT with out node add_ln66_1)   --->   "%newret_i = extractvalue i176 %call_ret_i" [FIR_HLS.cpp:65]   --->   Operation 60 'extractvalue' 'newret_i' <Predicate = true> <Delay = 0.00>
ST_5 : Operation 61 [1/1] (0.00ns)   --->   "%newret31_i = extractvalue i176 %call_ret_i" [FIR_HLS.cpp:65]   --->   Operation 61 'extractvalue' 'newret31_i' <Predicate = true> <Delay = 0.00>
ST_5 : Operation 62 [1/1] (0.00ns)   --->   "%newret33_i = extractvalue i176 %call_ret_i" [FIR_HLS.cpp:65]   --->   Operation 62 'extractvalue' 'newret33_i' <Predicate = true> <Delay = 0.00>
ST_5 : Operation 63 [1/1] (0.00ns)   --->   "%newret35_i = extractvalue i176 %call_ret_i" [FIR_HLS.cpp:65]   --->   Operation 63 'extractvalue' 'newret35_i' <Predicate = true> <Delay = 0.00>
ST_5 : Operation 64 [1/1] (0.00ns)   --->   "%newret37_i = extractvalue i176 %call_ret_i" [FIR_HLS.cpp:65]   --->   Operation 64 'extractvalue' 'newret37_i' <Predicate = true> <Delay = 0.00>
ST_5 : Operation 65 [1/1] (0.00ns)   --->   "%newret39_i = extractvalue i176 %call_ret_i" [FIR_HLS.cpp:65]   --->   Operation 65 'extractvalue' 'newret39_i' <Predicate = true> <Delay = 0.00>
ST_5 : Operation 66 [1/1] (0.00ns)   --->   "%store_ln65 = store i32 %newret31_i, i32 %p_ZL19H_filter_FIR_dec_40_0" [FIR_HLS.cpp:65]   --->   Operation 66 'store' 'store_ln65' <Predicate = true> <Delay = 0.00>
ST_5 : Operation 67 [1/1] (0.00ns)   --->   "%store_ln65 = store i32 %newret33_i, i32 %p_ZL19H_filter_FIR_dec_40_1" [FIR_HLS.cpp:65]   --->   Operation 67 'store' 'store_ln65' <Predicate = true> <Delay = 0.00>
ST_5 : Operation 68 [1/1] (0.00ns)   --->   "%store_ln65 = store i32 %newret35_i, i32 %p_ZL19H_filter_FIR_dec_40_2" [FIR_HLS.cpp:65]   --->   Operation 68 'store' 'store_ln65' <Predicate = true> <Delay = 0.00>
ST_5 : Operation 69 [1/1] (0.00ns)   --->   "%store_ln65 = store i32 %newret37_i, i32 %p_ZL19H_filter_FIR_dec_40_3" [FIR_HLS.cpp:65]   --->   Operation 69 'store' 'store_ln65' <Predicate = true> <Delay = 0.00>
ST_5 : Operation 70 [1/1] (0.00ns)   --->   "%store_ln65 = store i32 %newret39_i, i32 %p_ZL19H_filter_FIR_dec_40_4" [FIR_HLS.cpp:65]   --->   Operation 70 'store' 'store_ln65' <Predicate = true> <Delay = 0.00>
ST_5 : Operation 71 [1/1] (0.00ns)   --->   "%y1_phase3_load = load i16 %y1_phase3" [FIR_HLS.cpp:66]   --->   Operation 71 'load' 'y1_phase3_load' <Predicate = true> <Delay = 0.00>
ST_5 : Operation 72 [1/1] (0.85ns) (out node of the LUT)   --->   "%add_ln66_1 = add i16 %y1_phase3_load, i16 %newret_i" [FIR_HLS.cpp:66]   --->   Operation 72 'add' 'add_ln66_1' <Predicate = true> <Delay = 0.85> <CoreInst = "Adder">   --->   Core 1 'Adder' <Latency = 0> <II = 1> <Delay = 0.85> <FuncUnit> <Opcode : 'add' 'sub'> <InPorts = 2> <OutPorts = 1>

State 6 <SV = 3> <Delay = 2.52>
ST_6 : Operation 73 [1/1] (0.00ns)   --->   "%y1_phase1_load = load i16 %y1_phase1" [FIR_HLS.cpp:66]   --->   Operation 73 'load' 'y1_phase1_load' <Predicate = (mod_value_2_load == 0)> <Delay = 0.00>
ST_6 : Operation 74 [1/1] (0.00ns)   --->   "%y1_phase2_load = load i16 %y1_phase2" [FIR_HLS.cpp:66]   --->   Operation 74 'load' 'y1_phase2_load' <Predicate = (mod_value_2_load == 0)> <Delay = 0.00>
ST_6 : Operation 75 [1/1] (0.00ns) (grouped into TernaryAdder)   --->   "%add_ln66 = add i16 %y1_phase1_load, i16 %y1_phase2_load" [FIR_HLS.cpp:66]   --->   Operation 75 'add' 'add_ln66' <Predicate = (mod_value_2_load == 0)> <Delay = 0.00> <CoreInst = "TAddSub">   --->   Core 10 'TAddSub' <Latency = 0> <II = 1> <Delay = 0.34> <IPBlock> <Opcode : '' 'add' 'sub'> <InPorts = 3> <OutPorts = 1> <Sync> <CReg>
ST_6 : Operation 76 [1/1] (0.68ns) (root node of TernaryAdder)   --->   "%add_ln66_2 = add i16 %add_ln66_1, i16 %add_ln66" [FIR_HLS.cpp:66]   --->   Operation 76 'add' 'add_ln66_2' <Predicate = (mod_value_2_load == 0)> <Delay = 0.68> <CoreInst = "TAddSub">   --->   Core 10 'TAddSub' <Latency = 0> <II = 1> <Delay = 0.34> <IPBlock> <Opcode : '' 'add' 'sub'> <InPorts = 3> <OutPorts = 1> <Sync> <CReg>
ST_6 : Operation 77 [1/1] ( I:1.83ns O:1.83ns )   --->   "%write_ln66 = write void @_ssdm_op_Write.ap_fifo.volatile.i16P0A, i16 %dec_out, i16 %add_ln66_2" [FIR_HLS.cpp:66]   --->   Operation 77 'write' 'write_ln66' <Predicate = (mod_value_2_load == 0)> <Delay = 1.83> <CoreInst = "FIFO_SRL">   --->   Core 80 'FIFO_SRL' <Latency = 0> <II = 1> <Delay = 1.83> <Storage> <Opcode : 'read' 'write' 'nbread' 'nbwrite'> <Ports = 0> <Width = 16> <Depth = 2> <FIFO>
ST_6 : Operation 78 [1/1] (0.52ns)   --->   "%br_ln68 = br void %DECIMATOR.exit" [FIR_HLS.cpp:68]   --->   Operation 78 'br' 'br_ln68' <Predicate = (mod_value_2_load == 0)> <Delay = 0.52>
ST_6 : Operation 79 [1/1] (0.00ns)   --->   "%storemerge2_i = phi i2 1, void %if.then.i, i2 2, void %if.then15.i, i2 0, void %if.else24.i, i2 3, void %if.then21.i"   --->   Operation 79 'phi' 'storemerge2_i' <Predicate = true> <Delay = 0.00>
ST_6 : Operation 80 [1/1] (0.00ns)   --->   "%store_ln0 = store i2 %storemerge2_i, i2 %mod_value_2"   --->   Operation 80 'store' 'store_ln0' <Predicate = true> <Delay = 0.00>
ST_6 : Operation 81 [1/1] (0.00ns)   --->   "%ret_ln0 = ret"   --->   Operation 81 'ret' 'ret_ln0' <Predicate = true> <Delay = 0.00>

State 7 <SV = 1> <Delay = 6.72>
ST_7 : Operation 82 [1/1] (0.07ns)   --->   "%input_r_read = read i16 @_ssdm_op_Read.axis.volatile.i16P128A, i16 %input_r" [FIR_HLS.cpp:79]   --->   Operation 82 'read' 'input_r_read' <Predicate = true> <Delay = 0.07> <CoreInst = "regslice">   --->   Core 147 'regslice' <Latency = 0> <II = 1> <Delay = 0.59> <Adapter> <Opcode : 'read' 'write'>
ST_7 : Operation 83 [1/1] (0.00ns)   --->   "%p_ZL19H_filter_FIR_dec_41_0_load = load i32 %p_ZL19H_filter_FIR_dec_41_0" [FIR_HLS.cpp:79]   --->   Operation 83 'load' 'p_ZL19H_filter_FIR_dec_41_0_load' <Predicate = true> <Delay = 0.00>
ST_7 : Operation 84 [1/1] (0.00ns)   --->   "%p_ZL19H_filter_FIR_dec_41_1_load = load i32 %p_ZL19H_filter_FIR_dec_41_1" [FIR_HLS.cpp:79]   --->   Operation 84 'load' 'p_ZL19H_filter_FIR_dec_41_1_load' <Predicate = true> <Delay = 0.00>
ST_7 : Operation 85 [1/1] (0.00ns)   --->   "%p_ZL19H_filter_FIR_dec_41_2_load = load i32 %p_ZL19H_filter_FIR_dec_41_2" [FIR_HLS.cpp:79]   --->   Operation 85 'load' 'p_ZL19H_filter_FIR_dec_41_2_load' <Predicate = true> <Delay = 0.00>
ST_7 : Operation 86 [1/1] (0.00ns)   --->   "%p_ZL19H_filter_FIR_dec_41_3_load = load i32 %p_ZL19H_filter_FIR_dec_41_3" [FIR_HLS.cpp:79]   --->   Operation 86 'load' 'p_ZL19H_filter_FIR_dec_41_3_load' <Predicate = true> <Delay = 0.00>
ST_7 : Operation 87 [2/2] (6.64ns)   --->   "%call_ret4_i = call i144 @FIR_filter.1, i32 %p_ZL19H_filter_FIR_dec_41_0_load, i32 %p_ZL19H_filter_FIR_dec_41_1_load, i32 %p_ZL19H_filter_FIR_dec_41_2_load, i32 %p_ZL19H_filter_FIR_dec_41_3_load, i10 247, i13 7105, i14 7338, i13 2100, i10 562, i16 %input_r_read" [FIR_HLS.cpp:79]   --->   Operation 87 'call' 'call_ret4_i' <Predicate = true> <Delay = 6.64> <CoreType = "Generic">   --->   Generic Core

State 8 <SV = 2> <Delay = 4.50>
ST_8 : Operation 88 [1/2] (4.50ns)   --->   "%call_ret4_i = call i144 @FIR_filter.1, i32 %p_ZL19H_filter_FIR_dec_41_0_load, i32 %p_ZL19H_filter_FIR_dec_41_1_load, i32 %p_ZL19H_filter_FIR_dec_41_2_load, i32 %p_ZL19H_filter_FIR_dec_41_3_load, i10 247, i13 7105, i14 7338, i13 2100, i10 562, i16 %input_r_read" [FIR_HLS.cpp:79]   --->   Operation 88 'call' 'call_ret4_i' <Predicate = true> <Delay = 4.50> <CoreType = "Generic">   --->   Generic Core
ST_8 : Operation 89 [1/1] (0.00ns)   --->   "%newret61_i = extractvalue i144 %call_ret4_i" [FIR_HLS.cpp:79]   --->   Operation 89 'extractvalue' 'newret61_i' <Predicate = true> <Delay = 0.00>
ST_8 : Operation 90 [1/1] (0.00ns)   --->   "%newret63_i = extractvalue i144 %call_ret4_i" [FIR_HLS.cpp:79]   --->   Operation 90 'extractvalue' 'newret63_i' <Predicate = true> <Delay = 0.00>
ST_8 : Operation 91 [1/1] (0.00ns)   --->   "%newret65_i = extractvalue i144 %call_ret4_i" [FIR_HLS.cpp:79]   --->   Operation 91 'extractvalue' 'newret65_i' <Predicate = true> <Delay = 0.00>
ST_8 : Operation 92 [1/1] (0.00ns)   --->   "%newret67_i = extractvalue i144 %call_ret4_i" [FIR_HLS.cpp:79]   --->   Operation 92 'extractvalue' 'newret67_i' <Predicate = true> <Delay = 0.00>
ST_8 : Operation 93 [1/1] (0.00ns)   --->   "%newret69_i = extractvalue i144 %call_ret4_i" [FIR_HLS.cpp:79]   --->   Operation 93 'extractvalue' 'newret69_i' <Predicate = true> <Delay = 0.00>
ST_8 : Operation 94 [1/1] (0.00ns)   --->   "%store_ln79 = store i32 %newret63_i, i32 %p_ZL19H_filter_FIR_dec_41_0" [FIR_HLS.cpp:79]   --->   Operation 94 'store' 'store_ln79' <Predicate = true> <Delay = 0.00>
ST_8 : Operation 95 [1/1] (0.00ns)   --->   "%store_ln79 = store i32 %newret65_i, i32 %p_ZL19H_filter_FIR_dec_41_1" [FIR_HLS.cpp:79]   --->   Operation 95 'store' 'store_ln79' <Predicate = true> <Delay = 0.00>
ST_8 : Operation 96 [1/1] (0.00ns)   --->   "%store_ln79 = store i32 %newret67_i, i32 %p_ZL19H_filter_FIR_dec_41_2" [FIR_HLS.cpp:79]   --->   Operation 96 'store' 'store_ln79' <Predicate = true> <Delay = 0.00>
ST_8 : Operation 97 [1/1] (0.00ns)   --->   "%store_ln79 = store i32 %newret69_i, i32 %p_ZL19H_filter_FIR_dec_41_3" [FIR_HLS.cpp:79]   --->   Operation 97 'store' 'store_ln79' <Predicate = true> <Delay = 0.00>
ST_8 : Operation 98 [1/1] (0.00ns)   --->   "%store_ln79 = store i16 %newret61_i, i16 %y1_phase3" [FIR_HLS.cpp:79]   --->   Operation 98 'store' 'store_ln79' <Predicate = true> <Delay = 0.00>
ST_8 : Operation 99 [1/1] (0.52ns)   --->   "%br_ln0 = br void %DECIMATOR.exit"   --->   Operation 99 'br' 'br_ln0' <Predicate = true> <Delay = 0.52>


============================================================
+ Verbose Summary: Timing violations
============================================================
Target clock period: 10.000ns, clock uncertainty: 2.700ns.

 <State 1>: 0.548ns
The critical path consists of the following:
	'load' operation 2 bit ('mod_value_2_load', FIR_HLS.cpp:64) on static variable 'mod_value_2' [29]  (0.000 ns)
	blocking operation 0.548 ns on control path)

 <State 2>: 6.720ns
The critical path consists of the following:
	axis read operation ('input_r_read_3', FIR_HLS.cpp:74) on port 'input_r' (FIR_HLS.cpp:74) [32]  (0.079 ns)
	'call' operation 144 bit ('call_ret6_i', FIR_HLS.cpp:74) to 'FIR_filter.1' [37]  (6.641 ns)

 <State 3>: 4.503ns
The critical path consists of the following:
	'call' operation 144 bit ('call_ret6_i', FIR_HLS.cpp:74) to 'FIR_filter.1' [37]  (4.503 ns)

 <State 4>: 4.554ns
The critical path consists of the following:
	axis read operation ('input_r_read_1', FIR_HLS.cpp:65) on port 'input_r' (FIR_HLS.cpp:65) [68]  (0.079 ns)
	'call' operation 176 bit ('call_ret_i', FIR_HLS.cpp:65) to 'FIR_filter.2' [74]  (4.475 ns)

 <State 5>: 6.708ns
The critical path consists of the following:
	'call' operation 176 bit ('call_ret_i', FIR_HLS.cpp:65) to 'FIR_filter.2' [74]  (5.855 ns)
	'add' operation 16 bit ('add_ln66_1', FIR_HLS.cpp:66) [90]  (0.853 ns)

 <State 6>: 2.525ns
The critical path consists of the following:
	'load' operation 16 bit ('y1_phase1_load', FIR_HLS.cpp:66) on static variable 'y1_phase1' [86]  (0.000 ns)
	'add' operation 16 bit ('add_ln66', FIR_HLS.cpp:66) [89]  (0.000 ns)
	'add' operation 16 bit ('add_ln66_2', FIR_HLS.cpp:66) [91]  (0.687 ns)
	fifo write operation ('write_ln66', FIR_HLS.cpp:66) on port 'dec_out' (FIR_HLS.cpp:66) [92]  (1.838 ns)

 <State 7>: 6.720ns
The critical path consists of the following:
	axis read operation ('input_r_read', FIR_HLS.cpp:79) on port 'input_r' (FIR_HLS.cpp:79) [95]  (0.079 ns)
	'call' operation 144 bit ('call_ret4_i', FIR_HLS.cpp:79) to 'FIR_filter.1' [100]  (6.641 ns)

 <State 8>: 4.503ns
The critical path consists of the following:
	'call' operation 144 bit ('call_ret4_i', FIR_HLS.cpp:79) to 'FIR_filter.1' [100]  (4.503 ns)


============================================================
+ Verbose Summary: Binding
============================================================
N/A
* FSMD analyzer results:
  - Output states:
 - Input state : 
  - Chain level:
	State 1
	State 2
	State 3
	State 4
	State 5
	State 6
	State 7
	State 8


============================================================
+ Verbose Summary: Datapath Resource usage 
============================================================
N/A
