Copyright 1986-2022 Xilinx, Inc. All Rights Reserved. Copyright 2022-2024 Advanced Micro Devices, Inc. All Rights Reserved.
--------------------------------------------------------------------------------------------------------------------------------------------------
| Tool Version      : Vivado v.2024.2 (win64) Build 5239630 Fri Nov 08 22:35:27 MST 2024
| Date              : Tue Nov 11 22:22:03 2025
| Host              : DESKTOP-92OKADH running 64-bit major release  (build 9200)
| Command           : report_timing -max_paths 10 -file ./report/FIR_HLS_timing_paths_synth.rpt
| Design            : bd_0_wrapper
| Device            : xck26-sfvc784
| Speed File        : -2LV  PRODUCTION 1.30 05-15-2022
| Design State      : Synthesized
| Temperature Grade : C
--------------------------------------------------------------------------------------------------------------------------------------------------

Timing Report

Slack (MET) :             5.571ns  (required time - arrival time)
  Source:                 bd_0_i/hls_inst/inst/grp_FIR_filter_fu_827/ama_addmuladd_16s_16s_8ns_26s_27_4_1_U80/FIR_HLS_ama_addmuladd_16s_16s_8ns_26s_27_4_1_DSP48_0_U/p_reg_reg/DSP_OUTPUT_INST/CLK
                            (rising edge-triggered cell DSP_OUTPUT clocked by ap_clk  {rise@0.000ns fall@5.000ns period=10.000ns})
  Destination:            bd_0_i/hls_inst/inst/regslice_both_output_r_U/data_p1_reg[12]/D
                            (rising edge-triggered cell FDRE clocked by ap_clk  {rise@0.000ns fall@5.000ns period=10.000ns})
  Path Group:             ap_clk
  Path Type:              Setup (Max at Slow Process Corner)
  Requirement:            10.000ns  (ap_clk rise@10.000ns - ap_clk rise@0.000ns)
  Data Path Delay:        4.390ns  (logic 2.426ns (55.262%)  route 1.964ns (44.738%))
  Logic Levels:           16  (CARRY8=8 LUT2=3 LUT3=2 LUT4=3)
  Clock Path Skew:        -0.048ns (DCD - SCD + CPR)
    Destination Clock Delay (DCD):    0.029ns = ( 10.029 - 10.000 ) 
    Source Clock Delay      (SCD):    0.077ns
    Clock Pessimism Removal (CPR):    0.000ns
  Clock Uncertainty:      0.035ns  ((TSJ^2 + TIJ^2)^1/2 + DJ) / 2 + PE
    Total System Jitter     (TSJ):    0.071ns
    Total Input Jitter      (TIJ):    0.000ns
    Discrete Jitter          (DJ):    0.000ns
    Phase Error              (PE):    0.000ns

    Location             Delay type                Incr(ns)  Path(ns)    Netlist Resource(s)
  -------------------------------------------------------------------    -------------------
                         (clock ap_clk rise edge)     0.000     0.000 r  
                                                      0.000     0.000 r  ap_clk (IN)
                         net (fo=9068, unset)         0.077     0.077    bd_0_i/hls_inst/inst/grp_FIR_filter_fu_827/ama_addmuladd_16s_16s_8ns_26s_27_4_1_U80/FIR_HLS_ama_addmuladd_16s_16s_8ns_26s_27_4_1_DSP48_0_U/p_reg_reg/CLK
                         DSP_OUTPUT                                   r  bd_0_i/hls_inst/inst/grp_FIR_filter_fu_827/ama_addmuladd_16s_16s_8ns_26s_27_4_1_U80/FIR_HLS_ama_addmuladd_16s_16s_8ns_26s_27_4_1_DSP48_0_U/p_reg_reg/DSP_OUTPUT_INST/CLK
  -------------------------------------------------------------------    -------------------
                         DSP_OUTPUT (Prop_DSP_OUTPUT_CLK_P[0])
                                                      0.270     0.347 r  bd_0_i/hls_inst/inst/grp_FIR_filter_fu_827/ama_addmuladd_16s_16s_8ns_26s_27_4_1_U80/FIR_HLS_ama_addmuladd_16s_16s_8ns_26s_27_4_1_DSP48_0_U/p_reg_reg/DSP_OUTPUT_INST/P[0]
                         net (fo=2, unplaced)         0.258     0.605    bd_0_i/hls_inst/inst/grp_FIR_filter_fu_827/ama_addmuladd_16s_16s_8ns_26s_27_4_1_U80_n_26
                         LUT2 (Prop_LUT2_I0_O)        0.083     0.688 r  bd_0_i/hls_inst/inst/grp_FIR_filter_fu_827/data_p2[7]_i_130/O
                         net (fo=1, unplaced)         0.025     0.713    bd_0_i/hls_inst/inst/grp_FIR_filter_fu_827/data_p2[7]_i_130_n_0
                         CARRY8 (Prop_CARRY8_S[0]_CO[7])
                                                      0.289     1.002 r  bd_0_i/hls_inst/inst/grp_FIR_filter_fu_827/data_p2_reg[7]_i_99/CO[7]
                         net (fo=1, unplaced)         0.006     1.008    bd_0_i/hls_inst/inst/grp_FIR_filter_fu_827/data_p2_reg[7]_i_99_n_0
                         CARRY8 (Prop_CARRY8_CI_O[1])
                                                      0.106     1.114 r  bd_0_i/hls_inst/inst/grp_FIR_filter_fu_827/data_p2_reg[15]_i_162/O[1]
                         net (fo=2, unplaced)         0.209     1.323    bd_0_i/hls_inst/inst/grp_FIR_filter_fu_827/sext_ln31_628_fu_9894_p1[9]
                         LUT2 (Prop_LUT2_I0_O)        0.057     1.380 r  bd_0_i/hls_inst/inst/grp_FIR_filter_fu_827/data_p2[15]_i_169/O
                         net (fo=1, unplaced)         0.030     1.410    bd_0_i/hls_inst/inst/grp_FIR_filter_fu_827/data_p2[15]_i_169_n_0
                         CARRY8 (Prop_CARRY8_S[1]_CO[7])
                                                      0.275     1.685 r  bd_0_i/hls_inst/inst/grp_FIR_filter_fu_827/data_p2_reg[15]_i_97/CO[7]
                         net (fo=1, unplaced)         0.006     1.691    bd_0_i/hls_inst/inst/grp_FIR_filter_fu_827/data_p2_reg[15]_i_97_n_0
                         CARRY8 (Prop_CARRY8_CI_O[1])
                                                      0.106     1.797 r  bd_0_i/hls_inst/inst/grp_FIR_filter_fu_827/data_p2_reg[15]_i_79/O[1]
                         net (fo=2, unplaced)         0.209     2.006    bd_0_i/hls_inst/inst/grp_FIR_filter_fu_827/sext_ln31_700_fu_9907_p1[17]
                         LUT2 (Prop_LUT2_I0_O)        0.057     2.063 r  bd_0_i/hls_inst/inst/grp_FIR_filter_fu_827/data_p2[15]_i_86/O
                         net (fo=1, unplaced)         0.030     2.093    bd_0_i/hls_inst/inst/grp_FIR_filter_fu_827/data_p2[15]_i_86_n_0
                         CARRY8 (Prop_CARRY8_S[1]_O[4])
                                                      0.286     2.379 r  bd_0_i/hls_inst/inst/grp_FIR_filter_fu_827/data_p2_reg[15]_i_53/O[4]
                         net (fo=2, unplaced)         0.209     2.588    bd_0_i/hls_inst/inst/grp_FIR_filter_fu_827/sext_ln31_701_fu_9917_p1[20]
                         LUT3 (Prop_LUT3_I2_O)        0.058     2.646 r  bd_0_i/hls_inst/inst/grp_FIR_filter_fu_827/data_p2[15]_i_36/O
                         net (fo=2, unplaced)         0.211     2.857    bd_0_i/hls_inst/inst/grp_FIR_filter_fu_827/data_p2[15]_i_36_n_0
                         LUT4 (Prop_LUT4_I3_O)        0.056     2.913 r  bd_0_i/hls_inst/inst/grp_FIR_filter_fu_827/data_p2[15]_i_44/O
                         net (fo=1, unplaced)         0.037     2.950    bd_0_i/hls_inst/inst/grp_FIR_filter_fu_827/data_p2[15]_i_44_n_0
                         CARRY8 (Prop_CARRY8_S[5]_CO[7])
                                                      0.246     3.196 r  bd_0_i/hls_inst/inst/grp_FIR_filter_fu_827/data_p2_reg[15]_i_18/CO[7]
                         net (fo=1, unplaced)         0.006     3.202    bd_0_i/hls_inst/inst/grp_FIR_filter_fu_827/data_p2_reg[15]_i_18_n_0
                         CARRY8 (Prop_CARRY8_CI_O[0])
                                                      0.078     3.280 r  bd_0_i/hls_inst/inst/grp_FIR_filter_fu_827/data_p2_reg[15]_i_3/O[0]
                         net (fo=2, unplaced)         0.211     3.491    bd_0_i/hls_inst/inst/grp_FIR_filter_fu_827/data_p2_reg[15]_i_3_n_15
                         LUT3 (Prop_LUT3_I2_O)        0.058     3.549 r  bd_0_i/hls_inst/inst/grp_FIR_filter_fu_827/data_p2[15]_i_8/O
                         net (fo=2, unplaced)         0.211     3.760    bd_0_i/hls_inst/inst/grp_FIR_filter_fu_827/data_p2[15]_i_8_n_0
                         LUT4 (Prop_LUT4_I3_O)        0.057     3.817 r  bd_0_i/hls_inst/inst/grp_FIR_filter_fu_827/data_p2[15]_i_16/O
                         net (fo=1, unplaced)         0.030     3.847    bd_0_i/hls_inst/inst/grp_FIR_filter_fu_827/data_p2[15]_i_16_n_0
                         CARRY8 (Prop_CARRY8_S[1]_O[4])
                                                      0.286     4.133 r  bd_0_i/hls_inst/inst/grp_FIR_filter_fu_827/data_p2_reg[15]_i_2/O[4]
                         net (fo=2, unplaced)         0.209     4.342    bd_0_i/hls_inst/inst/regslice_both_output_r_U/data_p2_reg[15]_0[12]
                         LUT4 (Prop_LUT4_I1_O)        0.058     4.400 r  bd_0_i/hls_inst/inst/regslice_both_output_r_U/data_p1[12]_i_1/O
                         net (fo=1, unplaced)         0.067     4.467    bd_0_i/hls_inst/inst/regslice_both_output_r_U/data_p1[12]_i_1_n_0
                         FDRE                                         r  bd_0_i/hls_inst/inst/regslice_both_output_r_U/data_p1_reg[12]/D
  -------------------------------------------------------------------    -------------------

                         (clock ap_clk rise edge)    10.000    10.000 r  
                                                      0.000    10.000 r  ap_clk (IN)
                         net (fo=9068, unset)         0.029    10.029    bd_0_i/hls_inst/inst/regslice_both_output_r_U/ap_clk
                         FDRE                                         r  bd_0_i/hls_inst/inst/regslice_both_output_r_U/data_p1_reg[12]/C
                         clock pessimism              0.000    10.029    
                         clock uncertainty           -0.035     9.994    
                         FDRE (Setup_FDRE_C_D)        0.044    10.038    bd_0_i/hls_inst/inst/regslice_both_output_r_U/data_p1_reg[12]
  -------------------------------------------------------------------
                         required time                         10.038    
                         arrival time                          -4.467    
  -------------------------------------------------------------------
                         slack                                  5.571    

Slack (MET) :             5.581ns  (required time - arrival time)
  Source:                 bd_0_i/hls_inst/inst/grp_FIR_filter_fu_827/ama_addmuladd_16s_16s_8ns_26s_27_4_1_U80/FIR_HLS_ama_addmuladd_16s_16s_8ns_26s_27_4_1_DSP48_0_U/p_reg_reg/DSP_OUTPUT_INST/CLK
                            (rising edge-triggered cell DSP_OUTPUT clocked by ap_clk  {rise@0.000ns fall@5.000ns period=10.000ns})
  Destination:            bd_0_i/hls_inst/inst/regslice_both_output_r_U/data_p1_reg[15]/D
                            (rising edge-triggered cell FDRE clocked by ap_clk  {rise@0.000ns fall@5.000ns period=10.000ns})
  Path Group:             ap_clk
  Path Type:              Setup (Max at Slow Process Corner)
  Requirement:            10.000ns  (ap_clk rise@10.000ns - ap_clk rise@0.000ns)
  Data Path Delay:        4.380ns  (logic 2.474ns (56.484%)  route 1.906ns (43.516%))
  Logic Levels:           16  (CARRY8=8 LUT2=3 LUT3=2 LUT4=3)
  Clock Path Skew:        -0.048ns (DCD - SCD + CPR)
    Destination Clock Delay (DCD):    0.029ns = ( 10.029 - 10.000 ) 
    Source Clock Delay      (SCD):    0.077ns
    Clock Pessimism Removal (CPR):    0.000ns
  Clock Uncertainty:      0.035ns  ((TSJ^2 + TIJ^2)^1/2 + DJ) / 2 + PE
    Total System Jitter     (TSJ):    0.071ns
    Total Input Jitter      (TIJ):    0.000ns
    Discrete Jitter          (DJ):    0.000ns
    Phase Error              (PE):    0.000ns

    Location             Delay type                Incr(ns)  Path(ns)    Netlist Resource(s)
  -------------------------------------------------------------------    -------------------
                         (clock ap_clk rise edge)     0.000     0.000 r  
                                                      0.000     0.000 r  ap_clk (IN)
                         net (fo=9068, unset)         0.077     0.077    bd_0_i/hls_inst/inst/grp_FIR_filter_fu_827/ama_addmuladd_16s_16s_8ns_26s_27_4_1_U80/FIR_HLS_ama_addmuladd_16s_16s_8ns_26s_27_4_1_DSP48_0_U/p_reg_reg/CLK
                         DSP_OUTPUT                                   r  bd_0_i/hls_inst/inst/grp_FIR_filter_fu_827/ama_addmuladd_16s_16s_8ns_26s_27_4_1_U80/FIR_HLS_ama_addmuladd_16s_16s_8ns_26s_27_4_1_DSP48_0_U/p_reg_reg/DSP_OUTPUT_INST/CLK
  -------------------------------------------------------------------    -------------------
                         DSP_OUTPUT (Prop_DSP_OUTPUT_CLK_P[0])
                                                      0.270     0.347 r  bd_0_i/hls_inst/inst/grp_FIR_filter_fu_827/ama_addmuladd_16s_16s_8ns_26s_27_4_1_U80/FIR_HLS_ama_addmuladd_16s_16s_8ns_26s_27_4_1_DSP48_0_U/p_reg_reg/DSP_OUTPUT_INST/P[0]
                         net (fo=2, unplaced)         0.258     0.605    bd_0_i/hls_inst/inst/grp_FIR_filter_fu_827/ama_addmuladd_16s_16s_8ns_26s_27_4_1_U80_n_26
                         LUT2 (Prop_LUT2_I0_O)        0.083     0.688 r  bd_0_i/hls_inst/inst/grp_FIR_filter_fu_827/data_p2[7]_i_130/O
                         net (fo=1, unplaced)         0.025     0.713    bd_0_i/hls_inst/inst/grp_FIR_filter_fu_827/data_p2[7]_i_130_n_0
                         CARRY8 (Prop_CARRY8_S[0]_CO[7])
                                                      0.289     1.002 r  bd_0_i/hls_inst/inst/grp_FIR_filter_fu_827/data_p2_reg[7]_i_99/CO[7]
                         net (fo=1, unplaced)         0.006     1.008    bd_0_i/hls_inst/inst/grp_FIR_filter_fu_827/data_p2_reg[7]_i_99_n_0
                         CARRY8 (Prop_CARRY8_CI_O[1])
                                                      0.106     1.114 r  bd_0_i/hls_inst/inst/grp_FIR_filter_fu_827/data_p2_reg[15]_i_162/O[1]
                         net (fo=2, unplaced)         0.209     1.323    bd_0_i/hls_inst/inst/grp_FIR_filter_fu_827/sext_ln31_628_fu_9894_p1[9]
                         LUT2 (Prop_LUT2_I0_O)        0.057     1.380 r  bd_0_i/hls_inst/inst/grp_FIR_filter_fu_827/data_p2[15]_i_169/O
                         net (fo=1, unplaced)         0.030     1.410    bd_0_i/hls_inst/inst/grp_FIR_filter_fu_827/data_p2[15]_i_169_n_0
                         CARRY8 (Prop_CARRY8_S[1]_CO[7])
                                                      0.275     1.685 r  bd_0_i/hls_inst/inst/grp_FIR_filter_fu_827/data_p2_reg[15]_i_97/CO[7]
                         net (fo=1, unplaced)         0.006     1.691    bd_0_i/hls_inst/inst/grp_FIR_filter_fu_827/data_p2_reg[15]_i_97_n_0
                         CARRY8 (Prop_CARRY8_CI_O[1])
                                                      0.106     1.797 r  bd_0_i/hls_inst/inst/grp_FIR_filter_fu_827/data_p2_reg[15]_i_79/O[1]
                         net (fo=2, unplaced)         0.209     2.006    bd_0_i/hls_inst/inst/grp_FIR_filter_fu_827/sext_ln31_700_fu_9907_p1[17]
                         LUT2 (Prop_LUT2_I0_O)        0.057     2.063 r  bd_0_i/hls_inst/inst/grp_FIR_filter_fu_827/data_p2[15]_i_86/O
                         net (fo=1, unplaced)         0.030     2.093    bd_0_i/hls_inst/inst/grp_FIR_filter_fu_827/data_p2[15]_i_86_n_0
                         CARRY8 (Prop_CARRY8_S[1]_O[4])
                                                      0.286     2.379 r  bd_0_i/hls_inst/inst/grp_FIR_filter_fu_827/data_p2_reg[15]_i_53/O[4]
                         net (fo=2, unplaced)         0.209     2.588    bd_0_i/hls_inst/inst/grp_FIR_filter_fu_827/sext_ln31_701_fu_9917_p1[20]
                         LUT3 (Prop_LUT3_I2_O)        0.058     2.646 r  bd_0_i/hls_inst/inst/grp_FIR_filter_fu_827/data_p2[15]_i_36/O
                         net (fo=2, unplaced)         0.211     2.857    bd_0_i/hls_inst/inst/grp_FIR_filter_fu_827/data_p2[15]_i_36_n_0
                         LUT4 (Prop_LUT4_I3_O)        0.056     2.913 r  bd_0_i/hls_inst/inst/grp_FIR_filter_fu_827/data_p2[15]_i_44/O
                         net (fo=1, unplaced)         0.037     2.950    bd_0_i/hls_inst/inst/grp_FIR_filter_fu_827/data_p2[15]_i_44_n_0
                         CARRY8 (Prop_CARRY8_S[5]_CO[7])
                                                      0.246     3.196 r  bd_0_i/hls_inst/inst/grp_FIR_filter_fu_827/data_p2_reg[15]_i_18/CO[7]
                         net (fo=1, unplaced)         0.006     3.202    bd_0_i/hls_inst/inst/grp_FIR_filter_fu_827/data_p2_reg[15]_i_18_n_0
                         CARRY8 (Prop_CARRY8_CI_O[0])
                                                      0.078     3.280 r  bd_0_i/hls_inst/inst/grp_FIR_filter_fu_827/data_p2_reg[15]_i_3/O[0]
                         net (fo=2, unplaced)         0.211     3.491    bd_0_i/hls_inst/inst/grp_FIR_filter_fu_827/data_p2_reg[15]_i_3_n_15
                         LUT3 (Prop_LUT3_I2_O)        0.058     3.549 r  bd_0_i/hls_inst/inst/grp_FIR_filter_fu_827/data_p2[15]_i_8/O
                         net (fo=2, unplaced)         0.211     3.760    bd_0_i/hls_inst/inst/grp_FIR_filter_fu_827/data_p2[15]_i_8_n_0
                         LUT4 (Prop_LUT4_I3_O)        0.057     3.817 r  bd_0_i/hls_inst/inst/grp_FIR_filter_fu_827/data_p2[15]_i_16/O
                         net (fo=1, unplaced)         0.030     3.847    bd_0_i/hls_inst/inst/grp_FIR_filter_fu_827/data_p2[15]_i_16_n_0
                         CARRY8 (Prop_CARRY8_S[1]_O[7])
                                                      0.334     4.181 r  bd_0_i/hls_inst/inst/grp_FIR_filter_fu_827/data_p2_reg[15]_i_2/O[7]
                         net (fo=2, unplaced)         0.151     4.332    bd_0_i/hls_inst/inst/regslice_both_output_r_U/data_p2_reg[15]_0[15]
                         LUT4 (Prop_LUT4_I1_O)        0.058     4.390 r  bd_0_i/hls_inst/inst/regslice_both_output_r_U/data_p1[15]_i_2/O
                         net (fo=1, unplaced)         0.067     4.457    bd_0_i/hls_inst/inst/regslice_both_output_r_U/data_p1[15]_i_2_n_0
                         FDRE                                         r  bd_0_i/hls_inst/inst/regslice_both_output_r_U/data_p1_reg[15]/D
  -------------------------------------------------------------------    -------------------

                         (clock ap_clk rise edge)    10.000    10.000 r  
                                                      0.000    10.000 r  ap_clk (IN)
                         net (fo=9068, unset)         0.029    10.029    bd_0_i/hls_inst/inst/regslice_both_output_r_U/ap_clk
                         FDRE                                         r  bd_0_i/hls_inst/inst/regslice_both_output_r_U/data_p1_reg[15]/C
                         clock pessimism              0.000    10.029    
                         clock uncertainty           -0.035     9.994    
                         FDRE (Setup_FDRE_C_D)        0.044    10.038    bd_0_i/hls_inst/inst/regslice_both_output_r_U/data_p1_reg[15]
  -------------------------------------------------------------------
                         required time                         10.038    
                         arrival time                          -4.457    
  -------------------------------------------------------------------
                         slack                                  5.581    

Slack (MET) :             5.602ns  (required time - arrival time)
  Source:                 bd_0_i/hls_inst/inst/grp_FIR_filter_fu_827/ama_addmuladd_16s_16s_8ns_26s_27_4_1_U80/FIR_HLS_ama_addmuladd_16s_16s_8ns_26s_27_4_1_DSP48_0_U/p_reg_reg/DSP_OUTPUT_INST/CLK
                            (rising edge-triggered cell DSP_OUTPUT clocked by ap_clk  {rise@0.000ns fall@5.000ns period=10.000ns})
  Destination:            bd_0_i/hls_inst/inst/regslice_both_output_r_U/data_p1_reg[14]/D
                            (rising edge-triggered cell FDRE clocked by ap_clk  {rise@0.000ns fall@5.000ns period=10.000ns})
  Path Group:             ap_clk
  Path Type:              Setup (Max at Slow Process Corner)
  Requirement:            10.000ns  (ap_clk rise@10.000ns - ap_clk rise@0.000ns)
  Data Path Delay:        4.359ns  (logic 2.453ns (56.274%)  route 1.906ns (43.726%))
  Logic Levels:           16  (CARRY8=8 LUT2=3 LUT3=2 LUT4=3)
  Clock Path Skew:        -0.048ns (DCD - SCD + CPR)
    Destination Clock Delay (DCD):    0.029ns = ( 10.029 - 10.000 ) 
    Source Clock Delay      (SCD):    0.077ns
    Clock Pessimism Removal (CPR):    0.000ns
  Clock Uncertainty:      0.035ns  ((TSJ^2 + TIJ^2)^1/2 + DJ) / 2 + PE
    Total System Jitter     (TSJ):    0.071ns
    Total Input Jitter      (TIJ):    0.000ns
    Discrete Jitter          (DJ):    0.000ns
    Phase Error              (PE):    0.000ns

    Location             Delay type                Incr(ns)  Path(ns)    Netlist Resource(s)
  -------------------------------------------------------------------    -------------------
                         (clock ap_clk rise edge)     0.000     0.000 r  
                                                      0.000     0.000 r  ap_clk (IN)
                         net (fo=9068, unset)         0.077     0.077    bd_0_i/hls_inst/inst/grp_FIR_filter_fu_827/ama_addmuladd_16s_16s_8ns_26s_27_4_1_U80/FIR_HLS_ama_addmuladd_16s_16s_8ns_26s_27_4_1_DSP48_0_U/p_reg_reg/CLK
                         DSP_OUTPUT                                   r  bd_0_i/hls_inst/inst/grp_FIR_filter_fu_827/ama_addmuladd_16s_16s_8ns_26s_27_4_1_U80/FIR_HLS_ama_addmuladd_16s_16s_8ns_26s_27_4_1_DSP48_0_U/p_reg_reg/DSP_OUTPUT_INST/CLK
  -------------------------------------------------------------------    -------------------
                         DSP_OUTPUT (Prop_DSP_OUTPUT_CLK_P[0])
                                                      0.270     0.347 r  bd_0_i/hls_inst/inst/grp_FIR_filter_fu_827/ama_addmuladd_16s_16s_8ns_26s_27_4_1_U80/FIR_HLS_ama_addmuladd_16s_16s_8ns_26s_27_4_1_DSP48_0_U/p_reg_reg/DSP_OUTPUT_INST/P[0]
                         net (fo=2, unplaced)         0.258     0.605    bd_0_i/hls_inst/inst/grp_FIR_filter_fu_827/ama_addmuladd_16s_16s_8ns_26s_27_4_1_U80_n_26
                         LUT2 (Prop_LUT2_I0_O)        0.083     0.688 r  bd_0_i/hls_inst/inst/grp_FIR_filter_fu_827/data_p2[7]_i_130/O
                         net (fo=1, unplaced)         0.025     0.713    bd_0_i/hls_inst/inst/grp_FIR_filter_fu_827/data_p2[7]_i_130_n_0
                         CARRY8 (Prop_CARRY8_S[0]_CO[7])
                                                      0.289     1.002 r  bd_0_i/hls_inst/inst/grp_FIR_filter_fu_827/data_p2_reg[7]_i_99/CO[7]
                         net (fo=1, unplaced)         0.006     1.008    bd_0_i/hls_inst/inst/grp_FIR_filter_fu_827/data_p2_reg[7]_i_99_n_0
                         CARRY8 (Prop_CARRY8_CI_O[1])
                                                      0.106     1.114 r  bd_0_i/hls_inst/inst/grp_FIR_filter_fu_827/data_p2_reg[15]_i_162/O[1]
                         net (fo=2, unplaced)         0.209     1.323    bd_0_i/hls_inst/inst/grp_FIR_filter_fu_827/sext_ln31_628_fu_9894_p1[9]
                         LUT2 (Prop_LUT2_I0_O)        0.057     1.380 r  bd_0_i/hls_inst/inst/grp_FIR_filter_fu_827/data_p2[15]_i_169/O
                         net (fo=1, unplaced)         0.030     1.410    bd_0_i/hls_inst/inst/grp_FIR_filter_fu_827/data_p2[15]_i_169_n_0
                         CARRY8 (Prop_CARRY8_S[1]_CO[7])
                                                      0.275     1.685 r  bd_0_i/hls_inst/inst/grp_FIR_filter_fu_827/data_p2_reg[15]_i_97/CO[7]
                         net (fo=1, unplaced)         0.006     1.691    bd_0_i/hls_inst/inst/grp_FIR_filter_fu_827/data_p2_reg[15]_i_97_n_0
                         CARRY8 (Prop_CARRY8_CI_O[1])
                                                      0.106     1.797 r  bd_0_i/hls_inst/inst/grp_FIR_filter_fu_827/data_p2_reg[15]_i_79/O[1]
                         net (fo=2, unplaced)         0.209     2.006    bd_0_i/hls_inst/inst/grp_FIR_filter_fu_827/sext_ln31_700_fu_9907_p1[17]
                         LUT2 (Prop_LUT2_I0_O)        0.057     2.063 r  bd_0_i/hls_inst/inst/grp_FIR_filter_fu_827/data_p2[15]_i_86/O
                         net (fo=1, unplaced)         0.030     2.093    bd_0_i/hls_inst/inst/grp_FIR_filter_fu_827/data_p2[15]_i_86_n_0
                         CARRY8 (Prop_CARRY8_S[1]_O[4])
                                                      0.286     2.379 r  bd_0_i/hls_inst/inst/grp_FIR_filter_fu_827/data_p2_reg[15]_i_53/O[4]
                         net (fo=2, unplaced)         0.209     2.588    bd_0_i/hls_inst/inst/grp_FIR_filter_fu_827/sext_ln31_701_fu_9917_p1[20]
                         LUT3 (Prop_LUT3_I2_O)        0.058     2.646 r  bd_0_i/hls_inst/inst/grp_FIR_filter_fu_827/data_p2[15]_i_36/O
                         net (fo=2, unplaced)         0.211     2.857    bd_0_i/hls_inst/inst/grp_FIR_filter_fu_827/data_p2[15]_i_36_n_0
                         LUT4 (Prop_LUT4_I3_O)        0.056     2.913 r  bd_0_i/hls_inst/inst/grp_FIR_filter_fu_827/data_p2[15]_i_44/O
                         net (fo=1, unplaced)         0.037     2.950    bd_0_i/hls_inst/inst/grp_FIR_filter_fu_827/data_p2[15]_i_44_n_0
                         CARRY8 (Prop_CARRY8_S[5]_CO[7])
                                                      0.246     3.196 r  bd_0_i/hls_inst/inst/grp_FIR_filter_fu_827/data_p2_reg[15]_i_18/CO[7]
                         net (fo=1, unplaced)         0.006     3.202    bd_0_i/hls_inst/inst/grp_FIR_filter_fu_827/data_p2_reg[15]_i_18_n_0
                         CARRY8 (Prop_CARRY8_CI_O[0])
                                                      0.078     3.280 r  bd_0_i/hls_inst/inst/grp_FIR_filter_fu_827/data_p2_reg[15]_i_3/O[0]
                         net (fo=2, unplaced)         0.211     3.491    bd_0_i/hls_inst/inst/grp_FIR_filter_fu_827/data_p2_reg[15]_i_3_n_15
                         LUT3 (Prop_LUT3_I2_O)        0.058     3.549 r  bd_0_i/hls_inst/inst/grp_FIR_filter_fu_827/data_p2[15]_i_8/O
                         net (fo=2, unplaced)         0.211     3.760    bd_0_i/hls_inst/inst/grp_FIR_filter_fu_827/data_p2[15]_i_8_n_0
                         LUT4 (Prop_LUT4_I3_O)        0.057     3.817 r  bd_0_i/hls_inst/inst/grp_FIR_filter_fu_827/data_p2[15]_i_16/O
                         net (fo=1, unplaced)         0.030     3.847    bd_0_i/hls_inst/inst/grp_FIR_filter_fu_827/data_p2[15]_i_16_n_0
                         CARRY8 (Prop_CARRY8_S[1]_O[6])
                                                      0.313     4.160 r  bd_0_i/hls_inst/inst/grp_FIR_filter_fu_827/data_p2_reg[15]_i_2/O[6]
                         net (fo=2, unplaced)         0.151     4.311    bd_0_i/hls_inst/inst/regslice_both_output_r_U/data_p2_reg[15]_0[14]
                         LUT4 (Prop_LUT4_I1_O)        0.058     4.369 r  bd_0_i/hls_inst/inst/regslice_both_output_r_U/data_p1[14]_i_1/O
                         net (fo=1, unplaced)         0.067     4.436    bd_0_i/hls_inst/inst/regslice_both_output_r_U/data_p1[14]_i_1_n_0
                         FDRE                                         r  bd_0_i/hls_inst/inst/regslice_both_output_r_U/data_p1_reg[14]/D
  -------------------------------------------------------------------    -------------------

                         (clock ap_clk rise edge)    10.000    10.000 r  
                                                      0.000    10.000 r  ap_clk (IN)
                         net (fo=9068, unset)         0.029    10.029    bd_0_i/hls_inst/inst/regslice_both_output_r_U/ap_clk
                         FDRE                                         r  bd_0_i/hls_inst/inst/regslice_both_output_r_U/data_p1_reg[14]/C
                         clock pessimism              0.000    10.029    
                         clock uncertainty           -0.035     9.994    
                         FDRE (Setup_FDRE_C_D)        0.044    10.038    bd_0_i/hls_inst/inst/regslice_both_output_r_U/data_p1_reg[14]
  -------------------------------------------------------------------
                         required time                         10.038    
                         arrival time                          -4.436    
  -------------------------------------------------------------------
                         slack                                  5.602    

Slack (MET) :             5.602ns  (required time - arrival time)
  Source:                 bd_0_i/hls_inst/inst/grp_FIR_filter_fu_827/ama_addmuladd_16s_16s_8ns_26s_27_4_1_U80/FIR_HLS_ama_addmuladd_16s_16s_8ns_26s_27_4_1_DSP48_0_U/p_reg_reg/DSP_OUTPUT_INST/CLK
                            (rising edge-triggered cell DSP_OUTPUT clocked by ap_clk  {rise@0.000ns fall@5.000ns period=10.000ns})
  Destination:            bd_0_i/hls_inst/inst/regslice_both_output_r_U/data_p1_reg[9]/D
                            (rising edge-triggered cell FDRE clocked by ap_clk  {rise@0.000ns fall@5.000ns period=10.000ns})
  Path Group:             ap_clk
  Path Type:              Setup (Max at Slow Process Corner)
  Requirement:            10.000ns  (ap_clk rise@10.000ns - ap_clk rise@0.000ns)
  Data Path Delay:        4.359ns  (logic 2.394ns (54.921%)  route 1.965ns (45.079%))
  Logic Levels:           16  (CARRY8=8 LUT2=3 LUT3=2 LUT4=3)
  Clock Path Skew:        -0.048ns (DCD - SCD + CPR)
    Destination Clock Delay (DCD):    0.029ns = ( 10.029 - 10.000 ) 
    Source Clock Delay      (SCD):    0.077ns
    Clock Pessimism Removal (CPR):    0.000ns
  Clock Uncertainty:      0.035ns  ((TSJ^2 + TIJ^2)^1/2 + DJ) / 2 + PE
    Total System Jitter     (TSJ):    0.071ns
    Total Input Jitter      (TIJ):    0.000ns
    Discrete Jitter          (DJ):    0.000ns
    Phase Error              (PE):    0.000ns

    Location             Delay type                Incr(ns)  Path(ns)    Netlist Resource(s)
  -------------------------------------------------------------------    -------------------
                         (clock ap_clk rise edge)     0.000     0.000 r  
                                                      0.000     0.000 r  ap_clk (IN)
                         net (fo=9068, unset)         0.077     0.077    bd_0_i/hls_inst/inst/grp_FIR_filter_fu_827/ama_addmuladd_16s_16s_8ns_26s_27_4_1_U80/FIR_HLS_ama_addmuladd_16s_16s_8ns_26s_27_4_1_DSP48_0_U/p_reg_reg/CLK
                         DSP_OUTPUT                                   r  bd_0_i/hls_inst/inst/grp_FIR_filter_fu_827/ama_addmuladd_16s_16s_8ns_26s_27_4_1_U80/FIR_HLS_ama_addmuladd_16s_16s_8ns_26s_27_4_1_DSP48_0_U/p_reg_reg/DSP_OUTPUT_INST/CLK
  -------------------------------------------------------------------    -------------------
                         DSP_OUTPUT (Prop_DSP_OUTPUT_CLK_P[0])
                                                      0.270     0.347 r  bd_0_i/hls_inst/inst/grp_FIR_filter_fu_827/ama_addmuladd_16s_16s_8ns_26s_27_4_1_U80/FIR_HLS_ama_addmuladd_16s_16s_8ns_26s_27_4_1_DSP48_0_U/p_reg_reg/DSP_OUTPUT_INST/P[0]
                         net (fo=2, unplaced)         0.258     0.605    bd_0_i/hls_inst/inst/grp_FIR_filter_fu_827/ama_addmuladd_16s_16s_8ns_26s_27_4_1_U80_n_26
                         LUT2 (Prop_LUT2_I0_O)        0.083     0.688 r  bd_0_i/hls_inst/inst/grp_FIR_filter_fu_827/data_p2[7]_i_130/O
                         net (fo=1, unplaced)         0.025     0.713    bd_0_i/hls_inst/inst/grp_FIR_filter_fu_827/data_p2[7]_i_130_n_0
                         CARRY8 (Prop_CARRY8_S[0]_O[4])
                                                      0.288     1.001 r  bd_0_i/hls_inst/inst/grp_FIR_filter_fu_827/data_p2_reg[7]_i_99/O[4]
                         net (fo=2, unplaced)         0.209     1.210    bd_0_i/hls_inst/inst/grp_FIR_filter_fu_827/sext_ln31_628_fu_9894_p1[4]
                         LUT2 (Prop_LUT2_I0_O)        0.057     1.267 r  bd_0_i/hls_inst/inst/grp_FIR_filter_fu_827/data_p2[7]_i_103/O
                         net (fo=1, unplaced)         0.026     1.293    bd_0_i/hls_inst/inst/grp_FIR_filter_fu_827/data_p2[7]_i_103_n_0
                         CARRY8 (Prop_CARRY8_S[4]_CO[7])
                                                      0.244     1.537 r  bd_0_i/hls_inst/inst/grp_FIR_filter_fu_827/data_p2_reg[7]_i_80/CO[7]
                         net (fo=1, unplaced)         0.006     1.543    bd_0_i/hls_inst/inst/grp_FIR_filter_fu_827/data_p2_reg[7]_i_80_n_0
                         CARRY8 (Prop_CARRY8_CI_O[1])
                                                      0.106     1.649 r  bd_0_i/hls_inst/inst/grp_FIR_filter_fu_827/data_p2_reg[15]_i_97/O[1]
                         net (fo=2, unplaced)         0.209     1.858    bd_0_i/hls_inst/inst/grp_FIR_filter_fu_827/sext_ln31_700_fu_9907_p1[9]
                         LUT2 (Prop_LUT2_I0_O)        0.057     1.915 r  bd_0_i/hls_inst/inst/grp_FIR_filter_fu_827/data_p2[15]_i_104/O
                         net (fo=1, unplaced)         0.030     1.945    bd_0_i/hls_inst/inst/grp_FIR_filter_fu_827/data_p2[15]_i_104_n_0
                         CARRY8 (Prop_CARRY8_S[1]_O[4])
                                                      0.286     2.231 r  bd_0_i/hls_inst/inst/grp_FIR_filter_fu_827/data_p2_reg[15]_i_55/O[4]
                         net (fo=2, unplaced)         0.209     2.440    bd_0_i/hls_inst/inst/grp_FIR_filter_fu_827/sext_ln31_701_fu_9917_p1[12]
                         LUT3 (Prop_LUT3_I2_O)        0.058     2.498 r  bd_0_i/hls_inst/inst/grp_FIR_filter_fu_827/data_p2[7]_i_47/O
                         net (fo=2, unplaced)         0.211     2.709    bd_0_i/hls_inst/inst/grp_FIR_filter_fu_827/data_p2[7]_i_47_n_0
                         LUT4 (Prop_LUT4_I3_O)        0.056     2.765 r  bd_0_i/hls_inst/inst/grp_FIR_filter_fu_827/data_p2[7]_i_55/O
                         net (fo=1, unplaced)         0.037     2.802    bd_0_i/hls_inst/inst/grp_FIR_filter_fu_827/data_p2[7]_i_55_n_0
                         CARRY8 (Prop_CARRY8_S[5]_CO[7])
                                                      0.246     3.048 r  bd_0_i/hls_inst/inst/grp_FIR_filter_fu_827/data_p2_reg[7]_i_27/CO[7]
                         net (fo=1, unplaced)         0.006     3.054    bd_0_i/hls_inst/inst/grp_FIR_filter_fu_827/data_p2_reg[7]_i_27_n_0
                         CARRY8 (Prop_CARRY8_CI_O[4])
                                                      0.119     3.173 r  bd_0_i/hls_inst/inst/grp_FIR_filter_fu_827/data_p2_reg[15]_i_18/O[4]
                         net (fo=2, unplaced)         0.209     3.382    bd_0_i/hls_inst/inst/grp_FIR_filter_fu_827/data_p2_reg[15]_i_18_n_11
                         LUT3 (Prop_LUT3_I2_O)        0.058     3.440 r  bd_0_i/hls_inst/inst/grp_FIR_filter_fu_827/data_p2[7]_i_5/O
                         net (fo=2, unplaced)         0.211     3.651    bd_0_i/hls_inst/inst/grp_FIR_filter_fu_827/data_p2[7]_i_5_n_0
                         LUT4 (Prop_LUT4_I3_O)        0.056     3.707 r  bd_0_i/hls_inst/inst/grp_FIR_filter_fu_827/data_p2[7]_i_13/O
                         net (fo=1, unplaced)         0.037     3.744    bd_0_i/hls_inst/inst/grp_FIR_filter_fu_827/data_p2[7]_i_13_n_0
                         CARRY8 (Prop_CARRY8_S[5]_CO[7])
                                                      0.246     3.990 r  bd_0_i/hls_inst/inst/grp_FIR_filter_fu_827/data_p2_reg[7]_i_1/CO[7]
                         net (fo=1, unplaced)         0.006     3.996    bd_0_i/hls_inst/inst/grp_FIR_filter_fu_827/data_p2_reg[7]_i_1_n_0
                         CARRY8 (Prop_CARRY8_CI_O[1])
                                                      0.106     4.102 r  bd_0_i/hls_inst/inst/grp_FIR_filter_fu_827/data_p2_reg[15]_i_2/O[1]
                         net (fo=2, unplaced)         0.209     4.311    bd_0_i/hls_inst/inst/regslice_both_output_r_U/data_p2_reg[15]_0[9]
                         LUT4 (Prop_LUT4_I1_O)        0.058     4.369 r  bd_0_i/hls_inst/inst/regslice_both_output_r_U/data_p1[9]_i_1/O
                         net (fo=1, unplaced)         0.067     4.436    bd_0_i/hls_inst/inst/regslice_both_output_r_U/data_p1[9]_i_1_n_0
                         FDRE                                         r  bd_0_i/hls_inst/inst/regslice_both_output_r_U/data_p1_reg[9]/D
  -------------------------------------------------------------------    -------------------

                         (clock ap_clk rise edge)    10.000    10.000 r  
                                                      0.000    10.000 r  ap_clk (IN)
                         net (fo=9068, unset)         0.029    10.029    bd_0_i/hls_inst/inst/regslice_both_output_r_U/ap_clk
                         FDRE                                         r  bd_0_i/hls_inst/inst/regslice_both_output_r_U/data_p1_reg[9]/C
                         clock pessimism              0.000    10.029    
                         clock uncertainty           -0.035     9.994    
                         FDRE (Setup_FDRE_C_D)        0.044    10.038    bd_0_i/hls_inst/inst/regslice_both_output_r_U/data_p1_reg[9]
  -------------------------------------------------------------------
                         required time                         10.038    
                         arrival time                          -4.436    
  -------------------------------------------------------------------
                         slack                                  5.602    

Slack (MET) :             5.613ns  (required time - arrival time)
  Source:                 bd_0_i/hls_inst/inst/grp_FIR_filter_fu_827/ama_addmuladd_16s_16s_8ns_26s_27_4_1_U80/FIR_HLS_ama_addmuladd_16s_16s_8ns_26s_27_4_1_DSP48_0_U/p_reg_reg/DSP_OUTPUT_INST/CLK
                            (rising edge-triggered cell DSP_OUTPUT clocked by ap_clk  {rise@0.000ns fall@5.000ns period=10.000ns})
  Destination:            bd_0_i/hls_inst/inst/regslice_both_output_r_U/data_p1_reg[10]/D
                            (rising edge-triggered cell FDRE clocked by ap_clk  {rise@0.000ns fall@5.000ns period=10.000ns})
  Path Group:             ap_clk
  Path Type:              Setup (Max at Slow Process Corner)
  Requirement:            10.000ns  (ap_clk rise@10.000ns - ap_clk rise@0.000ns)
  Data Path Delay:        4.348ns  (logic 2.381ns (54.761%)  route 1.967ns (45.239%))
  Logic Levels:           16  (CARRY8=8 LUT2=3 LUT3=2 LUT4=3)
  Clock Path Skew:        -0.048ns (DCD - SCD + CPR)
    Destination Clock Delay (DCD):    0.029ns = ( 10.029 - 10.000 ) 
    Source Clock Delay      (SCD):    0.077ns
    Clock Pessimism Removal (CPR):    0.000ns
  Clock Uncertainty:      0.035ns  ((TSJ^2 + TIJ^2)^1/2 + DJ) / 2 + PE
    Total System Jitter     (TSJ):    0.071ns
    Total Input Jitter      (TIJ):    0.000ns
    Discrete Jitter          (DJ):    0.000ns
    Phase Error              (PE):    0.000ns

    Location             Delay type                Incr(ns)  Path(ns)    Netlist Resource(s)
  -------------------------------------------------------------------    -------------------
                         (clock ap_clk rise edge)     0.000     0.000 r  
                                                      0.000     0.000 r  ap_clk (IN)
                         net (fo=9068, unset)         0.077     0.077    bd_0_i/hls_inst/inst/grp_FIR_filter_fu_827/ama_addmuladd_16s_16s_8ns_26s_27_4_1_U80/FIR_HLS_ama_addmuladd_16s_16s_8ns_26s_27_4_1_DSP48_0_U/p_reg_reg/CLK
                         DSP_OUTPUT                                   r  bd_0_i/hls_inst/inst/grp_FIR_filter_fu_827/ama_addmuladd_16s_16s_8ns_26s_27_4_1_U80/FIR_HLS_ama_addmuladd_16s_16s_8ns_26s_27_4_1_DSP48_0_U/p_reg_reg/DSP_OUTPUT_INST/CLK
  -------------------------------------------------------------------    -------------------
                         DSP_OUTPUT (Prop_DSP_OUTPUT_CLK_P[0])
                                                      0.270     0.347 r  bd_0_i/hls_inst/inst/grp_FIR_filter_fu_827/ama_addmuladd_16s_16s_8ns_26s_27_4_1_U80/FIR_HLS_ama_addmuladd_16s_16s_8ns_26s_27_4_1_DSP48_0_U/p_reg_reg/DSP_OUTPUT_INST/P[0]
                         net (fo=2, unplaced)         0.258     0.605    bd_0_i/hls_inst/inst/grp_FIR_filter_fu_827/ama_addmuladd_16s_16s_8ns_26s_27_4_1_U80_n_26
                         LUT2 (Prop_LUT2_I0_O)        0.083     0.688 r  bd_0_i/hls_inst/inst/grp_FIR_filter_fu_827/data_p2[7]_i_130/O
                         net (fo=1, unplaced)         0.025     0.713    bd_0_i/hls_inst/inst/grp_FIR_filter_fu_827/data_p2[7]_i_130_n_0
                         CARRY8 (Prop_CARRY8_S[0]_O[4])
                                                      0.288     1.001 r  bd_0_i/hls_inst/inst/grp_FIR_filter_fu_827/data_p2_reg[7]_i_99/O[4]
                         net (fo=2, unplaced)         0.209     1.210    bd_0_i/hls_inst/inst/grp_FIR_filter_fu_827/sext_ln31_628_fu_9894_p1[4]
                         LUT2 (Prop_LUT2_I0_O)        0.057     1.267 r  bd_0_i/hls_inst/inst/grp_FIR_filter_fu_827/data_p2[7]_i_103/O
                         net (fo=1, unplaced)         0.026     1.293    bd_0_i/hls_inst/inst/grp_FIR_filter_fu_827/data_p2[7]_i_103_n_0
                         CARRY8 (Prop_CARRY8_S[4]_CO[7])
                                                      0.244     1.537 r  bd_0_i/hls_inst/inst/grp_FIR_filter_fu_827/data_p2_reg[7]_i_80/CO[7]
                         net (fo=1, unplaced)         0.006     1.543    bd_0_i/hls_inst/inst/grp_FIR_filter_fu_827/data_p2_reg[7]_i_80_n_0
                         CARRY8 (Prop_CARRY8_CI_O[1])
                                                      0.106     1.649 r  bd_0_i/hls_inst/inst/grp_FIR_filter_fu_827/data_p2_reg[15]_i_97/O[1]
                         net (fo=2, unplaced)         0.209     1.858    bd_0_i/hls_inst/inst/grp_FIR_filter_fu_827/sext_ln31_700_fu_9907_p1[9]
                         LUT2 (Prop_LUT2_I0_O)        0.057     1.915 r  bd_0_i/hls_inst/inst/grp_FIR_filter_fu_827/data_p2[15]_i_104/O
                         net (fo=1, unplaced)         0.030     1.945    bd_0_i/hls_inst/inst/grp_FIR_filter_fu_827/data_p2[15]_i_104_n_0
                         CARRY8 (Prop_CARRY8_S[1]_O[4])
                                                      0.286     2.231 r  bd_0_i/hls_inst/inst/grp_FIR_filter_fu_827/data_p2_reg[15]_i_55/O[4]
                         net (fo=2, unplaced)         0.209     2.440    bd_0_i/hls_inst/inst/grp_FIR_filter_fu_827/sext_ln31_701_fu_9917_p1[12]
                         LUT3 (Prop_LUT3_I2_O)        0.058     2.498 r  bd_0_i/hls_inst/inst/grp_FIR_filter_fu_827/data_p2[7]_i_47/O
                         net (fo=2, unplaced)         0.211     2.709    bd_0_i/hls_inst/inst/grp_FIR_filter_fu_827/data_p2[7]_i_47_n_0
                         LUT4 (Prop_LUT4_I3_O)        0.056     2.765 r  bd_0_i/hls_inst/inst/grp_FIR_filter_fu_827/data_p2[7]_i_55/O
                         net (fo=1, unplaced)         0.037     2.802    bd_0_i/hls_inst/inst/grp_FIR_filter_fu_827/data_p2[7]_i_55_n_0
                         CARRY8 (Prop_CARRY8_S[5]_CO[7])
                                                      0.246     3.048 r  bd_0_i/hls_inst/inst/grp_FIR_filter_fu_827/data_p2_reg[7]_i_27/CO[7]
                         net (fo=1, unplaced)         0.006     3.054    bd_0_i/hls_inst/inst/grp_FIR_filter_fu_827/data_p2_reg[7]_i_27_n_0
                         CARRY8 (Prop_CARRY8_CI_O[4])
                                                      0.119     3.173 r  bd_0_i/hls_inst/inst/grp_FIR_filter_fu_827/data_p2_reg[15]_i_18/O[4]
                         net (fo=2, unplaced)         0.209     3.382    bd_0_i/hls_inst/inst/grp_FIR_filter_fu_827/data_p2_reg[15]_i_18_n_11
                         LUT3 (Prop_LUT3_I2_O)        0.058     3.440 r  bd_0_i/hls_inst/inst/grp_FIR_filter_fu_827/data_p2[7]_i_5/O
                         net (fo=2, unplaced)         0.211     3.651    bd_0_i/hls_inst/inst/grp_FIR_filter_fu_827/data_p2[7]_i_5_n_0
                         LUT4 (Prop_LUT4_I3_O)        0.056     3.707 r  bd_0_i/hls_inst/inst/grp_FIR_filter_fu_827/data_p2[7]_i_13/O
                         net (fo=1, unplaced)         0.037     3.744    bd_0_i/hls_inst/inst/grp_FIR_filter_fu_827/data_p2[7]_i_13_n_0
                         CARRY8 (Prop_CARRY8_S[5]_CO[7])
                                                      0.246     3.990 r  bd_0_i/hls_inst/inst/grp_FIR_filter_fu_827/data_p2_reg[7]_i_1/CO[7]
                         net (fo=1, unplaced)         0.006     3.996    bd_0_i/hls_inst/inst/grp_FIR_filter_fu_827/data_p2_reg[7]_i_1_n_0
                         CARRY8 (Prop_CARRY8_CI_O[2])
                                                      0.093     4.089 r  bd_0_i/hls_inst/inst/grp_FIR_filter_fu_827/data_p2_reg[15]_i_2/O[2]
                         net (fo=2, unplaced)         0.211     4.300    bd_0_i/hls_inst/inst/regslice_both_output_r_U/data_p2_reg[15]_0[10]
                         LUT4 (Prop_LUT4_I1_O)        0.058     4.358 r  bd_0_i/hls_inst/inst/regslice_both_output_r_U/data_p1[10]_i_1/O
                         net (fo=1, unplaced)         0.067     4.425    bd_0_i/hls_inst/inst/regslice_both_output_r_U/data_p1[10]_i_1_n_0
                         FDRE                                         r  bd_0_i/hls_inst/inst/regslice_both_output_r_U/data_p1_reg[10]/D
  -------------------------------------------------------------------    -------------------

                         (clock ap_clk rise edge)    10.000    10.000 r  
                                                      0.000    10.000 r  ap_clk (IN)
                         net (fo=9068, unset)         0.029    10.029    bd_0_i/hls_inst/inst/regslice_both_output_r_U/ap_clk
                         FDRE                                         r  bd_0_i/hls_inst/inst/regslice_both_output_r_U/data_p1_reg[10]/C
                         clock pessimism              0.000    10.029    
                         clock uncertainty           -0.035     9.994    
                         FDRE (Setup_FDRE_C_D)        0.044    10.038    bd_0_i/hls_inst/inst/regslice_both_output_r_U/data_p1_reg[10]
  -------------------------------------------------------------------
                         required time                         10.038    
                         arrival time                          -4.425    
  -------------------------------------------------------------------
                         slack                                  5.613    

Slack (MET) :             5.628ns  (required time - arrival time)
  Source:                 bd_0_i/hls_inst/inst/grp_FIR_filter_fu_827/ama_addmuladd_16s_16s_8ns_26s_27_4_1_U80/FIR_HLS_ama_addmuladd_16s_16s_8ns_26s_27_4_1_DSP48_0_U/p_reg_reg/DSP_OUTPUT_INST/CLK
                            (rising edge-triggered cell DSP_OUTPUT clocked by ap_clk  {rise@0.000ns fall@5.000ns period=10.000ns})
  Destination:            bd_0_i/hls_inst/inst/regslice_both_output_r_U/data_p1_reg[8]/D
                            (rising edge-triggered cell FDRE clocked by ap_clk  {rise@0.000ns fall@5.000ns period=10.000ns})
  Path Group:             ap_clk
  Path Type:              Setup (Max at Slow Process Corner)
  Requirement:            10.000ns  (ap_clk rise@10.000ns - ap_clk rise@0.000ns)
  Data Path Delay:        4.333ns  (logic 2.366ns (54.604%)  route 1.967ns (45.396%))
  Logic Levels:           16  (CARRY8=8 LUT2=3 LUT3=2 LUT4=3)
  Clock Path Skew:        -0.048ns (DCD - SCD + CPR)
    Destination Clock Delay (DCD):    0.029ns = ( 10.029 - 10.000 ) 
    Source Clock Delay      (SCD):    0.077ns
    Clock Pessimism Removal (CPR):    0.000ns
  Clock Uncertainty:      0.035ns  ((TSJ^2 + TIJ^2)^1/2 + DJ) / 2 + PE
    Total System Jitter     (TSJ):    0.071ns
    Total Input Jitter      (TIJ):    0.000ns
    Discrete Jitter          (DJ):    0.000ns
    Phase Error              (PE):    0.000ns

    Location             Delay type                Incr(ns)  Path(ns)    Netlist Resource(s)
  -------------------------------------------------------------------    -------------------
                         (clock ap_clk rise edge)     0.000     0.000 r  
                                                      0.000     0.000 r  ap_clk (IN)
                         net (fo=9068, unset)         0.077     0.077    bd_0_i/hls_inst/inst/grp_FIR_filter_fu_827/ama_addmuladd_16s_16s_8ns_26s_27_4_1_U80/FIR_HLS_ama_addmuladd_16s_16s_8ns_26s_27_4_1_DSP48_0_U/p_reg_reg/CLK
                         DSP_OUTPUT                                   r  bd_0_i/hls_inst/inst/grp_FIR_filter_fu_827/ama_addmuladd_16s_16s_8ns_26s_27_4_1_U80/FIR_HLS_ama_addmuladd_16s_16s_8ns_26s_27_4_1_DSP48_0_U/p_reg_reg/DSP_OUTPUT_INST/CLK
  -------------------------------------------------------------------    -------------------
                         DSP_OUTPUT (Prop_DSP_OUTPUT_CLK_P[0])
                                                      0.270     0.347 r  bd_0_i/hls_inst/inst/grp_FIR_filter_fu_827/ama_addmuladd_16s_16s_8ns_26s_27_4_1_U80/FIR_HLS_ama_addmuladd_16s_16s_8ns_26s_27_4_1_DSP48_0_U/p_reg_reg/DSP_OUTPUT_INST/P[0]
                         net (fo=2, unplaced)         0.258     0.605    bd_0_i/hls_inst/inst/grp_FIR_filter_fu_827/ama_addmuladd_16s_16s_8ns_26s_27_4_1_U80_n_26
                         LUT2 (Prop_LUT2_I0_O)        0.083     0.688 r  bd_0_i/hls_inst/inst/grp_FIR_filter_fu_827/data_p2[7]_i_130/O
                         net (fo=1, unplaced)         0.025     0.713    bd_0_i/hls_inst/inst/grp_FIR_filter_fu_827/data_p2[7]_i_130_n_0
                         CARRY8 (Prop_CARRY8_S[0]_O[4])
                                                      0.288     1.001 r  bd_0_i/hls_inst/inst/grp_FIR_filter_fu_827/data_p2_reg[7]_i_99/O[4]
                         net (fo=2, unplaced)         0.209     1.210    bd_0_i/hls_inst/inst/grp_FIR_filter_fu_827/sext_ln31_628_fu_9894_p1[4]
                         LUT2 (Prop_LUT2_I0_O)        0.057     1.267 r  bd_0_i/hls_inst/inst/grp_FIR_filter_fu_827/data_p2[7]_i_103/O
                         net (fo=1, unplaced)         0.026     1.293    bd_0_i/hls_inst/inst/grp_FIR_filter_fu_827/data_p2[7]_i_103_n_0
                         CARRY8 (Prop_CARRY8_S[4]_CO[7])
                                                      0.244     1.537 r  bd_0_i/hls_inst/inst/grp_FIR_filter_fu_827/data_p2_reg[7]_i_80/CO[7]
                         net (fo=1, unplaced)         0.006     1.543    bd_0_i/hls_inst/inst/grp_FIR_filter_fu_827/data_p2_reg[7]_i_80_n_0
                         CARRY8 (Prop_CARRY8_CI_O[1])
                                                      0.106     1.649 r  bd_0_i/hls_inst/inst/grp_FIR_filter_fu_827/data_p2_reg[15]_i_97/O[1]
                         net (fo=2, unplaced)         0.209     1.858    bd_0_i/hls_inst/inst/grp_FIR_filter_fu_827/sext_ln31_700_fu_9907_p1[9]
                         LUT2 (Prop_LUT2_I0_O)        0.057     1.915 r  bd_0_i/hls_inst/inst/grp_FIR_filter_fu_827/data_p2[15]_i_104/O
                         net (fo=1, unplaced)         0.030     1.945    bd_0_i/hls_inst/inst/grp_FIR_filter_fu_827/data_p2[15]_i_104_n_0
                         CARRY8 (Prop_CARRY8_S[1]_O[4])
                                                      0.286     2.231 r  bd_0_i/hls_inst/inst/grp_FIR_filter_fu_827/data_p2_reg[15]_i_55/O[4]
                         net (fo=2, unplaced)         0.209     2.440    bd_0_i/hls_inst/inst/grp_FIR_filter_fu_827/sext_ln31_701_fu_9917_p1[12]
                         LUT3 (Prop_LUT3_I2_O)        0.058     2.498 r  bd_0_i/hls_inst/inst/grp_FIR_filter_fu_827/data_p2[7]_i_47/O
                         net (fo=2, unplaced)         0.211     2.709    bd_0_i/hls_inst/inst/grp_FIR_filter_fu_827/data_p2[7]_i_47_n_0
                         LUT4 (Prop_LUT4_I3_O)        0.056     2.765 r  bd_0_i/hls_inst/inst/grp_FIR_filter_fu_827/data_p2[7]_i_55/O
                         net (fo=1, unplaced)         0.037     2.802    bd_0_i/hls_inst/inst/grp_FIR_filter_fu_827/data_p2[7]_i_55_n_0
                         CARRY8 (Prop_CARRY8_S[5]_CO[7])
                                                      0.246     3.048 r  bd_0_i/hls_inst/inst/grp_FIR_filter_fu_827/data_p2_reg[7]_i_27/CO[7]
                         net (fo=1, unplaced)         0.006     3.054    bd_0_i/hls_inst/inst/grp_FIR_filter_fu_827/data_p2_reg[7]_i_27_n_0
                         CARRY8 (Prop_CARRY8_CI_O[4])
                                                      0.119     3.173 r  bd_0_i/hls_inst/inst/grp_FIR_filter_fu_827/data_p2_reg[15]_i_18/O[4]
                         net (fo=2, unplaced)         0.209     3.382    bd_0_i/hls_inst/inst/grp_FIR_filter_fu_827/data_p2_reg[15]_i_18_n_11
                         LUT3 (Prop_LUT3_I2_O)        0.058     3.440 r  bd_0_i/hls_inst/inst/grp_FIR_filter_fu_827/data_p2[7]_i_5/O
                         net (fo=2, unplaced)         0.211     3.651    bd_0_i/hls_inst/inst/grp_FIR_filter_fu_827/data_p2[7]_i_5_n_0
                         LUT4 (Prop_LUT4_I3_O)        0.056     3.707 r  bd_0_i/hls_inst/inst/grp_FIR_filter_fu_827/data_p2[7]_i_13/O
                         net (fo=1, unplaced)         0.037     3.744    bd_0_i/hls_inst/inst/grp_FIR_filter_fu_827/data_p2[7]_i_13_n_0
                         CARRY8 (Prop_CARRY8_S[5]_CO[7])
                                                      0.246     3.990 r  bd_0_i/hls_inst/inst/grp_FIR_filter_fu_827/data_p2_reg[7]_i_1/CO[7]
                         net (fo=1, unplaced)         0.006     3.996    bd_0_i/hls_inst/inst/grp_FIR_filter_fu_827/data_p2_reg[7]_i_1_n_0
                         CARRY8 (Prop_CARRY8_CI_O[0])
                                                      0.078     4.074 r  bd_0_i/hls_inst/inst/grp_FIR_filter_fu_827/data_p2_reg[15]_i_2/O[0]
                         net (fo=2, unplaced)         0.211     4.285    bd_0_i/hls_inst/inst/regslice_both_output_r_U/data_p2_reg[15]_0[8]
                         LUT4 (Prop_LUT4_I1_O)        0.058     4.343 r  bd_0_i/hls_inst/inst/regslice_both_output_r_U/data_p1[8]_i_1/O
                         net (fo=1, unplaced)         0.067     4.410    bd_0_i/hls_inst/inst/regslice_both_output_r_U/data_p1[8]_i_1_n_0
                         FDRE                                         r  bd_0_i/hls_inst/inst/regslice_both_output_r_U/data_p1_reg[8]/D
  -------------------------------------------------------------------    -------------------

                         (clock ap_clk rise edge)    10.000    10.000 r  
                                                      0.000    10.000 r  ap_clk (IN)
                         net (fo=9068, unset)         0.029    10.029    bd_0_i/hls_inst/inst/regslice_both_output_r_U/ap_clk
                         FDRE                                         r  bd_0_i/hls_inst/inst/regslice_both_output_r_U/data_p1_reg[8]/C
                         clock pessimism              0.000    10.029    
                         clock uncertainty           -0.035     9.994    
                         FDRE (Setup_FDRE_C_D)        0.044    10.038    bd_0_i/hls_inst/inst/regslice_both_output_r_U/data_p1_reg[8]
  -------------------------------------------------------------------
                         required time                         10.038    
                         arrival time                          -4.410    
  -------------------------------------------------------------------
                         slack                                  5.628    

Slack (MET) :             5.629ns  (required time - arrival time)
  Source:                 bd_0_i/hls_inst/inst/grp_FIR_filter_fu_827/ama_addmuladd_16s_16s_8ns_26s_27_4_1_U80/FIR_HLS_ama_addmuladd_16s_16s_8ns_26s_27_4_1_DSP48_0_U/p_reg_reg/DSP_OUTPUT_INST/CLK
                            (rising edge-triggered cell DSP_OUTPUT clocked by ap_clk  {rise@0.000ns fall@5.000ns period=10.000ns})
  Destination:            bd_0_i/hls_inst/inst/regslice_both_output_r_U/data_p1_reg[13]/D
                            (rising edge-triggered cell FDRE clocked by ap_clk  {rise@0.000ns fall@5.000ns period=10.000ns})
  Path Group:             ap_clk
  Path Type:              Setup (Max at Slow Process Corner)
  Requirement:            10.000ns  (ap_clk rise@10.000ns - ap_clk rise@0.000ns)
  Data Path Delay:        4.332ns  (logic 2.473ns (57.087%)  route 1.859ns (42.913%))
  Logic Levels:           16  (CARRY8=8 LUT2=3 LUT3=2 LUT4=3)
  Clock Path Skew:        -0.048ns (DCD - SCD + CPR)
    Destination Clock Delay (DCD):    0.029ns = ( 10.029 - 10.000 ) 
    Source Clock Delay      (SCD):    0.077ns
    Clock Pessimism Removal (CPR):    0.000ns
  Clock Uncertainty:      0.035ns  ((TSJ^2 + TIJ^2)^1/2 + DJ) / 2 + PE
    Total System Jitter     (TSJ):    0.071ns
    Total Input Jitter      (TIJ):    0.000ns
    Discrete Jitter          (DJ):    0.000ns
    Phase Error              (PE):    0.000ns

    Location             Delay type                Incr(ns)  Path(ns)    Netlist Resource(s)
  -------------------------------------------------------------------    -------------------
                         (clock ap_clk rise edge)     0.000     0.000 r  
                                                      0.000     0.000 r  ap_clk (IN)
                         net (fo=9068, unset)         0.077     0.077    bd_0_i/hls_inst/inst/grp_FIR_filter_fu_827/ama_addmuladd_16s_16s_8ns_26s_27_4_1_U80/FIR_HLS_ama_addmuladd_16s_16s_8ns_26s_27_4_1_DSP48_0_U/p_reg_reg/CLK
                         DSP_OUTPUT                                   r  bd_0_i/hls_inst/inst/grp_FIR_filter_fu_827/ama_addmuladd_16s_16s_8ns_26s_27_4_1_U80/FIR_HLS_ama_addmuladd_16s_16s_8ns_26s_27_4_1_DSP48_0_U/p_reg_reg/DSP_OUTPUT_INST/CLK
  -------------------------------------------------------------------    -------------------
                         DSP_OUTPUT (Prop_DSP_OUTPUT_CLK_P[0])
                                                      0.270     0.347 r  bd_0_i/hls_inst/inst/grp_FIR_filter_fu_827/ama_addmuladd_16s_16s_8ns_26s_27_4_1_U80/FIR_HLS_ama_addmuladd_16s_16s_8ns_26s_27_4_1_DSP48_0_U/p_reg_reg/DSP_OUTPUT_INST/P[0]
                         net (fo=2, unplaced)         0.258     0.605    bd_0_i/hls_inst/inst/grp_FIR_filter_fu_827/ama_addmuladd_16s_16s_8ns_26s_27_4_1_U80_n_26
                         LUT2 (Prop_LUT2_I0_O)        0.083     0.688 r  bd_0_i/hls_inst/inst/grp_FIR_filter_fu_827/data_p2[7]_i_130/O
                         net (fo=1, unplaced)         0.025     0.713    bd_0_i/hls_inst/inst/grp_FIR_filter_fu_827/data_p2[7]_i_130_n_0
                         CARRY8 (Prop_CARRY8_S[0]_CO[7])
                                                      0.289     1.002 r  bd_0_i/hls_inst/inst/grp_FIR_filter_fu_827/data_p2_reg[7]_i_99/CO[7]
                         net (fo=1, unplaced)         0.006     1.008    bd_0_i/hls_inst/inst/grp_FIR_filter_fu_827/data_p2_reg[7]_i_99_n_0
                         CARRY8 (Prop_CARRY8_CI_O[1])
                                                      0.106     1.114 r  bd_0_i/hls_inst/inst/grp_FIR_filter_fu_827/data_p2_reg[15]_i_162/O[1]
                         net (fo=2, unplaced)         0.209     1.323    bd_0_i/hls_inst/inst/grp_FIR_filter_fu_827/sext_ln31_628_fu_9894_p1[9]
                         LUT2 (Prop_LUT2_I0_O)        0.057     1.380 r  bd_0_i/hls_inst/inst/grp_FIR_filter_fu_827/data_p2[15]_i_169/O
                         net (fo=1, unplaced)         0.030     1.410    bd_0_i/hls_inst/inst/grp_FIR_filter_fu_827/data_p2[15]_i_169_n_0
                         CARRY8 (Prop_CARRY8_S[1]_CO[7])
                                                      0.275     1.685 r  bd_0_i/hls_inst/inst/grp_FIR_filter_fu_827/data_p2_reg[15]_i_97/CO[7]
                         net (fo=1, unplaced)         0.006     1.691    bd_0_i/hls_inst/inst/grp_FIR_filter_fu_827/data_p2_reg[15]_i_97_n_0
                         CARRY8 (Prop_CARRY8_CI_O[1])
                                                      0.106     1.797 r  bd_0_i/hls_inst/inst/grp_FIR_filter_fu_827/data_p2_reg[15]_i_79/O[1]
                         net (fo=2, unplaced)         0.209     2.006    bd_0_i/hls_inst/inst/grp_FIR_filter_fu_827/sext_ln31_700_fu_9907_p1[17]
                         LUT2 (Prop_LUT2_I0_O)        0.057     2.063 r  bd_0_i/hls_inst/inst/grp_FIR_filter_fu_827/data_p2[15]_i_86/O
                         net (fo=1, unplaced)         0.030     2.093    bd_0_i/hls_inst/inst/grp_FIR_filter_fu_827/data_p2[15]_i_86_n_0
                         CARRY8 (Prop_CARRY8_S[1]_O[4])
                                                      0.286     2.379 r  bd_0_i/hls_inst/inst/grp_FIR_filter_fu_827/data_p2_reg[15]_i_53/O[4]
                         net (fo=2, unplaced)         0.209     2.588    bd_0_i/hls_inst/inst/grp_FIR_filter_fu_827/sext_ln31_701_fu_9917_p1[20]
                         LUT3 (Prop_LUT3_I2_O)        0.058     2.646 r  bd_0_i/hls_inst/inst/grp_FIR_filter_fu_827/data_p2[15]_i_36/O
                         net (fo=2, unplaced)         0.211     2.857    bd_0_i/hls_inst/inst/grp_FIR_filter_fu_827/data_p2[15]_i_36_n_0
                         LUT4 (Prop_LUT4_I3_O)        0.056     2.913 r  bd_0_i/hls_inst/inst/grp_FIR_filter_fu_827/data_p2[15]_i_44/O
                         net (fo=1, unplaced)         0.037     2.950    bd_0_i/hls_inst/inst/grp_FIR_filter_fu_827/data_p2[15]_i_44_n_0
                         CARRY8 (Prop_CARRY8_S[5]_CO[7])
                                                      0.246     3.196 r  bd_0_i/hls_inst/inst/grp_FIR_filter_fu_827/data_p2_reg[15]_i_18/CO[7]
                         net (fo=1, unplaced)         0.006     3.202    bd_0_i/hls_inst/inst/grp_FIR_filter_fu_827/data_p2_reg[15]_i_18_n_0
                         CARRY8 (Prop_CARRY8_CI_O[0])
                                                      0.078     3.280 r  bd_0_i/hls_inst/inst/grp_FIR_filter_fu_827/data_p2_reg[15]_i_3/O[0]
                         net (fo=2, unplaced)         0.211     3.491    bd_0_i/hls_inst/inst/grp_FIR_filter_fu_827/data_p2_reg[15]_i_3_n_15
                         LUT3 (Prop_LUT3_I2_O)        0.058     3.549 r  bd_0_i/hls_inst/inst/grp_FIR_filter_fu_827/data_p2[15]_i_8/O
                         net (fo=2, unplaced)         0.211     3.760    bd_0_i/hls_inst/inst/grp_FIR_filter_fu_827/data_p2[15]_i_8_n_0
                         LUT4 (Prop_LUT4_I3_O)        0.057     3.817 r  bd_0_i/hls_inst/inst/grp_FIR_filter_fu_827/data_p2[15]_i_16/O
                         net (fo=1, unplaced)         0.030     3.847    bd_0_i/hls_inst/inst/grp_FIR_filter_fu_827/data_p2[15]_i_16_n_0
                         CARRY8 (Prop_CARRY8_S[1]_O[5])
                                                      0.333     4.180 r  bd_0_i/hls_inst/inst/grp_FIR_filter_fu_827/data_p2_reg[15]_i_2/O[5]
                         net (fo=2, unplaced)         0.104     4.284    bd_0_i/hls_inst/inst/regslice_both_output_r_U/data_p2_reg[15]_0[13]
                         LUT4 (Prop_LUT4_I1_O)        0.058     4.342 r  bd_0_i/hls_inst/inst/regslice_both_output_r_U/data_p1[13]_i_1/O
                         net (fo=1, unplaced)         0.067     4.409    bd_0_i/hls_inst/inst/regslice_both_output_r_U/data_p1[13]_i_1_n_0
                         FDRE                                         r  bd_0_i/hls_inst/inst/regslice_both_output_r_U/data_p1_reg[13]/D
  -------------------------------------------------------------------    -------------------

                         (clock ap_clk rise edge)    10.000    10.000 r  
                                                      0.000    10.000 r  ap_clk (IN)
                         net (fo=9068, unset)         0.029    10.029    bd_0_i/hls_inst/inst/regslice_both_output_r_U/ap_clk
                         FDRE                                         r  bd_0_i/hls_inst/inst/regslice_both_output_r_U/data_p1_reg[13]/C
                         clock pessimism              0.000    10.029    
                         clock uncertainty           -0.035     9.994    
                         FDRE (Setup_FDRE_C_D)        0.044    10.038    bd_0_i/hls_inst/inst/regslice_both_output_r_U/data_p1_reg[13]
  -------------------------------------------------------------------
                         required time                         10.038    
                         arrival time                          -4.409    
  -------------------------------------------------------------------
                         slack                                  5.629    

Slack (MET) :             5.703ns  (required time - arrival time)
  Source:                 bd_0_i/hls_inst/inst/grp_FIR_filter_fu_827/ama_addmuladd_16s_16s_8ns_26s_27_4_1_U80/FIR_HLS_ama_addmuladd_16s_16s_8ns_26s_27_4_1_DSP48_0_U/p_reg_reg/DSP_OUTPUT_INST/CLK
                            (rising edge-triggered cell DSP_OUTPUT clocked by ap_clk  {rise@0.000ns fall@5.000ns period=10.000ns})
  Destination:            bd_0_i/hls_inst/inst/regslice_both_output_r_U/data_p1_reg[11]/D
                            (rising edge-triggered cell FDRE clocked by ap_clk  {rise@0.000ns fall@5.000ns period=10.000ns})
  Path Group:             ap_clk
  Path Type:              Setup (Max at Slow Process Corner)
  Requirement:            10.000ns  (ap_clk rise@10.000ns - ap_clk rise@0.000ns)
  Data Path Delay:        4.258ns  (logic 2.402ns (56.411%)  route 1.856ns (43.589%))
  Logic Levels:           16  (CARRY8=8 LUT2=3 LUT3=2 LUT4=3)
  Clock Path Skew:        -0.048ns (DCD - SCD + CPR)
    Destination Clock Delay (DCD):    0.029ns = ( 10.029 - 10.000 ) 
    Source Clock Delay      (SCD):    0.077ns
    Clock Pessimism Removal (CPR):    0.000ns
  Clock Uncertainty:      0.035ns  ((TSJ^2 + TIJ^2)^1/2 + DJ) / 2 + PE
    Total System Jitter     (TSJ):    0.071ns
    Total Input Jitter      (TIJ):    0.000ns
    Discrete Jitter          (DJ):    0.000ns
    Phase Error              (PE):    0.000ns

    Location             Delay type                Incr(ns)  Path(ns)    Netlist Resource(s)
  -------------------------------------------------------------------    -------------------
                         (clock ap_clk rise edge)     0.000     0.000 r  
                                                      0.000     0.000 r  ap_clk (IN)
                         net (fo=9068, unset)         0.077     0.077    bd_0_i/hls_inst/inst/grp_FIR_filter_fu_827/ama_addmuladd_16s_16s_8ns_26s_27_4_1_U80/FIR_HLS_ama_addmuladd_16s_16s_8ns_26s_27_4_1_DSP48_0_U/p_reg_reg/CLK
                         DSP_OUTPUT                                   r  bd_0_i/hls_inst/inst/grp_FIR_filter_fu_827/ama_addmuladd_16s_16s_8ns_26s_27_4_1_U80/FIR_HLS_ama_addmuladd_16s_16s_8ns_26s_27_4_1_DSP48_0_U/p_reg_reg/DSP_OUTPUT_INST/CLK
  -------------------------------------------------------------------    -------------------
                         DSP_OUTPUT (Prop_DSP_OUTPUT_CLK_P[0])
                                                      0.270     0.347 r  bd_0_i/hls_inst/inst/grp_FIR_filter_fu_827/ama_addmuladd_16s_16s_8ns_26s_27_4_1_U80/FIR_HLS_ama_addmuladd_16s_16s_8ns_26s_27_4_1_DSP48_0_U/p_reg_reg/DSP_OUTPUT_INST/P[0]
                         net (fo=2, unplaced)         0.258     0.605    bd_0_i/hls_inst/inst/grp_FIR_filter_fu_827/ama_addmuladd_16s_16s_8ns_26s_27_4_1_U80_n_26
                         LUT2 (Prop_LUT2_I0_O)        0.083     0.688 r  bd_0_i/hls_inst/inst/grp_FIR_filter_fu_827/data_p2[7]_i_130/O
                         net (fo=1, unplaced)         0.025     0.713    bd_0_i/hls_inst/inst/grp_FIR_filter_fu_827/data_p2[7]_i_130_n_0
                         CARRY8 (Prop_CARRY8_S[0]_O[4])
                                                      0.288     1.001 r  bd_0_i/hls_inst/inst/grp_FIR_filter_fu_827/data_p2_reg[7]_i_99/O[4]
                         net (fo=2, unplaced)         0.209     1.210    bd_0_i/hls_inst/inst/grp_FIR_filter_fu_827/sext_ln31_628_fu_9894_p1[4]
                         LUT2 (Prop_LUT2_I0_O)        0.057     1.267 r  bd_0_i/hls_inst/inst/grp_FIR_filter_fu_827/data_p2[7]_i_103/O
                         net (fo=1, unplaced)         0.026     1.293    bd_0_i/hls_inst/inst/grp_FIR_filter_fu_827/data_p2[7]_i_103_n_0
                         CARRY8 (Prop_CARRY8_S[4]_CO[7])
                                                      0.244     1.537 r  bd_0_i/hls_inst/inst/grp_FIR_filter_fu_827/data_p2_reg[7]_i_80/CO[7]
                         net (fo=1, unplaced)         0.006     1.543    bd_0_i/hls_inst/inst/grp_FIR_filter_fu_827/data_p2_reg[7]_i_80_n_0
                         CARRY8 (Prop_CARRY8_CI_O[1])
                                                      0.106     1.649 r  bd_0_i/hls_inst/inst/grp_FIR_filter_fu_827/data_p2_reg[15]_i_97/O[1]
                         net (fo=2, unplaced)         0.209     1.858    bd_0_i/hls_inst/inst/grp_FIR_filter_fu_827/sext_ln31_700_fu_9907_p1[9]
                         LUT2 (Prop_LUT2_I0_O)        0.057     1.915 r  bd_0_i/hls_inst/inst/grp_FIR_filter_fu_827/data_p2[15]_i_104/O
                         net (fo=1, unplaced)         0.030     1.945    bd_0_i/hls_inst/inst/grp_FIR_filter_fu_827/data_p2[15]_i_104_n_0
                         CARRY8 (Prop_CARRY8_S[1]_O[4])
                                                      0.286     2.231 r  bd_0_i/hls_inst/inst/grp_FIR_filter_fu_827/data_p2_reg[15]_i_55/O[4]
                         net (fo=2, unplaced)         0.209     2.440    bd_0_i/hls_inst/inst/grp_FIR_filter_fu_827/sext_ln31_701_fu_9917_p1[12]
                         LUT3 (Prop_LUT3_I2_O)        0.058     2.498 r  bd_0_i/hls_inst/inst/grp_FIR_filter_fu_827/data_p2[7]_i_47/O
                         net (fo=2, unplaced)         0.211     2.709    bd_0_i/hls_inst/inst/grp_FIR_filter_fu_827/data_p2[7]_i_47_n_0
                         LUT4 (Prop_LUT4_I3_O)        0.056     2.765 r  bd_0_i/hls_inst/inst/grp_FIR_filter_fu_827/data_p2[7]_i_55/O
                         net (fo=1, unplaced)         0.037     2.802    bd_0_i/hls_inst/inst/grp_FIR_filter_fu_827/data_p2[7]_i_55_n_0
                         CARRY8 (Prop_CARRY8_S[5]_CO[7])
                                                      0.246     3.048 r  bd_0_i/hls_inst/inst/grp_FIR_filter_fu_827/data_p2_reg[7]_i_27/CO[7]
                         net (fo=1, unplaced)         0.006     3.054    bd_0_i/hls_inst/inst/grp_FIR_filter_fu_827/data_p2_reg[7]_i_27_n_0
                         CARRY8 (Prop_CARRY8_CI_O[4])
                                                      0.119     3.173 r  bd_0_i/hls_inst/inst/grp_FIR_filter_fu_827/data_p2_reg[15]_i_18/O[4]
                         net (fo=2, unplaced)         0.209     3.382    bd_0_i/hls_inst/inst/grp_FIR_filter_fu_827/data_p2_reg[15]_i_18_n_11
                         LUT3 (Prop_LUT3_I2_O)        0.058     3.440 r  bd_0_i/hls_inst/inst/grp_FIR_filter_fu_827/data_p2[7]_i_5/O
                         net (fo=2, unplaced)         0.211     3.651    bd_0_i/hls_inst/inst/grp_FIR_filter_fu_827/data_p2[7]_i_5_n_0
                         LUT4 (Prop_LUT4_I3_O)        0.056     3.707 r  bd_0_i/hls_inst/inst/grp_FIR_filter_fu_827/data_p2[7]_i_13/O
                         net (fo=1, unplaced)         0.037     3.744    bd_0_i/hls_inst/inst/grp_FIR_filter_fu_827/data_p2[7]_i_13_n_0
                         CARRY8 (Prop_CARRY8_S[5]_CO[7])
                                                      0.246     3.990 r  bd_0_i/hls_inst/inst/grp_FIR_filter_fu_827/data_p2_reg[7]_i_1/CO[7]
                         net (fo=1, unplaced)         0.006     3.996    bd_0_i/hls_inst/inst/grp_FIR_filter_fu_827/data_p2_reg[7]_i_1_n_0
                         CARRY8 (Prop_CARRY8_CI_O[3])
                                                      0.114     4.110 r  bd_0_i/hls_inst/inst/grp_FIR_filter_fu_827/data_p2_reg[15]_i_2/O[3]
                         net (fo=2, unplaced)         0.100     4.210    bd_0_i/hls_inst/inst/regslice_both_output_r_U/data_p2_reg[15]_0[11]
                         LUT4 (Prop_LUT4_I1_O)        0.058     4.268 r  bd_0_i/hls_inst/inst/regslice_both_output_r_U/data_p1[11]_i_1/O
                         net (fo=1, unplaced)         0.067     4.335    bd_0_i/hls_inst/inst/regslice_both_output_r_U/data_p1[11]_i_1_n_0
                         FDRE                                         r  bd_0_i/hls_inst/inst/regslice_both_output_r_U/data_p1_reg[11]/D
  -------------------------------------------------------------------    -------------------

                         (clock ap_clk rise edge)    10.000    10.000 r  
                                                      0.000    10.000 r  ap_clk (IN)
                         net (fo=9068, unset)         0.029    10.029    bd_0_i/hls_inst/inst/regslice_both_output_r_U/ap_clk
                         FDRE                                         r  bd_0_i/hls_inst/inst/regslice_both_output_r_U/data_p1_reg[11]/C
                         clock pessimism              0.000    10.029    
                         clock uncertainty           -0.035     9.994    
                         FDRE (Setup_FDRE_C_D)        0.044    10.038    bd_0_i/hls_inst/inst/regslice_both_output_r_U/data_p1_reg[11]
  -------------------------------------------------------------------
                         required time                         10.038    
                         arrival time                          -4.335    
  -------------------------------------------------------------------
                         slack                                  5.703    

Slack (MET) :             5.719ns  (required time - arrival time)
  Source:                 bd_0_i/hls_inst/inst/grp_FIR_filter_fu_827/ama_addmuladd_16s_16s_8ns_26s_27_4_1_U80/FIR_HLS_ama_addmuladd_16s_16s_8ns_26s_27_4_1_DSP48_0_U/p_reg_reg/DSP_OUTPUT_INST/CLK
                            (rising edge-triggered cell DSP_OUTPUT clocked by ap_clk  {rise@0.000ns fall@5.000ns period=10.000ns})
  Destination:            bd_0_i/hls_inst/inst/regslice_both_output_r_U/data_p1_reg[4]/D
                            (rising edge-triggered cell FDRE clocked by ap_clk  {rise@0.000ns fall@5.000ns period=10.000ns})
  Path Group:             ap_clk
  Path Type:              Setup (Max at Slow Process Corner)
  Requirement:            10.000ns  (ap_clk rise@10.000ns - ap_clk rise@0.000ns)
  Data Path Delay:        4.242ns  (logic 2.288ns (53.937%)  route 1.954ns (46.063%))
  Logic Levels:           15  (CARRY8=7 LUT2=3 LUT3=2 LUT4=3)
  Clock Path Skew:        -0.048ns (DCD - SCD + CPR)
    Destination Clock Delay (DCD):    0.029ns = ( 10.029 - 10.000 ) 
    Source Clock Delay      (SCD):    0.077ns
    Clock Pessimism Removal (CPR):    0.000ns
  Clock Uncertainty:      0.035ns  ((TSJ^2 + TIJ^2)^1/2 + DJ) / 2 + PE
    Total System Jitter     (TSJ):    0.071ns
    Total Input Jitter      (TIJ):    0.000ns
    Discrete Jitter          (DJ):    0.000ns
    Phase Error              (PE):    0.000ns

    Location             Delay type                Incr(ns)  Path(ns)    Netlist Resource(s)
  -------------------------------------------------------------------    -------------------
                         (clock ap_clk rise edge)     0.000     0.000 r  
                                                      0.000     0.000 r  ap_clk (IN)
                         net (fo=9068, unset)         0.077     0.077    bd_0_i/hls_inst/inst/grp_FIR_filter_fu_827/ama_addmuladd_16s_16s_8ns_26s_27_4_1_U80/FIR_HLS_ama_addmuladd_16s_16s_8ns_26s_27_4_1_DSP48_0_U/p_reg_reg/CLK
                         DSP_OUTPUT                                   r  bd_0_i/hls_inst/inst/grp_FIR_filter_fu_827/ama_addmuladd_16s_16s_8ns_26s_27_4_1_U80/FIR_HLS_ama_addmuladd_16s_16s_8ns_26s_27_4_1_DSP48_0_U/p_reg_reg/DSP_OUTPUT_INST/CLK
  -------------------------------------------------------------------    -------------------
                         DSP_OUTPUT (Prop_DSP_OUTPUT_CLK_P[0])
                                                      0.270     0.347 r  bd_0_i/hls_inst/inst/grp_FIR_filter_fu_827/ama_addmuladd_16s_16s_8ns_26s_27_4_1_U80/FIR_HLS_ama_addmuladd_16s_16s_8ns_26s_27_4_1_DSP48_0_U/p_reg_reg/DSP_OUTPUT_INST/P[0]
                         net (fo=2, unplaced)         0.258     0.605    bd_0_i/hls_inst/inst/grp_FIR_filter_fu_827/ama_addmuladd_16s_16s_8ns_26s_27_4_1_U80_n_26
                         LUT2 (Prop_LUT2_I0_O)        0.083     0.688 r  bd_0_i/hls_inst/inst/grp_FIR_filter_fu_827/data_p2[7]_i_130/O
                         net (fo=1, unplaced)         0.025     0.713    bd_0_i/hls_inst/inst/grp_FIR_filter_fu_827/data_p2[7]_i_130_n_0
                         CARRY8 (Prop_CARRY8_S[0]_O[4])
                                                      0.288     1.001 r  bd_0_i/hls_inst/inst/grp_FIR_filter_fu_827/data_p2_reg[7]_i_99/O[4]
                         net (fo=2, unplaced)         0.209     1.210    bd_0_i/hls_inst/inst/grp_FIR_filter_fu_827/sext_ln31_628_fu_9894_p1[4]
                         LUT2 (Prop_LUT2_I0_O)        0.057     1.267 r  bd_0_i/hls_inst/inst/grp_FIR_filter_fu_827/data_p2[7]_i_103/O
                         net (fo=1, unplaced)         0.026     1.293    bd_0_i/hls_inst/inst/grp_FIR_filter_fu_827/data_p2[7]_i_103_n_0
                         CARRY8 (Prop_CARRY8_S[4]_CO[7])
                                                      0.244     1.537 r  bd_0_i/hls_inst/inst/grp_FIR_filter_fu_827/data_p2_reg[7]_i_80/CO[7]
                         net (fo=1, unplaced)         0.006     1.543    bd_0_i/hls_inst/inst/grp_FIR_filter_fu_827/data_p2_reg[7]_i_80_n_0
                         CARRY8 (Prop_CARRY8_CI_O[1])
                                                      0.106     1.649 r  bd_0_i/hls_inst/inst/grp_FIR_filter_fu_827/data_p2_reg[15]_i_97/O[1]
                         net (fo=2, unplaced)         0.209     1.858    bd_0_i/hls_inst/inst/grp_FIR_filter_fu_827/sext_ln31_700_fu_9907_p1[9]
                         LUT2 (Prop_LUT2_I0_O)        0.057     1.915 r  bd_0_i/hls_inst/inst/grp_FIR_filter_fu_827/data_p2[15]_i_104/O
                         net (fo=1, unplaced)         0.030     1.945    bd_0_i/hls_inst/inst/grp_FIR_filter_fu_827/data_p2[15]_i_104_n_0
                         CARRY8 (Prop_CARRY8_S[1]_O[4])
                                                      0.286     2.231 r  bd_0_i/hls_inst/inst/grp_FIR_filter_fu_827/data_p2_reg[15]_i_55/O[4]
                         net (fo=2, unplaced)         0.209     2.440    bd_0_i/hls_inst/inst/grp_FIR_filter_fu_827/sext_ln31_701_fu_9917_p1[12]
                         LUT3 (Prop_LUT3_I2_O)        0.058     2.498 r  bd_0_i/hls_inst/inst/grp_FIR_filter_fu_827/data_p2[7]_i_47/O
                         net (fo=2, unplaced)         0.211     2.709    bd_0_i/hls_inst/inst/grp_FIR_filter_fu_827/data_p2[7]_i_47_n_0
                         LUT4 (Prop_LUT4_I3_O)        0.056     2.765 r  bd_0_i/hls_inst/inst/grp_FIR_filter_fu_827/data_p2[7]_i_55/O
                         net (fo=1, unplaced)         0.037     2.802    bd_0_i/hls_inst/inst/grp_FIR_filter_fu_827/data_p2[7]_i_55_n_0
                         CARRY8 (Prop_CARRY8_S[5]_CO[7])
                                                      0.246     3.048 r  bd_0_i/hls_inst/inst/grp_FIR_filter_fu_827/data_p2_reg[7]_i_27/CO[7]
                         net (fo=1, unplaced)         0.006     3.054    bd_0_i/hls_inst/inst/grp_FIR_filter_fu_827/data_p2_reg[7]_i_27_n_0
                         CARRY8 (Prop_CARRY8_CI_O[0])
                                                      0.078     3.132 r  bd_0_i/hls_inst/inst/grp_FIR_filter_fu_827/data_p2_reg[15]_i_18/O[0]
                         net (fo=2, unplaced)         0.211     3.343    bd_0_i/hls_inst/inst/grp_FIR_filter_fu_827/data_p2_reg[15]_i_18_n_15
                         LUT3 (Prop_LUT3_I2_O)        0.058     3.401 r  bd_0_i/hls_inst/inst/grp_FIR_filter_fu_827/data_p2[7]_i_9/O
                         net (fo=2, unplaced)         0.211     3.612    bd_0_i/hls_inst/inst/grp_FIR_filter_fu_827/data_p2[7]_i_9_n_0
                         LUT4 (Prop_LUT4_I3_O)        0.057     3.669 r  bd_0_i/hls_inst/inst/grp_FIR_filter_fu_827/data_p2[7]_i_17/O
                         net (fo=1, unplaced)         0.030     3.699    bd_0_i/hls_inst/inst/grp_FIR_filter_fu_827/data_p2[7]_i_17_n_0
                         CARRY8 (Prop_CARRY8_S[1]_O[4])
                                                      0.286     3.985 r  bd_0_i/hls_inst/inst/grp_FIR_filter_fu_827/data_p2_reg[7]_i_1/O[4]
                         net (fo=2, unplaced)         0.209     4.194    bd_0_i/hls_inst/inst/regslice_both_output_r_U/data_p2_reg[15]_0[4]
                         LUT4 (Prop_LUT4_I1_O)        0.058     4.252 r  bd_0_i/hls_inst/inst/regslice_both_output_r_U/data_p1[4]_i_1/O
                         net (fo=1, unplaced)         0.067     4.319    bd_0_i/hls_inst/inst/regslice_both_output_r_U/data_p1[4]_i_1_n_0
                         FDRE                                         r  bd_0_i/hls_inst/inst/regslice_both_output_r_U/data_p1_reg[4]/D
  -------------------------------------------------------------------    -------------------

                         (clock ap_clk rise edge)    10.000    10.000 r  
                                                      0.000    10.000 r  ap_clk (IN)
                         net (fo=9068, unset)         0.029    10.029    bd_0_i/hls_inst/inst/regslice_both_output_r_U/ap_clk
                         FDRE                                         r  bd_0_i/hls_inst/inst/regslice_both_output_r_U/data_p1_reg[4]/C
                         clock pessimism              0.000    10.029    
                         clock uncertainty           -0.035     9.994    
                         FDRE (Setup_FDRE_C_D)        0.044    10.038    bd_0_i/hls_inst/inst/regslice_both_output_r_U/data_p1_reg[4]
  -------------------------------------------------------------------
                         required time                         10.038    
                         arrival time                          -4.319    
  -------------------------------------------------------------------
                         slack                                  5.719    

Slack (MET) :             5.729ns  (required time - arrival time)
  Source:                 bd_0_i/hls_inst/inst/grp_FIR_filter_fu_827/ama_addmuladd_16s_16s_8ns_26s_27_4_1_U80/FIR_HLS_ama_addmuladd_16s_16s_8ns_26s_27_4_1_DSP48_0_U/p_reg_reg/DSP_OUTPUT_INST/CLK
                            (rising edge-triggered cell DSP_OUTPUT clocked by ap_clk  {rise@0.000ns fall@5.000ns period=10.000ns})
  Destination:            bd_0_i/hls_inst/inst/regslice_both_output_r_U/data_p1_reg[7]/D
                            (rising edge-triggered cell FDRE clocked by ap_clk  {rise@0.000ns fall@5.000ns period=10.000ns})
  Path Group:             ap_clk
  Path Type:              Setup (Max at Slow Process Corner)
  Requirement:            10.000ns  (ap_clk rise@10.000ns - ap_clk rise@0.000ns)
  Data Path Delay:        4.232ns  (logic 2.336ns (55.198%)  route 1.896ns (44.802%))
  Logic Levels:           15  (CARRY8=7 LUT2=3 LUT3=2 LUT4=3)
  Clock Path Skew:        -0.048ns (DCD - SCD + CPR)
    Destination Clock Delay (DCD):    0.029ns = ( 10.029 - 10.000 ) 
    Source Clock Delay      (SCD):    0.077ns
    Clock Pessimism Removal (CPR):    0.000ns
  Clock Uncertainty:      0.035ns  ((TSJ^2 + TIJ^2)^1/2 + DJ) / 2 + PE
    Total System Jitter     (TSJ):    0.071ns
    Total Input Jitter      (TIJ):    0.000ns
    Discrete Jitter          (DJ):    0.000ns
    Phase Error              (PE):    0.000ns

    Location             Delay type                Incr(ns)  Path(ns)    Netlist Resource(s)
  -------------------------------------------------------------------    -------------------
                         (clock ap_clk rise edge)     0.000     0.000 r  
                                                      0.000     0.000 r  ap_clk (IN)
                         net (fo=9068, unset)         0.077     0.077    bd_0_i/hls_inst/inst/grp_FIR_filter_fu_827/ama_addmuladd_16s_16s_8ns_26s_27_4_1_U80/FIR_HLS_ama_addmuladd_16s_16s_8ns_26s_27_4_1_DSP48_0_U/p_reg_reg/CLK
                         DSP_OUTPUT                                   r  bd_0_i/hls_inst/inst/grp_FIR_filter_fu_827/ama_addmuladd_16s_16s_8ns_26s_27_4_1_U80/FIR_HLS_ama_addmuladd_16s_16s_8ns_26s_27_4_1_DSP48_0_U/p_reg_reg/DSP_OUTPUT_INST/CLK
  -------------------------------------------------------------------    -------------------
                         DSP_OUTPUT (Prop_DSP_OUTPUT_CLK_P[0])
                                                      0.270     0.347 r  bd_0_i/hls_inst/inst/grp_FIR_filter_fu_827/ama_addmuladd_16s_16s_8ns_26s_27_4_1_U80/FIR_HLS_ama_addmuladd_16s_16s_8ns_26s_27_4_1_DSP48_0_U/p_reg_reg/DSP_OUTPUT_INST/P[0]
                         net (fo=2, unplaced)         0.258     0.605    bd_0_i/hls_inst/inst/grp_FIR_filter_fu_827/ama_addmuladd_16s_16s_8ns_26s_27_4_1_U80_n_26
                         LUT2 (Prop_LUT2_I0_O)        0.083     0.688 r  bd_0_i/hls_inst/inst/grp_FIR_filter_fu_827/data_p2[7]_i_130/O
                         net (fo=1, unplaced)         0.025     0.713    bd_0_i/hls_inst/inst/grp_FIR_filter_fu_827/data_p2[7]_i_130_n_0
                         CARRY8 (Prop_CARRY8_S[0]_O[4])
                                                      0.288     1.001 r  bd_0_i/hls_inst/inst/grp_FIR_filter_fu_827/data_p2_reg[7]_i_99/O[4]
                         net (fo=2, unplaced)         0.209     1.210    bd_0_i/hls_inst/inst/grp_FIR_filter_fu_827/sext_ln31_628_fu_9894_p1[4]
                         LUT2 (Prop_LUT2_I0_O)        0.057     1.267 r  bd_0_i/hls_inst/inst/grp_FIR_filter_fu_827/data_p2[7]_i_103/O
                         net (fo=1, unplaced)         0.026     1.293    bd_0_i/hls_inst/inst/grp_FIR_filter_fu_827/data_p2[7]_i_103_n_0
                         CARRY8 (Prop_CARRY8_S[4]_CO[7])
                                                      0.244     1.537 r  bd_0_i/hls_inst/inst/grp_FIR_filter_fu_827/data_p2_reg[7]_i_80/CO[7]
                         net (fo=1, unplaced)         0.006     1.543    bd_0_i/hls_inst/inst/grp_FIR_filter_fu_827/data_p2_reg[7]_i_80_n_0
                         CARRY8 (Prop_CARRY8_CI_O[1])
                                                      0.106     1.649 r  bd_0_i/hls_inst/inst/grp_FIR_filter_fu_827/data_p2_reg[15]_i_97/O[1]
                         net (fo=2, unplaced)         0.209     1.858    bd_0_i/hls_inst/inst/grp_FIR_filter_fu_827/sext_ln31_700_fu_9907_p1[9]
                         LUT2 (Prop_LUT2_I0_O)        0.057     1.915 r  bd_0_i/hls_inst/inst/grp_FIR_filter_fu_827/data_p2[15]_i_104/O
                         net (fo=1, unplaced)         0.030     1.945    bd_0_i/hls_inst/inst/grp_FIR_filter_fu_827/data_p2[15]_i_104_n_0
                         CARRY8 (Prop_CARRY8_S[1]_O[4])
                                                      0.286     2.231 r  bd_0_i/hls_inst/inst/grp_FIR_filter_fu_827/data_p2_reg[15]_i_55/O[4]
                         net (fo=2, unplaced)         0.209     2.440    bd_0_i/hls_inst/inst/grp_FIR_filter_fu_827/sext_ln31_701_fu_9917_p1[12]
                         LUT3 (Prop_LUT3_I2_O)        0.058     2.498 r  bd_0_i/hls_inst/inst/grp_FIR_filter_fu_827/data_p2[7]_i_47/O
                         net (fo=2, unplaced)         0.211     2.709    bd_0_i/hls_inst/inst/grp_FIR_filter_fu_827/data_p2[7]_i_47_n_0
                         LUT4 (Prop_LUT4_I3_O)        0.056     2.765 r  bd_0_i/hls_inst/inst/grp_FIR_filter_fu_827/data_p2[7]_i_55/O
                         net (fo=1, unplaced)         0.037     2.802    bd_0_i/hls_inst/inst/grp_FIR_filter_fu_827/data_p2[7]_i_55_n_0
                         CARRY8 (Prop_CARRY8_S[5]_CO[7])
                                                      0.246     3.048 r  bd_0_i/hls_inst/inst/grp_FIR_filter_fu_827/data_p2_reg[7]_i_27/CO[7]
                         net (fo=1, unplaced)         0.006     3.054    bd_0_i/hls_inst/inst/grp_FIR_filter_fu_827/data_p2_reg[7]_i_27_n_0
                         CARRY8 (Prop_CARRY8_CI_O[0])
                                                      0.078     3.132 r  bd_0_i/hls_inst/inst/grp_FIR_filter_fu_827/data_p2_reg[15]_i_18/O[0]
                         net (fo=2, unplaced)         0.211     3.343    bd_0_i/hls_inst/inst/grp_FIR_filter_fu_827/data_p2_reg[15]_i_18_n_15
                         LUT3 (Prop_LUT3_I2_O)        0.058     3.401 r  bd_0_i/hls_inst/inst/grp_FIR_filter_fu_827/data_p2[7]_i_9/O
                         net (fo=2, unplaced)         0.211     3.612    bd_0_i/hls_inst/inst/grp_FIR_filter_fu_827/data_p2[7]_i_9_n_0
                         LUT4 (Prop_LUT4_I3_O)        0.057     3.669 r  bd_0_i/hls_inst/inst/grp_FIR_filter_fu_827/data_p2[7]_i_17/O
                         net (fo=1, unplaced)         0.030     3.699    bd_0_i/hls_inst/inst/grp_FIR_filter_fu_827/data_p2[7]_i_17_n_0
                         CARRY8 (Prop_CARRY8_S[1]_O[7])
                                                      0.334     4.033 r  bd_0_i/hls_inst/inst/grp_FIR_filter_fu_827/data_p2_reg[7]_i_1/O[7]
                         net (fo=2, unplaced)         0.151     4.184    bd_0_i/hls_inst/inst/regslice_both_output_r_U/data_p2_reg[15]_0[7]
                         LUT4 (Prop_LUT4_I1_O)        0.058     4.242 r  bd_0_i/hls_inst/inst/regslice_both_output_r_U/data_p1[7]_i_1/O
                         net (fo=1, unplaced)         0.067     4.309    bd_0_i/hls_inst/inst/regslice_both_output_r_U/data_p1[7]_i_1_n_0
                         FDRE                                         r  bd_0_i/hls_inst/inst/regslice_both_output_r_U/data_p1_reg[7]/D
  -------------------------------------------------------------------    -------------------

                         (clock ap_clk rise edge)    10.000    10.000 r  
                                                      0.000    10.000 r  ap_clk (IN)
                         net (fo=9068, unset)         0.029    10.029    bd_0_i/hls_inst/inst/regslice_both_output_r_U/ap_clk
                         FDRE                                         r  bd_0_i/hls_inst/inst/regslice_both_output_r_U/data_p1_reg[7]/C
                         clock pessimism              0.000    10.029    
                         clock uncertainty           -0.035     9.994    
                         FDRE (Setup_FDRE_C_D)        0.044    10.038    bd_0_i/hls_inst/inst/regslice_both_output_r_U/data_p1_reg[7]
  -------------------------------------------------------------------
                         required time                         10.038    
                         arrival time                          -4.309    
  -------------------------------------------------------------------
                         slack                                  5.729    




