Copyright 1986-2022 Xilinx, Inc. All Rights Reserved. Copyright 2022-2024 Advanced Micro Devices, Inc. All Rights Reserved.
--------------------------------------------------------------------------------------------------------------------------------------------------
| Tool Version      : Vivado v.2024.2 (win64) Build 5239630 Fri Nov 08 22:35:27 MST 2024
| Date              : Tue Nov 11 22:29:09 2025
| Host              : DESKTOP-92OKADH running 64-bit major release  (build 9200)
| Command           : report_timing -max_paths 10 -file ./report/FIR_HLS_timing_paths_routed.rpt
| Design            : bd_0_wrapper
| Device            : xck26-sfvc784
| Speed File        : -2LV  PRODUCTION 1.30 05-15-2022
| Design State      : Routed
| Temperature Grade : C
--------------------------------------------------------------------------------------------------------------------------------------------------

Timing Report

Slack (MET) :             3.735ns  (required time - arrival time)
  Source:                 bd_0_i/hls_inst/inst/grp_FIR_filter_fu_827/add_ln31_241_reg_11672_reg[4]/C
                            (rising edge-triggered cell FDRE clocked by ap_clk  {rise@0.000ns fall@5.000ns period=10.000ns})
  Destination:            bd_0_i/hls_inst/inst/regslice_both_output_r_U/data_p1_reg[15]/D
                            (rising edge-triggered cell FDRE clocked by ap_clk  {rise@0.000ns fall@5.000ns period=10.000ns})
  Path Group:             ap_clk
  Path Type:              Setup (Max at Slow Process Corner)
  Requirement:            10.000ns  (ap_clk rise@10.000ns - ap_clk rise@0.000ns)
  Data Path Delay:        6.262ns  (logic 2.705ns (43.199%)  route 3.557ns (56.801%))
  Logic Levels:           16  (CARRY8=8 LUT2=3 LUT3=2 LUT4=3)
  Clock Path Skew:        -0.012ns (DCD - SCD + CPR)
    Destination Clock Delay (DCD):    0.031ns = ( 10.031 - 10.000 ) 
    Source Clock Delay      (SCD):    0.043ns
    Clock Pessimism Removal (CPR):    0.000ns
  Clock Uncertainty:      0.035ns  ((TSJ^2 + TIJ^2)^1/2 + DJ) / 2 + PE
    Total System Jitter     (TSJ):    0.071ns
    Total Input Jitter      (TIJ):    0.000ns
    Discrete Jitter          (DJ):    0.000ns
    Phase Error              (PE):    0.000ns

    Location             Delay type                Incr(ns)  Path(ns)    Netlist Resource(s)
  -------------------------------------------------------------------    -------------------
                         (clock ap_clk rise edge)     0.000     0.000 r  
                                                      0.000     0.000 r  ap_clk (IN)
                         net (fo=9068, unset)         0.043     0.043    bd_0_i/hls_inst/inst/grp_FIR_filter_fu_827/ap_clk
    SLICE_X12Y195        FDRE                                         r  bd_0_i/hls_inst/inst/grp_FIR_filter_fu_827/add_ln31_241_reg_11672_reg[4]/C
  -------------------------------------------------------------------    -------------------
    SLICE_X12Y195        FDRE (Prop_EFF_SLICEM_C_Q)
                                                      0.113     0.156 r  bd_0_i/hls_inst/inst/grp_FIR_filter_fu_827/add_ln31_241_reg_11672_reg[4]/Q
                         net (fo=1, routed)           0.800     0.956    bd_0_i/hls_inst/inst/grp_FIR_filter_fu_827/add_ln31_241_reg_11672[4]
    SLICE_X12Y160        LUT2 (Prop_E6LUT_SLICEM_I1_O)
                                                      0.187     1.143 r  bd_0_i/hls_inst/inst/grp_FIR_filter_fu_827/data_p2[7]_i_126/O
                         net (fo=1, routed)           0.018     1.161    bd_0_i/hls_inst/inst/grp_FIR_filter_fu_827/data_p2[7]_i_126_n_0
    SLICE_X12Y160        CARRY8 (Prop_CARRY8_SLICEM_S[4]_CO[7])
                                                      0.236     1.397 r  bd_0_i/hls_inst/inst/grp_FIR_filter_fu_827/data_p2_reg[7]_i_99/CO[7]
                         net (fo=1, routed)           0.030     1.427    bd_0_i/hls_inst/inst/grp_FIR_filter_fu_827/data_p2_reg[7]_i_99_n_0
    SLICE_X12Y161        CARRY8 (Prop_CARRY8_SLICEM_CI_O[1])
                                                      0.106     1.533 r  bd_0_i/hls_inst/inst/grp_FIR_filter_fu_827/data_p2_reg[15]_i_162/O[1]
                         net (fo=2, routed)           0.439     1.972    bd_0_i/hls_inst/inst/grp_FIR_filter_fu_827/sext_ln31_628_fu_9894_p1[9]
    SLICE_X9Y161         LUT2 (Prop_B6LUT_SLICEL_I0_O)
                                                      0.224     2.196 r  bd_0_i/hls_inst/inst/grp_FIR_filter_fu_827/data_p2[15]_i_169/O
                         net (fo=1, routed)           0.013     2.209    bd_0_i/hls_inst/inst/grp_FIR_filter_fu_827/data_p2[15]_i_169_n_0
    SLICE_X9Y161         CARRY8 (Prop_CARRY8_SLICEL_S[1]_O[2])
                                                      0.175     2.384 r  bd_0_i/hls_inst/inst/grp_FIR_filter_fu_827/data_p2_reg[15]_i_97/O[2]
                         net (fo=2, routed)           0.359     2.743    bd_0_i/hls_inst/inst/grp_FIR_filter_fu_827/sext_ln31_700_fu_9907_p1[10]
    SLICE_X6Y161         LUT2 (Prop_C6LUT_SLICEL_I0_O)
                                                      0.150     2.893 r  bd_0_i/hls_inst/inst/grp_FIR_filter_fu_827/data_p2[15]_i_103/O
                         net (fo=1, routed)           0.015     2.908    bd_0_i/hls_inst/inst/grp_FIR_filter_fu_827/data_p2[15]_i_103_n_0
    SLICE_X6Y161         CARRY8 (Prop_CARRY8_SLICEL_S[2]_O[2])
                                                      0.081     2.989 r  bd_0_i/hls_inst/inst/grp_FIR_filter_fu_827/data_p2_reg[15]_i_55/O[2]
                         net (fo=2, routed)           0.614     3.603    bd_0_i/hls_inst/inst/grp_FIR_filter_fu_827/sext_ln31_701_fu_9917_p1[10]
    SLICE_X8Y176         LUT3 (Prop_C6LUT_SLICEM_I2_O)
                                                      0.056     3.659 r  bd_0_i/hls_inst/inst/grp_FIR_filter_fu_827/data_p2[7]_i_49/O
                         net (fo=2, routed)           0.268     3.927    bd_0_i/hls_inst/inst/grp_FIR_filter_fu_827/data_p2[7]_i_49_n_0
    SLICE_X6Y176         LUT4 (Prop_D6LUT_SLICEL_I3_O)
                                                      0.081     4.008 r  bd_0_i/hls_inst/inst/grp_FIR_filter_fu_827/data_p2[7]_i_57/O
                         net (fo=1, routed)           0.013     4.021    bd_0_i/hls_inst/inst/grp_FIR_filter_fu_827/data_p2[7]_i_57_n_0
    SLICE_X6Y176         CARRY8 (Prop_CARRY8_SLICEL_S[3]_CO[7])
                                                      0.220     4.241 r  bd_0_i/hls_inst/inst/grp_FIR_filter_fu_827/data_p2_reg[7]_i_27/CO[7]
                         net (fo=1, routed)           0.030     4.271    bd_0_i/hls_inst/inst/grp_FIR_filter_fu_827/data_p2_reg[7]_i_27_n_0
    SLICE_X6Y177         CARRY8 (Prop_CARRY8_SLICEL_CI_O[2])
                                                      0.093     4.364 r  bd_0_i/hls_inst/inst/grp_FIR_filter_fu_827/data_p2_reg[15]_i_18/O[2]
                         net (fo=2, routed)           0.380     4.744    bd_0_i/hls_inst/inst/grp_FIR_filter_fu_827/data_p2_reg[15]_i_18_n_13
    SLICE_X7Y171         LUT3 (Prop_B6LUT_SLICEM_I2_O)
                                                      0.225     4.969 r  bd_0_i/hls_inst/inst/grp_FIR_filter_fu_827/data_p2[7]_i_7/O
                         net (fo=2, routed)           0.176     5.146    bd_0_i/hls_inst/inst/grp_FIR_filter_fu_827/data_p2[7]_i_7_n_0
    SLICE_X6Y172         LUT4 (Prop_D6LUT_SLICEL_I3_O)
                                                      0.221     5.367 r  bd_0_i/hls_inst/inst/grp_FIR_filter_fu_827/data_p2[7]_i_15/O
                         net (fo=1, routed)           0.013     5.380    bd_0_i/hls_inst/inst/grp_FIR_filter_fu_827/data_p2[7]_i_15_n_0
    SLICE_X6Y172         CARRY8 (Prop_CARRY8_SLICEL_S[3]_CO[7])
                                                      0.220     5.600 r  bd_0_i/hls_inst/inst/grp_FIR_filter_fu_827/data_p2_reg[7]_i_1/CO[7]
                         net (fo=1, routed)           0.030     5.630    bd_0_i/hls_inst/inst/grp_FIR_filter_fu_827/data_p2_reg[7]_i_1_n_0
    SLICE_X6Y173         CARRY8 (Prop_CARRY8_SLICEL_CI_O[7])
                                                      0.179     5.809 r  bd_0_i/hls_inst/inst/grp_FIR_filter_fu_827/data_p2_reg[15]_i_2/O[7]
                         net (fo=2, routed)           0.278     6.087    bd_0_i/hls_inst/inst/regslice_both_output_r_U/data_p2_reg[15]_0[15]
    SLICE_X5Y173         LUT4 (Prop_H6LUT_SLICEM_I1_O)
                                                      0.138     6.225 r  bd_0_i/hls_inst/inst/regslice_both_output_r_U/data_p1[15]_i_2/O
                         net (fo=1, routed)           0.080     6.305    bd_0_i/hls_inst/inst/regslice_both_output_r_U/data_p1[15]_i_2_n_0
    SLICE_X5Y173         FDRE                                         r  bd_0_i/hls_inst/inst/regslice_both_output_r_U/data_p1_reg[15]/D
  -------------------------------------------------------------------    -------------------

                         (clock ap_clk rise edge)    10.000    10.000 r  
                                                      0.000    10.000 r  ap_clk (IN)
                         net (fo=9068, unset)         0.031    10.031    bd_0_i/hls_inst/inst/regslice_both_output_r_U/ap_clk
    SLICE_X5Y173         FDRE                                         r  bd_0_i/hls_inst/inst/regslice_both_output_r_U/data_p1_reg[15]/C
                         clock pessimism              0.000    10.031    
                         clock uncertainty           -0.035     9.996    
    SLICE_X5Y173         FDRE (Setup_HFF_SLICEM_C_D)
                                                      0.044    10.040    bd_0_i/hls_inst/inst/regslice_both_output_r_U/data_p1_reg[15]
  -------------------------------------------------------------------
                         required time                         10.040    
                         arrival time                          -6.305    
  -------------------------------------------------------------------
                         slack                                  3.735    

Slack (MET) :             3.855ns  (required time - arrival time)
  Source:                 bd_0_i/hls_inst/inst/grp_FIR_filter_fu_827/add_ln31_241_reg_11672_reg[4]/C
                            (rising edge-triggered cell FDRE clocked by ap_clk  {rise@0.000ns fall@5.000ns period=10.000ns})
  Destination:            bd_0_i/hls_inst/inst/regslice_both_output_r_U/data_p1_reg[12]/D
                            (rising edge-triggered cell FDRE clocked by ap_clk  {rise@0.000ns fall@5.000ns period=10.000ns})
  Path Group:             ap_clk
  Path Type:              Setup (Max at Slow Process Corner)
  Requirement:            10.000ns  (ap_clk rise@10.000ns - ap_clk rise@0.000ns)
  Data Path Delay:        6.140ns  (logic 2.701ns (43.993%)  route 3.439ns (56.007%))
  Logic Levels:           16  (CARRY8=8 LUT2=3 LUT3=2 LUT4=3)
  Clock Path Skew:        -0.013ns (DCD - SCD + CPR)
    Destination Clock Delay (DCD):    0.030ns = ( 10.030 - 10.000 ) 
    Source Clock Delay      (SCD):    0.043ns
    Clock Pessimism Removal (CPR):    0.000ns
  Clock Uncertainty:      0.035ns  ((TSJ^2 + TIJ^2)^1/2 + DJ) / 2 + PE
    Total System Jitter     (TSJ):    0.071ns
    Total Input Jitter      (TIJ):    0.000ns
    Discrete Jitter          (DJ):    0.000ns
    Phase Error              (PE):    0.000ns

    Location             Delay type                Incr(ns)  Path(ns)    Netlist Resource(s)
  -------------------------------------------------------------------    -------------------
                         (clock ap_clk rise edge)     0.000     0.000 r  
                                                      0.000     0.000 r  ap_clk (IN)
                         net (fo=9068, unset)         0.043     0.043    bd_0_i/hls_inst/inst/grp_FIR_filter_fu_827/ap_clk
    SLICE_X12Y195        FDRE                                         r  bd_0_i/hls_inst/inst/grp_FIR_filter_fu_827/add_ln31_241_reg_11672_reg[4]/C
  -------------------------------------------------------------------    -------------------
    SLICE_X12Y195        FDRE (Prop_EFF_SLICEM_C_Q)
                                                      0.113     0.156 r  bd_0_i/hls_inst/inst/grp_FIR_filter_fu_827/add_ln31_241_reg_11672_reg[4]/Q
                         net (fo=1, routed)           0.800     0.956    bd_0_i/hls_inst/inst/grp_FIR_filter_fu_827/add_ln31_241_reg_11672[4]
    SLICE_X12Y160        LUT2 (Prop_E6LUT_SLICEM_I1_O)
                                                      0.187     1.143 r  bd_0_i/hls_inst/inst/grp_FIR_filter_fu_827/data_p2[7]_i_126/O
                         net (fo=1, routed)           0.018     1.161    bd_0_i/hls_inst/inst/grp_FIR_filter_fu_827/data_p2[7]_i_126_n_0
    SLICE_X12Y160        CARRY8 (Prop_CARRY8_SLICEM_S[4]_CO[7])
                                                      0.236     1.397 r  bd_0_i/hls_inst/inst/grp_FIR_filter_fu_827/data_p2_reg[7]_i_99/CO[7]
                         net (fo=1, routed)           0.030     1.427    bd_0_i/hls_inst/inst/grp_FIR_filter_fu_827/data_p2_reg[7]_i_99_n_0
    SLICE_X12Y161        CARRY8 (Prop_CARRY8_SLICEM_CI_O[1])
                                                      0.106     1.533 r  bd_0_i/hls_inst/inst/grp_FIR_filter_fu_827/data_p2_reg[15]_i_162/O[1]
                         net (fo=2, routed)           0.439     1.972    bd_0_i/hls_inst/inst/grp_FIR_filter_fu_827/sext_ln31_628_fu_9894_p1[9]
    SLICE_X9Y161         LUT2 (Prop_B6LUT_SLICEL_I0_O)
                                                      0.224     2.196 r  bd_0_i/hls_inst/inst/grp_FIR_filter_fu_827/data_p2[15]_i_169/O
                         net (fo=1, routed)           0.013     2.209    bd_0_i/hls_inst/inst/grp_FIR_filter_fu_827/data_p2[15]_i_169_n_0
    SLICE_X9Y161         CARRY8 (Prop_CARRY8_SLICEL_S[1]_O[2])
                                                      0.175     2.384 r  bd_0_i/hls_inst/inst/grp_FIR_filter_fu_827/data_p2_reg[15]_i_97/O[2]
                         net (fo=2, routed)           0.359     2.743    bd_0_i/hls_inst/inst/grp_FIR_filter_fu_827/sext_ln31_700_fu_9907_p1[10]
    SLICE_X6Y161         LUT2 (Prop_C6LUT_SLICEL_I0_O)
                                                      0.150     2.893 r  bd_0_i/hls_inst/inst/grp_FIR_filter_fu_827/data_p2[15]_i_103/O
                         net (fo=1, routed)           0.015     2.908    bd_0_i/hls_inst/inst/grp_FIR_filter_fu_827/data_p2[15]_i_103_n_0
    SLICE_X6Y161         CARRY8 (Prop_CARRY8_SLICEL_S[2]_O[2])
                                                      0.081     2.989 r  bd_0_i/hls_inst/inst/grp_FIR_filter_fu_827/data_p2_reg[15]_i_55/O[2]
                         net (fo=2, routed)           0.614     3.603    bd_0_i/hls_inst/inst/grp_FIR_filter_fu_827/sext_ln31_701_fu_9917_p1[10]
    SLICE_X8Y176         LUT3 (Prop_C6LUT_SLICEM_I2_O)
                                                      0.056     3.659 r  bd_0_i/hls_inst/inst/grp_FIR_filter_fu_827/data_p2[7]_i_49/O
                         net (fo=2, routed)           0.268     3.927    bd_0_i/hls_inst/inst/grp_FIR_filter_fu_827/data_p2[7]_i_49_n_0
    SLICE_X6Y176         LUT4 (Prop_D6LUT_SLICEL_I3_O)
                                                      0.081     4.008 r  bd_0_i/hls_inst/inst/grp_FIR_filter_fu_827/data_p2[7]_i_57/O
                         net (fo=1, routed)           0.013     4.021    bd_0_i/hls_inst/inst/grp_FIR_filter_fu_827/data_p2[7]_i_57_n_0
    SLICE_X6Y176         CARRY8 (Prop_CARRY8_SLICEL_S[3]_CO[7])
                                                      0.220     4.241 r  bd_0_i/hls_inst/inst/grp_FIR_filter_fu_827/data_p2_reg[7]_i_27/CO[7]
                         net (fo=1, routed)           0.030     4.271    bd_0_i/hls_inst/inst/grp_FIR_filter_fu_827/data_p2_reg[7]_i_27_n_0
    SLICE_X6Y177         CARRY8 (Prop_CARRY8_SLICEL_CI_O[2])
                                                      0.093     4.364 r  bd_0_i/hls_inst/inst/grp_FIR_filter_fu_827/data_p2_reg[15]_i_18/O[2]
                         net (fo=2, routed)           0.380     4.744    bd_0_i/hls_inst/inst/grp_FIR_filter_fu_827/data_p2_reg[15]_i_18_n_13
    SLICE_X7Y171         LUT3 (Prop_B6LUT_SLICEM_I2_O)
                                                      0.225     4.969 r  bd_0_i/hls_inst/inst/grp_FIR_filter_fu_827/data_p2[7]_i_7/O
                         net (fo=2, routed)           0.176     5.146    bd_0_i/hls_inst/inst/grp_FIR_filter_fu_827/data_p2[7]_i_7_n_0
    SLICE_X6Y172         LUT4 (Prop_D6LUT_SLICEL_I3_O)
                                                      0.221     5.367 r  bd_0_i/hls_inst/inst/grp_FIR_filter_fu_827/data_p2[7]_i_15/O
                         net (fo=1, routed)           0.013     5.380    bd_0_i/hls_inst/inst/grp_FIR_filter_fu_827/data_p2[7]_i_15_n_0
    SLICE_X6Y172         CARRY8 (Prop_CARRY8_SLICEL_S[3]_CO[7])
                                                      0.220     5.600 r  bd_0_i/hls_inst/inst/grp_FIR_filter_fu_827/data_p2_reg[7]_i_1/CO[7]
                         net (fo=1, routed)           0.030     5.630    bd_0_i/hls_inst/inst/grp_FIR_filter_fu_827/data_p2_reg[7]_i_1_n_0
    SLICE_X6Y173         CARRY8 (Prop_CARRY8_SLICEL_CI_O[4])
                                                      0.127     5.757 r  bd_0_i/hls_inst/inst/grp_FIR_filter_fu_827/data_p2_reg[15]_i_2/O[4]
                         net (fo=2, routed)           0.145     5.902    bd_0_i/hls_inst/inst/regslice_both_output_r_U/data_p2_reg[15]_0[12]
    SLICE_X5Y173         LUT4 (Prop_C6LUT_SLICEM_I1_O)
                                                      0.186     6.088 r  bd_0_i/hls_inst/inst/regslice_both_output_r_U/data_p1[12]_i_1/O
                         net (fo=1, routed)           0.095     6.183    bd_0_i/hls_inst/inst/regslice_both_output_r_U/data_p1[12]_i_1_n_0
    SLICE_X5Y173         FDRE                                         r  bd_0_i/hls_inst/inst/regslice_both_output_r_U/data_p1_reg[12]/D
  -------------------------------------------------------------------    -------------------

                         (clock ap_clk rise edge)    10.000    10.000 r  
                                                      0.000    10.000 r  ap_clk (IN)
                         net (fo=9068, unset)         0.030    10.030    bd_0_i/hls_inst/inst/regslice_both_output_r_U/ap_clk
    SLICE_X5Y173         FDRE                                         r  bd_0_i/hls_inst/inst/regslice_both_output_r_U/data_p1_reg[12]/C
                         clock pessimism              0.000    10.030    
                         clock uncertainty           -0.035     9.995    
    SLICE_X5Y173         FDRE (Setup_CFF_SLICEM_C_D)
                                                      0.043    10.038    bd_0_i/hls_inst/inst/regslice_both_output_r_U/data_p1_reg[12]
  -------------------------------------------------------------------
                         required time                         10.038    
                         arrival time                          -6.183    
  -------------------------------------------------------------------
                         slack                                  3.855    

Slack (MET) :             3.901ns  (required time - arrival time)
  Source:                 bd_0_i/hls_inst/inst/grp_FIR_filter_fu_827/add_ln31_241_reg_11672_reg[4]/C
                            (rising edge-triggered cell FDRE clocked by ap_clk  {rise@0.000ns fall@5.000ns period=10.000ns})
  Destination:            bd_0_i/hls_inst/inst/regslice_both_output_r_U/data_p1_reg[10]/D
                            (rising edge-triggered cell FDRE clocked by ap_clk  {rise@0.000ns fall@5.000ns period=10.000ns})
  Path Group:             ap_clk
  Path Type:              Setup (Max at Slow Process Corner)
  Requirement:            10.000ns  (ap_clk rise@10.000ns - ap_clk rise@0.000ns)
  Data Path Delay:        6.094ns  (logic 2.674ns (43.882%)  route 3.420ns (56.118%))
  Logic Levels:           16  (CARRY8=8 LUT2=3 LUT3=2 LUT4=3)
  Clock Path Skew:        -0.014ns (DCD - SCD + CPR)
    Destination Clock Delay (DCD):    0.029ns = ( 10.029 - 10.000 ) 
    Source Clock Delay      (SCD):    0.043ns
    Clock Pessimism Removal (CPR):    0.000ns
  Clock Uncertainty:      0.035ns  ((TSJ^2 + TIJ^2)^1/2 + DJ) / 2 + PE
    Total System Jitter     (TSJ):    0.071ns
    Total Input Jitter      (TIJ):    0.000ns
    Discrete Jitter          (DJ):    0.000ns
    Phase Error              (PE):    0.000ns

    Location             Delay type                Incr(ns)  Path(ns)    Netlist Resource(s)
  -------------------------------------------------------------------    -------------------
                         (clock ap_clk rise edge)     0.000     0.000 r  
                                                      0.000     0.000 r  ap_clk (IN)
                         net (fo=9068, unset)         0.043     0.043    bd_0_i/hls_inst/inst/grp_FIR_filter_fu_827/ap_clk
    SLICE_X12Y195        FDRE                                         r  bd_0_i/hls_inst/inst/grp_FIR_filter_fu_827/add_ln31_241_reg_11672_reg[4]/C
  -------------------------------------------------------------------    -------------------
    SLICE_X12Y195        FDRE (Prop_EFF_SLICEM_C_Q)
                                                      0.113     0.156 r  bd_0_i/hls_inst/inst/grp_FIR_filter_fu_827/add_ln31_241_reg_11672_reg[4]/Q
                         net (fo=1, routed)           0.800     0.956    bd_0_i/hls_inst/inst/grp_FIR_filter_fu_827/add_ln31_241_reg_11672[4]
    SLICE_X12Y160        LUT2 (Prop_E6LUT_SLICEM_I1_O)
                                                      0.187     1.143 r  bd_0_i/hls_inst/inst/grp_FIR_filter_fu_827/data_p2[7]_i_126/O
                         net (fo=1, routed)           0.018     1.161    bd_0_i/hls_inst/inst/grp_FIR_filter_fu_827/data_p2[7]_i_126_n_0
    SLICE_X12Y160        CARRY8 (Prop_CARRY8_SLICEM_S[4]_CO[7])
                                                      0.236     1.397 r  bd_0_i/hls_inst/inst/grp_FIR_filter_fu_827/data_p2_reg[7]_i_99/CO[7]
                         net (fo=1, routed)           0.030     1.427    bd_0_i/hls_inst/inst/grp_FIR_filter_fu_827/data_p2_reg[7]_i_99_n_0
    SLICE_X12Y161        CARRY8 (Prop_CARRY8_SLICEM_CI_O[1])
                                                      0.106     1.533 r  bd_0_i/hls_inst/inst/grp_FIR_filter_fu_827/data_p2_reg[15]_i_162/O[1]
                         net (fo=2, routed)           0.439     1.972    bd_0_i/hls_inst/inst/grp_FIR_filter_fu_827/sext_ln31_628_fu_9894_p1[9]
    SLICE_X9Y161         LUT2 (Prop_B6LUT_SLICEL_I0_O)
                                                      0.224     2.196 r  bd_0_i/hls_inst/inst/grp_FIR_filter_fu_827/data_p2[15]_i_169/O
                         net (fo=1, routed)           0.013     2.209    bd_0_i/hls_inst/inst/grp_FIR_filter_fu_827/data_p2[15]_i_169_n_0
    SLICE_X9Y161         CARRY8 (Prop_CARRY8_SLICEL_S[1]_O[2])
                                                      0.175     2.384 r  bd_0_i/hls_inst/inst/grp_FIR_filter_fu_827/data_p2_reg[15]_i_97/O[2]
                         net (fo=2, routed)           0.359     2.743    bd_0_i/hls_inst/inst/grp_FIR_filter_fu_827/sext_ln31_700_fu_9907_p1[10]
    SLICE_X6Y161         LUT2 (Prop_C6LUT_SLICEL_I0_O)
                                                      0.150     2.893 r  bd_0_i/hls_inst/inst/grp_FIR_filter_fu_827/data_p2[15]_i_103/O
                         net (fo=1, routed)           0.015     2.908    bd_0_i/hls_inst/inst/grp_FIR_filter_fu_827/data_p2[15]_i_103_n_0
    SLICE_X6Y161         CARRY8 (Prop_CARRY8_SLICEL_S[2]_O[2])
                                                      0.081     2.989 r  bd_0_i/hls_inst/inst/grp_FIR_filter_fu_827/data_p2_reg[15]_i_55/O[2]
                         net (fo=2, routed)           0.614     3.603    bd_0_i/hls_inst/inst/grp_FIR_filter_fu_827/sext_ln31_701_fu_9917_p1[10]
    SLICE_X8Y176         LUT3 (Prop_C6LUT_SLICEM_I2_O)
                                                      0.056     3.659 r  bd_0_i/hls_inst/inst/grp_FIR_filter_fu_827/data_p2[7]_i_49/O
                         net (fo=2, routed)           0.268     3.927    bd_0_i/hls_inst/inst/grp_FIR_filter_fu_827/data_p2[7]_i_49_n_0
    SLICE_X6Y176         LUT4 (Prop_D6LUT_SLICEL_I3_O)
                                                      0.081     4.008 r  bd_0_i/hls_inst/inst/grp_FIR_filter_fu_827/data_p2[7]_i_57/O
                         net (fo=1, routed)           0.013     4.021    bd_0_i/hls_inst/inst/grp_FIR_filter_fu_827/data_p2[7]_i_57_n_0
    SLICE_X6Y176         CARRY8 (Prop_CARRY8_SLICEL_S[3]_CO[7])
                                                      0.220     4.241 r  bd_0_i/hls_inst/inst/grp_FIR_filter_fu_827/data_p2_reg[7]_i_27/CO[7]
                         net (fo=1, routed)           0.030     4.271    bd_0_i/hls_inst/inst/grp_FIR_filter_fu_827/data_p2_reg[7]_i_27_n_0
    SLICE_X6Y177         CARRY8 (Prop_CARRY8_SLICEL_CI_O[2])
                                                      0.093     4.364 r  bd_0_i/hls_inst/inst/grp_FIR_filter_fu_827/data_p2_reg[15]_i_18/O[2]
                         net (fo=2, routed)           0.380     4.744    bd_0_i/hls_inst/inst/grp_FIR_filter_fu_827/data_p2_reg[15]_i_18_n_13
    SLICE_X7Y171         LUT3 (Prop_B6LUT_SLICEM_I2_O)
                                                      0.225     4.969 r  bd_0_i/hls_inst/inst/grp_FIR_filter_fu_827/data_p2[7]_i_7/O
                         net (fo=2, routed)           0.176     5.146    bd_0_i/hls_inst/inst/grp_FIR_filter_fu_827/data_p2[7]_i_7_n_0
    SLICE_X6Y172         LUT4 (Prop_D6LUT_SLICEL_I3_O)
                                                      0.221     5.367 r  bd_0_i/hls_inst/inst/grp_FIR_filter_fu_827/data_p2[7]_i_15/O
                         net (fo=1, routed)           0.013     5.380    bd_0_i/hls_inst/inst/grp_FIR_filter_fu_827/data_p2[7]_i_15_n_0
    SLICE_X6Y172         CARRY8 (Prop_CARRY8_SLICEL_S[3]_CO[7])
                                                      0.220     5.600 r  bd_0_i/hls_inst/inst/grp_FIR_filter_fu_827/data_p2_reg[7]_i_1/CO[7]
                         net (fo=1, routed)           0.030     5.630    bd_0_i/hls_inst/inst/grp_FIR_filter_fu_827/data_p2_reg[7]_i_1_n_0
    SLICE_X6Y173         CARRY8 (Prop_CARRY8_SLICEL_CI_O[2])
                                                      0.101     5.731 r  bd_0_i/hls_inst/inst/grp_FIR_filter_fu_827/data_p2_reg[15]_i_2/O[2]
                         net (fo=2, routed)           0.154     5.885    bd_0_i/hls_inst/inst/regslice_both_output_r_U/data_p2_reg[15]_0[10]
    SLICE_X6Y174         LUT4 (Prop_D6LUT_SLICEL_I1_O)
                                                      0.185     6.070 r  bd_0_i/hls_inst/inst/regslice_both_output_r_U/data_p1[10]_i_1/O
                         net (fo=1, routed)           0.067     6.137    bd_0_i/hls_inst/inst/regslice_both_output_r_U/data_p1[10]_i_1_n_0
    SLICE_X6Y174         FDRE                                         r  bd_0_i/hls_inst/inst/regslice_both_output_r_U/data_p1_reg[10]/D
  -------------------------------------------------------------------    -------------------

                         (clock ap_clk rise edge)    10.000    10.000 r  
                                                      0.000    10.000 r  ap_clk (IN)
                         net (fo=9068, unset)         0.029    10.029    bd_0_i/hls_inst/inst/regslice_both_output_r_U/ap_clk
    SLICE_X6Y174         FDRE                                         r  bd_0_i/hls_inst/inst/regslice_both_output_r_U/data_p1_reg[10]/C
                         clock pessimism              0.000    10.029    
                         clock uncertainty           -0.035     9.994    
    SLICE_X6Y174         FDRE (Setup_DFF_SLICEL_C_D)
                                                      0.044    10.038    bd_0_i/hls_inst/inst/regslice_both_output_r_U/data_p1_reg[10]
  -------------------------------------------------------------------
                         required time                         10.038    
                         arrival time                          -6.137    
  -------------------------------------------------------------------
                         slack                                  3.901    

Slack (MET) :             3.910ns  (required time - arrival time)
  Source:                 bd_0_i/hls_inst/inst/grp_FIR_filter_fu_827/add_ln31_241_reg_11672_reg[4]/C
                            (rising edge-triggered cell FDRE clocked by ap_clk  {rise@0.000ns fall@5.000ns period=10.000ns})
  Destination:            bd_0_i/hls_inst/inst/regslice_both_output_r_U/data_p1_reg[7]/D
                            (rising edge-triggered cell FDRE clocked by ap_clk  {rise@0.000ns fall@5.000ns period=10.000ns})
  Path Group:             ap_clk
  Path Type:              Setup (Max at Slow Process Corner)
  Requirement:            10.000ns  (ap_clk rise@10.000ns - ap_clk rise@0.000ns)
  Data Path Delay:        6.086ns  (logic 2.697ns (44.316%)  route 3.389ns (55.684%))
  Logic Levels:           15  (CARRY8=7 LUT2=3 LUT3=2 LUT4=3)
  Clock Path Skew:        -0.012ns (DCD - SCD + CPR)
    Destination Clock Delay (DCD):    0.031ns = ( 10.031 - 10.000 ) 
    Source Clock Delay      (SCD):    0.043ns
    Clock Pessimism Removal (CPR):    0.000ns
  Clock Uncertainty:      0.035ns  ((TSJ^2 + TIJ^2)^1/2 + DJ) / 2 + PE
    Total System Jitter     (TSJ):    0.071ns
    Total Input Jitter      (TIJ):    0.000ns
    Discrete Jitter          (DJ):    0.000ns
    Phase Error              (PE):    0.000ns

    Location             Delay type                Incr(ns)  Path(ns)    Netlist Resource(s)
  -------------------------------------------------------------------    -------------------
                         (clock ap_clk rise edge)     0.000     0.000 r  
                                                      0.000     0.000 r  ap_clk (IN)
                         net (fo=9068, unset)         0.043     0.043    bd_0_i/hls_inst/inst/grp_FIR_filter_fu_827/ap_clk
    SLICE_X12Y195        FDRE                                         r  bd_0_i/hls_inst/inst/grp_FIR_filter_fu_827/add_ln31_241_reg_11672_reg[4]/C
  -------------------------------------------------------------------    -------------------
    SLICE_X12Y195        FDRE (Prop_EFF_SLICEM_C_Q)
                                                      0.113     0.156 r  bd_0_i/hls_inst/inst/grp_FIR_filter_fu_827/add_ln31_241_reg_11672_reg[4]/Q
                         net (fo=1, routed)           0.800     0.956    bd_0_i/hls_inst/inst/grp_FIR_filter_fu_827/add_ln31_241_reg_11672[4]
    SLICE_X12Y160        LUT2 (Prop_E6LUT_SLICEM_I1_O)
                                                      0.187     1.143 r  bd_0_i/hls_inst/inst/grp_FIR_filter_fu_827/data_p2[7]_i_126/O
                         net (fo=1, routed)           0.018     1.161    bd_0_i/hls_inst/inst/grp_FIR_filter_fu_827/data_p2[7]_i_126_n_0
    SLICE_X12Y160        CARRY8 (Prop_CARRY8_SLICEM_S[4]_CO[7])
                                                      0.236     1.397 r  bd_0_i/hls_inst/inst/grp_FIR_filter_fu_827/data_p2_reg[7]_i_99/CO[7]
                         net (fo=1, routed)           0.030     1.427    bd_0_i/hls_inst/inst/grp_FIR_filter_fu_827/data_p2_reg[7]_i_99_n_0
    SLICE_X12Y161        CARRY8 (Prop_CARRY8_SLICEM_CI_O[1])
                                                      0.106     1.533 r  bd_0_i/hls_inst/inst/grp_FIR_filter_fu_827/data_p2_reg[15]_i_162/O[1]
                         net (fo=2, routed)           0.439     1.972    bd_0_i/hls_inst/inst/grp_FIR_filter_fu_827/sext_ln31_628_fu_9894_p1[9]
    SLICE_X9Y161         LUT2 (Prop_B6LUT_SLICEL_I0_O)
                                                      0.224     2.196 r  bd_0_i/hls_inst/inst/grp_FIR_filter_fu_827/data_p2[15]_i_169/O
                         net (fo=1, routed)           0.013     2.209    bd_0_i/hls_inst/inst/grp_FIR_filter_fu_827/data_p2[15]_i_169_n_0
    SLICE_X9Y161         CARRY8 (Prop_CARRY8_SLICEL_S[1]_O[2])
                                                      0.175     2.384 r  bd_0_i/hls_inst/inst/grp_FIR_filter_fu_827/data_p2_reg[15]_i_97/O[2]
                         net (fo=2, routed)           0.359     2.743    bd_0_i/hls_inst/inst/grp_FIR_filter_fu_827/sext_ln31_700_fu_9907_p1[10]
    SLICE_X6Y161         LUT2 (Prop_C6LUT_SLICEL_I0_O)
                                                      0.150     2.893 r  bd_0_i/hls_inst/inst/grp_FIR_filter_fu_827/data_p2[15]_i_103/O
                         net (fo=1, routed)           0.015     2.908    bd_0_i/hls_inst/inst/grp_FIR_filter_fu_827/data_p2[15]_i_103_n_0
    SLICE_X6Y161         CARRY8 (Prop_CARRY8_SLICEL_S[2]_O[2])
                                                      0.081     2.989 r  bd_0_i/hls_inst/inst/grp_FIR_filter_fu_827/data_p2_reg[15]_i_55/O[2]
                         net (fo=2, routed)           0.614     3.603    bd_0_i/hls_inst/inst/grp_FIR_filter_fu_827/sext_ln31_701_fu_9917_p1[10]
    SLICE_X8Y176         LUT3 (Prop_C6LUT_SLICEM_I2_O)
                                                      0.056     3.659 r  bd_0_i/hls_inst/inst/grp_FIR_filter_fu_827/data_p2[7]_i_49/O
                         net (fo=2, routed)           0.268     3.927    bd_0_i/hls_inst/inst/grp_FIR_filter_fu_827/data_p2[7]_i_49_n_0
    SLICE_X6Y176         LUT4 (Prop_D6LUT_SLICEL_I3_O)
                                                      0.081     4.008 r  bd_0_i/hls_inst/inst/grp_FIR_filter_fu_827/data_p2[7]_i_57/O
                         net (fo=1, routed)           0.013     4.021    bd_0_i/hls_inst/inst/grp_FIR_filter_fu_827/data_p2[7]_i_57_n_0
    SLICE_X6Y176         CARRY8 (Prop_CARRY8_SLICEL_S[3]_O[5])
                                                      0.258     4.279 r  bd_0_i/hls_inst/inst/grp_FIR_filter_fu_827/data_p2_reg[7]_i_27/O[5]
                         net (fo=2, routed)           0.259     4.538    bd_0_i/hls_inst/inst/grp_FIR_filter_fu_827/data_p2_reg[7]_i_27_n_10
    SLICE_X6Y171         LUT3 (Prop_F5LUT_SLICEL_I2_O)
                                                      0.230     4.768 r  bd_0_i/hls_inst/inst/grp_FIR_filter_fu_827/data_p2[7]_i_21/O
                         net (fo=2, routed)           0.265     5.034    bd_0_i/hls_inst/inst/grp_FIR_filter_fu_827/data_p2[7]_i_21_n_0
    SLICE_X6Y171         LUT4 (Prop_G6LUT_SLICEL_I3_O)
                                                      0.226     5.260 r  bd_0_i/hls_inst/inst/grp_FIR_filter_fu_827/data_p2[7]_i_29/O
                         net (fo=1, routed)           0.012     5.272    bd_0_i/hls_inst/inst/grp_FIR_filter_fu_827/data_p2[7]_i_29_n_0
    SLICE_X6Y171         CARRY8 (Prop_CARRY8_SLICEL_S[6]_CO[7])
                                                      0.171     5.443 r  bd_0_i/hls_inst/inst/grp_FIR_filter_fu_827/data_p2_reg[7]_i_2/CO[7]
                         net (fo=1, routed)           0.030     5.473    bd_0_i/hls_inst/inst/grp_FIR_filter_fu_827/data_p2_reg[7]_i_2_n_0
    SLICE_X6Y172         CARRY8 (Prop_CARRY8_SLICEL_CI_O[7])
                                                      0.179     5.652 r  bd_0_i/hls_inst/inst/grp_FIR_filter_fu_827/data_p2_reg[7]_i_1/O[7]
                         net (fo=2, routed)           0.158     5.810    bd_0_i/hls_inst/inst/regslice_both_output_r_U/data_p2_reg[15]_0[7]
    SLICE_X5Y172         LUT4 (Prop_F6LUT_SLICEM_I1_O)
                                                      0.224     6.034 r  bd_0_i/hls_inst/inst/regslice_both_output_r_U/data_p1[7]_i_1/O
                         net (fo=1, routed)           0.095     6.129    bd_0_i/hls_inst/inst/regslice_both_output_r_U/data_p1[7]_i_1_n_0
    SLICE_X5Y172         FDRE                                         r  bd_0_i/hls_inst/inst/regslice_both_output_r_U/data_p1_reg[7]/D
  -------------------------------------------------------------------    -------------------

                         (clock ap_clk rise edge)    10.000    10.000 r  
                                                      0.000    10.000 r  ap_clk (IN)
                         net (fo=9068, unset)         0.031    10.031    bd_0_i/hls_inst/inst/regslice_both_output_r_U/ap_clk
    SLICE_X5Y172         FDRE                                         r  bd_0_i/hls_inst/inst/regslice_both_output_r_U/data_p1_reg[7]/C
                         clock pessimism              0.000    10.031    
                         clock uncertainty           -0.035     9.996    
    SLICE_X5Y172         FDRE (Setup_FFF_SLICEM_C_D)
                                                      0.043    10.039    bd_0_i/hls_inst/inst/regslice_both_output_r_U/data_p1_reg[7]
  -------------------------------------------------------------------
                         required time                         10.039    
                         arrival time                          -6.129    
  -------------------------------------------------------------------
                         slack                                  3.910    

Slack (MET) :             3.920ns  (required time - arrival time)
  Source:                 bd_0_i/hls_inst/inst/grp_FIR_filter_fu_827/add_ln31_241_reg_11672_reg[4]/C
                            (rising edge-triggered cell FDRE clocked by ap_clk  {rise@0.000ns fall@5.000ns period=10.000ns})
  Destination:            bd_0_i/hls_inst/inst/regslice_both_output_r_U/data_p1_reg[4]/D
                            (rising edge-triggered cell FDRE clocked by ap_clk  {rise@0.000ns fall@5.000ns period=10.000ns})
  Path Group:             ap_clk
  Path Type:              Setup (Max at Slow Process Corner)
  Requirement:            10.000ns  (ap_clk rise@10.000ns - ap_clk rise@0.000ns)
  Data Path Delay:        6.075ns  (logic 2.503ns (41.203%)  route 3.572ns (58.797%))
  Logic Levels:           15  (CARRY8=7 LUT2=3 LUT3=2 LUT4=3)
  Clock Path Skew:        -0.013ns (DCD - SCD + CPR)
    Destination Clock Delay (DCD):    0.030ns = ( 10.030 - 10.000 ) 
    Source Clock Delay      (SCD):    0.043ns
    Clock Pessimism Removal (CPR):    0.000ns
  Clock Uncertainty:      0.035ns  ((TSJ^2 + TIJ^2)^1/2 + DJ) / 2 + PE
    Total System Jitter     (TSJ):    0.071ns
    Total Input Jitter      (TIJ):    0.000ns
    Discrete Jitter          (DJ):    0.000ns
    Phase Error              (PE):    0.000ns

    Location             Delay type                Incr(ns)  Path(ns)    Netlist Resource(s)
  -------------------------------------------------------------------    -------------------
                         (clock ap_clk rise edge)     0.000     0.000 r  
                                                      0.000     0.000 r  ap_clk (IN)
                         net (fo=9068, unset)         0.043     0.043    bd_0_i/hls_inst/inst/grp_FIR_filter_fu_827/ap_clk
    SLICE_X12Y195        FDRE                                         r  bd_0_i/hls_inst/inst/grp_FIR_filter_fu_827/add_ln31_241_reg_11672_reg[4]/C
  -------------------------------------------------------------------    -------------------
    SLICE_X12Y195        FDRE (Prop_EFF_SLICEM_C_Q)
                                                      0.113     0.156 r  bd_0_i/hls_inst/inst/grp_FIR_filter_fu_827/add_ln31_241_reg_11672_reg[4]/Q
                         net (fo=1, routed)           0.800     0.956    bd_0_i/hls_inst/inst/grp_FIR_filter_fu_827/add_ln31_241_reg_11672[4]
    SLICE_X12Y160        LUT2 (Prop_E6LUT_SLICEM_I1_O)
                                                      0.187     1.143 r  bd_0_i/hls_inst/inst/grp_FIR_filter_fu_827/data_p2[7]_i_126/O
                         net (fo=1, routed)           0.018     1.161    bd_0_i/hls_inst/inst/grp_FIR_filter_fu_827/data_p2[7]_i_126_n_0
    SLICE_X12Y160        CARRY8 (Prop_CARRY8_SLICEM_S[4]_CO[7])
                                                      0.236     1.397 r  bd_0_i/hls_inst/inst/grp_FIR_filter_fu_827/data_p2_reg[7]_i_99/CO[7]
                         net (fo=1, routed)           0.030     1.427    bd_0_i/hls_inst/inst/grp_FIR_filter_fu_827/data_p2_reg[7]_i_99_n_0
    SLICE_X12Y161        CARRY8 (Prop_CARRY8_SLICEM_CI_O[1])
                                                      0.106     1.533 r  bd_0_i/hls_inst/inst/grp_FIR_filter_fu_827/data_p2_reg[15]_i_162/O[1]
                         net (fo=2, routed)           0.439     1.972    bd_0_i/hls_inst/inst/grp_FIR_filter_fu_827/sext_ln31_628_fu_9894_p1[9]
    SLICE_X9Y161         LUT2 (Prop_B6LUT_SLICEL_I0_O)
                                                      0.224     2.196 r  bd_0_i/hls_inst/inst/grp_FIR_filter_fu_827/data_p2[15]_i_169/O
                         net (fo=1, routed)           0.013     2.209    bd_0_i/hls_inst/inst/grp_FIR_filter_fu_827/data_p2[15]_i_169_n_0
    SLICE_X9Y161         CARRY8 (Prop_CARRY8_SLICEL_S[1]_O[2])
                                                      0.175     2.384 r  bd_0_i/hls_inst/inst/grp_FIR_filter_fu_827/data_p2_reg[15]_i_97/O[2]
                         net (fo=2, routed)           0.359     2.743    bd_0_i/hls_inst/inst/grp_FIR_filter_fu_827/sext_ln31_700_fu_9907_p1[10]
    SLICE_X6Y161         LUT2 (Prop_C6LUT_SLICEL_I0_O)
                                                      0.150     2.893 r  bd_0_i/hls_inst/inst/grp_FIR_filter_fu_827/data_p2[15]_i_103/O
                         net (fo=1, routed)           0.015     2.908    bd_0_i/hls_inst/inst/grp_FIR_filter_fu_827/data_p2[15]_i_103_n_0
    SLICE_X6Y161         CARRY8 (Prop_CARRY8_SLICEL_S[2]_O[2])
                                                      0.081     2.989 r  bd_0_i/hls_inst/inst/grp_FIR_filter_fu_827/data_p2_reg[15]_i_55/O[2]
                         net (fo=2, routed)           0.614     3.603    bd_0_i/hls_inst/inst/grp_FIR_filter_fu_827/sext_ln31_701_fu_9917_p1[10]
    SLICE_X8Y176         LUT3 (Prop_C6LUT_SLICEM_I2_O)
                                                      0.056     3.659 r  bd_0_i/hls_inst/inst/grp_FIR_filter_fu_827/data_p2[7]_i_49/O
                         net (fo=2, routed)           0.268     3.927    bd_0_i/hls_inst/inst/grp_FIR_filter_fu_827/data_p2[7]_i_49_n_0
    SLICE_X6Y176         LUT4 (Prop_D6LUT_SLICEL_I3_O)
                                                      0.081     4.008 r  bd_0_i/hls_inst/inst/grp_FIR_filter_fu_827/data_p2[7]_i_57/O
                         net (fo=1, routed)           0.013     4.021    bd_0_i/hls_inst/inst/grp_FIR_filter_fu_827/data_p2[7]_i_57_n_0
    SLICE_X6Y176         CARRY8 (Prop_CARRY8_SLICEL_S[3]_O[5])
                                                      0.258     4.279 r  bd_0_i/hls_inst/inst/grp_FIR_filter_fu_827/data_p2_reg[7]_i_27/O[5]
                         net (fo=2, routed)           0.259     4.538    bd_0_i/hls_inst/inst/grp_FIR_filter_fu_827/data_p2_reg[7]_i_27_n_10
    SLICE_X6Y171         LUT3 (Prop_F5LUT_SLICEL_I2_O)
                                                      0.230     4.768 r  bd_0_i/hls_inst/inst/grp_FIR_filter_fu_827/data_p2[7]_i_21/O
                         net (fo=2, routed)           0.265     5.034    bd_0_i/hls_inst/inst/grp_FIR_filter_fu_827/data_p2[7]_i_21_n_0
    SLICE_X6Y171         LUT4 (Prop_G6LUT_SLICEL_I3_O)
                                                      0.226     5.260 r  bd_0_i/hls_inst/inst/grp_FIR_filter_fu_827/data_p2[7]_i_29/O
                         net (fo=1, routed)           0.012     5.272    bd_0_i/hls_inst/inst/grp_FIR_filter_fu_827/data_p2[7]_i_29_n_0
    SLICE_X6Y171         CARRY8 (Prop_CARRY8_SLICEL_S[6]_CO[7])
                                                      0.171     5.443 r  bd_0_i/hls_inst/inst/grp_FIR_filter_fu_827/data_p2_reg[7]_i_2/CO[7]
                         net (fo=1, routed)           0.030     5.473    bd_0_i/hls_inst/inst/grp_FIR_filter_fu_827/data_p2_reg[7]_i_2_n_0
    SLICE_X6Y172         CARRY8 (Prop_CARRY8_SLICEL_CI_O[4])
                                                      0.127     5.600 r  bd_0_i/hls_inst/inst/grp_FIR_filter_fu_827/data_p2_reg[7]_i_1/O[4]
                         net (fo=2, routed)           0.355     5.955    bd_0_i/hls_inst/inst/regslice_both_output_r_U/data_p2_reg[15]_0[4]
    SLICE_X5Y172         LUT4 (Prop_B6LUT_SLICEM_I1_O)
                                                      0.082     6.037 r  bd_0_i/hls_inst/inst/regslice_both_output_r_U/data_p1[4]_i_1/O
                         net (fo=1, routed)           0.081     6.118    bd_0_i/hls_inst/inst/regslice_both_output_r_U/data_p1[4]_i_1_n_0
    SLICE_X5Y172         FDRE                                         r  bd_0_i/hls_inst/inst/regslice_both_output_r_U/data_p1_reg[4]/D
  -------------------------------------------------------------------    -------------------

                         (clock ap_clk rise edge)    10.000    10.000 r  
                                                      0.000    10.000 r  ap_clk (IN)
                         net (fo=9068, unset)         0.030    10.030    bd_0_i/hls_inst/inst/regslice_both_output_r_U/ap_clk
    SLICE_X5Y172         FDRE                                         r  bd_0_i/hls_inst/inst/regslice_both_output_r_U/data_p1_reg[4]/C
                         clock pessimism              0.000    10.030    
                         clock uncertainty           -0.035     9.995    
    SLICE_X5Y172         FDRE (Setup_BFF_SLICEM_C_D)
                                                      0.043    10.038    bd_0_i/hls_inst/inst/regslice_both_output_r_U/data_p1_reg[4]
  -------------------------------------------------------------------
                         required time                         10.038    
                         arrival time                          -6.118    
  -------------------------------------------------------------------
                         slack                                  3.920    

Slack (MET) :             3.947ns  (required time - arrival time)
  Source:                 bd_0_i/hls_inst/inst/grp_FIR_filter_fu_827/add_ln31_241_reg_11672_reg[4]/C
                            (rising edge-triggered cell FDRE clocked by ap_clk  {rise@0.000ns fall@5.000ns period=10.000ns})
  Destination:            bd_0_i/hls_inst/inst/regslice_both_output_r_U/data_p1_reg[14]/D
                            (rising edge-triggered cell FDRE clocked by ap_clk  {rise@0.000ns fall@5.000ns period=10.000ns})
  Path Group:             ap_clk
  Path Type:              Setup (Max at Slow Process Corner)
  Requirement:            10.000ns  (ap_clk rise@10.000ns - ap_clk rise@0.000ns)
  Data Path Delay:        6.049ns  (logic 2.636ns (43.580%)  route 3.413ns (56.420%))
  Logic Levels:           16  (CARRY8=8 LUT2=3 LUT3=2 LUT4=3)
  Clock Path Skew:        -0.013ns (DCD - SCD + CPR)
    Destination Clock Delay (DCD):    0.030ns = ( 10.030 - 10.000 ) 
    Source Clock Delay      (SCD):    0.043ns
    Clock Pessimism Removal (CPR):    0.000ns
  Clock Uncertainty:      0.035ns  ((TSJ^2 + TIJ^2)^1/2 + DJ) / 2 + PE
    Total System Jitter     (TSJ):    0.071ns
    Total Input Jitter      (TIJ):    0.000ns
    Discrete Jitter          (DJ):    0.000ns
    Phase Error              (PE):    0.000ns

    Location             Delay type                Incr(ns)  Path(ns)    Netlist Resource(s)
  -------------------------------------------------------------------    -------------------
                         (clock ap_clk rise edge)     0.000     0.000 r  
                                                      0.000     0.000 r  ap_clk (IN)
                         net (fo=9068, unset)         0.043     0.043    bd_0_i/hls_inst/inst/grp_FIR_filter_fu_827/ap_clk
    SLICE_X12Y195        FDRE                                         r  bd_0_i/hls_inst/inst/grp_FIR_filter_fu_827/add_ln31_241_reg_11672_reg[4]/C
  -------------------------------------------------------------------    -------------------
    SLICE_X12Y195        FDRE (Prop_EFF_SLICEM_C_Q)
                                                      0.113     0.156 r  bd_0_i/hls_inst/inst/grp_FIR_filter_fu_827/add_ln31_241_reg_11672_reg[4]/Q
                         net (fo=1, routed)           0.800     0.956    bd_0_i/hls_inst/inst/grp_FIR_filter_fu_827/add_ln31_241_reg_11672[4]
    SLICE_X12Y160        LUT2 (Prop_E6LUT_SLICEM_I1_O)
                                                      0.187     1.143 r  bd_0_i/hls_inst/inst/grp_FIR_filter_fu_827/data_p2[7]_i_126/O
                         net (fo=1, routed)           0.018     1.161    bd_0_i/hls_inst/inst/grp_FIR_filter_fu_827/data_p2[7]_i_126_n_0
    SLICE_X12Y160        CARRY8 (Prop_CARRY8_SLICEM_S[4]_CO[7])
                                                      0.236     1.397 r  bd_0_i/hls_inst/inst/grp_FIR_filter_fu_827/data_p2_reg[7]_i_99/CO[7]
                         net (fo=1, routed)           0.030     1.427    bd_0_i/hls_inst/inst/grp_FIR_filter_fu_827/data_p2_reg[7]_i_99_n_0
    SLICE_X12Y161        CARRY8 (Prop_CARRY8_SLICEM_CI_O[1])
                                                      0.106     1.533 r  bd_0_i/hls_inst/inst/grp_FIR_filter_fu_827/data_p2_reg[15]_i_162/O[1]
                         net (fo=2, routed)           0.439     1.972    bd_0_i/hls_inst/inst/grp_FIR_filter_fu_827/sext_ln31_628_fu_9894_p1[9]
    SLICE_X9Y161         LUT2 (Prop_B6LUT_SLICEL_I0_O)
                                                      0.224     2.196 r  bd_0_i/hls_inst/inst/grp_FIR_filter_fu_827/data_p2[15]_i_169/O
                         net (fo=1, routed)           0.013     2.209    bd_0_i/hls_inst/inst/grp_FIR_filter_fu_827/data_p2[15]_i_169_n_0
    SLICE_X9Y161         CARRY8 (Prop_CARRY8_SLICEL_S[1]_O[2])
                                                      0.175     2.384 r  bd_0_i/hls_inst/inst/grp_FIR_filter_fu_827/data_p2_reg[15]_i_97/O[2]
                         net (fo=2, routed)           0.359     2.743    bd_0_i/hls_inst/inst/grp_FIR_filter_fu_827/sext_ln31_700_fu_9907_p1[10]
    SLICE_X6Y161         LUT2 (Prop_C6LUT_SLICEL_I0_O)
                                                      0.150     2.893 r  bd_0_i/hls_inst/inst/grp_FIR_filter_fu_827/data_p2[15]_i_103/O
                         net (fo=1, routed)           0.015     2.908    bd_0_i/hls_inst/inst/grp_FIR_filter_fu_827/data_p2[15]_i_103_n_0
    SLICE_X6Y161         CARRY8 (Prop_CARRY8_SLICEL_S[2]_O[2])
                                                      0.081     2.989 r  bd_0_i/hls_inst/inst/grp_FIR_filter_fu_827/data_p2_reg[15]_i_55/O[2]
                         net (fo=2, routed)           0.614     3.603    bd_0_i/hls_inst/inst/grp_FIR_filter_fu_827/sext_ln31_701_fu_9917_p1[10]
    SLICE_X8Y176         LUT3 (Prop_C6LUT_SLICEM_I2_O)
                                                      0.056     3.659 r  bd_0_i/hls_inst/inst/grp_FIR_filter_fu_827/data_p2[7]_i_49/O
                         net (fo=2, routed)           0.268     3.927    bd_0_i/hls_inst/inst/grp_FIR_filter_fu_827/data_p2[7]_i_49_n_0
    SLICE_X6Y176         LUT4 (Prop_D6LUT_SLICEL_I3_O)
                                                      0.081     4.008 r  bd_0_i/hls_inst/inst/grp_FIR_filter_fu_827/data_p2[7]_i_57/O
                         net (fo=1, routed)           0.013     4.021    bd_0_i/hls_inst/inst/grp_FIR_filter_fu_827/data_p2[7]_i_57_n_0
    SLICE_X6Y176         CARRY8 (Prop_CARRY8_SLICEL_S[3]_CO[7])
                                                      0.220     4.241 r  bd_0_i/hls_inst/inst/grp_FIR_filter_fu_827/data_p2_reg[7]_i_27/CO[7]
                         net (fo=1, routed)           0.030     4.271    bd_0_i/hls_inst/inst/grp_FIR_filter_fu_827/data_p2_reg[7]_i_27_n_0
    SLICE_X6Y177         CARRY8 (Prop_CARRY8_SLICEL_CI_O[2])
                                                      0.093     4.364 r  bd_0_i/hls_inst/inst/grp_FIR_filter_fu_827/data_p2_reg[15]_i_18/O[2]
                         net (fo=2, routed)           0.380     4.744    bd_0_i/hls_inst/inst/grp_FIR_filter_fu_827/data_p2_reg[15]_i_18_n_13
    SLICE_X7Y171         LUT3 (Prop_B6LUT_SLICEM_I2_O)
                                                      0.225     4.969 r  bd_0_i/hls_inst/inst/grp_FIR_filter_fu_827/data_p2[7]_i_7/O
                         net (fo=2, routed)           0.176     5.146    bd_0_i/hls_inst/inst/grp_FIR_filter_fu_827/data_p2[7]_i_7_n_0
    SLICE_X6Y172         LUT4 (Prop_D6LUT_SLICEL_I3_O)
                                                      0.221     5.367 r  bd_0_i/hls_inst/inst/grp_FIR_filter_fu_827/data_p2[7]_i_15/O
                         net (fo=1, routed)           0.013     5.380    bd_0_i/hls_inst/inst/grp_FIR_filter_fu_827/data_p2[7]_i_15_n_0
    SLICE_X6Y172         CARRY8 (Prop_CARRY8_SLICEL_S[3]_CO[7])
                                                      0.220     5.600 r  bd_0_i/hls_inst/inst/grp_FIR_filter_fu_827/data_p2_reg[7]_i_1/CO[7]
                         net (fo=1, routed)           0.030     5.630    bd_0_i/hls_inst/inst/grp_FIR_filter_fu_827/data_p2_reg[7]_i_1_n_0
    SLICE_X6Y173         CARRY8 (Prop_CARRY8_SLICEL_CI_O[6])
                                                      0.165     5.795 r  bd_0_i/hls_inst/inst/grp_FIR_filter_fu_827/data_p2_reg[15]_i_2/O[6]
                         net (fo=2, routed)           0.141     5.936    bd_0_i/hls_inst/inst/regslice_both_output_r_U/data_p2_reg[15]_0[14]
    SLICE_X5Y173         LUT4 (Prop_A6LUT_SLICEM_I1_O)
                                                      0.083     6.019 r  bd_0_i/hls_inst/inst/regslice_both_output_r_U/data_p1[14]_i_1/O
                         net (fo=1, routed)           0.073     6.092    bd_0_i/hls_inst/inst/regslice_both_output_r_U/data_p1[14]_i_1_n_0
    SLICE_X5Y173         FDRE                                         r  bd_0_i/hls_inst/inst/regslice_both_output_r_U/data_p1_reg[14]/D
  -------------------------------------------------------------------    -------------------

                         (clock ap_clk rise edge)    10.000    10.000 r  
                                                      0.000    10.000 r  ap_clk (IN)
                         net (fo=9068, unset)         0.030    10.030    bd_0_i/hls_inst/inst/regslice_both_output_r_U/ap_clk
    SLICE_X5Y173         FDRE                                         r  bd_0_i/hls_inst/inst/regslice_both_output_r_U/data_p1_reg[14]/C
                         clock pessimism              0.000    10.030    
                         clock uncertainty           -0.035     9.995    
    SLICE_X5Y173         FDRE (Setup_AFF_SLICEM_C_D)
                                                      0.044    10.039    bd_0_i/hls_inst/inst/regslice_both_output_r_U/data_p1_reg[14]
  -------------------------------------------------------------------
                         required time                         10.039    
                         arrival time                          -6.092    
  -------------------------------------------------------------------
                         slack                                  3.947    

Slack (MET) :             3.957ns  (required time - arrival time)
  Source:                 bd_0_i/hls_inst/inst/grp_FIR_filter_fu_827/add_ln31_241_reg_11672_reg[4]/C
                            (rising edge-triggered cell FDRE clocked by ap_clk  {rise@0.000ns fall@5.000ns period=10.000ns})
  Destination:            bd_0_i/hls_inst/inst/regslice_both_output_r_U/data_p1_reg[13]/D
                            (rising edge-triggered cell FDRE clocked by ap_clk  {rise@0.000ns fall@5.000ns period=10.000ns})
  Path Group:             ap_clk
  Path Type:              Setup (Max at Slow Process Corner)
  Requirement:            10.000ns  (ap_clk rise@10.000ns - ap_clk rise@0.000ns)
  Data Path Delay:        6.038ns  (logic 2.614ns (43.295%)  route 3.424ns (56.705%))
  Logic Levels:           16  (CARRY8=8 LUT2=3 LUT3=2 LUT4=3)
  Clock Path Skew:        -0.013ns (DCD - SCD + CPR)
    Destination Clock Delay (DCD):    0.030ns = ( 10.030 - 10.000 ) 
    Source Clock Delay      (SCD):    0.043ns
    Clock Pessimism Removal (CPR):    0.000ns
  Clock Uncertainty:      0.035ns  ((TSJ^2 + TIJ^2)^1/2 + DJ) / 2 + PE
    Total System Jitter     (TSJ):    0.071ns
    Total Input Jitter      (TIJ):    0.000ns
    Discrete Jitter          (DJ):    0.000ns
    Phase Error              (PE):    0.000ns

    Location             Delay type                Incr(ns)  Path(ns)    Netlist Resource(s)
  -------------------------------------------------------------------    -------------------
                         (clock ap_clk rise edge)     0.000     0.000 r  
                                                      0.000     0.000 r  ap_clk (IN)
                         net (fo=9068, unset)         0.043     0.043    bd_0_i/hls_inst/inst/grp_FIR_filter_fu_827/ap_clk
    SLICE_X12Y195        FDRE                                         r  bd_0_i/hls_inst/inst/grp_FIR_filter_fu_827/add_ln31_241_reg_11672_reg[4]/C
  -------------------------------------------------------------------    -------------------
    SLICE_X12Y195        FDRE (Prop_EFF_SLICEM_C_Q)
                                                      0.113     0.156 r  bd_0_i/hls_inst/inst/grp_FIR_filter_fu_827/add_ln31_241_reg_11672_reg[4]/Q
                         net (fo=1, routed)           0.800     0.956    bd_0_i/hls_inst/inst/grp_FIR_filter_fu_827/add_ln31_241_reg_11672[4]
    SLICE_X12Y160        LUT2 (Prop_E6LUT_SLICEM_I1_O)
                                                      0.187     1.143 r  bd_0_i/hls_inst/inst/grp_FIR_filter_fu_827/data_p2[7]_i_126/O
                         net (fo=1, routed)           0.018     1.161    bd_0_i/hls_inst/inst/grp_FIR_filter_fu_827/data_p2[7]_i_126_n_0
    SLICE_X12Y160        CARRY8 (Prop_CARRY8_SLICEM_S[4]_CO[7])
                                                      0.236     1.397 r  bd_0_i/hls_inst/inst/grp_FIR_filter_fu_827/data_p2_reg[7]_i_99/CO[7]
                         net (fo=1, routed)           0.030     1.427    bd_0_i/hls_inst/inst/grp_FIR_filter_fu_827/data_p2_reg[7]_i_99_n_0
    SLICE_X12Y161        CARRY8 (Prop_CARRY8_SLICEM_CI_O[1])
                                                      0.106     1.533 r  bd_0_i/hls_inst/inst/grp_FIR_filter_fu_827/data_p2_reg[15]_i_162/O[1]
                         net (fo=2, routed)           0.439     1.972    bd_0_i/hls_inst/inst/grp_FIR_filter_fu_827/sext_ln31_628_fu_9894_p1[9]
    SLICE_X9Y161         LUT2 (Prop_B6LUT_SLICEL_I0_O)
                                                      0.224     2.196 r  bd_0_i/hls_inst/inst/grp_FIR_filter_fu_827/data_p2[15]_i_169/O
                         net (fo=1, routed)           0.013     2.209    bd_0_i/hls_inst/inst/grp_FIR_filter_fu_827/data_p2[15]_i_169_n_0
    SLICE_X9Y161         CARRY8 (Prop_CARRY8_SLICEL_S[1]_O[2])
                                                      0.175     2.384 r  bd_0_i/hls_inst/inst/grp_FIR_filter_fu_827/data_p2_reg[15]_i_97/O[2]
                         net (fo=2, routed)           0.359     2.743    bd_0_i/hls_inst/inst/grp_FIR_filter_fu_827/sext_ln31_700_fu_9907_p1[10]
    SLICE_X6Y161         LUT2 (Prop_C6LUT_SLICEL_I0_O)
                                                      0.150     2.893 r  bd_0_i/hls_inst/inst/grp_FIR_filter_fu_827/data_p2[15]_i_103/O
                         net (fo=1, routed)           0.015     2.908    bd_0_i/hls_inst/inst/grp_FIR_filter_fu_827/data_p2[15]_i_103_n_0
    SLICE_X6Y161         CARRY8 (Prop_CARRY8_SLICEL_S[2]_O[2])
                                                      0.081     2.989 r  bd_0_i/hls_inst/inst/grp_FIR_filter_fu_827/data_p2_reg[15]_i_55/O[2]
                         net (fo=2, routed)           0.614     3.603    bd_0_i/hls_inst/inst/grp_FIR_filter_fu_827/sext_ln31_701_fu_9917_p1[10]
    SLICE_X8Y176         LUT3 (Prop_C6LUT_SLICEM_I2_O)
                                                      0.056     3.659 r  bd_0_i/hls_inst/inst/grp_FIR_filter_fu_827/data_p2[7]_i_49/O
                         net (fo=2, routed)           0.268     3.927    bd_0_i/hls_inst/inst/grp_FIR_filter_fu_827/data_p2[7]_i_49_n_0
    SLICE_X6Y176         LUT4 (Prop_D6LUT_SLICEL_I3_O)
                                                      0.081     4.008 r  bd_0_i/hls_inst/inst/grp_FIR_filter_fu_827/data_p2[7]_i_57/O
                         net (fo=1, routed)           0.013     4.021    bd_0_i/hls_inst/inst/grp_FIR_filter_fu_827/data_p2[7]_i_57_n_0
    SLICE_X6Y176         CARRY8 (Prop_CARRY8_SLICEL_S[3]_CO[7])
                                                      0.220     4.241 r  bd_0_i/hls_inst/inst/grp_FIR_filter_fu_827/data_p2_reg[7]_i_27/CO[7]
                         net (fo=1, routed)           0.030     4.271    bd_0_i/hls_inst/inst/grp_FIR_filter_fu_827/data_p2_reg[7]_i_27_n_0
    SLICE_X6Y177         CARRY8 (Prop_CARRY8_SLICEL_CI_O[2])
                                                      0.093     4.364 r  bd_0_i/hls_inst/inst/grp_FIR_filter_fu_827/data_p2_reg[15]_i_18/O[2]
                         net (fo=2, routed)           0.380     4.744    bd_0_i/hls_inst/inst/grp_FIR_filter_fu_827/data_p2_reg[15]_i_18_n_13
    SLICE_X7Y171         LUT3 (Prop_B6LUT_SLICEM_I2_O)
                                                      0.225     4.969 r  bd_0_i/hls_inst/inst/grp_FIR_filter_fu_827/data_p2[7]_i_7/O
                         net (fo=2, routed)           0.176     5.146    bd_0_i/hls_inst/inst/grp_FIR_filter_fu_827/data_p2[7]_i_7_n_0
    SLICE_X6Y172         LUT4 (Prop_D6LUT_SLICEL_I3_O)
                                                      0.221     5.367 r  bd_0_i/hls_inst/inst/grp_FIR_filter_fu_827/data_p2[7]_i_15/O
                         net (fo=1, routed)           0.013     5.380    bd_0_i/hls_inst/inst/grp_FIR_filter_fu_827/data_p2[7]_i_15_n_0
    SLICE_X6Y172         CARRY8 (Prop_CARRY8_SLICEL_S[3]_CO[7])
                                                      0.220     5.600 r  bd_0_i/hls_inst/inst/grp_FIR_filter_fu_827/data_p2_reg[7]_i_1/CO[7]
                         net (fo=1, routed)           0.030     5.630    bd_0_i/hls_inst/inst/grp_FIR_filter_fu_827/data_p2_reg[7]_i_1_n_0
    SLICE_X6Y173         CARRY8 (Prop_CARRY8_SLICEL_CI_O[5])
                                                      0.169     5.799 r  bd_0_i/hls_inst/inst/grp_FIR_filter_fu_827/data_p2_reg[15]_i_2/O[5]
                         net (fo=2, routed)           0.144     5.943    bd_0_i/hls_inst/inst/regslice_both_output_r_U/data_p2_reg[15]_0[13]
    SLICE_X5Y173         LUT4 (Prop_B6LUT_SLICEM_I1_O)
                                                      0.057     6.000 r  bd_0_i/hls_inst/inst/regslice_both_output_r_U/data_p1[13]_i_1/O
                         net (fo=1, routed)           0.081     6.081    bd_0_i/hls_inst/inst/regslice_both_output_r_U/data_p1[13]_i_1_n_0
    SLICE_X5Y173         FDRE                                         r  bd_0_i/hls_inst/inst/regslice_both_output_r_U/data_p1_reg[13]/D
  -------------------------------------------------------------------    -------------------

                         (clock ap_clk rise edge)    10.000    10.000 r  
                                                      0.000    10.000 r  ap_clk (IN)
                         net (fo=9068, unset)         0.030    10.030    bd_0_i/hls_inst/inst/regslice_both_output_r_U/ap_clk
    SLICE_X5Y173         FDRE                                         r  bd_0_i/hls_inst/inst/regslice_both_output_r_U/data_p1_reg[13]/C
                         clock pessimism              0.000    10.030    
                         clock uncertainty           -0.035     9.995    
    SLICE_X5Y173         FDRE (Setup_BFF_SLICEM_C_D)
                                                      0.043    10.038    bd_0_i/hls_inst/inst/regslice_both_output_r_U/data_p1_reg[13]
  -------------------------------------------------------------------
                         required time                         10.038    
                         arrival time                          -6.081    
  -------------------------------------------------------------------
                         slack                                  3.957    

Slack (MET) :             3.968ns  (required time - arrival time)
  Source:                 bd_0_i/hls_inst/inst/grp_FIR_filter_fu_827/add_ln31_241_reg_11672_reg[4]/C
                            (rising edge-triggered cell FDRE clocked by ap_clk  {rise@0.000ns fall@5.000ns period=10.000ns})
  Destination:            bd_0_i/hls_inst/inst/regslice_both_output_r_U/data_p1_reg[3]/D
                            (rising edge-triggered cell FDRE clocked by ap_clk  {rise@0.000ns fall@5.000ns period=10.000ns})
  Path Group:             ap_clk
  Path Type:              Setup (Max at Slow Process Corner)
  Requirement:            10.000ns  (ap_clk rise@10.000ns - ap_clk rise@0.000ns)
  Data Path Delay:        6.029ns  (logic 2.644ns (43.856%)  route 3.385ns (56.144%))
  Logic Levels:           15  (CARRY8=7 LUT2=3 LUT3=2 LUT4=3)
  Clock Path Skew:        -0.012ns (DCD - SCD + CPR)
    Destination Clock Delay (DCD):    0.031ns = ( 10.031 - 10.000 ) 
    Source Clock Delay      (SCD):    0.043ns
    Clock Pessimism Removal (CPR):    0.000ns
  Clock Uncertainty:      0.035ns  ((TSJ^2 + TIJ^2)^1/2 + DJ) / 2 + PE
    Total System Jitter     (TSJ):    0.071ns
    Total Input Jitter      (TIJ):    0.000ns
    Discrete Jitter          (DJ):    0.000ns
    Phase Error              (PE):    0.000ns

    Location             Delay type                Incr(ns)  Path(ns)    Netlist Resource(s)
  -------------------------------------------------------------------    -------------------
                         (clock ap_clk rise edge)     0.000     0.000 r  
                                                      0.000     0.000 r  ap_clk (IN)
                         net (fo=9068, unset)         0.043     0.043    bd_0_i/hls_inst/inst/grp_FIR_filter_fu_827/ap_clk
    SLICE_X12Y195        FDRE                                         r  bd_0_i/hls_inst/inst/grp_FIR_filter_fu_827/add_ln31_241_reg_11672_reg[4]/C
  -------------------------------------------------------------------    -------------------
    SLICE_X12Y195        FDRE (Prop_EFF_SLICEM_C_Q)
                                                      0.113     0.156 r  bd_0_i/hls_inst/inst/grp_FIR_filter_fu_827/add_ln31_241_reg_11672_reg[4]/Q
                         net (fo=1, routed)           0.800     0.956    bd_0_i/hls_inst/inst/grp_FIR_filter_fu_827/add_ln31_241_reg_11672[4]
    SLICE_X12Y160        LUT2 (Prop_E6LUT_SLICEM_I1_O)
                                                      0.187     1.143 r  bd_0_i/hls_inst/inst/grp_FIR_filter_fu_827/data_p2[7]_i_126/O
                         net (fo=1, routed)           0.018     1.161    bd_0_i/hls_inst/inst/grp_FIR_filter_fu_827/data_p2[7]_i_126_n_0
    SLICE_X12Y160        CARRY8 (Prop_CARRY8_SLICEM_S[4]_CO[7])
                                                      0.236     1.397 r  bd_0_i/hls_inst/inst/grp_FIR_filter_fu_827/data_p2_reg[7]_i_99/CO[7]
                         net (fo=1, routed)           0.030     1.427    bd_0_i/hls_inst/inst/grp_FIR_filter_fu_827/data_p2_reg[7]_i_99_n_0
    SLICE_X12Y161        CARRY8 (Prop_CARRY8_SLICEM_CI_O[1])
                                                      0.106     1.533 r  bd_0_i/hls_inst/inst/grp_FIR_filter_fu_827/data_p2_reg[15]_i_162/O[1]
                         net (fo=2, routed)           0.439     1.972    bd_0_i/hls_inst/inst/grp_FIR_filter_fu_827/sext_ln31_628_fu_9894_p1[9]
    SLICE_X9Y161         LUT2 (Prop_B6LUT_SLICEL_I0_O)
                                                      0.224     2.196 r  bd_0_i/hls_inst/inst/grp_FIR_filter_fu_827/data_p2[15]_i_169/O
                         net (fo=1, routed)           0.013     2.209    bd_0_i/hls_inst/inst/grp_FIR_filter_fu_827/data_p2[15]_i_169_n_0
    SLICE_X9Y161         CARRY8 (Prop_CARRY8_SLICEL_S[1]_O[2])
                                                      0.175     2.384 r  bd_0_i/hls_inst/inst/grp_FIR_filter_fu_827/data_p2_reg[15]_i_97/O[2]
                         net (fo=2, routed)           0.359     2.743    bd_0_i/hls_inst/inst/grp_FIR_filter_fu_827/sext_ln31_700_fu_9907_p1[10]
    SLICE_X6Y161         LUT2 (Prop_C6LUT_SLICEL_I0_O)
                                                      0.150     2.893 r  bd_0_i/hls_inst/inst/grp_FIR_filter_fu_827/data_p2[15]_i_103/O
                         net (fo=1, routed)           0.015     2.908    bd_0_i/hls_inst/inst/grp_FIR_filter_fu_827/data_p2[15]_i_103_n_0
    SLICE_X6Y161         CARRY8 (Prop_CARRY8_SLICEL_S[2]_O[2])
                                                      0.081     2.989 r  bd_0_i/hls_inst/inst/grp_FIR_filter_fu_827/data_p2_reg[15]_i_55/O[2]
                         net (fo=2, routed)           0.614     3.603    bd_0_i/hls_inst/inst/grp_FIR_filter_fu_827/sext_ln31_701_fu_9917_p1[10]
    SLICE_X8Y176         LUT3 (Prop_C6LUT_SLICEM_I2_O)
                                                      0.056     3.659 r  bd_0_i/hls_inst/inst/grp_FIR_filter_fu_827/data_p2[7]_i_49/O
                         net (fo=2, routed)           0.268     3.927    bd_0_i/hls_inst/inst/grp_FIR_filter_fu_827/data_p2[7]_i_49_n_0
    SLICE_X6Y176         LUT4 (Prop_D6LUT_SLICEL_I3_O)
                                                      0.081     4.008 r  bd_0_i/hls_inst/inst/grp_FIR_filter_fu_827/data_p2[7]_i_57/O
                         net (fo=1, routed)           0.013     4.021    bd_0_i/hls_inst/inst/grp_FIR_filter_fu_827/data_p2[7]_i_57_n_0
    SLICE_X6Y176         CARRY8 (Prop_CARRY8_SLICEL_S[3]_O[5])
                                                      0.258     4.279 r  bd_0_i/hls_inst/inst/grp_FIR_filter_fu_827/data_p2_reg[7]_i_27/O[5]
                         net (fo=2, routed)           0.259     4.538    bd_0_i/hls_inst/inst/grp_FIR_filter_fu_827/data_p2_reg[7]_i_27_n_10
    SLICE_X6Y171         LUT3 (Prop_F5LUT_SLICEL_I2_O)
                                                      0.230     4.768 r  bd_0_i/hls_inst/inst/grp_FIR_filter_fu_827/data_p2[7]_i_21/O
                         net (fo=2, routed)           0.265     5.034    bd_0_i/hls_inst/inst/grp_FIR_filter_fu_827/data_p2[7]_i_21_n_0
    SLICE_X6Y171         LUT4 (Prop_G6LUT_SLICEL_I3_O)
                                                      0.226     5.260 r  bd_0_i/hls_inst/inst/grp_FIR_filter_fu_827/data_p2[7]_i_29/O
                         net (fo=1, routed)           0.012     5.272    bd_0_i/hls_inst/inst/grp_FIR_filter_fu_827/data_p2[7]_i_29_n_0
    SLICE_X6Y171         CARRY8 (Prop_CARRY8_SLICEL_S[6]_CO[7])
                                                      0.171     5.443 r  bd_0_i/hls_inst/inst/grp_FIR_filter_fu_827/data_p2_reg[7]_i_2/CO[7]
                         net (fo=1, routed)           0.030     5.473    bd_0_i/hls_inst/inst/grp_FIR_filter_fu_827/data_p2_reg[7]_i_2_n_0
    SLICE_X6Y172         CARRY8 (Prop_CARRY8_SLICEL_CI_O[3])
                                                      0.122     5.595 r  bd_0_i/hls_inst/inst/grp_FIR_filter_fu_827/data_p2_reg[7]_i_1/O[3]
                         net (fo=2, routed)           0.169     5.764    bd_0_i/hls_inst/inst/regslice_both_output_r_U/data_p2_reg[15]_0[3]
    SLICE_X5Y172         LUT4 (Prop_H6LUT_SLICEM_I1_O)
                                                      0.228     5.992 r  bd_0_i/hls_inst/inst/regslice_both_output_r_U/data_p1[3]_i_1/O
                         net (fo=1, routed)           0.080     6.072    bd_0_i/hls_inst/inst/regslice_both_output_r_U/data_p1[3]_i_1_n_0
    SLICE_X5Y172         FDRE                                         r  bd_0_i/hls_inst/inst/regslice_both_output_r_U/data_p1_reg[3]/D
  -------------------------------------------------------------------    -------------------

                         (clock ap_clk rise edge)    10.000    10.000 r  
                                                      0.000    10.000 r  ap_clk (IN)
                         net (fo=9068, unset)         0.031    10.031    bd_0_i/hls_inst/inst/regslice_both_output_r_U/ap_clk
    SLICE_X5Y172         FDRE                                         r  bd_0_i/hls_inst/inst/regslice_both_output_r_U/data_p1_reg[3]/C
                         clock pessimism              0.000    10.031    
                         clock uncertainty           -0.035     9.996    
    SLICE_X5Y172         FDRE (Setup_HFF_SLICEM_C_D)
                                                      0.044    10.040    bd_0_i/hls_inst/inst/regslice_both_output_r_U/data_p1_reg[3]
  -------------------------------------------------------------------
                         required time                         10.040    
                         arrival time                          -6.072    
  -------------------------------------------------------------------
                         slack                                  3.968    

Slack (MET) :             3.997ns  (required time - arrival time)
  Source:                 bd_0_i/hls_inst/inst/grp_FIR_filter_fu_827/add_ln31_241_reg_11672_reg[4]/C
                            (rising edge-triggered cell FDRE clocked by ap_clk  {rise@0.000ns fall@5.000ns period=10.000ns})
  Destination:            bd_0_i/hls_inst/inst/regslice_both_output_r_U/data_p1_reg[11]/D
                            (rising edge-triggered cell FDRE clocked by ap_clk  {rise@0.000ns fall@5.000ns period=10.000ns})
  Path Group:             ap_clk
  Path Type:              Setup (Max at Slow Process Corner)
  Requirement:            10.000ns  (ap_clk rise@10.000ns - ap_clk rise@0.000ns)
  Data Path Delay:        5.998ns  (logic 2.566ns (42.783%)  route 3.432ns (57.217%))
  Logic Levels:           16  (CARRY8=8 LUT2=3 LUT3=2 LUT4=3)
  Clock Path Skew:        -0.013ns (DCD - SCD + CPR)
    Destination Clock Delay (DCD):    0.030ns = ( 10.030 - 10.000 ) 
    Source Clock Delay      (SCD):    0.043ns
    Clock Pessimism Removal (CPR):    0.000ns
  Clock Uncertainty:      0.035ns  ((TSJ^2 + TIJ^2)^1/2 + DJ) / 2 + PE
    Total System Jitter     (TSJ):    0.071ns
    Total Input Jitter      (TIJ):    0.000ns
    Discrete Jitter          (DJ):    0.000ns
    Phase Error              (PE):    0.000ns

    Location             Delay type                Incr(ns)  Path(ns)    Netlist Resource(s)
  -------------------------------------------------------------------    -------------------
                         (clock ap_clk rise edge)     0.000     0.000 r  
                                                      0.000     0.000 r  ap_clk (IN)
                         net (fo=9068, unset)         0.043     0.043    bd_0_i/hls_inst/inst/grp_FIR_filter_fu_827/ap_clk
    SLICE_X12Y195        FDRE                                         r  bd_0_i/hls_inst/inst/grp_FIR_filter_fu_827/add_ln31_241_reg_11672_reg[4]/C
  -------------------------------------------------------------------    -------------------
    SLICE_X12Y195        FDRE (Prop_EFF_SLICEM_C_Q)
                                                      0.113     0.156 r  bd_0_i/hls_inst/inst/grp_FIR_filter_fu_827/add_ln31_241_reg_11672_reg[4]/Q
                         net (fo=1, routed)           0.800     0.956    bd_0_i/hls_inst/inst/grp_FIR_filter_fu_827/add_ln31_241_reg_11672[4]
    SLICE_X12Y160        LUT2 (Prop_E6LUT_SLICEM_I1_O)
                                                      0.187     1.143 r  bd_0_i/hls_inst/inst/grp_FIR_filter_fu_827/data_p2[7]_i_126/O
                         net (fo=1, routed)           0.018     1.161    bd_0_i/hls_inst/inst/grp_FIR_filter_fu_827/data_p2[7]_i_126_n_0
    SLICE_X12Y160        CARRY8 (Prop_CARRY8_SLICEM_S[4]_CO[7])
                                                      0.236     1.397 r  bd_0_i/hls_inst/inst/grp_FIR_filter_fu_827/data_p2_reg[7]_i_99/CO[7]
                         net (fo=1, routed)           0.030     1.427    bd_0_i/hls_inst/inst/grp_FIR_filter_fu_827/data_p2_reg[7]_i_99_n_0
    SLICE_X12Y161        CARRY8 (Prop_CARRY8_SLICEM_CI_O[1])
                                                      0.106     1.533 r  bd_0_i/hls_inst/inst/grp_FIR_filter_fu_827/data_p2_reg[15]_i_162/O[1]
                         net (fo=2, routed)           0.439     1.972    bd_0_i/hls_inst/inst/grp_FIR_filter_fu_827/sext_ln31_628_fu_9894_p1[9]
    SLICE_X9Y161         LUT2 (Prop_B6LUT_SLICEL_I0_O)
                                                      0.224     2.196 r  bd_0_i/hls_inst/inst/grp_FIR_filter_fu_827/data_p2[15]_i_169/O
                         net (fo=1, routed)           0.013     2.209    bd_0_i/hls_inst/inst/grp_FIR_filter_fu_827/data_p2[15]_i_169_n_0
    SLICE_X9Y161         CARRY8 (Prop_CARRY8_SLICEL_S[1]_O[2])
                                                      0.175     2.384 r  bd_0_i/hls_inst/inst/grp_FIR_filter_fu_827/data_p2_reg[15]_i_97/O[2]
                         net (fo=2, routed)           0.359     2.743    bd_0_i/hls_inst/inst/grp_FIR_filter_fu_827/sext_ln31_700_fu_9907_p1[10]
    SLICE_X6Y161         LUT2 (Prop_C6LUT_SLICEL_I0_O)
                                                      0.150     2.893 r  bd_0_i/hls_inst/inst/grp_FIR_filter_fu_827/data_p2[15]_i_103/O
                         net (fo=1, routed)           0.015     2.908    bd_0_i/hls_inst/inst/grp_FIR_filter_fu_827/data_p2[15]_i_103_n_0
    SLICE_X6Y161         CARRY8 (Prop_CARRY8_SLICEL_S[2]_O[2])
                                                      0.081     2.989 r  bd_0_i/hls_inst/inst/grp_FIR_filter_fu_827/data_p2_reg[15]_i_55/O[2]
                         net (fo=2, routed)           0.614     3.603    bd_0_i/hls_inst/inst/grp_FIR_filter_fu_827/sext_ln31_701_fu_9917_p1[10]
    SLICE_X8Y176         LUT3 (Prop_C6LUT_SLICEM_I2_O)
                                                      0.056     3.659 r  bd_0_i/hls_inst/inst/grp_FIR_filter_fu_827/data_p2[7]_i_49/O
                         net (fo=2, routed)           0.268     3.927    bd_0_i/hls_inst/inst/grp_FIR_filter_fu_827/data_p2[7]_i_49_n_0
    SLICE_X6Y176         LUT4 (Prop_D6LUT_SLICEL_I3_O)
                                                      0.081     4.008 r  bd_0_i/hls_inst/inst/grp_FIR_filter_fu_827/data_p2[7]_i_57/O
                         net (fo=1, routed)           0.013     4.021    bd_0_i/hls_inst/inst/grp_FIR_filter_fu_827/data_p2[7]_i_57_n_0
    SLICE_X6Y176         CARRY8 (Prop_CARRY8_SLICEL_S[3]_CO[7])
                                                      0.220     4.241 r  bd_0_i/hls_inst/inst/grp_FIR_filter_fu_827/data_p2_reg[7]_i_27/CO[7]
                         net (fo=1, routed)           0.030     4.271    bd_0_i/hls_inst/inst/grp_FIR_filter_fu_827/data_p2_reg[7]_i_27_n_0
    SLICE_X6Y177         CARRY8 (Prop_CARRY8_SLICEL_CI_O[2])
                                                      0.093     4.364 r  bd_0_i/hls_inst/inst/grp_FIR_filter_fu_827/data_p2_reg[15]_i_18/O[2]
                         net (fo=2, routed)           0.380     4.744    bd_0_i/hls_inst/inst/grp_FIR_filter_fu_827/data_p2_reg[15]_i_18_n_13
    SLICE_X7Y171         LUT3 (Prop_B6LUT_SLICEM_I2_O)
                                                      0.225     4.969 r  bd_0_i/hls_inst/inst/grp_FIR_filter_fu_827/data_p2[7]_i_7/O
                         net (fo=2, routed)           0.176     5.146    bd_0_i/hls_inst/inst/grp_FIR_filter_fu_827/data_p2[7]_i_7_n_0
    SLICE_X6Y172         LUT4 (Prop_D6LUT_SLICEL_I3_O)
                                                      0.221     5.367 r  bd_0_i/hls_inst/inst/grp_FIR_filter_fu_827/data_p2[7]_i_15/O
                         net (fo=1, routed)           0.013     5.380    bd_0_i/hls_inst/inst/grp_FIR_filter_fu_827/data_p2[7]_i_15_n_0
    SLICE_X6Y172         CARRY8 (Prop_CARRY8_SLICEL_S[3]_CO[7])
                                                      0.220     5.600 r  bd_0_i/hls_inst/inst/grp_FIR_filter_fu_827/data_p2_reg[7]_i_1/CO[7]
                         net (fo=1, routed)           0.030     5.630    bd_0_i/hls_inst/inst/grp_FIR_filter_fu_827/data_p2_reg[7]_i_1_n_0
    SLICE_X6Y173         CARRY8 (Prop_CARRY8_SLICEL_CI_O[3])
                                                      0.122     5.752 r  bd_0_i/hls_inst/inst/grp_FIR_filter_fu_827/data_p2_reg[15]_i_2/O[3]
                         net (fo=2, routed)           0.137     5.889    bd_0_i/hls_inst/inst/regslice_both_output_r_U/data_p2_reg[15]_0[11]
    SLICE_X5Y173         LUT4 (Prop_D6LUT_SLICEM_I1_O)
                                                      0.056     5.945 r  bd_0_i/hls_inst/inst/regslice_both_output_r_U/data_p1[11]_i_1/O
                         net (fo=1, routed)           0.096     6.041    bd_0_i/hls_inst/inst/regslice_both_output_r_U/data_p1[11]_i_1_n_0
    SLICE_X5Y173         FDRE                                         r  bd_0_i/hls_inst/inst/regslice_both_output_r_U/data_p1_reg[11]/D
  -------------------------------------------------------------------    -------------------

                         (clock ap_clk rise edge)    10.000    10.000 r  
                                                      0.000    10.000 r  ap_clk (IN)
                         net (fo=9068, unset)         0.030    10.030    bd_0_i/hls_inst/inst/regslice_both_output_r_U/ap_clk
    SLICE_X5Y173         FDRE                                         r  bd_0_i/hls_inst/inst/regslice_both_output_r_U/data_p1_reg[11]/C
                         clock pessimism              0.000    10.030    
                         clock uncertainty           -0.035     9.995    
    SLICE_X5Y173         FDRE (Setup_DFF_SLICEM_C_D)
                                                      0.043    10.038    bd_0_i/hls_inst/inst/regslice_both_output_r_U/data_p1_reg[11]
  -------------------------------------------------------------------
                         required time                         10.038    
                         arrival time                          -6.041    
  -------------------------------------------------------------------
                         slack                                  3.997    

Slack (MET) :             3.997ns  (required time - arrival time)
  Source:                 bd_0_i/hls_inst/inst/grp_FIR_filter_fu_827/add_ln31_241_reg_11672_reg[4]/C
                            (rising edge-triggered cell FDRE clocked by ap_clk  {rise@0.000ns fall@5.000ns period=10.000ns})
  Destination:            bd_0_i/hls_inst/inst/regslice_both_output_r_U/data_p1_reg[9]/D
                            (rising edge-triggered cell FDRE clocked by ap_clk  {rise@0.000ns fall@5.000ns period=10.000ns})
  Path Group:             ap_clk
  Path Type:              Setup (Max at Slow Process Corner)
  Requirement:            10.000ns  (ap_clk rise@10.000ns - ap_clk rise@0.000ns)
  Data Path Delay:        5.998ns  (logic 2.583ns (43.067%)  route 3.415ns (56.933%))
  Logic Levels:           16  (CARRY8=8 LUT2=3 LUT3=2 LUT4=3)
  Clock Path Skew:        -0.014ns (DCD - SCD + CPR)
    Destination Clock Delay (DCD):    0.029ns = ( 10.029 - 10.000 ) 
    Source Clock Delay      (SCD):    0.043ns
    Clock Pessimism Removal (CPR):    0.000ns
  Clock Uncertainty:      0.035ns  ((TSJ^2 + TIJ^2)^1/2 + DJ) / 2 + PE
    Total System Jitter     (TSJ):    0.071ns
    Total Input Jitter      (TIJ):    0.000ns
    Discrete Jitter          (DJ):    0.000ns
    Phase Error              (PE):    0.000ns

    Location             Delay type                Incr(ns)  Path(ns)    Netlist Resource(s)
  -------------------------------------------------------------------    -------------------
                         (clock ap_clk rise edge)     0.000     0.000 r  
                                                      0.000     0.000 r  ap_clk (IN)
                         net (fo=9068, unset)         0.043     0.043    bd_0_i/hls_inst/inst/grp_FIR_filter_fu_827/ap_clk
    SLICE_X12Y195        FDRE                                         r  bd_0_i/hls_inst/inst/grp_FIR_filter_fu_827/add_ln31_241_reg_11672_reg[4]/C
  -------------------------------------------------------------------    -------------------
    SLICE_X12Y195        FDRE (Prop_EFF_SLICEM_C_Q)
                                                      0.113     0.156 r  bd_0_i/hls_inst/inst/grp_FIR_filter_fu_827/add_ln31_241_reg_11672_reg[4]/Q
                         net (fo=1, routed)           0.800     0.956    bd_0_i/hls_inst/inst/grp_FIR_filter_fu_827/add_ln31_241_reg_11672[4]
    SLICE_X12Y160        LUT2 (Prop_E6LUT_SLICEM_I1_O)
                                                      0.187     1.143 r  bd_0_i/hls_inst/inst/grp_FIR_filter_fu_827/data_p2[7]_i_126/O
                         net (fo=1, routed)           0.018     1.161    bd_0_i/hls_inst/inst/grp_FIR_filter_fu_827/data_p2[7]_i_126_n_0
    SLICE_X12Y160        CARRY8 (Prop_CARRY8_SLICEM_S[4]_CO[7])
                                                      0.236     1.397 r  bd_0_i/hls_inst/inst/grp_FIR_filter_fu_827/data_p2_reg[7]_i_99/CO[7]
                         net (fo=1, routed)           0.030     1.427    bd_0_i/hls_inst/inst/grp_FIR_filter_fu_827/data_p2_reg[7]_i_99_n_0
    SLICE_X12Y161        CARRY8 (Prop_CARRY8_SLICEM_CI_O[1])
                                                      0.106     1.533 r  bd_0_i/hls_inst/inst/grp_FIR_filter_fu_827/data_p2_reg[15]_i_162/O[1]
                         net (fo=2, routed)           0.439     1.972    bd_0_i/hls_inst/inst/grp_FIR_filter_fu_827/sext_ln31_628_fu_9894_p1[9]
    SLICE_X9Y161         LUT2 (Prop_B6LUT_SLICEL_I0_O)
                                                      0.224     2.196 r  bd_0_i/hls_inst/inst/grp_FIR_filter_fu_827/data_p2[15]_i_169/O
                         net (fo=1, routed)           0.013     2.209    bd_0_i/hls_inst/inst/grp_FIR_filter_fu_827/data_p2[15]_i_169_n_0
    SLICE_X9Y161         CARRY8 (Prop_CARRY8_SLICEL_S[1]_O[2])
                                                      0.175     2.384 r  bd_0_i/hls_inst/inst/grp_FIR_filter_fu_827/data_p2_reg[15]_i_97/O[2]
                         net (fo=2, routed)           0.359     2.743    bd_0_i/hls_inst/inst/grp_FIR_filter_fu_827/sext_ln31_700_fu_9907_p1[10]
    SLICE_X6Y161         LUT2 (Prop_C6LUT_SLICEL_I0_O)
                                                      0.150     2.893 r  bd_0_i/hls_inst/inst/grp_FIR_filter_fu_827/data_p2[15]_i_103/O
                         net (fo=1, routed)           0.015     2.908    bd_0_i/hls_inst/inst/grp_FIR_filter_fu_827/data_p2[15]_i_103_n_0
    SLICE_X6Y161         CARRY8 (Prop_CARRY8_SLICEL_S[2]_O[2])
                                                      0.081     2.989 r  bd_0_i/hls_inst/inst/grp_FIR_filter_fu_827/data_p2_reg[15]_i_55/O[2]
                         net (fo=2, routed)           0.614     3.603    bd_0_i/hls_inst/inst/grp_FIR_filter_fu_827/sext_ln31_701_fu_9917_p1[10]
    SLICE_X8Y176         LUT3 (Prop_C6LUT_SLICEM_I2_O)
                                                      0.056     3.659 r  bd_0_i/hls_inst/inst/grp_FIR_filter_fu_827/data_p2[7]_i_49/O
                         net (fo=2, routed)           0.268     3.927    bd_0_i/hls_inst/inst/grp_FIR_filter_fu_827/data_p2[7]_i_49_n_0
    SLICE_X6Y176         LUT4 (Prop_D6LUT_SLICEL_I3_O)
                                                      0.081     4.008 r  bd_0_i/hls_inst/inst/grp_FIR_filter_fu_827/data_p2[7]_i_57/O
                         net (fo=1, routed)           0.013     4.021    bd_0_i/hls_inst/inst/grp_FIR_filter_fu_827/data_p2[7]_i_57_n_0
    SLICE_X6Y176         CARRY8 (Prop_CARRY8_SLICEL_S[3]_CO[7])
                                                      0.220     4.241 r  bd_0_i/hls_inst/inst/grp_FIR_filter_fu_827/data_p2_reg[7]_i_27/CO[7]
                         net (fo=1, routed)           0.030     4.271    bd_0_i/hls_inst/inst/grp_FIR_filter_fu_827/data_p2_reg[7]_i_27_n_0
    SLICE_X6Y177         CARRY8 (Prop_CARRY8_SLICEL_CI_O[2])
                                                      0.093     4.364 r  bd_0_i/hls_inst/inst/grp_FIR_filter_fu_827/data_p2_reg[15]_i_18/O[2]
                         net (fo=2, routed)           0.380     4.744    bd_0_i/hls_inst/inst/grp_FIR_filter_fu_827/data_p2_reg[15]_i_18_n_13
    SLICE_X7Y171         LUT3 (Prop_B6LUT_SLICEM_I2_O)
                                                      0.225     4.969 r  bd_0_i/hls_inst/inst/grp_FIR_filter_fu_827/data_p2[7]_i_7/O
                         net (fo=2, routed)           0.176     5.146    bd_0_i/hls_inst/inst/grp_FIR_filter_fu_827/data_p2[7]_i_7_n_0
    SLICE_X6Y172         LUT4 (Prop_D6LUT_SLICEL_I3_O)
                                                      0.221     5.367 r  bd_0_i/hls_inst/inst/grp_FIR_filter_fu_827/data_p2[7]_i_15/O
                         net (fo=1, routed)           0.013     5.380    bd_0_i/hls_inst/inst/grp_FIR_filter_fu_827/data_p2[7]_i_15_n_0
    SLICE_X6Y172         CARRY8 (Prop_CARRY8_SLICEL_S[3]_CO[7])
                                                      0.220     5.600 r  bd_0_i/hls_inst/inst/grp_FIR_filter_fu_827/data_p2_reg[7]_i_1/CO[7]
                         net (fo=1, routed)           0.030     5.630    bd_0_i/hls_inst/inst/grp_FIR_filter_fu_827/data_p2_reg[7]_i_1_n_0
    SLICE_X6Y173         CARRY8 (Prop_CARRY8_SLICEL_CI_O[1])
                                                      0.114     5.744 r  bd_0_i/hls_inst/inst/grp_FIR_filter_fu_827/data_p2_reg[15]_i_2/O[1]
                         net (fo=2, routed)           0.147     5.891    bd_0_i/hls_inst/inst/regslice_both_output_r_U/data_p2_reg[15]_0[9]
    SLICE_X6Y174         LUT4 (Prop_C6LUT_SLICEL_I1_O)
                                                      0.081     5.972 r  bd_0_i/hls_inst/inst/regslice_both_output_r_U/data_p1[9]_i_1/O
                         net (fo=1, routed)           0.069     6.041    bd_0_i/hls_inst/inst/regslice_both_output_r_U/data_p1[9]_i_1_n_0
    SLICE_X6Y174         FDRE                                         r  bd_0_i/hls_inst/inst/regslice_both_output_r_U/data_p1_reg[9]/D
  -------------------------------------------------------------------    -------------------

                         (clock ap_clk rise edge)    10.000    10.000 r  
                                                      0.000    10.000 r  ap_clk (IN)
                         net (fo=9068, unset)         0.029    10.029    bd_0_i/hls_inst/inst/regslice_both_output_r_U/ap_clk
    SLICE_X6Y174         FDRE                                         r  bd_0_i/hls_inst/inst/regslice_both_output_r_U/data_p1_reg[9]/C
                         clock pessimism              0.000    10.029    
                         clock uncertainty           -0.035     9.994    
    SLICE_X6Y174         FDRE (Setup_CFF_SLICEL_C_D)
                                                      0.044    10.038    bd_0_i/hls_inst/inst/regslice_both_output_r_U/data_p1_reg[9]
  -------------------------------------------------------------------
                         required time                         10.038    
                         arrival time                          -6.041    
  -------------------------------------------------------------------
                         slack                                  3.997    




