

================================================================
== Synthesis Summary Report of 'FIR_HLS'
================================================================
+ General Information: 
    * Date:           Mon Nov 10 23:02:13 2025
    * Version:        2024.2 (Build 5238294 on Nov  8 2024)
    * Project:        Transposed_FIR_HLS
    * Solution:       hls (Vivado IP Flow Target)
    * Product family: zynquplus
    * Target device:  xck26-sfvc784-2LV-c
    

+ Performance & Resource Estimates: 
    
    PS: '+' for module; 'o' for loop; '*' for dataflow
    +-------------------------------------+------+------+---------+-----------+----------+---------+------+----------+---------+---------+----------+-----------+-----+
    |               Modules               | Issue|      | Latency |  Latency  | Iteration|         | Trip |          |         |         |          |           |     |
    |               & Loops               | Type | Slack| (cycles)|    (ns)   |  Latency | Interval| Count| Pipelined|  BRAM   |   DSP   |    FF    |    LUT    | URAM|
    +-------------------------------------+------+------+---------+-----------+----------+---------+------+----------+---------+---------+----------+-----------+-----+
    |+ FIR_HLS                            |     -|  1.43|      396|  3.960e+03|         -|      397|     -|        no|   3 (1%)|  2 (~0%)|  73 (~0%)|  236 (~0%)|    -|
    | + FIR_HLS_Pipeline_VITIS_LOOP_20_1  |     -|  1.43|      393|  3.930e+03|         -|      393|     -|        no|  1 (~0%)|  1 (~0%)|  52 (~0%)|  130 (~0%)|    -|
    |  o VITIS_LOOP_20_1                  |     -|  7.30|      391|  3.910e+03|         2|        1|   391|       yes|        -|        -|         -|          -|    -|
    +-------------------------------------+------+------+---------+-----------+----------+---------+------+----------+---------+---------+----------+-----------+-----+


================================================================
== HW Interfaces
================================================================
* AXIS
+-----------+-----------+---------------+-------+--------+--------+
| Interface | Direction | Register Mode | TDATA | TREADY | TVALID |
+-----------+-----------+---------------+-------+--------+--------+
| input_r   | in        | both          | 16    | 1      | 1      |
| output_r  | out       | both          | 16    | 1      | 1      |
+-----------+-----------+---------------+-------+--------+--------+

* TOP LEVEL CONTROL
+-----------+--------------+----------+
| Interface | Type         | Ports    |
+-----------+--------------+----------+
| ap_clk    | clock        | ap_clk   |
| ap_rst_n  | reset        | ap_rst_n |
| ap_ctrl   | ap_ctrl_none |          |
+-----------+--------------+----------+


================================================================
== SW I/O Information
================================================================
* Top Function Arguments
+----------+-----------+-------------------------------------------------+
| Argument | Direction | Datatype                                        |
+----------+-----------+-------------------------------------------------+
| input    | in        | stream<ap_fixed<16, 1, AP_TRN, AP_WRAP, 0>, 0>& |
| output   | out       | stream<ap_fixed<16, 1, AP_TRN, AP_WRAP, 0>, 0>& |
+----------+-----------+-------------------------------------------------+

* SW-to-HW Mapping
+----------+--------------+-----------+
| Argument | HW Interface | HW Type   |
+----------+--------------+-----------+
| input    | input_r      | interface |
| output   | output_r     | interface |
+----------+--------------+-----------+


================================================================
== Bind Op Report
================================================================
+-------------------------------------+-----+--------+------------+-------+--------+---------+
| Name                                | DSP | Pragma | Variable   | Op    | Impl   | Latency |
+-------------------------------------+-----+--------+------------+-------+--------+---------+
| + FIR_HLS                           | 2   |        |            |       |        |         |
|   mul_16s_10s_25_1_1_U6             | 1   |        | mul_ln18   | mul   | auto   | 0       |
|   add_ln18_fu_87_p2                 |     |        | add_ln18   | add   | fabric | 0       |
|  + FIR_HLS_Pipeline_VITIS_LOOP_20_1 | 1   |        |            |       |        |         |
|    mul_16s_14s_30_1_1_U1            | 1   |        | mul_ln21   | mul   | auto   | 0       |
|    add_ln21_fu_142_p2               |     |        | add_ln21   | add   | fabric | 0       |
|    add_ln21_1_fu_149_p2             |     |        | add_ln21_1 | add   | fabric | 0       |
|    i_fu_104_p2                      |     |        | i          | add   | fabric | 0       |
|    icmp_ln20_fu_110_p2              |     |        | icmp_ln20  | seteq | auto   | 0       |
+-------------------------------------+-----+--------+------------+-------+--------+---------+


================================================================
== Storage Report
================================================================
+-------------------------------------+--------+------+------+------+--------+------------+------+---------+------------------+
| Name                                | Usage  | Type | BRAM | URAM | Pragma | Variable   | Impl | Latency | Bitwidth, Depth, |
|                                     |        |      |      |      |        |            |      |         | Banks            |
+-------------------------------------+--------+------+------+------+--------+------------+------+---------+------------------+
| + FIR_HLS                           |        |      | 3    | 0    |        |            |      |         |                  |
|   H_accu_FIR_U                      | ram_2p |      | 2    |      |        | H_accu_FIR | auto | 1       | 32, 392, 1       |
|  + FIR_HLS_Pipeline_VITIS_LOOP_20_1 |        |      | 1    | 0    |        |            |      |         |                  |
|    b_FIR_U                          | rom_1p |      | 1    |      |        | b_FIR      | auto | 1       | 14, 392, 1       |
+-------------------------------------+--------+------+------+------+--------+------------+------+---------+------------------+


================================================================
== Pragma Report
================================================================
* Valid Pragma Syntax
+-----------+-------------------------------+----------------------------------+
| Type      | Options                       | Location                         |
+-----------+-------------------------------+----------------------------------+
| interface | mode=axis port=input          | FIR_HLS.cpp:7 in fir_hls, input  |
| interface | mode=axis port=output         | FIR_HLS.cpp:8 in fir_hls, output |
| interface | mode=ap_ctrl_none port=return | FIR_HLS.cpp:9 in fir_hls, return |
+-----------+-------------------------------+----------------------------------+


