

Implementation tool: Xilinx Vivado v.2024.2
Project:             Transposed_Folded_FIR_HLS
Solution:            hls
Device target:       xck26-sfvc784-2LV-c
Report date:         Wed Nov 12 12:48:54 +0100 2025

#=== Post-Implementation Resource usage ===
SLICE:            0
LUT:           6528
FF:            3854
DSP:            208
BRAM:             0
URAM:             0
LATCH:            0
SRL:             27
CLB:           1016

#=== Final timing ===
CP required:                     10.000
CP achieved post-synthesis:      3.824
CP achieved post-implementation: 6.397
Timing met
