  **** HLS Build v2024.2 5238294
INFO: [HLS 200-2005] Using work_dir C:/HLS-multirate-DSP/HLS_Project/FIR_v2/FIR_v2 
INFO: [HLS 200-1505] Using default flow_target 'vivado'
Resolution: For help on HLS 200-1505 see docs.xilinx.com/access/sources/dita/topic?Doc_Version=2024.2%20English&url=ug1448-hls-guidance&resourceid=200-1505.html
INFO: [HLS 200-1465] Applying ini 'syn.file=FIR_HLS.cpp' from C:/HLS-multirate-DSP/HLS_Project/FIR_v2/hls_config.cfg(7)
INFO: [HLS 200-10] Adding design file 'C:/HLS-multirate-DSP/HLS_Project/FIR_v2/FIR_HLS.cpp' to the project
INFO: [HLS 200-1465] Applying ini 'syn.file=FIR_HLS.h' from C:/HLS-multirate-DSP/HLS_Project/FIR_v2/hls_config.cfg(8)
INFO: [HLS 200-10] Adding design file 'C:/HLS-multirate-DSP/HLS_Project/FIR_v2/FIR_HLS.h' to the project
INFO: [HLS 200-1465] Applying ini 'syn.file=C:/HLS-multirate-DSP/Matlab/FIR_normal_HLS.h' from C:/HLS-multirate-DSP/HLS_Project/FIR_v2/hls_config.cfg(9)
INFO: [HLS 200-10] Adding design file 'C:/HLS-multirate-DSP/Matlab/FIR_normal_HLS.h' to the project
INFO: [HLS 200-1465] Applying ini 'tb.file=FIR_HLS_TB.cpp' from C:/HLS-multirate-DSP/HLS_Project/FIR_v2/hls_config.cfg(10)
INFO: [HLS 200-10] Adding test bench file 'C:/HLS-multirate-DSP/HLS_Project/FIR_v2/FIR_HLS_TB.cpp' to the project
INFO: [HLS 200-1465] Applying ini 'tb.file=C:/HLS-multirate-DSP/Matlab/TS_HLS_normal.dat' from C:/HLS-multirate-DSP/HLS_Project/FIR_v2/hls_config.cfg(11)
INFO: [HLS 200-10] Adding test bench file 'C:/HLS-multirate-DSP/Matlab/TS_HLS_normal.dat' to the project
INFO: [HLS 200-1465] Applying ini 'tb.file=C:/HLS-multirate-DSP/Matlab/TS_HLS_normal.res' from C:/HLS-multirate-DSP/HLS_Project/FIR_v2/hls_config.cfg(12)
INFO: [HLS 200-10] Adding test bench file 'C:/HLS-multirate-DSP/Matlab/TS_HLS_normal.res' to the project
INFO: [HLS 200-1465] Applying ini 'syn.top=FIR_HLS' from C:/HLS-multirate-DSP/HLS_Project/FIR_v2/hls_config.cfg(13)
INFO: [HLS 200-1465] Applying ini 'flow_target=vivado' from C:/HLS-multirate-DSP/HLS_Project/FIR_v2/hls_config.cfg(4)
INFO: [HLS 200-1505] Using flow_target 'vivado'
Resolution: For help on HLS 200-1505 see docs.xilinx.com/access/sources/dita/topic?Doc_Version=2024.2%20English&url=ug1448-hls-guidance&resourceid=200-1505.html
INFO: [HLS 200-1465] Applying ini 'part=xck26-sfvc784-2LV-c' from C:/HLS-multirate-DSP/HLS_Project/FIR_v2/hls_config.cfg(1)
INFO: [HLS 200-1611] Setting target device to 'xck26-sfvc784-2LV-c'
INFO: [HLS 200-1465] Applying ini 'package.output.format=ip_catalog' from C:/HLS-multirate-DSP/HLS_Project/FIR_v2/hls_config.cfg(5)
INFO: [HLS 200-111] Finished File checks and directory preparation: CPU user time: 5 seconds. CPU system time: 2 seconds. Elapsed time: 6.621 seconds; current allocated memory: 273.215 MB.
INFO: [HLS 200-10] Analyzing design file 'FIR_HLS.cpp' ... 
WARNING: [HLS 207-5584] there are more than one pragma inline in the function scope, ignore the pragma  (C:/AMD/Vitis/2024.2/common/technology/autopilot\ap_shift_reg.h:47:9)
INFO: [HLS 200-111] Finished Source Code Analysis and Preprocessing: CPU user time: 0 seconds. CPU system time: 1 seconds. Elapsed time: 9.435 seconds; current allocated memory: 276.070 MB.
INFO: [HLS 200-777] Using interface defaults for 'Vivado' flow target.
INFO: [HLS 200-1995] There were 520 instructions in the design after the 'Compile/Link' phase of compilation. See the Design Size Report for more details: C:/HLS-multirate-DSP/HLS_Project/FIR_v2/FIR_v2/hls/syn/report/csynth_design_size.rpt
INFO: [HLS 200-1995] There were 72 instructions in the design after the 'Unroll/Inline (step 1)' phase of compilation. See the Design Size Report for more details: C:/HLS-multirate-DSP/HLS_Project/FIR_v2/FIR_v2/hls/syn/report/csynth_design_size.rpt
INFO: [HLS 200-1995] There were 32 instructions in the design after the 'Unroll/Inline (step 2)' phase of compilation. See the Design Size Report for more details: C:/HLS-multirate-DSP/HLS_Project/FIR_v2/FIR_v2/hls/syn/report/csynth_design_size.rpt
INFO: [HLS 200-1995] There were 30 instructions in the design after the 'Unroll/Inline (step 3)' phase of compilation. See the Design Size Report for more details: C:/HLS-multirate-DSP/HLS_Project/FIR_v2/FIR_v2/hls/syn/report/csynth_design_size.rpt
INFO: [HLS 200-1995] There were 27 instructions in the design after the 'Unroll/Inline (step 4)' phase of compilation. See the Design Size Report for more details: C:/HLS-multirate-DSP/HLS_Project/FIR_v2/FIR_v2/hls/syn/report/csynth_design_size.rpt
INFO: [HLS 200-1995] There were 27 instructions in the design after the 'Array/Struct (step 1)' phase of compilation. See the Design Size Report for more details: C:/HLS-multirate-DSP/HLS_Project/FIR_v2/FIR_v2/hls/syn/report/csynth_design_size.rpt
INFO: [HLS 200-1995] There were 27 instructions in the design after the 'Array/Struct (step 2)' phase of compilation. See the Design Size Report for more details: C:/HLS-multirate-DSP/HLS_Project/FIR_v2/FIR_v2/hls/syn/report/csynth_design_size.rpt
INFO: [HLS 200-1995] There were 27 instructions in the design after the 'Array/Struct (step 3)' phase of compilation. See the Design Size Report for more details: C:/HLS-multirate-DSP/HLS_Project/FIR_v2/FIR_v2/hls/syn/report/csynth_design_size.rpt
INFO: [HLS 200-1995] There were 27 instructions in the design after the 'Array/Struct (step 4)' phase of compilation. See the Design Size Report for more details: C:/HLS-multirate-DSP/HLS_Project/FIR_v2/FIR_v2/hls/syn/report/csynth_design_size.rpt
INFO: [HLS 200-1995] There were 28 instructions in the design after the 'Array/Struct (step 5)' phase of compilation. See the Design Size Report for more details: C:/HLS-multirate-DSP/HLS_Project/FIR_v2/FIR_v2/hls/syn/report/csynth_design_size.rpt
INFO: [HLS 200-1995] There were 28 instructions in the design after the 'Performance (step 1)' phase of compilation. See the Design Size Report for more details: C:/HLS-multirate-DSP/HLS_Project/FIR_v2/FIR_v2/hls/syn/report/csynth_design_size.rpt
INFO: [HLS 200-1995] There were 27 instructions in the design after the 'Performance (step 2)' phase of compilation. See the Design Size Report for more details: C:/HLS-multirate-DSP/HLS_Project/FIR_v2/FIR_v2/hls/syn/report/csynth_design_size.rpt
INFO: [HLS 200-1995] There were 27 instructions in the design after the 'Performance (step 3)' phase of compilation. See the Design Size Report for more details: C:/HLS-multirate-DSP/HLS_Project/FIR_v2/FIR_v2/hls/syn/report/csynth_design_size.rpt
INFO: [HLS 200-1995] There were 27 instructions in the design after the 'Performance (step 4)' phase of compilation. See the Design Size Report for more details: C:/HLS-multirate-DSP/HLS_Project/FIR_v2/FIR_v2/hls/syn/report/csynth_design_size.rpt
INFO: [HLS 200-1995] There were 29 instructions in the design after the 'HW Transforms (step 1)' phase of compilation. See the Design Size Report for more details: C:/HLS-multirate-DSP/HLS_Project/FIR_v2/FIR_v2/hls/syn/report/csynth_design_size.rpt
INFO: [HLS 200-1995] There were 44 instructions in the design after the 'HW Transforms (step 2)' phase of compilation. See the Design Size Report for more details: C:/HLS-multirate-DSP/HLS_Project/FIR_v2/FIR_v2/hls/syn/report/csynth_design_size.rpt
INFO: [HLS 214-376] automatically set the pipeline for Loop< VITIS_LOOP_13_1> at FIR_HLS.cpp:13:19 
INFO: [HLS 200-111] Finished Compiling Optimization and Transform: CPU user time: 0 seconds. CPU system time: 0 seconds. Elapsed time: 9.898 seconds; current allocated memory: 277.934 MB.
INFO: [HLS 200-111] Finished Checking Pragmas: CPU user time: 0 seconds. CPU system time: 0 seconds. Elapsed time: 0.006 seconds; current allocated memory: 277.941 MB.
INFO: [HLS 200-10] Starting code transformations ...
INFO: [HLS 200-111] Finished Standard Transforms: CPU user time: 0 seconds. CPU system time: 0 seconds. Elapsed time: 0.075 seconds; current allocated memory: 282.121 MB.
INFO: [HLS 200-10] Checking synthesizability ...
INFO: [HLS 200-111] Finished Checking Synthesizability: CPU user time: 0 seconds. CPU system time: 0 seconds. Elapsed time: 0.05 seconds; current allocated memory: 283.230 MB.
INFO: [HLS 200-111] Finished Loop, function and other optimizations: CPU user time: 0 seconds. CPU system time: 0 seconds. Elapsed time: 0.078 seconds; current allocated memory: 304.480 MB.
INFO: [HLS 200-111] Finished Architecture Synthesis: CPU user time: 0 seconds. CPU system time: 0 seconds. Elapsed time: 0.07 seconds; current allocated memory: 306.762 MB.
INFO: [HLS 200-10] Starting hardware synthesis ...
INFO: [HLS 200-10] Synthesizing 'FIR_HLS' ...
INFO: [SYN 201-201] Setting up clock 'default' with a period of 10ns.
INFO: [HLS 200-10] ----------------------------------------------------------------
INFO: [HLS 200-42] -- Implementing module 'FIR_HLS_Pipeline_VITIS_LOOP_13_1' 
INFO: [HLS 200-10] ----------------------------------------------------------------
INFO: [SCHED 204-11] Starting scheduling ...
INFO: [HLS 200-486] Changing DSP latency (root=add_ln15) to 3 in order to utilize available DSP registers.
INFO: [SCHED 204-61] Pipelining loop 'VITIS_LOOP_13_1'.
INFO: [HLS 200-1470] Pipelining result : Target II = NA, Final II = 1, Depth = 5, loop 'VITIS_LOOP_13_1'
INFO: [SCHED 204-11] Finished scheduling.
INFO: [HLS 200-111] Finished Scheduling: CPU user time: 0 seconds. CPU system time: 0 seconds. Elapsed time: 0.305 seconds; current allocated memory: 310.309 MB.
INFO: [BIND 205-100] Starting micro-architecture generation ...
INFO: [BIND 205-101] Performing variable lifetime analysis.
INFO: [BIND 205-101] Exploring resource sharing.
INFO: [BIND 205-101] Binding ...
INFO: [BIND 205-100] Finished micro-architecture generation.
INFO: [HLS 200-111] Finished Binding: CPU user time: 0 seconds. CPU system time: 0 seconds. Elapsed time: 0.113 seconds; current allocated memory: 311.434 MB.
INFO: [HLS 200-10] ----------------------------------------------------------------
INFO: [HLS 200-42] -- Implementing module 'FIR_HLS' 
INFO: [HLS 200-10] ----------------------------------------------------------------
INFO: [SCHED 204-11] Starting scheduling ...
INFO: [SCHED 204-11] Finished scheduling.
INFO: [HLS 200-111] Finished Scheduling: CPU user time: 0 seconds. CPU system time: 0 seconds. Elapsed time: 0.118 seconds; current allocated memory: 311.516 MB.
INFO: [BIND 205-100] Starting micro-architecture generation ...
INFO: [BIND 205-101] Performing variable lifetime analysis.
INFO: [BIND 205-101] Exploring resource sharing.
INFO: [BIND 205-101] Binding ...
INFO: [BIND 205-100] Finished micro-architecture generation.
INFO: [HLS 200-111] Finished Binding: CPU user time: 1 seconds. CPU system time: 0 seconds. Elapsed time: 0.113 seconds; current allocated memory: 311.566 MB.
INFO: [HLS 200-10] ----------------------------------------------------------------
INFO: [HLS 200-10] -- Generating RTL for module 'FIR_HLS_Pipeline_VITIS_LOOP_13_1' 
INFO: [HLS 200-10] ----------------------------------------------------------------
INFO: [HLS 200-1030] Apply Unified Pipeline Control on module 'FIR_HLS_Pipeline_VITIS_LOOP_13_1' pipeline 'VITIS_LOOP_13_1' pipeline type 'loop pipeline'
WARNING: [RTGEN 206-101] Setting dangling out port 'FIR_HLS_Pipeline_VITIS_LOOP_13_1/fir_shiftreg_V_ce0' to 0.
WARNING: [RTGEN 206-101] Setting dangling out port 'FIR_HLS_Pipeline_VITIS_LOOP_13_1/fir_shiftreg_V_we0' to 0.
WARNING: [RTGEN 206-101] Setting dangling out port 'FIR_HLS_Pipeline_VITIS_LOOP_13_1/fir_shiftreg_V_d0' to 0.
INFO: [RTGEN 206-100] Generating core module 'mac_muladd_16s_14s_32s_32_4_1': 1 instance(s).
INFO: [RTGEN 206-100] Finished creating RTL model for 'FIR_HLS_Pipeline_VITIS_LOOP_13_1'.
INFO: [RTMG 210-279] Implementing memory 'FIR_HLS_FIR_HLS_Pipeline_VITIS_LOOP_13_1_b_FIR_ROM_AUTO_1R' using auto ROMs.
INFO: [HLS 200-111] Finished Creating RTL model: CPU user time: 0 seconds. CPU system time: 0 seconds. Elapsed time: 1.025 seconds; current allocated memory: 313.539 MB.
INFO: [HLS 200-10] ----------------------------------------------------------------
INFO: [HLS 200-10] -- Generating RTL for module 'FIR_HLS' 
INFO: [HLS 200-10] ----------------------------------------------------------------
WARNING: [RTGEN 206-101] Design contains AXI ports. Reset is fixed to synchronous and active low.
INFO: [RTGEN 206-500] Setting interface mode on port 'FIR_HLS/input_r' to 'axis' (register, both mode).
INFO: [RTGEN 206-500] Setting interface mode on port 'FIR_HLS/output_r' to 'axis' (register, both mode).
INFO: [RTGEN 206-500] Setting interface mode on function 'FIR_HLS' to 'ap_ctrl_none'.
INFO: [RTGEN 206-100] Finished creating RTL model for 'FIR_HLS'.
INFO: [HLS 200-111] Finished Creating RTL model: CPU user time: 0 seconds. CPU system time: 0 seconds. Elapsed time: 0.257 seconds; current allocated memory: 314.406 MB.
INFO: [HLS 200-111] Finished Generating all RTL models: CPU user time: 0 seconds. CPU system time: 0 seconds. Elapsed time: 0.482 seconds; current allocated memory: 317.297 MB.
INFO: [HLS 200-111] Finished Updating report files: CPU user time: 0 seconds. CPU system time: 0 seconds. Elapsed time: 0.733 seconds; current allocated memory: 318.824 MB.
INFO: [VHDL 208-304] Generating VHDL RTL for FIR_HLS.
INFO: [VLOG 209-307] Generating Verilog RTL for FIR_HLS.
INFO: [HLS 200-790] **** Loop Constraint Status: All loop constraints were satisfied.
INFO: [HLS 200-789] **** Estimated Fmax: 401.77 MHz
INFO: [HLS 200-112] Total CPU user time: 6 seconds. Total CPU system time: 3 seconds. Total elapsed time: 31.254 seconds; peak allocated memory: 318.980 MB.
INFO: [v++ 60-791] Total elapsed time: 0h 0m 37s
