  **** HLS Build v2024.2 5238294
INFO: [HLS 200-2005] Using work_dir C:/HLS-multirate-DSP/HLS_Project/FIR_v2/FIR_v2 
INFO: [HLS 200-1505] Using default flow_target 'vivado'
Resolution: For help on HLS 200-1505 see docs.xilinx.com/access/sources/dita/topic?Doc_Version=2024.2%20English&url=ug1448-hls-guidance&resourceid=200-1505.html
INFO: [HLS 200-1465] Applying ini 'syn.file=FIR_HLS.cpp' from C:/HLS-multirate-DSP/HLS_Project/FIR_v2/hls_config.cfg(7)
INFO: [HLS 200-10] Adding design file 'C:/HLS-multirate-DSP/HLS_Project/FIR_v2/FIR_HLS.cpp' to the project
INFO: [HLS 200-1465] Applying ini 'syn.file=FIR_HLS.h' from C:/HLS-multirate-DSP/HLS_Project/FIR_v2/hls_config.cfg(8)
INFO: [HLS 200-10] Adding design file 'C:/HLS-multirate-DSP/HLS_Project/FIR_v2/FIR_HLS.h' to the project
INFO: [HLS 200-1465] Applying ini 'syn.file=C:/HLS-multirate-DSP/Matlab/FIR_normal_HLS.h' from C:/HLS-multirate-DSP/HLS_Project/FIR_v2/hls_config.cfg(9)
INFO: [HLS 200-10] Adding design file 'C:/HLS-multirate-DSP/Matlab/FIR_normal_HLS.h' to the project
INFO: [HLS 200-1465] Applying ini 'tb.file=FIR_HLS_TB.cpp' from C:/HLS-multirate-DSP/HLS_Project/FIR_v2/hls_config.cfg(10)
INFO: [HLS 200-10] Adding test bench file 'C:/HLS-multirate-DSP/HLS_Project/FIR_v2/FIR_HLS_TB.cpp' to the project
INFO: [HLS 200-1465] Applying ini 'tb.file=C:/HLS-multirate-DSP/Matlab/TS_HLS_normal.dat' from C:/HLS-multirate-DSP/HLS_Project/FIR_v2/hls_config.cfg(11)
INFO: [HLS 200-10] Adding test bench file 'C:/HLS-multirate-DSP/Matlab/TS_HLS_normal.dat' to the project
INFO: [HLS 200-1465] Applying ini 'tb.file=C:/HLS-multirate-DSP/Matlab/TS_HLS_normal.res' from C:/HLS-multirate-DSP/HLS_Project/FIR_v2/hls_config.cfg(12)
INFO: [HLS 200-10] Adding test bench file 'C:/HLS-multirate-DSP/Matlab/TS_HLS_normal.res' to the project
INFO: [HLS 200-1465] Applying ini 'syn.top=FIR_HLS' from C:/HLS-multirate-DSP/HLS_Project/FIR_v2/hls_config.cfg(13)
INFO: [HLS 200-1465] Applying ini 'flow_target=vivado' from C:/HLS-multirate-DSP/HLS_Project/FIR_v2/hls_config.cfg(4)
INFO: [HLS 200-1505] Using flow_target 'vivado'
Resolution: For help on HLS 200-1505 see docs.xilinx.com/access/sources/dita/topic?Doc_Version=2024.2%20English&url=ug1448-hls-guidance&resourceid=200-1505.html
INFO: [HLS 200-1465] Applying ini 'part=xck26-sfvc784-2LV-c' from C:/HLS-multirate-DSP/HLS_Project/FIR_v2/hls_config.cfg(1)
INFO: [HLS 200-1611] Setting target device to 'xck26-sfvc784-2LV-c'
INFO: [HLS 200-1465] Applying ini 'package.output.format=ip_catalog' from C:/HLS-multirate-DSP/HLS_Project/FIR_v2/hls_config.cfg(5)
INFO: [SIM 211-2] *************** CSIM start ***************
INFO: [SIM 211-4] CSIM will launch CLANG as the compiler.
INFO: [HLS 200-2036] Building debug C Simulation binaries
   Compiling ../../../../FIR_HLS_TB.cpp in debug mode
   Generating csim.exe
In file included from ../../../../FIR_HLS_TB.cpp:1:
In file included from ../../../../FIR_HLS.h:2:
In file included from C:/AMD/Vitis/2024.2/include/ap_fixed.h:9:
In file included from C:/AMD/Vitis/2024.2/include/etc/ap_common.h:658:
In file included from C:/AMD/Vitis/2024.2/include/etc/ap_private.h:68:
In file included from C:/AMD/Vitis/2024.2/include/hls_half.h:26:
In file included from C:/AMD/Vitis/2024.2/include/etc/hls_half_fpo.h:19:
In file included from C:/AMD/Vitis/2024.2/include/hls_fpo.h:140:
In file included from C:/AMD/Vitis/2024.2/include/floating_point_v7_1_bitacc_cmodel.h:150:
C:/AMD/Vitis/2024.2/include/gmp.h:58:9: warning: '__GMP_LIBGMP_DLL' macro redefined [-Wmacro-redefined]
#define __GMP_LIBGMP_DLL  0
        ^
C:/AMD/Vitis/2024.2/include/floating_point_v7_1_bitacc_cmodel.h:142:9: note: previous definition is here
#define __GMP_LIBGMP_DLL 1
        ^
1 warning generated.
INFO: Reading c:/HLS-multirate-DSP/Matlab/TS_HLS_normal.dat
INFO: Read 460 samples from c:/HLS-multirate-DSP/Matlab/TS_HLS_normal.dat
INFO: Reading c:/HLS-multirate-DSP/Matlab/TS_HLS_normal.res
INFO: Read 460 samples from c:/HLS-multirate-DSP/Matlab/TS_HLS_normal.res
INFO: Input and reference data lengths match.
Mismatch at sample    3: ref=-0.0010376, dut=-0.00106812
Mismatch at sample    4: ref=-0.0010376, dut=-0.00106812
Mismatch at sample    5: ref=-0.00088501, dut=-0.000915527
Mismatch at sample    6: ref=-0.000549316, dut=-0.000579834
Mismatch at sample    7: ref=-9.15527e-05, dut=-0.00012207
Mismatch at sample    8: ref=0.000488281, dut=0.000427246
Mismatch at sample    9: ref=0.00112915, dut=0.00106812
Mismatch at sample   10: ref=0.00180054, dut=0.00170898
Mismatch at sample   11: ref=0.00247192, dut=0.00234985
Mismatch at sample   12: ref=0.00308228, dut=0.00296021
Mismatch at sample   13: ref=0.00360107, dut=0.00344849
Mismatch at sample   14: ref=0.0039978, dut=0.00384521
Mismatch at sample   15: ref=0.00430298, dut=0.00411987
Mismatch at sample   16: ref=0.00448608, dut=0.00430298
Mismatch at sample   17: ref=0.00454712, dut=0.00436401
Mismatch at sample   18: ref=0.00454712, dut=0.00436401
Mismatch at sample   19: ref=0.0045166, dut=0.00430298
Mismatch at sample   20: ref=0.00448608, dut=0.00424194
Mismatch at sample   21: ref=0.00442505, dut=0.00421143
Mismatch at sample   22: ref=0.00439453, dut=0.00418091
Mismatch at sample   23: ref=0.00439453, dut=0.00415039
Mismatch at sample   24: ref=0.00436401, dut=0.00411987
Mismatch at sample   25: ref=0.00430298, dut=0.00408936
Mismatch at sample   26: ref=0.00418091, dut=0.00396729
Mismatch at sample   27: ref=0.00393677, dut=0.00375366
Mismatch at sample   28: ref=0.00357056, dut=0.00338745
Mismatch at sample   29: ref=0.00308228, dut=0.00289917
Mismatch at sample   30: ref=0.00244141, dut=0.0022583
Mismatch at sample   31: ref=0.00164795, dut=0.00152588
Mismatch at sample   32: ref=0.000793457, dut=0.000671387
Mismatch at sample   33: ref=-9.15527e-05, dut=-0.000213623
Mismatch at sample   34: ref=-0.00100708, dut=-0.00106812
Mismatch at sample   35: ref=-0.00180054, dut=-0.00189209
Mismatch at sample   36: ref=-0.00253296, dut=-0.00256348
Mismatch at sample   37: ref=-0.00308228, dut=-0.00311279
Mismatch at sample   38: ref=-0.003479, dut=-0.00350952
Mismatch at sample   41: ref=-0.00390625, dut=-0.00393677
Mismatch at sample   49: ref=-0.00491333, dut=-0.00494385
Mismatch at sample   50: ref=-0.00491333, dut=-0.00497437
Mismatch at sample   51: ref=-0.00479126, dut=-0.00485229
Mismatch at sample   52: ref=-0.00442505, dut=-0.0045166
Mismatch at sample   53: ref=-0.00387573, dut=-0.00396729
Mismatch at sample   54: ref=-0.00311279, dut=-0.00320435
Mismatch at sample   55: ref=-0.00219727, dut=-0.00231934
Mismatch at sample   56: ref=-0.00119019, dut=-0.00134277
Mismatch at sample   57: ref=-0.000183105, dut=-0.000335693
Mismatch at sample   58: ref=0.000793457, dut=0.000610352
Mismatch at sample   59: ref=0.00161743, dut=0.00143433
Mismatch at sample   60: ref=0.00228882, dut=0.0020752
Mismatch at sample   61: ref=0.00271606, dut=0.00253296
Mismatch at sample   62: ref=0.00299072, dut=0.0027771
Mismatch at sample   63: ref=0.00308228, dut=0.00286865
Mismatch at sample   64: ref=0.00308228, dut=0.00286865
Mismatch at sample   65: ref=0.00308228, dut=0.00283813
Mismatch at sample   66: ref=0.00308228, dut=0.00283813
Mismatch at sample   67: ref=0.00320435, dut=0.00296021
Mismatch at sample   68: ref=0.00344849, dut=0.00320435
Mismatch at sample   69: ref=0.0038147, dut=0.00357056
Mismatch at sample   70: ref=0.00427246, dut=0.00405884
Mismatch at sample   71: ref=0.00479126, dut=0.00457764
Mismatch at sample   72: ref=0.00527954, dut=0.00506592
Mismatch at sample   73: ref=0.00561523, dut=0.00543213
Mismatch at sample   74: ref=0.00576782, dut=0.00558472
Mismatch at sample   75: ref=0.00564575, dut=0.00546265
Mismatch at sample   76: ref=0.00521851, dut=0.0050354
Mismatch at sample   77: ref=0.0045166, dut=0.0043335
Mismatch at sample   78: ref=0.00354004, dut=0.00338745
Mismatch at sample   79: ref=0.00244141, dut=0.00228882
Mismatch at sample   80: ref=0.00125122, dut=0.00112915
Mismatch at sample   81: ref=0.00012207, dut=3.05176e-05
Mismatch at sample   82: ref=-0.000854492, dut=-0.000946045
Mismatch at sample   83: ref=-0.00158691, dut=-0.00167847
Mismatch at sample   84: ref=-0.0020752, dut=-0.00216675
Mismatch at sample   85: ref=-0.00228882, dut=-0.00234985
Mismatch at sample   86: ref=-0.00231934, dut=-0.00234985
Mismatch at sample   87: ref=-0.00219727, dut=-0.00222778
Mismatch at sample   88: ref=-0.00201416, dut=-0.0020752
Mismatch at sample   89: ref=-0.00195313, dut=-0.00198364
Mismatch at sample   90: ref=-0.00201416, dut=-0.00204468
Mismatch at sample   91: ref=-0.00231934, dut=-0.00234985
Mismatch at sample   92: ref=-0.00286865, dut=-0.00289917
Mismatch at sample   93: ref=-0.00360107, dut=-0.00363159
Mismatch at sample   94: ref=-0.00448608, dut=-0.0045166
Mismatch at sample   95: ref=-0.00537109, dut=-0.00540161
Mismatch at sample   96: ref=-0.00613403, dut=-0.00616455
Mismatch at sample   97: ref=-0.00665283, dut=-0.00668335
Mismatch at sample   98: ref=-0.00680542, dut=-0.00686646
Mismatch at sample   99: ref=-0.0065918, dut=-0.00665283
Mismatch at sample  100: ref=-0.00595093, dut=-0.00601196
Mismatch at sample  101: ref=-0.00494385, dut=-0.0050354
Mismatch at sample  102: ref=-0.00369263, dut=-0.00378418
Mismatch at sample  103: ref=-0.00231934, dut=-0.00241089
Mismatch at sample  104: ref=-0.000976563, dut=-0.00109863
Mismatch at sample  105: ref=0.000213623, dut=6.10352e-05
Mismatch at sample  106: ref=0.00106812, dut=0.000915527
Mismatch at sample  107: ref=0.00158691, dut=0.00140381
Mismatch at sample  108: ref=0.00170898, dut=0.00152588
Mismatch at sample  109: ref=0.00152588, dut=0.00134277
Mismatch at sample  110: ref=0.00115967, dut=0.000946045
Mismatch at sample  111: ref=0.000732422, dut=0.000518799
Mismatch at sample  112: ref=0.000396729, dut=0.000183105
Mismatch at sample  113: ref=0.000335693, dut=9.15527e-05
Mismatch at sample  114: ref=0.000610352, dut=0.000366211
Mismatch at sample  115: ref=0.00128174, dut=0.00100708
Mismatch at sample  116: ref=0.00228882, dut=0.00204468
Mismatch at sample  117: ref=0.00357056, dut=0.00332642
Mismatch at sample  118: ref=0.00497437, dut=0.00473022
Mismatch at sample  119: ref=0.00628662, dut=0.00604248
Mismatch at sample  120: ref=0.00732422, dut=0.00708008
Mismatch at sample  121: ref=0.00793457, dut=0.00769043
Mismatch at sample  122: ref=0.00796509, dut=0.00772095
Mismatch at sample  123: ref=0.00744629, dut=0.00720215
Mismatch at sample  124: ref=0.00634766, dut=0.00613403
Mismatch at sample  125: ref=0.00485229, dut=0.00463867
Mismatch at sample  126: ref=0.00314331, dut=0.00296021
Mismatch at sample  127: ref=0.00143433, dut=0.00125122
Mismatch at sample  128: ref=-3.05176e-05, dut=-0.000183105
Mismatch at sample  129: ref=-0.00109863, dut=-0.00125122
Mismatch at sample  130: ref=-0.00164795, dut=-0.00177002
Mismatch at sample  131: ref=-0.00164795, dut=-0.0017395
Mismatch at sample  132: ref=-0.00112915, dut=-0.0012207
Mismatch at sample  133: ref=-0.000305176, dut=-0.000366211
Mismatch at sample  134: ref=0.000640869, dut=0.000610352
Mismatch at sample  135: ref=0.00146484, dut=0.00143433
Mismatch at sample  138: ref=0.00109863, dut=0.00112915
Mismatch at sample  139: ref=-0.000244141, dut=-0.000213623
Mismatch at sample  140: ref=-0.00210571, dut=-0.0020752
Mismatch at sample  141: ref=-0.00424194, dut=-0.00421143
Mismatch at sample  142: ref=-0.00637817, dut=-0.00634766
Mismatch at sample  143: ref=-0.00820923, dut=-0.00817871
Mismatch at sample  144: ref=-0.00946045, dut=-0.00942993
Mismatch at sample  149: ref=-0.0038147, dut=-0.00384521
Mismatch at sample  150: ref=-0.00137329, dut=-0.00140381
Mismatch at sample  151: ref=0.000762939, dut=0.000701904
Mismatch at sample  152: ref=0.0022583, dut=0.00219727
Mismatch at sample  153: ref=0.00289917, dut=0.00283813
Mismatch at sample  154: ref=0.00262451, dut=0.00253296
Mismatch at sample  155: ref=0.00146484, dut=0.00137329
Mismatch at sample  156: ref=-0.000305176, dut=-0.000427246
Mismatch at sample  157: ref=-0.00234985, dut=-0.00250244
Mismatch at sample  158: ref=-0.00427246, dut=-0.00445557
Mismatch at sample  159: ref=-0.00561523, dut=-0.00582886
Mismatch at sample  160: ref=-0.006073, dut=-0.0062561
Mismatch at sample  161: ref=-0.00534058, dut=-0.0055542
Mismatch at sample  162: ref=-0.00344849, dut=-0.00366211
Mismatch at sample  163: ref=-0.000518799, dut=-0.000762939
Mismatch at sample  164: ref=0.00311279, dut=0.00286865
Mismatch at sample  165: ref=0.00692749, dut=0.00665283
Mismatch at sample  166: ref=0.010376, dut=0.0101013
Mismatch at sample  167: ref=0.0128784, dut=0.0126038
Mismatch at sample  168: ref=0.0140381, dut=0.0137634
Mismatch at sample  169: ref=0.0135803, dut=0.0133057
Mismatch at sample  170: ref=0.0114746, dut=0.0112
Mismatch at sample  171: ref=0.00796509, dut=0.00772095
Mismatch at sample  172: ref=0.00357056, dut=0.00332642
Mismatch at sample  173: ref=-0.00106812, dut=-0.00128174
Mismatch at sample  174: ref=-0.00512695, dut=-0.00534058
Mismatch at sample  175: ref=-0.00793457, dut=-0.00814819
Mismatch at sample  176: ref=-0.00888062, dut=-0.00909424
Mismatch at sample  177: ref=-0.00769043, dut=-0.00784302
Mismatch at sample  178: ref=-0.00436401, dut=-0.0045166
Mismatch at sample  179: ref=0.000671387, dut=0.000549316
Mismatch at sample  180: ref=0.00665283, dut=0.00653076
Mismatch at sample  181: ref=0.0125122, dut=0.0124207
Mismatch at sample  182: ref=0.0170898, dut=0.0169983
Mismatch at sample  183: ref=0.0192566, dut=0.0191956
Mismatch at sample  184: ref=0.018158, dut=0.0180969
Mismatch at sample  185: ref=0.0133057, dut=0.0132751
Mismatch at sample  186: ref=0.00485229, dut=0.00482178
Mismatch at sample  190: ref=-0.0389404, dut=-0.0389099
Mismatch at sample  197: ref=0.205811, dut=0.20578
Mismatch at sample  198: ref=0.294556, dut=0.294525
Mismatch at sample  199: ref=0.392212, dut=0.392151
Mismatch at sample  200: ref=0.494934, dut=0.494873
Mismatch at sample  201: ref=0.598419, dut=0.598328
Mismatch at sample  202: ref=0.698212, dut=0.69812
Mismatch at sample  203: ref=0.789948, dut=0.789856
Mismatch at sample  204: ref=0.869781, dut=0.869659
Mismatch at sample  205: ref=0.934509, dut=0.934357
Mismatch at sample  206: ref=0.981781, dut=0.981598
Mismatch at sample  207: ref=-0.989838, dut=-0.990021
Mismatch at sample  208: ref=-0.980865, dut=-0.981049
Mismatch at sample  209: ref=-0.990906, dut=-0.991119
Mismatch at sample  210: ref=0.980988, dut=0.980743
Mismatch at sample  211: ref=0.93631, dut=0.936066
Mismatch at sample  212: ref=0.876892, dut=0.876617
Mismatch at sample  213: ref=0.804565, dut=0.804291
Mismatch at sample  214: ref=0.721191, dut=0.720917
Mismatch at sample  215: ref=0.628448, dut=0.628174
Mismatch at sample  216: ref=0.527832, dut=0.527557
Mismatch at sample  217: ref=0.420593, dut=0.420319
Mismatch at sample  218: ref=0.307922, dut=0.307648
Mismatch at sample  219: ref=0.190918, dut=0.190643
Mismatch at sample  220: ref=0.0707397, dut=0.0704651
Mismatch at sample  221: ref=-0.0513306, dut=-0.0515747
Mismatch at sample  222: ref=-0.173798, dut=-0.174042
Mismatch at sample  223: ref=-0.294922, dut=-0.295197
Mismatch at sample  224: ref=-0.412842, dut=-0.413086
Mismatch at sample  225: ref=-0.525391, dut=-0.525604
Mismatch at sample  226: ref=-0.630432, dut=-0.630615
Mismatch at sample  227: ref=-0.725769, dut=-0.725952
Mismatch at sample  228: ref=-0.809418, dut=-0.809601
Mismatch at sample  229: ref=-0.879639, dut=-0.879791
Mismatch at sample  230: ref=-0.934998, dut=-0.93512
Mismatch at sample  231: ref=-0.974518, dut=-0.97464
Mismatch at sample  232: ref=-0.99762, dut=-0.997711
Mismatch at sample  233: ref=0.99585, dut=0.995758
Mismatch at sample  234: ref=-0.994354, dut=-0.994415
Mismatch at sample  235: ref=-0.968781, dut=-0.968811
Mismatch at sample  236: ref=-0.928192, dut=-0.928223
Mismatch at sample  237: ref=-0.873566, dut=-0.873596
Mismatch at sample  238: ref=-0.806, dut=-0.80603
Mismatch at sample  247: ref=0.177917, dut=0.177887
Mismatch at sample  249: ref=0.419342, dut=0.419312
Mismatch at sample  250: ref=0.531525, dut=0.531464
Mismatch at sample  251: ref=0.635223, dut=0.635193
Mismatch at sample  252: ref=0.728638, dut=0.728546
Mismatch at sample  253: ref=0.810028, dut=0.809937
Mismatch at sample  254: ref=0.878021, dut=0.87793
Mismatch at sample  255: ref=0.93158, dut=0.931458
Mismatch at sample  256: ref=0.96994, dut=0.969788
Mismatch at sample  257: ref=0.992645, dut=0.992462
Mismatch at sample  258: ref=0.999573, dut=0.99939
Mismatch at sample  259: ref=0.990845, dut=0.990662
Mismatch at sample  260: ref=0.966827, dut=0.966614
Mismatch at sample  261: ref=0.928009, dut=0.927765
Mismatch at sample  262: ref=0.875092, dut=0.874847
Mismatch at sample  263: ref=0.808868, dut=0.808624
Mismatch at sample  264: ref=0.730316, dut=0.730042
Mismatch at sample  265: ref=0.640503, dut=0.640228
Mismatch at sample  266: ref=0.540619, dut=0.540344
Mismatch at sample  267: ref=0.432068, dut=0.431793
Mismatch at sample  268: ref=0.316406, dut=0.316132
Mismatch at sample  269: ref=0.195343, dut=0.195068
Mismatch at sample  270: ref=0.0707092, dut=0.0704346
Mismatch at sample  271: ref=-0.0554504, dut=-0.0557251
Mismatch at sample  272: ref=-0.181061, dut=-0.181305
Mismatch at sample  273: ref=-0.303986, dut=-0.30423
Mismatch at sample  274: ref=-0.42215, dut=-0.422363
Mismatch at sample  275: ref=-0.533478, dut=-0.533661
Mismatch at sample  276: ref=-0.636078, dut=-0.636261
Mismatch at sample  277: ref=-0.728271, dut=-0.728455
Mismatch at sample  278: ref=-0.808594, dut=-0.808746
Mismatch at sample  279: ref=-0.875793, dut=-0.875916
Mismatch at sample  280: ref=-0.928925, dut=-0.929047
Mismatch at sample  281: ref=-0.967316, dut=-0.967407
Mismatch at sample  282: ref=-0.990448, dut=-0.99054
Mismatch at sample  283: ref=-0.998169, dut=-0.99823
Mismatch at sample  284: ref=-0.990417, dut=-0.990479
Mismatch at sample  285: ref=-0.967407, dut=-0.967438
Mismatch at sample  286: ref=-0.929474, dut=-0.929504
Mismatch at sample  287: ref=-0.877167, dut=-0.877197
Mismatch at sample  288: ref=-0.811218, dut=-0.811249
Mismatch at sample  289: ref=-0.732574, dut=-0.732605
Mismatch at sample  290: ref=-0.642303, dut=-0.642334
Mismatch at sample  291: ref=-0.541718, dut=-0.541748
Mismatch at sample  292: ref=-0.432312, dut=-0.432343
Mismatch at sample  293: ref=-0.315796, dut=-0.315826
Mismatch at sample  294: ref=-0.194, dut=-0.194031
Mismatch at sample  295: ref=-0.0689087, dut=-0.0689392
Mismatch at sample  296: ref=0.0574341, dut=0.057373
Mismatch at sample  297: ref=0.182892, dut=0.182831
Mismatch at sample  298: ref=0.305359, dut=0.305298
Mismatch at sample  299: ref=0.422852, dut=0.422791
Mismatch at sample  300: ref=0.533447, dut=0.533325
Mismatch at sample  301: ref=0.635315, dut=0.635193
Mismatch at sample  302: ref=0.726929, dut=0.726807
Mismatch at sample  303: ref=0.806885, dut=0.806732
Mismatch at sample  304: ref=0.874023, dut=0.87384
Mismatch at sample  305: ref=0.927368, dut=0.927185
Mismatch at sample  306: ref=0.966156, dut=0.965973
Mismatch at sample  307: ref=0.989929, dut=0.989716
Mismatch at sample  308: ref=0.998291, dut=0.998077
Mismatch at sample  309: ref=0.99115, dut=0.990906
Mismatch at sample  310: ref=0.968597, dut=0.968353
Mismatch at sample  311: ref=0.930908, dut=0.930664
Mismatch at sample  312: ref=0.878632, dut=0.878387
Mismatch at sample  313: ref=0.812469, dut=0.812195
Mismatch at sample  314: ref=0.733398, dut=0.733124
Mismatch at sample  315: ref=0.642578, dut=0.642303
Mismatch at sample  316: ref=0.541412, dut=0.541138
Mismatch at sample  317: ref=0.431488, dut=0.431244
Mismatch at sample  318: ref=0.314606, dut=0.314362
Mismatch at sample  319: ref=0.192627, dut=0.192383
Mismatch at sample  320: ref=0.0675964, dut=0.0673523
Mismatch at sample  321: ref=-0.0585022, dut=-0.0587463
Mismatch at sample  322: ref=-0.183563, dut=-0.183777
Mismatch at sample  323: ref=-0.305542, dut=-0.305756
Mismatch at sample  324: ref=-0.422546, dut=-0.422729
Mismatch at sample  325: ref=-0.532684, dut=-0.532867
Mismatch at sample  326: ref=-0.634277, dut=-0.63446
Mismatch at sample  327: ref=-0.7258, dut=-0.725952
Mismatch at sample  328: ref=-0.805817, dut=-0.805969
Mismatch at sample  329: ref=-0.87323, dut=-0.873352
Mismatch at sample  330: ref=-0.926941, dut=-0.927032
Mismatch at sample  331: ref=-0.966187, dut=-0.966278
Mismatch at sample  332: ref=-0.990387, dut=-0.990448
Mismatch at sample  333: ref=-0.999084, dut=-0.999146
Mismatch at sample  334: ref=-0.992157, dut=-0.992218
Mismatch at sample  335: ref=-0.969666, dut=-0.969696
Mismatch at sample  336: ref=-0.931854, dut=-0.931885
Mismatch at sample  343: ref=-0.313751, dut=-0.313721
Mismatch at sample  347: ref=0.18335, dut=0.183319
Mismatch at sample  348: ref=0.305023, dut=0.304993
Mismatch at sample  349: ref=0.421783, dut=0.421722
Mismatch at sample  350: ref=0.53183, dut=0.531769
Mismatch at sample  351: ref=0.633484, dut=0.633392
Mismatch at sample  352: ref=0.725128, dut=0.725037
Mismatch at sample  353: ref=0.80542, dut=0.805298
Mismatch at sample  354: ref=0.873108, dut=0.872955
Mismatch at sample  355: ref=0.927155, dut=0.926971
Mismatch at sample  356: ref=0.966644, dut=0.966461
Mismatch at sample  357: ref=0.990997, dut=0.990784
Mismatch at sample  358: ref=0.999786, dut=0.999542
Mismatch at sample  359: ref=0.992798, dut=0.992523
Mismatch at sample  360: ref=0.970123, dut=0.969849
Mismatch at sample  361: ref=0.932098, dut=0.931824
Mismatch at sample  362: ref=0.879272, dut=0.878998
Mismatch at sample  363: ref=0.8125, dut=0.812195
Mismatch at sample  364: ref=0.732819, dut=0.732513
Mismatch at sample  365: ref=0.64151, dut=0.641205
Mismatch at sample  366: ref=0.54007, dut=0.539764
Mismatch at sample  367: ref=0.430084, dut=0.42981
Mismatch at sample  368: ref=0.313354, dut=0.31308
Mismatch at sample  369: ref=0.191772, dut=0.191498
Mismatch at sample  370: ref=0.0671997, dut=0.0669556
Mismatch at sample  371: ref=-0.0583191, dut=-0.0585327
Mismatch at sample  372: ref=-0.182831, dut=-0.183044
Mismatch at sample  373: ref=-0.304413, dut=-0.304596
Mismatch at sample  374: ref=-0.421173, dut=-0.421326
Mismatch at sample  375: ref=-0.531281, dut=-0.531433
Mismatch at sample  376: ref=-0.633057, dut=-0.633148
Mismatch at sample  377: ref=-0.724884, dut=-0.724945
Mismatch at sample  378: ref=-0.805328, dut=-0.805389
Mismatch at sample  379: ref=-0.873108, dut=-0.873169
Mismatch at sample  380: ref=-0.927185, dut=-0.927216
Mismatch at sample  383: ref=-0.99939, dut=-0.999359
Mismatch at sample  384: ref=-0.992065, dut=-0.992035
Mismatch at sample  385: ref=-0.969025, dut=-0.968964
Mismatch at sample  386: ref=-0.930542, dut=-0.930481
Mismatch at sample  387: ref=-0.877258, dut=-0.877197
Mismatch at sample  388: ref=-0.809967, dut=-0.809906
Mismatch at sample  389: ref=-0.729767, dut=-0.729706
Mismatch at sample  390: ref=-0.637878, dut=-0.637848
Mismatch at sample  391: ref=-0.535767, dut=-0.535736
Mismatch at sample  392: ref=-0.425751, dut=-0.42572
Mismatch at sample  393: ref=-0.30899, dut=-0.30896
Mismatch at sample  396: ref=0.0627747, dut=0.0627441
Mismatch at sample  397: ref=0.187347, dut=0.187317
Mismatch at sample  398: ref=0.30896, dut=0.308929
Mismatch at sample  399: ref=0.42572, dut=0.425659
Mismatch at sample  400: ref=0.535736, dut=0.535675
Mismatch at sample  401: ref=0.637329, dut=0.637238
Mismatch at sample  402: ref=0.728851, dut=0.72876
Mismatch at sample  403: ref=0.808899, dut=0.808807
Mismatch at sample  404: ref=0.87619, dut=0.876068
Mismatch at sample  405: ref=0.929657, dut=0.929535
Mismatch at sample  406: ref=0.968445, dut=0.968323
Mismatch at sample  407: ref=0.991974, dut=0.991852
Mismatch at sample  408: ref=0.999878, dut=0.999725
Mismatch at sample  409: ref=0.991974, dut=0.991852
Mismatch at sample  410: ref=0.968445, dut=0.968323
Mismatch at sample  411: ref=0.929657, dut=0.929535
Mismatch at sample  412: ref=0.87619, dut=0.876068
Mismatch at sample  413: ref=0.808899, dut=0.808807
Mismatch at sample  414: ref=0.728851, dut=0.72876
Mismatch at sample  415: ref=0.637329, dut=0.637238
Mismatch at sample  416: ref=0.535736, dut=0.535675
Mismatch at sample  417: ref=0.42572, dut=0.425659
Mismatch at sample  418: ref=0.30896, dut=0.308929
Mismatch at sample  419: ref=0.187347, dut=0.187317
Mismatch at sample  420: ref=0.0627747, dut=0.0627441
Mismatch at sample  423: ref=-0.30899, dut=-0.30896
Mismatch at sample  424: ref=-0.425751, dut=-0.42572
Mismatch at sample  425: ref=-0.535767, dut=-0.535736
Mismatch at sample  426: ref=-0.63736, dut=-0.637299
Mismatch at sample  427: ref=-0.728882, dut=-0.728821
Mismatch at sample  428: ref=-0.808929, dut=-0.808868
Mismatch at sample  429: ref=-0.876221, dut=-0.876129
Mismatch at sample  430: ref=-0.929688, dut=-0.929596
Mismatch at sample  431: ref=-0.968475, dut=-0.968384
Mismatch at sample  432: ref=-0.992004, dut=-0.991913
Mismatch at sample  433: ref=-0.999908, dut=-0.999786
Mismatch at sample  434: ref=-0.992004, dut=-0.991913
Mismatch at sample  435: ref=-0.968475, dut=-0.968384
Mismatch at sample  436: ref=-0.929688, dut=-0.929596
Mismatch at sample  437: ref=-0.876221, dut=-0.876129
Mismatch at sample  438: ref=-0.808929, dut=-0.808868
Mismatch at sample  439: ref=-0.728882, dut=-0.728821
Mismatch at sample  440: ref=-0.63736, dut=-0.637299
Mismatch at sample  441: ref=-0.535767, dut=-0.535736
Mismatch at sample  442: ref=-0.425751, dut=-0.42572
Mismatch at sample  443: ref=-0.30899, dut=-0.30896
Mismatch at sample  446: ref=0.0627747, dut=0.0627441
Mismatch at sample  447: ref=0.187347, dut=0.187317
Mismatch at sample  448: ref=0.30896, dut=0.308929
Mismatch at sample  449: ref=0.42572, dut=0.425659
Mismatch at sample  450: ref=0.535736, dut=0.535675
Mismatch at sample  451: ref=0.637329, dut=0.637238
Mismatch at sample  452: ref=0.728851, dut=0.72876
Mismatch at sample  453: ref=0.808899, dut=0.808807
Mismatch at sample  454: ref=0.87619, dut=0.876068
Mismatch at sample  455: ref=0.929657, dut=0.929535
Mismatch at sample  456: ref=0.968445, dut=0.968323
Mismatch at sample  457: ref=0.991974, dut=0.991852
Mismatch at sample  458: ref=0.999878, dut=0.999725
Mismatch at sample  459: ref=0.991974, dut=0.991852
---------------------------------------
Testbench Results
Samples processed : 460
Mismatches        : 407
Status: FAIL [!!] (407 samples out of tolerance)
---------------------------------------
INFO [HLS SIM]: The maximum depth reached by any hls::stream() instance in the design is 460
INFO: [SIM 211-1] CSim done with 0 errors.
INFO: [SIM 211-3] *************** CSIM finish ***************
INFO: [HLS 200-112] Total CPU user time: 4 seconds. Total CPU system time: 2 seconds. Total elapsed time: 12.311 seconds; peak allocated memory: 273.969 MB.
INFO: [vitis-run 60-791] Total elapsed time: 0h 0m 18s
