  **** HLS Build v2024.2 5238294
INFO: [HLS 200-2005] Using work_dir C:/HLS-multirate-DSP/HLS_Project/FIR_v2/FIR_v2 
INFO: [HLS 200-1505] Using default flow_target 'vivado'
Resolution: For help on HLS 200-1505 see docs.xilinx.com/access/sources/dita/topic?Doc_Version=2024.2%20English&url=ug1448-hls-guidance&resourceid=200-1505.html
INFO: [HLS 200-1465] Applying ini 'syn.file=FIR_HLS.cpp' from C:/HLS-multirate-DSP/HLS_Project/FIR_v2/hls_config.cfg(7)
INFO: [HLS 200-10] Adding design file 'C:/HLS-multirate-DSP/HLS_Project/FIR_v2/FIR_HLS.cpp' to the project
INFO: [HLS 200-1465] Applying ini 'syn.file=FIR_HLS.h' from C:/HLS-multirate-DSP/HLS_Project/FIR_v2/hls_config.cfg(8)
INFO: [HLS 200-10] Adding design file 'C:/HLS-multirate-DSP/HLS_Project/FIR_v2/FIR_HLS.h' to the project
INFO: [HLS 200-1465] Applying ini 'syn.file=C:/HLS-multirate-DSP/Matlab/FIR_normal_HLS.h' from C:/HLS-multirate-DSP/HLS_Project/FIR_v2/hls_config.cfg(9)
INFO: [HLS 200-10] Adding design file 'C:/HLS-multirate-DSP/Matlab/FIR_normal_HLS.h' to the project
INFO: [HLS 200-1465] Applying ini 'tb.file=FIR_HLS_TB.cpp' from C:/HLS-multirate-DSP/HLS_Project/FIR_v2/hls_config.cfg(10)
INFO: [HLS 200-10] Adding test bench file 'C:/HLS-multirate-DSP/HLS_Project/FIR_v2/FIR_HLS_TB.cpp' to the project
INFO: [HLS 200-1465] Applying ini 'tb.file=C:/HLS-multirate-DSP/Matlab/TS_HLS_normal.dat' from C:/HLS-multirate-DSP/HLS_Project/FIR_v2/hls_config.cfg(11)
INFO: [HLS 200-10] Adding test bench file 'C:/HLS-multirate-DSP/Matlab/TS_HLS_normal.dat' to the project
INFO: [HLS 200-1465] Applying ini 'tb.file=C:/HLS-multirate-DSP/Matlab/TS_HLS_normal.res' from C:/HLS-multirate-DSP/HLS_Project/FIR_v2/hls_config.cfg(12)
INFO: [HLS 200-10] Adding test bench file 'C:/HLS-multirate-DSP/Matlab/TS_HLS_normal.res' to the project
INFO: [HLS 200-1465] Applying ini 'syn.top=FIR_HLS' from C:/HLS-multirate-DSP/HLS_Project/FIR_v2/hls_config.cfg(13)
INFO: [HLS 200-1465] Applying ini 'flow_target=vivado' from C:/HLS-multirate-DSP/HLS_Project/FIR_v2/hls_config.cfg(4)
INFO: [HLS 200-1505] Using flow_target 'vivado'
Resolution: For help on HLS 200-1505 see docs.xilinx.com/access/sources/dita/topic?Doc_Version=2024.2%20English&url=ug1448-hls-guidance&resourceid=200-1505.html
INFO: [HLS 200-1465] Applying ini 'part=xck26-sfvc784-2LV-c' from C:/HLS-multirate-DSP/HLS_Project/FIR_v2/hls_config.cfg(1)
INFO: [HLS 200-1611] Setting target device to 'xck26-sfvc784-2LV-c'
INFO: [HLS 200-1465] Applying ini 'package.output.format=ip_catalog' from C:/HLS-multirate-DSP/HLS_Project/FIR_v2/hls_config.cfg(5)
INFO: [SIM 211-2] *************** CSIM start ***************
INFO: [SIM 211-4] CSIM will launch CLANG as the compiler.
INFO: [HLS 200-2036] Building debug C Simulation binaries
   Compiling ../../../../FIR_HLS_TB.cpp in debug mode
   Generating csim.exe
In file included from ../../../../FIR_HLS_TB.cpp:1:
In file included from ../../../../FIR_HLS.h:2:
In file included from C:/AMD/Vitis/2024.2/include/ap_fixed.h:9:
In file included from C:/AMD/Vitis/2024.2/include/etc/ap_common.h:658:
In file included from C:/AMD/Vitis/2024.2/include/etc/ap_private.h:68:
In file included from C:/AMD/Vitis/2024.2/include/hls_half.h:26:
In file included from C:/AMD/Vitis/2024.2/include/etc/hls_half_fpo.h:19:
In file included from C:/AMD/Vitis/2024.2/include/hls_fpo.h:140:
In file included from C:/AMD/Vitis/2024.2/include/floating_point_v7_1_bitacc_cmodel.h:150:
C:/AMD/Vitis/2024.2/include/gmp.h:58:9: warning: '__GMP_LIBGMP_DLL' macro redefined [-Wmacro-redefined]
#define __GMP_LIBGMP_DLL  0
        ^
C:/AMD/Vitis/2024.2/include/floating_point_v7_1_bitacc_cmodel.h:142:9: note: previous definition is here
#define __GMP_LIBGMP_DLL 1
        ^
1 warning generated.
INFO: Reading c:/HLS-multirate-DSP/Matlab/TS_HLS_normal.dat
INFO: Read 460 samples from c:/HLS-multirate-DSP/Matlab/TS_HLS_normal.dat
INFO: Reading c:/HLS-multirate-DSP/Matlab/TS_HLS_normal.res
INFO: Read 460 samples from c:/HLS-multirate-DSP/Matlab/TS_HLS_normal.res
INFO: Input and reference data lengths match.
Mismatch at sample   19: ref=0.0045166, dut=0.00430298
Mismatch at sample   20: ref=0.00448608, dut=0.00424194
Mismatch at sample   21: ref=0.00442505, dut=0.00421143
Mismatch at sample   22: ref=0.00439453, dut=0.00418091
Mismatch at sample   23: ref=0.00439453, dut=0.00415039
Mismatch at sample   24: ref=0.00436401, dut=0.00411987
Mismatch at sample   25: ref=0.00430298, dut=0.00408936
Mismatch at sample   26: ref=0.00418091, dut=0.00396729
Mismatch at sample   60: ref=0.00228882, dut=0.0020752
Mismatch at sample   62: ref=0.00299072, dut=0.0027771
Mismatch at sample   63: ref=0.00308228, dut=0.00286865
Mismatch at sample   64: ref=0.00308228, dut=0.00286865
Mismatch at sample   65: ref=0.00308228, dut=0.00283813
Mismatch at sample   66: ref=0.00308228, dut=0.00283813
Mismatch at sample   67: ref=0.00320435, dut=0.00296021
Mismatch at sample   68: ref=0.00344849, dut=0.00320435
Mismatch at sample   69: ref=0.0038147, dut=0.00357056
Mismatch at sample   70: ref=0.00427246, dut=0.00405884
Mismatch at sample   71: ref=0.00479126, dut=0.00457764
Mismatch at sample   72: ref=0.00527954, dut=0.00506592
Mismatch at sample  110: ref=0.00115967, dut=0.000946045
Mismatch at sample  111: ref=0.000732422, dut=0.000518799
Mismatch at sample  112: ref=0.000396729, dut=0.000183105
Mismatch at sample  113: ref=0.000335693, dut=9.15527e-05
Mismatch at sample  114: ref=0.000610352, dut=0.000366211
Mismatch at sample  115: ref=0.00128174, dut=0.00100708
Mismatch at sample  116: ref=0.00228882, dut=0.00204468
Mismatch at sample  117: ref=0.00357056, dut=0.00332642
Mismatch at sample  118: ref=0.00497437, dut=0.00473022
Mismatch at sample  119: ref=0.00628662, dut=0.00604248
Mismatch at sample  120: ref=0.00732422, dut=0.00708008
Mismatch at sample  121: ref=0.00793457, dut=0.00769043
Mismatch at sample  122: ref=0.00796509, dut=0.00772095
Mismatch at sample  123: ref=0.00744629, dut=0.00720215
Mismatch at sample  124: ref=0.00634766, dut=0.00613403
Mismatch at sample  125: ref=0.00485229, dut=0.00463867
Mismatch at sample  159: ref=-0.00561523, dut=-0.00582886
Mismatch at sample  161: ref=-0.00534058, dut=-0.0055542
Mismatch at sample  162: ref=-0.00344849, dut=-0.00366211
Mismatch at sample  163: ref=-0.000518799, dut=-0.000762939
Mismatch at sample  164: ref=0.00311279, dut=0.00286865
Mismatch at sample  165: ref=0.00692749, dut=0.00665283
Mismatch at sample  166: ref=0.010376, dut=0.0101013
Mismatch at sample  167: ref=0.0128784, dut=0.0126038
Mismatch at sample  168: ref=0.0140381, dut=0.0137634
Mismatch at sample  169: ref=0.0135803, dut=0.0133057
Mismatch at sample  170: ref=0.0114746, dut=0.0112
Mismatch at sample  171: ref=0.00796509, dut=0.00772095
Mismatch at sample  172: ref=0.00357056, dut=0.00332642
Mismatch at sample  173: ref=-0.00106812, dut=-0.00128174
Mismatch at sample  174: ref=-0.00512695, dut=-0.00534058
Mismatch at sample  175: ref=-0.00793457, dut=-0.00814819
Mismatch at sample  176: ref=-0.00888062, dut=-0.00909424
Mismatch at sample  209: ref=-0.990906, dut=-0.991119
Mismatch at sample  210: ref=0.980988, dut=0.980743
Mismatch at sample  211: ref=0.93631, dut=0.936066
Mismatch at sample  212: ref=0.876892, dut=0.876617
Mismatch at sample  213: ref=0.804565, dut=0.804291
Mismatch at sample  214: ref=0.721191, dut=0.720917
Mismatch at sample  215: ref=0.628448, dut=0.628174
Mismatch at sample  216: ref=0.527832, dut=0.527557
Mismatch at sample  217: ref=0.420593, dut=0.420319
Mismatch at sample  218: ref=0.307922, dut=0.307648
Mismatch at sample  219: ref=0.190918, dut=0.190643
Mismatch at sample  220: ref=0.0707397, dut=0.0704651
Mismatch at sample  221: ref=-0.0513306, dut=-0.0515747
Mismatch at sample  222: ref=-0.173798, dut=-0.174042
Mismatch at sample  223: ref=-0.294922, dut=-0.295197
Mismatch at sample  224: ref=-0.412842, dut=-0.413086
Mismatch at sample  225: ref=-0.525391, dut=-0.525604
Mismatch at sample  260: ref=0.966827, dut=0.966614
Mismatch at sample  261: ref=0.928009, dut=0.927765
Mismatch at sample  262: ref=0.875092, dut=0.874847
Mismatch at sample  263: ref=0.808868, dut=0.808624
Mismatch at sample  264: ref=0.730316, dut=0.730042
Mismatch at sample  265: ref=0.640503, dut=0.640228
Mismatch at sample  266: ref=0.540619, dut=0.540344
Mismatch at sample  267: ref=0.432068, dut=0.431793
Mismatch at sample  268: ref=0.316406, dut=0.316132
Mismatch at sample  269: ref=0.195343, dut=0.195068
Mismatch at sample  270: ref=0.0707092, dut=0.0704346
Mismatch at sample  271: ref=-0.0554504, dut=-0.0557251
Mismatch at sample  272: ref=-0.181061, dut=-0.181305
Mismatch at sample  273: ref=-0.303986, dut=-0.30423
Mismatch at sample  274: ref=-0.42215, dut=-0.422363
Mismatch at sample  307: ref=0.989929, dut=0.989716
Mismatch at sample  308: ref=0.998291, dut=0.998077
Mismatch at sample  309: ref=0.99115, dut=0.990906
Mismatch at sample  310: ref=0.968597, dut=0.968353
Mismatch at sample  311: ref=0.930908, dut=0.930664
Mismatch at sample  312: ref=0.878632, dut=0.878387
Mismatch at sample  313: ref=0.812469, dut=0.812195
Mismatch at sample  314: ref=0.733398, dut=0.733124
Mismatch at sample  315: ref=0.642578, dut=0.642303
Mismatch at sample  316: ref=0.541412, dut=0.541138
Mismatch at sample  317: ref=0.431488, dut=0.431244
Mismatch at sample  318: ref=0.314606, dut=0.314362
Mismatch at sample  319: ref=0.192627, dut=0.192383
Mismatch at sample  320: ref=0.0675964, dut=0.0673523
Mismatch at sample  321: ref=-0.0585022, dut=-0.0587463
Mismatch at sample  322: ref=-0.183563, dut=-0.183777
Mismatch at sample  323: ref=-0.305542, dut=-0.305756
Mismatch at sample  357: ref=0.990997, dut=0.990784
Mismatch at sample  358: ref=0.999786, dut=0.999542
Mismatch at sample  359: ref=0.992798, dut=0.992523
Mismatch at sample  360: ref=0.970123, dut=0.969849
Mismatch at sample  361: ref=0.932098, dut=0.931824
Mismatch at sample  362: ref=0.879272, dut=0.878998
Mismatch at sample  363: ref=0.8125, dut=0.812195
Mismatch at sample  364: ref=0.732819, dut=0.732513
Mismatch at sample  365: ref=0.64151, dut=0.641205
Mismatch at sample  366: ref=0.54007, dut=0.539764
Mismatch at sample  367: ref=0.430084, dut=0.42981
Mismatch at sample  368: ref=0.313354, dut=0.31308
Mismatch at sample  369: ref=0.191772, dut=0.191498
Mismatch at sample  370: ref=0.0671997, dut=0.0669556
Mismatch at sample  371: ref=-0.0583191, dut=-0.0585327
Mismatch at sample  372: ref=-0.182831, dut=-0.183044
---------------------------------------
Testbench Results
Samples processed : 460
Mismatches        : 118
Status: FAIL [!!] (118 samples out of tolerance)
---------------------------------------
INFO [HLS SIM]: The maximum depth reached by any hls::stream() instance in the design is 460
INFO: [SIM 211-1] CSim done with 0 errors.
INFO: [SIM 211-3] *************** CSIM finish ***************
INFO: [HLS 200-112] Total CPU user time: 4 seconds. Total CPU system time: 2 seconds. Total elapsed time: 10.76 seconds; peak allocated memory: 274.062 MB.
INFO: [vitis-run 60-791] Total elapsed time: 0h 0m 16s
