================================================================
== Vivado Place & Route Results
================================================================
+ General Information:
    * Date:            Tue Nov 11 22:29:32 +0100 2025
    * Version:         2024.2 (Build 5238294 on Nov  8 2024)
    * Project:         Folded_FIR_HLS
    * Solution:        hls (Vivado IP Flow Target)
    * Product family:  zynquplus
    * Target device:   xck26-sfvc784-2LV-c


================================================================
== Run Constraints & Options
================================================================
+ Design Constraints & Options:
    * Place & Route target clock:  10 ns
    * C-Synthesis uncertainty:     27%

+ RTL Synthesis Options:
    * config_export -vivado_synth_strategy:     default
    * config_export -vivado_synth_design_args:  -directive sdx_optimization_effort_high

+ Place & Route Options:
    * config_export -vivado_impl_strategy:  default
    * config_export -vivado_phys_opt:       auto

+ Reporting Options:
    * config_export -vivado_report_level:      2
    * config_export -vivado_max_timing_paths:  10


================================================================
== Place & Route Resource Summary
================================================================
LUT:              4973
FF:               8527
DSP:              81
BRAM:             0
URAM:             0
SRL:              32


================================================================
== Place & Route Timing Summary
================================================================
* Timing was met
+----------------+-------------+
| Timing         | Period (ns) |
+----------------+-------------+
| Target         | 10.000      |
| Post-Synthesis | 4.429       |
| Post-Route     | 6.265       |
+----------------+-------------+


================================================================
== Place & Route Resources
================================================================
+-----------------------------------------------+------+------+-----+------+------+-----+--------+------+---------+----------+--------+
| Name                                          | LUT  | FF   | DSP | BRAM | URAM | SRL | Pragma | Impl | Latency | Variable | Source |
+-----------------------------------------------+------+------+-----+------+------+-----+--------+------+---------+----------+--------+
| inst                                          | 4973 | 8527 | 81  |      |      |     |        |      |         |          |        |
|   (inst)                                      |      | 24   |     |      |      |     |        |      |         |          |        |
|   grp_FIR_filter_fu_827                       | 4925 | 8429 | 81  |      |      |     |        |      |         |          |        |
|     (grp_FIR_filter_fu_827)                   | 3629 | 8429 |     |      |      |     |        |      |         |          |        |
|     am_addmul_16s_16s_10ns_28_4_1_U26         |      |      | 1   |      |      |     |        |      |         |          |        |
|     am_addmul_16s_16s_10ns_28_4_1_U28         |      |      | 1   |      |      |     |        |      |         |          |        |
|     am_addmul_16s_16s_10s_27_4_1_U19          |      |      | 1   |      |      |     |        |      |         |          |        |
|     am_addmul_16s_16s_10s_27_4_1_U20          |      |      | 1   |      |      |     |        |      |         |          |        |
|     am_addmul_16s_16s_10s_27_4_1_U23          |      |      | 1   |      |      |     |        |      |         |          |        |
|     am_addmul_16s_16s_11ns_28_4_1_U33         |      |      | 1   |      |      |     |        |      |         |          |        |
|     am_addmul_16s_16s_11s_28_4_1_U24          |      |      | 1   |      |      |     |        |      |         |          |        |
|     am_addmul_16s_16s_11s_28_4_1_U25          |      |      | 1   |      |      |     |        |      |         |          |        |
|     am_addmul_16s_16s_12ns_30_4_1_U34         |      |      | 1   |      |      |     |        |      |         |          |        |
|     am_addmul_16s_16s_12s_29_4_1_U30          |      |      | 1   |      |      |     |        |      |         |          |        |
|     am_addmul_16s_16s_12s_29_4_1_U31          |      |      | 1   |      |      |     |        |      |         |          |        |
|     am_addmul_16s_16s_12s_29_4_1_U32          |      |      | 1   |      |      |     |        |      |         |          |        |
|     am_addmul_16s_16s_13ns_31_4_1_U35         |      |      | 1   |      |      |     |        |      |         |          |        |
|     am_addmul_16s_16s_13ns_31_4_1_U36         |      |      | 1   |      |      |     |        |      |         |          |        |
|     am_addmul_16s_16s_8ns_26_4_1_U10          |      |      | 1   |      |      |     |        |      |         |          |        |
|     am_addmul_16s_16s_9ns_26_4_1_U14          |      |      | 1   |      |      |     |        |      |         |          |        |
|     am_addmul_16s_16s_9ns_27_4_1_U17          |      |      | 1   |      |      |     |        |      |         |          |        |
|     am_addmul_16s_16s_9ns_27_4_1_U21          |      |      | 1   |      |      |     |        |      |         |          |        |
|     am_addmul_16s_16s_9s_26_4_1_U12           |      |      | 1   |      |      |     |        |      |         |          |        |
|     am_addmul_17s_17s_7ns_25_4_1_U52          |      |      | 1   |      |      |     |        |      |         |          |        |
|     am_addmul_17s_17s_8s_26_4_1_U47           |      |      | 1   |      |      |     |        |      |         |          |        |
|     am_submul_17s_17s_6ns_25_4_1_U49          |      |      | 1   |      |      |     |        |      |         |          |        |
|     am_submul_17s_17s_8ns_26_4_1_U46          |      |      | 1   |      |      |     |        |      |         |          |        |
|     am_submul_17s_17s_9ns_27_4_1_U43          |      |      | 1   |      |      |     |        |      |         |          |        |
|     am_submul_18s_17s_7ns_27_4_1_U42          |      |      | 1   |      |      |     |        |      |         |          |        |
|     ama_addmuladd_16s_16s_10ns_27s_27_4_1_U64 | 2    |      | 1   |      |      |     |        |      |         |          |        |
|     ama_addmuladd_16s_16s_10ns_28s_28_4_1_U69 | 26   |      | 1   |      |      |     |        |      |         |          |        |
|     ama_addmuladd_16s_16s_10s_24s_26_4_1_U2   | 2    |      | 1   |      |      |     |        |      |         |          |        |
|     ama_addmuladd_16s_16s_10s_27s_27_4_1_U60  | 79   |      | 1   |      |      |     |        |      |         |          |        |
|     ama_addmuladd_16s_16s_10s_27s_27_4_1_U62  |      |      | 1   |      |      |     |        |      |         |          |        |
|     ama_addmuladd_16s_16s_10s_27s_27_4_1_U63  |      |      | 1   |      |      |     |        |      |         |          |        |
|     ama_addmuladd_16s_16s_10s_28s_28_4_1_U67  | 4    |      | 1   |      |      |     |        |      |         |          |        |
|     ama_addmuladd_16s_16s_11ns_28s_29_4_1_U27 | 2    |      | 1   |      |      |     |        |      |         |          |        |
|     ama_addmuladd_16s_16s_11s_20s_27_4_1_U29  |      |      | 1   |      |      |     |        |      |         |          |        |
|     ama_addmuladd_16s_16s_11s_27s_27_4_1_U65  | 49   |      | 1   |      |      |     |        |      |         |          |        |
|     ama_addmuladd_16s_16s_11s_28s_28_4_1_U66  | 6    |      | 1   |      |      |     |        |      |         |          |        |
|     ama_addmuladd_16s_16s_11s_29s_29_4_1_U73  | 1    |      | 1   |      |      |     |        |      |         |          |        |
|     ama_addmuladd_16s_16s_12s_29s_29_4_1_U71  | 83   |      | 1   |      |      |     |        |      |         |          |        |
|     ama_addmuladd_16s_16s_12s_29s_29_4_1_U72  | 1    |      | 1   |      |      |     |        |      |         |          |        |
|     ama_addmuladd_16s_16s_13ns_30s_30_4_1_U75 | 37   |      | 1   |      |      |     |        |      |         |          |        |
|     ama_addmuladd_16s_16s_13ns_31s_31_4_1_U76 | 3    |      | 1   |      |      |     |        |      |         |          |        |
|     ama_addmuladd_16s_16s_14ns_31s_31_4_1_U77 | 86   |      | 1   |      |      |     |        |      |         |          |        |
|     ama_addmuladd_16s_16s_6ns_22s_23_4_1_U3   | 21   |      | 1   |      |      |     |        |      |         |          |        |
|     ama_addmuladd_16s_16s_7ns_25s_25_4_1_U54  | 78   |      | 1   |      |      |     |        |      |         |          |        |
|     ama_addmuladd_16s_16s_7ns_25s_25_4_1_U55  | 56   |      | 1   |      |      |     |        |      |         |          |        |
|     ama_addmuladd_16s_16s_7ns_26s_26_4_1_U53  | 5    |      | 1   |      |      |     |        |      |         |          |        |
|     ama_addmuladd_16s_16s_7ns_27s_27_4_1_U16  | 22   |      | 1   |      |      |     |        |      |         |          |        |
|     ama_addmuladd_16s_16s_8ns_25s_26_4_1_U13  | 2    |      | 1   |      |      |     |        |      |         |          |        |
|     ama_addmuladd_16s_16s_8ns_26s_26_4_1_U57  |      |      | 1   |      |      |     |        |      |         |          |        |
|     ama_addmuladd_16s_16s_8ns_26s_26_4_1_U59  |      |      | 1   |      |      |     |        |      |         |          |        |
|     ama_addmuladd_16s_16s_8ns_26s_26_4_1_U7   | 48   |      | 1   |      |      |     |        |      |         |          |        |
|     ama_addmuladd_16s_16s_8ns_26s_26_4_1_U9   | 5    |      | 1   |      |      |     |        |      |         |          |        |
|     ama_addmuladd_16s_16s_8ns_26s_27_4_1_U80  | 4    |      | 1   |      |      |     |        |      |         |          |        |
|     ama_addmuladd_16s_16s_8s_24s_25_4_1_U4    | 68   |      | 1   |      |      |     |        |      |         |          |        |
|     ama_addmuladd_16s_16s_8s_26s_26_4_1_U5    | 23   |      | 1   |      |      |     |        |      |         |          |        |
|     ama_addmuladd_16s_16s_8s_26s_26_4_1_U56   | 82   |      | 1   |      |      |     |        |      |         |          |        |
|     ama_addmuladd_16s_16s_9ns_25s_26_4_1_U22  | 72   |      | 1   |      |      |     |        |      |         |          |        |
|     ama_addmuladd_16s_16s_9ns_26s_26_4_1_U68  | 2    |      | 1   |      |      |     |        |      |         |          |        |
|     ama_addmuladd_16s_16s_9ns_26s_27_4_1_U18  | 4    |      | 1   |      |      |     |        |      |         |          |        |
|     ama_addmuladd_16s_16s_9ns_27s_27_4_1_U61  | 5    |      | 1   |      |      |     |        |      |         |          |        |
|     ama_addmuladd_16s_16s_9ns_28s_28_4_1_U70  | 28   |      | 1   |      |      |     |        |      |         |          |        |
|     ama_addmuladd_16s_16s_9ns_28s_28_4_1_U74  | 1    |      | 1   |      |      |     |        |      |         |          |        |
|     ama_addmuladd_16s_16s_9s_26s_26_4_1_U11   | 17   |      | 1   |      |      |     |        |      |         |          |        |
|     ama_addmuladd_16s_16s_9s_26s_26_4_1_U15   | 23   |      | 1   |      |      |     |        |      |         |          |        |
|     ama_addmuladd_16s_16s_9s_26s_26_4_1_U58   | 27   |      | 1   |      |      |     |        |      |         |          |        |
|     ama_addmuladd_16s_16s_9s_26s_26_4_1_U6    | 21   |      | 1   |      |      |     |        |      |         |          |        |
|     ama_addmuladd_16s_16s_9s_27s_27_4_1_U8    | 102  |      | 2   |      |      |     |        |      |         |          |        |
|     ama_addmuladd_17s_17s_7s_24s_25_4_1_U48   | 2    |      | 1   |      |      |     |        |      |         |          |        |
|     ama_addmuladd_17s_17s_9s_25s_26_4_1_U45   |      |      | 1   |      |      |     |        |      |         |          |        |
|     ama_addmuladd_17s_17s_9s_27s_28_4_1_U44   | 21   |      | 1   |      |      |     |        |      |         |          |        |
|     ama_addmuladd_17s_17s_9s_27s_28_4_1_U81   | 6    |      | 1   |      |      |     |        |      |         |          |        |
|     ama_addmuladd_18s_17s_7ns_27s_27_4_1_U78  | 2    |      | 1   |      |      |     |        |      |         |          |        |
|     ama_addmuladd_18s_18s_6ns_26s_26_4_1_U37  | 51   |      | 1   |      |      |     |        |      |         |          |        |
|     ama_submuladd_17s_17s_5ns_22s_23_4_1_U51  | 52   |      | 1   |      |      |     |        |      |         |          |        |
|     ama_submuladd_17s_17s_5ns_24s_24_4_1_U50  | 22   |      | 1   |      |      |     |        |      |         |          |        |
|     ama_submuladd_17s_17s_6ns_26s_27_4_1_U79  | 4    |      | 1   |      |      |     |        |      |         |          |        |
|     ama_submuladd_17s_18s_6ns_23s_25_4_1_U40  | 27   |      | 1   |      |      |     |        |      |         |          |        |
|     ama_submuladd_17s_18s_7ns_26s_27_4_1_U38  | 2    |      | 1   |      |      |     |        |      |         |          |        |
|     ama_submuladd_18s_17s_6ns_22s_25_4_1_U41  | 25   |      | 1   |      |      |     |        |      |         |          |        |
|     ama_submuladd_18s_17s_7ns_25s_26_4_1_U39  | 22   |      | 1   |      |      |     |        |      |         |          |        |
|   regslice_both_input_r_U                     | 24   | 37   |     |      |      |     |        |      |         |          |        |
|   regslice_both_output_r_U                    | 25   | 37   |     |      |      |     |        |      |         |          |        |
+-----------------------------------------------+------+------+-----+------+------+-----+--------+------+---------+----------+--------+


================================================================
== Place & Route Fail Fast
================================================================
+-----------------------------------------------------------+-----------+--------+--------+
| Criteria                                                  | Guideline | Actual | Status |
+-----------------------------------------------------------+-----------+--------+--------+
| LUT                                                       | 70%       | 4.25%  | OK     |
| FD                                                        | 50%       | 3.64%  | OK     |
| LUTRAM+SRL                                                | 25%       | 0.06%  | OK     |
| CARRY8                                                    | 25%       | 5.12%  | OK     |
| MUXF7                                                     | 15%       | 0.00%  | OK     |
| DSP                                                       | 80%       | 6.49%  | OK     |
| RAMB/FIFO                                                 | 80%       | 0.00%  | OK     |
| URAM                                                      | 80%       | 0.00%  | OK     |
| DSP+RAMB+URAM (Avg)                                       | 70%       | 6.49%  | OK     |
| BUFGCE* + BUFGCTRL                                        | 24        | 0      | OK     |
| DONT_TOUCH (cells/nets)                                   | 0         | 0      | OK     |
| MARK_DEBUG (nets)                                         | 0         | 0      | OK     |
| Control Sets                                              | 2196      | 9      | OK     |
| Average Fanout for modules > 100k cells                   | 4         | 0.96   | OK     |
| Max Average Fanout for modules > 100k cells               | 4         | 0      | OK     |
| Non-FD high fanout nets > 10k loads                       | 0         | 0      | OK     |
+-----------------------------------------------------------+-----------+--------+--------+
| TIMING-6 (No common primary clock between related clocks) | 0         | 0      | OK     |
| TIMING-7 (No common node between related clocks)          | 0         | 0      | OK     |
| TIMING-8 (No common period between related clocks)        | 0         | 0      | OK     |
| TIMING-14 (LUT on the clock tree)                         | 0         | 0      | OK     |
| TIMING-35 (No common node in paths with the same clock)   | 0         | 0      | OK     |
+-----------------------------------------------------------+-----------+--------+--------+
| Number of paths above max LUT budgeting (0.391ns)         | 0         | 0      | OK     |
| Number of paths above max Net budgeting (0.263ns)         | 0         | 0      | OK     |
+-----------------------------------------------------------+-----------+--------+--------+


================================================================
== Place & Route Timing Paths
================================================================
* Timing was met
+-------+-------+-------------------------------------------------------+--------------------------------------------+--------------+------------+----------------+----------------+--------------+
| Path  | SLACK | STARTPOINT PIN                                        | ENDPOINT PIN                               | LOGIC LEVELS | MAX FANOUT | DATAPATH DELAY | DATAPATH LOGIC | DATAPATH NET |
|       |       |                                                       |                                            |              |            |                |          DELAY |        DELAY |
+-------+-------+-------------------------------------------------------+--------------------------------------------+--------------+------------+----------------+----------------+--------------+
| Path1 | 3.735 | grp_FIR_filter_fu_827/add_ln31_241_reg_11672_reg[4]/C | regslice_both_output_r_U/data_p1_reg[15]/D |           16 |          2 |          6.262 |          2.705 |        3.557 |
| Path2 | 3.855 | grp_FIR_filter_fu_827/add_ln31_241_reg_11672_reg[4]/C | regslice_both_output_r_U/data_p1_reg[12]/D |           16 |          2 |          6.140 |          2.701 |        3.439 |
| Path3 | 3.901 | grp_FIR_filter_fu_827/add_ln31_241_reg_11672_reg[4]/C | regslice_both_output_r_U/data_p1_reg[10]/D |           16 |          2 |          6.094 |          2.674 |        3.420 |
| Path4 | 3.910 | grp_FIR_filter_fu_827/add_ln31_241_reg_11672_reg[4]/C | regslice_both_output_r_U/data_p1_reg[7]/D  |           15 |          2 |          6.086 |          2.697 |        3.389 |
| Path5 | 3.920 | grp_FIR_filter_fu_827/add_ln31_241_reg_11672_reg[4]/C | regslice_both_output_r_U/data_p1_reg[4]/D  |           15 |          2 |          6.075 |          2.503 |        3.572 |
+-------+-------+-------------------------------------------------------+--------------------------------------------+--------------+------------+----------------+----------------+--------------+

    +-----------------------------------------------------+-------------------+
    | Path1 Cells                                         | Primitive Type    |
    +-----------------------------------------------------+-------------------+
    | grp_FIR_filter_fu_827/add_ln31_241_reg_11672_reg[4] | REGISTER.SDR.FDRE |
    | grp_FIR_filter_fu_827/data_p2[7]_i_126              | CLB.LUT.LUT2      |
    | grp_FIR_filter_fu_827/data_p2_reg[7]_i_99           | CLB.CARRY.CARRY8  |
    | grp_FIR_filter_fu_827/data_p2_reg[15]_i_162         | CLB.CARRY.CARRY8  |
    | grp_FIR_filter_fu_827/data_p2[15]_i_169             | CLB.LUT.LUT2      |
    | grp_FIR_filter_fu_827/data_p2_reg[15]_i_97          | CLB.CARRY.CARRY8  |
    | grp_FIR_filter_fu_827/data_p2[15]_i_103             | CLB.LUT.LUT2      |
    | grp_FIR_filter_fu_827/data_p2_reg[15]_i_55          | CLB.CARRY.CARRY8  |
    | grp_FIR_filter_fu_827/data_p2[7]_i_49               | CLB.LUT.LUT3      |
    | grp_FIR_filter_fu_827/data_p2[7]_i_57               | CLB.LUT.LUT4      |
    | grp_FIR_filter_fu_827/data_p2_reg[7]_i_27           | CLB.CARRY.CARRY8  |
    | grp_FIR_filter_fu_827/data_p2_reg[15]_i_18          | CLB.CARRY.CARRY8  |
    | grp_FIR_filter_fu_827/data_p2[7]_i_7                | CLB.LUT.LUT3      |
    | grp_FIR_filter_fu_827/data_p2[7]_i_15               | CLB.LUT.LUT4      |
    | grp_FIR_filter_fu_827/data_p2_reg[7]_i_1            | CLB.CARRY.CARRY8  |
    | grp_FIR_filter_fu_827/data_p2_reg[15]_i_2           | CLB.CARRY.CARRY8  |
    | regslice_both_output_r_U/data_p1[15]_i_2            | CLB.LUT.LUT4      |
    | regslice_both_output_r_U/data_p1_reg[15]            | REGISTER.SDR.FDRE |
    | grp_FIR_filter_fu_827/add_ln31_241_reg_11672_reg[4] | REGISTER.SDR.FDRE |
    | grp_FIR_filter_fu_827/data_p2[7]_i_126              | CLB.LUT.LUT2      |
    | grp_FIR_filter_fu_827/data_p2_reg[7]_i_99           | CLB.CARRY.CARRY8  |
    | grp_FIR_filter_fu_827/data_p2_reg[15]_i_162         | CLB.CARRY.CARRY8  |
    | grp_FIR_filter_fu_827/data_p2[15]_i_169             | CLB.LUT.LUT2      |
    | grp_FIR_filter_fu_827/data_p2_reg[15]_i_97          | CLB.CARRY.CARRY8  |
    | grp_FIR_filter_fu_827/data_p2[15]_i_103             | CLB.LUT.LUT2      |
    | grp_FIR_filter_fu_827/data_p2_reg[15]_i_55          | CLB.CARRY.CARRY8  |
    | grp_FIR_filter_fu_827/data_p2[7]_i_49               | CLB.LUT.LUT3      |
    | grp_FIR_filter_fu_827/data_p2[7]_i_57               | CLB.LUT.LUT4      |
    | grp_FIR_filter_fu_827/data_p2_reg[7]_i_27           | CLB.CARRY.CARRY8  |
    | grp_FIR_filter_fu_827/data_p2_reg[15]_i_18          | CLB.CARRY.CARRY8  |
    | grp_FIR_filter_fu_827/data_p2[7]_i_7                | CLB.LUT.LUT3      |
    | grp_FIR_filter_fu_827/data_p2[7]_i_15               | CLB.LUT.LUT4      |
    | grp_FIR_filter_fu_827/data_p2_reg[7]_i_1            | CLB.CARRY.CARRY8  |
    | grp_FIR_filter_fu_827/data_p2_reg[15]_i_2           | CLB.CARRY.CARRY8  |
    | regslice_both_output_r_U/data_p1[12]_i_1            | CLB.LUT.LUT4      |
    | regslice_both_output_r_U/data_p1_reg[12]            | REGISTER.SDR.FDRE |
    | grp_FIR_filter_fu_827/add_ln31_241_reg_11672_reg[4] | REGISTER.SDR.FDRE |
    | grp_FIR_filter_fu_827/data_p2[7]_i_126              | CLB.LUT.LUT2      |
    | grp_FIR_filter_fu_827/data_p2_reg[7]_i_99           | CLB.CARRY.CARRY8  |
    | grp_FIR_filter_fu_827/data_p2_reg[15]_i_162         | CLB.CARRY.CARRY8  |
    | grp_FIR_filter_fu_827/data_p2[15]_i_169             | CLB.LUT.LUT2      |
    | grp_FIR_filter_fu_827/data_p2_reg[15]_i_97          | CLB.CARRY.CARRY8  |
    | grp_FIR_filter_fu_827/data_p2[15]_i_103             | CLB.LUT.LUT2      |
    | grp_FIR_filter_fu_827/data_p2_reg[15]_i_55          | CLB.CARRY.CARRY8  |
    | grp_FIR_filter_fu_827/data_p2[7]_i_49               | CLB.LUT.LUT3      |
    | grp_FIR_filter_fu_827/data_p2[7]_i_57               | CLB.LUT.LUT4      |
    | grp_FIR_filter_fu_827/data_p2_reg[7]_i_27           | CLB.CARRY.CARRY8  |
    | grp_FIR_filter_fu_827/data_p2_reg[15]_i_18          | CLB.CARRY.CARRY8  |
    | grp_FIR_filter_fu_827/data_p2[7]_i_7                | CLB.LUT.LUT3      |
    | grp_FIR_filter_fu_827/data_p2[7]_i_15               | CLB.LUT.LUT4      |
    | grp_FIR_filter_fu_827/data_p2_reg[7]_i_1            | CLB.CARRY.CARRY8  |
    | grp_FIR_filter_fu_827/data_p2_reg[15]_i_2           | CLB.CARRY.CARRY8  |
    | regslice_both_output_r_U/data_p1[10]_i_1            | CLB.LUT.LUT4      |
    | regslice_both_output_r_U/data_p1_reg[10]            | REGISTER.SDR.FDRE |
    | grp_FIR_filter_fu_827/add_ln31_241_reg_11672_reg[4] | REGISTER.SDR.FDRE |
    | grp_FIR_filter_fu_827/data_p2[7]_i_126              | CLB.LUT.LUT2      |
    | grp_FIR_filter_fu_827/data_p2_reg[7]_i_99           | CLB.CARRY.CARRY8  |
    | grp_FIR_filter_fu_827/data_p2_reg[15]_i_162         | CLB.CARRY.CARRY8  |
    | grp_FIR_filter_fu_827/data_p2[15]_i_169             | CLB.LUT.LUT2      |
    | grp_FIR_filter_fu_827/data_p2_reg[15]_i_97          | CLB.CARRY.CARRY8  |
    | grp_FIR_filter_fu_827/data_p2[15]_i_103             | CLB.LUT.LUT2      |
    | grp_FIR_filter_fu_827/data_p2_reg[15]_i_55          | CLB.CARRY.CARRY8  |
    | grp_FIR_filter_fu_827/data_p2[7]_i_49               | CLB.LUT.LUT3      |
    | grp_FIR_filter_fu_827/data_p2[7]_i_57               | CLB.LUT.LUT4      |
    | grp_FIR_filter_fu_827/data_p2_reg[7]_i_27           | CLB.CARRY.CARRY8  |
    | grp_FIR_filter_fu_827/data_p2[7]_i_21               | CLB.LUT.LUT3      |
    | grp_FIR_filter_fu_827/data_p2[7]_i_29               | CLB.LUT.LUT4      |
    | grp_FIR_filter_fu_827/data_p2_reg[7]_i_2            | CLB.CARRY.CARRY8  |
    | grp_FIR_filter_fu_827/data_p2_reg[7]_i_1            | CLB.CARRY.CARRY8  |
    | regslice_both_output_r_U/data_p1[7]_i_1             | CLB.LUT.LUT4      |
    | regslice_both_output_r_U/data_p1_reg[7]             | REGISTER.SDR.FDRE |
    | grp_FIR_filter_fu_827/add_ln31_241_reg_11672_reg[4] | REGISTER.SDR.FDRE |
    | grp_FIR_filter_fu_827/data_p2[7]_i_126              | CLB.LUT.LUT2      |
    | grp_FIR_filter_fu_827/data_p2_reg[7]_i_99           | CLB.CARRY.CARRY8  |
    | grp_FIR_filter_fu_827/data_p2_reg[15]_i_162         | CLB.CARRY.CARRY8  |
    | grp_FIR_filter_fu_827/data_p2[15]_i_169             | CLB.LUT.LUT2      |
    | grp_FIR_filter_fu_827/data_p2_reg[15]_i_97          | CLB.CARRY.CARRY8  |
    | grp_FIR_filter_fu_827/data_p2[15]_i_103             | CLB.LUT.LUT2      |
    | grp_FIR_filter_fu_827/data_p2_reg[15]_i_55          | CLB.CARRY.CARRY8  |
    | grp_FIR_filter_fu_827/data_p2[7]_i_49               | CLB.LUT.LUT3      |
    | grp_FIR_filter_fu_827/data_p2[7]_i_57               | CLB.LUT.LUT4      |
    | grp_FIR_filter_fu_827/data_p2_reg[7]_i_27           | CLB.CARRY.CARRY8  |
    | grp_FIR_filter_fu_827/data_p2[7]_i_21               | CLB.LUT.LUT3      |
    | grp_FIR_filter_fu_827/data_p2[7]_i_29               | CLB.LUT.LUT4      |
    | grp_FIR_filter_fu_827/data_p2_reg[7]_i_2            | CLB.CARRY.CARRY8  |
    | grp_FIR_filter_fu_827/data_p2_reg[7]_i_1            | CLB.CARRY.CARRY8  |
    | regslice_both_output_r_U/data_p1[4]_i_1             | CLB.LUT.LUT4      |
    | regslice_both_output_r_U/data_p1_reg[4]             | REGISTER.SDR.FDRE |
    +-----------------------------------------------------+-------------------+

    +-----------------------------------------------------+-------------------+
    | Path2 Cells                                         | Primitive Type    |
    +-----------------------------------------------------+-------------------+
    | grp_FIR_filter_fu_827/add_ln31_241_reg_11672_reg[4] | REGISTER.SDR.FDRE |
    | grp_FIR_filter_fu_827/data_p2[7]_i_126              | CLB.LUT.LUT2      |
    | grp_FIR_filter_fu_827/data_p2_reg[7]_i_99           | CLB.CARRY.CARRY8  |
    | grp_FIR_filter_fu_827/data_p2_reg[15]_i_162         | CLB.CARRY.CARRY8  |
    | grp_FIR_filter_fu_827/data_p2[15]_i_169             | CLB.LUT.LUT2      |
    | grp_FIR_filter_fu_827/data_p2_reg[15]_i_97          | CLB.CARRY.CARRY8  |
    | grp_FIR_filter_fu_827/data_p2[15]_i_103             | CLB.LUT.LUT2      |
    | grp_FIR_filter_fu_827/data_p2_reg[15]_i_55          | CLB.CARRY.CARRY8  |
    | grp_FIR_filter_fu_827/data_p2[7]_i_49               | CLB.LUT.LUT3      |
    | grp_FIR_filter_fu_827/data_p2[7]_i_57               | CLB.LUT.LUT4      |
    | grp_FIR_filter_fu_827/data_p2_reg[7]_i_27           | CLB.CARRY.CARRY8  |
    | grp_FIR_filter_fu_827/data_p2_reg[15]_i_18          | CLB.CARRY.CARRY8  |
    | grp_FIR_filter_fu_827/data_p2[7]_i_7                | CLB.LUT.LUT3      |
    | grp_FIR_filter_fu_827/data_p2[7]_i_15               | CLB.LUT.LUT4      |
    | grp_FIR_filter_fu_827/data_p2_reg[7]_i_1            | CLB.CARRY.CARRY8  |
    | grp_FIR_filter_fu_827/data_p2_reg[15]_i_2           | CLB.CARRY.CARRY8  |
    | regslice_both_output_r_U/data_p1[15]_i_2            | CLB.LUT.LUT4      |
    | regslice_both_output_r_U/data_p1_reg[15]            | REGISTER.SDR.FDRE |
    | grp_FIR_filter_fu_827/add_ln31_241_reg_11672_reg[4] | REGISTER.SDR.FDRE |
    | grp_FIR_filter_fu_827/data_p2[7]_i_126              | CLB.LUT.LUT2      |
    | grp_FIR_filter_fu_827/data_p2_reg[7]_i_99           | CLB.CARRY.CARRY8  |
    | grp_FIR_filter_fu_827/data_p2_reg[15]_i_162         | CLB.CARRY.CARRY8  |
    | grp_FIR_filter_fu_827/data_p2[15]_i_169             | CLB.LUT.LUT2      |
    | grp_FIR_filter_fu_827/data_p2_reg[15]_i_97          | CLB.CARRY.CARRY8  |
    | grp_FIR_filter_fu_827/data_p2[15]_i_103             | CLB.LUT.LUT2      |
    | grp_FIR_filter_fu_827/data_p2_reg[15]_i_55          | CLB.CARRY.CARRY8  |
    | grp_FIR_filter_fu_827/data_p2[7]_i_49               | CLB.LUT.LUT3      |
    | grp_FIR_filter_fu_827/data_p2[7]_i_57               | CLB.LUT.LUT4      |
    | grp_FIR_filter_fu_827/data_p2_reg[7]_i_27           | CLB.CARRY.CARRY8  |
    | grp_FIR_filter_fu_827/data_p2_reg[15]_i_18          | CLB.CARRY.CARRY8  |
    | grp_FIR_filter_fu_827/data_p2[7]_i_7                | CLB.LUT.LUT3      |
    | grp_FIR_filter_fu_827/data_p2[7]_i_15               | CLB.LUT.LUT4      |
    | grp_FIR_filter_fu_827/data_p2_reg[7]_i_1            | CLB.CARRY.CARRY8  |
    | grp_FIR_filter_fu_827/data_p2_reg[15]_i_2           | CLB.CARRY.CARRY8  |
    | regslice_both_output_r_U/data_p1[12]_i_1            | CLB.LUT.LUT4      |
    | regslice_both_output_r_U/data_p1_reg[12]            | REGISTER.SDR.FDRE |
    | grp_FIR_filter_fu_827/add_ln31_241_reg_11672_reg[4] | REGISTER.SDR.FDRE |
    | grp_FIR_filter_fu_827/data_p2[7]_i_126              | CLB.LUT.LUT2      |
    | grp_FIR_filter_fu_827/data_p2_reg[7]_i_99           | CLB.CARRY.CARRY8  |
    | grp_FIR_filter_fu_827/data_p2_reg[15]_i_162         | CLB.CARRY.CARRY8  |
    | grp_FIR_filter_fu_827/data_p2[15]_i_169             | CLB.LUT.LUT2      |
    | grp_FIR_filter_fu_827/data_p2_reg[15]_i_97          | CLB.CARRY.CARRY8  |
    | grp_FIR_filter_fu_827/data_p2[15]_i_103             | CLB.LUT.LUT2      |
    | grp_FIR_filter_fu_827/data_p2_reg[15]_i_55          | CLB.CARRY.CARRY8  |
    | grp_FIR_filter_fu_827/data_p2[7]_i_49               | CLB.LUT.LUT3      |
    | grp_FIR_filter_fu_827/data_p2[7]_i_57               | CLB.LUT.LUT4      |
    | grp_FIR_filter_fu_827/data_p2_reg[7]_i_27           | CLB.CARRY.CARRY8  |
    | grp_FIR_filter_fu_827/data_p2_reg[15]_i_18          | CLB.CARRY.CARRY8  |
    | grp_FIR_filter_fu_827/data_p2[7]_i_7                | CLB.LUT.LUT3      |
    | grp_FIR_filter_fu_827/data_p2[7]_i_15               | CLB.LUT.LUT4      |
    | grp_FIR_filter_fu_827/data_p2_reg[7]_i_1            | CLB.CARRY.CARRY8  |
    | grp_FIR_filter_fu_827/data_p2_reg[15]_i_2           | CLB.CARRY.CARRY8  |
    | regslice_both_output_r_U/data_p1[10]_i_1            | CLB.LUT.LUT4      |
    | regslice_both_output_r_U/data_p1_reg[10]            | REGISTER.SDR.FDRE |
    | grp_FIR_filter_fu_827/add_ln31_241_reg_11672_reg[4] | REGISTER.SDR.FDRE |
    | grp_FIR_filter_fu_827/data_p2[7]_i_126              | CLB.LUT.LUT2      |
    | grp_FIR_filter_fu_827/data_p2_reg[7]_i_99           | CLB.CARRY.CARRY8  |
    | grp_FIR_filter_fu_827/data_p2_reg[15]_i_162         | CLB.CARRY.CARRY8  |
    | grp_FIR_filter_fu_827/data_p2[15]_i_169             | CLB.LUT.LUT2      |
    | grp_FIR_filter_fu_827/data_p2_reg[15]_i_97          | CLB.CARRY.CARRY8  |
    | grp_FIR_filter_fu_827/data_p2[15]_i_103             | CLB.LUT.LUT2      |
    | grp_FIR_filter_fu_827/data_p2_reg[15]_i_55          | CLB.CARRY.CARRY8  |
    | grp_FIR_filter_fu_827/data_p2[7]_i_49               | CLB.LUT.LUT3      |
    | grp_FIR_filter_fu_827/data_p2[7]_i_57               | CLB.LUT.LUT4      |
    | grp_FIR_filter_fu_827/data_p2_reg[7]_i_27           | CLB.CARRY.CARRY8  |
    | grp_FIR_filter_fu_827/data_p2[7]_i_21               | CLB.LUT.LUT3      |
    | grp_FIR_filter_fu_827/data_p2[7]_i_29               | CLB.LUT.LUT4      |
    | grp_FIR_filter_fu_827/data_p2_reg[7]_i_2            | CLB.CARRY.CARRY8  |
    | grp_FIR_filter_fu_827/data_p2_reg[7]_i_1            | CLB.CARRY.CARRY8  |
    | regslice_both_output_r_U/data_p1[7]_i_1             | CLB.LUT.LUT4      |
    | regslice_both_output_r_U/data_p1_reg[7]             | REGISTER.SDR.FDRE |
    | grp_FIR_filter_fu_827/add_ln31_241_reg_11672_reg[4] | REGISTER.SDR.FDRE |
    | grp_FIR_filter_fu_827/data_p2[7]_i_126              | CLB.LUT.LUT2      |
    | grp_FIR_filter_fu_827/data_p2_reg[7]_i_99           | CLB.CARRY.CARRY8  |
    | grp_FIR_filter_fu_827/data_p2_reg[15]_i_162         | CLB.CARRY.CARRY8  |
    | grp_FIR_filter_fu_827/data_p2[15]_i_169             | CLB.LUT.LUT2      |
    | grp_FIR_filter_fu_827/data_p2_reg[15]_i_97          | CLB.CARRY.CARRY8  |
    | grp_FIR_filter_fu_827/data_p2[15]_i_103             | CLB.LUT.LUT2      |
    | grp_FIR_filter_fu_827/data_p2_reg[15]_i_55          | CLB.CARRY.CARRY8  |
    | grp_FIR_filter_fu_827/data_p2[7]_i_49               | CLB.LUT.LUT3      |
    | grp_FIR_filter_fu_827/data_p2[7]_i_57               | CLB.LUT.LUT4      |
    | grp_FIR_filter_fu_827/data_p2_reg[7]_i_27           | CLB.CARRY.CARRY8  |
    | grp_FIR_filter_fu_827/data_p2[7]_i_21               | CLB.LUT.LUT3      |
    | grp_FIR_filter_fu_827/data_p2[7]_i_29               | CLB.LUT.LUT4      |
    | grp_FIR_filter_fu_827/data_p2_reg[7]_i_2            | CLB.CARRY.CARRY8  |
    | grp_FIR_filter_fu_827/data_p2_reg[7]_i_1            | CLB.CARRY.CARRY8  |
    | regslice_both_output_r_U/data_p1[4]_i_1             | CLB.LUT.LUT4      |
    | regslice_both_output_r_U/data_p1_reg[4]             | REGISTER.SDR.FDRE |
    +-----------------------------------------------------+-------------------+

    +-----------------------------------------------------+-------------------+
    | Path3 Cells                                         | Primitive Type    |
    +-----------------------------------------------------+-------------------+
    | grp_FIR_filter_fu_827/add_ln31_241_reg_11672_reg[4] | REGISTER.SDR.FDRE |
    | grp_FIR_filter_fu_827/data_p2[7]_i_126              | CLB.LUT.LUT2      |
    | grp_FIR_filter_fu_827/data_p2_reg[7]_i_99           | CLB.CARRY.CARRY8  |
    | grp_FIR_filter_fu_827/data_p2_reg[15]_i_162         | CLB.CARRY.CARRY8  |
    | grp_FIR_filter_fu_827/data_p2[15]_i_169             | CLB.LUT.LUT2      |
    | grp_FIR_filter_fu_827/data_p2_reg[15]_i_97          | CLB.CARRY.CARRY8  |
    | grp_FIR_filter_fu_827/data_p2[15]_i_103             | CLB.LUT.LUT2      |
    | grp_FIR_filter_fu_827/data_p2_reg[15]_i_55          | CLB.CARRY.CARRY8  |
    | grp_FIR_filter_fu_827/data_p2[7]_i_49               | CLB.LUT.LUT3      |
    | grp_FIR_filter_fu_827/data_p2[7]_i_57               | CLB.LUT.LUT4      |
    | grp_FIR_filter_fu_827/data_p2_reg[7]_i_27           | CLB.CARRY.CARRY8  |
    | grp_FIR_filter_fu_827/data_p2_reg[15]_i_18          | CLB.CARRY.CARRY8  |
    | grp_FIR_filter_fu_827/data_p2[7]_i_7                | CLB.LUT.LUT3      |
    | grp_FIR_filter_fu_827/data_p2[7]_i_15               | CLB.LUT.LUT4      |
    | grp_FIR_filter_fu_827/data_p2_reg[7]_i_1            | CLB.CARRY.CARRY8  |
    | grp_FIR_filter_fu_827/data_p2_reg[15]_i_2           | CLB.CARRY.CARRY8  |
    | regslice_both_output_r_U/data_p1[15]_i_2            | CLB.LUT.LUT4      |
    | regslice_both_output_r_U/data_p1_reg[15]            | REGISTER.SDR.FDRE |
    | grp_FIR_filter_fu_827/add_ln31_241_reg_11672_reg[4] | REGISTER.SDR.FDRE |
    | grp_FIR_filter_fu_827/data_p2[7]_i_126              | CLB.LUT.LUT2      |
    | grp_FIR_filter_fu_827/data_p2_reg[7]_i_99           | CLB.CARRY.CARRY8  |
    | grp_FIR_filter_fu_827/data_p2_reg[15]_i_162         | CLB.CARRY.CARRY8  |
    | grp_FIR_filter_fu_827/data_p2[15]_i_169             | CLB.LUT.LUT2      |
    | grp_FIR_filter_fu_827/data_p2_reg[15]_i_97          | CLB.CARRY.CARRY8  |
    | grp_FIR_filter_fu_827/data_p2[15]_i_103             | CLB.LUT.LUT2      |
    | grp_FIR_filter_fu_827/data_p2_reg[15]_i_55          | CLB.CARRY.CARRY8  |
    | grp_FIR_filter_fu_827/data_p2[7]_i_49               | CLB.LUT.LUT3      |
    | grp_FIR_filter_fu_827/data_p2[7]_i_57               | CLB.LUT.LUT4      |
    | grp_FIR_filter_fu_827/data_p2_reg[7]_i_27           | CLB.CARRY.CARRY8  |
    | grp_FIR_filter_fu_827/data_p2_reg[15]_i_18          | CLB.CARRY.CARRY8  |
    | grp_FIR_filter_fu_827/data_p2[7]_i_7                | CLB.LUT.LUT3      |
    | grp_FIR_filter_fu_827/data_p2[7]_i_15               | CLB.LUT.LUT4      |
    | grp_FIR_filter_fu_827/data_p2_reg[7]_i_1            | CLB.CARRY.CARRY8  |
    | grp_FIR_filter_fu_827/data_p2_reg[15]_i_2           | CLB.CARRY.CARRY8  |
    | regslice_both_output_r_U/data_p1[12]_i_1            | CLB.LUT.LUT4      |
    | regslice_both_output_r_U/data_p1_reg[12]            | REGISTER.SDR.FDRE |
    | grp_FIR_filter_fu_827/add_ln31_241_reg_11672_reg[4] | REGISTER.SDR.FDRE |
    | grp_FIR_filter_fu_827/data_p2[7]_i_126              | CLB.LUT.LUT2      |
    | grp_FIR_filter_fu_827/data_p2_reg[7]_i_99           | CLB.CARRY.CARRY8  |
    | grp_FIR_filter_fu_827/data_p2_reg[15]_i_162         | CLB.CARRY.CARRY8  |
    | grp_FIR_filter_fu_827/data_p2[15]_i_169             | CLB.LUT.LUT2      |
    | grp_FIR_filter_fu_827/data_p2_reg[15]_i_97          | CLB.CARRY.CARRY8  |
    | grp_FIR_filter_fu_827/data_p2[15]_i_103             | CLB.LUT.LUT2      |
    | grp_FIR_filter_fu_827/data_p2_reg[15]_i_55          | CLB.CARRY.CARRY8  |
    | grp_FIR_filter_fu_827/data_p2[7]_i_49               | CLB.LUT.LUT3      |
    | grp_FIR_filter_fu_827/data_p2[7]_i_57               | CLB.LUT.LUT4      |
    | grp_FIR_filter_fu_827/data_p2_reg[7]_i_27           | CLB.CARRY.CARRY8  |
    | grp_FIR_filter_fu_827/data_p2_reg[15]_i_18          | CLB.CARRY.CARRY8  |
    | grp_FIR_filter_fu_827/data_p2[7]_i_7                | CLB.LUT.LUT3      |
    | grp_FIR_filter_fu_827/data_p2[7]_i_15               | CLB.LUT.LUT4      |
    | grp_FIR_filter_fu_827/data_p2_reg[7]_i_1            | CLB.CARRY.CARRY8  |
    | grp_FIR_filter_fu_827/data_p2_reg[15]_i_2           | CLB.CARRY.CARRY8  |
    | regslice_both_output_r_U/data_p1[10]_i_1            | CLB.LUT.LUT4      |
    | regslice_both_output_r_U/data_p1_reg[10]            | REGISTER.SDR.FDRE |
    | grp_FIR_filter_fu_827/add_ln31_241_reg_11672_reg[4] | REGISTER.SDR.FDRE |
    | grp_FIR_filter_fu_827/data_p2[7]_i_126              | CLB.LUT.LUT2      |
    | grp_FIR_filter_fu_827/data_p2_reg[7]_i_99           | CLB.CARRY.CARRY8  |
    | grp_FIR_filter_fu_827/data_p2_reg[15]_i_162         | CLB.CARRY.CARRY8  |
    | grp_FIR_filter_fu_827/data_p2[15]_i_169             | CLB.LUT.LUT2      |
    | grp_FIR_filter_fu_827/data_p2_reg[15]_i_97          | CLB.CARRY.CARRY8  |
    | grp_FIR_filter_fu_827/data_p2[15]_i_103             | CLB.LUT.LUT2      |
    | grp_FIR_filter_fu_827/data_p2_reg[15]_i_55          | CLB.CARRY.CARRY8  |
    | grp_FIR_filter_fu_827/data_p2[7]_i_49               | CLB.LUT.LUT3      |
    | grp_FIR_filter_fu_827/data_p2[7]_i_57               | CLB.LUT.LUT4      |
    | grp_FIR_filter_fu_827/data_p2_reg[7]_i_27           | CLB.CARRY.CARRY8  |
    | grp_FIR_filter_fu_827/data_p2[7]_i_21               | CLB.LUT.LUT3      |
    | grp_FIR_filter_fu_827/data_p2[7]_i_29               | CLB.LUT.LUT4      |
    | grp_FIR_filter_fu_827/data_p2_reg[7]_i_2            | CLB.CARRY.CARRY8  |
    | grp_FIR_filter_fu_827/data_p2_reg[7]_i_1            | CLB.CARRY.CARRY8  |
    | regslice_both_output_r_U/data_p1[7]_i_1             | CLB.LUT.LUT4      |
    | regslice_both_output_r_U/data_p1_reg[7]             | REGISTER.SDR.FDRE |
    | grp_FIR_filter_fu_827/add_ln31_241_reg_11672_reg[4] | REGISTER.SDR.FDRE |
    | grp_FIR_filter_fu_827/data_p2[7]_i_126              | CLB.LUT.LUT2      |
    | grp_FIR_filter_fu_827/data_p2_reg[7]_i_99           | CLB.CARRY.CARRY8  |
    | grp_FIR_filter_fu_827/data_p2_reg[15]_i_162         | CLB.CARRY.CARRY8  |
    | grp_FIR_filter_fu_827/data_p2[15]_i_169             | CLB.LUT.LUT2      |
    | grp_FIR_filter_fu_827/data_p2_reg[15]_i_97          | CLB.CARRY.CARRY8  |
    | grp_FIR_filter_fu_827/data_p2[15]_i_103             | CLB.LUT.LUT2      |
    | grp_FIR_filter_fu_827/data_p2_reg[15]_i_55          | CLB.CARRY.CARRY8  |
    | grp_FIR_filter_fu_827/data_p2[7]_i_49               | CLB.LUT.LUT3      |
    | grp_FIR_filter_fu_827/data_p2[7]_i_57               | CLB.LUT.LUT4      |
    | grp_FIR_filter_fu_827/data_p2_reg[7]_i_27           | CLB.CARRY.CARRY8  |
    | grp_FIR_filter_fu_827/data_p2[7]_i_21               | CLB.LUT.LUT3      |
    | grp_FIR_filter_fu_827/data_p2[7]_i_29               | CLB.LUT.LUT4      |
    | grp_FIR_filter_fu_827/data_p2_reg[7]_i_2            | CLB.CARRY.CARRY8  |
    | grp_FIR_filter_fu_827/data_p2_reg[7]_i_1            | CLB.CARRY.CARRY8  |
    | regslice_both_output_r_U/data_p1[4]_i_1             | CLB.LUT.LUT4      |
    | regslice_both_output_r_U/data_p1_reg[4]             | REGISTER.SDR.FDRE |
    +-----------------------------------------------------+-------------------+

    +-----------------------------------------------------+-------------------+
    | Path4 Cells                                         | Primitive Type    |
    +-----------------------------------------------------+-------------------+
    | grp_FIR_filter_fu_827/add_ln31_241_reg_11672_reg[4] | REGISTER.SDR.FDRE |
    | grp_FIR_filter_fu_827/data_p2[7]_i_126              | CLB.LUT.LUT2      |
    | grp_FIR_filter_fu_827/data_p2_reg[7]_i_99           | CLB.CARRY.CARRY8  |
    | grp_FIR_filter_fu_827/data_p2_reg[15]_i_162         | CLB.CARRY.CARRY8  |
    | grp_FIR_filter_fu_827/data_p2[15]_i_169             | CLB.LUT.LUT2      |
    | grp_FIR_filter_fu_827/data_p2_reg[15]_i_97          | CLB.CARRY.CARRY8  |
    | grp_FIR_filter_fu_827/data_p2[15]_i_103             | CLB.LUT.LUT2      |
    | grp_FIR_filter_fu_827/data_p2_reg[15]_i_55          | CLB.CARRY.CARRY8  |
    | grp_FIR_filter_fu_827/data_p2[7]_i_49               | CLB.LUT.LUT3      |
    | grp_FIR_filter_fu_827/data_p2[7]_i_57               | CLB.LUT.LUT4      |
    | grp_FIR_filter_fu_827/data_p2_reg[7]_i_27           | CLB.CARRY.CARRY8  |
    | grp_FIR_filter_fu_827/data_p2_reg[15]_i_18          | CLB.CARRY.CARRY8  |
    | grp_FIR_filter_fu_827/data_p2[7]_i_7                | CLB.LUT.LUT3      |
    | grp_FIR_filter_fu_827/data_p2[7]_i_15               | CLB.LUT.LUT4      |
    | grp_FIR_filter_fu_827/data_p2_reg[7]_i_1            | CLB.CARRY.CARRY8  |
    | grp_FIR_filter_fu_827/data_p2_reg[15]_i_2           | CLB.CARRY.CARRY8  |
    | regslice_both_output_r_U/data_p1[15]_i_2            | CLB.LUT.LUT4      |
    | regslice_both_output_r_U/data_p1_reg[15]            | REGISTER.SDR.FDRE |
    | grp_FIR_filter_fu_827/add_ln31_241_reg_11672_reg[4] | REGISTER.SDR.FDRE |
    | grp_FIR_filter_fu_827/data_p2[7]_i_126              | CLB.LUT.LUT2      |
    | grp_FIR_filter_fu_827/data_p2_reg[7]_i_99           | CLB.CARRY.CARRY8  |
    | grp_FIR_filter_fu_827/data_p2_reg[15]_i_162         | CLB.CARRY.CARRY8  |
    | grp_FIR_filter_fu_827/data_p2[15]_i_169             | CLB.LUT.LUT2      |
    | grp_FIR_filter_fu_827/data_p2_reg[15]_i_97          | CLB.CARRY.CARRY8  |
    | grp_FIR_filter_fu_827/data_p2[15]_i_103             | CLB.LUT.LUT2      |
    | grp_FIR_filter_fu_827/data_p2_reg[15]_i_55          | CLB.CARRY.CARRY8  |
    | grp_FIR_filter_fu_827/data_p2[7]_i_49               | CLB.LUT.LUT3      |
    | grp_FIR_filter_fu_827/data_p2[7]_i_57               | CLB.LUT.LUT4      |
    | grp_FIR_filter_fu_827/data_p2_reg[7]_i_27           | CLB.CARRY.CARRY8  |
    | grp_FIR_filter_fu_827/data_p2_reg[15]_i_18          | CLB.CARRY.CARRY8  |
    | grp_FIR_filter_fu_827/data_p2[7]_i_7                | CLB.LUT.LUT3      |
    | grp_FIR_filter_fu_827/data_p2[7]_i_15               | CLB.LUT.LUT4      |
    | grp_FIR_filter_fu_827/data_p2_reg[7]_i_1            | CLB.CARRY.CARRY8  |
    | grp_FIR_filter_fu_827/data_p2_reg[15]_i_2           | CLB.CARRY.CARRY8  |
    | regslice_both_output_r_U/data_p1[12]_i_1            | CLB.LUT.LUT4      |
    | regslice_both_output_r_U/data_p1_reg[12]            | REGISTER.SDR.FDRE |
    | grp_FIR_filter_fu_827/add_ln31_241_reg_11672_reg[4] | REGISTER.SDR.FDRE |
    | grp_FIR_filter_fu_827/data_p2[7]_i_126              | CLB.LUT.LUT2      |
    | grp_FIR_filter_fu_827/data_p2_reg[7]_i_99           | CLB.CARRY.CARRY8  |
    | grp_FIR_filter_fu_827/data_p2_reg[15]_i_162         | CLB.CARRY.CARRY8  |
    | grp_FIR_filter_fu_827/data_p2[15]_i_169             | CLB.LUT.LUT2      |
    | grp_FIR_filter_fu_827/data_p2_reg[15]_i_97          | CLB.CARRY.CARRY8  |
    | grp_FIR_filter_fu_827/data_p2[15]_i_103             | CLB.LUT.LUT2      |
    | grp_FIR_filter_fu_827/data_p2_reg[15]_i_55          | CLB.CARRY.CARRY8  |
    | grp_FIR_filter_fu_827/data_p2[7]_i_49               | CLB.LUT.LUT3      |
    | grp_FIR_filter_fu_827/data_p2[7]_i_57               | CLB.LUT.LUT4      |
    | grp_FIR_filter_fu_827/data_p2_reg[7]_i_27           | CLB.CARRY.CARRY8  |
    | grp_FIR_filter_fu_827/data_p2_reg[15]_i_18          | CLB.CARRY.CARRY8  |
    | grp_FIR_filter_fu_827/data_p2[7]_i_7                | CLB.LUT.LUT3      |
    | grp_FIR_filter_fu_827/data_p2[7]_i_15               | CLB.LUT.LUT4      |
    | grp_FIR_filter_fu_827/data_p2_reg[7]_i_1            | CLB.CARRY.CARRY8  |
    | grp_FIR_filter_fu_827/data_p2_reg[15]_i_2           | CLB.CARRY.CARRY8  |
    | regslice_both_output_r_U/data_p1[10]_i_1            | CLB.LUT.LUT4      |
    | regslice_both_output_r_U/data_p1_reg[10]            | REGISTER.SDR.FDRE |
    | grp_FIR_filter_fu_827/add_ln31_241_reg_11672_reg[4] | REGISTER.SDR.FDRE |
    | grp_FIR_filter_fu_827/data_p2[7]_i_126              | CLB.LUT.LUT2      |
    | grp_FIR_filter_fu_827/data_p2_reg[7]_i_99           | CLB.CARRY.CARRY8  |
    | grp_FIR_filter_fu_827/data_p2_reg[15]_i_162         | CLB.CARRY.CARRY8  |
    | grp_FIR_filter_fu_827/data_p2[15]_i_169             | CLB.LUT.LUT2      |
    | grp_FIR_filter_fu_827/data_p2_reg[15]_i_97          | CLB.CARRY.CARRY8  |
    | grp_FIR_filter_fu_827/data_p2[15]_i_103             | CLB.LUT.LUT2      |
    | grp_FIR_filter_fu_827/data_p2_reg[15]_i_55          | CLB.CARRY.CARRY8  |
    | grp_FIR_filter_fu_827/data_p2[7]_i_49               | CLB.LUT.LUT3      |
    | grp_FIR_filter_fu_827/data_p2[7]_i_57               | CLB.LUT.LUT4      |
    | grp_FIR_filter_fu_827/data_p2_reg[7]_i_27           | CLB.CARRY.CARRY8  |
    | grp_FIR_filter_fu_827/data_p2[7]_i_21               | CLB.LUT.LUT3      |
    | grp_FIR_filter_fu_827/data_p2[7]_i_29               | CLB.LUT.LUT4      |
    | grp_FIR_filter_fu_827/data_p2_reg[7]_i_2            | CLB.CARRY.CARRY8  |
    | grp_FIR_filter_fu_827/data_p2_reg[7]_i_1            | CLB.CARRY.CARRY8  |
    | regslice_both_output_r_U/data_p1[7]_i_1             | CLB.LUT.LUT4      |
    | regslice_both_output_r_U/data_p1_reg[7]             | REGISTER.SDR.FDRE |
    | grp_FIR_filter_fu_827/add_ln31_241_reg_11672_reg[4] | REGISTER.SDR.FDRE |
    | grp_FIR_filter_fu_827/data_p2[7]_i_126              | CLB.LUT.LUT2      |
    | grp_FIR_filter_fu_827/data_p2_reg[7]_i_99           | CLB.CARRY.CARRY8  |
    | grp_FIR_filter_fu_827/data_p2_reg[15]_i_162         | CLB.CARRY.CARRY8  |
    | grp_FIR_filter_fu_827/data_p2[15]_i_169             | CLB.LUT.LUT2      |
    | grp_FIR_filter_fu_827/data_p2_reg[15]_i_97          | CLB.CARRY.CARRY8  |
    | grp_FIR_filter_fu_827/data_p2[15]_i_103             | CLB.LUT.LUT2      |
    | grp_FIR_filter_fu_827/data_p2_reg[15]_i_55          | CLB.CARRY.CARRY8  |
    | grp_FIR_filter_fu_827/data_p2[7]_i_49               | CLB.LUT.LUT3      |
    | grp_FIR_filter_fu_827/data_p2[7]_i_57               | CLB.LUT.LUT4      |
    | grp_FIR_filter_fu_827/data_p2_reg[7]_i_27           | CLB.CARRY.CARRY8  |
    | grp_FIR_filter_fu_827/data_p2[7]_i_21               | CLB.LUT.LUT3      |
    | grp_FIR_filter_fu_827/data_p2[7]_i_29               | CLB.LUT.LUT4      |
    | grp_FIR_filter_fu_827/data_p2_reg[7]_i_2            | CLB.CARRY.CARRY8  |
    | grp_FIR_filter_fu_827/data_p2_reg[7]_i_1            | CLB.CARRY.CARRY8  |
    | regslice_both_output_r_U/data_p1[4]_i_1             | CLB.LUT.LUT4      |
    | regslice_both_output_r_U/data_p1_reg[4]             | REGISTER.SDR.FDRE |
    +-----------------------------------------------------+-------------------+

    +-----------------------------------------------------+-------------------+
    | Path5 Cells                                         | Primitive Type    |
    +-----------------------------------------------------+-------------------+
    | grp_FIR_filter_fu_827/add_ln31_241_reg_11672_reg[4] | REGISTER.SDR.FDRE |
    | grp_FIR_filter_fu_827/data_p2[7]_i_126              | CLB.LUT.LUT2      |
    | grp_FIR_filter_fu_827/data_p2_reg[7]_i_99           | CLB.CARRY.CARRY8  |
    | grp_FIR_filter_fu_827/data_p2_reg[15]_i_162         | CLB.CARRY.CARRY8  |
    | grp_FIR_filter_fu_827/data_p2[15]_i_169             | CLB.LUT.LUT2      |
    | grp_FIR_filter_fu_827/data_p2_reg[15]_i_97          | CLB.CARRY.CARRY8  |
    | grp_FIR_filter_fu_827/data_p2[15]_i_103             | CLB.LUT.LUT2      |
    | grp_FIR_filter_fu_827/data_p2_reg[15]_i_55          | CLB.CARRY.CARRY8  |
    | grp_FIR_filter_fu_827/data_p2[7]_i_49               | CLB.LUT.LUT3      |
    | grp_FIR_filter_fu_827/data_p2[7]_i_57               | CLB.LUT.LUT4      |
    | grp_FIR_filter_fu_827/data_p2_reg[7]_i_27           | CLB.CARRY.CARRY8  |
    | grp_FIR_filter_fu_827/data_p2_reg[15]_i_18          | CLB.CARRY.CARRY8  |
    | grp_FIR_filter_fu_827/data_p2[7]_i_7                | CLB.LUT.LUT3      |
    | grp_FIR_filter_fu_827/data_p2[7]_i_15               | CLB.LUT.LUT4      |
    | grp_FIR_filter_fu_827/data_p2_reg[7]_i_1            | CLB.CARRY.CARRY8  |
    | grp_FIR_filter_fu_827/data_p2_reg[15]_i_2           | CLB.CARRY.CARRY8  |
    | regslice_both_output_r_U/data_p1[15]_i_2            | CLB.LUT.LUT4      |
    | regslice_both_output_r_U/data_p1_reg[15]            | REGISTER.SDR.FDRE |
    | grp_FIR_filter_fu_827/add_ln31_241_reg_11672_reg[4] | REGISTER.SDR.FDRE |
    | grp_FIR_filter_fu_827/data_p2[7]_i_126              | CLB.LUT.LUT2      |
    | grp_FIR_filter_fu_827/data_p2_reg[7]_i_99           | CLB.CARRY.CARRY8  |
    | grp_FIR_filter_fu_827/data_p2_reg[15]_i_162         | CLB.CARRY.CARRY8  |
    | grp_FIR_filter_fu_827/data_p2[15]_i_169             | CLB.LUT.LUT2      |
    | grp_FIR_filter_fu_827/data_p2_reg[15]_i_97          | CLB.CARRY.CARRY8  |
    | grp_FIR_filter_fu_827/data_p2[15]_i_103             | CLB.LUT.LUT2      |
    | grp_FIR_filter_fu_827/data_p2_reg[15]_i_55          | CLB.CARRY.CARRY8  |
    | grp_FIR_filter_fu_827/data_p2[7]_i_49               | CLB.LUT.LUT3      |
    | grp_FIR_filter_fu_827/data_p2[7]_i_57               | CLB.LUT.LUT4      |
    | grp_FIR_filter_fu_827/data_p2_reg[7]_i_27           | CLB.CARRY.CARRY8  |
    | grp_FIR_filter_fu_827/data_p2_reg[15]_i_18          | CLB.CARRY.CARRY8  |
    | grp_FIR_filter_fu_827/data_p2[7]_i_7                | CLB.LUT.LUT3      |
    | grp_FIR_filter_fu_827/data_p2[7]_i_15               | CLB.LUT.LUT4      |
    | grp_FIR_filter_fu_827/data_p2_reg[7]_i_1            | CLB.CARRY.CARRY8  |
    | grp_FIR_filter_fu_827/data_p2_reg[15]_i_2           | CLB.CARRY.CARRY8  |
    | regslice_both_output_r_U/data_p1[12]_i_1            | CLB.LUT.LUT4      |
    | regslice_both_output_r_U/data_p1_reg[12]            | REGISTER.SDR.FDRE |
    | grp_FIR_filter_fu_827/add_ln31_241_reg_11672_reg[4] | REGISTER.SDR.FDRE |
    | grp_FIR_filter_fu_827/data_p2[7]_i_126              | CLB.LUT.LUT2      |
    | grp_FIR_filter_fu_827/data_p2_reg[7]_i_99           | CLB.CARRY.CARRY8  |
    | grp_FIR_filter_fu_827/data_p2_reg[15]_i_162         | CLB.CARRY.CARRY8  |
    | grp_FIR_filter_fu_827/data_p2[15]_i_169             | CLB.LUT.LUT2      |
    | grp_FIR_filter_fu_827/data_p2_reg[15]_i_97          | CLB.CARRY.CARRY8  |
    | grp_FIR_filter_fu_827/data_p2[15]_i_103             | CLB.LUT.LUT2      |
    | grp_FIR_filter_fu_827/data_p2_reg[15]_i_55          | CLB.CARRY.CARRY8  |
    | grp_FIR_filter_fu_827/data_p2[7]_i_49               | CLB.LUT.LUT3      |
    | grp_FIR_filter_fu_827/data_p2[7]_i_57               | CLB.LUT.LUT4      |
    | grp_FIR_filter_fu_827/data_p2_reg[7]_i_27           | CLB.CARRY.CARRY8  |
    | grp_FIR_filter_fu_827/data_p2_reg[15]_i_18          | CLB.CARRY.CARRY8  |
    | grp_FIR_filter_fu_827/data_p2[7]_i_7                | CLB.LUT.LUT3      |
    | grp_FIR_filter_fu_827/data_p2[7]_i_15               | CLB.LUT.LUT4      |
    | grp_FIR_filter_fu_827/data_p2_reg[7]_i_1            | CLB.CARRY.CARRY8  |
    | grp_FIR_filter_fu_827/data_p2_reg[15]_i_2           | CLB.CARRY.CARRY8  |
    | regslice_both_output_r_U/data_p1[10]_i_1            | CLB.LUT.LUT4      |
    | regslice_both_output_r_U/data_p1_reg[10]            | REGISTER.SDR.FDRE |
    | grp_FIR_filter_fu_827/add_ln31_241_reg_11672_reg[4] | REGISTER.SDR.FDRE |
    | grp_FIR_filter_fu_827/data_p2[7]_i_126              | CLB.LUT.LUT2      |
    | grp_FIR_filter_fu_827/data_p2_reg[7]_i_99           | CLB.CARRY.CARRY8  |
    | grp_FIR_filter_fu_827/data_p2_reg[15]_i_162         | CLB.CARRY.CARRY8  |
    | grp_FIR_filter_fu_827/data_p2[15]_i_169             | CLB.LUT.LUT2      |
    | grp_FIR_filter_fu_827/data_p2_reg[15]_i_97          | CLB.CARRY.CARRY8  |
    | grp_FIR_filter_fu_827/data_p2[15]_i_103             | CLB.LUT.LUT2      |
    | grp_FIR_filter_fu_827/data_p2_reg[15]_i_55          | CLB.CARRY.CARRY8  |
    | grp_FIR_filter_fu_827/data_p2[7]_i_49               | CLB.LUT.LUT3      |
    | grp_FIR_filter_fu_827/data_p2[7]_i_57               | CLB.LUT.LUT4      |
    | grp_FIR_filter_fu_827/data_p2_reg[7]_i_27           | CLB.CARRY.CARRY8  |
    | grp_FIR_filter_fu_827/data_p2[7]_i_21               | CLB.LUT.LUT3      |
    | grp_FIR_filter_fu_827/data_p2[7]_i_29               | CLB.LUT.LUT4      |
    | grp_FIR_filter_fu_827/data_p2_reg[7]_i_2            | CLB.CARRY.CARRY8  |
    | grp_FIR_filter_fu_827/data_p2_reg[7]_i_1            | CLB.CARRY.CARRY8  |
    | regslice_both_output_r_U/data_p1[7]_i_1             | CLB.LUT.LUT4      |
    | regslice_both_output_r_U/data_p1_reg[7]             | REGISTER.SDR.FDRE |
    | grp_FIR_filter_fu_827/add_ln31_241_reg_11672_reg[4] | REGISTER.SDR.FDRE |
    | grp_FIR_filter_fu_827/data_p2[7]_i_126              | CLB.LUT.LUT2      |
    | grp_FIR_filter_fu_827/data_p2_reg[7]_i_99           | CLB.CARRY.CARRY8  |
    | grp_FIR_filter_fu_827/data_p2_reg[15]_i_162         | CLB.CARRY.CARRY8  |
    | grp_FIR_filter_fu_827/data_p2[15]_i_169             | CLB.LUT.LUT2      |
    | grp_FIR_filter_fu_827/data_p2_reg[15]_i_97          | CLB.CARRY.CARRY8  |
    | grp_FIR_filter_fu_827/data_p2[15]_i_103             | CLB.LUT.LUT2      |
    | grp_FIR_filter_fu_827/data_p2_reg[15]_i_55          | CLB.CARRY.CARRY8  |
    | grp_FIR_filter_fu_827/data_p2[7]_i_49               | CLB.LUT.LUT3      |
    | grp_FIR_filter_fu_827/data_p2[7]_i_57               | CLB.LUT.LUT4      |
    | grp_FIR_filter_fu_827/data_p2_reg[7]_i_27           | CLB.CARRY.CARRY8  |
    | grp_FIR_filter_fu_827/data_p2[7]_i_21               | CLB.LUT.LUT3      |
    | grp_FIR_filter_fu_827/data_p2[7]_i_29               | CLB.LUT.LUT4      |
    | grp_FIR_filter_fu_827/data_p2_reg[7]_i_2            | CLB.CARRY.CARRY8  |
    | grp_FIR_filter_fu_827/data_p2_reg[7]_i_1            | CLB.CARRY.CARRY8  |
    | regslice_both_output_r_U/data_p1[4]_i_1             | CLB.LUT.LUT4      |
    | regslice_both_output_r_U/data_p1_reg[4]             | REGISTER.SDR.FDRE |
    +-----------------------------------------------------+-------------------+


================================================================
== Place & Route Vivado Reports
================================================================
+--------------------------+-----------------------------------------------------------------+
| Report Type              | Report Location                                                 |
+--------------------------+-----------------------------------------------------------------+
| design_analysis          | impl/verilog/report/FIR_HLS_design_analysis_routed.rpt          |
| failfast                 | impl/verilog/report/FIR_HLS_failfast_routed.rpt                 |
| power                    | impl/verilog/report/FIR_HLS_power_routed.rpt                    |
| status                   | impl/verilog/report/FIR_HLS_status_routed.rpt                   |
| timing                   | impl/verilog/report/FIR_HLS_timing_routed.rpt                   |
| timing_paths             | impl/verilog/report/FIR_HLS_timing_paths_routed.rpt             |
| utilization              | impl/verilog/report/FIR_HLS_utilization_routed.rpt              |
| utilization_hierarchical | impl/verilog/report/FIR_HLS_utilization_hierarchical_routed.rpt |
+--------------------------+-----------------------------------------------------------------+


