  **** HLS Build v2024.2 5238294
INFO: [HLS 200-2005] Using work_dir C:/HLS-multirate-DSP/HLS/HLS_FIR_1/HLS_FIR_1 
INFO: [HLS 200-1505] Using default flow_target 'vivado'
Resolution: For help on HLS 200-1505 see docs.xilinx.com/access/sources/dita/topic?Doc_Version=2024.2%20English&url=ug1448-hls-guidance&resourceid=200-1505.html
INFO: [HLS 200-1465] Applying ini 'syn.file=HLS_FIR.cpp' from C:/HLS-multirate-DSP/HLS/HLS_FIR_1/hls_config.cfg(9)
INFO: [HLS 200-10] Adding design file 'C:/HLS-multirate-DSP/HLS/HLS_FIR_1/HLS_FIR.cpp' to the project
INFO: [HLS 200-1465] Applying ini 'syn.file=HLS_FIR.h' from C:/HLS-multirate-DSP/HLS/HLS_FIR_1/hls_config.cfg(10)
INFO: [HLS 200-10] Adding design file 'C:/HLS-multirate-DSP/HLS/HLS_FIR_1/HLS_FIR.h' to the project
INFO: [HLS 200-1465] Applying ini 'syn.file=FIR_normal_DSP.h' from C:/HLS-multirate-DSP/HLS/HLS_FIR_1/hls_config.cfg(11)
INFO: [HLS 200-10] Adding design file 'C:/HLS-multirate-DSP/HLS/HLS_FIR_1/FIR_normal_DSP.h' to the project
INFO: [HLS 200-1465] Applying ini 'tb.file=HLS_FIR_TB.cpp' from C:/HLS-multirate-DSP/HLS/HLS_FIR_1/hls_config.cfg(7)
INFO: [HLS 200-10] Adding test bench file 'C:/HLS-multirate-DSP/HLS/HLS_FIR_1/HLS_FIR_TB.cpp' to the project
INFO: [HLS 200-1465] Applying ini 'syn.top=HLS_FIR' from C:/HLS-multirate-DSP/HLS/HLS_FIR_1/hls_config.cfg(8)
INFO: [HLS 200-1465] Applying ini 'flow_target=vivado' from C:/HLS-multirate-DSP/HLS/HLS_FIR_1/hls_config.cfg(4)
INFO: [HLS 200-1505] Using flow_target 'vivado'
Resolution: For help on HLS 200-1505 see docs.xilinx.com/access/sources/dita/topic?Doc_Version=2024.2%20English&url=ug1448-hls-guidance&resourceid=200-1505.html
INFO: [HLS 200-1465] Applying ini 'part=xck26-sfvc784-2LV-c' from C:/HLS-multirate-DSP/HLS/HLS_FIR_1/hls_config.cfg(1)
INFO: [HLS 200-1611] Setting target device to 'xck26-sfvc784-2LV-c'
INFO: [HLS 200-1465] Applying ini 'package.output.format=ip_catalog' from C:/HLS-multirate-DSP/HLS/HLS_FIR_1/hls_config.cfg(5)
INFO: [HLS 200-111] Finished File checks and directory preparation: CPU user time: 3 seconds. CPU system time: 1 seconds. Elapsed time: 3.929 seconds; current allocated memory: 273.473 MB.
INFO: [HLS 200-10] Analyzing design file 'HLS_FIR.cpp' ... 
INFO: [HLS 200-111] Finished Source Code Analysis and Preprocessing: CPU user time: 0 seconds. CPU system time: 0 seconds. Elapsed time: 1.224 seconds; current allocated memory: 276.266 MB.
INFO: [HLS 200-777] Using interface defaults for 'Vivado' flow target.
INFO: [HLS 200-1995] There were 33 instructions in the design after the 'Compile/Link' phase of compilation. See the Design Size Report for more details: C:/HLS-multirate-DSP/HLS/HLS_FIR_1/HLS_FIR_1/hls/syn/report/csynth_design_size.rpt
INFO: [HLS 200-1995] There were 9 instructions in the design after the 'Unroll/Inline (step 1)' phase of compilation. See the Design Size Report for more details: C:/HLS-multirate-DSP/HLS/HLS_FIR_1/HLS_FIR_1/hls/syn/report/csynth_design_size.rpt
INFO: [HLS 200-1995] There were 9 instructions in the design after the 'Unroll/Inline (step 2)' phase of compilation. See the Design Size Report for more details: C:/HLS-multirate-DSP/HLS/HLS_FIR_1/HLS_FIR_1/hls/syn/report/csynth_design_size.rpt
INFO: [HLS 200-1995] There were 7 instructions in the design after the 'Unroll/Inline (step 3)' phase of compilation. See the Design Size Report for more details: C:/HLS-multirate-DSP/HLS/HLS_FIR_1/HLS_FIR_1/hls/syn/report/csynth_design_size.rpt
INFO: [HLS 200-1995] There were 7 instructions in the design after the 'Unroll/Inline (step 4)' phase of compilation. See the Design Size Report for more details: C:/HLS-multirate-DSP/HLS/HLS_FIR_1/HLS_FIR_1/hls/syn/report/csynth_design_size.rpt
INFO: [HLS 214-178] Inlining function 'fir_function(hls::stream<short, 0>&, hls::stream<short, 0>&)' into 'HLS_FIR(hls::stream<short, 0>&, hls::stream<short, 0>&)' (HLS_FIR.cpp:3:0)
ERROR: [HLS 214-194] in function 'HLS_FIR(hls::stream<short, 0>&, hls::stream<short, 0>&)': Undefined function FIR_filter (HLS_FIR.cpp:17:19)
ERROR: [HLS 214-135] Syn check fail!
ERROR: [HLS 200-1715] Encountered problem during source synthesis
ERROR: Pre-synthesis failed.
INFO: [HLS 200-112] Total CPU user time: 3 seconds. Total CPU system time: 1 seconds. Total elapsed time: 13.036 seconds; peak allocated memory: 277.148 MB.
