  **** HLS Build v2024.2 5238294
INFO: [HLS 200-2005] Using work_dir C:/HLS-multirate-DSP/HLS/HLS_FIR_1/HLS_FIR_1 
INFO: [HLS 200-1505] Using default flow_target 'vivado'
Resolution: For help on HLS 200-1505 see docs.xilinx.com/access/sources/dita/topic?Doc_Version=2024.2%20English&url=ug1448-hls-guidance&resourceid=200-1505.html
INFO: [HLS 200-1465] Applying ini 'syn.file=HLS_FIR.cpp' from C:/HLS-multirate-DSP/HLS/HLS_FIR_1/hls_config.cfg(9)
INFO: [HLS 200-10] Adding design file 'C:/HLS-multirate-DSP/HLS/HLS_FIR_1/HLS_FIR.cpp' to the project
INFO: [HLS 200-1465] Applying ini 'syn.file=HLS_FIR.h' from C:/HLS-multirate-DSP/HLS/HLS_FIR_1/hls_config.cfg(10)
INFO: [HLS 200-10] Adding design file 'C:/HLS-multirate-DSP/HLS/HLS_FIR_1/HLS_FIR.h' to the project
INFO: [HLS 200-1465] Applying ini 'syn.file=FIR_normal_DSP.h' from C:/HLS-multirate-DSP/HLS/HLS_FIR_1/hls_config.cfg(11)
INFO: [HLS 200-10] Adding design file 'C:/HLS-multirate-DSP/HLS/HLS_FIR_1/FIR_normal_DSP.h' to the project
INFO: [HLS 200-1465] Applying ini 'tb.file=HLS_FIR_TB.cpp' from C:/HLS-multirate-DSP/HLS/HLS_FIR_1/hls_config.cfg(7)
INFO: [HLS 200-10] Adding test bench file 'C:/HLS-multirate-DSP/HLS/HLS_FIR_1/HLS_FIR_TB.cpp' to the project
INFO: [HLS 200-1465] Applying ini 'syn.top=HLS_FIR' from C:/HLS-multirate-DSP/HLS/HLS_FIR_1/hls_config.cfg(8)
INFO: [HLS 200-1465] Applying ini 'flow_target=vivado' from C:/HLS-multirate-DSP/HLS/HLS_FIR_1/hls_config.cfg(4)
INFO: [HLS 200-1505] Using flow_target 'vivado'
Resolution: For help on HLS 200-1505 see docs.xilinx.com/access/sources/dita/topic?Doc_Version=2024.2%20English&url=ug1448-hls-guidance&resourceid=200-1505.html
INFO: [HLS 200-1465] Applying ini 'part=xck26-sfvc784-2LV-c' from C:/HLS-multirate-DSP/HLS/HLS_FIR_1/hls_config.cfg(1)
INFO: [HLS 200-1611] Setting target device to 'xck26-sfvc784-2LV-c'
INFO: [HLS 200-1465] Applying ini 'package.output.format=ip_catalog' from C:/HLS-multirate-DSP/HLS/HLS_FIR_1/hls_config.cfg(5)
INFO: [HLS 200-111] Finished File checks and directory preparation: CPU user time: 3 seconds. CPU system time: 2 seconds. Elapsed time: 4.452 seconds; current allocated memory: 272.871 MB.
INFO: [HLS 200-10] Analyzing design file 'HLS_FIR.cpp' ... 
INFO: [HLS 200-111] Finished Source Code Analysis and Preprocessing: CPU user time: 1 seconds. CPU system time: 0 seconds. Elapsed time: 1.238 seconds; current allocated memory: 275.699 MB.
INFO: [HLS 200-777] Using interface defaults for 'Vivado' flow target.
INFO: [HLS 200-1995] There were 75 instructions in the design after the 'Compile/Link' phase of compilation. See the Design Size Report for more details: C:/HLS-multirate-DSP/HLS/HLS_FIR_1/HLS_FIR_1/hls/syn/report/csynth_design_size.rpt
INFO: [HLS 200-1995] There were 48 instructions in the design after the 'Unroll/Inline (step 1)' phase of compilation. See the Design Size Report for more details: C:/HLS-multirate-DSP/HLS/HLS_FIR_1/HLS_FIR_1/hls/syn/report/csynth_design_size.rpt
INFO: [HLS 200-1995] There were 42 instructions in the design after the 'Unroll/Inline (step 2)' phase of compilation. See the Design Size Report for more details: C:/HLS-multirate-DSP/HLS/HLS_FIR_1/HLS_FIR_1/hls/syn/report/csynth_design_size.rpt
INFO: [HLS 200-1995] There were 34 instructions in the design after the 'Unroll/Inline (step 3)' phase of compilation. See the Design Size Report for more details: C:/HLS-multirate-DSP/HLS/HLS_FIR_1/HLS_FIR_1/hls/syn/report/csynth_design_size.rpt
INFO: [HLS 200-1995] There were 34 instructions in the design after the 'Unroll/Inline (step 4)' phase of compilation. See the Design Size Report for more details: C:/HLS-multirate-DSP/HLS/HLS_FIR_1/HLS_FIR_1/hls/syn/report/csynth_design_size.rpt
INFO: [HLS 200-1995] There were 2,382 instructions in the design after the 'Array/Struct (step 1)' phase of compilation. See the Design Size Report for more details: C:/HLS-multirate-DSP/HLS/HLS_FIR_1/HLS_FIR_1/hls/syn/report/csynth_design_size.rpt
INFO: [HLS 200-1995] There were 2,381 instructions in the design after the 'Array/Struct (step 2)' phase of compilation. See the Design Size Report for more details: C:/HLS-multirate-DSP/HLS/HLS_FIR_1/HLS_FIR_1/hls/syn/report/csynth_design_size.rpt
INFO: [HLS 200-1995] There were 2,381 instructions in the design after the 'Array/Struct (step 3)' phase of compilation. See the Design Size Report for more details: C:/HLS-multirate-DSP/HLS/HLS_FIR_1/HLS_FIR_1/hls/syn/report/csynth_design_size.rpt
INFO: [HLS 200-1995] There were 2,381 instructions in the design after the 'Array/Struct (step 4)' phase of compilation. See the Design Size Report for more details: C:/HLS-multirate-DSP/HLS/HLS_FIR_1/HLS_FIR_1/hls/syn/report/csynth_design_size.rpt
INFO: [HLS 200-1995] There were 2,382 instructions in the design after the 'Array/Struct (step 5)' phase of compilation. See the Design Size Report for more details: C:/HLS-multirate-DSP/HLS/HLS_FIR_1/HLS_FIR_1/hls/syn/report/csynth_design_size.rpt
INFO: [HLS 200-1995] There were 2,381 instructions in the design after the 'Performance' phase of compilation. See the Design Size Report for more details: C:/HLS-multirate-DSP/HLS/HLS_FIR_1/HLS_FIR_1/hls/syn/report/csynth_design_size.rpt
INFO: [HLS 200-1995] There were 2,380 instructions in the design after the 'Performance (step 2)' phase of compilation. See the Design Size Report for more details: C:/HLS-multirate-DSP/HLS/HLS_FIR_1/HLS_FIR_1/hls/syn/report/csynth_design_size.rpt
INFO: [HLS 200-1995] There were 2,380 instructions in the design after the 'Performance (step 3)' phase of compilation. See the Design Size Report for more details: C:/HLS-multirate-DSP/HLS/HLS_FIR_1/HLS_FIR_1/hls/syn/report/csynth_design_size.rpt
INFO: [HLS 200-1995] There were 2,380 instructions in the design after the 'Performance (step 4)' phase of compilation. See the Design Size Report for more details: C:/HLS-multirate-DSP/HLS/HLS_FIR_1/HLS_FIR_1/hls/syn/report/csynth_design_size.rpt
INFO: [HLS 200-1995] There were 2,382 instructions in the design after the 'HW Transforms (step 1)' phase of compilation. See the Design Size Report for more details: C:/HLS-multirate-DSP/HLS/HLS_FIR_1/HLS_FIR_1/hls/syn/report/csynth_design_size.rpt
INFO: [HLS 200-1995] There were 2,395 instructions in the design after the 'HW Transforms (step 2)' phase of compilation. See the Design Size Report for more details: C:/HLS-multirate-DSP/HLS/HLS_FIR_1/HLS_FIR_1/hls/syn/report/csynth_design_size.rpt
INFO: [HLS 214-178] Inlining function 'short FIR_filter<392>(short const*, short, int)' into 'fir_function(hls::stream<short, 0>&, hls::stream<short, 0>&)' (HLS_FIR.cpp:15:0)
INFO: [HLS 214-178] Inlining function 'fir_function(hls::stream<short, 0>&, hls::stream<short, 0>&)' into 'HLS_FIR(hls::stream<short, 0>&, hls::stream<short, 0>&)' (HLS_FIR.cpp:3:0)
INFO: [HLS 214-248] Applying array_partition to '_ZZ10FIR_filterILi392EEsPKssiE10FIR_delays': Complete partitioning on dimension 1. (HLS_FIR.cpp:23:0)
INFO: [HLS 214-376] automatically set the pipeline for Loop< VITIS_LOOP_31_1> at HLS_FIR.cpp:31:19 
INFO: [HLS 214-376] automatically set the pipeline for Loop< VITIS_LOOP_39_2> at HLS_FIR.cpp:39:19 
INFO: [HLS 200-111] Finished Compiling Optimization and Transform: CPU user time: 0 seconds. CPU system time: 0 seconds. Elapsed time: 33.498 seconds; current allocated memory: 277.801 MB.
INFO: [HLS 200-111] Finished Checking Pragmas: CPU user time: 0 seconds. CPU system time: 0 seconds. Elapsed time: 0.003 seconds; current allocated memory: 277.805 MB.
INFO: [HLS 200-10] Starting code transformations ...
INFO: [HLS 200-111] Finished Standard Transforms: CPU user time: 0 seconds. CPU system time: 0 seconds. Elapsed time: 0.7 seconds; current allocated memory: 291.914 MB.
INFO: [HLS 200-10] Checking synthesizability ...
INFO: [HLS 200-111] Finished Checking Synthesizability: CPU user time: 1 seconds. CPU system time: 0 seconds. Elapsed time: 0.521 seconds; current allocated memory: 294.812 MB.
INFO: [HLS 200-111] Finished Loop, function and other optimizations: CPU user time: 3 seconds. CPU system time: 0 seconds. Elapsed time: 3.374 seconds; current allocated memory: 327.547 MB.
INFO: [HLS 200-111] Finished Architecture Synthesis: CPU user time: 6 seconds. CPU system time: 0 seconds. Elapsed time: 5.414 seconds; current allocated memory: 370.613 MB.
INFO: [HLS 200-10] Starting hardware synthesis ...
INFO: [HLS 200-10] Synthesizing 'HLS_FIR' ...
INFO: [SYN 201-201] Setting up clock 'default' with a period of 10ns.
INFO: [HLS 200-10] ----------------------------------------------------------------
INFO: [HLS 200-42] -- Implementing module 'HLS_FIR_Pipeline_VITIS_LOOP_31_1' 
INFO: [HLS 200-10] ----------------------------------------------------------------
INFO: [SCHED 204-11] Starting scheduling ...
INFO: [SCHED 204-61] Pipelining loop 'VITIS_LOOP_31_1'.
INFO: [HLS 200-1470] Pipelining result : Target II = NA, Final II = 1, Depth = 1, loop 'VITIS_LOOP_31_1'
INFO: [SCHED 204-11] Finished scheduling.
INFO: [HLS 200-111] Finished Scheduling: CPU user time: 1 seconds. CPU system time: 0 seconds. Elapsed time: 1.886 seconds; current allocated memory: 390.133 MB.
INFO: [BIND 205-100] Starting micro-architecture generation ...
INFO: [BIND 205-101] Performing variable lifetime analysis.
INFO: [BIND 205-101] Exploring resource sharing.
INFO: [BIND 205-101] Binding ...
INFO: [BIND 205-100] Finished micro-architecture generation.
INFO: [HLS 200-111] Finished Binding: CPU user time: 1 seconds. CPU system time: 0 seconds. Elapsed time: 0.803 seconds; current allocated memory: 391.242 MB.
INFO: [HLS 200-10] ----------------------------------------------------------------
INFO: [HLS 200-42] -- Implementing module 'HLS_FIR_Pipeline_VITIS_LOOP_39_2' 
INFO: [HLS 200-10] ----------------------------------------------------------------
INFO: [SCHED 204-11] Starting scheduling ...
INFO: [HLS 200-486] Changing DSP latency (root=FIR_accu32_3) to 3 in order to utilize available DSP registers.
INFO: [SCHED 204-61] Pipelining loop 'VITIS_LOOP_39_2'.
INFO: [HLS 200-1470] Pipelining result : Target II = NA, Final II = 1, Depth = 5, loop 'VITIS_LOOP_39_2'
INFO: [SCHED 204-11] Finished scheduling.
INFO: [HLS 200-111] Finished Scheduling: CPU user time: 1 seconds. CPU system time: 0 seconds. Elapsed time: 1.083 seconds; current allocated memory: 391.566 MB.
INFO: [BIND 205-100] Starting micro-architecture generation ...
INFO: [BIND 205-101] Performing variable lifetime analysis.
INFO: [BIND 205-101] Exploring resource sharing.
INFO: [BIND 205-101] Binding ...
INFO: [BIND 205-100] Finished micro-architecture generation.
INFO: [HLS 200-111] Finished Binding: CPU user time: 0 seconds. CPU system time: 0 seconds. Elapsed time: 0.21 seconds; current allocated memory: 391.898 MB.
INFO: [HLS 200-10] ----------------------------------------------------------------
INFO: [HLS 200-42] -- Implementing module 'HLS_FIR' 
INFO: [HLS 200-10] ----------------------------------------------------------------
INFO: [SCHED 204-11] Starting scheduling ...
INFO: [SCHED 204-11] Finished scheduling.
INFO: [HLS 200-111] Finished Scheduling: CPU user time: 1 seconds. CPU system time: 0 seconds. Elapsed time: 0.508 seconds; current allocated memory: 393.762 MB.
INFO: [BIND 205-100] Starting micro-architecture generation ...
INFO: [BIND 205-101] Performing variable lifetime analysis.
INFO: [BIND 205-101] Exploring resource sharing.
INFO: [BIND 205-101] Binding ...
INFO: [BIND 205-100] Finished micro-architecture generation.
INFO: [HLS 200-111] Finished Binding: CPU user time: 0 seconds. CPU system time: 0 seconds. Elapsed time: 0.205 seconds; current allocated memory: 395.039 MB.
INFO: [HLS 200-10] ----------------------------------------------------------------
INFO: [HLS 200-10] -- Generating RTL for module 'HLS_FIR_Pipeline_VITIS_LOOP_31_1' 
INFO: [HLS 200-10] ----------------------------------------------------------------
INFO: [RTGEN 206-100] Generating core module 'sparsemux_783_9_16_1_1': 1 instance(s).
INFO: [RTGEN 206-100] Finished creating RTL model for 'HLS_FIR_Pipeline_VITIS_LOOP_31_1'.
INFO: [HLS 200-111] Finished Creating RTL model: CPU user time: 1 seconds. CPU system time: 0 seconds. Elapsed time: 1.247 seconds; current allocated memory: 420.227 MB.
INFO: [HLS 200-10] ----------------------------------------------------------------
INFO: [HLS 200-10] -- Generating RTL for module 'HLS_FIR_Pipeline_VITIS_LOOP_39_2' 
INFO: [HLS 200-10] ----------------------------------------------------------------
INFO: [HLS 200-1030] Apply Unified Pipeline Control on module 'HLS_FIR_Pipeline_VITIS_LOOP_39_2' pipeline 'VITIS_LOOP_39_2' pipeline type 'loop pipeline'
INFO: [RTGEN 206-100] Generating core module 'mac_muladd_16s_14s_32s_32_4_1': 1 instance(s).
INFO: [RTGEN 206-100] Generating core module 'sparsemux_785_9_16_1_1': 1 instance(s).
INFO: [RTGEN 206-100] Finished creating RTL model for 'HLS_FIR_Pipeline_VITIS_LOOP_39_2'.
INFO: [RTMG 210-279] Implementing memory 'HLS_FIR_HLS_FIR_Pipeline_VITIS_LOOP_39_2_b_FIR_ROM_AUTO_1R' using auto ROMs.
INFO: [HLS 200-111] Finished Creating RTL model: CPU user time: 2 seconds. CPU system time: 1 seconds. Elapsed time: 2.839 seconds; current allocated memory: 448.512 MB.
INFO: [HLS 200-10] ----------------------------------------------------------------
INFO: [HLS 200-10] -- Generating RTL for module 'HLS_FIR' 
INFO: [HLS 200-10] ----------------------------------------------------------------
WARNING: [RTGEN 206-101] Design contains AXI ports. Reset is fixed to synchronous and active low.
INFO: [RTGEN 206-500] Setting interface mode on port 'HLS_FIR/input_r' to 'axis' (register, both mode).
INFO: [RTGEN 206-500] Setting interface mode on port 'HLS_FIR/output_r' to 'axis' (register, both mode).
INFO: [RTGEN 206-500] Setting interface mode on function 'HLS_FIR' to 'ap_ctrl_none'.
WARNING: [RTGEN 206-101] Register 'p_ZZ10FIR_filterILi392EEsPKssiE10FIR_delays_391' is power-on initialization.
WARNING: [RTGEN 206-101] Register 'short_FIR_filter_392_short_const_short_int_FIR_delays' is power-on initialization.
WARNING: [RTGEN 206-101] Register 'short_FIR_filter_392_short_const_short_int_FIR_delays_1' is power-on initialization.
WARNING: [RTGEN 206-101] Register 'short_FIR_filter_392_short_const_short_int_FIR_delays_2' is power-on initialization.
WARNING: [RTGEN 206-101] Register 'short_FIR_filter_392_short_const_short_int_FIR_delays_3' is power-on initialization.
WARNING: [RTGEN 206-101] Register 'short_FIR_filter_392_short_const_short_int_FIR_delays_4' is power-on initialization.
WARNING: [RTGEN 206-101] Register 'short_FIR_filter_392_short_const_short_int_FIR_delays_5' is power-on initialization.
WARNING: [RTGEN 206-101] Register 'short_FIR_filter_392_short_const_short_int_FIR_delays_6' is power-on initialization.
WARNING: [RTGEN 206-101] Register 'short_FIR_filter_392_short_const_short_int_FIR_delays_7' is power-on initialization.
WARNING: [RTGEN 206-101] Register 'short_FIR_filter_392_short_const_short_int_FIR_delays_8' is power-on initialization.
WARNING: [RTGEN 206-101] Register 'short_FIR_filter_392_short_const_short_int_FIR_delays_9' is power-on initialization.
WARNING: [RTGEN 206-101] Register 'p_ZZ10FIR_filterILi392EEsPKssiE10FIR_delays_10' is power-on initialization.
WARNING: [RTGEN 206-101] Register 'p_ZZ10FIR_filterILi392EEsPKssiE10FIR_delays_11' is power-on initialization.
WARNING: [RTGEN 206-101] Register 'p_ZZ10FIR_filterILi392EEsPKssiE10FIR_delays_12' is power-on initialization.
WARNING: [RTGEN 206-101] Register 'p_ZZ10FIR_filterILi392EEsPKssiE10FIR_delays_13' is power-on initialization.
WARNING: [RTGEN 206-101] Register 'p_ZZ10FIR_filterILi392EEsPKssiE10FIR_delays_14' is power-on initialization.
WARNING: [RTGEN 206-101] Register 'p_ZZ10FIR_filterILi392EEsPKssiE10FIR_delays_15' is power-on initialization.
WARNING: [RTGEN 206-101] Register 'p_ZZ10FIR_filterILi392EEsPKssiE10FIR_delays_16' is power-on initialization.
WARNING: [RTGEN 206-101] Register 'p_ZZ10FIR_filterILi392EEsPKssiE10FIR_delays_17' is power-on initialization.
WARNING: [RTGEN 206-101] Register 'p_ZZ10FIR_filterILi392EEsPKssiE10FIR_delays_18' is power-on initialization.
WARNING: [RTGEN 206-101] Register 'p_ZZ10FIR_filterILi392EEsPKssiE10FIR_delays_19' is power-on initialization.
WARNING: [RTGEN 206-101] Register 'p_ZZ10FIR_filterILi392EEsPKssiE10FIR_delays_20' is power-on initialization.
WARNING: [RTGEN 206-101] Register 'p_ZZ10FIR_filterILi392EEsPKssiE10FIR_delays_21' is power-on initialization.
WARNING: [RTGEN 206-101] Register 'p_ZZ10FIR_filterILi392EEsPKssiE10FIR_delays_22' is power-on initialization.
WARNING: [RTGEN 206-101] Register 'p_ZZ10FIR_filterILi392EEsPKssiE10FIR_delays_23' is power-on initialization.
WARNING: [RTGEN 206-101] Register 'p_ZZ10FIR_filterILi392EEsPKssiE10FIR_delays_24' is power-on initialization.
WARNING: [RTGEN 206-101] Register 'p_ZZ10FIR_filterILi392EEsPKssiE10FIR_delays_25' is power-on initialization.
WARNING: [RTGEN 206-101] Register 'p_ZZ10FIR_filterILi392EEsPKssiE10FIR_delays_26' is power-on initialization.
WARNING: [RTGEN 206-101] Register 'p_ZZ10FIR_filterILi392EEsPKssiE10FIR_delays_27' is power-on initialization.
WARNING: [RTGEN 206-101] Register 'p_ZZ10FIR_filterILi392EEsPKssiE10FIR_delays_28' is power-on initialization.
WARNING: [RTGEN 206-101] Register 'p_ZZ10FIR_filterILi392EEsPKssiE10FIR_delays_29' is power-on initialization.
WARNING: [RTGEN 206-101] Register 'p_ZZ10FIR_filterILi392EEsPKssiE10FIR_delays_30' is power-on initialization.
WARNING: [RTGEN 206-101] Register 'p_ZZ10FIR_filterILi392EEsPKssiE10FIR_delays_31' is power-on initialization.
WARNING: [RTGEN 206-101] Register 'p_ZZ10FIR_filterILi392EEsPKssiE10FIR_delays_32' is power-on initialization.
WARNING: [RTGEN 206-101] Register 'p_ZZ10FIR_filterILi392EEsPKssiE10FIR_delays_33' is power-on initialization.
WARNING: [RTGEN 206-101] Register 'p_ZZ10FIR_filterILi392EEsPKssiE10FIR_delays_34' is power-on initialization.
WARNING: [RTGEN 206-101] Register 'p_ZZ10FIR_filterILi392EEsPKssiE10FIR_delays_35' is power-on initialization.
WARNING: [RTGEN 206-101] Register 'p_ZZ10FIR_filterILi392EEsPKssiE10FIR_delays_36' is power-on initialization.
WARNING: [RTGEN 206-101] Register 'p_ZZ10FIR_filterILi392EEsPKssiE10FIR_delays_37' is power-on initialization.
WARNING: [RTGEN 206-101] Register 'p_ZZ10FIR_filterILi392EEsPKssiE10FIR_delays_38' is power-on initialization.
WARNING: [RTGEN 206-101] Register 'p_ZZ10FIR_filterILi392EEsPKssiE10FIR_delays_39' is power-on initialization.
WARNING: [RTGEN 206-101] Register 'p_ZZ10FIR_filterILi392EEsPKssiE10FIR_delays_40' is power-on initialization.
WARNING: [RTGEN 206-101] Register 'p_ZZ10FIR_filterILi392EEsPKssiE10FIR_delays_41' is power-on initialization.
WARNING: [RTGEN 206-101] Register 'p_ZZ10FIR_filterILi392EEsPKssiE10FIR_delays_42' is power-on initialization.
WARNING: [RTGEN 206-101] Register 'p_ZZ10FIR_filterILi392EEsPKssiE10FIR_delays_43' is power-on initialization.
WARNING: [RTGEN 206-101] Register 'p_ZZ10FIR_filterILi392EEsPKssiE10FIR_delays_44' is power-on initialization.
WARNING: [RTGEN 206-101] Register 'p_ZZ10FIR_filterILi392EEsPKssiE10FIR_delays_45' is power-on initialization.
WARNING: [RTGEN 206-101] Register 'p_ZZ10FIR_filterILi392EEsPKssiE10FIR_delays_46' is power-on initialization.
WARNING: [RTGEN 206-101] Register 'p_ZZ10FIR_filterILi392EEsPKssiE10FIR_delays_47' is power-on initialization.
WARNING: [RTGEN 206-101] Register 'p_ZZ10FIR_filterILi392EEsPKssiE10FIR_delays_48' is power-on initialization.
WARNING: [RTGEN 206-101] Register 'p_ZZ10FIR_filterILi392EEsPKssiE10FIR_delays_49' is power-on initialization.
WARNING: [RTGEN 206-101] Register 'p_ZZ10FIR_filterILi392EEsPKssiE10FIR_delays_50' is power-on initialization.
WARNING: [RTGEN 206-101] Register 'p_ZZ10FIR_filterILi392EEsPKssiE10FIR_delays_51' is power-on initialization.
WARNING: [RTGEN 206-101] Register 'p_ZZ10FIR_filterILi392EEsPKssiE10FIR_delays_52' is power-on initialization.
WARNING: [RTGEN 206-101] Register 'p_ZZ10FIR_filterILi392EEsPKssiE10FIR_delays_53' is power-on initialization.
WARNING: [RTGEN 206-101] Register 'p_ZZ10FIR_filterILi392EEsPKssiE10FIR_delays_54' is power-on initialization.
WARNING: [RTGEN 206-101] Register 'p_ZZ10FIR_filterILi392EEsPKssiE10FIR_delays_55' is power-on initialization.
WARNING: [RTGEN 206-101] Register 'p_ZZ10FIR_filterILi392EEsPKssiE10FIR_delays_56' is power-on initialization.
WARNING: [RTGEN 206-101] Register 'p_ZZ10FIR_filterILi392EEsPKssiE10FIR_delays_57' is power-on initialization.
WARNING: [RTGEN 206-101] Register 'p_ZZ10FIR_filterILi392EEsPKssiE10FIR_delays_58' is power-on initialization.
WARNING: [RTGEN 206-101] Register 'p_ZZ10FIR_filterILi392EEsPKssiE10FIR_delays_59' is power-on initialization.
WARNING: [RTGEN 206-101] Register 'p_ZZ10FIR_filterILi392EEsPKssiE10FIR_delays_60' is power-on initialization.
WARNING: [RTGEN 206-101] Register 'p_ZZ10FIR_filterILi392EEsPKssiE10FIR_delays_61' is power-on initialization.
WARNING: [RTGEN 206-101] Register 'p_ZZ10FIR_filterILi392EEsPKssiE10FIR_delays_62' is power-on initialization.
WARNING: [RTGEN 206-101] Register 'p_ZZ10FIR_filterILi392EEsPKssiE10FIR_delays_63' is power-on initialization.
WARNING: [RTGEN 206-101] Register 'p_ZZ10FIR_filterILi392EEsPKssiE10FIR_delays_64' is power-on initialization.
WARNING: [RTGEN 206-101] Register 'p_ZZ10FIR_filterILi392EEsPKssiE10FIR_delays_65' is power-on initialization.
WARNING: [RTGEN 206-101] Register 'p_ZZ10FIR_filterILi392EEsPKssiE10FIR_delays_66' is power-on initialization.
WARNING: [RTGEN 206-101] Register 'p_ZZ10FIR_filterILi392EEsPKssiE10FIR_delays_67' is power-on initialization.
WARNING: [RTGEN 206-101] Register 'p_ZZ10FIR_filterILi392EEsPKssiE10FIR_delays_68' is power-on initialization.
WARNING: [RTGEN 206-101] Register 'p_ZZ10FIR_filterILi392EEsPKssiE10FIR_delays_69' is power-on initialization.
WARNING: [RTGEN 206-101] Register 'p_ZZ10FIR_filterILi392EEsPKssiE10FIR_delays_70' is power-on initialization.
WARNING: [RTGEN 206-101] Register 'p_ZZ10FIR_filterILi392EEsPKssiE10FIR_delays_71' is power-on initialization.
WARNING: [RTGEN 206-101] Register 'p_ZZ10FIR_filterILi392EEsPKssiE10FIR_delays_72' is power-on initialization.
WARNING: [RTGEN 206-101] Register 'p_ZZ10FIR_filterILi392EEsPKssiE10FIR_delays_73' is power-on initialization.
WARNING: [RTGEN 206-101] Register 'p_ZZ10FIR_filterILi392EEsPKssiE10FIR_delays_74' is power-on initialization.
WARNING: [RTGEN 206-101] Register 'p_ZZ10FIR_filterILi392EEsPKssiE10FIR_delays_75' is power-on initialization.
WARNING: [RTGEN 206-101] Register 'p_ZZ10FIR_filterILi392EEsPKssiE10FIR_delays_76' is power-on initialization.
WARNING: [RTGEN 206-101] Register 'p_ZZ10FIR_filterILi392EEsPKssiE10FIR_delays_77' is power-on initialization.
WARNING: [RTGEN 206-101] Register 'p_ZZ10FIR_filterILi392EEsPKssiE10FIR_delays_78' is power-on initialization.
WARNING: [RTGEN 206-101] Register 'p_ZZ10FIR_filterILi392EEsPKssiE10FIR_delays_79' is power-on initialization.
WARNING: [RTGEN 206-101] Register 'p_ZZ10FIR_filterILi392EEsPKssiE10FIR_delays_80' is power-on initialization.
WARNING: [RTGEN 206-101] Register 'p_ZZ10FIR_filterILi392EEsPKssiE10FIR_delays_81' is power-on initialization.
WARNING: [RTGEN 206-101] Register 'p_ZZ10FIR_filterILi392EEsPKssiE10FIR_delays_82' is power-on initialization.
WARNING: [RTGEN 206-101] Register 'p_ZZ10FIR_filterILi392EEsPKssiE10FIR_delays_83' is power-on initialization.
WARNING: [RTGEN 206-101] Register 'p_ZZ10FIR_filterILi392EEsPKssiE10FIR_delays_84' is power-on initialization.
WARNING: [RTGEN 206-101] Register 'p_ZZ10FIR_filterILi392EEsPKssiE10FIR_delays_85' is power-on initialization.
WARNING: [RTGEN 206-101] Register 'p_ZZ10FIR_filterILi392EEsPKssiE10FIR_delays_86' is power-on initialization.
WARNING: [RTGEN 206-101] Register 'p_ZZ10FIR_filterILi392EEsPKssiE10FIR_delays_87' is power-on initialization.
WARNING: [RTGEN 206-101] Register 'p_ZZ10FIR_filterILi392EEsPKssiE10FIR_delays_88' is power-on initialization.
WARNING: [RTGEN 206-101] Register 'p_ZZ10FIR_filterILi392EEsPKssiE10FIR_delays_89' is power-on initialization.
WARNING: [RTGEN 206-101] Register 'p_ZZ10FIR_filterILi392EEsPKssiE10FIR_delays_90' is power-on initialization.
WARNING: [RTGEN 206-101] Register 'p_ZZ10FIR_filterILi392EEsPKssiE10FIR_delays_91' is power-on initialization.
WARNING: [RTGEN 206-101] Register 'p_ZZ10FIR_filterILi392EEsPKssiE10FIR_delays_92' is power-on initialization.
WARNING: [RTGEN 206-101] Register 'p_ZZ10FIR_filterILi392EEsPKssiE10FIR_delays_93' is power-on initialization.
WARNING: [RTGEN 206-101] Register 'p_ZZ10FIR_filterILi392EEsPKssiE10FIR_delays_94' is power-on initialization.
WARNING: [RTGEN 206-101] Register 'p_ZZ10FIR_filterILi392EEsPKssiE10FIR_delays_95' is power-on initialization.
WARNING: [RTGEN 206-101] Register 'p_ZZ10FIR_filterILi392EEsPKssiE10FIR_delays_96' is power-on initialization.
WARNING: [RTGEN 206-101] Register 'p_ZZ10FIR_filterILi392EEsPKssiE10FIR_delays_97' is power-on initialization.
WARNING: [RTGEN 206-101] Register 'p_ZZ10FIR_filterILi392EEsPKssiE10FIR_delays_98' is power-on initialization.
WARNING: [RTGEN 206-101] Register 'p_ZZ10FIR_filterILi392EEsPKssiE10FIR_delays_99' is power-on initialization.
WARNING: [RTGEN 206-101] Register 'p_ZZ10FIR_filterILi392EEsPKssiE10FIR_delays_100' is power-on initialization.
WARNING: [RTGEN 206-101] Register 'p_ZZ10FIR_filterILi392EEsPKssiE10FIR_delays_101' is power-on initialization.
WARNING: [RTGEN 206-101] Register 'p_ZZ10FIR_filterILi392EEsPKssiE10FIR_delays_102' is power-on initialization.
WARNING: [RTGEN 206-101] Register 'p_ZZ10FIR_filterILi392EEsPKssiE10FIR_delays_103' is power-on initialization.
WARNING: [RTGEN 206-101] Register 'p_ZZ10FIR_filterILi392EEsPKssiE10FIR_delays_104' is power-on initialization.
WARNING: [RTGEN 206-101] Register 'p_ZZ10FIR_filterILi392EEsPKssiE10FIR_delays_105' is power-on initialization.
WARNING: [RTGEN 206-101] Register 'p_ZZ10FIR_filterILi392EEsPKssiE10FIR_delays_106' is power-on initialization.
WARNING: [RTGEN 206-101] Register 'p_ZZ10FIR_filterILi392EEsPKssiE10FIR_delays_107' is power-on initialization.
WARNING: [RTGEN 206-101] Register 'p_ZZ10FIR_filterILi392EEsPKssiE10FIR_delays_108' is power-on initialization.
WARNING: [RTGEN 206-101] Register 'p_ZZ10FIR_filterILi392EEsPKssiE10FIR_delays_109' is power-on initialization.
WARNING: [RTGEN 206-101] Register 'p_ZZ10FIR_filterILi392EEsPKssiE10FIR_delays_110' is power-on initialization.
WARNING: [RTGEN 206-101] Register 'p_ZZ10FIR_filterILi392EEsPKssiE10FIR_delays_111' is power-on initialization.
WARNING: [RTGEN 206-101] Register 'p_ZZ10FIR_filterILi392EEsPKssiE10FIR_delays_112' is power-on initialization.
WARNING: [RTGEN 206-101] Register 'p_ZZ10FIR_filterILi392EEsPKssiE10FIR_delays_113' is power-on initialization.
WARNING: [RTGEN 206-101] Register 'p_ZZ10FIR_filterILi392EEsPKssiE10FIR_delays_114' is power-on initialization.
WARNING: [RTGEN 206-101] Register 'p_ZZ10FIR_filterILi392EEsPKssiE10FIR_delays_115' is power-on initialization.
WARNING: [RTGEN 206-101] Register 'p_ZZ10FIR_filterILi392EEsPKssiE10FIR_delays_116' is power-on initialization.
WARNING: [RTGEN 206-101] Register 'p_ZZ10FIR_filterILi392EEsPKssiE10FIR_delays_117' is power-on initialization.
WARNING: [RTGEN 206-101] Register 'p_ZZ10FIR_filterILi392EEsPKssiE10FIR_delays_118' is power-on initialization.
WARNING: [RTGEN 206-101] Register 'p_ZZ10FIR_filterILi392EEsPKssiE10FIR_delays_119' is power-on initialization.
WARNING: [RTGEN 206-101] Register 'p_ZZ10FIR_filterILi392EEsPKssiE10FIR_delays_120' is power-on initialization.
WARNING: [RTGEN 206-101] Register 'p_ZZ10FIR_filterILi392EEsPKssiE10FIR_delays_121' is power-on initialization.
WARNING: [RTGEN 206-101] Register 'p_ZZ10FIR_filterILi392EEsPKssiE10FIR_delays_122' is power-on initialization.
WARNING: [RTGEN 206-101] Register 'p_ZZ10FIR_filterILi392EEsPKssiE10FIR_delays_123' is power-on initialization.
WARNING: [RTGEN 206-101] Register 'p_ZZ10FIR_filterILi392EEsPKssiE10FIR_delays_124' is power-on initialization.
WARNING: [RTGEN 206-101] Register 'p_ZZ10FIR_filterILi392EEsPKssiE10FIR_delays_125' is power-on initialization.
WARNING: [RTGEN 206-101] Register 'p_ZZ10FIR_filterILi392EEsPKssiE10FIR_delays_126' is power-on initialization.
WARNING: [RTGEN 206-101] Register 'p_ZZ10FIR_filterILi392EEsPKssiE10FIR_delays_127' is power-on initialization.
WARNING: [RTGEN 206-101] Register 'p_ZZ10FIR_filterILi392EEsPKssiE10FIR_delays_128' is power-on initialization.
WARNING: [RTGEN 206-101] Register 'p_ZZ10FIR_filterILi392EEsPKssiE10FIR_delays_129' is power-on initialization.
WARNING: [RTGEN 206-101] Register 'p_ZZ10FIR_filterILi392EEsPKssiE10FIR_delays_130' is power-on initialization.
WARNING: [RTGEN 206-101] Register 'p_ZZ10FIR_filterILi392EEsPKssiE10FIR_delays_131' is power-on initialization.
WARNING: [RTGEN 206-101] Register 'p_ZZ10FIR_filterILi392EEsPKssiE10FIR_delays_132' is power-on initialization.
WARNING: [RTGEN 206-101] Register 'p_ZZ10FIR_filterILi392EEsPKssiE10FIR_delays_133' is power-on initialization.
WARNING: [RTGEN 206-101] Register 'p_ZZ10FIR_filterILi392EEsPKssiE10FIR_delays_134' is power-on initialization.
WARNING: [RTGEN 206-101] Register 'p_ZZ10FIR_filterILi392EEsPKssiE10FIR_delays_135' is power-on initialization.
WARNING: [RTGEN 206-101] Register 'p_ZZ10FIR_filterILi392EEsPKssiE10FIR_delays_136' is power-on initialization.
WARNING: [RTGEN 206-101] Register 'p_ZZ10FIR_filterILi392EEsPKssiE10FIR_delays_137' is power-on initialization.
WARNING: [RTGEN 206-101] Register 'p_ZZ10FIR_filterILi392EEsPKssiE10FIR_delays_138' is power-on initialization.
WARNING: [RTGEN 206-101] Register 'p_ZZ10FIR_filterILi392EEsPKssiE10FIR_delays_139' is power-on initialization.
WARNING: [RTGEN 206-101] Register 'p_ZZ10FIR_filterILi392EEsPKssiE10FIR_delays_140' is power-on initialization.
WARNING: [RTGEN 206-101] Register 'p_ZZ10FIR_filterILi392EEsPKssiE10FIR_delays_141' is power-on initialization.
WARNING: [RTGEN 206-101] Register 'p_ZZ10FIR_filterILi392EEsPKssiE10FIR_delays_142' is power-on initialization.
WARNING: [RTGEN 206-101] Register 'p_ZZ10FIR_filterILi392EEsPKssiE10FIR_delays_143' is power-on initialization.
WARNING: [RTGEN 206-101] Register 'p_ZZ10FIR_filterILi392EEsPKssiE10FIR_delays_144' is power-on initialization.
WARNING: [RTGEN 206-101] Register 'p_ZZ10FIR_filterILi392EEsPKssiE10FIR_delays_145' is power-on initialization.
WARNING: [RTGEN 206-101] Register 'p_ZZ10FIR_filterILi392EEsPKssiE10FIR_delays_146' is power-on initialization.
WARNING: [RTGEN 206-101] Register 'p_ZZ10FIR_filterILi392EEsPKssiE10FIR_delays_147' is power-on initialization.
WARNING: [RTGEN 206-101] Register 'p_ZZ10FIR_filterILi392EEsPKssiE10FIR_delays_148' is power-on initialization.
WARNING: [RTGEN 206-101] Register 'p_ZZ10FIR_filterILi392EEsPKssiE10FIR_delays_149' is power-on initialization.
WARNING: [RTGEN 206-101] Register 'p_ZZ10FIR_filterILi392EEsPKssiE10FIR_delays_150' is power-on initialization.
WARNING: [RTGEN 206-101] Register 'p_ZZ10FIR_filterILi392EEsPKssiE10FIR_delays_151' is power-on initialization.
WARNING: [RTGEN 206-101] Register 'p_ZZ10FIR_filterILi392EEsPKssiE10FIR_delays_152' is power-on initialization.
WARNING: [RTGEN 206-101] Register 'p_ZZ10FIR_filterILi392EEsPKssiE10FIR_delays_153' is power-on initialization.
WARNING: [RTGEN 206-101] Register 'p_ZZ10FIR_filterILi392EEsPKssiE10FIR_delays_154' is power-on initialization.
WARNING: [RTGEN 206-101] Register 'p_ZZ10FIR_filterILi392EEsPKssiE10FIR_delays_155' is power-on initialization.
WARNING: [RTGEN 206-101] Register 'p_ZZ10FIR_filterILi392EEsPKssiE10FIR_delays_156' is power-on initialization.
WARNING: [RTGEN 206-101] Register 'p_ZZ10FIR_filterILi392EEsPKssiE10FIR_delays_157' is power-on initialization.
WARNING: [RTGEN 206-101] Register 'p_ZZ10FIR_filterILi392EEsPKssiE10FIR_delays_158' is power-on initialization.
WARNING: [RTGEN 206-101] Register 'p_ZZ10FIR_filterILi392EEsPKssiE10FIR_delays_159' is power-on initialization.
WARNING: [RTGEN 206-101] Register 'p_ZZ10FIR_filterILi392EEsPKssiE10FIR_delays_160' is power-on initialization.
WARNING: [RTGEN 206-101] Register 'p_ZZ10FIR_filterILi392EEsPKssiE10FIR_delays_161' is power-on initialization.
WARNING: [RTGEN 206-101] Register 'p_ZZ10FIR_filterILi392EEsPKssiE10FIR_delays_162' is power-on initialization.
WARNING: [RTGEN 206-101] Register 'p_ZZ10FIR_filterILi392EEsPKssiE10FIR_delays_163' is power-on initialization.
WARNING: [RTGEN 206-101] Register 'p_ZZ10FIR_filterILi392EEsPKssiE10FIR_delays_164' is power-on initialization.
WARNING: [RTGEN 206-101] Register 'p_ZZ10FIR_filterILi392EEsPKssiE10FIR_delays_165' is power-on initialization.
WARNING: [RTGEN 206-101] Register 'p_ZZ10FIR_filterILi392EEsPKssiE10FIR_delays_166' is power-on initialization.
WARNING: [RTGEN 206-101] Register 'p_ZZ10FIR_filterILi392EEsPKssiE10FIR_delays_167' is power-on initialization.
WARNING: [RTGEN 206-101] Register 'p_ZZ10FIR_filterILi392EEsPKssiE10FIR_delays_168' is power-on initialization.
WARNING: [RTGEN 206-101] Register 'p_ZZ10FIR_filterILi392EEsPKssiE10FIR_delays_169' is power-on initialization.
WARNING: [RTGEN 206-101] Register 'p_ZZ10FIR_filterILi392EEsPKssiE10FIR_delays_170' is power-on initialization.
WARNING: [RTGEN 206-101] Register 'p_ZZ10FIR_filterILi392EEsPKssiE10FIR_delays_171' is power-on initialization.
WARNING: [RTGEN 206-101] Register 'p_ZZ10FIR_filterILi392EEsPKssiE10FIR_delays_172' is power-on initialization.
WARNING: [RTGEN 206-101] Register 'p_ZZ10FIR_filterILi392EEsPKssiE10FIR_delays_173' is power-on initialization.
WARNING: [RTGEN 206-101] Register 'p_ZZ10FIR_filterILi392EEsPKssiE10FIR_delays_174' is power-on initialization.
WARNING: [RTGEN 206-101] Register 'p_ZZ10FIR_filterILi392EEsPKssiE10FIR_delays_175' is power-on initialization.
WARNING: [RTGEN 206-101] Register 'p_ZZ10FIR_filterILi392EEsPKssiE10FIR_delays_176' is power-on initialization.
WARNING: [RTGEN 206-101] Register 'p_ZZ10FIR_filterILi392EEsPKssiE10FIR_delays_177' is power-on initialization.
WARNING: [RTGEN 206-101] Register 'p_ZZ10FIR_filterILi392EEsPKssiE10FIR_delays_178' is power-on initialization.
WARNING: [RTGEN 206-101] Register 'p_ZZ10FIR_filterILi392EEsPKssiE10FIR_delays_179' is power-on initialization.
WARNING: [RTGEN 206-101] Register 'p_ZZ10FIR_filterILi392EEsPKssiE10FIR_delays_180' is power-on initialization.
WARNING: [RTGEN 206-101] Register 'p_ZZ10FIR_filterILi392EEsPKssiE10FIR_delays_181' is power-on initialization.
WARNING: [RTGEN 206-101] Register 'p_ZZ10FIR_filterILi392EEsPKssiE10FIR_delays_182' is power-on initialization.
WARNING: [RTGEN 206-101] Register 'p_ZZ10FIR_filterILi392EEsPKssiE10FIR_delays_183' is power-on initialization.
WARNING: [RTGEN 206-101] Register 'p_ZZ10FIR_filterILi392EEsPKssiE10FIR_delays_184' is power-on initialization.
WARNING: [RTGEN 206-101] Register 'p_ZZ10FIR_filterILi392EEsPKssiE10FIR_delays_185' is power-on initialization.
WARNING: [RTGEN 206-101] Register 'p_ZZ10FIR_filterILi392EEsPKssiE10FIR_delays_186' is power-on initialization.
WARNING: [RTGEN 206-101] Register 'p_ZZ10FIR_filterILi392EEsPKssiE10FIR_delays_187' is power-on initialization.
WARNING: [RTGEN 206-101] Register 'p_ZZ10FIR_filterILi392EEsPKssiE10FIR_delays_188' is power-on initialization.
WARNING: [RTGEN 206-101] Register 'p_ZZ10FIR_filterILi392EEsPKssiE10FIR_delays_189' is power-on initialization.
WARNING: [RTGEN 206-101] Register 'p_ZZ10FIR_filterILi392EEsPKssiE10FIR_delays_190' is power-on initialization.
WARNING: [RTGEN 206-101] Register 'p_ZZ10FIR_filterILi392EEsPKssiE10FIR_delays_191' is power-on initialization.
WARNING: [RTGEN 206-101] Register 'p_ZZ10FIR_filterILi392EEsPKssiE10FIR_delays_192' is power-on initialization.
WARNING: [RTGEN 206-101] Register 'p_ZZ10FIR_filterILi392EEsPKssiE10FIR_delays_193' is power-on initialization.
WARNING: [RTGEN 206-101] Register 'p_ZZ10FIR_filterILi392EEsPKssiE10FIR_delays_194' is power-on initialization.
WARNING: [RTGEN 206-101] Register 'p_ZZ10FIR_filterILi392EEsPKssiE10FIR_delays_195' is power-on initialization.
WARNING: [RTGEN 206-101] Register 'p_ZZ10FIR_filterILi392EEsPKssiE10FIR_delays_196' is power-on initialization.
WARNING: [RTGEN 206-101] Register 'p_ZZ10FIR_filterILi392EEsPKssiE10FIR_delays_197' is power-on initialization.
WARNING: [RTGEN 206-101] Register 'p_ZZ10FIR_filterILi392EEsPKssiE10FIR_delays_198' is power-on initialization.
WARNING: [RTGEN 206-101] Register 'p_ZZ10FIR_filterILi392EEsPKssiE10FIR_delays_199' is power-on initialization.
WARNING: [RTGEN 206-101] Register 'p_ZZ10FIR_filterILi392EEsPKssiE10FIR_delays_200' is power-on initialization.
WARNING: [RTGEN 206-101] Register 'p_ZZ10FIR_filterILi392EEsPKssiE10FIR_delays_201' is power-on initialization.
WARNING: [RTGEN 206-101] Register 'p_ZZ10FIR_filterILi392EEsPKssiE10FIR_delays_202' is power-on initialization.
WARNING: [RTGEN 206-101] Register 'p_ZZ10FIR_filterILi392EEsPKssiE10FIR_delays_203' is power-on initialization.
WARNING: [RTGEN 206-101] Register 'p_ZZ10FIR_filterILi392EEsPKssiE10FIR_delays_204' is power-on initialization.
WARNING: [RTGEN 206-101] Register 'p_ZZ10FIR_filterILi392EEsPKssiE10FIR_delays_205' is power-on initialization.
WARNING: [RTGEN 206-101] Register 'p_ZZ10FIR_filterILi392EEsPKssiE10FIR_delays_206' is power-on initialization.
WARNING: [RTGEN 206-101] Register 'p_ZZ10FIR_filterILi392EEsPKssiE10FIR_delays_207' is power-on initialization.
WARNING: [RTGEN 206-101] Register 'p_ZZ10FIR_filterILi392EEsPKssiE10FIR_delays_208' is power-on initialization.
WARNING: [RTGEN 206-101] Register 'p_ZZ10FIR_filterILi392EEsPKssiE10FIR_delays_209' is power-on initialization.
WARNING: [RTGEN 206-101] Register 'p_ZZ10FIR_filterILi392EEsPKssiE10FIR_delays_210' is power-on initialization.
WARNING: [RTGEN 206-101] Register 'p_ZZ10FIR_filterILi392EEsPKssiE10FIR_delays_211' is power-on initialization.
WARNING: [RTGEN 206-101] Register 'p_ZZ10FIR_filterILi392EEsPKssiE10FIR_delays_212' is power-on initialization.
WARNING: [RTGEN 206-101] Register 'p_ZZ10FIR_filterILi392EEsPKssiE10FIR_delays_213' is power-on initialization.
WARNING: [RTGEN 206-101] Register 'p_ZZ10FIR_filterILi392EEsPKssiE10FIR_delays_214' is power-on initialization.
WARNING: [RTGEN 206-101] Register 'p_ZZ10FIR_filterILi392EEsPKssiE10FIR_delays_215' is power-on initialization.
WARNING: [RTGEN 206-101] Register 'p_ZZ10FIR_filterILi392EEsPKssiE10FIR_delays_216' is power-on initialization.
WARNING: [RTGEN 206-101] Register 'p_ZZ10FIR_filterILi392EEsPKssiE10FIR_delays_217' is power-on initialization.
WARNING: [RTGEN 206-101] Register 'p_ZZ10FIR_filterILi392EEsPKssiE10FIR_delays_218' is power-on initialization.
WARNING: [RTGEN 206-101] Register 'p_ZZ10FIR_filterILi392EEsPKssiE10FIR_delays_219' is power-on initialization.
WARNING: [RTGEN 206-101] Register 'p_ZZ10FIR_filterILi392EEsPKssiE10FIR_delays_220' is power-on initialization.
WARNING: [RTGEN 206-101] Register 'p_ZZ10FIR_filterILi392EEsPKssiE10FIR_delays_221' is power-on initialization.
WARNING: [RTGEN 206-101] Register 'p_ZZ10FIR_filterILi392EEsPKssiE10FIR_delays_222' is power-on initialization.
WARNING: [RTGEN 206-101] Register 'p_ZZ10FIR_filterILi392EEsPKssiE10FIR_delays_223' is power-on initialization.
WARNING: [RTGEN 206-101] Register 'p_ZZ10FIR_filterILi392EEsPKssiE10FIR_delays_224' is power-on initialization.
WARNING: [RTGEN 206-101] Register 'p_ZZ10FIR_filterILi392EEsPKssiE10FIR_delays_225' is power-on initialization.
WARNING: [RTGEN 206-101] Register 'p_ZZ10FIR_filterILi392EEsPKssiE10FIR_delays_226' is power-on initialization.
WARNING: [RTGEN 206-101] Register 'p_ZZ10FIR_filterILi392EEsPKssiE10FIR_delays_227' is power-on initialization.
WARNING: [RTGEN 206-101] Register 'p_ZZ10FIR_filterILi392EEsPKssiE10FIR_delays_228' is power-on initialization.
WARNING: [RTGEN 206-101] Register 'p_ZZ10FIR_filterILi392EEsPKssiE10FIR_delays_229' is power-on initialization.
WARNING: [RTGEN 206-101] Register 'p_ZZ10FIR_filterILi392EEsPKssiE10FIR_delays_230' is power-on initialization.
WARNING: [RTGEN 206-101] Register 'p_ZZ10FIR_filterILi392EEsPKssiE10FIR_delays_231' is power-on initialization.
WARNING: [RTGEN 206-101] Register 'p_ZZ10FIR_filterILi392EEsPKssiE10FIR_delays_232' is power-on initialization.
WARNING: [RTGEN 206-101] Register 'p_ZZ10FIR_filterILi392EEsPKssiE10FIR_delays_233' is power-on initialization.
WARNING: [RTGEN 206-101] Register 'p_ZZ10FIR_filterILi392EEsPKssiE10FIR_delays_234' is power-on initialization.
WARNING: [RTGEN 206-101] Register 'p_ZZ10FIR_filterILi392EEsPKssiE10FIR_delays_235' is power-on initialization.
WARNING: [RTGEN 206-101] Register 'p_ZZ10FIR_filterILi392EEsPKssiE10FIR_delays_236' is power-on initialization.
WARNING: [RTGEN 206-101] Register 'p_ZZ10FIR_filterILi392EEsPKssiE10FIR_delays_237' is power-on initialization.
WARNING: [RTGEN 206-101] Register 'p_ZZ10FIR_filterILi392EEsPKssiE10FIR_delays_238' is power-on initialization.
WARNING: [RTGEN 206-101] Register 'p_ZZ10FIR_filterILi392EEsPKssiE10FIR_delays_239' is power-on initialization.
WARNING: [RTGEN 206-101] Register 'p_ZZ10FIR_filterILi392EEsPKssiE10FIR_delays_240' is power-on initialization.
WARNING: [RTGEN 206-101] Register 'p_ZZ10FIR_filterILi392EEsPKssiE10FIR_delays_241' is power-on initialization.
WARNING: [RTGEN 206-101] Register 'p_ZZ10FIR_filterILi392EEsPKssiE10FIR_delays_242' is power-on initialization.
WARNING: [RTGEN 206-101] Register 'p_ZZ10FIR_filterILi392EEsPKssiE10FIR_delays_243' is power-on initialization.
WARNING: [RTGEN 206-101] Register 'p_ZZ10FIR_filterILi392EEsPKssiE10FIR_delays_244' is power-on initialization.
WARNING: [RTGEN 206-101] Register 'p_ZZ10FIR_filterILi392EEsPKssiE10FIR_delays_245' is power-on initialization.
WARNING: [RTGEN 206-101] Register 'p_ZZ10FIR_filterILi392EEsPKssiE10FIR_delays_246' is power-on initialization.
WARNING: [RTGEN 206-101] Register 'p_ZZ10FIR_filterILi392EEsPKssiE10FIR_delays_247' is power-on initialization.
WARNING: [RTGEN 206-101] Register 'p_ZZ10FIR_filterILi392EEsPKssiE10FIR_delays_248' is power-on initialization.
WARNING: [RTGEN 206-101] Register 'p_ZZ10FIR_filterILi392EEsPKssiE10FIR_delays_249' is power-on initialization.
WARNING: [RTGEN 206-101] Register 'p_ZZ10FIR_filterILi392EEsPKssiE10FIR_delays_250' is power-on initialization.
WARNING: [RTGEN 206-101] Register 'p_ZZ10FIR_filterILi392EEsPKssiE10FIR_delays_251' is power-on initialization.
WARNING: [RTGEN 206-101] Register 'p_ZZ10FIR_filterILi392EEsPKssiE10FIR_delays_252' is power-on initialization.
WARNING: [RTGEN 206-101] Register 'p_ZZ10FIR_filterILi392EEsPKssiE10FIR_delays_253' is power-on initialization.
WARNING: [RTGEN 206-101] Register 'p_ZZ10FIR_filterILi392EEsPKssiE10FIR_delays_254' is power-on initialization.
WARNING: [RTGEN 206-101] Register 'p_ZZ10FIR_filterILi392EEsPKssiE10FIR_delays_255' is power-on initialization.
WARNING: [RTGEN 206-101] Register 'p_ZZ10FIR_filterILi392EEsPKssiE10FIR_delays_256' is power-on initialization.
WARNING: [RTGEN 206-101] Register 'p_ZZ10FIR_filterILi392EEsPKssiE10FIR_delays_257' is power-on initialization.
WARNING: [RTGEN 206-101] Register 'p_ZZ10FIR_filterILi392EEsPKssiE10FIR_delays_258' is power-on initialization.
WARNING: [RTGEN 206-101] Register 'p_ZZ10FIR_filterILi392EEsPKssiE10FIR_delays_259' is power-on initialization.
WARNING: [RTGEN 206-101] Register 'p_ZZ10FIR_filterILi392EEsPKssiE10FIR_delays_260' is power-on initialization.
WARNING: [RTGEN 206-101] Register 'p_ZZ10FIR_filterILi392EEsPKssiE10FIR_delays_261' is power-on initialization.
WARNING: [RTGEN 206-101] Register 'p_ZZ10FIR_filterILi392EEsPKssiE10FIR_delays_262' is power-on initialization.
WARNING: [RTGEN 206-101] Register 'p_ZZ10FIR_filterILi392EEsPKssiE10FIR_delays_263' is power-on initialization.
WARNING: [RTGEN 206-101] Register 'p_ZZ10FIR_filterILi392EEsPKssiE10FIR_delays_264' is power-on initialization.
WARNING: [RTGEN 206-101] Register 'p_ZZ10FIR_filterILi392EEsPKssiE10FIR_delays_265' is power-on initialization.
WARNING: [RTGEN 206-101] Register 'p_ZZ10FIR_filterILi392EEsPKssiE10FIR_delays_266' is power-on initialization.
WARNING: [RTGEN 206-101] Register 'p_ZZ10FIR_filterILi392EEsPKssiE10FIR_delays_267' is power-on initialization.
WARNING: [RTGEN 206-101] Register 'p_ZZ10FIR_filterILi392EEsPKssiE10FIR_delays_268' is power-on initialization.
WARNING: [RTGEN 206-101] Register 'p_ZZ10FIR_filterILi392EEsPKssiE10FIR_delays_269' is power-on initialization.
WARNING: [RTGEN 206-101] Register 'p_ZZ10FIR_filterILi392EEsPKssiE10FIR_delays_270' is power-on initialization.
WARNING: [RTGEN 206-101] Register 'p_ZZ10FIR_filterILi392EEsPKssiE10FIR_delays_271' is power-on initialization.
WARNING: [RTGEN 206-101] Register 'p_ZZ10FIR_filterILi392EEsPKssiE10FIR_delays_272' is power-on initialization.
WARNING: [RTGEN 206-101] Register 'p_ZZ10FIR_filterILi392EEsPKssiE10FIR_delays_273' is power-on initialization.
WARNING: [RTGEN 206-101] Register 'p_ZZ10FIR_filterILi392EEsPKssiE10FIR_delays_274' is power-on initialization.
WARNING: [RTGEN 206-101] Register 'p_ZZ10FIR_filterILi392EEsPKssiE10FIR_delays_275' is power-on initialization.
WARNING: [RTGEN 206-101] Register 'p_ZZ10FIR_filterILi392EEsPKssiE10FIR_delays_276' is power-on initialization.
WARNING: [RTGEN 206-101] Register 'p_ZZ10FIR_filterILi392EEsPKssiE10FIR_delays_277' is power-on initialization.
WARNING: [RTGEN 206-101] Register 'p_ZZ10FIR_filterILi392EEsPKssiE10FIR_delays_278' is power-on initialization.
WARNING: [RTGEN 206-101] Register 'p_ZZ10FIR_filterILi392EEsPKssiE10FIR_delays_279' is power-on initialization.
WARNING: [RTGEN 206-101] Register 'p_ZZ10FIR_filterILi392EEsPKssiE10FIR_delays_280' is power-on initialization.
WARNING: [RTGEN 206-101] Register 'p_ZZ10FIR_filterILi392EEsPKssiE10FIR_delays_281' is power-on initialization.
WARNING: [RTGEN 206-101] Register 'p_ZZ10FIR_filterILi392EEsPKssiE10FIR_delays_282' is power-on initialization.
WARNING: [RTGEN 206-101] Register 'p_ZZ10FIR_filterILi392EEsPKssiE10FIR_delays_283' is power-on initialization.
WARNING: [RTGEN 206-101] Register 'p_ZZ10FIR_filterILi392EEsPKssiE10FIR_delays_284' is power-on initialization.
WARNING: [RTGEN 206-101] Register 'p_ZZ10FIR_filterILi392EEsPKssiE10FIR_delays_285' is power-on initialization.
WARNING: [RTGEN 206-101] Register 'p_ZZ10FIR_filterILi392EEsPKssiE10FIR_delays_286' is power-on initialization.
WARNING: [RTGEN 206-101] Register 'p_ZZ10FIR_filterILi392EEsPKssiE10FIR_delays_287' is power-on initialization.
WARNING: [RTGEN 206-101] Register 'p_ZZ10FIR_filterILi392EEsPKssiE10FIR_delays_288' is power-on initialization.
WARNING: [RTGEN 206-101] Register 'p_ZZ10FIR_filterILi392EEsPKssiE10FIR_delays_289' is power-on initialization.
WARNING: [RTGEN 206-101] Register 'p_ZZ10FIR_filterILi392EEsPKssiE10FIR_delays_290' is power-on initialization.
WARNING: [RTGEN 206-101] Register 'p_ZZ10FIR_filterILi392EEsPKssiE10FIR_delays_291' is power-on initialization.
WARNING: [RTGEN 206-101] Register 'p_ZZ10FIR_filterILi392EEsPKssiE10FIR_delays_292' is power-on initialization.
WARNING: [RTGEN 206-101] Register 'p_ZZ10FIR_filterILi392EEsPKssiE10FIR_delays_293' is power-on initialization.
WARNING: [RTGEN 206-101] Register 'p_ZZ10FIR_filterILi392EEsPKssiE10FIR_delays_294' is power-on initialization.
WARNING: [RTGEN 206-101] Register 'p_ZZ10FIR_filterILi392EEsPKssiE10FIR_delays_295' is power-on initialization.
WARNING: [RTGEN 206-101] Register 'p_ZZ10FIR_filterILi392EEsPKssiE10FIR_delays_296' is power-on initialization.
WARNING: [RTGEN 206-101] Register 'p_ZZ10FIR_filterILi392EEsPKssiE10FIR_delays_297' is power-on initialization.
WARNING: [RTGEN 206-101] Register 'p_ZZ10FIR_filterILi392EEsPKssiE10FIR_delays_298' is power-on initialization.
WARNING: [RTGEN 206-101] Register 'p_ZZ10FIR_filterILi392EEsPKssiE10FIR_delays_299' is power-on initialization.
WARNING: [RTGEN 206-101] Register 'p_ZZ10FIR_filterILi392EEsPKssiE10FIR_delays_300' is power-on initialization.
WARNING: [RTGEN 206-101] Register 'p_ZZ10FIR_filterILi392EEsPKssiE10FIR_delays_301' is power-on initialization.
WARNING: [RTGEN 206-101] Register 'p_ZZ10FIR_filterILi392EEsPKssiE10FIR_delays_302' is power-on initialization.
WARNING: [RTGEN 206-101] Register 'p_ZZ10FIR_filterILi392EEsPKssiE10FIR_delays_303' is power-on initialization.
WARNING: [RTGEN 206-101] Register 'p_ZZ10FIR_filterILi392EEsPKssiE10FIR_delays_304' is power-on initialization.
WARNING: [RTGEN 206-101] Register 'p_ZZ10FIR_filterILi392EEsPKssiE10FIR_delays_305' is power-on initialization.
WARNING: [RTGEN 206-101] Register 'p_ZZ10FIR_filterILi392EEsPKssiE10FIR_delays_306' is power-on initialization.
WARNING: [RTGEN 206-101] Register 'p_ZZ10FIR_filterILi392EEsPKssiE10FIR_delays_307' is power-on initialization.
WARNING: [RTGEN 206-101] Register 'p_ZZ10FIR_filterILi392EEsPKssiE10FIR_delays_308' is power-on initialization.
WARNING: [RTGEN 206-101] Register 'p_ZZ10FIR_filterILi392EEsPKssiE10FIR_delays_309' is power-on initialization.
WARNING: [RTGEN 206-101] Register 'p_ZZ10FIR_filterILi392EEsPKssiE10FIR_delays_310' is power-on initialization.
WARNING: [RTGEN 206-101] Register 'p_ZZ10FIR_filterILi392EEsPKssiE10FIR_delays_311' is power-on initialization.
WARNING: [RTGEN 206-101] Register 'p_ZZ10FIR_filterILi392EEsPKssiE10FIR_delays_312' is power-on initialization.
WARNING: [RTGEN 206-101] Register 'p_ZZ10FIR_filterILi392EEsPKssiE10FIR_delays_313' is power-on initialization.
WARNING: [RTGEN 206-101] Register 'p_ZZ10FIR_filterILi392EEsPKssiE10FIR_delays_314' is power-on initialization.
WARNING: [RTGEN 206-101] Register 'p_ZZ10FIR_filterILi392EEsPKssiE10FIR_delays_315' is power-on initialization.
WARNING: [RTGEN 206-101] Register 'p_ZZ10FIR_filterILi392EEsPKssiE10FIR_delays_316' is power-on initialization.
WARNING: [RTGEN 206-101] Register 'p_ZZ10FIR_filterILi392EEsPKssiE10FIR_delays_317' is power-on initialization.
WARNING: [RTGEN 206-101] Register 'p_ZZ10FIR_filterILi392EEsPKssiE10FIR_delays_318' is power-on initialization.
WARNING: [RTGEN 206-101] Register 'p_ZZ10FIR_filterILi392EEsPKssiE10FIR_delays_319' is power-on initialization.
WARNING: [RTGEN 206-101] Register 'p_ZZ10FIR_filterILi392EEsPKssiE10FIR_delays_320' is power-on initialization.
WARNING: [RTGEN 206-101] Register 'p_ZZ10FIR_filterILi392EEsPKssiE10FIR_delays_321' is power-on initialization.
WARNING: [RTGEN 206-101] Register 'p_ZZ10FIR_filterILi392EEsPKssiE10FIR_delays_322' is power-on initialization.
WARNING: [RTGEN 206-101] Register 'p_ZZ10FIR_filterILi392EEsPKssiE10FIR_delays_323' is power-on initialization.
WARNING: [RTGEN 206-101] Register 'p_ZZ10FIR_filterILi392EEsPKssiE10FIR_delays_324' is power-on initialization.
WARNING: [RTGEN 206-101] Register 'p_ZZ10FIR_filterILi392EEsPKssiE10FIR_delays_325' is power-on initialization.
WARNING: [RTGEN 206-101] Register 'p_ZZ10FIR_filterILi392EEsPKssiE10FIR_delays_326' is power-on initialization.
WARNING: [RTGEN 206-101] Register 'p_ZZ10FIR_filterILi392EEsPKssiE10FIR_delays_327' is power-on initialization.
WARNING: [RTGEN 206-101] Register 'p_ZZ10FIR_filterILi392EEsPKssiE10FIR_delays_328' is power-on initialization.
WARNING: [RTGEN 206-101] Register 'p_ZZ10FIR_filterILi392EEsPKssiE10FIR_delays_329' is power-on initialization.
WARNING: [RTGEN 206-101] Register 'p_ZZ10FIR_filterILi392EEsPKssiE10FIR_delays_330' is power-on initialization.
WARNING: [RTGEN 206-101] Register 'p_ZZ10FIR_filterILi392EEsPKssiE10FIR_delays_331' is power-on initialization.
WARNING: [RTGEN 206-101] Register 'p_ZZ10FIR_filterILi392EEsPKssiE10FIR_delays_332' is power-on initialization.
WARNING: [RTGEN 206-101] Register 'p_ZZ10FIR_filterILi392EEsPKssiE10FIR_delays_333' is power-on initialization.
WARNING: [RTGEN 206-101] Register 'p_ZZ10FIR_filterILi392EEsPKssiE10FIR_delays_334' is power-on initialization.
WARNING: [RTGEN 206-101] Register 'p_ZZ10FIR_filterILi392EEsPKssiE10FIR_delays_335' is power-on initialization.
WARNING: [RTGEN 206-101] Register 'p_ZZ10FIR_filterILi392EEsPKssiE10FIR_delays_336' is power-on initialization.
WARNING: [RTGEN 206-101] Register 'p_ZZ10FIR_filterILi392EEsPKssiE10FIR_delays_337' is power-on initialization.
WARNING: [RTGEN 206-101] Register 'p_ZZ10FIR_filterILi392EEsPKssiE10FIR_delays_338' is power-on initialization.
WARNING: [RTGEN 206-101] Register 'p_ZZ10FIR_filterILi392EEsPKssiE10FIR_delays_339' is power-on initialization.
WARNING: [RTGEN 206-101] Register 'p_ZZ10FIR_filterILi392EEsPKssiE10FIR_delays_340' is power-on initialization.
WARNING: [RTGEN 206-101] Register 'p_ZZ10FIR_filterILi392EEsPKssiE10FIR_delays_341' is power-on initialization.
WARNING: [RTGEN 206-101] Register 'p_ZZ10FIR_filterILi392EEsPKssiE10FIR_delays_342' is power-on initialization.
WARNING: [RTGEN 206-101] Register 'p_ZZ10FIR_filterILi392EEsPKssiE10FIR_delays_343' is power-on initialization.
WARNING: [RTGEN 206-101] Register 'p_ZZ10FIR_filterILi392EEsPKssiE10FIR_delays_344' is power-on initialization.
WARNING: [RTGEN 206-101] Register 'p_ZZ10FIR_filterILi392EEsPKssiE10FIR_delays_345' is power-on initialization.
WARNING: [RTGEN 206-101] Register 'p_ZZ10FIR_filterILi392EEsPKssiE10FIR_delays_346' is power-on initialization.
WARNING: [RTGEN 206-101] Register 'p_ZZ10FIR_filterILi392EEsPKssiE10FIR_delays_347' is power-on initialization.
WARNING: [RTGEN 206-101] Register 'p_ZZ10FIR_filterILi392EEsPKssiE10FIR_delays_348' is power-on initialization.
WARNING: [RTGEN 206-101] Register 'p_ZZ10FIR_filterILi392EEsPKssiE10FIR_delays_349' is power-on initialization.
WARNING: [RTGEN 206-101] Register 'p_ZZ10FIR_filterILi392EEsPKssiE10FIR_delays_350' is power-on initialization.
WARNING: [RTGEN 206-101] Register 'p_ZZ10FIR_filterILi392EEsPKssiE10FIR_delays_351' is power-on initialization.
WARNING: [RTGEN 206-101] Register 'p_ZZ10FIR_filterILi392EEsPKssiE10FIR_delays_352' is power-on initialization.
WARNING: [RTGEN 206-101] Register 'p_ZZ10FIR_filterILi392EEsPKssiE10FIR_delays_353' is power-on initialization.
WARNING: [RTGEN 206-101] Register 'p_ZZ10FIR_filterILi392EEsPKssiE10FIR_delays_354' is power-on initialization.
WARNING: [RTGEN 206-101] Register 'p_ZZ10FIR_filterILi392EEsPKssiE10FIR_delays_355' is power-on initialization.
WARNING: [RTGEN 206-101] Register 'p_ZZ10FIR_filterILi392EEsPKssiE10FIR_delays_356' is power-on initialization.
WARNING: [RTGEN 206-101] Register 'p_ZZ10FIR_filterILi392EEsPKssiE10FIR_delays_357' is power-on initialization.
WARNING: [RTGEN 206-101] Register 'p_ZZ10FIR_filterILi392EEsPKssiE10FIR_delays_358' is power-on initialization.
WARNING: [RTGEN 206-101] Register 'p_ZZ10FIR_filterILi392EEsPKssiE10FIR_delays_359' is power-on initialization.
WARNING: [RTGEN 206-101] Register 'p_ZZ10FIR_filterILi392EEsPKssiE10FIR_delays_360' is power-on initialization.
WARNING: [RTGEN 206-101] Register 'p_ZZ10FIR_filterILi392EEsPKssiE10FIR_delays_361' is power-on initialization.
WARNING: [RTGEN 206-101] Register 'p_ZZ10FIR_filterILi392EEsPKssiE10FIR_delays_362' is power-on initialization.
WARNING: [RTGEN 206-101] Register 'p_ZZ10FIR_filterILi392EEsPKssiE10FIR_delays_363' is power-on initialization.
WARNING: [RTGEN 206-101] Register 'p_ZZ10FIR_filterILi392EEsPKssiE10FIR_delays_364' is power-on initialization.
WARNING: [RTGEN 206-101] Register 'p_ZZ10FIR_filterILi392EEsPKssiE10FIR_delays_365' is power-on initialization.
WARNING: [RTGEN 206-101] Register 'p_ZZ10FIR_filterILi392EEsPKssiE10FIR_delays_366' is power-on initialization.
WARNING: [RTGEN 206-101] Register 'p_ZZ10FIR_filterILi392EEsPKssiE10FIR_delays_367' is power-on initialization.
WARNING: [RTGEN 206-101] Register 'p_ZZ10FIR_filterILi392EEsPKssiE10FIR_delays_368' is power-on initialization.
WARNING: [RTGEN 206-101] Register 'p_ZZ10FIR_filterILi392EEsPKssiE10FIR_delays_369' is power-on initialization.
WARNING: [RTGEN 206-101] Register 'p_ZZ10FIR_filterILi392EEsPKssiE10FIR_delays_370' is power-on initialization.
WARNING: [RTGEN 206-101] Register 'p_ZZ10FIR_filterILi392EEsPKssiE10FIR_delays_371' is power-on initialization.
WARNING: [RTGEN 206-101] Register 'p_ZZ10FIR_filterILi392EEsPKssiE10FIR_delays_372' is power-on initialization.
WARNING: [RTGEN 206-101] Register 'p_ZZ10FIR_filterILi392EEsPKssiE10FIR_delays_373' is power-on initialization.
WARNING: [RTGEN 206-101] Register 'p_ZZ10FIR_filterILi392EEsPKssiE10FIR_delays_374' is power-on initialization.
WARNING: [RTGEN 206-101] Register 'p_ZZ10FIR_filterILi392EEsPKssiE10FIR_delays_375' is power-on initialization.
WARNING: [RTGEN 206-101] Register 'p_ZZ10FIR_filterILi392EEsPKssiE10FIR_delays_376' is power-on initialization.
WARNING: [RTGEN 206-101] Register 'p_ZZ10FIR_filterILi392EEsPKssiE10FIR_delays_377' is power-on initialization.
WARNING: [RTGEN 206-101] Register 'p_ZZ10FIR_filterILi392EEsPKssiE10FIR_delays_378' is power-on initialization.
WARNING: [RTGEN 206-101] Register 'p_ZZ10FIR_filterILi392EEsPKssiE10FIR_delays_379' is power-on initialization.
WARNING: [RTGEN 206-101] Register 'p_ZZ10FIR_filterILi392EEsPKssiE10FIR_delays_380' is power-on initialization.
WARNING: [RTGEN 206-101] Register 'p_ZZ10FIR_filterILi392EEsPKssiE10FIR_delays_381' is power-on initialization.
WARNING: [RTGEN 206-101] Register 'p_ZZ10FIR_filterILi392EEsPKssiE10FIR_delays_382' is power-on initialization.
WARNING: [RTGEN 206-101] Register 'p_ZZ10FIR_filterILi392EEsPKssiE10FIR_delays_383' is power-on initialization.
WARNING: [RTGEN 206-101] Register 'p_ZZ10FIR_filterILi392EEsPKssiE10FIR_delays_384' is power-on initialization.
WARNING: [RTGEN 206-101] Register 'p_ZZ10FIR_filterILi392EEsPKssiE10FIR_delays_385' is power-on initialization.
WARNING: [RTGEN 206-101] Register 'p_ZZ10FIR_filterILi392EEsPKssiE10FIR_delays_386' is power-on initialization.
WARNING: [RTGEN 206-101] Register 'p_ZZ10FIR_filterILi392EEsPKssiE10FIR_delays_387' is power-on initialization.
WARNING: [RTGEN 206-101] Register 'p_ZZ10FIR_filterILi392EEsPKssiE10FIR_delays_388' is power-on initialization.
WARNING: [RTGEN 206-101] Register 'p_ZZ10FIR_filterILi392EEsPKssiE10FIR_delays_389' is power-on initialization.
WARNING: [RTGEN 206-101] Register 'p_ZZ10FIR_filterILi392EEsPKssiE10FIR_delays_390' is power-on initialization.
INFO: [RTGEN 206-100] Finished creating RTL model for 'HLS_FIR'.
INFO: [HLS 200-111] Finished Creating RTL model: CPU user time: 2 seconds. CPU system time: 1 seconds. Elapsed time: 21.511 seconds; current allocated memory: 468.418 MB.
INFO: [HLS 200-111] Finished Generating all RTL models: CPU user time: 1 seconds. CPU system time: 0 seconds. Elapsed time: 0.973 seconds; current allocated memory: 478.207 MB.
INFO: [HLS 200-111] Finished Updating report files: CPU user time: 0 seconds. CPU system time: 0 seconds. Elapsed time: 1.106 seconds; current allocated memory: 481.039 MB.
INFO: [VHDL 208-304] Generating VHDL RTL for HLS_FIR.
INFO: [VLOG 209-307] Generating Verilog RTL for HLS_FIR.
INFO: [HLS 200-790] **** Loop Constraint Status: All loop constraints were satisfied.
INFO: [HLS 200-789] **** Estimated Fmax: 362.73 MHz
INFO: [HLS 200-112] Total CPU user time: 24 seconds. Total CPU system time: 4 seconds. Total elapsed time: 81.85 seconds; peak allocated memory: 481.332 MB.
INFO: [v++ 60-791] Total elapsed time: 0h 1m 27s
