  **** HLS Build v2024.2 5238294
INFO: [HLS 200-2005] Using work_dir C:/HLS-multirate-DSP/HLS/HLS_FIR_1/HLS_FIR_1 
INFO: [HLS 200-1505] Using default flow_target 'vivado'
Resolution: For help on HLS 200-1505 see docs.xilinx.com/access/sources/dita/topic?Doc_Version=2024.2%20English&url=ug1448-hls-guidance&resourceid=200-1505.html
INFO: [HLS 200-1465] Applying ini 'syn.file=HLS_FIR.cpp' from C:/HLS-multirate-DSP/HLS/HLS_FIR_1/hls_config.cfg(9)
INFO: [HLS 200-10] Adding design file 'C:/HLS-multirate-DSP/HLS/HLS_FIR_1/HLS_FIR.cpp' to the project
INFO: [HLS 200-1465] Applying ini 'syn.file=HLS_FIR.h' from C:/HLS-multirate-DSP/HLS/HLS_FIR_1/hls_config.cfg(10)
INFO: [HLS 200-10] Adding design file 'C:/HLS-multirate-DSP/HLS/HLS_FIR_1/HLS_FIR.h' to the project
INFO: [HLS 200-1465] Applying ini 'syn.file=FIR_normal_DSP.h' from C:/HLS-multirate-DSP/HLS/HLS_FIR_1/hls_config.cfg(11)
INFO: [HLS 200-10] Adding design file 'C:/HLS-multirate-DSP/HLS/HLS_FIR_1/FIR_normal_DSP.h' to the project
INFO: [HLS 200-1465] Applying ini 'tb.file=HLS_FIR_TB.cpp' from C:/HLS-multirate-DSP/HLS/HLS_FIR_1/hls_config.cfg(7)
INFO: [HLS 200-10] Adding test bench file 'C:/HLS-multirate-DSP/HLS/HLS_FIR_1/HLS_FIR_TB.cpp' to the project
INFO: [HLS 200-1465] Applying ini 'syn.top=HLS_FIR' from C:/HLS-multirate-DSP/HLS/HLS_FIR_1/hls_config.cfg(8)
INFO: [HLS 200-1465] Applying ini 'flow_target=vivado' from C:/HLS-multirate-DSP/HLS/HLS_FIR_1/hls_config.cfg(4)
INFO: [HLS 200-1505] Using flow_target 'vivado'
Resolution: For help on HLS 200-1505 see docs.xilinx.com/access/sources/dita/topic?Doc_Version=2024.2%20English&url=ug1448-hls-guidance&resourceid=200-1505.html
INFO: [HLS 200-1465] Applying ini 'part=xck26-sfvc784-2LV-c' from C:/HLS-multirate-DSP/HLS/HLS_FIR_1/hls_config.cfg(1)
INFO: [HLS 200-1611] Setting target device to 'xck26-sfvc784-2LV-c'
INFO: [HLS 200-1465] Applying ini 'package.output.format=ip_catalog' from C:/HLS-multirate-DSP/HLS/HLS_FIR_1/hls_config.cfg(5)
INFO: [HLS 200-111] Finished File checks and directory preparation: CPU user time: 4 seconds. CPU system time: 2 seconds. Elapsed time: 5.058 seconds; current allocated memory: 272.496 MB.
INFO: [HLS 200-10] Analyzing design file 'HLS_FIR.cpp' ... 
INFO: [HLS 200-111] Finished Source Code Analysis and Preprocessing: CPU user time: 0 seconds. CPU system time: 0 seconds. Elapsed time: 2.206 seconds; current allocated memory: 275.406 MB.
INFO: [HLS 200-777] Using interface defaults for 'Vivado' flow target.
INFO: [HLS 200-1995] There were 76 instructions in the design after the 'Compile/Link' phase of compilation. See the Design Size Report for more details: C:/HLS-multirate-DSP/HLS/HLS_FIR_1/HLS_FIR_1/hls/syn/report/csynth_design_size.rpt
INFO: [HLS 200-1995] There were 48 instructions in the design after the 'Unroll/Inline (step 1)' phase of compilation. See the Design Size Report for more details: C:/HLS-multirate-DSP/HLS/HLS_FIR_1/HLS_FIR_1/hls/syn/report/csynth_design_size.rpt
INFO: [HLS 200-1995] There were 43 instructions in the design after the 'Unroll/Inline (step 2)' phase of compilation. See the Design Size Report for more details: C:/HLS-multirate-DSP/HLS/HLS_FIR_1/HLS_FIR_1/hls/syn/report/csynth_design_size.rpt
INFO: [HLS 200-1995] There were 35 instructions in the design after the 'Unroll/Inline (step 3)' phase of compilation. See the Design Size Report for more details: C:/HLS-multirate-DSP/HLS/HLS_FIR_1/HLS_FIR_1/hls/syn/report/csynth_design_size.rpt
INFO: [HLS 200-1995] There were 35 instructions in the design after the 'Unroll/Inline (step 4)' phase of compilation. See the Design Size Report for more details: C:/HLS-multirate-DSP/HLS/HLS_FIR_1/HLS_FIR_1/hls/syn/report/csynth_design_size.rpt
INFO: [HLS 200-1995] There were 2,383 instructions in the design after the 'Array/Struct (step 1)' phase of compilation. See the Design Size Report for more details: C:/HLS-multirate-DSP/HLS/HLS_FIR_1/HLS_FIR_1/hls/syn/report/csynth_design_size.rpt
INFO: [HLS 200-1995] There were 2,381 instructions in the design after the 'Array/Struct (step 2)' phase of compilation. See the Design Size Report for more details: C:/HLS-multirate-DSP/HLS/HLS_FIR_1/HLS_FIR_1/hls/syn/report/csynth_design_size.rpt
INFO: [HLS 200-1995] There were 2,381 instructions in the design after the 'Array/Struct (step 3)' phase of compilation. See the Design Size Report for more details: C:/HLS-multirate-DSP/HLS/HLS_FIR_1/HLS_FIR_1/hls/syn/report/csynth_design_size.rpt
INFO: [HLS 200-1995] There were 2,381 instructions in the design after the 'Array/Struct (step 4)' phase of compilation. See the Design Size Report for more details: C:/HLS-multirate-DSP/HLS/HLS_FIR_1/HLS_FIR_1/hls/syn/report/csynth_design_size.rpt
INFO: [HLS 200-1995] There were 2,382 instructions in the design after the 'Array/Struct (step 5)' phase of compilation. See the Design Size Report for more details: C:/HLS-multirate-DSP/HLS/HLS_FIR_1/HLS_FIR_1/hls/syn/report/csynth_design_size.rpt
INFO: [HLS 200-1995] There were 2,380 instructions in the design after the 'Performance' phase of compilation. See the Design Size Report for more details: C:/HLS-multirate-DSP/HLS/HLS_FIR_1/HLS_FIR_1/hls/syn/report/csynth_design_size.rpt
INFO: [HLS 200-1995] There were 2,379 instructions in the design after the 'Performance (step 2)' phase of compilation. See the Design Size Report for more details: C:/HLS-multirate-DSP/HLS/HLS_FIR_1/HLS_FIR_1/hls/syn/report/csynth_design_size.rpt
INFO: [HLS 200-1995] There were 2,379 instructions in the design after the 'Performance (step 3)' phase of compilation. See the Design Size Report for more details: C:/HLS-multirate-DSP/HLS/HLS_FIR_1/HLS_FIR_1/hls/syn/report/csynth_design_size.rpt
INFO: [HLS 200-1995] There were 2,379 instructions in the design after the 'Performance (step 4)' phase of compilation. See the Design Size Report for more details: C:/HLS-multirate-DSP/HLS/HLS_FIR_1/HLS_FIR_1/hls/syn/report/csynth_design_size.rpt
INFO: [HLS 200-1995] There were 2,381 instructions in the design after the 'HW Transforms (step 1)' phase of compilation. See the Design Size Report for more details: C:/HLS-multirate-DSP/HLS/HLS_FIR_1/HLS_FIR_1/hls/syn/report/csynth_design_size.rpt
INFO: [HLS 200-1995] There were 2,394 instructions in the design after the 'HW Transforms (step 2)' phase of compilation. See the Design Size Report for more details: C:/HLS-multirate-DSP/HLS/HLS_FIR_1/HLS_FIR_1/hls/syn/report/csynth_design_size.rpt
INFO: [HLS 214-178] Inlining function 'short FIR_filter<392>(short*, short const*, short, int)' into 'fir_function(hls::stream<short, 0>&, hls::stream<short, 0>&)' (HLS_FIR.cpp:15:0)
INFO: [HLS 214-178] Inlining function 'fir_function(hls::stream<short, 0>&, hls::stream<short, 0>&)' into 'HLS_FIR(hls::stream<short, 0>&, hls::stream<short, 0>&)' (HLS_FIR.cpp:3:0)
INFO: [HLS 214-248] Applying array_partition to '_ZL10H_filt_FIR': Complete partitioning on dimension 1. (./FIR_normal_DSP.h:13:0)
INFO: [HLS 214-376] automatically set the pipeline for Loop< VITIS_LOOP_31_1> at HLS_FIR.cpp:31:19 
INFO: [HLS 214-376] automatically set the pipeline for Loop< VITIS_LOOP_37_2> at HLS_FIR.cpp:37:19 
INFO: [HLS 200-111] Finished Compiling Optimization and Transform: CPU user time: 0 seconds. CPU system time: 0 seconds. Elapsed time: 34.203 seconds; current allocated memory: 277.527 MB.
INFO: [HLS 200-111] Finished Checking Pragmas: CPU user time: 0 seconds. CPU system time: 0 seconds. Elapsed time: 0.005 seconds; current allocated memory: 277.527 MB.
INFO: [HLS 200-10] Starting code transformations ...
INFO: [HLS 200-111] Finished Standard Transforms: CPU user time: 1 seconds. CPU system time: 0 seconds. Elapsed time: 1.174 seconds; current allocated memory: 291.613 MB.
INFO: [HLS 200-10] Checking synthesizability ...
INFO: [HLS 200-111] Finished Checking Synthesizability: CPU user time: 0 seconds. CPU system time: 0 seconds. Elapsed time: 0.52 seconds; current allocated memory: 294.715 MB.
INFO: [HLS 200-111] Finished Loop, function and other optimizations: CPU user time: 3 seconds. CPU system time: 0 seconds. Elapsed time: 3.177 seconds; current allocated memory: 329.031 MB.
INFO: [HLS 200-111] Finished Architecture Synthesis: CPU user time: 6 seconds. CPU system time: 0 seconds. Elapsed time: 5.615 seconds; current allocated memory: 370.516 MB.
INFO: [HLS 200-10] Starting hardware synthesis ...
INFO: [HLS 200-10] Synthesizing 'HLS_FIR' ...
INFO: [SYN 201-201] Setting up clock 'default' with a period of 10ns.
INFO: [HLS 200-10] ----------------------------------------------------------------
INFO: [HLS 200-42] -- Implementing module 'HLS_FIR_Pipeline_VITIS_LOOP_31_1' 
INFO: [HLS 200-10] ----------------------------------------------------------------
INFO: [SCHED 204-11] Starting scheduling ...
INFO: [HLS 200-486] Changing DSP latency (root=FIR_accu32_3) to 3 in order to utilize available DSP registers.
INFO: [SCHED 204-61] Pipelining loop 'VITIS_LOOP_31_1'.
INFO: [HLS 200-1470] Pipelining result : Target II = NA, Final II = 1, Depth = 5, loop 'VITIS_LOOP_31_1'
INFO: [SCHED 204-11] Finished scheduling.
INFO: [HLS 200-111] Finished Scheduling: CPU user time: 0 seconds. CPU system time: 0 seconds. Elapsed time: 0.94 seconds; current allocated memory: 378.711 MB.
INFO: [BIND 205-100] Starting micro-architecture generation ...
INFO: [BIND 205-101] Performing variable lifetime analysis.
INFO: [BIND 205-101] Exploring resource sharing.
INFO: [BIND 205-101] Binding ...
INFO: [BIND 205-100] Finished micro-architecture generation.
INFO: [HLS 200-111] Finished Binding: CPU user time: 1 seconds. CPU system time: 0 seconds. Elapsed time: 0.209 seconds; current allocated memory: 380.457 MB.
INFO: [HLS 200-10] ----------------------------------------------------------------
INFO: [HLS 200-42] -- Implementing module 'HLS_FIR_Pipeline_VITIS_LOOP_37_2' 
INFO: [HLS 200-10] ----------------------------------------------------------------
INFO: [SCHED 204-11] Starting scheduling ...
INFO: [SCHED 204-61] Pipelining loop 'VITIS_LOOP_37_2'.
INFO: [HLS 200-1470] Pipelining result : Target II = NA, Final II = 1, Depth = 1, loop 'VITIS_LOOP_37_2'
INFO: [SCHED 204-11] Finished scheduling.
INFO: [HLS 200-111] Finished Scheduling: CPU user time: 1 seconds. CPU system time: 0 seconds. Elapsed time: 1.72 seconds; current allocated memory: 395.418 MB.
INFO: [BIND 205-100] Starting micro-architecture generation ...
INFO: [BIND 205-101] Performing variable lifetime analysis.
INFO: [BIND 205-101] Exploring resource sharing.
INFO: [BIND 205-101] Binding ...
INFO: [BIND 205-100] Finished micro-architecture generation.
INFO: [HLS 200-111] Finished Binding: CPU user time: 1 seconds. CPU system time: 0 seconds. Elapsed time: 0.507 seconds; current allocated memory: 395.434 MB.
INFO: [HLS 200-10] ----------------------------------------------------------------
INFO: [HLS 200-42] -- Implementing module 'HLS_FIR' 
INFO: [HLS 200-10] ----------------------------------------------------------------
INFO: [SCHED 204-11] Starting scheduling ...
INFO: [SCHED 204-11] Finished scheduling.
INFO: [HLS 200-111] Finished Scheduling: CPU user time: 0 seconds. CPU system time: 0 seconds. Elapsed time: 0.7 seconds; current allocated memory: 395.570 MB.
INFO: [BIND 205-100] Starting micro-architecture generation ...
INFO: [BIND 205-101] Performing variable lifetime analysis.
INFO: [BIND 205-101] Exploring resource sharing.
INFO: [BIND 205-101] Binding ...
INFO: [BIND 205-100] Finished micro-architecture generation.
INFO: [HLS 200-111] Finished Binding: CPU user time: 0 seconds. CPU system time: 0 seconds. Elapsed time: 0.193 seconds; current allocated memory: 396.199 MB.
INFO: [HLS 200-10] ----------------------------------------------------------------
INFO: [HLS 200-10] -- Generating RTL for module 'HLS_FIR_Pipeline_VITIS_LOOP_31_1' 
INFO: [HLS 200-10] ----------------------------------------------------------------
INFO: [HLS 200-1030] Apply Unified Pipeline Control on module 'HLS_FIR_Pipeline_VITIS_LOOP_31_1' pipeline 'VITIS_LOOP_31_1' pipeline type 'loop pipeline'
INFO: [RTGEN 206-100] Generating core module 'mac_muladd_16s_14s_32s_32_4_1': 1 instance(s).
INFO: [RTGEN 206-100] Generating core module 'sparsemux_785_9_16_1_1': 1 instance(s).
INFO: [RTGEN 206-100] Finished creating RTL model for 'HLS_FIR_Pipeline_VITIS_LOOP_31_1'.
INFO: [RTMG 210-279] Implementing memory 'HLS_FIR_HLS_FIR_Pipeline_VITIS_LOOP_31_1_b_FIR_ROM_AUTO_1R' using auto ROMs.
INFO: [HLS 200-111] Finished Creating RTL model: CPU user time: 1 seconds. CPU system time: 0 seconds. Elapsed time: 0.933 seconds; current allocated memory: 403.566 MB.
INFO: [HLS 200-10] ----------------------------------------------------------------
INFO: [HLS 200-10] -- Generating RTL for module 'HLS_FIR_Pipeline_VITIS_LOOP_37_2' 
INFO: [HLS 200-10] ----------------------------------------------------------------
INFO: [RTGEN 206-100] Generating core module 'sparsemux_783_9_16_1_1': 1 instance(s).
INFO: [RTGEN 206-100] Finished creating RTL model for 'HLS_FIR_Pipeline_VITIS_LOOP_37_2'.
INFO: [HLS 200-111] Finished Creating RTL model: CPU user time: 2 seconds. CPU system time: 0 seconds. Elapsed time: 1.449 seconds; current allocated memory: 433.480 MB.
INFO: [HLS 200-10] ----------------------------------------------------------------
INFO: [HLS 200-10] -- Generating RTL for module 'HLS_FIR' 
INFO: [HLS 200-10] ----------------------------------------------------------------
WARNING: [RTGEN 206-101] Design contains AXI ports. Reset is fixed to synchronous and active low.
INFO: [RTGEN 206-500] Setting interface mode on port 'HLS_FIR/input_r' to 'axis' (register, both mode).
INFO: [RTGEN 206-500] Setting interface mode on port 'HLS_FIR/output_r' to 'axis' (register, both mode).
INFO: [RTGEN 206-500] Setting interface mode on function 'HLS_FIR' to 'ap_ctrl_none'.
WARNING: [RTGEN 206-101] Register 'p_ZL10H_filt_FIR_0' is power-on initialization.
WARNING: [RTGEN 206-101] Register 'p_ZL10H_filt_FIR_1' is power-on initialization.
WARNING: [RTGEN 206-101] Register 'p_ZL10H_filt_FIR_2' is power-on initialization.
WARNING: [RTGEN 206-101] Register 'p_ZL10H_filt_FIR_3' is power-on initialization.
WARNING: [RTGEN 206-101] Register 'p_ZL10H_filt_FIR_4' is power-on initialization.
WARNING: [RTGEN 206-101] Register 'p_ZL10H_filt_FIR_5' is power-on initialization.
WARNING: [RTGEN 206-101] Register 'p_ZL10H_filt_FIR_6' is power-on initialization.
WARNING: [RTGEN 206-101] Register 'p_ZL10H_filt_FIR_7' is power-on initialization.
WARNING: [RTGEN 206-101] Register 'p_ZL10H_filt_FIR_8' is power-on initialization.
WARNING: [RTGEN 206-101] Register 'p_ZL10H_filt_FIR_9' is power-on initialization.
WARNING: [RTGEN 206-101] Register 'p_ZL10H_filt_FIR_10' is power-on initialization.
WARNING: [RTGEN 206-101] Register 'p_ZL10H_filt_FIR_11' is power-on initialization.
WARNING: [RTGEN 206-101] Register 'p_ZL10H_filt_FIR_12' is power-on initialization.
WARNING: [RTGEN 206-101] Register 'p_ZL10H_filt_FIR_13' is power-on initialization.
WARNING: [RTGEN 206-101] Register 'p_ZL10H_filt_FIR_14' is power-on initialization.
WARNING: [RTGEN 206-101] Register 'p_ZL10H_filt_FIR_15' is power-on initialization.
WARNING: [RTGEN 206-101] Register 'p_ZL10H_filt_FIR_16' is power-on initialization.
WARNING: [RTGEN 206-101] Register 'p_ZL10H_filt_FIR_17' is power-on initialization.
WARNING: [RTGEN 206-101] Register 'p_ZL10H_filt_FIR_18' is power-on initialization.
WARNING: [RTGEN 206-101] Register 'p_ZL10H_filt_FIR_19' is power-on initialization.
WARNING: [RTGEN 206-101] Register 'p_ZL10H_filt_FIR_20' is power-on initialization.
WARNING: [RTGEN 206-101] Register 'p_ZL10H_filt_FIR_21' is power-on initialization.
WARNING: [RTGEN 206-101] Register 'p_ZL10H_filt_FIR_22' is power-on initialization.
WARNING: [RTGEN 206-101] Register 'p_ZL10H_filt_FIR_23' is power-on initialization.
WARNING: [RTGEN 206-101] Register 'p_ZL10H_filt_FIR_24' is power-on initialization.
WARNING: [RTGEN 206-101] Register 'p_ZL10H_filt_FIR_25' is power-on initialization.
WARNING: [RTGEN 206-101] Register 'p_ZL10H_filt_FIR_26' is power-on initialization.
WARNING: [RTGEN 206-101] Register 'p_ZL10H_filt_FIR_27' is power-on initialization.
WARNING: [RTGEN 206-101] Register 'p_ZL10H_filt_FIR_28' is power-on initialization.
WARNING: [RTGEN 206-101] Register 'p_ZL10H_filt_FIR_29' is power-on initialization.
WARNING: [RTGEN 206-101] Register 'p_ZL10H_filt_FIR_30' is power-on initialization.
WARNING: [RTGEN 206-101] Register 'p_ZL10H_filt_FIR_31' is power-on initialization.
WARNING: [RTGEN 206-101] Register 'p_ZL10H_filt_FIR_32' is power-on initialization.
WARNING: [RTGEN 206-101] Register 'p_ZL10H_filt_FIR_33' is power-on initialization.
WARNING: [RTGEN 206-101] Register 'p_ZL10H_filt_FIR_34' is power-on initialization.
WARNING: [RTGEN 206-101] Register 'p_ZL10H_filt_FIR_35' is power-on initialization.
WARNING: [RTGEN 206-101] Register 'p_ZL10H_filt_FIR_36' is power-on initialization.
WARNING: [RTGEN 206-101] Register 'p_ZL10H_filt_FIR_37' is power-on initialization.
WARNING: [RTGEN 206-101] Register 'p_ZL10H_filt_FIR_38' is power-on initialization.
WARNING: [RTGEN 206-101] Register 'p_ZL10H_filt_FIR_39' is power-on initialization.
WARNING: [RTGEN 206-101] Register 'p_ZL10H_filt_FIR_40' is power-on initialization.
WARNING: [RTGEN 206-101] Register 'p_ZL10H_filt_FIR_41' is power-on initialization.
WARNING: [RTGEN 206-101] Register 'p_ZL10H_filt_FIR_42' is power-on initialization.
WARNING: [RTGEN 206-101] Register 'p_ZL10H_filt_FIR_43' is power-on initialization.
WARNING: [RTGEN 206-101] Register 'p_ZL10H_filt_FIR_44' is power-on initialization.
WARNING: [RTGEN 206-101] Register 'p_ZL10H_filt_FIR_45' is power-on initialization.
WARNING: [RTGEN 206-101] Register 'p_ZL10H_filt_FIR_46' is power-on initialization.
WARNING: [RTGEN 206-101] Register 'p_ZL10H_filt_FIR_47' is power-on initialization.
WARNING: [RTGEN 206-101] Register 'p_ZL10H_filt_FIR_48' is power-on initialization.
WARNING: [RTGEN 206-101] Register 'p_ZL10H_filt_FIR_49' is power-on initialization.
WARNING: [RTGEN 206-101] Register 'p_ZL10H_filt_FIR_50' is power-on initialization.
WARNING: [RTGEN 206-101] Register 'p_ZL10H_filt_FIR_51' is power-on initialization.
WARNING: [RTGEN 206-101] Register 'p_ZL10H_filt_FIR_52' is power-on initialization.
WARNING: [RTGEN 206-101] Register 'p_ZL10H_filt_FIR_53' is power-on initialization.
WARNING: [RTGEN 206-101] Register 'p_ZL10H_filt_FIR_54' is power-on initialization.
WARNING: [RTGEN 206-101] Register 'p_ZL10H_filt_FIR_55' is power-on initialization.
WARNING: [RTGEN 206-101] Register 'p_ZL10H_filt_FIR_56' is power-on initialization.
WARNING: [RTGEN 206-101] Register 'p_ZL10H_filt_FIR_57' is power-on initialization.
WARNING: [RTGEN 206-101] Register 'p_ZL10H_filt_FIR_58' is power-on initialization.
WARNING: [RTGEN 206-101] Register 'p_ZL10H_filt_FIR_59' is power-on initialization.
WARNING: [RTGEN 206-101] Register 'p_ZL10H_filt_FIR_60' is power-on initialization.
WARNING: [RTGEN 206-101] Register 'p_ZL10H_filt_FIR_61' is power-on initialization.
WARNING: [RTGEN 206-101] Register 'p_ZL10H_filt_FIR_62' is power-on initialization.
WARNING: [RTGEN 206-101] Register 'p_ZL10H_filt_FIR_63' is power-on initialization.
WARNING: [RTGEN 206-101] Register 'p_ZL10H_filt_FIR_64' is power-on initialization.
WARNING: [RTGEN 206-101] Register 'p_ZL10H_filt_FIR_65' is power-on initialization.
WARNING: [RTGEN 206-101] Register 'p_ZL10H_filt_FIR_66' is power-on initialization.
WARNING: [RTGEN 206-101] Register 'p_ZL10H_filt_FIR_67' is power-on initialization.
WARNING: [RTGEN 206-101] Register 'p_ZL10H_filt_FIR_68' is power-on initialization.
WARNING: [RTGEN 206-101] Register 'p_ZL10H_filt_FIR_69' is power-on initialization.
WARNING: [RTGEN 206-101] Register 'p_ZL10H_filt_FIR_70' is power-on initialization.
WARNING: [RTGEN 206-101] Register 'p_ZL10H_filt_FIR_71' is power-on initialization.
WARNING: [RTGEN 206-101] Register 'p_ZL10H_filt_FIR_72' is power-on initialization.
WARNING: [RTGEN 206-101] Register 'p_ZL10H_filt_FIR_73' is power-on initialization.
WARNING: [RTGEN 206-101] Register 'p_ZL10H_filt_FIR_74' is power-on initialization.
WARNING: [RTGEN 206-101] Register 'p_ZL10H_filt_FIR_75' is power-on initialization.
WARNING: [RTGEN 206-101] Register 'p_ZL10H_filt_FIR_76' is power-on initialization.
WARNING: [RTGEN 206-101] Register 'p_ZL10H_filt_FIR_77' is power-on initialization.
WARNING: [RTGEN 206-101] Register 'p_ZL10H_filt_FIR_78' is power-on initialization.
WARNING: [RTGEN 206-101] Register 'p_ZL10H_filt_FIR_79' is power-on initialization.
WARNING: [RTGEN 206-101] Register 'p_ZL10H_filt_FIR_80' is power-on initialization.
WARNING: [RTGEN 206-101] Register 'p_ZL10H_filt_FIR_81' is power-on initialization.
WARNING: [RTGEN 206-101] Register 'p_ZL10H_filt_FIR_82' is power-on initialization.
WARNING: [RTGEN 206-101] Register 'p_ZL10H_filt_FIR_83' is power-on initialization.
WARNING: [RTGEN 206-101] Register 'p_ZL10H_filt_FIR_84' is power-on initialization.
WARNING: [RTGEN 206-101] Register 'p_ZL10H_filt_FIR_85' is power-on initialization.
WARNING: [RTGEN 206-101] Register 'p_ZL10H_filt_FIR_86' is power-on initialization.
WARNING: [RTGEN 206-101] Register 'p_ZL10H_filt_FIR_87' is power-on initialization.
WARNING: [RTGEN 206-101] Register 'p_ZL10H_filt_FIR_88' is power-on initialization.
WARNING: [RTGEN 206-101] Register 'p_ZL10H_filt_FIR_89' is power-on initialization.
WARNING: [RTGEN 206-101] Register 'p_ZL10H_filt_FIR_90' is power-on initialization.
WARNING: [RTGEN 206-101] Register 'p_ZL10H_filt_FIR_91' is power-on initialization.
WARNING: [RTGEN 206-101] Register 'p_ZL10H_filt_FIR_92' is power-on initialization.
WARNING: [RTGEN 206-101] Register 'p_ZL10H_filt_FIR_93' is power-on initialization.
WARNING: [RTGEN 206-101] Register 'p_ZL10H_filt_FIR_94' is power-on initialization.
WARNING: [RTGEN 206-101] Register 'p_ZL10H_filt_FIR_95' is power-on initialization.
WARNING: [RTGEN 206-101] Register 'p_ZL10H_filt_FIR_96' is power-on initialization.
WARNING: [RTGEN 206-101] Register 'p_ZL10H_filt_FIR_97' is power-on initialization.
WARNING: [RTGEN 206-101] Register 'p_ZL10H_filt_FIR_98' is power-on initialization.
WARNING: [RTGEN 206-101] Register 'p_ZL10H_filt_FIR_99' is power-on initialization.
WARNING: [RTGEN 206-101] Register 'p_ZL10H_filt_FIR_100' is power-on initialization.
WARNING: [RTGEN 206-101] Register 'p_ZL10H_filt_FIR_101' is power-on initialization.
WARNING: [RTGEN 206-101] Register 'p_ZL10H_filt_FIR_102' is power-on initialization.
WARNING: [RTGEN 206-101] Register 'p_ZL10H_filt_FIR_103' is power-on initialization.
WARNING: [RTGEN 206-101] Register 'p_ZL10H_filt_FIR_104' is power-on initialization.
WARNING: [RTGEN 206-101] Register 'p_ZL10H_filt_FIR_105' is power-on initialization.
WARNING: [RTGEN 206-101] Register 'p_ZL10H_filt_FIR_106' is power-on initialization.
WARNING: [RTGEN 206-101] Register 'p_ZL10H_filt_FIR_107' is power-on initialization.
WARNING: [RTGEN 206-101] Register 'p_ZL10H_filt_FIR_108' is power-on initialization.
WARNING: [RTGEN 206-101] Register 'p_ZL10H_filt_FIR_109' is power-on initialization.
WARNING: [RTGEN 206-101] Register 'p_ZL10H_filt_FIR_110' is power-on initialization.
WARNING: [RTGEN 206-101] Register 'p_ZL10H_filt_FIR_111' is power-on initialization.
WARNING: [RTGEN 206-101] Register 'p_ZL10H_filt_FIR_112' is power-on initialization.
WARNING: [RTGEN 206-101] Register 'p_ZL10H_filt_FIR_113' is power-on initialization.
WARNING: [RTGEN 206-101] Register 'p_ZL10H_filt_FIR_114' is power-on initialization.
WARNING: [RTGEN 206-101] Register 'p_ZL10H_filt_FIR_115' is power-on initialization.
WARNING: [RTGEN 206-101] Register 'p_ZL10H_filt_FIR_116' is power-on initialization.
WARNING: [RTGEN 206-101] Register 'p_ZL10H_filt_FIR_117' is power-on initialization.
WARNING: [RTGEN 206-101] Register 'p_ZL10H_filt_FIR_118' is power-on initialization.
WARNING: [RTGEN 206-101] Register 'p_ZL10H_filt_FIR_119' is power-on initialization.
WARNING: [RTGEN 206-101] Register 'p_ZL10H_filt_FIR_120' is power-on initialization.
WARNING: [RTGEN 206-101] Register 'p_ZL10H_filt_FIR_121' is power-on initialization.
WARNING: [RTGEN 206-101] Register 'p_ZL10H_filt_FIR_122' is power-on initialization.
WARNING: [RTGEN 206-101] Register 'p_ZL10H_filt_FIR_123' is power-on initialization.
WARNING: [RTGEN 206-101] Register 'p_ZL10H_filt_FIR_124' is power-on initialization.
WARNING: [RTGEN 206-101] Register 'p_ZL10H_filt_FIR_125' is power-on initialization.
WARNING: [RTGEN 206-101] Register 'p_ZL10H_filt_FIR_126' is power-on initialization.
WARNING: [RTGEN 206-101] Register 'p_ZL10H_filt_FIR_127' is power-on initialization.
WARNING: [RTGEN 206-101] Register 'p_ZL10H_filt_FIR_128' is power-on initialization.
WARNING: [RTGEN 206-101] Register 'p_ZL10H_filt_FIR_129' is power-on initialization.
WARNING: [RTGEN 206-101] Register 'p_ZL10H_filt_FIR_130' is power-on initialization.
WARNING: [RTGEN 206-101] Register 'p_ZL10H_filt_FIR_131' is power-on initialization.
WARNING: [RTGEN 206-101] Register 'p_ZL10H_filt_FIR_132' is power-on initialization.
WARNING: [RTGEN 206-101] Register 'p_ZL10H_filt_FIR_133' is power-on initialization.
WARNING: [RTGEN 206-101] Register 'p_ZL10H_filt_FIR_134' is power-on initialization.
WARNING: [RTGEN 206-101] Register 'p_ZL10H_filt_FIR_135' is power-on initialization.
WARNING: [RTGEN 206-101] Register 'p_ZL10H_filt_FIR_136' is power-on initialization.
WARNING: [RTGEN 206-101] Register 'p_ZL10H_filt_FIR_137' is power-on initialization.
WARNING: [RTGEN 206-101] Register 'p_ZL10H_filt_FIR_138' is power-on initialization.
WARNING: [RTGEN 206-101] Register 'p_ZL10H_filt_FIR_139' is power-on initialization.
WARNING: [RTGEN 206-101] Register 'p_ZL10H_filt_FIR_140' is power-on initialization.
WARNING: [RTGEN 206-101] Register 'p_ZL10H_filt_FIR_141' is power-on initialization.
WARNING: [RTGEN 206-101] Register 'p_ZL10H_filt_FIR_142' is power-on initialization.
WARNING: [RTGEN 206-101] Register 'p_ZL10H_filt_FIR_143' is power-on initialization.
WARNING: [RTGEN 206-101] Register 'p_ZL10H_filt_FIR_144' is power-on initialization.
WARNING: [RTGEN 206-101] Register 'p_ZL10H_filt_FIR_145' is power-on initialization.
WARNING: [RTGEN 206-101] Register 'p_ZL10H_filt_FIR_146' is power-on initialization.
WARNING: [RTGEN 206-101] Register 'p_ZL10H_filt_FIR_147' is power-on initialization.
WARNING: [RTGEN 206-101] Register 'p_ZL10H_filt_FIR_148' is power-on initialization.
WARNING: [RTGEN 206-101] Register 'p_ZL10H_filt_FIR_149' is power-on initialization.
WARNING: [RTGEN 206-101] Register 'p_ZL10H_filt_FIR_150' is power-on initialization.
WARNING: [RTGEN 206-101] Register 'p_ZL10H_filt_FIR_151' is power-on initialization.
WARNING: [RTGEN 206-101] Register 'p_ZL10H_filt_FIR_152' is power-on initialization.
WARNING: [RTGEN 206-101] Register 'p_ZL10H_filt_FIR_153' is power-on initialization.
WARNING: [RTGEN 206-101] Register 'p_ZL10H_filt_FIR_154' is power-on initialization.
WARNING: [RTGEN 206-101] Register 'p_ZL10H_filt_FIR_155' is power-on initialization.
WARNING: [RTGEN 206-101] Register 'p_ZL10H_filt_FIR_156' is power-on initialization.
WARNING: [RTGEN 206-101] Register 'p_ZL10H_filt_FIR_157' is power-on initialization.
WARNING: [RTGEN 206-101] Register 'p_ZL10H_filt_FIR_158' is power-on initialization.
WARNING: [RTGEN 206-101] Register 'p_ZL10H_filt_FIR_159' is power-on initialization.
WARNING: [RTGEN 206-101] Register 'p_ZL10H_filt_FIR_160' is power-on initialization.
WARNING: [RTGEN 206-101] Register 'p_ZL10H_filt_FIR_161' is power-on initialization.
WARNING: [RTGEN 206-101] Register 'p_ZL10H_filt_FIR_162' is power-on initialization.
WARNING: [RTGEN 206-101] Register 'p_ZL10H_filt_FIR_163' is power-on initialization.
WARNING: [RTGEN 206-101] Register 'p_ZL10H_filt_FIR_164' is power-on initialization.
WARNING: [RTGEN 206-101] Register 'p_ZL10H_filt_FIR_165' is power-on initialization.
WARNING: [RTGEN 206-101] Register 'p_ZL10H_filt_FIR_166' is power-on initialization.
WARNING: [RTGEN 206-101] Register 'p_ZL10H_filt_FIR_167' is power-on initialization.
WARNING: [RTGEN 206-101] Register 'p_ZL10H_filt_FIR_168' is power-on initialization.
WARNING: [RTGEN 206-101] Register 'p_ZL10H_filt_FIR_169' is power-on initialization.
WARNING: [RTGEN 206-101] Register 'p_ZL10H_filt_FIR_170' is power-on initialization.
WARNING: [RTGEN 206-101] Register 'p_ZL10H_filt_FIR_171' is power-on initialization.
WARNING: [RTGEN 206-101] Register 'p_ZL10H_filt_FIR_172' is power-on initialization.
WARNING: [RTGEN 206-101] Register 'p_ZL10H_filt_FIR_173' is power-on initialization.
WARNING: [RTGEN 206-101] Register 'p_ZL10H_filt_FIR_174' is power-on initialization.
WARNING: [RTGEN 206-101] Register 'p_ZL10H_filt_FIR_175' is power-on initialization.
WARNING: [RTGEN 206-101] Register 'p_ZL10H_filt_FIR_176' is power-on initialization.
WARNING: [RTGEN 206-101] Register 'p_ZL10H_filt_FIR_177' is power-on initialization.
WARNING: [RTGEN 206-101] Register 'p_ZL10H_filt_FIR_178' is power-on initialization.
WARNING: [RTGEN 206-101] Register 'p_ZL10H_filt_FIR_179' is power-on initialization.
WARNING: [RTGEN 206-101] Register 'p_ZL10H_filt_FIR_180' is power-on initialization.
WARNING: [RTGEN 206-101] Register 'p_ZL10H_filt_FIR_181' is power-on initialization.
WARNING: [RTGEN 206-101] Register 'p_ZL10H_filt_FIR_182' is power-on initialization.
WARNING: [RTGEN 206-101] Register 'p_ZL10H_filt_FIR_183' is power-on initialization.
WARNING: [RTGEN 206-101] Register 'p_ZL10H_filt_FIR_184' is power-on initialization.
WARNING: [RTGEN 206-101] Register 'p_ZL10H_filt_FIR_185' is power-on initialization.
WARNING: [RTGEN 206-101] Register 'p_ZL10H_filt_FIR_186' is power-on initialization.
WARNING: [RTGEN 206-101] Register 'p_ZL10H_filt_FIR_187' is power-on initialization.
WARNING: [RTGEN 206-101] Register 'p_ZL10H_filt_FIR_188' is power-on initialization.
WARNING: [RTGEN 206-101] Register 'p_ZL10H_filt_FIR_189' is power-on initialization.
WARNING: [RTGEN 206-101] Register 'p_ZL10H_filt_FIR_190' is power-on initialization.
WARNING: [RTGEN 206-101] Register 'p_ZL10H_filt_FIR_191' is power-on initialization.
WARNING: [RTGEN 206-101] Register 'p_ZL10H_filt_FIR_192' is power-on initialization.
WARNING: [RTGEN 206-101] Register 'p_ZL10H_filt_FIR_193' is power-on initialization.
WARNING: [RTGEN 206-101] Register 'p_ZL10H_filt_FIR_194' is power-on initialization.
WARNING: [RTGEN 206-101] Register 'p_ZL10H_filt_FIR_195' is power-on initialization.
WARNING: [RTGEN 206-101] Register 'p_ZL10H_filt_FIR_196' is power-on initialization.
WARNING: [RTGEN 206-101] Register 'p_ZL10H_filt_FIR_197' is power-on initialization.
WARNING: [RTGEN 206-101] Register 'p_ZL10H_filt_FIR_198' is power-on initialization.
WARNING: [RTGEN 206-101] Register 'p_ZL10H_filt_FIR_199' is power-on initialization.
WARNING: [RTGEN 206-101] Register 'p_ZL10H_filt_FIR_200' is power-on initialization.
WARNING: [RTGEN 206-101] Register 'p_ZL10H_filt_FIR_201' is power-on initialization.
WARNING: [RTGEN 206-101] Register 'p_ZL10H_filt_FIR_202' is power-on initialization.
WARNING: [RTGEN 206-101] Register 'p_ZL10H_filt_FIR_203' is power-on initialization.
WARNING: [RTGEN 206-101] Register 'p_ZL10H_filt_FIR_204' is power-on initialization.
WARNING: [RTGEN 206-101] Register 'p_ZL10H_filt_FIR_205' is power-on initialization.
WARNING: [RTGEN 206-101] Register 'p_ZL10H_filt_FIR_206' is power-on initialization.
WARNING: [RTGEN 206-101] Register 'p_ZL10H_filt_FIR_207' is power-on initialization.
WARNING: [RTGEN 206-101] Register 'p_ZL10H_filt_FIR_208' is power-on initialization.
WARNING: [RTGEN 206-101] Register 'p_ZL10H_filt_FIR_209' is power-on initialization.
WARNING: [RTGEN 206-101] Register 'p_ZL10H_filt_FIR_210' is power-on initialization.
WARNING: [RTGEN 206-101] Register 'p_ZL10H_filt_FIR_211' is power-on initialization.
WARNING: [RTGEN 206-101] Register 'p_ZL10H_filt_FIR_212' is power-on initialization.
WARNING: [RTGEN 206-101] Register 'p_ZL10H_filt_FIR_213' is power-on initialization.
WARNING: [RTGEN 206-101] Register 'p_ZL10H_filt_FIR_214' is power-on initialization.
WARNING: [RTGEN 206-101] Register 'p_ZL10H_filt_FIR_215' is power-on initialization.
WARNING: [RTGEN 206-101] Register 'p_ZL10H_filt_FIR_216' is power-on initialization.
WARNING: [RTGEN 206-101] Register 'p_ZL10H_filt_FIR_217' is power-on initialization.
WARNING: [RTGEN 206-101] Register 'p_ZL10H_filt_FIR_218' is power-on initialization.
WARNING: [RTGEN 206-101] Register 'p_ZL10H_filt_FIR_219' is power-on initialization.
WARNING: [RTGEN 206-101] Register 'p_ZL10H_filt_FIR_220' is power-on initialization.
WARNING: [RTGEN 206-101] Register 'p_ZL10H_filt_FIR_221' is power-on initialization.
WARNING: [RTGEN 206-101] Register 'p_ZL10H_filt_FIR_222' is power-on initialization.
WARNING: [RTGEN 206-101] Register 'p_ZL10H_filt_FIR_223' is power-on initialization.
WARNING: [RTGEN 206-101] Register 'p_ZL10H_filt_FIR_224' is power-on initialization.
WARNING: [RTGEN 206-101] Register 'p_ZL10H_filt_FIR_225' is power-on initialization.
WARNING: [RTGEN 206-101] Register 'p_ZL10H_filt_FIR_226' is power-on initialization.
WARNING: [RTGEN 206-101] Register 'p_ZL10H_filt_FIR_227' is power-on initialization.
WARNING: [RTGEN 206-101] Register 'p_ZL10H_filt_FIR_228' is power-on initialization.
WARNING: [RTGEN 206-101] Register 'p_ZL10H_filt_FIR_229' is power-on initialization.
WARNING: [RTGEN 206-101] Register 'p_ZL10H_filt_FIR_230' is power-on initialization.
WARNING: [RTGEN 206-101] Register 'p_ZL10H_filt_FIR_231' is power-on initialization.
WARNING: [RTGEN 206-101] Register 'p_ZL10H_filt_FIR_232' is power-on initialization.
WARNING: [RTGEN 206-101] Register 'p_ZL10H_filt_FIR_233' is power-on initialization.
WARNING: [RTGEN 206-101] Register 'p_ZL10H_filt_FIR_234' is power-on initialization.
WARNING: [RTGEN 206-101] Register 'p_ZL10H_filt_FIR_235' is power-on initialization.
WARNING: [RTGEN 206-101] Register 'p_ZL10H_filt_FIR_236' is power-on initialization.
WARNING: [RTGEN 206-101] Register 'p_ZL10H_filt_FIR_237' is power-on initialization.
WARNING: [RTGEN 206-101] Register 'p_ZL10H_filt_FIR_238' is power-on initialization.
WARNING: [RTGEN 206-101] Register 'p_ZL10H_filt_FIR_239' is power-on initialization.
WARNING: [RTGEN 206-101] Register 'p_ZL10H_filt_FIR_240' is power-on initialization.
WARNING: [RTGEN 206-101] Register 'p_ZL10H_filt_FIR_241' is power-on initialization.
WARNING: [RTGEN 206-101] Register 'p_ZL10H_filt_FIR_242' is power-on initialization.
WARNING: [RTGEN 206-101] Register 'p_ZL10H_filt_FIR_243' is power-on initialization.
WARNING: [RTGEN 206-101] Register 'p_ZL10H_filt_FIR_244' is power-on initialization.
WARNING: [RTGEN 206-101] Register 'p_ZL10H_filt_FIR_245' is power-on initialization.
WARNING: [RTGEN 206-101] Register 'p_ZL10H_filt_FIR_246' is power-on initialization.
WARNING: [RTGEN 206-101] Register 'p_ZL10H_filt_FIR_247' is power-on initialization.
WARNING: [RTGEN 206-101] Register 'p_ZL10H_filt_FIR_248' is power-on initialization.
WARNING: [RTGEN 206-101] Register 'p_ZL10H_filt_FIR_249' is power-on initialization.
WARNING: [RTGEN 206-101] Register 'p_ZL10H_filt_FIR_250' is power-on initialization.
WARNING: [RTGEN 206-101] Register 'p_ZL10H_filt_FIR_251' is power-on initialization.
WARNING: [RTGEN 206-101] Register 'p_ZL10H_filt_FIR_252' is power-on initialization.
WARNING: [RTGEN 206-101] Register 'p_ZL10H_filt_FIR_253' is power-on initialization.
WARNING: [RTGEN 206-101] Register 'p_ZL10H_filt_FIR_254' is power-on initialization.
WARNING: [RTGEN 206-101] Register 'p_ZL10H_filt_FIR_255' is power-on initialization.
WARNING: [RTGEN 206-101] Register 'p_ZL10H_filt_FIR_256' is power-on initialization.
WARNING: [RTGEN 206-101] Register 'p_ZL10H_filt_FIR_257' is power-on initialization.
WARNING: [RTGEN 206-101] Register 'p_ZL10H_filt_FIR_258' is power-on initialization.
WARNING: [RTGEN 206-101] Register 'p_ZL10H_filt_FIR_259' is power-on initialization.
WARNING: [RTGEN 206-101] Register 'p_ZL10H_filt_FIR_260' is power-on initialization.
WARNING: [RTGEN 206-101] Register 'p_ZL10H_filt_FIR_261' is power-on initialization.
WARNING: [RTGEN 206-101] Register 'p_ZL10H_filt_FIR_262' is power-on initialization.
WARNING: [RTGEN 206-101] Register 'p_ZL10H_filt_FIR_263' is power-on initialization.
WARNING: [RTGEN 206-101] Register 'p_ZL10H_filt_FIR_264' is power-on initialization.
WARNING: [RTGEN 206-101] Register 'p_ZL10H_filt_FIR_265' is power-on initialization.
WARNING: [RTGEN 206-101] Register 'p_ZL10H_filt_FIR_266' is power-on initialization.
WARNING: [RTGEN 206-101] Register 'p_ZL10H_filt_FIR_267' is power-on initialization.
WARNING: [RTGEN 206-101] Register 'p_ZL10H_filt_FIR_268' is power-on initialization.
WARNING: [RTGEN 206-101] Register 'p_ZL10H_filt_FIR_269' is power-on initialization.
WARNING: [RTGEN 206-101] Register 'p_ZL10H_filt_FIR_270' is power-on initialization.
WARNING: [RTGEN 206-101] Register 'p_ZL10H_filt_FIR_271' is power-on initialization.
WARNING: [RTGEN 206-101] Register 'p_ZL10H_filt_FIR_272' is power-on initialization.
WARNING: [RTGEN 206-101] Register 'p_ZL10H_filt_FIR_273' is power-on initialization.
WARNING: [RTGEN 206-101] Register 'p_ZL10H_filt_FIR_274' is power-on initialization.
WARNING: [RTGEN 206-101] Register 'p_ZL10H_filt_FIR_275' is power-on initialization.
WARNING: [RTGEN 206-101] Register 'p_ZL10H_filt_FIR_276' is power-on initialization.
WARNING: [RTGEN 206-101] Register 'p_ZL10H_filt_FIR_277' is power-on initialization.
WARNING: [RTGEN 206-101] Register 'p_ZL10H_filt_FIR_278' is power-on initialization.
WARNING: [RTGEN 206-101] Register 'p_ZL10H_filt_FIR_279' is power-on initialization.
WARNING: [RTGEN 206-101] Register 'p_ZL10H_filt_FIR_280' is power-on initialization.
WARNING: [RTGEN 206-101] Register 'p_ZL10H_filt_FIR_281' is power-on initialization.
WARNING: [RTGEN 206-101] Register 'p_ZL10H_filt_FIR_282' is power-on initialization.
WARNING: [RTGEN 206-101] Register 'p_ZL10H_filt_FIR_283' is power-on initialization.
WARNING: [RTGEN 206-101] Register 'p_ZL10H_filt_FIR_284' is power-on initialization.
WARNING: [RTGEN 206-101] Register 'p_ZL10H_filt_FIR_285' is power-on initialization.
WARNING: [RTGEN 206-101] Register 'p_ZL10H_filt_FIR_286' is power-on initialization.
WARNING: [RTGEN 206-101] Register 'p_ZL10H_filt_FIR_287' is power-on initialization.
WARNING: [RTGEN 206-101] Register 'p_ZL10H_filt_FIR_288' is power-on initialization.
WARNING: [RTGEN 206-101] Register 'p_ZL10H_filt_FIR_289' is power-on initialization.
WARNING: [RTGEN 206-101] Register 'p_ZL10H_filt_FIR_290' is power-on initialization.
WARNING: [RTGEN 206-101] Register 'p_ZL10H_filt_FIR_291' is power-on initialization.
WARNING: [RTGEN 206-101] Register 'p_ZL10H_filt_FIR_292' is power-on initialization.
WARNING: [RTGEN 206-101] Register 'p_ZL10H_filt_FIR_293' is power-on initialization.
WARNING: [RTGEN 206-101] Register 'p_ZL10H_filt_FIR_294' is power-on initialization.
WARNING: [RTGEN 206-101] Register 'p_ZL10H_filt_FIR_295' is power-on initialization.
WARNING: [RTGEN 206-101] Register 'p_ZL10H_filt_FIR_296' is power-on initialization.
WARNING: [RTGEN 206-101] Register 'p_ZL10H_filt_FIR_297' is power-on initialization.
WARNING: [RTGEN 206-101] Register 'p_ZL10H_filt_FIR_298' is power-on initialization.
WARNING: [RTGEN 206-101] Register 'p_ZL10H_filt_FIR_299' is power-on initialization.
WARNING: [RTGEN 206-101] Register 'p_ZL10H_filt_FIR_300' is power-on initialization.
WARNING: [RTGEN 206-101] Register 'p_ZL10H_filt_FIR_301' is power-on initialization.
WARNING: [RTGEN 206-101] Register 'p_ZL10H_filt_FIR_302' is power-on initialization.
WARNING: [RTGEN 206-101] Register 'p_ZL10H_filt_FIR_303' is power-on initialization.
WARNING: [RTGEN 206-101] Register 'p_ZL10H_filt_FIR_304' is power-on initialization.
WARNING: [RTGEN 206-101] Register 'p_ZL10H_filt_FIR_305' is power-on initialization.
WARNING: [RTGEN 206-101] Register 'p_ZL10H_filt_FIR_306' is power-on initialization.
WARNING: [RTGEN 206-101] Register 'p_ZL10H_filt_FIR_307' is power-on initialization.
WARNING: [RTGEN 206-101] Register 'p_ZL10H_filt_FIR_308' is power-on initialization.
WARNING: [RTGEN 206-101] Register 'p_ZL10H_filt_FIR_309' is power-on initialization.
WARNING: [RTGEN 206-101] Register 'p_ZL10H_filt_FIR_310' is power-on initialization.
WARNING: [RTGEN 206-101] Register 'p_ZL10H_filt_FIR_311' is power-on initialization.
WARNING: [RTGEN 206-101] Register 'p_ZL10H_filt_FIR_312' is power-on initialization.
WARNING: [RTGEN 206-101] Register 'p_ZL10H_filt_FIR_313' is power-on initialization.
WARNING: [RTGEN 206-101] Register 'p_ZL10H_filt_FIR_314' is power-on initialization.
WARNING: [RTGEN 206-101] Register 'p_ZL10H_filt_FIR_315' is power-on initialization.
WARNING: [RTGEN 206-101] Register 'p_ZL10H_filt_FIR_316' is power-on initialization.
WARNING: [RTGEN 206-101] Register 'p_ZL10H_filt_FIR_317' is power-on initialization.
WARNING: [RTGEN 206-101] Register 'p_ZL10H_filt_FIR_318' is power-on initialization.
WARNING: [RTGEN 206-101] Register 'p_ZL10H_filt_FIR_319' is power-on initialization.
WARNING: [RTGEN 206-101] Register 'p_ZL10H_filt_FIR_320' is power-on initialization.
WARNING: [RTGEN 206-101] Register 'p_ZL10H_filt_FIR_321' is power-on initialization.
WARNING: [RTGEN 206-101] Register 'p_ZL10H_filt_FIR_322' is power-on initialization.
WARNING: [RTGEN 206-101] Register 'p_ZL10H_filt_FIR_323' is power-on initialization.
WARNING: [RTGEN 206-101] Register 'p_ZL10H_filt_FIR_324' is power-on initialization.
WARNING: [RTGEN 206-101] Register 'p_ZL10H_filt_FIR_325' is power-on initialization.
WARNING: [RTGEN 206-101] Register 'p_ZL10H_filt_FIR_326' is power-on initialization.
WARNING: [RTGEN 206-101] Register 'p_ZL10H_filt_FIR_327' is power-on initialization.
WARNING: [RTGEN 206-101] Register 'p_ZL10H_filt_FIR_328' is power-on initialization.
WARNING: [RTGEN 206-101] Register 'p_ZL10H_filt_FIR_329' is power-on initialization.
WARNING: [RTGEN 206-101] Register 'p_ZL10H_filt_FIR_330' is power-on initialization.
WARNING: [RTGEN 206-101] Register 'p_ZL10H_filt_FIR_331' is power-on initialization.
WARNING: [RTGEN 206-101] Register 'p_ZL10H_filt_FIR_332' is power-on initialization.
WARNING: [RTGEN 206-101] Register 'p_ZL10H_filt_FIR_333' is power-on initialization.
WARNING: [RTGEN 206-101] Register 'p_ZL10H_filt_FIR_334' is power-on initialization.
WARNING: [RTGEN 206-101] Register 'p_ZL10H_filt_FIR_335' is power-on initialization.
WARNING: [RTGEN 206-101] Register 'p_ZL10H_filt_FIR_336' is power-on initialization.
WARNING: [RTGEN 206-101] Register 'p_ZL10H_filt_FIR_337' is power-on initialization.
WARNING: [RTGEN 206-101] Register 'p_ZL10H_filt_FIR_338' is power-on initialization.
WARNING: [RTGEN 206-101] Register 'p_ZL10H_filt_FIR_339' is power-on initialization.
WARNING: [RTGEN 206-101] Register 'p_ZL10H_filt_FIR_340' is power-on initialization.
WARNING: [RTGEN 206-101] Register 'p_ZL10H_filt_FIR_341' is power-on initialization.
WARNING: [RTGEN 206-101] Register 'p_ZL10H_filt_FIR_342' is power-on initialization.
WARNING: [RTGEN 206-101] Register 'p_ZL10H_filt_FIR_343' is power-on initialization.
WARNING: [RTGEN 206-101] Register 'p_ZL10H_filt_FIR_344' is power-on initialization.
WARNING: [RTGEN 206-101] Register 'p_ZL10H_filt_FIR_345' is power-on initialization.
WARNING: [RTGEN 206-101] Register 'p_ZL10H_filt_FIR_346' is power-on initialization.
WARNING: [RTGEN 206-101] Register 'p_ZL10H_filt_FIR_347' is power-on initialization.
WARNING: [RTGEN 206-101] Register 'p_ZL10H_filt_FIR_348' is power-on initialization.
WARNING: [RTGEN 206-101] Register 'p_ZL10H_filt_FIR_349' is power-on initialization.
WARNING: [RTGEN 206-101] Register 'p_ZL10H_filt_FIR_350' is power-on initialization.
WARNING: [RTGEN 206-101] Register 'p_ZL10H_filt_FIR_351' is power-on initialization.
WARNING: [RTGEN 206-101] Register 'p_ZL10H_filt_FIR_352' is power-on initialization.
WARNING: [RTGEN 206-101] Register 'p_ZL10H_filt_FIR_353' is power-on initialization.
WARNING: [RTGEN 206-101] Register 'p_ZL10H_filt_FIR_354' is power-on initialization.
WARNING: [RTGEN 206-101] Register 'p_ZL10H_filt_FIR_355' is power-on initialization.
WARNING: [RTGEN 206-101] Register 'p_ZL10H_filt_FIR_356' is power-on initialization.
WARNING: [RTGEN 206-101] Register 'p_ZL10H_filt_FIR_357' is power-on initialization.
WARNING: [RTGEN 206-101] Register 'p_ZL10H_filt_FIR_358' is power-on initialization.
WARNING: [RTGEN 206-101] Register 'p_ZL10H_filt_FIR_359' is power-on initialization.
WARNING: [RTGEN 206-101] Register 'p_ZL10H_filt_FIR_360' is power-on initialization.
WARNING: [RTGEN 206-101] Register 'p_ZL10H_filt_FIR_361' is power-on initialization.
WARNING: [RTGEN 206-101] Register 'p_ZL10H_filt_FIR_362' is power-on initialization.
WARNING: [RTGEN 206-101] Register 'p_ZL10H_filt_FIR_363' is power-on initialization.
WARNING: [RTGEN 206-101] Register 'p_ZL10H_filt_FIR_364' is power-on initialization.
WARNING: [RTGEN 206-101] Register 'p_ZL10H_filt_FIR_365' is power-on initialization.
WARNING: [RTGEN 206-101] Register 'p_ZL10H_filt_FIR_366' is power-on initialization.
WARNING: [RTGEN 206-101] Register 'p_ZL10H_filt_FIR_367' is power-on initialization.
WARNING: [RTGEN 206-101] Register 'p_ZL10H_filt_FIR_368' is power-on initialization.
WARNING: [RTGEN 206-101] Register 'p_ZL10H_filt_FIR_369' is power-on initialization.
WARNING: [RTGEN 206-101] Register 'p_ZL10H_filt_FIR_370' is power-on initialization.
WARNING: [RTGEN 206-101] Register 'p_ZL10H_filt_FIR_371' is power-on initialization.
WARNING: [RTGEN 206-101] Register 'p_ZL10H_filt_FIR_372' is power-on initialization.
WARNING: [RTGEN 206-101] Register 'p_ZL10H_filt_FIR_373' is power-on initialization.
WARNING: [RTGEN 206-101] Register 'p_ZL10H_filt_FIR_374' is power-on initialization.
WARNING: [RTGEN 206-101] Register 'p_ZL10H_filt_FIR_375' is power-on initialization.
WARNING: [RTGEN 206-101] Register 'p_ZL10H_filt_FIR_376' is power-on initialization.
WARNING: [RTGEN 206-101] Register 'p_ZL10H_filt_FIR_377' is power-on initialization.
WARNING: [RTGEN 206-101] Register 'p_ZL10H_filt_FIR_378' is power-on initialization.
WARNING: [RTGEN 206-101] Register 'p_ZL10H_filt_FIR_379' is power-on initialization.
WARNING: [RTGEN 206-101] Register 'p_ZL10H_filt_FIR_380' is power-on initialization.
WARNING: [RTGEN 206-101] Register 'p_ZL10H_filt_FIR_381' is power-on initialization.
WARNING: [RTGEN 206-101] Register 'p_ZL10H_filt_FIR_382' is power-on initialization.
WARNING: [RTGEN 206-101] Register 'p_ZL10H_filt_FIR_383' is power-on initialization.
WARNING: [RTGEN 206-101] Register 'p_ZL10H_filt_FIR_384' is power-on initialization.
WARNING: [RTGEN 206-101] Register 'p_ZL10H_filt_FIR_385' is power-on initialization.
WARNING: [RTGEN 206-101] Register 'p_ZL10H_filt_FIR_386' is power-on initialization.
WARNING: [RTGEN 206-101] Register 'p_ZL10H_filt_FIR_387' is power-on initialization.
WARNING: [RTGEN 206-101] Register 'p_ZL10H_filt_FIR_388' is power-on initialization.
WARNING: [RTGEN 206-101] Register 'p_ZL10H_filt_FIR_389' is power-on initialization.
WARNING: [RTGEN 206-101] Register 'p_ZL10H_filt_FIR_390' is power-on initialization.
INFO: [RTGEN 206-104] Estimated max fanout for 'HLS_FIR' is 6273 from HDL expression: (1'b1 == ap_CS_fsm_state1)
INFO: [RTGEN 206-100] Finished creating RTL model for 'HLS_FIR'.
INFO: [HLS 200-111] Finished Creating RTL model: CPU user time: 3 seconds. CPU system time: 2 seconds. Elapsed time: 18.611 seconds; current allocated memory: 466.863 MB.
INFO: [HLS 200-111] Finished Generating all RTL models: CPU user time: 1 seconds. CPU system time: 0 seconds. Elapsed time: 1.021 seconds; current allocated memory: 477.934 MB.
INFO: [HLS 200-111] Finished Updating report files: CPU user time: 0 seconds. CPU system time: 0 seconds. Elapsed time: 0.792 seconds; current allocated memory: 480.578 MB.
INFO: [VHDL 208-304] Generating VHDL RTL for HLS_FIR.
INFO: [VLOG 209-307] Generating Verilog RTL for HLS_FIR.
INFO: [HLS 200-790] **** Loop Constraint Status: All loop constraints were satisfied.
INFO: [HLS 200-789] **** Estimated Fmax: 362.73 MHz
INFO: [HLS 200-112] Total CPU user time: 24 seconds. Total CPU system time: 4 seconds. Total elapsed time: 79.303 seconds; peak allocated memory: 481.430 MB.
INFO: [v++ 60-791] Total elapsed time: 0h 1m 24s
