  **** HLS Build v2024.2 5238294
INFO: [HLS 200-2005] Using work_dir C:/HLS-multirate-DSP/HLS/HLS_FIR_1/HLS_FIR_1 
INFO: [HLS 200-1505] Using default flow_target 'vivado'
Resolution: For help on HLS 200-1505 see docs.xilinx.com/access/sources/dita/topic?Doc_Version=2024.2%20English&url=ug1448-hls-guidance&resourceid=200-1505.html
INFO: [HLS 200-1465] Applying ini 'syn.file=HLS_FIR.cpp' from C:/HLS-multirate-DSP/HLS/HLS_FIR_1/hls_config.cfg(8)
INFO: [HLS 200-10] Adding design file 'C:/HLS-multirate-DSP/HLS/HLS_FIR_1/HLS_FIR.cpp' to the project
INFO: [HLS 200-1465] Applying ini 'syn.file=HLS_FIR.h' from C:/HLS-multirate-DSP/HLS/HLS_FIR_1/hls_config.cfg(9)
INFO: [HLS 200-10] Adding design file 'C:/HLS-multirate-DSP/HLS/HLS_FIR_1/HLS_FIR.h' to the project
INFO: [HLS 200-1465] Applying ini 'syn.file=FIR_normal_DSP.h' from C:/HLS-multirate-DSP/HLS/HLS_FIR_1/hls_config.cfg(10)
INFO: [HLS 200-10] Adding design file 'C:/HLS-multirate-DSP/HLS/HLS_FIR_1/FIR_normal_DSP.h' to the project
INFO: [HLS 200-1465] Applying ini 'tb.file=HLS_FIR_TB.cpp' from C:/HLS-multirate-DSP/HLS/HLS_FIR_1/hls_config.cfg(13)
INFO: [HLS 200-10] Adding test bench file 'C:/HLS-multirate-DSP/HLS/HLS_FIR_1/HLS_FIR_TB.cpp' to the project
INFO: [HLS 200-1465] Applying ini 'tb.file=stimulus_01.dat' from C:/HLS-multirate-DSP/HLS/HLS_FIR_1/hls_config.cfg(14)
INFO: [HLS 200-10] Adding test bench file 'C:/HLS-multirate-DSP/HLS/HLS_FIR_1/stimulus_01.dat' to the project
INFO: [HLS 200-1465] Applying ini 'tb.file=stimulus_01.res' from C:/HLS-multirate-DSP/HLS/HLS_FIR_1/hls_config.cfg(15)
INFO: [HLS 200-10] Adding test bench file 'C:/HLS-multirate-DSP/HLS/HLS_FIR_1/stimulus_01.res' to the project
INFO: [HLS 200-1465] Applying ini 'syn.top=HLS_FIR' from C:/HLS-multirate-DSP/HLS/HLS_FIR_1/hls_config.cfg(7)
INFO: [HLS 200-1465] Applying ini 'flow_target=vivado' from C:/HLS-multirate-DSP/HLS/HLS_FIR_1/hls_config.cfg(4)
INFO: [HLS 200-1505] Using flow_target 'vivado'
Resolution: For help on HLS 200-1505 see docs.xilinx.com/access/sources/dita/topic?Doc_Version=2024.2%20English&url=ug1448-hls-guidance&resourceid=200-1505.html
INFO: [HLS 200-1465] Applying ini 'part=xck26-sfvc784-2LV-c' from C:/HLS-multirate-DSP/HLS/HLS_FIR_1/hls_config.cfg(1)
INFO: [HLS 200-1611] Setting target device to 'xck26-sfvc784-2LV-c'
INFO: [HLS 200-1465] Applying ini 'cosim.trace_level=all' from C:/HLS-multirate-DSP/HLS/HLS_FIR_1/hls_config.cfg(11)
INFO: [HLS 200-1465] Applying ini 'cosim.wave_debug=1' from C:/HLS-multirate-DSP/HLS/HLS_FIR_1/hls_config.cfg(12)
INFO: [HLS 200-1465] Applying ini 'package.output.format=ip_catalog' from C:/HLS-multirate-DSP/HLS/HLS_FIR_1/hls_config.cfg(5)
INFO: [SIM 211-2] *************** CSIM start ***************
INFO: [SIM 211-4] CSIM will launch CLANG as the compiler.
INFO: [HLS 200-2036] Building debug C Simulation binaries
   Compiling ../../../../HLS_FIR.cpp in debug mode
   Generating csim.exe
INFO: Reading stimulus_01.dat
INFO: Read 460 samples from stimulus_01.dat
INFO: Reading stimulus_01.res
INFO: Read 460 samples from stimulus_01.res
INFO: Input and reference data lengths match.
Mismatch at sample    1: ref=   -17, dut=     0
Mismatch at sample    2: ref=   -29, dut=     0
Mismatch at sample    3: ref=   -34, dut=     0
Mismatch at sample    4: ref=   -34, dut=     0
Mismatch at sample    5: ref=   -28, dut=     0
Mismatch at sample    6: ref=   -17, dut=     0
Mismatch at sample    8: ref=    17, dut=     0
Mismatch at sample    9: ref=    38, dut=     0
Mismatch at sample   10: ref=    60, dut=     0
Mismatch at sample   11: ref=    81, dut=     0
Mismatch at sample   12: ref=   101, dut=     0
Mismatch at sample   13: ref=   118, dut=     0
Mismatch at sample   14: ref=   132, dut=     0
Mismatch at sample   15: ref=   141, dut=     0
Mismatch at sample   16: ref=   147, dut=     0
Mismatch at sample   17: ref=   149, dut=     0
Mismatch at sample   18: ref=   150, dut=     0
Mismatch at sample   19: ref=   148, dut=     0
Mismatch at sample   20: ref=   147, dut=     0
Mismatch at sample   21: ref=   145, dut=     0
Mismatch at sample   22: ref=   144, dut=     0
Mismatch at sample   23: ref=   144, dut=     0
Mismatch at sample   24: ref=   143, dut=     0
Mismatch at sample   25: ref=   141, dut=     0
Mismatch at sample   26: ref=   137, dut=     0
Mismatch at sample   27: ref=   129, dut=     0
Mismatch at sample   28: ref=   117, dut=     0
Mismatch at sample   29: ref=   101, dut=     0
Mismatch at sample   30: ref=    79, dut=     0
Mismatch at sample   31: ref=    54, dut=     0
Mismatch at sample   32: ref=    26, dut=     0
Mismatch at sample   34: ref=   -33, dut=     0
Mismatch at sample   35: ref=   -60, dut=     0
Mismatch at sample   36: ref=   -83, dut=     0
Mismatch at sample   37: ref=  -101, dut=     0
Mismatch at sample   38: ref=  -114, dut=     0
Mismatch at sample   39: ref=  -122, dut=     0
Mismatch at sample   40: ref=  -127, dut=     0
Mismatch at sample   41: ref=  -128, dut=     0
Mismatch at sample   42: ref=  -128, dut=     0
Mismatch at sample   43: ref=  -129, dut=     0
Mismatch at sample   44: ref=  -130, dut=     0
Mismatch at sample   45: ref=  -134, dut=     0
Mismatch at sample   46: ref=  -140, dut=     0
Mismatch at sample   47: ref=  -147, dut=     0
Mismatch at sample   48: ref=  -154, dut=     0
Mismatch at sample   49: ref=  -159, dut=     0
Mismatch at sample   50: ref=  -160, dut=     0
Mismatch at sample   51: ref=  -155, dut=     0
Mismatch at sample   52: ref=  -143, dut=     0
Mismatch at sample   53: ref=  -125, dut=     0
Mismatch at sample   54: ref=  -100, dut=     0
Mismatch at sample   55: ref=   -70, dut=     0
Mismatch at sample   56: ref=   -37, dut=     0
Mismatch at sample   58: ref=    28, dut=     0
Mismatch at sample   59: ref=    55, dut=     0
Mismatch at sample   60: ref=    76, dut=     0
Mismatch at sample   61: ref=    91, dut=     0
Mismatch at sample   62: ref=    99, dut=     0
Mismatch at sample   63: ref=   102, dut=     0
Mismatch at sample   64: ref=   102, dut=     0
Mismatch at sample   65: ref=   101, dut=     0
Mismatch at sample   66: ref=   101, dut=     0
Mismatch at sample   67: ref=   104, dut=     0
Mismatch at sample   68: ref=   112, dut=     0
Mismatch at sample   69: ref=   124, dut=     0
Mismatch at sample   70: ref=   139, dut=     0
Mismatch at sample   71: ref=   156, dut=     0
Mismatch at sample   72: ref=   171, dut=     0
Mismatch at sample   73: ref=   183, dut=     0
Mismatch at sample   74: ref=   187, dut=     0
Mismatch at sample   75: ref=   183, dut=     0
Mismatch at sample   76: ref=   169, dut=     0
Mismatch at sample   77: ref=   146, dut=     0
Mismatch at sample   78: ref=   115, dut=     0
Mismatch at sample   79: ref=    78, dut=     0
Mismatch at sample   80: ref=    40, dut=     0
Mismatch at sample   82: ref=   -28, dut=     0
Mismatch at sample   83: ref=   -53, dut=     0
Mismatch at sample   84: ref=   -68, dut=     0
Mismatch at sample   85: ref=   -75, dut=     0
Mismatch at sample   86: ref=   -75, dut=     0
Mismatch at sample   87: ref=   -70, dut=     0
Mismatch at sample   88: ref=   -65, dut=     0
Mismatch at sample   89: ref=   -62, dut=     0
Mismatch at sample   90: ref=   -64, dut=     0
Mismatch at sample   91: ref=   -74, dut=     0
Mismatch at sample   92: ref=   -92, dut=     0
Mismatch at sample   93: ref=  -116, dut=     0
Mismatch at sample   94: ref=  -144, dut=     0
Mismatch at sample   95: ref=  -173, dut=     0
Mismatch at sample   96: ref=  -198, dut=     0
Mismatch at sample   97: ref=  -215, dut=     0
Mismatch at sample   98: ref=  -221, dut=     0
Mismatch at sample   99: ref=  -214, dut=     0
Mismatch at sample  100: ref=  -193, dut=     0
Mismatch at sample  101: ref=  -160, dut=     0
Mismatch at sample  102: ref=  -119, dut=     0
Mismatch at sample  103: ref=   -74, dut=     0
Mismatch at sample  104: ref=   -30, dut=     0
Mismatch at sample  105: ref=     9, dut=     0
Mismatch at sample  106: ref=    37, dut=     0
Mismatch at sample  107: ref=    54, dut=     0
Mismatch at sample  108: ref=    58, dut=     0
Mismatch at sample  109: ref=    52, dut=     0
Mismatch at sample  110: ref=    40, dut=     0
Mismatch at sample  111: ref=    25, dut=     0
Mismatch at sample  112: ref=    15, dut=     0
Mismatch at sample  113: ref=    12, dut=     0
Mismatch at sample  114: ref=    21, dut=     0
Mismatch at sample  115: ref=    43, dut=     0
Mismatch at sample  116: ref=    76, dut=     0
Mismatch at sample  117: ref=   118, dut=     0
Mismatch at sample  118: ref=   164, dut=     0
Mismatch at sample  119: ref=   207, dut=     0
Mismatch at sample  120: ref=   241, dut=     0
Mismatch at sample  121: ref=   261, dut=     0
Mismatch at sample  122: ref=   262, dut=     0
Mismatch at sample  123: ref=   244, dut=     0
Mismatch at sample  124: ref=   208, dut=     0
Mismatch at sample  125: ref=   159, dut=     0
Mismatch at sample  126: ref=   103, dut=     0
Mismatch at sample  127: ref=    47, dut=     0
Mismatch at sample  129: ref=   -37, dut=     0
Mismatch at sample  130: ref=   -55, dut=     0
Mismatch at sample  131: ref=   -54, dut=     0
Mismatch at sample  132: ref=   -38, dut=     0
Mismatch at sample  133: ref=   -11, dut=     0
Mismatch at sample  134: ref=    20, dut=     0
Mismatch at sample  135: ref=    47, dut=     0
Mismatch at sample  136: ref=    62, dut=     0
Mismatch at sample  137: ref=    59, dut=     0
Mismatch at sample  138: ref=    35, dut=     0
Mismatch at sample  139: ref=    -9, dut=     0
Mismatch at sample  140: ref=   -69, dut=     0
Mismatch at sample  141: ref=  -139, dut=     0
Mismatch at sample  142: ref=  -209, dut=     0
Mismatch at sample  143: ref=  -268, dut=     0
Mismatch at sample  144: ref=  -309, dut=     0
Mismatch at sample  145: ref=  -323, dut=     0
Mismatch at sample  146: ref=  -308, dut=     0
Mismatch at sample  147: ref=  -265, dut=     0
Mismatch at sample  148: ref=  -200, dut=     0
Mismatch at sample  149: ref=  -122, dut=     0
Mismatch at sample  150: ref=   -42, dut=     0
Mismatch at sample  151: ref=    28, dut=     0
Mismatch at sample  152: ref=    78, dut=     0
Mismatch at sample  153: ref=    99, dut=     0
Mismatch at sample  154: ref=    90, dut=     0
Mismatch at sample  155: ref=    52, dut=     0
Mismatch at sample  156: ref=    -6, dut=     0
Mismatch at sample  157: ref=   -73, dut=     0
Mismatch at sample  158: ref=  -136, dut=     0
Mismatch at sample  159: ref=  -181, dut=     0
Mismatch at sample  160: ref=  -195, dut=     0
Mismatch at sample  161: ref=  -172, dut=     0
Mismatch at sample  162: ref=  -110, dut=     0
Mismatch at sample  163: ref=   -15, dut=     0
Mismatch at sample  164: ref=   103, dut=     0
Mismatch at sample  165: ref=   228, dut=     0
Mismatch at sample  166: ref=   340, dut=     0
Mismatch at sample  167: ref=   422, dut=     0
Mismatch at sample  168: ref=   459, dut=     0
Mismatch at sample  169: ref=   443, dut=     0
Mismatch at sample  170: ref=   374, dut=     0
Mismatch at sample  171: ref=   259, dut=     0
Mismatch at sample  172: ref=   114, dut=     0
Mismatch at sample  173: ref=   -38, dut=     0
Mismatch at sample  174: ref=  -172, dut=     0
Mismatch at sample  175: ref=  -264, dut=     0
Mismatch at sample  176: ref=  -295, dut=     0
Mismatch at sample  177: ref=  -256, dut=     0
Mismatch at sample  178: ref=  -146, dut=     0
Mismatch at sample  179: ref=    19, dut=     0
Mismatch at sample  180: ref=   214, dut=     0
Mismatch at sample  181: ref=   406, dut=     0
Mismatch at sample  182: ref=   556, dut=     0
Mismatch at sample  183: ref=   628, dut=     0
Mismatch at sample  184: ref=   592, dut=     0
Mismatch at sample  185: ref=   433, dut=     0
Mismatch at sample  186: ref=   157, dut=     0
Mismatch at sample  187: ref=  -212, dut=     0
Mismatch at sample  188: ref=  -623, dut=     0
Mismatch at sample  189: ref= -1006, dut=     0
Mismatch at sample  190: ref= -1277, dut=     0
Mismatch at sample  191: ref= -1339, dut=     0
Mismatch at sample  192: ref= -1098, dut=     0
Mismatch at sample  193: ref=  -472, dut=     0
Mismatch at sample  194: ref=   606, dut=     0
Mismatch at sample  195: ref=  2172, dut=     0
Mismatch at sample  196: ref=  4229, dut=     0
Mismatch at sample  197: ref=  6746, dut=     0
Mismatch at sample  198: ref=  9655, dut=     0
Mismatch at sample  199: ref= 12854, dut=     0
Mismatch at sample  200: ref= 16220, dut=     0
Mismatch at sample  201: ref= 19612, dut=     0
Mismatch at sample  202: ref= 22882, dut=     0
Mismatch at sample  203: ref= 25889, dut=     0
Mismatch at sample  204: ref= 28505, dut=     0
Mismatch at sample  205: ref= 30626, dut=     0
Mismatch at sample  206: ref= 32174, dut=     0
Mismatch at sample  207: ref=-32433, dut=     0
Mismatch at sample  208: ref=-32138, dut=     0
Mismatch at sample  209: ref=-32468, dut=     0
Mismatch at sample  210: ref= 32147, dut=     0
Mismatch at sample  211: ref= 30683, dut=     0
Mismatch at sample  212: ref= 28735, dut=     0
Mismatch at sample  213: ref= 26365, dut=     0
Mismatch at sample  214: ref= 23633, dut=     0
Mismatch at sample  215: ref= 20593, dut=     0
Mismatch at sample  216: ref= 17295, dut=     0
Mismatch at sample  217: ref= 13781, dut=     0
Mismatch at sample  218: ref= 10088, dut=     0
Mismatch at sample  219: ref=  6254, dut=     0
Mismatch at sample  220: ref=  2316, dut=     0
Mismatch at sample  221: ref= -1684, dut=     0
Mismatch at sample  222: ref= -5697, dut=     0
Mismatch at sample  223: ref= -9667, dut=     0
Mismatch at sample  224: ref=-13531, dut=     0
Mismatch at sample  225: ref=-17219, dut=     0
Mismatch at sample  226: ref=-20661, dut=     0
Mismatch at sample  227: ref=-23785, dut=     0
Mismatch at sample  228: ref=-26526, dut=     0
Mismatch at sample  229: ref=-28827, dut=     0
Mismatch at sample  230: ref=-30641, dut=     0
Mismatch at sample  231: ref=-31936, dut=     0
Mismatch at sample  232: ref=-32692, dut=     0
Mismatch at sample  233: ref= 32630, dut=     0
Mismatch at sample  234: ref=-32585, dut=     0
Mismatch at sample  235: ref=-31746, dut=     0
Mismatch at sample  236: ref=-30416, dut=     0
Mismatch at sample  237: ref=-28627, dut=     0
Mismatch at sample  238: ref=-26412, dut=     0
Mismatch at sample  239: ref=-23811, dut=     0
Mismatch at sample  240: ref=-20860, dut=     0
Mismatch at sample  241: ref=-17601, dut=     0
Mismatch at sample  242: ref=-14075, dut=     0
Mismatch at sample  243: ref=-10327, dut=     0
Mismatch at sample  244: ref= -6406, dut=     0
Mismatch at sample  245: ref= -2366, dut=     0
Mismatch at sample  246: ref=  1735, dut=     0
Mismatch at sample  247: ref=  5832, dut=     0
Mismatch at sample  248: ref=  9858, dut=     0
Mismatch at sample  249: ref= 13744, dut=     0
Mismatch at sample  250: ref= 17420, dut=     0
Mismatch at sample  251: ref= 20819, dut=     0
Mismatch at sample  252: ref= 23879, dut=     0
Mismatch at sample  253: ref= 26547, dut=     0
Mismatch at sample  254: ref= 28776, dut=     0
Mismatch at sample  255: ref= 30531, dut=     0
Mismatch at sample  256: ref= 31787, dut=     0
Mismatch at sample  257: ref= 32532, dut=     0
Mismatch at sample  258: ref= 32759, dut=     0
Mismatch at sample  259: ref= 32473, dut=     0
Mismatch at sample  260: ref= 31686, dut=     0
Mismatch at sample  261: ref= 30414, dut=     0
Mismatch at sample  262: ref= 28680, dut=     0
Mismatch at sample  263: ref= 26510, dut=     0
Mismatch at sample  264: ref= 23935, dut=     0
Mismatch at sample  265: ref= 20992, dut=     0
Mismatch at sample  266: ref= 17718, dut=     0
Mismatch at sample  267: ref= 14161, dut=     0
Mismatch at sample  268: ref= 10370, dut=     0
Mismatch at sample  269: ref=  6402, dut=     0
Mismatch at sample  270: ref=  2318, dut=     0
Mismatch at sample  271: ref= -1817, dut=     0
Mismatch at sample  272: ref= -5933, dut=     0
Mismatch at sample  273: ref= -9962, dut=     0
Mismatch at sample  274: ref=-13834, dut=     0
Mismatch at sample  275: ref=-17483, dut=     0
Mismatch at sample  276: ref=-20846, dut=     0
Mismatch at sample  277: ref=-23867, dut=     0
Mismatch at sample  278: ref=-26500, dut=     0
Mismatch at sample  279: ref=-28702, dut=     0
Mismatch at sample  280: ref=-30444, dut=     0
Mismatch at sample  281: ref=-31701, dut=     0
Mismatch at sample  282: ref=-32460, dut=     0
Mismatch at sample  283: ref=-32712, dut=     0
Mismatch at sample  284: ref=-32458, dut=     0
Mismatch at sample  285: ref=-31703, dut=     0
Mismatch at sample  286: ref=-30460, dut=     0
Mismatch at sample  287: ref=-28746, dut=     0
Mismatch at sample  288: ref=-26585, dut=     0
Mismatch at sample  289: ref=-24007, dut=     0
Mismatch at sample  290: ref=-21049, dut=     0
Mismatch at sample  291: ref=-17752, dut=     0
Mismatch at sample  292: ref=-14166, dut=     0
Mismatch at sample  293: ref=-10348, dut=     0
Mismatch at sample  294: ref= -6356, dut=     0
Mismatch at sample  295: ref= -2256, dut=     0
Mismatch at sample  296: ref=  1885, dut=     0
Mismatch at sample  297: ref=  5996, dut=     0
Mismatch at sample  298: ref= 10011, dut=     0
Mismatch at sample  299: ref= 13861, dut=     0
Mismatch at sample  300: ref= 17485, dut=     0
Mismatch at sample  301: ref= 20824, dut=     0
Mismatch at sample  302: ref= 23826, dut=     0
Mismatch at sample  303: ref= 26447, dut=     0
Mismatch at sample  304: ref= 28646, dut=     0
Mismatch at sample  305: ref= 30394, dut=     0
Mismatch at sample  306: ref= 31666, dut=     0
Mismatch at sample  307: ref= 32444, dut=     0
Mismatch at sample  308: ref= 32717, dut=     0
Mismatch at sample  309: ref= 32483, dut=     0
Mismatch at sample  310: ref= 31744, dut=     0
Mismatch at sample  311: ref= 30509, dut=     0
Mismatch at sample  312: ref= 28795, dut=     0
Mismatch at sample  313: ref= 26627, dut=     0
Mismatch at sample  314: ref= 24035, dut=     0
Mismatch at sample  315: ref= 21058, dut=     0
Mismatch at sample  316: ref= 17742, dut=     0
Mismatch at sample  317: ref= 14140, dut=     0
Mismatch at sample  318: ref= 10309, dut=     0
Mismatch at sample  319: ref=  6312, dut=     0
Mismatch at sample  320: ref=  2213, dut=     0
Mismatch at sample  321: ref= -1919, dut=     0
Mismatch at sample  322: ref= -6017, dut=     0
Mismatch at sample  323: ref=-10015, dut=     0
Mismatch at sample  324: ref=-13849, dut=     0
Mismatch at sample  325: ref=-17458, dut=     0
Mismatch at sample  326: ref=-20788, dut=     0
Mismatch at sample  327: ref=-23786, dut=     0
Mismatch at sample  328: ref=-26410, dut=     0
Mismatch at sample  329: ref=-28618, dut=     0
Mismatch at sample  330: ref=-30378, dut=     0
Mismatch at sample  331: ref=-31664, dut=     0
Mismatch at sample  332: ref=-32457, dut=     0
Mismatch at sample  333: ref=-32742, dut=     0
Mismatch at sample  334: ref=-32515, dut=     0
Mismatch at sample  335: ref=-31778, dut=     0
Mismatch at sample  336: ref=-30539, dut=     0
Mismatch at sample  337: ref=-28817, dut=     0
Mismatch at sample  338: ref=-26637, dut=     0
Mismatch at sample  339: ref=-24032, dut=     0
Mismatch at sample  340: ref=-21043, dut=     0
Mismatch at sample  341: ref=-17719, dut=     0
Mismatch at sample  342: ref=-14112, dut=     0
Mismatch at sample  343: ref=-10281, dut=     0
Mismatch at sample  344: ref= -6288, dut=     0
Mismatch at sample  345: ref= -2198, dut=     0
Mismatch at sample  346: ref=  1923, dut=     0
Mismatch at sample  347: ref=  6010, dut=     0
Mismatch at sample  348: ref=  9998, dut=     0
Mismatch at sample  349: ref= 13825, dut=     0
Mismatch at sample  350: ref= 17431, dut=     0
Mismatch at sample  351: ref= 20762, dut=     0
Mismatch at sample  352: ref= 23766, dut=     0
Mismatch at sample  353: ref= 26397, dut=     0
Mismatch at sample  354: ref= 28615, dut=     0
Mismatch at sample  355: ref= 30386, dut=     0
Mismatch at sample  356: ref= 31681, dut=     0
Mismatch at sample  357: ref= 32479, dut=     0
Mismatch at sample  358: ref= 32766, dut=     0
Mismatch at sample  359: ref= 32537, dut=     0
Mismatch at sample  360: ref= 31795, dut=     0
Mismatch at sample  361: ref= 30548, dut=     0
Mismatch at sample  362: ref= 28817, dut=     0
Mismatch at sample  363: ref= 26629, dut=     0
Mismatch at sample  364: ref= 24017, dut=     0
Mismatch at sample  365: ref= 21025, dut=     0
Mismatch at sample  366: ref= 17700, dut=     0
Mismatch at sample  367: ref= 14096, dut=     0
Mismatch at sample  368: ref= 10270, dut=     0
Mismatch at sample  369: ref=  6285, dut=     0
Mismatch at sample  370: ref=  2203, dut=     0
Mismatch at sample  371: ref= -1911, dut=     0
Mismatch at sample  372: ref= -5992, dut=     0
Mismatch at sample  373: ref= -9977, dut=     0
Mismatch at sample  374: ref=-13803, dut=     0
Mismatch at sample  375: ref=-17412, dut=     0
Mismatch at sample  376: ref=-20747, dut=     0
Mismatch at sample  377: ref=-23757, dut=     0
Mismatch at sample  378: ref=-26393, dut=     0
Mismatch at sample  379: ref=-28615, dut=     0
Mismatch at sample  380: ref=-30387, dut=     0
Mismatch at sample  381: ref=-31681, dut=     0
Mismatch at sample  382: ref=-32474, dut=     0
Mismatch at sample  383: ref=-32753, dut=     0
Mismatch at sample  384: ref=-32514, dut=     0
Mismatch at sample  385: ref=-31758, dut=     0
Mismatch at sample  386: ref=-30497, dut=     0
Mismatch at sample  387: ref=-28750, dut=     0
Mismatch at sample  388: ref=-26546, dut=     0
Mismatch at sample  389: ref=-23917, dut=     0
Mismatch at sample  390: ref=-20906, dut=     0
Mismatch at sample  391: ref=-17559, dut=     0
Mismatch at sample  392: ref=-13953, dut=     0
Mismatch at sample  393: ref=-10127, dut=     0
Mismatch at sample  394: ref= -6140, dut=     0
Mismatch at sample  395: ref= -2058, dut=     0
Mismatch at sample  396: ref=  2058, dut=     0
Mismatch at sample  397: ref=  6140, dut=     0
Mismatch at sample  398: ref= 10127, dut=     0
Mismatch at sample  399: ref= 13953, dut=     0
Mismatch at sample  400: ref= 17559, dut=     0
Mismatch at sample  401: ref= 20888, dut=     0
Mismatch at sample  402: ref= 23888, dut=     0
Mismatch at sample  403: ref= 26512, dut=     0
Mismatch at sample  404: ref= 28717, dut=     0
Mismatch at sample  405: ref= 30469, dut=     0
Mismatch at sample  406: ref= 31741, dut=     0
Mismatch at sample  407: ref= 32512, dut=     0
Mismatch at sample  408: ref=-32766, dut=     0
Mismatch at sample  409: ref= 32512, dut=     0
Mismatch at sample  410: ref= 31741, dut=     0
Mismatch at sample  411: ref= 30469, dut=     0
Mismatch at sample  412: ref= 28717, dut=     0
Mismatch at sample  413: ref= 26512, dut=     0
Mismatch at sample  414: ref= 23888, dut=     0
Mismatch at sample  415: ref= 20888, dut=     0
Mismatch at sample  416: ref= 17559, dut=     0
Mismatch at sample  417: ref= 13953, dut=     0
Mismatch at sample  418: ref= 10127, dut=     0
Mismatch at sample  419: ref=  6140, dut=     0
Mismatch at sample  420: ref=  2058, dut=     0
Mismatch at sample  421: ref= -2058, dut=     0
Mismatch at sample  422: ref= -6140, dut=     0
Mismatch at sample  423: ref=-10127, dut=     0
Mismatch at sample  424: ref=-13953, dut=     0
Mismatch at sample  425: ref=-17559, dut=     0
Mismatch at sample  426: ref=-20888, dut=     0
Mismatch at sample  427: ref=-23888, dut=     0
Mismatch at sample  428: ref=-26512, dut=     0
Mismatch at sample  429: ref=-28717, dut=     0
Mismatch at sample  430: ref=-30469, dut=     0
Mismatch at sample  431: ref=-31741, dut=     0
Mismatch at sample  432: ref=-32512, dut=     0
Mismatch at sample  433: ref= 32766, dut=     0
Mismatch at sample  434: ref=-32512, dut=     0
Mismatch at sample  435: ref=-31741, dut=     0
Mismatch at sample  436: ref=-30469, dut=     0
Mismatch at sample  437: ref=-28717, dut=     0
Mismatch at sample  438: ref=-26512, dut=     0
Mismatch at sample  439: ref=-23888, dut=     0
Mismatch at sample  440: ref=-20888, dut=     0
Mismatch at sample  441: ref=-17559, dut=     0
Mismatch at sample  442: ref=-13953, dut=     0
Mismatch at sample  443: ref=-10127, dut=     0
Mismatch at sample  444: ref= -6140, dut=     0
Mismatch at sample  445: ref= -2058, dut=     0
Mismatch at sample  446: ref=  2058, dut=     0
Mismatch at sample  447: ref=  6140, dut=     0
Mismatch at sample  448: ref= 10127, dut=     0
Mismatch at sample  449: ref= 13953, dut=     0
Mismatch at sample  450: ref= 17559, dut=     0
Mismatch at sample  451: ref= 20888, dut=     0
Mismatch at sample  452: ref= 23888, dut=     0
Mismatch at sample  453: ref= 26512, dut=     0
Mismatch at sample  454: ref= 28717, dut=     0
Mismatch at sample  455: ref= 30469, dut=     0
Mismatch at sample  456: ref= 31741, dut=     0
Mismatch at sample  457: ref= 32512, dut=     0
Mismatch at sample  458: ref=-32766, dut=     0
Mismatch at sample  459: ref= 32512, dut=     0
---------------------------------------
Testbench Results
Samples processed : 460
Mismatches        : 454
Status: FAIL [!!] (454 samples out of tolerance)
---------------------------------------
INFO [HLS SIM]: The maximum depth reached by any hls::stream() instance in the design is 460
WARNING [HLS SIM]: hls::stream 'hls::stream<short, 0>0' contains leftover data, which may result in RTL simulation hanging.
INFO: [SIM 211-1] CSim done with 0 errors.
INFO: [SIM 211-3] *************** CSIM finish ***************
INFO: [HLS 200-112] Total CPU user time: 6 seconds. Total CPU system time: 2 seconds. Total elapsed time: 11.363 seconds; peak allocated memory: 273.863 MB.
INFO: [vitis-run 60-791] Total elapsed time: 0h 0m 18s
